<?xml version="1.0" encoding="UTF-8"?>
<testsuite xmlns:xsi="http://www.w3.org/2001/XMLSchema-instance" xsi:noNamespaceSchemaLocation="https://maven.apache.org/surefire/maven-surefire-plugin/xsd/surefire-test-report.xsd" version="3.0.2" name="TestSuite" time="5291.253" tests="8" errors="0" skipped="3" failures="2">
  <properties>
    <property name="java.specification.version" value="21"/>
    <property name="webdriver.chrome.driver" value="/Users/anhlan/.cache/selenium/chromedriver/mac-arm64/130.0.6723.91/chromedriver"/>
    <property name="sun.jnu.encoding" value="UTF-8"/>
    <property name="java.class.path" value="/Users/anhlan/IdeaProjects/SeleniumFrameworkDesign/target/test-classes:/Users/anhlan/IdeaProjects/SeleniumFrameworkDesign/target/classes:/Users/anhlan/.m2/repository/org/seleniumhq/selenium/selenium-java/4.25.0/selenium-java-4.25.0.jar:/Users/anhlan/.m2/repository/org/seleniumhq/selenium/selenium-api/4.25.0/selenium-api-4.25.0.jar:/Users/anhlan/.m2/repository/org/jspecify/jspecify/1.0.0/jspecify-1.0.0.jar:/Users/anhlan/.m2/repository/org/seleniumhq/selenium/selenium-chrome-driver/4.25.0/selenium-chrome-driver-4.25.0.jar:/Users/anhlan/.m2/repository/com/google/auto/service/auto-service-annotations/1.1.1/auto-service-annotations-1.1.1.jar:/Users/anhlan/.m2/repository/org/seleniumhq/selenium/selenium-chromium-driver/4.25.0/selenium-chromium-driver-4.25.0.jar:/Users/anhlan/.m2/repository/org/seleniumhq/selenium/selenium-json/4.25.0/selenium-json-4.25.0.jar:/Users/anhlan/.m2/repository/org/seleniumhq/selenium/selenium-manager/4.25.0/selenium-manager-4.25.0.jar:/Users/anhlan/.m2/repository/org/seleniumhq/selenium/selenium-devtools-v127/4.25.0/selenium-devtools-v127-4.25.0.jar:/Users/anhlan/.m2/repository/org/seleniumhq/selenium/selenium-devtools-v128/4.25.0/selenium-devtools-v128-4.25.0.jar:/Users/anhlan/.m2/repository/org/seleniumhq/selenium/selenium-devtools-v129/4.25.0/selenium-devtools-v129-4.25.0.jar:/Users/anhlan/.m2/repository/org/seleniumhq/selenium/selenium-devtools-v85/4.25.0/selenium-devtools-v85-4.25.0.jar:/Users/anhlan/.m2/repository/org/seleniumhq/selenium/selenium-edge-driver/4.25.0/selenium-edge-driver-4.25.0.jar:/Users/anhlan/.m2/repository/org/seleniumhq/selenium/selenium-firefox-driver/4.25.0/selenium-firefox-driver-4.25.0.jar:/Users/anhlan/.m2/repository/org/seleniumhq/selenium/selenium-http/4.25.0/selenium-http-4.25.0.jar:/Users/anhlan/.m2/repository/dev/failsafe/failsafe/3.3.2/failsafe-3.3.2.jar:/Users/anhlan/.m2/repository/org/seleniumhq/selenium/selenium-ie-driver/4.25.0/selenium-ie-driver-4.25.0.jar:/Users/anhlan/.m2/repository/org/seleniumhq/selenium/selenium-remote-driver/4.25.0/selenium-remote-driver-4.25.0.jar:/Users/anhlan/.m2/repository/com/google/guava/guava/33.3.0-jre/guava-33.3.0-jre.jar:/Users/anhlan/.m2/repository/com/google/guava/failureaccess/1.0.2/failureaccess-1.0.2.jar:/Users/anhlan/.m2/repository/com/google/guava/listenablefuture/9999.0-empty-to-avoid-conflict-with-guava/listenablefuture-9999.0-empty-to-avoid-conflict-with-guava.jar:/Users/anhlan/.m2/repository/com/google/code/findbugs/jsr305/3.0.2/jsr305-3.0.2.jar:/Users/anhlan/.m2/repository/org/checkerframework/checker-qual/3.43.0/checker-qual-3.43.0.jar:/Users/anhlan/.m2/repository/com/google/j2objc/j2objc-annotations/3.0.0/j2objc-annotations-3.0.0.jar:/Users/anhlan/.m2/repository/io/opentelemetry/semconv/opentelemetry-semconv/1.25.0-alpha/opentelemetry-semconv-1.25.0-alpha.jar:/Users/anhlan/.m2/repository/io/opentelemetry/opentelemetry-api/1.42.1/opentelemetry-api-1.42.1.jar:/Users/anhlan/.m2/repository/io/opentelemetry/opentelemetry-context/1.42.1/opentelemetry-context-1.42.1.jar:/Users/anhlan/.m2/repository/io/opentelemetry/opentelemetry-exporter-logging/1.42.1/opentelemetry-exporter-logging-1.42.1.jar:/Users/anhlan/.m2/repository/io/opentelemetry/opentelemetry-sdk-common/1.42.1/opentelemetry-sdk-common-1.42.1.jar:/Users/anhlan/.m2/repository/io/opentelemetry/opentelemetry-sdk-extension-autoconfigure-spi/1.42.1/opentelemetry-sdk-extension-autoconfigure-spi-1.42.1.jar:/Users/anhlan/.m2/repository/io/opentelemetry/opentelemetry-sdk-extension-autoconfigure/1.42.1/opentelemetry-sdk-extension-autoconfigure-1.42.1.jar:/Users/anhlan/.m2/repository/io/opentelemetry/opentelemetry-api-incubator/1.42.1-alpha/opentelemetry-api-incubator-1.42.1-alpha.jar:/Users/anhlan/.m2/repository/io/opentelemetry/opentelemetry-sdk-trace/1.42.1/opentelemetry-sdk-trace-1.42.1.jar:/Users/anhlan/.m2/repository/io/opentelemetry/opentelemetry-sdk/1.42.1/opentelemetry-sdk-1.42.1.jar:/Users/anhlan/.m2/repository/io/opentelemetry/opentelemetry-sdk-metrics/1.42.1/opentelemetry-sdk-metrics-1.42.1.jar:/Users/anhlan/.m2/repository/io/opentelemetry/opentelemetry-sdk-logs/1.42.1/opentelemetry-sdk-logs-1.42.1.jar:/Users/anhlan/.m2/repository/net/bytebuddy/byte-buddy/1.15.1/byte-buddy-1.15.1.jar:/Users/anhlan/.m2/repository/org/seleniumhq/selenium/selenium-os/4.25.0/selenium-os-4.25.0.jar:/Users/anhlan/.m2/repository/org/apache/commons/commons-exec/1.4.0/commons-exec-1.4.0.jar:/Users/anhlan/.m2/repository/org/seleniumhq/selenium/selenium-safari-driver/4.25.0/selenium-safari-driver-4.25.0.jar:/Users/anhlan/.m2/repository/org/seleniumhq/selenium/selenium-support/4.25.0/selenium-support-4.25.0.jar:/Users/anhlan/.m2/repository/org/testng/testng/7.10.2/testng-7.10.2.jar:/Users/anhlan/.m2/repository/org/slf4j/slf4j-api/1.7.36/slf4j-api-1.7.36.jar:/Users/anhlan/.m2/repository/com/beust/jcommander/1.82/jcommander-1.82.jar:/Users/anhlan/.m2/repository/org/webjars/jquery/3.7.1/jquery-3.7.1.jar:/Users/anhlan/.m2/repository/io/github/bonigarcia/webdrivermanager/5.9.2/webdrivermanager-5.9.2.jar:/Users/anhlan/.m2/repository/com/google/code/gson/gson/2.11.0/gson-2.11.0.jar:/Users/anhlan/.m2/repository/com/google/errorprone/error_prone_annotations/2.27.0/error_prone_annotations-2.27.0.jar:/Users/anhlan/.m2/repository/com/github/docker-java/docker-java/3.4.0/docker-java-3.4.0.jar:/Users/anhlan/.m2/repository/com/github/docker-java/docker-java-core/3.4.0/docker-java-core-3.4.0.jar:/Users/anhlan/.m2/repository/com/github/docker-java/docker-java-api/3.4.0/docker-java-api-3.4.0.jar:/Users/anhlan/.m2/repository/org/slf4j/jcl-over-slf4j/1.7.30/jcl-over-slf4j-1.7.30.jar:/Users/anhlan/.m2/repository/com/github/docker-java/docker-java-transport-httpclient5/3.4.0/docker-java-transport-httpclient5-3.4.0.jar:/Users/anhlan/.m2/repository/com/github/docker-java/docker-java-transport/3.4.0/docker-java-transport-3.4.0.jar:/Users/anhlan/.m2/repository/net/java/dev/jna/jna/5.13.0/jna-5.13.0.jar:/Users/anhlan/.m2/repository/org/brotli/dec/0.1.2/dec-0.1.2.jar:/Users/anhlan/.m2/repository/org/apache/commons/commons-lang3/3.15.0/commons-lang3-3.15.0.jar:/Users/anhlan/.m2/repository/org/apache/commons/commons-compress/1.26.2/commons-compress-1.26.2.jar:/Users/anhlan/.m2/repository/commons-codec/commons-codec/1.17.0/commons-codec-1.17.0.jar:/Users/anhlan/.m2/repository/commons-io/commons-io/2.16.1/commons-io-2.16.1.jar:/Users/anhlan/.m2/repository/org/apache/httpcomponents/client5/httpclient5/5.2.1/httpclient5-5.2.1.jar:/Users/anhlan/.m2/repository/org/apache/httpcomponents/core5/httpcore5/5.2/httpcore5-5.2.jar:/Users/anhlan/.m2/repository/org/apache/httpcomponents/core5/httpcore5-h2/5.2/httpcore5-h2-5.2.jar:/Users/anhlan/.m2/repository/ch/qos/logback/logback-classic/1.2.3/logback-classic-1.2.3.jar:/Users/anhlan/.m2/repository/ch/qos/logback/logback-core/1.2.3/logback-core-1.2.3.jar:/Users/anhlan/.m2/repository/com/fasterxml/jackson/core/jackson-databind/2.18.0/jackson-databind-2.18.0.jar:/Users/anhlan/.m2/repository/com/fasterxml/jackson/core/jackson-annotations/2.18.0/jackson-annotations-2.18.0.jar:/Users/anhlan/.m2/repository/com/fasterxml/jackson/core/jackson-core/2.18.0/jackson-core-2.18.0.jar:/Users/anhlan/.m2/repository/com/aventstack/extentreports/5.1.2/extentreports-5.1.2.jar:/Users/anhlan/.m2/repository/io/reactivex/rxjava3/rxjava/3.1.6/rxjava-3.1.6.jar:/Users/anhlan/.m2/repository/org/reactivestreams/reactive-streams/1.0.4/reactive-streams-1.0.4.jar:/Users/anhlan/.m2/repository/org/freemarker/freemarker/2.3.32/freemarker-2.3.32.jar:/Users/anhlan/.m2/repository/org/projectlombok/lombok/1.18.26/lombok-1.18.26.jar:"/>
    <property name="java.vm.vendor" value="Oracle Corporation"/>
    <property name="sun.arch.data.model" value="64"/>
    <property name="java.vendor.url" value="https://java.oracle.com/"/>
    <property name="user.timezone" value="Asia/Ho_Chi_Minh"/>
    <property name="os.name" value="Mac OS X"/>
    <property name="java.vm.specification.version" value="21"/>
    <property name="sun.java.launcher" value="SUN_STANDARD"/>
    <property name="user.country" value="VN"/>
    <property name="sun.boot.library.path" value="/Library/Java/JavaVirtualMachines/jdk-21.jdk/Contents/Home/lib"/>
    <property name="sun.java.command" value="/Users/anhlan/IdeaProjects/SeleniumFrameworkDesign/target/surefire/surefirebooter-20241105180024309_3.jar /Users/anhlan/IdeaProjects/SeleniumFrameworkDesign/target/surefire 2024-11-05T18-00-24_275-jvmRun1 surefire-20241105180024309_1tmp surefire_0-20241105180024309_2tmp"/>
    <property name="http.nonProxyHosts" value="local|*.local|169.254/16|*.169.254/16"/>
    <property name="jdk.debug" value="release"/>
    <property name="surefire.test.class.path" value="/Users/anhlan/IdeaProjects/SeleniumFrameworkDesign/target/test-classes:/Users/anhlan/IdeaProjects/SeleniumFrameworkDesign/target/classes:/Users/anhlan/.m2/repository/org/seleniumhq/selenium/selenium-java/4.25.0/selenium-java-4.25.0.jar:/Users/anhlan/.m2/repository/org/seleniumhq/selenium/selenium-api/4.25.0/selenium-api-4.25.0.jar:/Users/anhlan/.m2/repository/org/jspecify/jspecify/1.0.0/jspecify-1.0.0.jar:/Users/anhlan/.m2/repository/org/seleniumhq/selenium/selenium-chrome-driver/4.25.0/selenium-chrome-driver-4.25.0.jar:/Users/anhlan/.m2/repository/com/google/auto/service/auto-service-annotations/1.1.1/auto-service-annotations-1.1.1.jar:/Users/anhlan/.m2/repository/org/seleniumhq/selenium/selenium-chromium-driver/4.25.0/selenium-chromium-driver-4.25.0.jar:/Users/anhlan/.m2/repository/org/seleniumhq/selenium/selenium-json/4.25.0/selenium-json-4.25.0.jar:/Users/anhlan/.m2/repository/org/seleniumhq/selenium/selenium-manager/4.25.0/selenium-manager-4.25.0.jar:/Users/anhlan/.m2/repository/org/seleniumhq/selenium/selenium-devtools-v127/4.25.0/selenium-devtools-v127-4.25.0.jar:/Users/anhlan/.m2/repository/org/seleniumhq/selenium/selenium-devtools-v128/4.25.0/selenium-devtools-v128-4.25.0.jar:/Users/anhlan/.m2/repository/org/seleniumhq/selenium/selenium-devtools-v129/4.25.0/selenium-devtools-v129-4.25.0.jar:/Users/anhlan/.m2/repository/org/seleniumhq/selenium/selenium-devtools-v85/4.25.0/selenium-devtools-v85-4.25.0.jar:/Users/anhlan/.m2/repository/org/seleniumhq/selenium/selenium-edge-driver/4.25.0/selenium-edge-driver-4.25.0.jar:/Users/anhlan/.m2/repository/org/seleniumhq/selenium/selenium-firefox-driver/4.25.0/selenium-firefox-driver-4.25.0.jar:/Users/anhlan/.m2/repository/org/seleniumhq/selenium/selenium-http/4.25.0/selenium-http-4.25.0.jar:/Users/anhlan/.m2/repository/dev/failsafe/failsafe/3.3.2/failsafe-3.3.2.jar:/Users/anhlan/.m2/repository/org/seleniumhq/selenium/selenium-ie-driver/4.25.0/selenium-ie-driver-4.25.0.jar:/Users/anhlan/.m2/repository/org/seleniumhq/selenium/selenium-remote-driver/4.25.0/selenium-remote-driver-4.25.0.jar:/Users/anhlan/.m2/repository/com/google/guava/guava/33.3.0-jre/guava-33.3.0-jre.jar:/Users/anhlan/.m2/repository/com/google/guava/failureaccess/1.0.2/failureaccess-1.0.2.jar:/Users/anhlan/.m2/repository/com/google/guava/listenablefuture/9999.0-empty-to-avoid-conflict-with-guava/listenablefuture-9999.0-empty-to-avoid-conflict-with-guava.jar:/Users/anhlan/.m2/repository/com/google/code/findbugs/jsr305/3.0.2/jsr305-3.0.2.jar:/Users/anhlan/.m2/repository/org/checkerframework/checker-qual/3.43.0/checker-qual-3.43.0.jar:/Users/anhlan/.m2/repository/com/google/j2objc/j2objc-annotations/3.0.0/j2objc-annotations-3.0.0.jar:/Users/anhlan/.m2/repository/io/opentelemetry/semconv/opentelemetry-semconv/1.25.0-alpha/opentelemetry-semconv-1.25.0-alpha.jar:/Users/anhlan/.m2/repository/io/opentelemetry/opentelemetry-api/1.42.1/opentelemetry-api-1.42.1.jar:/Users/anhlan/.m2/repository/io/opentelemetry/opentelemetry-context/1.42.1/opentelemetry-context-1.42.1.jar:/Users/anhlan/.m2/repository/io/opentelemetry/opentelemetry-exporter-logging/1.42.1/opentelemetry-exporter-logging-1.42.1.jar:/Users/anhlan/.m2/repository/io/opentelemetry/opentelemetry-sdk-common/1.42.1/opentelemetry-sdk-common-1.42.1.jar:/Users/anhlan/.m2/repository/io/opentelemetry/opentelemetry-sdk-extension-autoconfigure-spi/1.42.1/opentelemetry-sdk-extension-autoconfigure-spi-1.42.1.jar:/Users/anhlan/.m2/repository/io/opentelemetry/opentelemetry-sdk-extension-autoconfigure/1.42.1/opentelemetry-sdk-extension-autoconfigure-1.42.1.jar:/Users/anhlan/.m2/repository/io/opentelemetry/opentelemetry-api-incubator/1.42.1-alpha/opentelemetry-api-incubator-1.42.1-alpha.jar:/Users/anhlan/.m2/repository/io/opentelemetry/opentelemetry-sdk-trace/1.42.1/opentelemetry-sdk-trace-1.42.1.jar:/Users/anhlan/.m2/repository/io/opentelemetry/opentelemetry-sdk/1.42.1/opentelemetry-sdk-1.42.1.jar:/Users/anhlan/.m2/repository/io/opentelemetry/opentelemetry-sdk-metrics/1.42.1/opentelemetry-sdk-metrics-1.42.1.jar:/Users/anhlan/.m2/repository/io/opentelemetry/opentelemetry-sdk-logs/1.42.1/opentelemetry-sdk-logs-1.42.1.jar:/Users/anhlan/.m2/repository/net/bytebuddy/byte-buddy/1.15.1/byte-buddy-1.15.1.jar:/Users/anhlan/.m2/repository/org/seleniumhq/selenium/selenium-os/4.25.0/selenium-os-4.25.0.jar:/Users/anhlan/.m2/repository/org/apache/commons/commons-exec/1.4.0/commons-exec-1.4.0.jar:/Users/anhlan/.m2/repository/org/seleniumhq/selenium/selenium-safari-driver/4.25.0/selenium-safari-driver-4.25.0.jar:/Users/anhlan/.m2/repository/org/seleniumhq/selenium/selenium-support/4.25.0/selenium-support-4.25.0.jar:/Users/anhlan/.m2/repository/org/testng/testng/7.10.2/testng-7.10.2.jar:/Users/anhlan/.m2/repository/org/slf4j/slf4j-api/1.7.36/slf4j-api-1.7.36.jar:/Users/anhlan/.m2/repository/com/beust/jcommander/1.82/jcommander-1.82.jar:/Users/anhlan/.m2/repository/org/webjars/jquery/3.7.1/jquery-3.7.1.jar:/Users/anhlan/.m2/repository/io/github/bonigarcia/webdrivermanager/5.9.2/webdrivermanager-5.9.2.jar:/Users/anhlan/.m2/repository/com/google/code/gson/gson/2.11.0/gson-2.11.0.jar:/Users/anhlan/.m2/repository/com/google/errorprone/error_prone_annotations/2.27.0/error_prone_annotations-2.27.0.jar:/Users/anhlan/.m2/repository/com/github/docker-java/docker-java/3.4.0/docker-java-3.4.0.jar:/Users/anhlan/.m2/repository/com/github/docker-java/docker-java-core/3.4.0/docker-java-core-3.4.0.jar:/Users/anhlan/.m2/repository/com/github/docker-java/docker-java-api/3.4.0/docker-java-api-3.4.0.jar:/Users/anhlan/.m2/repository/org/slf4j/jcl-over-slf4j/1.7.30/jcl-over-slf4j-1.7.30.jar:/Users/anhlan/.m2/repository/com/github/docker-java/docker-java-transport-httpclient5/3.4.0/docker-java-transport-httpclient5-3.4.0.jar:/Users/anhlan/.m2/repository/com/github/docker-java/docker-java-transport/3.4.0/docker-java-transport-3.4.0.jar:/Users/anhlan/.m2/repository/net/java/dev/jna/jna/5.13.0/jna-5.13.0.jar:/Users/anhlan/.m2/repository/org/brotli/dec/0.1.2/dec-0.1.2.jar:/Users/anhlan/.m2/repository/org/apache/commons/commons-lang3/3.15.0/commons-lang3-3.15.0.jar:/Users/anhlan/.m2/repository/org/apache/commons/commons-compress/1.26.2/commons-compress-1.26.2.jar:/Users/anhlan/.m2/repository/commons-codec/commons-codec/1.17.0/commons-codec-1.17.0.jar:/Users/anhlan/.m2/repository/commons-io/commons-io/2.16.1/commons-io-2.16.1.jar:/Users/anhlan/.m2/repository/org/apache/httpcomponents/client5/httpclient5/5.2.1/httpclient5-5.2.1.jar:/Users/anhlan/.m2/repository/org/apache/httpcomponents/core5/httpcore5/5.2/httpcore5-5.2.jar:/Users/anhlan/.m2/repository/org/apache/httpcomponents/core5/httpcore5-h2/5.2/httpcore5-h2-5.2.jar:/Users/anhlan/.m2/repository/ch/qos/logback/logback-classic/1.2.3/logback-classic-1.2.3.jar:/Users/anhlan/.m2/repository/ch/qos/logback/logback-core/1.2.3/logback-core-1.2.3.jar:/Users/anhlan/.m2/repository/com/fasterxml/jackson/core/jackson-databind/2.18.0/jackson-databind-2.18.0.jar:/Users/anhlan/.m2/repository/com/fasterxml/jackson/core/jackson-annotations/2.18.0/jackson-annotations-2.18.0.jar:/Users/anhlan/.m2/repository/com/fasterxml/jackson/core/jackson-core/2.18.0/jackson-core-2.18.0.jar:/Users/anhlan/.m2/repository/com/aventstack/extentreports/5.1.2/extentreports-5.1.2.jar:/Users/anhlan/.m2/repository/io/reactivex/rxjava3/rxjava/3.1.6/rxjava-3.1.6.jar:/Users/anhlan/.m2/repository/org/reactivestreams/reactive-streams/1.0.4/reactive-streams-1.0.4.jar:/Users/anhlan/.m2/repository/org/freemarker/freemarker/2.3.32/freemarker-2.3.32.jar:/Users/anhlan/.m2/repository/org/projectlombok/lombok/1.18.26/lombok-1.18.26.jar:"/>
    <property name="sun.cpu.endian" value="little"/>
    <property name="user.home" value="/Users/anhlan"/>
    <property name="user.language" value="en"/>
    <property name="java.specification.vendor" value="Oracle Corporation"/>
    <property name="java.version.date" value="2024-07-16"/>
    <property name="java.home" value="/Library/Java/JavaVirtualMachines/jdk-21.jdk/Contents/Home"/>
    <property name="file.separator" value="/"/>
    <property name="basedir" value="/Users/anhlan/IdeaProjects/SeleniumFrameworkDesign"/>
    <property name="java.vm.compressedOopsMode" value="Zero based"/>
    <property name="line.separator" value="&#10;"/>
    <property name="java.vm.specification.vendor" value="Oracle Corporation"/>
    <property name="java.specification.name" value="Java Platform API Specification"/>
    <property name="apple.awt.application.name" value="ForkedBooter"/>
    <property name="surefire.real.class.path" value="/Users/anhlan/IdeaProjects/SeleniumFrameworkDesign/target/surefire/surefirebooter-20241105180024309_3.jar"/>
    <property name="sun.management.compiler" value="HotSpot 64-Bit Tiered Compilers"/>
    <property name="ftp.nonProxyHosts" value="local|*.local|169.254/16|*.169.254/16"/>
    <property name="java.runtime.version" value="21.0.4+8-LTS-274"/>
    <property name="user.name" value="anhlan"/>
    <property name="stdout.encoding" value="UTF-8"/>
    <property name="path.separator" value=":"/>
    <property name="os.version" value="15.0.1"/>
    <property name="java.runtime.name" value="Java(TM) SE Runtime Environment"/>
    <property name="file.encoding" value="UTF-8"/>
    <property name="browser" value="chrome"/>
    <property name="java.vm.name" value="Java HotSpot(TM) 64-Bit Server VM"/>
    <property name="localRepository" value="/Users/anhlan/.m2/repository"/>
    <property name="java.vendor.url.bug" value="https://bugreport.java.com/bugreport/"/>
    <property name="java.io.tmpdir" value="/var/folders/zx/lft7lzk56tl49w6rprcg5ybm0000gn/T/"/>
    <property name="java.version" value="21.0.4"/>
    <property name="user.dir" value="/Users/anhlan/IdeaProjects/SeleniumFrameworkDesign"/>
    <property name="os.arch" value="aarch64"/>
    <property name="java.vm.specification.name" value="Java Virtual Machine Specification"/>
    <property name="native.encoding" value="UTF-8"/>
    <property name="java.library.path" value="/Users/anhlan/Library/Java/Extensions:/Library/Java/Extensions:/Network/Library/Java/Extensions:/System/Library/Java/Extensions:/usr/lib/java:."/>
    <property name="java.vm.info" value="mixed mode, sharing"/>
    <property name="stderr.encoding" value="UTF-8"/>
    <property name="java.vendor" value="Oracle Corporation"/>
    <property name="java.vm.version" value="21.0.4+8-LTS-274"/>
    <property name="sun.io.unicode.encoding" value="UnicodeBig"/>
    <property name="socksNonProxyHosts" value="local|*.local|169.254/16|*.169.254/16"/>
    <property name="java.class.version" value="65.0"/>
  </properties>
  <testcase name="launchApplication" classname="anhlan.tests.errorValidations" time="2030.382">
    <failure message="java.net.http.HttpTimeoutException: request timed out&#10;Build info: version: &apos;4.25.0&apos;, revision: &apos;8a8aea2337&apos;&#10;System info: os.name: &apos;Mac OS X&apos;, os.arch: &apos;aarch64&apos;, os.version: &apos;15.0.1&apos;, java.version: &apos;21.0.4&apos;&#10;Driver info: org.openqa.selenium.chrome.ChromeDriver&#10;Command: [192211bd101e8c6e29e49d8899c2daa8, get {url=https://rahulshettyacademy.com/client}]&#10;Capabilities {acceptInsecureCerts: false, browserName: chrome, browserVersion: 130.0.6723.92, chrome: {chromedriverVersion: 130.0.6723.91 (53ac07678369..., userDataDir: /var/folders/zx/lft7lzk56tl...}, fedcm:accounts: true, goog:chromeOptions: {debuggerAddress: localhost:56115}, networkConnectionEnabled: false, pageLoadStrategy: normal, platformName: mac, proxy: Proxy(), se:cdp: ws://localhost:56115/devtoo..., se:cdpVersion: 130.0.6723.92, setWindowRect: true, strictFileInteractability: false, timeouts: {implicit: 0, pageLoad: 300000, script: 30000}, unhandledPromptBehavior: dismiss and notify, webauthn:extension:credBlob: true, webauthn:extension:largeBlob: true, webauthn:extension:minPinLength: true, webauthn:extension:prf: true, webauthn:virtualAuthenticators: true}&#10;Session ID: 192211bd101e8c6e29e49d8899c2daa8" type="org.openqa.selenium.TimeoutException"><![CDATA[org.openqa.selenium.TimeoutException: 
java.net.http.HttpTimeoutException: request timed out
Build info: version: '4.25.0', revision: '8a8aea2337'
System info: os.name: 'Mac OS X', os.arch: 'aarch64', os.version: '15.0.1', java.version: '21.0.4'
Driver info: org.openqa.selenium.chrome.ChromeDriver
Command: [192211bd101e8c6e29e49d8899c2daa8, get {url=https://rahulshettyacademy.com/client}]
Capabilities {acceptInsecureCerts: false, browserName: chrome, browserVersion: 130.0.6723.92, chrome: {chromedriverVersion: 130.0.6723.91 (53ac07678369..., userDataDir: /var/folders/zx/lft7lzk56tl...}, fedcm:accounts: true, goog:chromeOptions: {debuggerAddress: localhost:56115}, networkConnectionEnabled: false, pageLoadStrategy: normal, platformName: mac, proxy: Proxy(), se:cdp: ws://localhost:56115/devtoo..., se:cdpVersion: 130.0.6723.92, setWindowRect: true, strictFileInteractability: false, timeouts: {implicit: 0, pageLoad: 300000, script: 30000}, unhandledPromptBehavior: dismiss and notify, webauthn:extension:credBlob: true, webauthn:extension:largeBlob: true, webauthn:extension:minPinLength: true, webauthn:extension:prf: true, webauthn:virtualAuthenticators: true}
Session ID: 192211bd101e8c6e29e49d8899c2daa8
	at org.openqa.selenium.remote.http.jdk.JdkHttpClient.execute0(JdkHttpClient.java:408)
	at org.openqa.selenium.remote.http.AddSeleniumUserAgent.lambda$apply$0(AddSeleniumUserAgent.java:42)
	at org.openqa.selenium.remote.http.Filter.lambda$andFinally$1(Filter.java:55)
	at org.openqa.selenium.remote.http.jdk.JdkHttpClient.execute(JdkHttpClient.java:374)
	at org.openqa.selenium.remote.HttpCommandExecutor.execute(HttpCommandExecutor.java:187)
	at org.openqa.selenium.remote.service.DriverCommandExecutor.invokeExecute(DriverCommandExecutor.java:216)
	at org.openqa.selenium.remote.service.DriverCommandExecutor.execute(DriverCommandExecutor.java:174)
	at org.openqa.selenium.remote.RemoteWebDriver.execute(RemoteWebDriver.java:545)
	at org.openqa.selenium.remote.RemoteWebDriver.get(RemoteWebDriver.java:313)
	at anhlan.pageObjects.landingPage.goTo(landingPage.java:31)
	at anhlan.testComponents.baseTest.launchApplication(baseTest.java:61)
	at java.base/jdk.internal.reflect.DirectMethodHandleAccessor.invoke(DirectMethodHandleAccessor.java:103)
	at java.base/java.lang.reflect.Method.invoke(Method.java:580)
	at org.testng.internal.invokers.MethodInvocationHelper.invokeMethod(MethodInvocationHelper.java:141)
	at org.testng.internal.invokers.MethodInvocationHelper.invokeMethodConsideringTimeout(MethodInvocationHelper.java:71)
	at org.testng.internal.invokers.ConfigInvoker.invokeConfigurationMethod(ConfigInvoker.java:400)
	at org.testng.internal.invokers.ConfigInvoker.invokeConfigurations(ConfigInvoker.java:333)
	at org.testng.internal.invokers.TestInvoker.runConfigMethods(TestInvoker.java:833)
	at org.testng.internal.invokers.TestInvoker.invokeMethod(TestInvoker.java:600)
	at org.testng.internal.invokers.TestInvoker.invokeTestMethod(TestInvoker.java:230)
	at org.testng.internal.invokers.MethodRunner.runInSequence(MethodRunner.java:63)
	at org.testng.internal.invokers.TestInvoker$MethodInvocationAgent.invoke(TestInvoker.java:992)
	at org.testng.internal.invokers.TestInvoker.invokeTestMethods(TestInvoker.java:203)
	at org.testng.internal.invokers.TestMethodWorker.invokeTestMethods(TestMethodWorker.java:154)
	at org.testng.internal.invokers.TestMethodWorker.run(TestMethodWorker.java:134)
	at java.base/java.util.ArrayList.forEach(ArrayList.java:1596)
	at org.testng.TestRunner.privateRun(TestRunner.java:739)
	at org.testng.TestRunner.run(TestRunner.java:614)
	at org.testng.SuiteRunner.runTest(SuiteRunner.java:421)
	at org.testng.SuiteRunner$SuiteWorker.run(SuiteRunner.java:463)
	at org.testng.internal.thread.ThreadUtil.lambda$execute$0(ThreadUtil.java:64)
	at java.base/java.util.concurrent.FutureTask.run(FutureTask.java:317)
	at java.base/java.util.concurrent.ThreadPoolExecutor.runWorker(ThreadPoolExecutor.java:1144)
	at java.base/java.util.concurrent.ThreadPoolExecutor$Worker.run(ThreadPoolExecutor.java:642)
	at java.base/java.lang.Thread.run(Thread.java:1583)
Caused by: java.net.http.HttpTimeoutException: request timed out
	at java.net.http/jdk.internal.net.http.ResponseTimerEvent.handle(ResponseTimerEvent.java:63)
	at java.net.http/jdk.internal.net.http.HttpClientImpl.purgeTimeoutsAndReturnNextDeadline(HttpClientImpl.java:1778)
	at java.net.http/jdk.internal.net.http.HttpClientImpl$SelectorManager.run(HttpClientImpl.java:1376)
]]></failure>
    <system-out><![CDATA[18:00:24.580 [main] DEBUG org.testng.TestNG - suiteXmlPath: "/Users/anhlan/IdeaProjects/SeleniumFrameworkDesign/testSuites/testng.xml"
18:00:24.738 [TestNG-tests-2] DEBUG io.github.bonigarcia.wdm.WebDriverManager - Using WebDriverManager 5.9.2
18:00:24.817 [TestNG-tests-1] DEBUG io.github.bonigarcia.wdm.WebDriverManager - Using WebDriverManager 5.9.2
18:00:24.902 [TestNG-tests-2] DEBUG io.github.bonigarcia.wdm.cache.ResolutionCache - Removing resolution chrome=130 from cache (expired on Mon Nov 04 18:16:23 ICT 2024)
18:00:24.902 [TestNG-tests-1] DEBUG io.github.bonigarcia.wdm.cache.ResolutionCache - Removing resolution chrome=130 from cache (expired on Mon Nov 04 18:16:23 ICT 2024)
18:00:24.909 [TestNG-tests-2] DEBUG org.apache.hc.client5.http.impl.classic.InternalHttpClient - ex-0000000001 preparing request execution
18:00:24.909 [TestNG-tests-1] DEBUG org.apache.hc.client5.http.impl.classic.InternalHttpClient - ex-0000000002 preparing request execution
18:00:24.912 [TestNG-tests-2] DEBUG org.apache.hc.client5.http.impl.classic.ProtocolExec - ex-0000000001 target auth state: UNCHALLENGED
18:00:24.912 [TestNG-tests-1] DEBUG org.apache.hc.client5.http.impl.classic.ProtocolExec - ex-0000000002 target auth state: UNCHALLENGED
18:00:24.913 [TestNG-tests-2] DEBUG org.apache.hc.client5.http.impl.classic.ProtocolExec - ex-0000000001 proxy auth state: UNCHALLENGED
18:00:24.913 [TestNG-tests-1] DEBUG org.apache.hc.client5.http.impl.classic.ProtocolExec - ex-0000000002 proxy auth state: UNCHALLENGED
18:00:24.913 [TestNG-tests-2] DEBUG org.apache.hc.client5.http.impl.classic.ConnectExec - ex-0000000001 acquiring connection with route {s}->https://raw.githubusercontent.com:443
18:00:24.913 [TestNG-tests-1] DEBUG org.apache.hc.client5.http.impl.classic.ConnectExec - ex-0000000002 acquiring connection with route {s}->https://raw.githubusercontent.com:443
18:00:24.913 [TestNG-tests-2] DEBUG org.apache.hc.client5.http.impl.classic.InternalHttpClient - ex-0000000001 acquiring endpoint (3 MINUTES)
18:00:24.913 [TestNG-tests-1] DEBUG org.apache.hc.client5.http.impl.classic.InternalHttpClient - ex-0000000002 acquiring endpoint (3 MINUTES)
18:00:24.913 [TestNG-tests-1] DEBUG org.apache.hc.client5.http.impl.io.PoolingHttpClientConnectionManager - ex-0000000002 endpoint lease request (3 MINUTES) [route: {s}->https://raw.githubusercontent.com:443][total available: 0; route allocated: 0 of 5; total allocated: 0 of 25]
18:00:24.913 [TestNG-tests-2] DEBUG org.apache.hc.client5.http.impl.io.PoolingHttpClientConnectionManager - ex-0000000001 endpoint lease request (3 MINUTES) [route: {s}->https://raw.githubusercontent.com:443][total available: 0; route allocated: 0 of 5; total allocated: 0 of 25]
18:00:24.915 [TestNG-tests-1] DEBUG org.apache.hc.client5.http.impl.io.PoolingHttpClientConnectionManager - ex-0000000002 endpoint leased [route: {s}->https://raw.githubusercontent.com:443][total available: 0; route allocated: 1 of 5; total allocated: 1 of 25]
18:00:24.915 [TestNG-tests-2] DEBUG org.apache.hc.client5.http.impl.io.PoolingHttpClientConnectionManager - ex-0000000001 endpoint leased [route: {s}->https://raw.githubusercontent.com:443][total available: 0; route allocated: 1 of 5; total allocated: 1 of 25]
18:00:24.930 [TestNG-tests-2] DEBUG org.apache.hc.client5.http.impl.io.PoolingHttpClientConnectionManager - ex-0000000001 acquired ep-0000000002
18:00:24.930 [TestNG-tests-1] DEBUG org.apache.hc.client5.http.impl.io.PoolingHttpClientConnectionManager - ex-0000000002 acquired ep-0000000001
18:00:24.930 [TestNG-tests-2] DEBUG org.apache.hc.client5.http.impl.classic.InternalHttpClient - ex-0000000001 acquired endpoint ep-0000000002
18:00:24.930 [TestNG-tests-1] DEBUG org.apache.hc.client5.http.impl.classic.InternalHttpClient - ex-0000000002 acquired endpoint ep-0000000001
18:00:24.930 [TestNG-tests-2] DEBUG org.apache.hc.client5.http.impl.classic.ConnectExec - ex-0000000001 opening connection {s}->https://raw.githubusercontent.com:443
18:00:24.930 [TestNG-tests-1] DEBUG org.apache.hc.client5.http.impl.classic.ConnectExec - ex-0000000002 opening connection {s}->https://raw.githubusercontent.com:443
18:00:24.931 [TestNG-tests-2] DEBUG org.apache.hc.client5.http.impl.classic.InternalHttpClient - ep-0000000002 connecting endpoint (null)
18:00:24.931 [TestNG-tests-1] DEBUG org.apache.hc.client5.http.impl.classic.InternalHttpClient - ep-0000000001 connecting endpoint (null)
18:00:24.931 [TestNG-tests-2] DEBUG org.apache.hc.client5.http.impl.io.PoolingHttpClientConnectionManager - ep-0000000002 connecting endpoint to https://raw.githubusercontent.com:443 (30 SECONDS)
18:00:24.931 [TestNG-tests-1] DEBUG org.apache.hc.client5.http.impl.io.PoolingHttpClientConnectionManager - ep-0000000001 connecting endpoint to https://raw.githubusercontent.com:443 (30 SECONDS)
18:00:24.931 [TestNG-tests-2] DEBUG org.apache.hc.client5.http.impl.io.DefaultHttpClientConnectionOperator - raw.githubusercontent.com resolving remote address
18:00:24.931 [TestNG-tests-1] DEBUG org.apache.hc.client5.http.impl.io.DefaultHttpClientConnectionOperator - raw.githubusercontent.com resolving remote address
18:00:24.958 [TestNG-tests-1] DEBUG org.apache.hc.client5.http.impl.io.DefaultHttpClientConnectionOperator - raw.githubusercontent.com resolved to [raw.githubusercontent.com/185.199.111.133, raw.githubusercontent.com/185.199.110.133, raw.githubusercontent.com/185.199.109.133, raw.githubusercontent.com/185.199.108.133, raw.githubusercontent.com/2606:50c0:8000:0:0:0:0:154, raw.githubusercontent.com/2606:50c0:8001:0:0:0:0:154, raw.githubusercontent.com/2606:50c0:8003:0:0:0:0:154, raw.githubusercontent.com/2606:50c0:8002:0:0:0:0:154]
18:00:24.958 [TestNG-tests-2] DEBUG org.apache.hc.client5.http.impl.io.DefaultHttpClientConnectionOperator - raw.githubusercontent.com resolved to [raw.githubusercontent.com/185.199.111.133, raw.githubusercontent.com/185.199.110.133, raw.githubusercontent.com/185.199.109.133, raw.githubusercontent.com/185.199.108.133, raw.githubusercontent.com/2606:50c0:8000:0:0:0:0:154, raw.githubusercontent.com/2606:50c0:8001:0:0:0:0:154, raw.githubusercontent.com/2606:50c0:8003:0:0:0:0:154, raw.githubusercontent.com/2606:50c0:8002:0:0:0:0:154]
18:00:24.969 [TestNG-tests-1] DEBUG org.apache.hc.client5.http.impl.io.DefaultHttpClientConnectionOperator - raw.githubusercontent.com:443 connecting null->raw.githubusercontent.com/185.199.111.133:443 (30 SECONDS)
18:00:24.969 [TestNG-tests-2] DEBUG org.apache.hc.client5.http.impl.io.DefaultHttpClientConnectionOperator - raw.githubusercontent.com:443 connecting null->raw.githubusercontent.com/185.199.111.133:443 (30 SECONDS)
18:00:24.969 [TestNG-tests-1] DEBUG org.apache.hc.client5.http.ssl.SSLConnectionSocketFactory - Connecting socket to raw.githubusercontent.com/185.199.111.133:443 with timeout 30 SECONDS
18:00:24.969 [TestNG-tests-2] DEBUG org.apache.hc.client5.http.ssl.SSLConnectionSocketFactory - Connecting socket to raw.githubusercontent.com/185.199.111.133:443 with timeout 30 SECONDS
18:00:25.095 [TestNG-tests-2] DEBUG org.apache.hc.client5.http.ssl.SSLConnectionSocketFactory - Enabled protocols: [TLSv1.3, TLSv1.2]
18:00:25.095 [TestNG-tests-1] DEBUG org.apache.hc.client5.http.ssl.SSLConnectionSocketFactory - Enabled protocols: [TLSv1.3, TLSv1.2]
18:00:25.095 [TestNG-tests-2] DEBUG org.apache.hc.client5.http.ssl.SSLConnectionSocketFactory - Enabled cipher suites: [TLS_AES_256_GCM_SHA384, TLS_AES_128_GCM_SHA256, TLS_CHACHA20_POLY1305_SHA256, TLS_ECDHE_ECDSA_WITH_AES_256_GCM_SHA384, TLS_ECDHE_ECDSA_WITH_AES_128_GCM_SHA256, TLS_ECDHE_ECDSA_WITH_CHACHA20_POLY1305_SHA256, TLS_ECDHE_RSA_WITH_AES_256_GCM_SHA384, TLS_ECDHE_RSA_WITH_CHACHA20_POLY1305_SHA256, TLS_ECDHE_RSA_WITH_AES_128_GCM_SHA256, TLS_DHE_RSA_WITH_AES_256_GCM_SHA384, TLS_DHE_RSA_WITH_CHACHA20_POLY1305_SHA256, TLS_DHE_DSS_WITH_AES_256_GCM_SHA384, TLS_DHE_RSA_WITH_AES_128_GCM_SHA256, TLS_DHE_DSS_WITH_AES_128_GCM_SHA256, TLS_ECDHE_ECDSA_WITH_AES_256_CBC_SHA384, TLS_ECDHE_RSA_WITH_AES_256_CBC_SHA384, TLS_ECDHE_ECDSA_WITH_AES_128_CBC_SHA256, TLS_ECDHE_RSA_WITH_AES_128_CBC_SHA256, TLS_DHE_RSA_WITH_AES_256_CBC_SHA256, TLS_DHE_DSS_WITH_AES_256_CBC_SHA256, TLS_DHE_RSA_WITH_AES_128_CBC_SHA256, TLS_DHE_DSS_WITH_AES_128_CBC_SHA256, TLS_ECDHE_ECDSA_WITH_AES_256_CBC_SHA, TLS_ECDHE_RSA_WITH_AES_256_CBC_SHA, TLS_ECDHE_ECDSA_WITH_AES_128_CBC_SHA, TLS_ECDHE_RSA_WITH_AES_128_CBC_SHA, TLS_DHE_RSA_WITH_AES_256_CBC_SHA, TLS_DHE_DSS_WITH_AES_256_CBC_SHA, TLS_DHE_RSA_WITH_AES_128_CBC_SHA, TLS_DHE_DSS_WITH_AES_128_CBC_SHA, TLS_RSA_WITH_AES_256_GCM_SHA384, TLS_RSA_WITH_AES_128_GCM_SHA256, TLS_RSA_WITH_AES_256_CBC_SHA256, TLS_RSA_WITH_AES_128_CBC_SHA256, TLS_RSA_WITH_AES_256_CBC_SHA, TLS_RSA_WITH_AES_128_CBC_SHA, TLS_EMPTY_RENEGOTIATION_INFO_SCSV]
18:00:25.095 [TestNG-tests-1] DEBUG org.apache.hc.client5.http.ssl.SSLConnectionSocketFactory - Enabled cipher suites: [TLS_AES_256_GCM_SHA384, TLS_AES_128_GCM_SHA256, TLS_CHACHA20_POLY1305_SHA256, TLS_ECDHE_ECDSA_WITH_AES_256_GCM_SHA384, TLS_ECDHE_ECDSA_WITH_AES_128_GCM_SHA256, TLS_ECDHE_ECDSA_WITH_CHACHA20_POLY1305_SHA256, TLS_ECDHE_RSA_WITH_AES_256_GCM_SHA384, TLS_ECDHE_RSA_WITH_CHACHA20_POLY1305_SHA256, TLS_ECDHE_RSA_WITH_AES_128_GCM_SHA256, TLS_DHE_RSA_WITH_AES_256_GCM_SHA384, TLS_DHE_RSA_WITH_CHACHA20_POLY1305_SHA256, TLS_DHE_DSS_WITH_AES_256_GCM_SHA384, TLS_DHE_RSA_WITH_AES_128_GCM_SHA256, TLS_DHE_DSS_WITH_AES_128_GCM_SHA256, TLS_ECDHE_ECDSA_WITH_AES_256_CBC_SHA384, TLS_ECDHE_RSA_WITH_AES_256_CBC_SHA384, TLS_ECDHE_ECDSA_WITH_AES_128_CBC_SHA256, TLS_ECDHE_RSA_WITH_AES_128_CBC_SHA256, TLS_DHE_RSA_WITH_AES_256_CBC_SHA256, TLS_DHE_DSS_WITH_AES_256_CBC_SHA256, TLS_DHE_RSA_WITH_AES_128_CBC_SHA256, TLS_DHE_DSS_WITH_AES_128_CBC_SHA256, TLS_ECDHE_ECDSA_WITH_AES_256_CBC_SHA, TLS_ECDHE_RSA_WITH_AES_256_CBC_SHA, TLS_ECDHE_ECDSA_WITH_AES_128_CBC_SHA, TLS_ECDHE_RSA_WITH_AES_128_CBC_SHA, TLS_DHE_RSA_WITH_AES_256_CBC_SHA, TLS_DHE_DSS_WITH_AES_256_CBC_SHA, TLS_DHE_RSA_WITH_AES_128_CBC_SHA, TLS_DHE_DSS_WITH_AES_128_CBC_SHA, TLS_RSA_WITH_AES_256_GCM_SHA384, TLS_RSA_WITH_AES_128_GCM_SHA256, TLS_RSA_WITH_AES_256_CBC_SHA256, TLS_RSA_WITH_AES_128_CBC_SHA256, TLS_RSA_WITH_AES_256_CBC_SHA, TLS_RSA_WITH_AES_128_CBC_SHA, TLS_EMPTY_RENEGOTIATION_INFO_SCSV]
18:00:25.096 [TestNG-tests-2] DEBUG org.apache.hc.client5.http.ssl.SSLConnectionSocketFactory - Starting handshake (null)
18:00:25.096 [TestNG-tests-1] DEBUG org.apache.hc.client5.http.ssl.SSLConnectionSocketFactory - Starting handshake (null)
18:00:25.210 [TestNG-tests-1] DEBUG org.apache.hc.client5.http.ssl.SSLConnectionSocketFactory - Secure session established
18:00:25.210 [TestNG-tests-2] DEBUG org.apache.hc.client5.http.ssl.SSLConnectionSocketFactory - Secure session established
18:00:25.210 [TestNG-tests-1] DEBUG org.apache.hc.client5.http.ssl.SSLConnectionSocketFactory -  negotiated protocol: TLSv1.3
18:00:25.210 [TestNG-tests-2] DEBUG org.apache.hc.client5.http.ssl.SSLConnectionSocketFactory -  negotiated protocol: TLSv1.3
18:00:25.210 [TestNG-tests-1] DEBUG org.apache.hc.client5.http.ssl.SSLConnectionSocketFactory -  negotiated cipher suite: TLS_AES_128_GCM_SHA256
18:00:25.210 [TestNG-tests-2] DEBUG org.apache.hc.client5.http.ssl.SSLConnectionSocketFactory -  negotiated cipher suite: TLS_AES_128_GCM_SHA256
18:00:25.210 [TestNG-tests-2] DEBUG org.apache.hc.client5.http.ssl.SSLConnectionSocketFactory -  peer principal: CN=*.github.io, O="GitHub, Inc.", L=San Francisco, ST=California, C=US
18:00:25.210 [TestNG-tests-1] DEBUG org.apache.hc.client5.http.ssl.SSLConnectionSocketFactory -  peer principal: CN=*.github.io, O="GitHub, Inc.", L=San Francisco, ST=California, C=US
18:00:25.212 [TestNG-tests-2] DEBUG org.apache.hc.client5.http.ssl.SSLConnectionSocketFactory -  peer alternative names: [*.github.io, github.io, githubusercontent.com, www.github.com, *.github.com, *.githubusercontent.com, github.com]
18:00:25.212 [TestNG-tests-1] DEBUG org.apache.hc.client5.http.ssl.SSLConnectionSocketFactory -  peer alternative names: [*.github.io, github.io, githubusercontent.com, www.github.com, *.github.com, *.githubusercontent.com, github.com]
18:00:25.212 [TestNG-tests-2] DEBUG org.apache.hc.client5.http.ssl.SSLConnectionSocketFactory -  issuer principal: CN=DigiCert Global G2 TLS RSA SHA256 2020 CA1, O=DigiCert Inc, C=US
18:00:25.212 [TestNG-tests-1] DEBUG org.apache.hc.client5.http.ssl.SSLConnectionSocketFactory -  issuer principal: CN=DigiCert Global G2 TLS RSA SHA256 2020 CA1, O=DigiCert Inc, C=US
18:00:25.212 [TestNG-tests-1] DEBUG org.apache.hc.client5.http.impl.io.DefaultManagedHttpClientConnection - http-outgoing-0 set socket timeout to 3 MINUTES
18:00:25.212 [TestNG-tests-2] DEBUG org.apache.hc.client5.http.impl.io.DefaultManagedHttpClientConnection - http-outgoing-1 set socket timeout to 3 MINUTES
18:00:25.212 [TestNG-tests-1] DEBUG org.apache.hc.client5.http.impl.io.DefaultHttpClientConnectionOperator - raw.githubusercontent.com:443 connected null->raw.githubusercontent.com/185.199.111.133:443 as http-outgoing-0
18:00:25.212 [TestNG-tests-2] DEBUG org.apache.hc.client5.http.impl.io.DefaultHttpClientConnectionOperator - raw.githubusercontent.com:443 connected null->raw.githubusercontent.com/185.199.111.133:443 as http-outgoing-1
18:00:25.212 [TestNG-tests-1] DEBUG org.apache.hc.client5.http.impl.io.PoolingHttpClientConnectionManager - ep-0000000001 connected http-outgoing-0
18:00:25.212 [TestNG-tests-2] DEBUG org.apache.hc.client5.http.impl.io.PoolingHttpClientConnectionManager - ep-0000000002 connected http-outgoing-1
18:00:25.212 [TestNG-tests-1] DEBUG org.apache.hc.client5.http.impl.classic.InternalHttpClient - ep-0000000001 endpoint connected
18:00:25.212 [TestNG-tests-2] DEBUG org.apache.hc.client5.http.impl.classic.InternalHttpClient - ep-0000000002 endpoint connected
18:00:25.212 [TestNG-tests-2] DEBUG org.apache.hc.client5.http.impl.classic.MainClientExec - ex-0000000001 executing GET /bonigarcia/webdrivermanager/master/src/main/resources/commands.properties HTTP/1.1
18:00:25.212 [TestNG-tests-1] DEBUG org.apache.hc.client5.http.impl.classic.MainClientExec - ex-0000000002 executing GET /bonigarcia/webdrivermanager/master/src/main/resources/commands.properties HTTP/1.1
18:00:25.213 [TestNG-tests-2] DEBUG org.apache.hc.client5.http.protocol.RequestAddCookies - ex-0000000001 Cookie spec selected: strict
18:00:25.213 [TestNG-tests-1] DEBUG org.apache.hc.client5.http.protocol.RequestAddCookies - ex-0000000002 Cookie spec selected: strict
18:00:25.215 [TestNG-tests-2] DEBUG org.apache.hc.client5.http.impl.classic.InternalHttpClient - ep-0000000002 start execution ex-0000000001
18:00:25.215 [TestNG-tests-1] DEBUG org.apache.hc.client5.http.impl.classic.InternalHttpClient - ep-0000000001 start execution ex-0000000002
18:00:25.215 [TestNG-tests-2] DEBUG org.apache.hc.client5.http.impl.io.PoolingHttpClientConnectionManager - ep-0000000002 executing exchange ex-0000000001 over http-outgoing-1
18:00:25.215 [TestNG-tests-1] DEBUG org.apache.hc.client5.http.impl.io.PoolingHttpClientConnectionManager - ep-0000000001 executing exchange ex-0000000002 over http-outgoing-0
18:00:25.215 [TestNG-tests-2] DEBUG org.apache.hc.client5.http.headers - http-outgoing-1 >> GET /bonigarcia/webdrivermanager/master/src/main/resources/commands.properties HTTP/1.1
18:00:25.215 [TestNG-tests-1] DEBUG org.apache.hc.client5.http.headers - http-outgoing-0 >> GET /bonigarcia/webdrivermanager/master/src/main/resources/commands.properties HTTP/1.1
18:00:25.215 [TestNG-tests-2] DEBUG org.apache.hc.client5.http.headers - http-outgoing-1 >> user-agent: Apache-HttpClient/5.0
18:00:25.215 [TestNG-tests-1] DEBUG org.apache.hc.client5.http.headers - http-outgoing-0 >> user-agent: Apache-HttpClient/5.0
18:00:25.216 [TestNG-tests-2] DEBUG org.apache.hc.client5.http.headers - http-outgoing-1 >> accept-encoding: gzip, deflate, br
18:00:25.216 [TestNG-tests-1] DEBUG org.apache.hc.client5.http.headers - http-outgoing-0 >> accept-encoding: gzip, deflate, br
18:00:25.216 [TestNG-tests-2] DEBUG org.apache.hc.client5.http.headers - http-outgoing-1 >> cache-control: max-age=0
18:00:25.216 [TestNG-tests-1] DEBUG org.apache.hc.client5.http.headers - http-outgoing-0 >> cache-control: max-age=0
18:00:25.216 [TestNG-tests-2] DEBUG org.apache.hc.client5.http.headers - http-outgoing-1 >> connection: keep-alive
18:00:25.216 [TestNG-tests-1] DEBUG org.apache.hc.client5.http.headers - http-outgoing-0 >> connection: keep-alive
18:00:25.216 [TestNG-tests-2] DEBUG org.apache.hc.client5.http.headers - http-outgoing-1 >> Host: raw.githubusercontent.com
18:00:25.216 [TestNG-tests-1] DEBUG org.apache.hc.client5.http.headers - http-outgoing-0 >> Host: raw.githubusercontent.com
18:00:25.216 [TestNG-tests-2] DEBUG org.apache.hc.client5.http.wire - http-outgoing-1 >> "GET /bonigarcia/webdrivermanager/master/src/main/resources/commands.properties HTTP/1.1[\r][\n]"
18:00:25.216 [TestNG-tests-1] DEBUG org.apache.hc.client5.http.wire - http-outgoing-0 >> "GET /bonigarcia/webdrivermanager/master/src/main/resources/commands.properties HTTP/1.1[\r][\n]"
18:00:25.216 [TestNG-tests-2] DEBUG org.apache.hc.client5.http.wire - http-outgoing-1 >> "user-agent: Apache-HttpClient/5.0[\r][\n]"
18:00:25.216 [TestNG-tests-1] DEBUG org.apache.hc.client5.http.wire - http-outgoing-0 >> "user-agent: Apache-HttpClient/5.0[\r][\n]"
18:00:25.216 [TestNG-tests-2] DEBUG org.apache.hc.client5.http.wire - http-outgoing-1 >> "accept-encoding: gzip, deflate, br[\r][\n]"
18:00:25.216 [TestNG-tests-1] DEBUG org.apache.hc.client5.http.wire - http-outgoing-0 >> "accept-encoding: gzip, deflate, br[\r][\n]"
18:00:25.216 [TestNG-tests-2] DEBUG org.apache.hc.client5.http.wire - http-outgoing-1 >> "cache-control: max-age=0[\r][\n]"
18:00:25.216 [TestNG-tests-1] DEBUG org.apache.hc.client5.http.wire - http-outgoing-0 >> "cache-control: max-age=0[\r][\n]"
18:00:25.216 [TestNG-tests-2] DEBUG org.apache.hc.client5.http.wire - http-outgoing-1 >> "connection: keep-alive[\r][\n]"
18:00:25.216 [TestNG-tests-1] DEBUG org.apache.hc.client5.http.wire - http-outgoing-0 >> "connection: keep-alive[\r][\n]"
18:00:25.216 [TestNG-tests-2] DEBUG org.apache.hc.client5.http.wire - http-outgoing-1 >> "Host: raw.githubusercontent.com[\r][\n]"
18:00:25.216 [TestNG-tests-1] DEBUG org.apache.hc.client5.http.wire - http-outgoing-0 >> "Host: raw.githubusercontent.com[\r][\n]"
18:00:25.219 [TestNG-tests-1] DEBUG org.apache.hc.client5.http.wire - http-outgoing-0 >> "[\r][\n]"
18:00:25.219 [TestNG-tests-2] DEBUG org.apache.hc.client5.http.wire - http-outgoing-1 >> "[\r][\n]"
18:00:25.275 [TestNG-tests-1] DEBUG org.apache.hc.client5.http.wire - http-outgoing-0 << "HTTP/1.1 200 OK[\r][\n]"
18:00:25.275 [TestNG-tests-1] DEBUG org.apache.hc.client5.http.wire - http-outgoing-0 << "Connection: keep-alive[\r][\n]"
18:00:25.275 [TestNG-tests-1] DEBUG org.apache.hc.client5.http.wire - http-outgoing-0 << "Content-Length: 745[\r][\n]"
18:00:25.275 [TestNG-tests-1] DEBUG org.apache.hc.client5.http.wire - http-outgoing-0 << "Cache-Control: max-age=300[\r][\n]"
18:00:25.275 [TestNG-tests-1] DEBUG org.apache.hc.client5.http.wire - http-outgoing-0 << "Content-Security-Policy: default-src 'none'; style-src 'unsafe-inline'; sandbox[\r][\n]"
18:00:25.275 [TestNG-tests-1] DEBUG org.apache.hc.client5.http.wire - http-outgoing-0 << "Content-Type: text/plain; charset=utf-8[\r][\n]"
18:00:25.275 [TestNG-tests-1] DEBUG org.apache.hc.client5.http.wire - http-outgoing-0 << "ETag: W/"dd41edff335272162022217759820159dac501cff56850e2510f504462cd9b5f"[\r][\n]"
18:00:25.275 [TestNG-tests-1] DEBUG org.apache.hc.client5.http.wire - http-outgoing-0 << "Strict-Transport-Security: max-age=31536000[\r][\n]"
18:00:25.275 [TestNG-tests-1] DEBUG org.apache.hc.client5.http.wire - http-outgoing-0 << "X-Content-Type-Options: nosniff[\r][\n]"
18:00:25.275 [TestNG-tests-1] DEBUG org.apache.hc.client5.http.wire - http-outgoing-0 << "X-Frame-Options: deny[\r][\n]"
18:00:25.275 [TestNG-tests-1] DEBUG org.apache.hc.client5.http.wire - http-outgoing-0 << "X-XSS-Protection: 1; mode=block[\r][\n]"
18:00:25.275 [TestNG-tests-1] DEBUG org.apache.hc.client5.http.wire - http-outgoing-0 << "X-GitHub-Request-Id: 4453:2D58F0:32503F:3A6C08:67180F89[\r][\n]"
18:00:25.275 [TestNG-tests-1] DEBUG org.apache.hc.client5.http.wire - http-outgoing-0 << "Content-Encoding: gzip[\r][\n]"
18:00:25.275 [TestNG-tests-1] DEBUG org.apache.hc.client5.http.wire - http-outgoing-0 << "Accept-Ranges: bytes[\r][\n]"
18:00:25.275 [TestNG-tests-1] DEBUG org.apache.hc.client5.http.wire - http-outgoing-0 << "Date: Tue, 05 Nov 2024 11:00:25 GMT[\r][\n]"
18:00:25.276 [TestNG-tests-1] DEBUG org.apache.hc.client5.http.wire - http-outgoing-0 << "Via: 1.1 varnish[\r][\n]"
18:00:25.276 [TestNG-tests-1] DEBUG org.apache.hc.client5.http.wire - http-outgoing-0 << "X-Served-By: cache-qpg120103-QPG[\r][\n]"
18:00:25.276 [TestNG-tests-1] DEBUG org.apache.hc.client5.http.wire - http-outgoing-0 << "X-Cache: HIT[\r][\n]"
18:00:25.276 [TestNG-tests-1] DEBUG org.apache.hc.client5.http.wire - http-outgoing-0 << "X-Cache-Hits: 1[\r][\n]"
18:00:25.276 [TestNG-tests-1] DEBUG org.apache.hc.client5.http.wire - http-outgoing-0 << "X-Timer: S1730804425.320665,VS0,VE1[\r][\n]"
18:00:25.276 [TestNG-tests-1] DEBUG org.apache.hc.client5.http.wire - http-outgoing-0 << "Vary: Authorization,Accept-Encoding,Origin[\r][\n]"
18:00:25.276 [TestNG-tests-1] DEBUG org.apache.hc.client5.http.wire - http-outgoing-0 << "Access-Control-Allow-Origin: *[\r][\n]"
18:00:25.276 [TestNG-tests-1] DEBUG org.apache.hc.client5.http.wire - http-outgoing-0 << "Cross-Origin-Resource-Policy: cross-origin[\r][\n]"
18:00:25.276 [TestNG-tests-1] DEBUG org.apache.hc.client5.http.wire - http-outgoing-0 << "X-Fastly-Request-ID: a5ffde6e86bfbae406b57fe08422e0670127f8ba[\r][\n]"
18:00:25.276 [TestNG-tests-1] DEBUG org.apache.hc.client5.http.wire - http-outgoing-0 << "Expires: Tue, 05 Nov 2024 11:05:25 GMT[\r][\n]"
18:00:25.276 [TestNG-tests-1] DEBUG org.apache.hc.client5.http.wire - http-outgoing-0 << "Source-Age: 125[\r][\n]"
18:00:25.276 [TestNG-tests-1] DEBUG org.apache.hc.client5.http.wire - http-outgoing-0 << "[\r][\n]"
18:00:25.277 [TestNG-tests-1] DEBUG org.apache.hc.client5.http.headers - http-outgoing-0 << HTTP/1.1 200 OK
18:00:25.277 [TestNG-tests-1] DEBUG org.apache.hc.client5.http.headers - http-outgoing-0 << Connection: keep-alive
18:00:25.277 [TestNG-tests-1] DEBUG org.apache.hc.client5.http.headers - http-outgoing-0 << Content-Length: 745
18:00:25.277 [TestNG-tests-1] DEBUG org.apache.hc.client5.http.headers - http-outgoing-0 << Cache-Control: max-age=300
18:00:25.277 [TestNG-tests-1] DEBUG org.apache.hc.client5.http.headers - http-outgoing-0 << Content-Security-Policy: default-src 'none'; style-src 'unsafe-inline'; sandbox
18:00:25.277 [TestNG-tests-1] DEBUG org.apache.hc.client5.http.headers - http-outgoing-0 << Content-Type: text/plain; charset=utf-8
18:00:25.277 [TestNG-tests-1] DEBUG org.apache.hc.client5.http.headers - http-outgoing-0 << ETag: W/"dd41edff335272162022217759820159dac501cff56850e2510f504462cd9b5f"
18:00:25.277 [TestNG-tests-1] DEBUG org.apache.hc.client5.http.headers - http-outgoing-0 << Strict-Transport-Security: max-age=31536000
18:00:25.277 [TestNG-tests-1] DEBUG org.apache.hc.client5.http.headers - http-outgoing-0 << X-Content-Type-Options: nosniff
18:00:25.277 [TestNG-tests-1] DEBUG org.apache.hc.client5.http.headers - http-outgoing-0 << X-Frame-Options: deny
18:00:25.277 [TestNG-tests-1] DEBUG org.apache.hc.client5.http.headers - http-outgoing-0 << X-XSS-Protection: 1; mode=block
18:00:25.277 [TestNG-tests-1] DEBUG org.apache.hc.client5.http.headers - http-outgoing-0 << X-GitHub-Request-Id: 4453:2D58F0:32503F:3A6C08:67180F89
18:00:25.277 [TestNG-tests-1] DEBUG org.apache.hc.client5.http.headers - http-outgoing-0 << Content-Encoding: gzip
18:00:25.277 [TestNG-tests-1] DEBUG org.apache.hc.client5.http.headers - http-outgoing-0 << Accept-Ranges: bytes
18:00:25.277 [TestNG-tests-1] DEBUG org.apache.hc.client5.http.headers - http-outgoing-0 << Date: Tue, 05 Nov 2024 11:00:25 GMT
18:00:25.277 [TestNG-tests-1] DEBUG org.apache.hc.client5.http.headers - http-outgoing-0 << Via: 1.1 varnish
18:00:25.277 [TestNG-tests-1] DEBUG org.apache.hc.client5.http.headers - http-outgoing-0 << X-Served-By: cache-qpg120103-QPG
18:00:25.277 [TestNG-tests-1] DEBUG org.apache.hc.client5.http.headers - http-outgoing-0 << X-Cache: HIT
18:00:25.277 [TestNG-tests-1] DEBUG org.apache.hc.client5.http.headers - http-outgoing-0 << X-Cache-Hits: 1
18:00:25.277 [TestNG-tests-1] DEBUG org.apache.hc.client5.http.headers - http-outgoing-0 << X-Timer: S1730804425.320665,VS0,VE1
18:00:25.277 [TestNG-tests-1] DEBUG org.apache.hc.client5.http.headers - http-outgoing-0 << Vary: Authorization,Accept-Encoding,Origin
18:00:25.277 [TestNG-tests-1] DEBUG org.apache.hc.client5.http.headers - http-outgoing-0 << Access-Control-Allow-Origin: *
18:00:25.277 [TestNG-tests-1] DEBUG org.apache.hc.client5.http.headers - http-outgoing-0 << Cross-Origin-Resource-Policy: cross-origin
18:00:25.277 [TestNG-tests-1] DEBUG org.apache.hc.client5.http.headers - http-outgoing-0 << X-Fastly-Request-ID: a5ffde6e86bfbae406b57fe08422e0670127f8ba
18:00:25.277 [TestNG-tests-1] DEBUG org.apache.hc.client5.http.headers - http-outgoing-0 << Expires: Tue, 05 Nov 2024 11:05:25 GMT
18:00:25.277 [TestNG-tests-1] DEBUG org.apache.hc.client5.http.headers - http-outgoing-0 << Source-Age: 125
18:00:25.278 [TestNG-tests-1] DEBUG org.apache.hc.client5.http.impl.classic.MainClientExec - ex-0000000002 connection can be kept alive for 3 MINUTES
18:00:25.279 [TestNG-tests-1] DEBUG org.apache.hc.client5.http.wire - http-outgoing-0 << "[0x1f][0xffffff8b][0x8][0x0][0x0][0x0][0x0][0x0][0x0][0x3][0xffffffb5]W]o[0xffffffda]0[0x14]}[0xffffffe7]W\QUj% [0x1b][0xffffffad][0xffffffa6]i[0x12][0xf]4c[0xffffffdd]4*[0x18][0xffffffb4][0xffffffdd]&[0xfffffff9][0xffffffc5]$N[0xffffffb0][0xffffff94][0xffffffd8][0xffffffc8]NJ[0xffffffb7]_?[0xffffffdb][0xfffffff9]X[0xffffff92]:[0xffffffa3]k[0xffffffe8][0x1b][0xffffffb6][0xffffffef]=[0xffffffe7][0xffffffd8][0xfffffff7][0xffffffe4][0xffffffda][0xffffff9c][0xffffff80][0xffffffcb][0xffffffe3][0x18]3_[0xffffff82][0xffffff8f][0x13][0xffffffbc][0xffffffc1][0xffffff92][0xfffffff4]N[0xffffffe0]vK%[0x4]4"[0xffffffe0]q[0xffffff96]`[0xffffffca]$$[=[0xffffffc8]C[0x13][0xe][0x1b][0x2][0xffffffe4][0xffffff91]xiB|[0xffffffa0][0xffffffcc],[0xffffffcb]-[0xffffff89]"=[0xffffffe0][0xffffffc2]'B[0x7][0xfffffff9]$!^b[0x16][0x1f][0xffffff88][0xffffff90][0xffffff94][0xffffffab][0xffffffb5][0x0][0xffffff88][0xfffffffa][0x1d][\n]"
18:00:25.279 [TestNG-tests-1] DEBUG org.apache.hc.client5.http.wire - http-outgoing-0 << "B[0x18]l[0x4][0xffffffdf]K[0xffffffb5][0xffffffa0]([0xffffffcf][0xffffffdc][0xffffffad][0xffffffe0]1[0x19][0xffffffc0]'*H[0xffffffc0][0x1f][0x7][0xffffffb0][0xffffffd8][0x11][0xffffff81][0x7]0[0xfffffff3]C5kVi[0x1a][0xffffff9f]k|[0xffffff9f][0x6][0x1][0x11][0xffffff84]%[0xffffffc0]uLBY[0x8][0xfffffff2][0xffffff97]LH,[0xffffffe1][0xffffffec];e[0xffffffbe]B[0x1d][0xffffffc0][0xffffff9c][0xffffffb2]T[0xffffffc1][0xffffffdc]`[0xf][0x16][0xffffffeb][0xfffffff3][0xffffff9e][0xffffffe2][0xffffffc8](z[0xfffffff9]6F[0xffffff9e][0x19][0xffffff8e][0xfffffff6]Y[0xffffffc2][0xffffffe8][0xffffffcd][0xffffffdb][0xffffff89][0x17][0xfffffffb]#[0xffffffb5]+p\[0xffffffd8][0xffffffc7][0xffffffd4]3Gb[0xffffff8e]a[0xffffffbf]U|[0xffffffc0]pL&[0xfffffffd][0xffffffd3][0xffffffe5]jq[0xffffffbd][0xffffff9a][0xffffffde]|[0xfffffffa]2[0xffffff9f][0xffffffad]?[0xffffffa0][0x9]B[0xffffffa7][0x8]]s[0x1e]F[0x4][0xffffffa1][0xffffff8c][0x2][0xffffffa1][0xffffffe9]n[0x17]QOI[0xffffffe3][0xc][0xffffffa1][0xffffff9c]H![0xfffffff7]!$[0x9][0xffffffdc][0xffffffe7]g[0xffffffe1]<[0xffffffe0](m[0xffffffd7]3~[0xffffff81][0xffffff9e][0xffffffb3][0x1f][0xffffffef][0xffffffdf][0xffffff9d][0xffffffbf][0xffffffa6][0xffffffa8][0xffffff8b]g[0xffffff8a][0xffffff9a]/[0xffffffdc][0xffffffe9]|[0xffffffba]\~[0xffffff9c][0xffffffde]N_S[0xffffffcf][0xffffffe5]d5[0xffffffbb][0xffffff86]ow[0xffffffb3][0xffffffd5]O[0xfffffff8][0xfffffffc][0xffffffd5][0xffffffbd]Ck[0x1e]${,H[0xffffffc1][0xffffff96][0xffffff93]][0xffffffcd][0xffffffaf][0x8][0xfffffff6][0xc]^[0xffffffe1][0xffffffc5]^[0x13]4[0xffffffd2][0xffffff8e][0xffffffd1]>pR)[0xffffff9c][\r]eNh0[0xffffff86][0xffffffd9]:[0xc][0xffffff87]E[0xffffffa6]=q<i[0xffffff8b]o&[0xffffffc4][0xffffffd8]3<[0xffffff95][0x13][0xffffff90]N&8w[0xffffffe9][0x8][0xffffffef]v[0xffffff8e][0xffffffab][0xffffffbe]>es[0xffffffe9]([0x13]/[0xffffffd6][0xfffffff5][0xffffff80]*[0xffffffba][0xfffffff2]v[0xfffffffe][0xffffffd9][0xffffff94]DA6>[0xffffff8e][0xffffffbb]o[0xfffffff8]o[0x1a]E[0xffffffb8] A[0xffffffa8]@?T[0xffffffad]'*:{[0xfffffffa]xR.*[0xffffffce][0xffffffe9][0xffffffd7][0xffffffad][0xffffff93][0xffffff93]4[0xffffffc9][0xfffffffa][0xffffffda]<n*t[0xffffffeb][0xffffffb9]oV[0xffffffb6][0xffffffc0]/M[0xffffff94]O[0xffffffc0][0xfffffff0][0xffffffe1]i[0xffffff90][0xffffffb5][0xfffffffe]9[0xffffff8b][0xffffffad][0xfffffff2]U,Ul[0xffffffdd][0x13]KL[0xffffffa2][0x6][0xffffffdd][0xffffffca]\?`[0xffffffea][0x9].[0xffffffd5]I [0xffffffa4]i[0x1a]_i,[\r][0xffffffdd][0xffffffa1][0xffffffc3][0xffffffae]kzI[0xffffffd1]_Q[0xffffffce]Ek[0xffffffcb][0xfffffff8]Kf[0xffffffb8][0xfffffffe][0xffffffd9]3[0xc][0xffffffe6][0xffffffd3][0xffffff8e][0x11][0x17][0x10]C[0x1d]`i[0x19][0xffffffd5][0xffffffbc][0xfffffff1][0xffffffa4]5[0xffffffbc][0x1e]o[0xfffffff5]K[0xffffffa9][0xffffffd6][0xfffffff8][0xffffffc1]f[0xffffff9b]z[0x4][0xffffffd4][0x1a][0xffffff86][0xffffffb9]^K[0x16]s[0xffffff91][0xfffffffe][0xffffffbf][0xffffff8b]l]~)x(p,[0x11]2[0x14][0x8]E8e[0xffffff9e][0xffffffca]:X[0xffffffa6][0xffffff86][0xffffff88].[0xffffffb6]9[0xffffff9a][0xffffff88].[0xfffffff7]]G[0xffffffea][0xffffffcb][0xe][0xfffffffb][0x7f].u[0xffffff83][0xffffffbb][0xfffffff4][0xffffffb3][0x19][0xffffffda][0xffffffec][0xffffff98][0xffffffc5]Y[0xfffffffd]h8m6\4[0xffffffc1][0xffffff8a][0xffffffb7][0xffffff98]z[0xffffffd0][0xffffffd5]oF5q[0x1c][0x13][0x16][0xfffffff0][0x1d][0x1e][0x19]5-[0xffffff9d][0xffffffef][0xffffffad]c[0xb]z[0xffffffae]/m[0xffffffe6]8[0xffffffb6][0xffffff96][0xfffffff6]7X[0xffffffc9]t[0xfffffff8][0xfffffff9][0xffffffa5][0x11]K[0xfffffffb][0x15]3[0xffffffc3][0xfffffffc][0x1f]B[0xffffffdb][0xffffffd3][0xffffffab][0xffffff92]4.[0xffffff93]Z[0xffffffdf]]:[0xffffffda][0xffffffea][0xffffffdc]B[0xffffffa6][0xffffffcd][0xffffffbc][0xffffffae][0x5][0xfffffff5][0x4][0xffffffd6]8[0xffffffc0][0xffffff82][0xffffff96][0xfffffff0][0xffffffd2][0xc][0xffffffed][0xffffffe0]Y[0xffffffa8][\r]:[[0xffffffa9][0x0][0xffffffff][0x1][0xfffffff8][0x15][0xffffffb4][0xffffffee][0xffffff8e][\r][0x0][0x0]"
18:00:25.280 [TestNG-tests-1] DEBUG org.apache.hc.client5.http.impl.classic.InternalHttpClient - ep-0000000001 releasing valid endpoint
18:00:25.280 [TestNG-tests-1] DEBUG org.apache.hc.client5.http.impl.io.PoolingHttpClientConnectionManager - ep-0000000001 releasing endpoint
18:00:25.280 [TestNG-tests-1] DEBUG org.apache.hc.client5.http.impl.io.PoolingHttpClientConnectionManager - ep-0000000001 connection http-outgoing-0 can be kept alive for 3 MINUTES
18:00:25.280 [TestNG-tests-1] DEBUG org.apache.hc.client5.http.impl.io.PoolingHttpClientConnectionManager - ep-0000000001 connection released [route: {s}->https://raw.githubusercontent.com:443][total available: 1; route allocated: 1 of 5; total allocated: 1 of 25]
18:00:25.280 [TestNG-tests-1] DEBUG io.github.bonigarcia.wdm.versions.VersionDetector - Detecting chrome version using online commands.properties
18:00:25.281 [TestNG-tests-1] DEBUG io.github.bonigarcia.wdm.versions.Shell - Running command on the shell: [/Applications/Google Chrome.app/Contents/MacOS/Google Chrome, --version]
18:00:25.287 [TestNG-tests-2] DEBUG org.apache.hc.client5.http.wire - http-outgoing-1 << "HTTP/1.1 200 OK[\r][\n]"
18:00:25.287 [TestNG-tests-2] DEBUG org.apache.hc.client5.http.wire - http-outgoing-1 << "Connection: keep-alive[\r][\n]"
18:00:25.287 [TestNG-tests-2] DEBUG org.apache.hc.client5.http.wire - http-outgoing-1 << "Content-Length: 745[\r][\n]"
18:00:25.287 [TestNG-tests-2] DEBUG org.apache.hc.client5.http.wire - http-outgoing-1 << "Cache-Control: max-age=300[\r][\n]"
18:00:25.287 [TestNG-tests-2] DEBUG org.apache.hc.client5.http.wire - http-outgoing-1 << "Content-Security-Policy: default-src 'none'; style-src 'unsafe-inline'; sandbox[\r][\n]"
18:00:25.287 [TestNG-tests-2] DEBUG org.apache.hc.client5.http.wire - http-outgoing-1 << "Content-Type: text/plain; charset=utf-8[\r][\n]"
18:00:25.287 [TestNG-tests-2] DEBUG org.apache.hc.client5.http.wire - http-outgoing-1 << "ETag: W/"dd41edff335272162022217759820159dac501cff56850e2510f504462cd9b5f"[\r][\n]"
18:00:25.287 [TestNG-tests-2] DEBUG org.apache.hc.client5.http.wire - http-outgoing-1 << "Strict-Transport-Security: max-age=31536000[\r][\n]"
18:00:25.287 [TestNG-tests-2] DEBUG org.apache.hc.client5.http.wire - http-outgoing-1 << "X-Content-Type-Options: nosniff[\r][\n]"
18:00:25.287 [TestNG-tests-2] DEBUG org.apache.hc.client5.http.wire - http-outgoing-1 << "X-Frame-Options: deny[\r][\n]"
18:00:25.287 [TestNG-tests-2] DEBUG org.apache.hc.client5.http.wire - http-outgoing-1 << "X-XSS-Protection: 1; mode=block[\r][\n]"
18:00:25.287 [TestNG-tests-2] DEBUG org.apache.hc.client5.http.wire - http-outgoing-1 << "X-GitHub-Request-Id: 4453:2D58F0:32503F:3A6C08:67180F89[\r][\n]"
18:00:25.287 [TestNG-tests-2] DEBUG org.apache.hc.client5.http.wire - http-outgoing-1 << "Content-Encoding: gzip[\r][\n]"
18:00:25.287 [TestNG-tests-2] DEBUG org.apache.hc.client5.http.wire - http-outgoing-1 << "Accept-Ranges: bytes[\r][\n]"
18:00:25.287 [TestNG-tests-2] DEBUG org.apache.hc.client5.http.wire - http-outgoing-1 << "Date: Tue, 05 Nov 2024 11:00:25 GMT[\r][\n]"
18:00:25.287 [TestNG-tests-2] DEBUG org.apache.hc.client5.http.wire - http-outgoing-1 << "Via: 1.1 varnish[\r][\n]"
18:00:25.287 [TestNG-tests-2] DEBUG org.apache.hc.client5.http.wire - http-outgoing-1 << "X-Served-By: cache-qpg1281-QPG[\r][\n]"
18:00:25.287 [TestNG-tests-2] DEBUG org.apache.hc.client5.http.wire - http-outgoing-1 << "X-Cache: HIT[\r][\n]"
18:00:25.287 [TestNG-tests-2] DEBUG org.apache.hc.client5.http.wire - http-outgoing-1 << "X-Cache-Hits: 1[\r][\n]"
18:00:25.287 [TestNG-tests-2] DEBUG org.apache.hc.client5.http.wire - http-outgoing-1 << "X-Timer: S1730804425.322254,VS0,VE1[\r][\n]"
18:00:25.287 [TestNG-tests-2] DEBUG org.apache.hc.client5.http.wire - http-outgoing-1 << "Vary: Authorization,Accept-Encoding,Origin[\r][\n]"
18:00:25.287 [TestNG-tests-2] DEBUG org.apache.hc.client5.http.wire - http-outgoing-1 << "Access-Control-Allow-Origin: *[\r][\n]"
18:00:25.287 [TestNG-tests-2] DEBUG org.apache.hc.client5.http.wire - http-outgoing-1 << "Cross-Origin-Resource-Policy: cross-origin[\r][\n]"
18:00:25.287 [TestNG-tests-2] DEBUG org.apache.hc.client5.http.wire - http-outgoing-1 << "X-Fastly-Request-ID: 7cd207244a29e69d4a61854964f9f08fb3ca14f0[\r][\n]"
18:00:25.287 [TestNG-tests-2] DEBUG org.apache.hc.client5.http.wire - http-outgoing-1 << "Expires: Tue, 05 Nov 2024 11:05:25 GMT[\r][\n]"
18:00:25.287 [TestNG-tests-2] DEBUG org.apache.hc.client5.http.wire - http-outgoing-1 << "Source-Age: 125[\r][\n]"
18:00:25.287 [TestNG-tests-2] DEBUG org.apache.hc.client5.http.wire - http-outgoing-1 << "[\r][\n]"
18:00:25.287 [TestNG-tests-2] DEBUG org.apache.hc.client5.http.headers - http-outgoing-1 << HTTP/1.1 200 OK
18:00:25.287 [TestNG-tests-2] DEBUG org.apache.hc.client5.http.headers - http-outgoing-1 << Connection: keep-alive
18:00:25.287 [TestNG-tests-2] DEBUG org.apache.hc.client5.http.headers - http-outgoing-1 << Content-Length: 745
18:00:25.287 [TestNG-tests-2] DEBUG org.apache.hc.client5.http.headers - http-outgoing-1 << Cache-Control: max-age=300
18:00:25.287 [TestNG-tests-2] DEBUG org.apache.hc.client5.http.headers - http-outgoing-1 << Content-Security-Policy: default-src 'none'; style-src 'unsafe-inline'; sandbox
18:00:25.287 [TestNG-tests-2] DEBUG org.apache.hc.client5.http.headers - http-outgoing-1 << Content-Type: text/plain; charset=utf-8
18:00:25.287 [TestNG-tests-2] DEBUG org.apache.hc.client5.http.headers - http-outgoing-1 << ETag: W/"dd41edff335272162022217759820159dac501cff56850e2510f504462cd9b5f"
18:00:25.287 [TestNG-tests-2] DEBUG org.apache.hc.client5.http.headers - http-outgoing-1 << Strict-Transport-Security: max-age=31536000
18:00:25.287 [TestNG-tests-2] DEBUG org.apache.hc.client5.http.headers - http-outgoing-1 << X-Content-Type-Options: nosniff
18:00:25.288 [TestNG-tests-2] DEBUG org.apache.hc.client5.http.headers - http-outgoing-1 << X-Frame-Options: deny
18:00:25.288 [TestNG-tests-2] DEBUG org.apache.hc.client5.http.headers - http-outgoing-1 << X-XSS-Protection: 1; mode=block
18:00:25.288 [TestNG-tests-2] DEBUG org.apache.hc.client5.http.headers - http-outgoing-1 << X-GitHub-Request-Id: 4453:2D58F0:32503F:3A6C08:67180F89
18:00:25.288 [TestNG-tests-2] DEBUG org.apache.hc.client5.http.headers - http-outgoing-1 << Content-Encoding: gzip
18:00:25.288 [TestNG-tests-2] DEBUG org.apache.hc.client5.http.headers - http-outgoing-1 << Accept-Ranges: bytes
18:00:25.288 [TestNG-tests-2] DEBUG org.apache.hc.client5.http.headers - http-outgoing-1 << Date: Tue, 05 Nov 2024 11:00:25 GMT
18:00:25.288 [TestNG-tests-2] DEBUG org.apache.hc.client5.http.headers - http-outgoing-1 << Via: 1.1 varnish
18:00:25.288 [TestNG-tests-2] DEBUG org.apache.hc.client5.http.headers - http-outgoing-1 << X-Served-By: cache-qpg1281-QPG
18:00:25.288 [TestNG-tests-2] DEBUG org.apache.hc.client5.http.headers - http-outgoing-1 << X-Cache: HIT
18:00:25.288 [TestNG-tests-2] DEBUG org.apache.hc.client5.http.headers - http-outgoing-1 << X-Cache-Hits: 1
18:00:25.288 [TestNG-tests-2] DEBUG org.apache.hc.client5.http.headers - http-outgoing-1 << X-Timer: S1730804425.322254,VS0,VE1
18:00:25.288 [TestNG-tests-2] DEBUG org.apache.hc.client5.http.headers - http-outgoing-1 << Vary: Authorization,Accept-Encoding,Origin
18:00:25.288 [TestNG-tests-2] DEBUG org.apache.hc.client5.http.headers - http-outgoing-1 << Access-Control-Allow-Origin: *
18:00:25.288 [TestNG-tests-2] DEBUG org.apache.hc.client5.http.headers - http-outgoing-1 << Cross-Origin-Resource-Policy: cross-origin
18:00:25.288 [TestNG-tests-2] DEBUG org.apache.hc.client5.http.headers - http-outgoing-1 << X-Fastly-Request-ID: 7cd207244a29e69d4a61854964f9f08fb3ca14f0
18:00:25.288 [TestNG-tests-2] DEBUG org.apache.hc.client5.http.headers - http-outgoing-1 << Expires: Tue, 05 Nov 2024 11:05:25 GMT
18:00:25.288 [TestNG-tests-2] DEBUG org.apache.hc.client5.http.headers - http-outgoing-1 << Source-Age: 125
18:00:25.288 [TestNG-tests-2] DEBUG org.apache.hc.client5.http.impl.classic.MainClientExec - ex-0000000001 connection can be kept alive for 3 MINUTES
18:00:25.288 [TestNG-tests-2] DEBUG org.apache.hc.client5.http.wire - http-outgoing-1 << "[0x1f][0xffffff8b][0x8][0x0][0x0][0x0][0x0][0x0][0x0][0x3][0xffffffb5]W]o[0xffffffda]0[0x14]}[0xffffffe7]W\QUj% [0x1b][0xffffffad][0xffffffa6]i[0x12][0xf]4c[0xffffffdd]4*[0x18][0xffffffb4][0xffffffdd]&[0xfffffff9][0xffffffc5]$N[0xffffffb0][0xffffff94][0xffffffd8][0xffffffc8]NJ[0xffffffb7]_?[0xffffffdb][0xfffffff9]X[0xffffff92]:[0xffffffa3]k[0xffffffe8][0x1b][0xffffffb6][0xffffffef]=[0xffffffe7][0xffffffd8][0xfffffff7][0xffffffe4][0xffffffda][0xffffff9c][0xffffff80][0xffffffcb][0xffffffe3][0x18]3_[0xffffff82][0xffffff8f][0x13][0xffffffbc][0xffffffc1][0xffffff92][0xfffffff4]N[0xffffffe0]vK%[0x4]4"[0xffffffe0]q[0xffffff96]`[0xffffffca]$$[=[0xffffffc8]C[0x13][0xe][0x1b][0x2][0xffffffe4][0xffffff91]xiB|[0xffffffa0][0xffffffcc],[0xffffffcb]-[0xffffff89]"=[0xffffffe0][0xffffffc2]'B[0x7][0xfffffff9]$!^b[0x16][0x1f][0xffffff88][0xffffff90][0xffffff94][0xffffffab][0xffffffb5][0x0][0xffffff88][0xfffffffa][0x1d][\n]"
18:00:25.288 [TestNG-tests-2] DEBUG org.apache.hc.client5.http.wire - http-outgoing-1 << "B[0x18]l[0x4][0xffffffdf]K[0xffffffb5][0xffffffa0]([0xffffffcf][0xffffffdc][0xffffffad][0xffffffe0]1[0x19][0xffffffc0]'*H[0xffffffc0][0x1f][0x7][0xffffffb0][0xffffffd8][0x11][0xffffff81][0x7]0[0xfffffff3]C5kVi[0x1a][0xffffff9f]k|[0xffffff9f][0x6][0x1][0x11][0xffffff84]%[0xffffffc0]uLBY[0x8][0xfffffff2][0xffffff97]LH,[0xffffffe1][0xffffffec];e[0xffffffbe]B[0x1d][0xffffffc0][0xffffff9c][0xffffffb2]T[0xffffffc1][0xffffffdc]`[0xf][0x16][0xffffffeb][0xfffffff3][0xffffff9e][0xffffffe2][0xffffffc8](z[0xfffffff9]6F[0xffffff9e][0x19][0xffffff8e][0xfffffff6]Y[0xffffffc2][0xffffffe8][0xffffffcd][0xffffffdb][0xffffff89][0x17][0xfffffffb]#[0xffffffb5]+p\[0xffffffd8][0xffffffc7][0xffffffd4]3Gb[0xffffff8e]a[0xffffffbf]U|[0xffffffc0]pL&[0xfffffffd][0xffffffd3][0xffffffe5]jq[0xffffffbd][0xffffff9a][0xffffffde]|[0xfffffffa]2[0xffffff9f][0xffffffad]?[0xffffffa0][0x9]B[0xffffffa7][0x8]]s[0x1e]F[0x4][0xffffffa1][0xffffff8c][0x2][0xffffffa1][0xffffffe9]n[0x17]QOI[0xffffffe3][0xc][0xffffffa1][0xffffff9c]H![0xfffffff7]!$[0x9][0xffffffdc][0xffffffe7]g[0xffffffe1]<[0xffffffe0](m[0xffffffd7]3~[0xffffff81][0xffffff9e][0xffffffb3][0x1f][0xffffffef][0xffffffdf][0xffffff9d][0xffffffbf][0xffffffa6][0xffffffa8][0xffffff8b]g[0xffffff8a][0xffffff9a]/[0xffffffdc][0xffffffe9]|[0xffffffba]\~[0xffffff9c][0xffffffde]N_S[0xffffffcf][0xffffffe5]d5[0xffffffbb][0xffffff86]ow[0xffffffb3][0xffffffd5]O[0xfffffff8][0xfffffffc][0xffffffd5][0xffffffbd]Ck[0x1e]${,H[0xffffffc1][0xffffff96][0xffffff93]][0xffffffcd][0xffffffaf][0x8][0xfffffff6][0xc]^[0xffffffe1][0xffffffc5]^[0x13]4[0xffffffd2][0xffffff8e][0xffffffd1]>pR)[0xffffff9c][\r]eNh0[0xffffff86][0xffffffd9]:[0xc][0xffffff87]E[0xffffffa6]=q<i[0xffffff8b]o&[0xffffffc4][0xffffffd8]3<[0xffffff95][0x13][0xffffff90]N&8w[0xffffffe9][0x8][0xffffffef]v[0xffffff8e][0xffffffab][0xffffffbe]>es[0xffffffe9]([0x13]/[0xffffffd6][0xfffffff5][0xffffff80]*[0xffffffba][0xfffffff2]v[0xfffffffe][0xffffffd9][0xffffff94]DA6>[0xffffff8e][0xffffffbb]o[0xfffffff8]o[0x1a]E[0xffffffb8] A[0xffffffa8]@?T[0xffffffad]'*:{[0xfffffffa]xR.*[0xffffffce][0xffffffe9][0xffffffd7][0xffffffad][0xffffff93][0xffffff93]4[0xffffffc9][0xfffffffa][0xffffffda]<n*t[0xffffffeb][0xffffffb9]oV[0xffffffb6][0xffffffc0]/M[0xffffff94]O[0xffffffc0][0xfffffff0][0xffffffe1]i[0xffffff90][0xffffffb5][0xfffffffe]9[0xffffff8b][0xffffffad][0xfffffff2]U,Ul[0xffffffdd][0x13]KL[0xffffffa2][0x6][0xffffffdd][0xffffffca]\?`[0xffffffea][0x9].[0xffffffd5]I [0xffffffa4]i[0x1a]_i,[\r][0xffffffdd][0xffffffa1][0xffffffc3][0xffffffae]kzI[0xffffffd1]_Q[0xffffffce]Ek[0xffffffcb][0xfffffff8]Kf[0xffffffb8][0xfffffffe][0xffffffd9]3[0xc][0xffffffe6][0xffffffd3][0xffffff8e][0x11][0x17][0x10]C[0x1d]`i[0x19][0xffffffd5][0xffffffbc][0xfffffff1][0xffffffa4]5[0xffffffbc][0x1e]o[0xfffffff5]K[0xffffffa9][0xffffffd6][0xfffffff8][0xffffffc1]f[0xffffff9b]z[0x4][0xffffffd4][0x1a][0xffffff86][0xffffffb9]^K[0x16]s[0xffffff91][0xfffffffe][0xffffffbf][0xffffff8b]l]~)x(p,[0x11]2[0x14][0x8]E8e[0xffffff9e][0xffffffca]:X[0xffffffa6][0xffffff86][0xffffff88].[0xffffffb6]9[0xffffff9a][0xffffff88].[0xfffffff7]]G[0xffffffea][0xffffffcb][0xe][0xfffffffb][0x7f].u[0xffffff83][0xffffffbb][0xfffffff4][0xffffffb3][0x19][0xffffffda][0xffffffec][0xffffff98][0xffffffc5]Y[0xfffffffd]h8m6\4[0xffffffc1][0xffffff8a][0xffffffb7][0xffffff98]z[0xffffffd0][0xffffffd5]oF5q[0x1c][0x13][0x16][0xfffffff0][0x1d][0x1e][0x19]5-[0xffffff9d][0xffffffef][0xffffffad]c[0xb]z[0xffffffae]/m[0xffffffe6]8[0xffffffb6][0xffffff96][0xfffffff6]7X[0xffffffc9]t[0xfffffff8][0xfffffff9][0xffffffa5][0x11]K[0xfffffffb][0x15]3[0xffffffc3][0xfffffffc][0x1f]B[0xffffffdb][0xffffffd3][0xffffffab][0xffffff92]4.[0xffffff93]Z[0xffffffdf]]:[0xffffffda][0xffffffea][0xffffffdc]B[0xffffffa6][0xffffffcd][0xffffffbc][0xffffffae][0x5][0xfffffff5][0x4][0xffffffd6]8[0xffffffc0][0xffffff82][0xffffff96][0xfffffff0][0xffffffd2][0xc][0xffffffed][0xffffffe0]Y[0xffffffa8][\r]:[[0xffffffa9][0x0][0xffffffff][0x1][0xfffffff8][0x15][0xffffffb4][0xffffffee][0xffffff8e][\r][0x0][0x0]"
18:00:25.289 [TestNG-tests-2] DEBUG org.apache.hc.client5.http.impl.classic.InternalHttpClient - ep-0000000002 releasing valid endpoint
18:00:25.289 [TestNG-tests-2] DEBUG org.apache.hc.client5.http.impl.io.PoolingHttpClientConnectionManager - ep-0000000002 releasing endpoint
18:00:25.289 [TestNG-tests-2] DEBUG org.apache.hc.client5.http.impl.io.PoolingHttpClientConnectionManager - ep-0000000002 connection http-outgoing-1 can be kept alive for 3 MINUTES
18:00:25.289 [TestNG-tests-2] DEBUG org.apache.hc.client5.http.impl.io.PoolingHttpClientConnectionManager - ep-0000000002 connection released [route: {s}->https://raw.githubusercontent.com:443][total available: 1; route allocated: 1 of 5; total allocated: 1 of 25]
18:00:25.289 [TestNG-tests-2] DEBUG io.github.bonigarcia.wdm.versions.VersionDetector - Detecting chrome version using online commands.properties
18:00:25.289 [TestNG-tests-2] DEBUG io.github.bonigarcia.wdm.versions.Shell - Running command on the shell: [/Applications/Google Chrome.app/Contents/MacOS/Google Chrome, --version]
18:00:25.438 [TestNG-tests-2] DEBUG io.github.bonigarcia.wdm.versions.Shell - Result: Google Chrome 130.0.6723.92
18:00:25.438 [TestNG-tests-1] DEBUG io.github.bonigarcia.wdm.versions.Shell - Result: Google Chrome 130.0.6723.92
18:00:25.439 [TestNG-tests-2] DEBUG io.github.bonigarcia.wdm.cache.ResolutionCache - Removing resolution chrome130=130.0.6723.91 from cache (expired on Tue Nov 05 17:16:23 ICT 2024)
18:00:25.439 [TestNG-tests-1] DEBUG io.github.bonigarcia.wdm.cache.ResolutionCache - Removing resolution chrome130=130.0.6723.91 from cache (expired on Tue Nov 05 17:16:23 ICT 2024)
18:00:25.440 [TestNG-tests-2] DEBUG org.apache.hc.client5.http.impl.classic.InternalHttpClient - ex-0000000003 preparing request execution
18:00:25.440 [TestNG-tests-2] DEBUG org.apache.hc.client5.http.impl.classic.ProtocolExec - ex-0000000003 target auth state: UNCHALLENGED
18:00:25.440 [TestNG-tests-2] DEBUG org.apache.hc.client5.http.impl.classic.ProtocolExec - ex-0000000003 proxy auth state: UNCHALLENGED
18:00:25.440 [TestNG-tests-2] DEBUG org.apache.hc.client5.http.impl.classic.ConnectExec - ex-0000000003 acquiring connection with route {s}->https://googlechromelabs.github.io:443
18:00:25.440 [TestNG-tests-2] DEBUG org.apache.hc.client5.http.impl.classic.InternalHttpClient - ex-0000000003 acquiring endpoint (3 MINUTES)
18:00:25.440 [TestNG-tests-2] DEBUG org.apache.hc.client5.http.impl.io.PoolingHttpClientConnectionManager - ex-0000000003 endpoint lease request (3 MINUTES) [route: {s}->https://googlechromelabs.github.io:443][total available: 1; route allocated: 0 of 5; total allocated: 1 of 25]
18:00:25.440 [TestNG-tests-2] DEBUG org.apache.hc.client5.http.impl.io.PoolingHttpClientConnectionManager - ex-0000000003 endpoint leased [route: {s}->https://googlechromelabs.github.io:443][total available: 1; route allocated: 1 of 5; total allocated: 2 of 25]
18:00:25.440 [TestNG-tests-2] DEBUG org.apache.hc.client5.http.impl.io.PoolingHttpClientConnectionManager - ex-0000000003 acquired ep-0000000003
18:00:25.440 [TestNG-tests-2] DEBUG org.apache.hc.client5.http.impl.classic.InternalHttpClient - ex-0000000003 acquired endpoint ep-0000000003
18:00:25.440 [TestNG-tests-2] DEBUG org.apache.hc.client5.http.impl.classic.ConnectExec - ex-0000000003 opening connection {s}->https://googlechromelabs.github.io:443
18:00:25.440 [TestNG-tests-2] DEBUG org.apache.hc.client5.http.impl.classic.InternalHttpClient - ep-0000000003 connecting endpoint (null)
18:00:25.440 [TestNG-tests-2] DEBUG org.apache.hc.client5.http.impl.io.PoolingHttpClientConnectionManager - ep-0000000003 connecting endpoint to https://googlechromelabs.github.io:443 (30 SECONDS)
18:00:25.440 [TestNG-tests-2] DEBUG org.apache.hc.client5.http.impl.io.DefaultHttpClientConnectionOperator - googlechromelabs.github.io resolving remote address
18:00:25.440 [TestNG-tests-1] DEBUG org.apache.hc.client5.http.impl.classic.InternalHttpClient - ex-0000000004 preparing request execution
18:00:25.441 [TestNG-tests-1] DEBUG org.apache.hc.client5.http.impl.classic.ProtocolExec - ex-0000000004 target auth state: UNCHALLENGED
18:00:25.441 [TestNG-tests-1] DEBUG org.apache.hc.client5.http.impl.classic.ProtocolExec - ex-0000000004 proxy auth state: UNCHALLENGED
18:00:25.441 [TestNG-tests-1] DEBUG org.apache.hc.client5.http.impl.classic.ConnectExec - ex-0000000004 acquiring connection with route {s}->https://googlechromelabs.github.io:443
18:00:25.441 [TestNG-tests-1] DEBUG org.apache.hc.client5.http.impl.classic.InternalHttpClient - ex-0000000004 acquiring endpoint (3 MINUTES)
18:00:25.441 [TestNG-tests-1] DEBUG org.apache.hc.client5.http.impl.io.PoolingHttpClientConnectionManager - ex-0000000004 endpoint lease request (3 MINUTES) [route: {s}->https://googlechromelabs.github.io:443][total available: 1; route allocated: 0 of 5; total allocated: 1 of 25]
18:00:25.441 [TestNG-tests-1] DEBUG org.apache.hc.client5.http.impl.io.PoolingHttpClientConnectionManager - ex-0000000004 endpoint leased [route: {s}->https://googlechromelabs.github.io:443][total available: 1; route allocated: 1 of 5; total allocated: 2 of 25]
18:00:25.441 [TestNG-tests-1] DEBUG org.apache.hc.client5.http.impl.io.PoolingHttpClientConnectionManager - ex-0000000004 acquired ep-0000000004
18:00:25.441 [TestNG-tests-1] DEBUG org.apache.hc.client5.http.impl.classic.InternalHttpClient - ex-0000000004 acquired endpoint ep-0000000004
18:00:25.441 [TestNG-tests-1] DEBUG org.apache.hc.client5.http.impl.classic.ConnectExec - ex-0000000004 opening connection {s}->https://googlechromelabs.github.io:443
18:00:25.441 [TestNG-tests-1] DEBUG org.apache.hc.client5.http.impl.classic.InternalHttpClient - ep-0000000004 connecting endpoint (null)
18:00:25.441 [TestNG-tests-1] DEBUG org.apache.hc.client5.http.impl.io.PoolingHttpClientConnectionManager - ep-0000000004 connecting endpoint to https://googlechromelabs.github.io:443 (30 SECONDS)
18:00:25.441 [TestNG-tests-1] DEBUG org.apache.hc.client5.http.impl.io.DefaultHttpClientConnectionOperator - googlechromelabs.github.io resolving remote address
18:17:44.364 [TestNG-tests-2] DEBUG org.apache.hc.client5.http.impl.io.DefaultHttpClientConnectionOperator - googlechromelabs.github.io resolved to [googlechromelabs.github.io/185.199.109.153, googlechromelabs.github.io/185.199.108.153, googlechromelabs.github.io/185.199.111.153, googlechromelabs.github.io/185.199.110.153]
18:17:44.364 [TestNG-tests-1] DEBUG org.apache.hc.client5.http.impl.io.DefaultHttpClientConnectionOperator - googlechromelabs.github.io resolved to [googlechromelabs.github.io/185.199.109.153, googlechromelabs.github.io/185.199.108.153, googlechromelabs.github.io/185.199.111.153, googlechromelabs.github.io/185.199.110.153]
18:17:44.365 [TestNG-tests-1] DEBUG org.apache.hc.client5.http.impl.io.DefaultHttpClientConnectionOperator - googlechromelabs.github.io:443 connecting null->googlechromelabs.github.io/185.199.109.153:443 (30 SECONDS)
18:17:44.365 [TestNG-tests-1] DEBUG org.apache.hc.client5.http.ssl.SSLConnectionSocketFactory - Connecting socket to googlechromelabs.github.io/185.199.109.153:443 with timeout 30 SECONDS
18:17:44.365 [TestNG-tests-2] DEBUG org.apache.hc.client5.http.impl.io.DefaultHttpClientConnectionOperator - googlechromelabs.github.io:443 connecting null->googlechromelabs.github.io/185.199.109.153:443 (30 SECONDS)
18:17:44.365 [TestNG-tests-2] DEBUG org.apache.hc.client5.http.ssl.SSLConnectionSocketFactory - Connecting socket to googlechromelabs.github.io/185.199.109.153:443 with timeout 30 SECONDS
18:17:44.413 [TestNG-tests-1] DEBUG org.apache.hc.client5.http.ssl.SSLConnectionSocketFactory - Enabled protocols: [TLSv1.3, TLSv1.2]
18:17:44.414 [TestNG-tests-1] DEBUG org.apache.hc.client5.http.ssl.SSLConnectionSocketFactory - Enabled cipher suites: [TLS_AES_256_GCM_SHA384, TLS_AES_128_GCM_SHA256, TLS_CHACHA20_POLY1305_SHA256, TLS_ECDHE_ECDSA_WITH_AES_256_GCM_SHA384, TLS_ECDHE_ECDSA_WITH_AES_128_GCM_SHA256, TLS_ECDHE_ECDSA_WITH_CHACHA20_POLY1305_SHA256, TLS_ECDHE_RSA_WITH_AES_256_GCM_SHA384, TLS_ECDHE_RSA_WITH_CHACHA20_POLY1305_SHA256, TLS_ECDHE_RSA_WITH_AES_128_GCM_SHA256, TLS_DHE_RSA_WITH_AES_256_GCM_SHA384, TLS_DHE_RSA_WITH_CHACHA20_POLY1305_SHA256, TLS_DHE_DSS_WITH_AES_256_GCM_SHA384, TLS_DHE_RSA_WITH_AES_128_GCM_SHA256, TLS_DHE_DSS_WITH_AES_128_GCM_SHA256, TLS_ECDHE_ECDSA_WITH_AES_256_CBC_SHA384, TLS_ECDHE_RSA_WITH_AES_256_CBC_SHA384, TLS_ECDHE_ECDSA_WITH_AES_128_CBC_SHA256, TLS_ECDHE_RSA_WITH_AES_128_CBC_SHA256, TLS_DHE_RSA_WITH_AES_256_CBC_SHA256, TLS_DHE_DSS_WITH_AES_256_CBC_SHA256, TLS_DHE_RSA_WITH_AES_128_CBC_SHA256, TLS_DHE_DSS_WITH_AES_128_CBC_SHA256, TLS_ECDHE_ECDSA_WITH_AES_256_CBC_SHA, TLS_ECDHE_RSA_WITH_AES_256_CBC_SHA, TLS_ECDHE_ECDSA_WITH_AES_128_CBC_SHA, TLS_ECDHE_RSA_WITH_AES_128_CBC_SHA, TLS_DHE_RSA_WITH_AES_256_CBC_SHA, TLS_DHE_DSS_WITH_AES_256_CBC_SHA, TLS_DHE_RSA_WITH_AES_128_CBC_SHA, TLS_DHE_DSS_WITH_AES_128_CBC_SHA, TLS_RSA_WITH_AES_256_GCM_SHA384, TLS_RSA_WITH_AES_128_GCM_SHA256, TLS_RSA_WITH_AES_256_CBC_SHA256, TLS_RSA_WITH_AES_128_CBC_SHA256, TLS_RSA_WITH_AES_256_CBC_SHA, TLS_RSA_WITH_AES_128_CBC_SHA, TLS_EMPTY_RENEGOTIATION_INFO_SCSV]
18:17:44.414 [TestNG-tests-1] DEBUG org.apache.hc.client5.http.ssl.SSLConnectionSocketFactory - Starting handshake (null)
18:17:44.447 [TestNG-tests-2] DEBUG org.apache.hc.client5.http.ssl.SSLConnectionSocketFactory - Enabled protocols: [TLSv1.3, TLSv1.2]
18:17:44.448 [TestNG-tests-2] DEBUG org.apache.hc.client5.http.ssl.SSLConnectionSocketFactory - Enabled cipher suites: [TLS_AES_256_GCM_SHA384, TLS_AES_128_GCM_SHA256, TLS_CHACHA20_POLY1305_SHA256, TLS_ECDHE_ECDSA_WITH_AES_256_GCM_SHA384, TLS_ECDHE_ECDSA_WITH_AES_128_GCM_SHA256, TLS_ECDHE_ECDSA_WITH_CHACHA20_POLY1305_SHA256, TLS_ECDHE_RSA_WITH_AES_256_GCM_SHA384, TLS_ECDHE_RSA_WITH_CHACHA20_POLY1305_SHA256, TLS_ECDHE_RSA_WITH_AES_128_GCM_SHA256, TLS_DHE_RSA_WITH_AES_256_GCM_SHA384, TLS_DHE_RSA_WITH_CHACHA20_POLY1305_SHA256, TLS_DHE_DSS_WITH_AES_256_GCM_SHA384, TLS_DHE_RSA_WITH_AES_128_GCM_SHA256, TLS_DHE_DSS_WITH_AES_128_GCM_SHA256, TLS_ECDHE_ECDSA_WITH_AES_256_CBC_SHA384, TLS_ECDHE_RSA_WITH_AES_256_CBC_SHA384, TLS_ECDHE_ECDSA_WITH_AES_128_CBC_SHA256, TLS_ECDHE_RSA_WITH_AES_128_CBC_SHA256, TLS_DHE_RSA_WITH_AES_256_CBC_SHA256, TLS_DHE_DSS_WITH_AES_256_CBC_SHA256, TLS_DHE_RSA_WITH_AES_128_CBC_SHA256, TLS_DHE_DSS_WITH_AES_128_CBC_SHA256, TLS_ECDHE_ECDSA_WITH_AES_256_CBC_SHA, TLS_ECDHE_RSA_WITH_AES_256_CBC_SHA, TLS_ECDHE_ECDSA_WITH_AES_128_CBC_SHA, TLS_ECDHE_RSA_WITH_AES_128_CBC_SHA, TLS_DHE_RSA_WITH_AES_256_CBC_SHA, TLS_DHE_DSS_WITH_AES_256_CBC_SHA, TLS_DHE_RSA_WITH_AES_128_CBC_SHA, TLS_DHE_DSS_WITH_AES_128_CBC_SHA, TLS_RSA_WITH_AES_256_GCM_SHA384, TLS_RSA_WITH_AES_128_GCM_SHA256, TLS_RSA_WITH_AES_256_CBC_SHA256, TLS_RSA_WITH_AES_128_CBC_SHA256, TLS_RSA_WITH_AES_256_CBC_SHA, TLS_RSA_WITH_AES_128_CBC_SHA, TLS_EMPTY_RENEGOTIATION_INFO_SCSV]
18:17:44.448 [TestNG-tests-2] DEBUG org.apache.hc.client5.http.ssl.SSLConnectionSocketFactory - Starting handshake (null)
18:17:44.488 [TestNG-tests-1] DEBUG org.apache.hc.client5.http.ssl.SSLConnectionSocketFactory - Secure session established
18:17:44.488 [TestNG-tests-1] DEBUG org.apache.hc.client5.http.ssl.SSLConnectionSocketFactory -  negotiated protocol: TLSv1.3
18:17:44.488 [TestNG-tests-1] DEBUG org.apache.hc.client5.http.ssl.SSLConnectionSocketFactory -  negotiated cipher suite: TLS_AES_128_GCM_SHA256
18:17:44.488 [TestNG-tests-1] DEBUG org.apache.hc.client5.http.ssl.SSLConnectionSocketFactory -  peer principal: CN=*.github.io, O="GitHub, Inc.", L=San Francisco, ST=California, C=US
18:17:44.489 [TestNG-tests-1] DEBUG org.apache.hc.client5.http.ssl.SSLConnectionSocketFactory -  peer alternative names: [*.github.io, github.io, githubusercontent.com, www.github.com, *.github.com, *.githubusercontent.com, github.com]
18:17:44.489 [TestNG-tests-1] DEBUG org.apache.hc.client5.http.ssl.SSLConnectionSocketFactory -  issuer principal: CN=DigiCert Global G2 TLS RSA SHA256 2020 CA1, O=DigiCert Inc, C=US
18:17:44.489 [TestNG-tests-1] DEBUG org.apache.hc.client5.http.impl.io.DefaultManagedHttpClientConnection - http-outgoing-3 set socket timeout to 3 MINUTES
18:17:44.489 [TestNG-tests-1] DEBUG org.apache.hc.client5.http.impl.io.DefaultHttpClientConnectionOperator - googlechromelabs.github.io:443 connected null->googlechromelabs.github.io/185.199.109.153:443 as http-outgoing-3
18:17:44.489 [TestNG-tests-1] DEBUG org.apache.hc.client5.http.impl.io.PoolingHttpClientConnectionManager - ep-0000000004 connected http-outgoing-3
18:17:44.489 [TestNG-tests-1] DEBUG org.apache.hc.client5.http.impl.classic.InternalHttpClient - ep-0000000004 endpoint connected
18:17:44.489 [TestNG-tests-1] DEBUG org.apache.hc.client5.http.impl.classic.MainClientExec - ex-0000000004 executing GET /chrome-for-testing/known-good-versions-with-downloads.json HTTP/1.1
18:17:44.489 [TestNG-tests-1] DEBUG org.apache.hc.client5.http.protocol.RequestAddCookies - ex-0000000004 Cookie spec selected: strict
18:17:44.489 [TestNG-tests-1] DEBUG org.apache.hc.client5.http.impl.classic.InternalHttpClient - ep-0000000004 start execution ex-0000000004
18:17:44.489 [TestNG-tests-1] DEBUG org.apache.hc.client5.http.impl.io.PoolingHttpClientConnectionManager - ep-0000000004 executing exchange ex-0000000004 over http-outgoing-3
18:17:44.489 [TestNG-tests-1] DEBUG org.apache.hc.client5.http.headers - http-outgoing-3 >> GET /chrome-for-testing/known-good-versions-with-downloads.json HTTP/1.1
18:17:44.489 [TestNG-tests-1] DEBUG org.apache.hc.client5.http.headers - http-outgoing-3 >> user-agent: Apache-HttpClient/5.0
18:17:44.489 [TestNG-tests-1] DEBUG org.apache.hc.client5.http.headers - http-outgoing-3 >> accept-encoding: gzip, deflate, br
18:17:44.489 [TestNG-tests-1] DEBUG org.apache.hc.client5.http.headers - http-outgoing-3 >> cache-control: max-age=0
18:17:44.489 [TestNG-tests-1] DEBUG org.apache.hc.client5.http.headers - http-outgoing-3 >> connection: keep-alive
18:17:44.489 [TestNG-tests-1] DEBUG org.apache.hc.client5.http.headers - http-outgoing-3 >> Host: googlechromelabs.github.io
18:17:44.489 [TestNG-tests-1] DEBUG org.apache.hc.client5.http.wire - http-outgoing-3 >> "GET /chrome-for-testing/known-good-versions-with-downloads.json HTTP/1.1[\r][\n]"
18:17:44.489 [TestNG-tests-1] DEBUG org.apache.hc.client5.http.wire - http-outgoing-3 >> "user-agent: Apache-HttpClient/5.0[\r][\n]"
18:17:44.489 [TestNG-tests-1] DEBUG org.apache.hc.client5.http.wire - http-outgoing-3 >> "accept-encoding: gzip, deflate, br[\r][\n]"
18:17:44.489 [TestNG-tests-1] DEBUG org.apache.hc.client5.http.wire - http-outgoing-3 >> "cache-control: max-age=0[\r][\n]"
18:17:44.490 [TestNG-tests-1] DEBUG org.apache.hc.client5.http.wire - http-outgoing-3 >> "connection: keep-alive[\r][\n]"
18:17:44.490 [TestNG-tests-1] DEBUG org.apache.hc.client5.http.wire - http-outgoing-3 >> "Host: googlechromelabs.github.io[\r][\n]"
18:17:44.490 [TestNG-tests-1] DEBUG org.apache.hc.client5.http.wire - http-outgoing-3 >> "[\r][\n]"
18:17:44.541 [TestNG-tests-1] DEBUG org.apache.hc.client5.http.wire - http-outgoing-3 << "HTTP/1.1 200 OK[\r][\n]"
18:17:44.541 [TestNG-tests-1] DEBUG org.apache.hc.client5.http.wire - http-outgoing-3 << "Connection: keep-alive[\r][\n]"
18:17:44.541 [TestNG-tests-1] DEBUG org.apache.hc.client5.http.wire - http-outgoing-3 << "Content-Length: 64447[\r][\n]"
18:17:44.541 [TestNG-tests-1] DEBUG org.apache.hc.client5.http.wire - http-outgoing-3 << "Server: GitHub.com[\r][\n]"
18:17:44.541 [TestNG-tests-1] DEBUG org.apache.hc.client5.http.wire - http-outgoing-3 << "Content-Type: application/json; charset=utf-8[\r][\n]"
18:17:44.541 [TestNG-tests-1] DEBUG org.apache.hc.client5.http.wire - http-outgoing-3 << "permissions-policy: interest-cohort=()[\r][\n]"
18:17:44.541 [TestNG-tests-1] DEBUG org.apache.hc.client5.http.wire - http-outgoing-3 << "x-origin-cache: HIT[\r][\n]"
18:17:44.541 [TestNG-tests-1] DEBUG org.apache.hc.client5.http.wire - http-outgoing-3 << "Last-Modified: Tue, 05 Nov 2024 11:09:37 GMT[\r][\n]"
18:17:44.541 [TestNG-tests-1] DEBUG org.apache.hc.client5.http.wire - http-outgoing-3 << "Access-Control-Allow-Origin: *[\r][\n]"
18:17:44.542 [TestNG-tests-1] DEBUG org.apache.hc.client5.http.wire - http-outgoing-3 << "Strict-Transport-Security: max-age=31556952[\r][\n]"
18:17:44.542 [TestNG-tests-1] DEBUG org.apache.hc.client5.http.wire - http-outgoing-3 << "ETag: W/"6729fcf1-1ebdf3"[\r][\n]"
18:17:44.542 [TestNG-tests-1] DEBUG org.apache.hc.client5.http.wire - http-outgoing-3 << "expires: Tue, 05 Nov 2024 11:22:39 GMT[\r][\n]"
18:17:44.542 [TestNG-tests-1] DEBUG org.apache.hc.client5.http.wire - http-outgoing-3 << "Cache-Control: max-age=600[\r][\n]"
18:17:44.542 [TestNG-tests-1] DEBUG org.apache.hc.client5.http.wire - http-outgoing-3 << "Content-Encoding: gzip[\r][\n]"
18:17:44.542 [TestNG-tests-1] DEBUG org.apache.hc.client5.http.wire - http-outgoing-3 << "x-proxy-cache: HIT[\r][\n]"
18:17:44.542 [TestNG-tests-1] DEBUG org.apache.hc.client5.http.wire - http-outgoing-3 << "X-GitHub-Request-Id: C4F3:295092:2E3DD:30303:6729FDA7[\r][\n]"
18:17:44.542 [TestNG-tests-1] DEBUG org.apache.hc.client5.http.wire - http-outgoing-3 << "Accept-Ranges: bytes[\r][\n]"
18:17:44.542 [TestNG-tests-1] DEBUG org.apache.hc.client5.http.wire - http-outgoing-3 << "Date: Tue, 05 Nov 2024 11:17:44 GMT[\r][\n]"
18:17:44.542 [TestNG-tests-1] DEBUG org.apache.hc.client5.http.wire - http-outgoing-3 << "Via: 1.1 varnish[\r][\n]"
18:17:44.542 [TestNG-tests-1] DEBUG org.apache.hc.client5.http.wire - http-outgoing-3 << "Age: 274[\r][\n]"
18:17:44.542 [TestNG-tests-1] DEBUG org.apache.hc.client5.http.wire - http-outgoing-3 << "X-Served-By: cache-qpg1241-QPG[\r][\n]"
18:17:44.542 [TestNG-tests-1] DEBUG org.apache.hc.client5.http.wire - http-outgoing-3 << "X-Cache: HIT[\r][\n]"
18:17:44.542 [TestNG-tests-1] DEBUG org.apache.hc.client5.http.wire - http-outgoing-3 << "X-Cache-Hits: 16[\r][\n]"
18:17:44.542 [TestNG-tests-1] DEBUG org.apache.hc.client5.http.wire - http-outgoing-3 << "X-Timer: S1730805465.592202,VS0,VE0[\r][\n]"
18:17:44.542 [TestNG-tests-1] DEBUG org.apache.hc.client5.http.wire - http-outgoing-3 << "Vary: Accept-Encoding[\r][\n]"
18:17:44.542 [TestNG-tests-1] DEBUG org.apache.hc.client5.http.wire - http-outgoing-3 << "X-Fastly-Request-ID: 32b268a1036d2b5116fad89b504fd5fe9fad3990[\r][\n]"
18:17:44.542 [TestNG-tests-1] DEBUG org.apache.hc.client5.http.wire - http-outgoing-3 << "[\r][\n]"
18:17:44.542 [TestNG-tests-1] DEBUG org.apache.hc.client5.http.headers - http-outgoing-3 << HTTP/1.1 200 OK
18:17:44.543 [TestNG-tests-1] DEBUG org.apache.hc.client5.http.headers - http-outgoing-3 << Connection: keep-alive
18:17:44.543 [TestNG-tests-1] DEBUG org.apache.hc.client5.http.headers - http-outgoing-3 << Content-Length: 64447
18:17:44.543 [TestNG-tests-1] DEBUG org.apache.hc.client5.http.headers - http-outgoing-3 << Server: GitHub.com
18:17:44.543 [TestNG-tests-1] DEBUG org.apache.hc.client5.http.headers - http-outgoing-3 << Content-Type: application/json; charset=utf-8
18:17:44.543 [TestNG-tests-1] DEBUG org.apache.hc.client5.http.headers - http-outgoing-3 << permissions-policy: interest-cohort=()
18:17:44.543 [TestNG-tests-1] DEBUG org.apache.hc.client5.http.headers - http-outgoing-3 << x-origin-cache: HIT
18:17:44.543 [TestNG-tests-1] DEBUG org.apache.hc.client5.http.headers - http-outgoing-3 << Last-Modified: Tue, 05 Nov 2024 11:09:37 GMT
18:17:44.543 [TestNG-tests-1] DEBUG org.apache.hc.client5.http.headers - http-outgoing-3 << Access-Control-Allow-Origin: *
18:17:44.543 [TestNG-tests-1] DEBUG org.apache.hc.client5.http.headers - http-outgoing-3 << Strict-Transport-Security: max-age=31556952
18:17:44.543 [TestNG-tests-1] DEBUG org.apache.hc.client5.http.headers - http-outgoing-3 << ETag: W/"6729fcf1-1ebdf3"
18:17:44.543 [TestNG-tests-1] DEBUG org.apache.hc.client5.http.headers - http-outgoing-3 << expires: Tue, 05 Nov 2024 11:22:39 GMT
18:17:44.543 [TestNG-tests-1] DEBUG org.apache.hc.client5.http.headers - http-outgoing-3 << Cache-Control: max-age=600
18:17:44.543 [TestNG-tests-1] DEBUG org.apache.hc.client5.http.headers - http-outgoing-3 << Content-Encoding: gzip
18:17:44.543 [TestNG-tests-1] DEBUG org.apache.hc.client5.http.headers - http-outgoing-3 << x-proxy-cache: HIT
18:17:44.543 [TestNG-tests-1] DEBUG org.apache.hc.client5.http.headers - http-outgoing-3 << X-GitHub-Request-Id: C4F3:295092:2E3DD:30303:6729FDA7
18:17:44.543 [TestNG-tests-1] DEBUG org.apache.hc.client5.http.headers - http-outgoing-3 << Accept-Ranges: bytes
18:17:44.543 [TestNG-tests-1] DEBUG org.apache.hc.client5.http.headers - http-outgoing-3 << Date: Tue, 05 Nov 2024 11:17:44 GMT
18:17:44.543 [TestNG-tests-1] DEBUG org.apache.hc.client5.http.headers - http-outgoing-3 << Via: 1.1 varnish
18:17:44.543 [TestNG-tests-1] DEBUG org.apache.hc.client5.http.headers - http-outgoing-3 << Age: 274
18:17:44.543 [TestNG-tests-1] DEBUG org.apache.hc.client5.http.headers - http-outgoing-3 << X-Served-By: cache-qpg1241-QPG
18:17:44.543 [TestNG-tests-1] DEBUG org.apache.hc.client5.http.headers - http-outgoing-3 << X-Cache: HIT
18:17:44.543 [TestNG-tests-1] DEBUG org.apache.hc.client5.http.headers - http-outgoing-3 << X-Cache-Hits: 16
18:17:44.543 [TestNG-tests-1] DEBUG org.apache.hc.client5.http.headers - http-outgoing-3 << X-Timer: S1730805465.592202,VS0,VE0
18:17:44.543 [TestNG-tests-1] DEBUG org.apache.hc.client5.http.headers - http-outgoing-3 << Vary: Accept-Encoding
18:17:44.543 [TestNG-tests-1] DEBUG org.apache.hc.client5.http.headers - http-outgoing-3 << X-Fastly-Request-ID: 32b268a1036d2b5116fad89b504fd5fe9fad3990
18:17:44.544 [TestNG-tests-1] DEBUG org.apache.hc.client5.http.impl.classic.MainClientExec - ex-0000000004 connection can be kept alive for 3 MINUTES
18:17:44.546 [TestNG-tests-1] DEBUG org.apache.hc.client5.http.wire - http-outgoing-3 << "[0x1f][0xffffff8b][0x8][0x0][0x0][0x0][0x0][0x0][0x0][0x3][0xffffffcc][0xffffffbd][0xffffffdd][0xffffff8e],Iv^[0xfffffff9].}[0xffffffad].[0xffffff86][0xffffffdb][0xffffff9f][0xffffff9b][0xfffffff1]9t5[0xffffff83][0xffffffb9][0xffffffe8]!{[0xffffffc8][0x6][0xffffff9a]l[0xffffffa2][0xffffff9b][0xffffff92][0x6]#[0xffffffe8][0xffffffdd]'22[0xffffffcf][0xffffffc9],[0xffffffdb]_[0x1c]U[0xfffffff8]i[0xffffffec][0xfffffff5]A[0x10][0x4][0xffffff8a][0xffffff9d][0xffffffe5]Fbaa[0xffffff95][0xffffff87][0xffffffed][0xffffffed][0xffffffff][0xfffffff3]w[0xffffffff][0xfffffff9][0xffffffa7][0x7f][0xfffffffb][0xffffffe3][0xffffffdf][0xfffffffe][0xfffffff3][0xf][0xffffffff][0xfffffff6][0x1f][0xffffffbf][0xfffffffb][0xffffffc7][0xffffffdf][0xffffff95][i[0xffffffbf]?[0xffffff8e][0xffffffdf][0xffffffdf][0xfffffffa][0x7f]=n[0xffffffff]x[[0xffffffff][0xffffffd8][0xffffffca]/[0xffffffb3][0x1e][0xffffffff][0xffffffc7][0xffffffef][0xfffffffe][0xffffffcb][0xffffffef][0xfffffffe][0xfffffffb][0x1f][0xffffffff][0xfffffffa][0xffffffb7]?[0xfffffffd][0xffffffe5][0xffffffdf][0xffffffff][0xfffffff6][0xffffffbb][0x7f][0xfffffffc]?[0xffffffff][0xffffffe7][0xffffffb7][0xffffffff][0xffffffe2][0xfffffffe][0x17][0xffffffc7]Q[0x7f][0xffffffb9][0xfffffffd][0xffffffd2][0xffffffc7]Y~[0xffffffb9][0xffffffdd][0xffffffff]S[0x7f][0xfffffffd][0xffffffe3][0x7f][0xffffffff][0xffffffd3][0xfffffff7][0xffffffff]N9Z[0xffffffef][0xfffffff7][0xffffffff][0xffffffcf][0x7f][0xfffffffe][0xffffffcb][0xffffffff][0xfffffff8][0xfffffff7]?[0xffffffff][0xffffffe5][0xf][0xffffffff]|[0xffffffff][0xffffffdb][0xffffffff][0xfffffff9][0xffffffbb][0x7f][0xfffffffa][0xffffffd7][0xffffffbf][0xfffffffe][0xffffffe5][0xffffffdf][0xfffffffe][0xfffffff8][0xfffffff8][0xffffffa7][0xfffffffc][0xffffffc7][0xffffff9f][0xffffffff][0xfffffff0][0xffffff9f][0xffffffff][0xffffffcf]_[0xfffffffe][0xfffffffa]o[0xfffffff7][0xffffffff][0xfffffff0][0xffffff9f][0xffffffff][0xfffffff4][0xffffffef][0xffffffff][0xffffffed][0xffffffff][0x1d][0xffffffed][0xfffffffe][0x1f][0xfffffffe]o[0x7f][0xfffffffd][0xfffffff3][0xfffffffd][0xffffffbf][0xfffffffe][0xffffffd7][0xffffffff][0xfffffffc][0xffffffcf][0xffffffff][0xfffffff8][0xffffffdb]?[0xfffffffe][0xffffffc3]?[0xfffffffc][0xffffffed]?[0xffffffff][0xfffffff2][0xffffffd7]?[0xfffffffc][0xffffffcb][0x1f][0x7f][0xfffffff9][0xffffff97][0xffffffbf][0xfffffffc][0xffffffe5]_[0xfffffffe][0xfffffffc][0xffffffc7]?[0xfffffffc][0xffffffc7][0xffffff9f][0xfffffffe][0xfffffff6][0xffffffcb]?[0xfffffffd][0xffffffe5][0xffffffdf][0xfffffffe][0xffffffe1][0xfffffffd][0x1f][0xfffffff2][0xfffffffb][0xfffffffb][0x1f][0xffffffff][0xfffffffe]?[0xffffffef][0xffffff87][0xffffffff][0xffffffd3][0xffffffbf][0xffffffff][0xffffffcb][0xffffffef][0xffffffff][0xffffffe3][0xffffffbf][0xfffffffd][0xffffffdf][0x7f][0xfffffffe][0xffffffd3]?[0xfffffffd][0xffffffc3][0xffffffd7][0xfffffff3][0xfffffffc][0xffffffc3][0xffffffc7]?[0xfffffff5][0xffffffdb][0x7f][0xfffffffc][0xffffffe3][0xffffffbf][0xfffffffc][0xffffffe5][0xffffffff][0xfffffffb][0xffffffd3][0x7f][0xfffffffc][0xffffffee][0x7f][0xfffffffd][0xffffff97]_=[0xffffffff][0xffffffdf][0xfffffffe][0xfffffff0]O[0xffffffbf][0xffffffff][0xffffffc3]_[0xffffffff][0xffffffed][0xffffffef]~[0xffffff82][0xffffffef][0xffffffff][0xffffffdc]o[0x7f][0xfffffff0][0xfffffffd][0xffffffff][0xffffffe3][0xffffffd9])[0xfffffffe][0xfffffffe][0xffffffff][[0xfffffff8][0xfffffff8][0xffffffa7]~=[0xffffffc1][0xffffff93][0xffffffff]-[0xfffffffc][0xffffff8f]?[0xfffffffd]{-[0x7f][0xffffffe7][0xffffffa7]?[0xfffffffe][0xffffff99][0xffffffdf][0xfffffffe][0xffffffc3][0xffffff8f][0xffffffff][0xffffffe2][0xffffffc9][0xffffff93][0xffffffff][0xffffffee][0xffffffff]s?[0xfffffffe][0xffffff99]_[0xffffff9e][0xfffffffc][0xffffffed][0x7f][0xffffffe6][0xffffffff][0xffffffeb][0x7f][0xffffffbd]=\"\[0xffffffbb][0x19][0xffffffc3][0xffffffb5][0xffffffe3][0x10][0xffffffdf][0xffffff8f][0xffffffc0]S[0xfffffffc]q[0x8][\n]"
18:17:44.546 [TestNG-tests-1] DEBUG org.apache.hc.client5.http.wire - http-outgoing-3 << "[0xffffffe3][0xfffffffb][0xffffffe3])[0xffffff8e][0xffffffdf][0x1f][0xfffffffd]*[0xffffffc8][0xffffffa3][0xffffff9a][0xffffff81]<*[0xe][0xfffffff2][0xfffffffd][0x8]<[0xffffffc8][0x1f][0xffffff87][0xffffffa0]@[0xffffffbe]?[0xffffff9e][0x2][0xfffffff9][0xfffffffd][0xffffffd1][0xffffffbf][0x11][0xffffffe4][0xfffffff6][0xfffffff8][0xffffffab]5DT[0xffffff8c]2V:[0xffffffc7][0xffffff9f][0xffffffe7][0xffffffa1]0[0xfffffffe]r[0x2][0xffffff8c][0xffffffe2][0xffffffed][0xc][0xffffffc9][0x10][0x7f]yz2[0xffffffc3][0xffffffbf]~[0xfffffff2]+[0x8][0xffffff9f][0xffffffb7])[0x10][0xffffff9e][0xffffffb5][0x1f][0xc][0xffffffc2][0xffffff8f][0xfffffff3][0xffffffa0][0x8][0xffffffbf][0xffffff9f][0xffffff80]E[0xfffffff8][0xfffffff3][0xc][0x4][0xffffffc2][0xffffffef]O'[0x10][0xfffffffe][0xfffffffe][0xffffffe4][0xffffffd7][0x10]^[\n]"
18:17:44.546 [TestNG-tests-1] DEBUG org.apache.hc.client5.http.wire - http-outgoing-3 << "[0xffffffe1][0xffffffde][0x1a][0xffffff85][0xfffffff0][0xffffffc2][0x11]^[0x6][0x8]/[0x14][0xffffffe1][0xffffff85]![0xffffffbc]. |[0xffffffdc][0x14][0xffffffc2][0xffffffb3]N[0x8][0xffffffe1][0xffffffb7][0xfffffff3][0xffffffb0][0x8]?N[0x0]#[0xfffffffc][0xfffffffd][0xc][0x8][0xffffffc2][0xffffff8f][0xffffffa7]#[0x8][0x7f]{[0xfffffff2]k[0x8][0x1f][0xffffffbf][0xffffffc4][0x7f][0xffffffa7][[0xffffffc7][0xffffffb8]Q[0x8][0xffffffdf][0xffffffcf][0x3]#[0xfffffffc]v[0x2][0x1a][0xffffffe1]og`[0x10]~{:[0xffffff83][0xfffffff0][0xffffffc7][0xffffff93]_C[0xffffffb8][\n]"
18:17:44.546 [TestNG-tests-1] DEBUG org.apache.hc.client5.http.wire - http-outgoing-3 << "[0xb][0xffffffaf]sP![0xfffffff1]v[0x1e][0x18][0xffffffe1]j`[0xffffffe1][0xffffff8a]Z[0xffffffb8]b[0x16][0xffffffae]W,[0xffffffdc]#[0xffffffc2][0xfffffff5]Vg[0xffffffa5][0x10][0xffffffee]8[0xffffffc2][0xffffffdd][0x0][0xffffffe1][0xffffff8e]"[0xffffffdc]1[0xffffff84][0xfffffffb][0x15][0xffffff84][0xffffffc5][0x1b][0xffffff89]z[0x14][0xffffffe0][0xffffffe5][0xfffffff0][0xffffffe7]y`[0xffffff84][\r][0xffffffde]H[0x1c][0xffffffe8][0x1b][0xffffff89][0x3]{#q\y#Qn[0xffffffbf][0xffffffb4][0xffffff88][0xfffffff0][0xffffffbc][\r][0x8][0xffffffe1][0xffffffb7][0xfffffff3][0xffffffb0][0x8]?N[0x0]#[0xfffffffc][0xfffffffd][0xc][0x8][0xffffffc2][0xffffff8f][0xffffffa7]#[0x8][0x7f]{[0xfffffff2]k[0x8][0xffffff8b][0xfffffffb][0x12][0xffffffb5]4[0xe]a[0xfffffff0][0xffffffbe][0xffffffc4][0xffffff97][0x13][0xffffffd0][0x8]C[0xfffffff7]%[0xffffffbe]<[0xffffff9d]A[0xfffffff8][0xffffffb5][0xfffffffb][0x12][0x1f][0x7f][0xffffffd4][0x4][0xffffffc2][0xfffffff5]vPo$[0xffffffde][0xffffffce][0x3]#[0xffffffdc][0xc][0x10]n([0xffffffc2][\r]C[0xffffffb8]]AX[0xffffffb5]p+[0x7][0xfffffff5][0xffffffeb]\[0xffffffc1][[0xffffffb8][0x18][0xffffffb4]pA[[0xffffffb8]`-\[0xffffffae][0xffffffb4]pU![0xffffffd1][0xffffffda]*[0x10][0xffffffc2][0x15][0xf][0xffffff89]j[0x10][0x12][0x15][\r][0xffffff89][0xffffff8a][0xffffff85]D[0xffffffbd][0x12][0x12]U[0xffffffbc][0x17][0xffffffae]m[0xffffff9e][0xffffffd4][0x1b][0xffffff89][0xffffff8a][0xffffffbf][0x17][0xffffffae][0x6][0xffffffef][0xffffff85]+[0xfffffffa]^[0xffffffb8]b[0xffffffef][0xffffff85][0xffffffeb][0xffffff95][0xfffffff7][0xffffffc2]U[0xffffffb5]p?n[0x18][0xffffffc2]x[0xb]W[0xffffff83][0x16][0xfffffffe]~[0x6][0x6]a[0xffffffac][0xffffff85][0xffffffbf]=[0xfffffff9]5[0xffffff84][0xffffffd5]O[0x1b][0xffffffbd][0xffffff9f][0xffffffd4][0xffffffbf][0xffffffce]U[0xfffffffc][0xffffffa7][0xffffff8d]j[0xfffffff0][0xffffffd3]FE[0x7f][0xffffffda][0xffffffa8][0xffffffd8]O[0x1b][0xfffffff5][0xffffffca]O[0x1b][0xfffffff7]?*f[0x8][0x17][0x1c][0xffffffe1]b[0xffffff80]pA[0x11].[0x18][0xffffffc2][0xffffffe5][\n]"
18:17:44.546 [TestNG-tests-1] DEBUG org.apache.hc.client5.http.wire - http-outgoing-3 << "[0xffffffc2][0xffffffe1][0xffffff9a][0xf][0xffffff8c]0|[0xffffffcd][0xffffffe7]q[0x2][0x1e]a[0xfffffff0][0xffffff9a][0xffffffcf][0xffffffe3][0xffffffe9][0x14][0xffffffc2][0xffffffaf]_[0xfffffff3][0xffffffb9][0xffffffff][0xffffffd1]0Cx[0xffffffe0][0x8][0xf][0x3][0xffffff84][0x7][0xffffff8a][0xfffffff0][0xffffffc0][0x10][0x1e]W[0x10]>[0xffffffdc][0x18]>x[0xffffff88][0xf][0x7][0xffffff8a][0xf][0x16][0xffffffe3][0xffffff83][0xffffffe3][0xfffffff8][0xffffffb8][0x4]rq[0x3][0xffffffb9][0xfffffff0] [0x17][0x7][0xffffff90][0xb][0xb]r[0xffffffe1]@.[0xffffff97]@[0xffffff8e][0xffffffc3][0xfffffff9]0[0xffffffc8][0xffffffdc]p[0xfffffffe][0xffffffd7]#[0xfffffff0] 3[0xffffffc3][0xfffffff9]_[0x1f]O[0xffffff81][0xfffffffc][0xffffffd2]p[0xfffffffe][0xfffffff7][0xffffffbf]jn 7[0x1e][0xffffffe4][0xffffffe6][0x0]rcAn[0x1c][0xffffffc8][0xffffffed][0x12][0xffffffc8][0xffffffcb][0xffffffed][0xffffff85][0xfffffff1][0xffffffe2][0xffffffdf][0x18][0xffffffdf][0xffffff8f][0xffffffc0][0xffffff83][0xfffffffc]q[0x8][\n]"
18:17:44.546 [TestNG-tests-1] DEBUG org.apache.hc.client5.http.wire - http-outgoing-3 << "[0xffffffe4][0xffffffc5][0xffffffbd]4^[0xffffff97][0xffffffde][0x1a][0x1f][0xffffffd5][0xffffffed][0xffffffa5][0xffffffdb][0xfffffffd]D8[0xffffffca]og[0xffffffe0]Y[0xfffffffe]v[\n]"
18:17:44.546 [TestNG-tests-1] DEBUG org.apache.hc.client5.http.wire - http-outgoing-3 << "[\n]"
18:17:44.546 [TestNG-tests-1] DEBUG org.apache.hc.client5.http.wire - http-outgoing-3 << "[0xffffffe6][0xffffffb7][0xffffffe7]S4[0x7f]<[0xfffffffb]7[0xffffffe2][0xffffffdc][0xffffffdf][0xffffffff]L[0xffffff8c][0xffffffeb][0xffffffd7][0xfffffff3]6[0xfffffff2]/[0x4]}[0xffffff9e][0xffffff87]B[0xfffffff9][0xffffffcb][0x9]0[0xffffff90][0xffffffb7]3$c[0xfffffffc][0xffffffe5][0xffffffe9][0xffffffc9][0x10][0xffffffff][0xfffffffa][0xffffffc9]/![0xffffffdc][0xffffffc4][0xffffffb8]~=[0xffffffeb][0xffffffcc][0xffffffbf][0xffffff96][0xfffffff9]y[0x1e][0x16][0xffffffe1][0xffffff86][0xffffff8e][0xffffffeb]og@[0x10]n[0xffffffc0][0xffffffb8][0xfffffffe][0xffffffaf][0xffffff9f][0xfffffffc][0x1a][0xffffffc2][0xffffff87]B[0xffffffb8][0xffffffb7][0xfffffffc][0xffffffa4][0xfffffff8]<[0xf][0xffffff8c][0xfffffff0]a[0xffffff80][0xfffffff0][0xffffff81]"|`[0x8][0x1f]W[0x10]V7[0xffffff8b][0xffffffcf][0xffffffbe]N[\n]"
18:17:44.546 [TestNG-tests-1] DEBUG org.apache.hc.client5.http.wire - http-outgoing-3 << "a[0xfffffff0]f[0xfffffff1][0xffffff97][0x13][0xffffffd0][0x8]C7[0xffffff8b][0xffffffbf]<[0xffffff9d]A[0xfffffff8][0xffffffb5][0xffffff9b][0xffffffc5][0x1f][0x7f][0xffffffa4]n[0x16][0xffffff9f][0xffffffa3][0xffffffe5]/[0x10][0xfffffffc]<[0xf][0xffffff8c]0z[0xffffffb3]x;[0x3][0xffffff83]0p[0xffffffb3][0xfffffff8][0xffffffd7]O~[\r][0xffffffe1]&[0x11]^[0xfffffff9][0x1b]'>[0xffffffcf][0x3]#[0xffffffdc][0xc][0x10]n([0xffffffc2][\r]C[0xffffffb8]]A[0xfffffff8][0x14][0x8][0xffffffcf]R[0xffffffb0][0xffffff90]8q[0xffffff84]O[0x3][0xffffff84]O[0x14][0xffffffe1][0x13]C[0xfffffff8][0xffffffbc][0xffffff82][0xffffffb0]z[0xffffffa9]6g[0xffffffc7],[0xffffff8c][0xffffffbf]Tk[0x6]/[0xffffffd5][0x1a][0xfffffffa]R[0xffffffad]a/[0xffffffd5][0xffffffda][0xffffff95][0xffffff97]j][0xffffffbd]T[[0xffffffe5][0xffffffa0][0x10][0xffffffee][0xfffffff8]K[0xffffffb5]n[0xfffffff0]R[0xffffffad][0xffffffa3]/[0xffffffd5]:[0xfffffff6]R[0xffffffad]_y[0xffffffa9][0xffffffd6][0xffffffd5]K[0xffffffb5][0xffffffd5][\n]"
18:17:44.547 [TestNG-tests-1] DEBUG org.apache.hc.client5.http.wire - http-outgoing-3 << "[0xfffffff5]R[0xffffffad][0xffffffe3]/[0xffffffd5][0xffffffba][0xffffffc1]K[0xffffffb5][0xffffff8e][0xffffffbe]T[0xffffffeb][0xffffffd8]K[0xffffffb5]~[0xffffffe5][0xffffffa5][0xffffffda][0xfffffffd][0xffffff8f][0xffffffe2][0xffffff88][0x12][0xffffff8b]06[0xffffffa2][0xfffffff4][0xffffffe5][0x4]<[0xffffffc2][0xffffffc8][0xffffff88][0xffffffd2][0xffffff97][0xffffffa7]S[0x8][0xffffffbf]2[0xffffffa2][0xfffffff4][0xfffffff1]GE!|[0xffffffef]j[\n]"
18:17:44.547 [TestNG-tests-1] DEBUG org.apache.hc.client5.http.wire - http-outgoing-3 << "[0xffffffe1][0xffffff82]#\[0xc][0x10].([0xffffffc2][0x5]C[0xffffffb8]\A"
18:17:44.553 [TestNG-tests-1] DEBUG org.apache.hc.client5.http.wire - http-outgoing-3 << "X[0xffffffbc][0x17]n[0xffffffb7][[0xffffffc9][0xffffffdf][0xffffffbe][0xfffffff6]y[0x1e][0x18]a[0xffffff83][0xfffffff7][0xffffffc2][0x1d]}/[0xffffffdc][0xffffffb1][0xfffffff7][0xffffffc2][0xfffffffd][0xffffffca]{[0xffffffe1][0xffffffde][0x15][0xffffffc2][0x1d][0xffffffd8]8[0xfffffff1]y[0x1e][0x18][0xffffffe1]n[0xffffff80]pG[0x11][0xffffffee][0x18][0xffffffc2][0xfffffffd][\n]"
18:17:44.554 [TestNG-tests-1] DEBUG org.apache.hc.client5.http.wire - http-outgoing-3 << "[0xffffffc2][0xffffffe2][0xfffffff3]^w[0xffffff84][0xffffffb1][0xffffff9b]j[0x1d][0xfffffffc][0xffffffbc][0xffffffd7][0xffffff97][0x13][0xffffffd0][0x8]C[0xffffff9f][0xfffffff7][0xfffffffa][0xfffffff2]t[0x6][0xffffffe1][0xffffffd7]>[0xffffffef][0xfffffff5][0xfffffff1]G[0xffffffe2][0xffffffa7][0xffffff8d]v[0x1b][0xffffff9c][0xffffff85][0xfffffff1][0xffffff9f]6[0xffffffba][0xffffffc1]O[0x1b][0x1d][0xfffffffd]i[0xffffffa3]c?m[0xfffffff4]+?mt[0xffffffb1][0x3][0xfffffff3][0xffffff8e]0[0xfffffff0]a[0xffffff99][0xffffffcf][0xfffffff3][0xffffffc0][0x8][0xffffffa3];0[0xffffffb7]30[0x8][0x3];0[0x7f][0xfffffffd][0xffffffe4][0xffffffd7][0x10][0x16][0xffffffbf][0xffffffce][0xffffffb5][0xffffffdb]yR[0xfffffff7][0xffffff85];[0xfffffffe][0xffffffeb]\7[0xfffffff8]u[0xffffffae][0xffffffa3][0xffffffbf][0xffffffce]u[0xffffffec][0xffffffd7][0xffffffb9]~[0xffffffe5][0xffffffd7][0xffffffb9]!~[0xffffffda]h[0xffffffc8]W9>[0xffffffcf][0xffffffc3]"<[0xc]~[0xffffffda][0x18][0xffffffe8]O[0x1b][0x3][0xfffffffb]ic\[0xfffffff9]ic[0xffffff88][0xfffffffb][0xffffffc2][0xffffffed][0x18][0xffffff95]z[0xffffffa9]6[0xfffffff0][0xfffffffb][0xffffffc2][0xffffffc3][0xffffffe0][0xffffffbe][0xfffffff0]@[0xffffffef][0xb][0xf][0xffffffec][0xffffffbe][0xfffffff0][0xffffffb8]r_[0xfffffff8][0xfffffffe]G[0xffffffcd][0xc]a[0xffffffec][0xffffffc3]2_N[0xffffffc0]#[0xffffff8c]|X[0xffffffe6][0xffffffcb][0xffffffd3])[0xffffff84]_[0xfffffff9][0xffffffb0][0xffffffcc][0xffffffc7][0x1f][0xffffffa9][0xffffff9f]6[0xffffff8e]5[0xffffffa8][0x16][0x1e][0xfffffff8]O[0x1b][0xffffffc3][0xffffffe0][0xffffffa7][0xffffff8d][0xffffff81][0xfffffffe][0xffffffb4]1[0xffffffb0][0xffffff9f]6[0xffffffc6][0xf][0x7f][0xffffffda][0xfffffff8]/[0x1f][0x10][0xfffffffe][0xfffffff3]_[0xffffffff]t[0x7][0xffffff99]@[0xfffffff1][0xfffffffd][0xffffffc9][0xe]@~[0xffffff9c][0x4][0xffffffc7][0xfffffff2][0xffffffcb]9 8?N[0xffffff80]![0xfffffffa][0xfffffff9][0xfffffffc][0xffffffff][0xffffffad]k[0xffffffbb]pm[0x19][0xffffffc0]g[0xffffffc5]?[0xffffffcf][0x3][0xffffffbb][0xffffffb6][0x1b][0xffffffb8][0xffffffb6][0x7][0xffffffa8]3q[0xffffffee][0xffffff98]k[0xffffffbb][0xffffff93]k#[0xffffff8a][0xffffff8c]k[0x15][0xffffff90][0xffffff8c]k#[0xffffff96][0xfffffff9][0xffffffae][0xffffffdd][0xffffffe1][0xffffffcc]v[0xffffffed][0xffffff8e][0xffffffe8][0xb][0xffffffae]U[0xffffffbf][0xffffffb4][0xffffffd5]cb[0xffffffae][0xffffffc5][0x7f]i[0x1b][0x6][0xffffffbf][0xffffffb4][\r][0xfffffff4][0xffffff97][0xffffffb6][0xffffff81][0xfffffffd][0xffffffd2]6~[0xfffffff8]K[[0xffffffb6]k#[0xffffff8a][0xffffff8c]k[0x15][0xffffff90][0xffffff8c]k#[0xffffff96][0xfffffff9][0xffffffae][0xffffffdd][0xffffffe1][0xffffffcc]v[0xffffffed][0xffffff8e][0xffffffe8][0xb][0xffffffae]U?[0x9][0xffffffd7]^[0xffffffb1][0x1f]#[0xfffffff0][0xffffff9f][0xffffff84][0xffffff87][0xffffffc1]O[0xffffffc2][0x3][0xfffffffd]Ix`?[0x9][0xffffff8f][0x1f][0xfffffffe]$[0xffffff9c][0xffffffed][0xffffffda][0xffffff88]"[0xffffffe3]Z[0x5]$[0xffffffe3][0xffffffda][0xffffff88]e[0xffffffbe]kw8[0xffffffb3]][0xffffffbb]#[0xfffffffa][0xffffff82]k[0xffffffd5][0xffffffdd][0xffffff85]::[0xffffffb5][0xffffffa2]d[0xffffffe0]w[0x17][0xffffff86][0xffffffc1][0xffffffdd][0xffffff85][0xffffff81][0xffffffde]][0x18][0xffffffd8][0xffffffdd][0xffffff85][0xfffffff1][0xffffffc3][0xffffffbb][0xb][0xffffffd9][0xffffffae][0xffffff8d](2[0xffffffae]U@2[0xffffffae][0xffffff8d]X[0xffffffe6][0xffffffbb]v[0xffffff87]3[0xffffffdb][0xffffffb5];[0xffffffa2][0xffffffbf][0xffffffdd][0xffffffb5][0xffffffa7][0x18][0xffffff81]o[0xfffffff5]<[0xffffffa8][0xffffffc9][0xffffffb5][0x13][0x1f][0xffffff81]?[\r]F[0xffffffe0]Ot[0x4][0xfffffffe][0xffffffc4]F[0xffffffe0][0xffffffcf][0x1f][0xffffff8e][0xffffffc0]'[0xffffffbb]V[0xffffffa0][0xffffff88][0xffffffb8]V[0x2][0xffffff89][0xffffffb8]V`[0xffffff99][0xffffffee][0xffffffda][0x0]g[0xffffffb2]k[0x3][0xffffffa2]/[0xffffffb8]V]h[0xffffffac][0xfffffff7]R[0xffffffa6]\[0xffffff8b]_h<[\r].4[0xffffff9e][0xffffffe8][0xffffff85][0xffffffc6][0x13][0xffffffbb][0xffffffd0]x[0xfffffffe][0xfffffff0]Bc[0xffffffb6]k#[0xffffff8a][0xffffff8c]k[0x15][0xffffff90][0xffffff8c]k#[0xffffff96][0xfffffff9][0xffffffae][0xffffffdd][0xffffffe1][0xffffffcc]v[0xffffffed][0xffffff8e][0xffffffe8][0xb][0xffffffae]U7o[0xffffffeb]<[0xffffffa8]k[0xffffff8b]'~[0xfffffff3][0xfffffff6]4[0xffffffb8]y{[0xffffffa2]7oO[0xffffffec][0xffffffe6][0xffffffed][0xfffffff9][0xffffffc3][0xffffff9b][0xffffffb7][0xffffffd9][0xffffffae][0xffffff8d](2[0xffffffae]U@2[0xffffffae][0xffffff8d]X[0xffffffe6][0xffffffbb]v[0xffffff87]3[0xffffffdb][0xffffffb5];[0xffffffa2]/[0xffffffb8]V[0xffffffdd][0xffffffaf][0xffffffad][0xb][0xfffffff8]V[0xffffffd0][0xffffffe7]y`[0xffffffd7][0x1a][0xffffffdc][0xffffffaf]=[0xffffffe3]E[0xffffffc6]L[0xffffff9c][0xffffffb1][0xfffffffb][0xffffffb5][0xffffffe7]~y[0x11]u[0xffffffad][0xffffffc9][0xfffffffd]Z[0x9]$[0xffffffe3]Z[0xffffff83][0xfffffffb][0xffffffb5][0x1][0xffffffce]l[0xffffffd7]^[0xffffffbf]_{[0xffffffff][0xffffffd3]f[0xffffffe6]Zx[0x1c][0xffffffe7]q[0x2][0xffffffde][0xffffffb5][0xffffffe0]8[0xffffffce][0xffffffe3][0xffffffe9][0xffffff94]k[0x7f]0[0xffffff8e][0xffffff93][0xffffffef][0xffffffda][0x1d]E[0xffffffca][0xffffffb5][0x11]H[0xffffffca][0xffffffb5];[0xffffff96][0xffffff84]k[0x1b][0xffffffec][0xffffffda]v[0xffffffd5][0xffffffb5]j[0x19]S[[0xffffffd8]z[0xffffffe8][0x13]_[0xffffffc6]t[0x1a],c:[0xffffffd1]eL'[0xffffffb6][0xffffff8c][0xffffffe9][0xfffffffc][0xffffffe1]2[0xffffffa6]l[0xffffffd7]F[0x14][0x19][0xffffffd7]* [0x19][0xffffffd7]F,[0xfffffff3]][0xffffffbb][0xffffffc3][0xffffff99][0xffffffed][0xffffffda][0x1d][0xffffffd1][0x17]\[0xffffffab]f[0x19]z[0xffffffc1][0xffffffbe]&q[0xffffffe2][0xffffffb3][0xc][0xffffffa7][0xffffffc1],[0xffffffc3][0x19]/[0xffffff8d]g[0xffffffe2][0xffffff8c][0xffffffcd]2[0xffffff9c][0xfffffffb]Eq[0xffffffd4][0xffffffb5]&[0xffffffb3][0xc][0x12]H[0xffffffc6][0xffffffb5][0x6][0xffffffb3][0xc][0x1][0xffffffce]l[0xffffffd7]^[0xffffff9f]e[0xffffff98][0xffffffea][0x1e][0xffffffc2]h[0xffffffd8]'[0x0]'~[0xf]a[0x1a][0xffffffdc]C[0xffffff98][0xfffffff1][0x7][0xffffffdf]D[0xffffff9c]'v[0xf]a[0xffffffee]?[0xfffffff2][0xffffff92][0xffffffae][0x15]("[0xffffffae][0xffffff95]@"[0xffffffae][0x15]X[0xffffffa6][0xffffffbb]6[0xffffffc0][0xffffff99][0xffffffec][0xffffffda][0xffffff80][0xffffffe8][0xb][0xffffffae][0xffffffed][0xffffffca][0xffffffb5][0xffffffab]4[0xffffffca][0xffffffb5][0x1d]wm7pm[0xf]Pg[0xffffffe2][0xffffffdc]1[0xffffffd7]v'[0xffffffd7]F[0x14][0x19][0xffffffd7]* [0x19][0xffffffd7]F,[0xfffffff3]][0xffffffbb][0xffffffc3][0xffffff99][0xffffffed][0xffffffda][0x1d][0xffffffd1][0x17]\[0xffffffab][0xffffffe6][0xffffffc6][0xffffffce][0xfffffffb]?[0xffffff91]r->76[\r][0xffffffe6][0xffffffc6]f[0x1c][0xffffffd0][0xffffffc9][0xffffffc4][0x19][0xffffff9b][0x1b][0xffffff9b][0xfffffffb]P[0xe][0xffffffea]Z[0xffffff93][0xffffffb9]1[0x9]$[0xffffffe3]Z[0xffffff83][0xffffffb9][0xffffffb1][0x0]g[0xffffffb6]k[0xffffffaf][0xffffffcf][0xffffff8d][0xffffffad][0xffffffdb]/5[0xffffffb8]v[0xffffffde][0xffffffff]/[0xffffffe4][0xffffffda][0xffffffb7][0xfffffff3][0xffffffb0][0xffffffae]}[0xffffff9c][0x0]v[0xffffffed][0xfffffff7]3 [0xffffffae]}<[0x1d]q[0xffffffed][0xffffffb7]'[[0xffffffb8]V[0xffffffa0][0xffffff88][0xffffffb8]V[0x2][0xffffff89][0xffffffb8]V`[0xffffff99][0xffffffee][0xffffffda][0x0]g[0xffffffb2]k[0x3][0xffffffa2]/[0xffffffb9][0xfffffff6]p[0xffffff93][0xffffffed][0xffffffc1][0xffffffdb][0xfffffff6]p[0xffffffd0][0xffffffed][0xffffffc1][0xfffffffa][0xfffffff6][0xffffffe0][0xffffff84]{X[0x19]7[0xfffffff0]H)WPI97[0xffffffb0]IH[0xfffffff7][0xffffffa0][0xffffffad]{[0xfffffffc][0xffffff84]v[0x1f][0xffffffaf]i[0xffffff9d][0xffffffb4][[0xffffffe0][0xffffffcb][0xffffffb6][0xffffffef]G[0xffffffe0][0xffffffb5][[0xffffffc0][0xffffffeb][0xffffffb6][0xffffffef][0xffffff8f][0xffffffa7][0xffffffb4][|.[0xffffffdc]*[0x1e])[0xffffffed][\n]"
18:17:44.554 [TestNG-tests-1] DEBUG org.apache.hc.client5.http.wire - http-outgoing-3 << "*)[0xffffffed][0x6]6[0x9][0xffffffed][0x16][0xfffffff4][0xffffffd2]m[0xffffffe4][0xfffffff4]%[0xffffffed][0xfffffff6]a[0xffffffa6][0xffffffdd]>p[0xffffffed][0xffffffde][0xffffff8f][0xffffffc0]k[0xfffffff7][0xffffffe3][0x10][0xffffff94]v[0xffffffef][0xffffff8f][0xffffffa7][0xffffffb4][0xfffffffb][0xfffffffe]h[0x17][0xffffffed][0x6][0x1e])[0xffffffed][\n]"
18:17:44.558 [TestNG-tests-1] DEBUG org.apache.hc.client5.http.wire - http-outgoing-3 << "*)[0xffffffed][0x6]6[0x9][0xffffffed]n[0xffffff84][0xffffffe6]kw[0xffffffe3][0xfffffff4]%[0xffffffed][0xffffff9e][0xffffffdd]L[0xffffffbb]g[0xffffffc7][0xffffffb5]{?[0x2][0xffffffaf][0xffffffdd][0xffffff8f]CP[0xffffffda][0xffffffbd]?[0xffffff9e][0xffffffd2][0xffffffee][0xfffffffb][0xffffffa3]][0xffffffb4][0x1b]x[0xffffffa4][0xffffffb4]+[0xffffffa8][0xffffffa4][0xffffffb4][0x1b][0xffffffd8]$[0xffffffb4][0xffffffbb][0x11][0xffffff9a][0xffffffaf][0xffffffdd][0xffffff8d][0xffffffd3][0xffffff97][0xffffffb4][0xffffffbb][0xffffffe2][0xffffffa5][0x5]V[0xffffffbb][0xb][0xffffffbe][0xffffffb5][0xfffffff0]~[0x4]^[0xffffffbb][0x1f][0xffffff87][0xffffffa0][0xffffffb4][0xffffffbb][0xffffffa0][0xffffff8b][0xb][0xffffffdf][0x1f][0xffffffed][0xffffffa2][0xffffffdd][0xffffffc0]#[0xffffffa5]]A%[0xffffffa5][0xffffffdd][0xffffffc0]&[0xffffffa1][0xffffffdd][0xffffff85][0xffffffde]^[0xffffff88][0xffffff9c][0xffffffbe][0xffffffa6][0xffffffdd][0xffffffe9][0xffffffa6][0xffffffdd][0xffffffc9]kw:hw[0xffffffb2][0xffffffda][0xffffff9d][0xffffff9c]v[0xffffffa7][0xffffff95]vw[0x1e]1[0xffffffed]F*1[0xffffffed][0xffffffee]l"[0xffffffda][0xffffff9d][0xffffffb4]v[0xffffffe7]u[0xffffffed][0x1e][0xffffffb7]b[0xffffffe6][0xffffffdd][0xfffffffb][0xffffff89]p[0xfffffff1][0xffffffbe][0xffffff9d][0xffffff81]7[0xffffffef][0xffffffb7]SP[0xffffffea]}{>[0xffffffe5][0xffffffde][0xffffff8f]g[0xffffffbb][0xffffffc8]7BI[0xffffffd9]W[0xffffffa1]I[0xffffffe9]7[0x2]J[0xfffffff8]w[0xffffffc7]4_[0xffffffc0];[0xffffffac][0xffffffaf][0x19][0xfffffff8]t{[0xffffffe1]p?[0x11]o[0xffffffe0][0xfffffffb][0x19][0xc][0xc][0xfffffffc]q[\n]"
18:17:44.570 [TestNG-tests-2] DEBUG org.apache.hc.client5.http.ssl.SSLConnectionSocketFactory - Secure session established
18:17:44.570 [TestNG-tests-2] DEBUG org.apache.hc.client5.http.ssl.SSLConnectionSocketFactory -  negotiated protocol: TLSv1.3
18:17:44.570 [TestNG-tests-2] DEBUG org.apache.hc.client5.http.ssl.SSLConnectionSocketFactory -  negotiated cipher suite: TLS_AES_128_GCM_SHA256
18:17:44.570 [TestNG-tests-2] DEBUG org.apache.hc.client5.http.ssl.SSLConnectionSocketFactory -  peer principal: CN=*.github.io, O="GitHub, Inc.", L=San Francisco, ST=California, C=US
18:17:44.570 [TestNG-tests-2] DEBUG org.apache.hc.client5.http.ssl.SSLConnectionSocketFactory -  peer alternative names: [*.github.io, github.io, githubusercontent.com, www.github.com, *.github.com, *.githubusercontent.com, github.com]
18:17:44.570 [TestNG-tests-2] DEBUG org.apache.hc.client5.http.ssl.SSLConnectionSocketFactory -  issuer principal: CN=DigiCert Global G2 TLS RSA SHA256 2020 CA1, O=DigiCert Inc, C=US
18:17:44.570 [TestNG-tests-2] DEBUG org.apache.hc.client5.http.impl.io.DefaultManagedHttpClientConnection - http-outgoing-2 set socket timeout to 3 MINUTES
18:17:44.570 [TestNG-tests-2] DEBUG org.apache.hc.client5.http.impl.io.DefaultHttpClientConnectionOperator - googlechromelabs.github.io:443 connected null->googlechromelabs.github.io/185.199.109.153:443 as http-outgoing-2
18:17:44.570 [TestNG-tests-2] DEBUG org.apache.hc.client5.http.impl.io.PoolingHttpClientConnectionManager - ep-0000000003 connected http-outgoing-2
18:17:44.570 [TestNG-tests-2] DEBUG org.apache.hc.client5.http.impl.classic.InternalHttpClient - ep-0000000003 endpoint connected
18:17:44.570 [TestNG-tests-2] DEBUG org.apache.hc.client5.http.impl.classic.MainClientExec - ex-0000000003 executing GET /chrome-for-testing/known-good-versions-with-downloads.json HTTP/1.1
18:17:44.570 [TestNG-tests-2] DEBUG org.apache.hc.client5.http.protocol.RequestAddCookies - ex-0000000003 Cookie spec selected: strict
18:17:44.571 [TestNG-tests-2] DEBUG org.apache.hc.client5.http.impl.classic.InternalHttpClient - ep-0000000003 start execution ex-0000000003
18:17:44.571 [TestNG-tests-2] DEBUG org.apache.hc.client5.http.impl.io.PoolingHttpClientConnectionManager - ep-0000000003 executing exchange ex-0000000003 over http-outgoing-2
18:17:44.571 [TestNG-tests-2] DEBUG org.apache.hc.client5.http.headers - http-outgoing-2 >> GET /chrome-for-testing/known-good-versions-with-downloads.json HTTP/1.1
18:17:44.571 [TestNG-tests-2] DEBUG org.apache.hc.client5.http.headers - http-outgoing-2 >> user-agent: Apache-HttpClient/5.0
18:17:44.571 [TestNG-tests-2] DEBUG org.apache.hc.client5.http.headers - http-outgoing-2 >> accept-encoding: gzip, deflate, br
18:17:44.571 [TestNG-tests-2] DEBUG org.apache.hc.client5.http.headers - http-outgoing-2 >> cache-control: max-age=0
18:17:44.571 [TestNG-tests-2] DEBUG org.apache.hc.client5.http.headers - http-outgoing-2 >> connection: keep-alive
18:17:44.571 [TestNG-tests-2] DEBUG org.apache.hc.client5.http.headers - http-outgoing-2 >> Host: googlechromelabs.github.io
18:17:44.571 [TestNG-tests-2] DEBUG org.apache.hc.client5.http.wire - http-outgoing-2 >> "GET /chrome-for-testing/known-good-versions-with-downloads.json HTTP/1.1[\r][\n]"
18:17:44.571 [TestNG-tests-2] DEBUG org.apache.hc.client5.http.wire - http-outgoing-2 >> "user-agent: Apache-HttpClient/5.0[\r][\n]"
18:17:44.571 [TestNG-tests-2] DEBUG org.apache.hc.client5.http.wire - http-outgoing-2 >> "accept-encoding: gzip, deflate, br[\r][\n]"
18:17:44.571 [TestNG-tests-2] DEBUG org.apache.hc.client5.http.wire - http-outgoing-2 >> "cache-control: max-age=0[\r][\n]"
18:17:44.571 [TestNG-tests-2] DEBUG org.apache.hc.client5.http.wire - http-outgoing-2 >> "connection: keep-alive[\r][\n]"
18:17:44.571 [TestNG-tests-2] DEBUG org.apache.hc.client5.http.wire - http-outgoing-2 >> "Host: googlechromelabs.github.io[\r][\n]"
18:17:44.571 [TestNG-tests-2] DEBUG org.apache.hc.client5.http.wire - http-outgoing-2 >> "[\r][\n]"
18:17:44.570 [TestNG-tests-1] DEBUG org.apache.hc.client5.http.wire - http-outgoing-3 << "[0xffffffcc][0xffffffc0]'[0xfffffff7][0xffffffd2][0xffffffe1][0xffffffe3][0xffffffd9]6[0x6][0xe]Pb[0x6][0x16]hb[0x6][0xe][0xffffff80]"[0x6]>[0xffffffe9]7[0xf];[0xffffffac][0xffffffbf]"
18:17:44.573 [TestNG-tests-1] DEBUG org.apache.hc.client5.http.wire - http-outgoing-3 << "[0xffffffc5][0xffffffc0][0xffffffe3][0xfffffffd][0xffffff8f][0xffffffd5][0xfffffff6][0xffffff85]y[0xffffffd6]|[0xffffffff]~[0xffffff9e][0xffffff87][0xffffffb2][0xffffffef][0xffffff97][0x13]`[0xffffffee][0xffffffdd][0xffffffce][0xffffff90]l[0xffffffde]/OO[0xfffffff6][0xffffffee][0xffffffaf][0xffffff9f][0xc][[0xfffffff7])[0xffffff8a][0xffffffc9][0xffffffce][0xfffffffd][0x1][0xffffff90][0xffffffc9][0xffffffc6]}[0xffffff8a]e[0xffffffa2]o[0xffffff9f][0xffffffc0][0xffffff99]f[0xffffffdb]'[0xffffff88][0xffffffbe][0xffffffe0]Z[0xffffffb5][0xffffff99]|[0xffffffd5]Q([0xffffffd7][0xffffff82][0xffffff9b][0xffffffc9][0xffffffbf][0xffffff9c][0xffffff80]v-[0xffffffb4][0xffffff99][0xfffffffc][0xffffffcb][0xffffffd3][0x19][0xffffffd7]zl&[0x7f][0xffffff8a]"[0xffffffe3]Z[0xffffff83][0xffffffcd][0xffffffe4]O[0xffffffb1][0xffffffcc]w-[0xffffffb6][0xffffff99][0xfffffffc][0x9][0xffffffa2]/[0xffffffb8][0xffffffb6])[0xffffffd7][0xffffff8e][0xffffff9e][0xffffffbf][0xffffff99][0xfffffffc][0xfffffff3]<[0xffffffb0]k[0xffffff9b][0xffffff81]k[[0xffffff80]:[0x13][0xffffffe7][0xffffff86][0xffffffb9][0xffffffb6]9[0xffffffb9]6[0xffffffa2][0xffffffc8][0xffffffb8]V[0x1][0xffffffc9][0xffffffb8]6b[0xffffff99][0xffffffef][0xffffffda][0x1d][0xffffffce]l[0xffffffd7][0xffffffee][0xffffff88][0xffffffbe][0xffffffe0][0xffffffda][0xffffffae]\[0xffffffbb][0xe][0xffffffcc][0xffffffb5][0x1d]wm7pm[0xf]Pg[0xffffffe2][0xffffffdc]1[0xffffffd7]v'[0xffffffd7]F[0x14][0x19][0xffffffd7]* [0x19][0xffffffd7]F,[0xfffffff3]][0xffffffbb][0xffffffc3][0xffffff99][0xffffffed][0xffffffda][0x1d][0xffffffd1][0x17]\;[0xffffffa2]k[0xfffffffb][0xffffffed]60[0xffffffd7][0xe][0xffffffdc][0xffffffb5][0xffffffc3][0xffffffc0][0xffffffb5]#@[0xffffff9d][0xffffff89][0xfffffff3][0xffffffc0]\;[0xffffff9c]\[0x1b]Qd\[0xffffffab][0xffffff80]d\[0x1b][0xffffffb1][0xffffffcc]w[0xffffffed][0xe]g[0xffffffb6]kwD_p[0xffffffad][0xfffffff8][\n]"
18:17:44.573 [TestNG-tests-1] DEBUG org.apache.hc.client5.http.wire - http-outgoing-3 << "[0xffffffc4][0xffffffdd][0xffffffb5][0xb]{_[0xb]~[0x5][0xffffffe2][0xffffffcb][0x9]h[0xffffffd7]B_[0xffffff81][0xfffffff8][0xfffffff2]t[0xffffffc6][0xffffffb5][0x1e]_[0xffffff81]x[0xffffff8a]"[0xffffffe3]Z[0xffffff83][0xffffffaf]@<[0xffffffc5]2[0xffffffdf][0xffffffb5][0xffffffd8]W [0xffffff9e] [0xfffffffa][0xffffff82]k[0xffffffa7]r[0xffffffed]q[0xffffffe4][0x7f][0x5][0xffffffe2][0xfffffff3]<[0xffffffb0]k[0xffffffa7][0xffffff81]kg[0xffffff80]:[0x13][0xffffffe7][0xffffff89][0xffffffb9]v:[0xffffffb9]6[0xffffffa2][0xffffffc8][0xffffffb8]V[0x1][0xffffffc9][0xffffffb8]6b[0xffffff99][0xffffffef][0xffffffda][0x1d][0xffffffce]l[0xffffffd7][0xffffffee][0xffffff88][0xffffffbe][0xffffffe0]Z[0xffffffb1][0xffffff99][0xfffffffc][0xffffffee]Z[0xffffffe0][0xffffffeb]f[0xffffff9f][0xffffffe7][0xffffff81]][0xffffff8b]n&[0xffffffdf][0xffffffce][0xffffffc0][0xffffffb8][0x16][0xffffffd8]L[0xfffffffe][0xffffffeb]'{[0xffffffb8][0x16][0xffffffdf]L[0xfffffffe][0x3] [0x19][0xffffffd7][0xffffffa2][0xffffff9b][0xffffffc9][0xffffff9f][0xffffffc0][0xffffff99][0xffffffed][0xffffffda]+[0xffffff9b][0xffffffc9][0x1f][0x7f]:o7[0xffffffe5][0xffffffda]R![0xffffffd7]>[0xffffffce][0xffffff83][0xffffffba][0xfffffff6][0xfffffffd][0x4][0xffffffac]k?[0xffffffcf]@[0xffffffb8][0xfffffff6][0xfffffffd][0xffffffe9][0xffffff84]k[0xffffffbf]?[0xffffffd9][0xffffffc1][0xffffffb5][\n]"
18:17:44.573 [TestNG-tests-1] DEBUG org.apache.hc.client5.http.wire - http-outgoing-3 << "E[0xffffffc2][0xffffffb5][0x1a]H[0xffffffc2][0xffffffb5][\n]"
18:17:44.573 [TestNG-tests-1] DEBUG org.apache.hc.client5.http.wire - http-outgoing-3 << "[0xffffffcb]l[0xffffffd7]F8s][0x1b][0x11]}[0xffffffc1][0xffffffb5]b[0xffffff96][0xffffffa1][0xffffffdf]j[0xffffff85][0xffffffde]!<[0xffffffce][0x3][0xffffffbb][0xffffff96][0xffffff9f]e[0xfffffff8]<[0x3][0xffffffe3]Zj[0xffffff96][0xffffffe1][0xfffffffb][0xffffff93]=\[0xffffffeb]1[0xffffffcb][0xffffffa0][0xffffff81]d\[0xffffffcb][0xffffffcf]2D8[0xffffffb3]]{y[0xffffff96]a[0xffffffde][0xffffff8a]rm[0x1b]'[0xffffffe5][0xffffffda][0xffffff82][0xffffffbb][0xffffffb6][0x18][0xffffffb8][0xffffffb6][0x4][0xffffffa8]3q.[0xffffff98]k[0xffffff8b][0xffffff93]k#[0xffffff8a][0xffffff8c]k[0x15][0xffffff90][0xffffff8c]k#[0xffffff96][0xfffffff9][0xffffffae][0xffffffdd][0xffffffe1][0xffffffcc]v[0xffffffed][0xffffff8e][0xffffffe8][0xb][0xffffffae][0xffffffad][0xffffffbf][0xffffff84]-5[0xfffffffd][0xffffffb6][\n]"
18:17:44.574 [TestNG-tests-1] DEBUG org.apache.hc.client5.http.wire - http-outgoing-3 << "[0xffffffe6][0xffffffda][0xfffffffb]y`[0xffffffd7][0xffffffbe][0xffffff9d][0xffffff80]v[0xffffffed][0xffffffb7]30[0xffffffae]}{:[0xffffffe3][0xffffffda][0xffffff8f]'{[0xffffffb8]6[0xffffffa2][0xffffffc8][0xffffffb8]V[0x1][0xffffffc9][0xffffffb8]6b[0xffffff99][0xffffffef][0xffffffda][0x1d][0xffffffce]l[0xffffffd7][0xffffffee][0xffffff88][0xffffffbe][0xffffffe0]Z17[0xffffffd6][0xffffff8f][0xffffffa3]b[0xffffffae][0xffffffa5][0xffffffe7][0xffffffc6][0xffffffde]O@[0xffffffbb][0xffffff96][0xffffff9c][0x1b]{[0x7f]:[0xffffffe3]Z[0xffffffa3][0xffffffb9]1[0xffffff85]"[0xffffffe3]Z[0xffffff97][0xffffffb9]1[0xffffff85]e[0xffffffbe]k[0xffffffd9][0xffffffb9][0xffffffb1][0xffffff88][0xffffffe8][0xb][0xffffffae][0x15]sc[0xfffffffd]h}R[0xffffffae][0xffffffa5][0xffffffe7][0xffffffc6][0xffffffde]O@[0xffffffbb][0xffffff96][0xffffff9c][0x1b]{[0x7f]:[0xffffffe3]Z[0xffffffa3][0xffffffb9]1[0xffffff85]"[0xffffffe3]Z[0xffffff97][0xffffffb9]1[0xffffff85]e[0xffffffbe]k[0xffffffd9][0xffffffb9][0xffffffb1][0xffffff88][0xffffffe8][0xb][0xffffffae][0x1d][0xffffffca][0xffffffb5]g[0xffffffc3][0xffffffba]v[0xffffffe0][0xffffffae][0x1d][0x6][0xffffffae][0x1d][0x1][0xffffffea]L[0xffffff9c][0x7][0xffffffe6][0xffffffda][0xffffffe1][0xffffffe4][0xffffffda][0xffffff88]"[0xffffffe3]Z[0x5]$[0xffffffe3][0xffffffda][0xffffff88]e[0xffffffbe]kw8[0xffffffb3]][0xffffffbb]#[0xfffffffa][0xffffff82]k[0xffffffd5][0xffffffdc]X9N[0xffffffcc][0xffffffb5][0xfffffff4][0xffffffdc][0xffffffd8][0xfffffffb][0x9]h[0xffffffd7][0xffffff92]sc[0xffffffef]Og\k47[0xffffffa6]Pd\[0xffffffeb]27[0xffffffa6][0xffffffb0][0xffffffcc]w-;7[0x16][0x11]}[0xffffffc1][0xffffffb5]jn[0xffffffac][0xffffffb4][0x1b][0xfffffff6][0xe][0xffffff81][0xffffff9e][0x1b]{?[0x1][0xffffffed]Zrn[0xffffffec][0xfffffffd][0xffffffe9][0xffffff8c]k[0xffffff8d][0xffffffe6][0xffffffc6][0x14][0xffffff8a][0xffffff8c]k][0xffffffe6][0xffffffc6][0x14][0xffffff96][0xfffffff9][0xffffffae]e[0xffffffe7][0xffffffc6]"[0xffffffa2]/[0xffffffb9]6[0xffffffde]C`]K[0xffffffdf]C[0xffffff98][0x6][0xfffffff7][0x10]f[0xfffffff8][0xffffffc1]7[0x17]g[0xffffffea][0x1e][0xffffffc2]t[0xffffffba][0xffffff87][0x10]Q[0xffffffa4]\[0xffffffeb]r[0xf]!bI[0xffffffb8][0xffffff96][0xffffffbd][0xffffff87][0xffffffb0]#[0xfffffffa][0xffffff82]k[0xffffffd5][0xffffff8c]n9Ol[0xffffff96][0xffffff81][0xffffff9e][0xffffffd1]}?[0x1][0xffffffed]ZrF[0xfffffff7][0xfffffffd][0xffffffe9][0xffffff8c]k[0xffffff8d]ft[0x15][0xffffff8a][0xffffff8c]k]ft[0x15][0xffffff96][0xfffffff9][0xffffffae]egt#[0xffffffa2]/[0xffffffb9]Vt-[0xffffffea]Z[0xffffffba]k[0xffffff97]A[0xffffffd7][0xffffffae][0x10][0x10][0xffffffb9]8S][0xffffffbb][0xffffff9c][0xffffffba]6[0xffffffa2]H[0xffffffb9][0xffffffd6][0xffffffa5]k#[0xffffff96][0xffffff84]k[0xffffffd9][0xffffffae][0xffffffdd][0x11][0xfffffffd][0xffffffed][0xffffffae]=[0xffffffd4]>[0xffffff84][0xffffffb2][0xffffff8e][0x3]r[0xffffffed][0xffffff81][0xffffffef]C8[0xc][0xfffffff6]![0x1c]q[0xfffffff0]<[0x11][0xffffffe7][0x3][0xffffffdb][0xffffff87]p[0xffffffec][0xffffffc3][0xffffffe6][0xffffffa4]k[0x5][0xffffff8a][0xffffff88]k%[0xffffff90][0xffffff88]k[0x5][0xffffff96][0xffffffe9][0xffffffae][\r]p&[0xffffffbb]6 [0xfffffffa][0xffffff82]k[0xffffffd5][0xffffff8c]nY[0xffffffb3]P[0xffffffae][0xffffffc5]gt[0xf][0xffffff83][0x19][0xffffffdd]#[0xe]Cf[0xffffffe2][0xffffff8c][0xffffffcd][0xffffffe8][0x1e][0xfffffffb][0x0]$[0xffffffea]Z[0xffffff93][0x19]][0x9]$[0xffffffe3]Z[0xffffff83][0x19][0xffffffdd][0x0]g[0xffffffb6]k[0xffffffaf][0xffffffcf][0xffffffe8][0x1e]j[0xffffff96][0xffffffa1][0xfffffff6][[0xffffffa7]\[0xffffff8b][0xffffffcf]2[0x1c][0x6][0xffffffb3][0xc]G[0xffffffbc]4[0xffffff9e][0xffffff89]36[0xffffffcb]p[0xffffffec][0x17][0xffffffc5]Q[0xffffffd7][0xffffff9a][0xffffffcc]2H [0x19][0xffffffd7][0x1a][0xffffffcc]2[0x4]8[0xffffffb3]]{}[0xffffff96][0xffffffe1][0xffffffed][0xffffffff][0xffffff89][0xffffffae]='[0xfffffff6][0xe]a[0xffffffe0][0xffffffae][0x1d][0x6][0xffffffae][0x1d][0x1][0xffffffea]L[0xffffff9c][0x7][0xffffffe6][0xffffffda][0xffffffe1][0xffffffe4][0xffffffda][0xffffff88]"[0xffffffe3]Z[0x5]$[0xffffffe3][0xffffffda][0xffffff88]e[0xffffffbe]kw8[0xffffffb3]][0xffffffbb]#[0xfffffffa][0xffffff82]k[0xffffffd5],C;[0x1a][0xfffffff6][0xe][0x1][0xffffff9f]e8[0xc]f[0x19][0xffffff8e]xi<[0x13]gl[0xffffff96][0xffffffe1][0xffffffd8]/[0xffffff8a][0xffffffa3][0xffffffae]5[0xffffff99]e[0xffffff90]@2[0xffffffae]5[0xffffff98]e[0x8]pf[0xffffffbb][0xfffffff6][0xfffffffa],[0xffffffc3][0xffffffa1]f[0x19]ZmX[0xffffffd7][0xffffffe2][0xffffffb3][0xc][0xffffff87][0xffffffc1],[0xffffffc3][0x11]/[0xffffff8d]g[0xffffffe2][0xffffff8c][0xffffffcd]2[0x1c][0xfffffffb]Eq[0xffffffd4][0xffffffb5]&[0xffffffb3][0xc][0x12]H[0xffffffc6][0xffffffb5][0x6][0xffffffb3][0xc][0x1][0xffffffce]l[0xffffffd7]^[0xffffff9f]e([0xffffffea]}m_[\r][0xfffffffa][0xffffff8e][0xffffffee][0xffffffe3]<[0xffffffac]k[0xffffff8b][0xffffffc1][0xfffffffb][0xffffffda][0x12]_[0xffffff8c]%[0xffffffe2]\[0xffffffb0][0xfffffff7][0xffffffb5]e[0x7f][0x19]F[0xffffffba]V[0xffffffa0][0xffffff88][0xffffffb8]V[0x2][0xffffff89][0xffffffb8]V`[0xffffff99][0xffffffee][0xffffffda][0x0]g[0xffffffb2]k[0x3][0xffffffa2]/[0xffffffb8]V[0xffffffbd]C[0x18]7[0xffffffea][0xffffffdb][0xffffff8e][0xffffff8f][0xfffffff3][0xffffffc0][0xffffffae]5x[0xffffff87]P[0xffffffe2][0xffffffbf][0xffffffac]e[0xffffffe2][0xffffff8c][0xffffffbd]C([0xfffffffb][0xffffffbf][0xffffffa0][0xffffffa1][0xffffffae]5y[0xffffff87] [0xffffff81]d\k[0xfffffff0][0xe]![0xffffffc0][0xffffff99][0xffffffed][0xffffffda][0xffffffeb][0xffffffef][0x10][0xffffff8a]z[0xffffff87]0[0xe][0xffffffec]{c[0x5][0x7f][0xffffff87]P[0xc][0xffffffde]![0xffffff94][0xfffffff8]/k[0xffffff99]8c[0xffffffef][0x10][0xffffffca][0xfffffffe]/h[0xffffffa8]kM[0xffffffde]!H [0x19][0xffffffd7][0x1a][0xffffffbc]C[0x8]pf[0xffffffbb][0xfffffff6]'[0xffffffde]![0xffffffa8][0x19][0xffffffdd][0xffffffd1][0xffffffce]F[0xffffffb9][0x16][0xffffff9f][0xffffffd1]-[0x6]3[0xffffffba]%[0xe]Cf[0xffffffe2][0xffffff8c][0xffffffcd][0xffffffe8][0xffffff96]}[0x0][0x12]u[0xffffffad]"
18:17:44.574 [TestNG-tests-1] DEBUG org.apache.hc.client5.http.wire - http-outgoing-3 << "[0xffffffc9][0xffffff8c][0xffffffae][0x4][0xffffff92]q[0xffffffad][0xffffffc1][0xffffff8c]n[0xffffff80]3[0xffffffdb][0xffffffb5][0xffffffd7]gt[0xffffffab][0xffffff9a]e8[[0xffffffa7]\[[0xfffffff1]Y[0xffffff86]j0[0xffffffcb]P[0xffffffe3][0xffffffa5][0xfffffff1]D[0xffffff9c]+6[0xffffffcb]P[0xfffffff7][0xffffff8b][0xffffffe2][0xffffffa4]k[0x5][0xffffff8a][0xffffff88]k%[0xffffff90][0xffffff88]k[0x5][0xffffff96][0xffffffe9][0xffffffae][\r]p&[0xffffffbb]6 [0xfffffffa][0xffffff82]k[0xffffffd5]oc[0xffffffb3][0xffffff9d][0xffffffd4];[0xffffff84][0xffffff8a][0xffffffff]6V[\r]~[0x1b][0xffffffab][0xfffffff1]G[0xffffff88]L[0xffffff9c][0xffffffb1][0xffffffdf][0xffffffc6][0xffffffea][0xfffffffe][0xffffffc3][0x3][0xffffffea]Z[0xffffff93][0xffffffdf][0xffffffc6]$[0xffffff90][0xffffff8c]k[\r]~[0x1b][0xb]pf[0xffffffbb][0xfffffff6][0xfffffffa]ocU[0xffffffbd]CX[0xffffffb5]R;[0x15]+[0xfffffffe][0xe][0xffffffa1][0x1a][0xffffffbc]C[0xffffffa8][0xfffffff1]_[0xffffffd6]2q[0xffffffc6][0xffffffde]![0xffffffd4][0xfffffffd]_[0xffffffd0]P[0xffffffd7][0xffffff9a][0xffffffbc]C[0xffffff90]@2[0xffffffae]5x[0xffffff87][0x10][0xffffffe0][0xffffffcc]v[0xffffffed][0xfffffff5]w[0x8]M[0xffffffed][0xffffff9e]Y[0x15][0xffffff9b][0x1b]k[0xfffffff8][0xffffffee][0xffffff99]f[0xffffffb0]{[0xffffffa6][0xffffffc5]%[0x1f][0xffffff89]87l[0xfffffff7]L[0xffffffdb][0x17]{[0xffffff90][0xffffffae][0x15]("[0xffffffae][0xffffff95]@"[0xffffffae][0x15]X[0xffffffa6][0xffffffbb]6[0xffffffc0][0xffffff99][0xffffffec][0xffffffda][0xffffff80][0xffffffe8][0xb][0xffffffae]=[0xffffff94]k[0xffffffdb]A}[0x3][0xffffffe7][0xffffffed]<[0xffffffb0]k[0xf][0x3][0xffffffd7][0x1e][0x1][0xffffffea]L[0xffffff9c][0xf][0xffffffcc][0xffffffb5][0xffffff87][0xffffff93]k#[0xffffff8a][0xffffff8c]k[0x15][0xffffff90][0xffffff8c]k#[0xffffff96][0xfffffff9][0xffffffae][0xffffffdd][0xffffffe1][0xffffffcc]v[0xffffffed][0xffffff8e][0xffffffe8][0xb][0xffffffae]U[0xffffffbf][0xffffff8d][0xffffffad]^[0xffffffa9][0xfffffffb][0xffffffb5][\r][0xffffffff]m[0xffffffac][0x19][0xfffffffc]6[0xffffffd6][0xffffffe2][0xffffff8f][0x10][0xffffff99]8c[0xffffffbf][0xffffff8d][0xffffffb5][0xfffffffd][0xffffff87][0x7][0xffffffd4][0xffffffb5]&[0xffffffbf][0xffffff8d]I [0x19][0xffffffd7][0x1a][0xfffffffc]6[0x16][0xffffffe0][0xffffffcc]v[0xffffffed][0xfffffff5][0xffffffdf][0xffffffc6]ZU[0xffffffae]=[0xffffffb1]}[0x8]o[0xffffffe7][0xffffff81]][[\r]\[[0x3][0xffffffd4][0xffffff99]8W[0xffffffcc][0xffffffb5][0xffffffd5][0xffffffc9][0xffffffb5][0x11]E[0xffffffc6][0xffffffb5][\n]"
18:17:44.574 [TestNG-tests-1] DEBUG org.apache.hc.client5.http.wire - http-outgoing-3 << "H[0xffffffc6][0xffffffb5][0x11][0xffffffcb]|[0xffffffd7][0xffffffee]pf[0xffffffbb]vG[0xfffffff4][0x5][0xffffffd7]6[0xffffffe5][0xffffffda][0xffffffd5][0xffffffb0][0xffffffae]m[0xffffffb8]k[0xffffff9b][0xffffff81]k[[0xffffff80]:[0x13][0xffffffe7][0xffffff86][0xffffffb9][0xffffffb6]9[0xffffffb9]6[0xffffffa2][0xffffffc8][0xffffffb8]V[0x1][0xffffffc9][0xffffffb8]6b[0xffffff99][0xffffffef][0xffffffda][0x1d][0xffffffce]l[0xffffffd7][0xffffffee][0xffffff88][0xffffffbe][0xffffffe0]Zq[0xffffffe7]k[0xffffffdc]j[0xffffffc1]~[0x1b][0xffffffc3][0xffffffef]|5[0xffffff83];_-^[0xffffffae][0xffffffc9][0xffffffc4][0x19][0xffffffbb][0xfffffff3][0xffffffd5][0xfffffff6][0xb]5[0xffffffa8]kM[0xffffffee]|I [0x19][0xffffffd7][0x1a][0xffffffdc][0xfffffff9][\n]"
18:17:44.574 [TestNG-tests-1] DEBUG org.apache.hc.client5.http.wire - http-outgoing-3 << "pf[0xffffffbb][0xfffffff6][0xfffffffa][0xffffff9d][0xffffffaf][0xfffffffb][0xffffff9f][0x16]3[0xffffffd7][0xffffffc2][0xffffffdf][0x1b]{[0xffffff9c][0xffffff80]w-[0xfffffff8][0xffffffbd][0xffffffb1][0xffffffc7][0xffffffd3])[0xffffffd7][0xfffffffa]|oL[0xffffffa0]H[0xffffffb9][0xffffffd6][0xffffffe4]{c[0x2]K[0xffffffc2][0xffffffb5][0xffffffe8][0xfffffff7][0xffffffc6][0x2][0xffffffa2]/[0xffffffb9][0xffffffb6][0xffffff9a][0xffffffb9][0xffffffb6][0xffffffe2][0xffffffae][0xffffffad][0x6][0xffffffae][0xffffffad][0xffffffa8]k+[0xffffffe6][0xffffffda][0xffffffea][0xffffffe4][0xffffffda][0x1d]E[0xffffffca][0xffffffb5][0x11]H[0xffffffca][0xffffffb5];[0xffffff96][0xffffff84]k+[0xffffffec][0xffffffda]z[0xffffffdd][0xffffffb5][0xffffffcd][0xffffffcc][0xffffffb5][\r]wm3pmC][0xffffffdb]0[0xffffffd7]6'[0xffffffd7][0xffffffee](R[0xffffffae][0xffffff8d]@R[0xffffffae][0xffffffdd][0xffffffb1]$\[0xffffffdb]`[0xffffffd7][0xffffffb6][0xffffffeb][0xffffffae]=[0xffffffdc]d{[0xfffffff0][0xffffffb6]=[0x1c]t{[0xffffffb0][0xffffffbe]=8[0xffffffe1][0x1e]V[0xffffffc6][\r]<R[0xffffffca][0x15]TR[0xffffffce][\r]l[0x12][0xffffffd2]=h[0xffffffeb][0x1e]?[0xffffffa1][0xffffffdd][0xffffffea][0xfffffff6][0xffffffee][0xffffffb6][0xfffffff2]/o[0xffffffab][0xffffffc3][0xffffffdb][0xffffffdb][0xffffffca][0xffffffbe][0xffffffbe][0xffffffad][0xffffffdc][0xfffffffb][0xffffffdb]j[0xfffffff5][0x2]7[0xfffffff0]HiWPIi7[0xffffffb0]Ih[0xffffffb7][0xffffffd2]/q[0xffffffeb]O[0xffffffbc][0xffffffc5]mn[0xffffffda]m[0xffffffbc]v[0xffffff9b][0xffffff83]v[0x1b][0xffffffab][0xffffffdd][0xffffffc6]i[0xffffffb7]Yi7[0xfffffff0]HiWPIi7[0xffffffb0]Ih[0xffffffb7][0xffffffd1][0xffffffda]m?[0xffffffa3][0xffffffdd][0xffffffe5][0xffffffa6][0xffffffdd][0xffffffc5]kw9hw[0xffffffb1][0xffffffda]][0xffffff9c]v[0xffffff97][0xffffff95]vw[0x1e]1[0xffffffed]F*1[0xffffffed][0xffffffee]l"[0xffffffda]][0xffffffb4]v[0xffffffd7]u[0xffffffed][0xe][0xffffffb7][0xffffffda][0x1d]|[0xffffffed][0xe][0xffffff87][0xffffffda][0x1d]l[0xffffffed][0xe][0xffffffae]v[0xffffff87]U[0xffffffed][0x6][0x1e])[0xffffffed][\n]"
18:17:44.574 [TestNG-tests-1] DEBUG org.apache.hc.client5.http.wire - http-outgoing-3 << "*)[0xffffffed][0x6]6[0x9][0xffffffed][0xe][0xffffffba]v[0xffffffc7]O[0xffffffd4][0xffffffee]t[0xffffffd3][0xffffffee][0xffffffe4][0xffffffb5];[0x1d][0xffffffb4];Y[0xffffffed]NN[0xffffffbb][0xffffffd3]J[0xffffffbb][0xffffff81]GJ[0xffffffbb][0xffffff82]JJ[0xffffffbb][0xffffff81]MB[0xffffffbb][0xffffff93][0xffffffd6][0xffffffee][0xfffffffc][0x9][0xffffffed][0xffffffae]a[0xffffffa6][0xffffffdd]5p[0xffffffed][0xffffffde][0xffffff8f][0xffffffc0]k[0xfffffff7][0xffffffe3][0x10][0xffffff94]v[0xffffffef][0xffffff8f][0xffffffa7][0xffffffb4][0xfffffffb][0xfffffffe]h[0x17][0xffffffed][0x6][0x1e])[0xffffffed][\n]"
18:17:44.574 [TestNG-tests-1] DEBUG org.apache.hc.client5.http.wire - http-outgoing-3 << "*)[0xffffffed][0x6]6[0x9][0xffffffed]n[0xffffff84][0xffffffe6]kw[0xffffffe3][0xfffffff4][0xffffffb7]h[0xfffffff7]|[0xffffffff][0xffffffdb][0xffffffa1][0x6]~Wi[0xffffffe9][0xffffffd6][0xfffffffd]<[0xf]%[0xffffffdd]/'[0xffffffc0][0xffffff9c][0xffffffbb][0xffffff9d]!Y[0xffffffb9]_[0xffffff9e][0xffffff9e]l[0xffffffdc]_?[0x19][0x16][0xffffffee]S[0x14][0xffffff93]}[0xfffffffb][0x3] [0xffffff93]u[0xfffffffb][0x14][0xffffffcb]D[0xffffffdb]>[0xffffff81]3M[0xffffffb6]O[0x10]}[0xffffffc1][0xffffffb5][0xffffffe2][0x3][0xffffffe8][0xffffffe3]8[0xffffff80][0x5][0xffffff8d][0xffffff9f][0xffffffe7][0xffffff81]][0xffffff8b]~[0x0]};[0x3][0xffffffe3]Z[0xffffffe0][0x3][0xffffffe8][0xffffffbf]~[0xffffffb2][0xffffff87]k[0xfffffff1][0xf][0xffffffa0][0xffffffff][0x0]H[0xffffffc6][0xffffffb5][0xffffffe8][0x7][0xffffffd0][0xffffff9f][0xffffffc0][0xffffff99][0xffffffed][0xffffffda][0x1d][0xffffffd1][0x17]\;[0xffffffc5]r[0xffffff85][0xffffffa3][0xffffff95][0xfffffffc][0xf][0xffffffea]|[0xffffff9e][0x7]v[0xffffffed]$[0xffffff97]+lg`\;[0xfffffff3][0xffffff97]+[0xfffffffc][0xfffffffa][0xffffffc9][0x1e][0xffffffae][0xffffff8d](2[0xffffffae]U@2[0xffffffae][0xffffff8d]X[0xffffffe6][0xffffffbb]v[0xffffff87]3[0xffffffdb][0xffffffb5];[0xffffffa2]/[0xffffffb8]v)[0xffffffd7][0xffffff8e]3[0xffffffff]#[0xf][0xffffff9f][0xffffffe7][0xffffff81]][0xffffffbb][0xc]\[0xffffffbb][0x2][0xffffffd4][0xffffff99]8/[0xffffffcc][0xffffffb5][0xffffffcb][0xffffffc9][0xffffffb5][0x11]E[0xffffffc6][0xffffffb5][\n]"
18:17:44.574 [TestNG-tests-1] DEBUG org.apache.hc.client5.http.wire - http-outgoing-3 << "H[0xffffffc6][0xffffffb5][0x11][0xffffffcb]|[0xffffffd7][0xffffffee]pf[0xffffffbb]vG[0xfffffff4][0xffffffb7][0xffffffbb][0xffffffb6][0xffffff8b][0xf][0xffffffea][0xffffff8c]r[[0xfffffff9][0xffffffbf][0xffffff92]}[0xffffff9e][0xffffff87]umG?[0xffffffa8][0xffffffb3][0xffffff9d][0x1]qm[0x7]>[0xffffffa8][0xfffffff3][0xffffffeb]'[[0xffffffb8]V[0xffffffa0][0xffffff88][0xffffffb8]V[0x2][0xffffff89][0xffffffb8]V`[0xffffff99][0xffffffee][0xffffffda][0x0]g[0xffffffb2]k[0x3][0xffffffa2]/[0xffffffb8]V|[0xffffffe4]a[0xffffff94]cP[0xffffffef]k;[0xfffffff8][0xffffff91][0xffffff87]/'[0xffffffa0]][0xb]}[0xffffffe4][0xffffffe1][0xffffffcb][0xffffffd3][0x19][0xffffffd7]z|[0xffffffe4][0xffffffe1])[0xffffff8a][0xffffff8c]k[\r]>[0xfffffff2][0xfffffff0][0x14][0xffffffcb]|[0xffffffd7]b[0x1f]yx[0xffffff82][0xffffffe8][0xb][0xffffffae][0x15][0x1f]y[0x18][0xffffffa5][0xffffffdc]*[0xffffffe5]Z[0xfffffff0]#[0xf]_N@[0xffffffbb][0x16][0xfffffffa][0xffffffc8][0xffffffc3][0xffffff97][0xffffffa7]3[0xffffffae][0xfffffff5][0xfffffff8][0xffffffc8][0xffffffc3]S[0x14][0x19][0xffffffd7][0x1a]|[0xffffffe4][0xffffffe1])[0xffffff96][0xfffffff9][0xffffffae][0xffffffc5]>[0xfffffff2][0xfffffff0][0x4][0xffffffd1][0x17]\[0xffffffab]>[0xfffffff2]P[0xffffffea][\r][0xffffffeb]Z[0xfffffff0]#[0xf]_N@[0xffffffbb][0x16][0xfffffffa][0xffffffc8][0xffffffc3][0xffffff97][0xffffffa7]3[0xffffffae][0xfffffff5][0xfffffff8][0xffffffc8][0xffffffc3]S[0x14][0x19][0xffffffd7][0x1a]|[0xffffffe4][0xffffffe1])[0xffffff96][0xfffffff9][0xffffffae][0xffffffc5]>[0xfffffff2][0xfffffff0][0x4][0xffffffd1][0x17]\{*[0xffffffd7][0xffffffce][0xffffffd1])[0xffffffd7][0xffffff9e][0xffffffb8]kO[0x3][0xffffffd7][0xffffff9e][0x1][0xffffffea]L[0xffffff9c]O[0xffffffcc][0xffffffb5][0xffffffa7][0xffffff93]k#[0xffffff8a][0xffffff8c]k[0x15][0xffffff90][0xffffff8c]k#[0xffffff96][0xfffffff9][0xffffffae][0xffffffdd][0xffffffe1][0xffffffcc]v[0xffffffed][0xffffff8e][0xffffffe8]K[0xffffffae][0xffffff8d][0xfffffff7][0x10]X[0xffffffd7][0xffffffc2][0xfffffff7][0x10][0x1e]'[0xffffffe0]][0xb][0xffffffde]Cx<[0xffffff9d]r[0xffffffad][0xffffffcf]=[0x4][0xffffff81]"[0xffffffe5]Z[0xffffff93]{[0x8][0x2]K[0xffffffc2][0xffffffb5][0xffffffe8]=[0xffffff84][0xffffff80][0xffffffe8][0xb][0xffffffae][0xffffff9d][0xffffffa2]kk9[0xffffffb1][0xfffffff7][0xffffffb5][0x13][0xffffffef][0xffffffda]i[0xffffffd0][0xffffffb5]3[0x4]D&[0xffffffce][0x13][0xffffffeb][0xffffffda][0xffffffe9][0xffffffd4][0xffffffb5][0x11]E[0xffffffc6][0xffffffb5][\n]"
18:17:44.575 [TestNG-tests-1] DEBUG org.apache.hc.client5.http.wire - http-outgoing-3 << "H[0xffffffc6][0xffffffb5][0x11][0xffffffcb]|[0xffffffd7][0xffffffee]pf[0xffffffbb]vG[0xfffffff4][0x5][0xffffffd7].[0xffffffe5][0xffffffda]v[0x16][0xffffffca][0xffffffb5][0xb]w[0xffffffed]2p[0xffffffed][\n]"
18:17:44.575 [TestNG-tests-1] DEBUG org.apache.hc.client5.http.wire - http-outgoing-3 << "Pg[0xffffffe2][0xffffffbc]0[0xffffffd7]"
18:17:44.575 [TestNG-tests-1] DEBUG org.apache.hc.client5.http.wire - http-outgoing-3 << ".'[0xffffffd7]F[0x14][0x19][0xffffffd7]* [0x19][0xffffffd7]F,[0xfffffff3]][0xffffffbb][0xffffffc3][0xffffff99][0xffffffed][0xffffffda][0x1d][0xffffffd1][0xffffffdf][0xffffffee][0xffffffda]q[0x13][0xffffffef][0x10][0xffffffea][0xffffff89][0xffffffcd][0xffffff8d][0xffffffbd][0xffffff9d][0xffffff87]u[0xffffffed][0xffffffe3][0x4][0xffffffb0]k[0xffffffbf][0xffffff9f][0x1]q[0xffffffed][0xffffffe3][0xffffffe9][0xffffff88]k[0xffffffbf]=[0xffffffd9][0xffffffc2][0xffffffb5][0x2]E[0xffffffc4][0xffffffb5][0x12]H[0xffffffc4][0xffffffb5][0x2][0xffffffcb]t[0xffffffd7][0x6]8[0xffffff93]][0x1b][0x10]}[0xffffffc1][0xffffffb5][0xffffffea]~m[0xffffffeb]X[0xffffffd7][0xe][0xfffffffc]~[0xffffffed]0[0xffffffb8]_;[0xffffffe2]E[0xffffffc6]L[0xffffff9c][0xffffffb1][0xfffffffb][0xffffffb5]c[0xffffffbf][0xffffffbc][0xffffff88][0xffffffba][0xffffffd6][0xffffffe4]~[0xffffffad][0x4][0xffffff92]q[0xffffffad][0xffffffc1][0xfffffffd][0xffffffda][0x0]g[0xffffffb6]k[0xffffffaf][0xffffffdf][0xffffffaf][0x1d][0xffffffea]~m[[0x5]s-~[0xffffffbf]v[0x18][0xffffffdc][0xffffffaf][0x1d][0xfffffff1]"c&[0xffffffce][0xffffffd8][0xfffffffd][0xffffffda][0xffffffb1]_^D]kr[0xffffffbf]V[0x2][0xffffffc9][0xffffffb8][0xffffffd6][0xffffffe0]~m[0xffffff80]3[0xffffffdb][0xffffffb5][0xffffffd7][0xffffffef][0xffffffd7][0xe]u[0xffffffbf][0xffffffb6][0xffffffdf][0xffffffea][0xffffffa0]\[0xffffff8b][0xffffffdf][0xffffffaf][0x1d][0x6][0xfffffff7]kG[0xffffffbc][0xffffffc8][0xffffff98][0xffffff89]3v[0xffffffbf]v[0xffffffec][0xffffff97][0x17]Q[0xffffffd7][0xffffff9a][0xffffffdc][0xffffffaf][0xffffff95]@2[0xffffffae]5[0xffffffb8]_[0x1b][0xffffffe0][0xffffffcc]v[0xffffffed][0xfffffff5][0xfffffffb][0xffffffb5]C[0xffffffed][0xffffffaf][0xffffffed][0xffffffb7]I[0xffffffed]C[0x18][0xfffffff8][0xfffffffe][0xffffffda]a[0xffffffb0][0xffffffbf]v[0xffffffc4]E[0xffffffa1][0xffffff99]8c[0xfffffffb]k[0xffffffc7][0xffffffbe][0x1c][0x14]u[0xffffffad][0xffffffc9][0xfffffffe]Z[0x9]$[0xffffffe3]Z[0xffffff83][0xfffffffd][0xffffffb5][0x1][0xffffffce]l[0xffffffd7]^[0xffffffdf]_;N[0xffffffe5][0xffffffda][0xffffffe3]F[0xffffffed][0xfffffff9]z;[0xf][0xffffffec][0xffffffda][0xffffffd3][0xffffffc0][0xffffffb5]g[0xffffff80]:[0x13][0xffffffe7][0x13]s[0xffffffed][0xffffffe9][0xffffffe4][0xffffffda][0xffffff88]"[0xffffffe3]Z[0x5]$[0xffffffe3][0xffffffda][0xffffff88]e[0xffffffbe]kw8[0xffffffb3]][0xffffffbb]#[0xfffffffa][0xffffff82]k[0xffffffd5][0xffffff9d][0xffffffaf]^:[0xfffffff6][0xe][0x1][0xffffffbf][0xfffffff3]5[0xc][0xffffffee]|[0xffffff8d]x[0xffffffb9]&[0x13]g[0xffffffec][0xffffffce][0xffffffd7][0xffffffd8]/[0xffffffd4][0xffffffa0][0xffffffae]5[0xffffffb9][0xfffffff3]%[0xffffff81]d\kp[0xffffffe7]+[0xffffffc0][0xffffff99][0xffffffed][0xffffffda][0xffffffeb]w[0xffffffbe][0xffffffce][0xffffff9b]rm[0xffffffc3][0xfffffff6]![0xffffffbc][0xffffff9d][0xffffff87]u[0xffffffed][0xffffffe3][0x4][0xffffffb0]k[0xffffffbf][0xffffff9f][0x1]q[0xffffffed][0xffffffe3][0xffffffe9][0xffffff88]k[0xffffffbf]=[0xffffffd9][0xffffffc2][0xffffffb5][0x2]E[0xffffffc4][0xffffffb5][0x12]H[0xffffffc4][0xffffffb5][0x2][0xffffffcb]t[0xffffffd7][0x6]8[0xffffff93]][0x1b][0x10]}[0xffffffc1][0xffffffb5]j[0x7f]m[0xffffffef][0xffffff95][0xffffff9a][0x1b];[0xfffffff1][0xfffffffd][0xffffffb5][0xffffffa7][0xffffffc1][0xfffffffe][0xffffffda]3.[\n]"
18:17:44.575 [TestNG-tests-1] DEBUG org.apache.hc.client5.http.wire - http-outgoing-3 << "[0xffffffcd][0xffffffc4][0x19][0xffffffdb]_{[0xffffffee][0xffffffcb]AQ[0xffffffd7][0xffffff9a][0xffffffec][0xffffffaf][0xffffff95]@2[0xffffffae]5[0xffffffd8]_[0x1b][0xffffffe0][0xffffffcc]v[0xffffffed][0xfffffff5][0xfffffffd][0xffffffb5]gQ[0xffffffae]=o[0xffffffd4]oco[0xffffffe7][0xffffff81]][[0xc]\[[0x2][0xffffffd4][0xffffff99]8[0x17][0xffffffcc][0xffffffb5][0xffffffc5][0xffffffc9][0xffffffb5][0x11]E[0xffffffc6][0xffffffb5][\n]"
18:17:44.575 [TestNG-tests-1] DEBUG org.apache.hc.client5.http.wire - http-outgoing-3 << "H[0xffffffc6][0xffffffb5][0x11][0xffffffcb]|[0xffffffd7][0xffffffee]pf[0xffffffbb]vG[0xfffffff4][0x5][0xffffffd7][0xffffffaa]Y[0xffffff86]>[0x7][0xffffffd6][0xffffffb5][0xfffffff8],[0xffffffc3]i0[0xffffffcb]p[0xffffffc6]K[0xffffffe3][0xffffff99]8c[0xffffffb3][0xc][0xffffffe7]~Q[0x1c]u[0xffffffad][0xffffffc9],[0xffffff83][0x4][0xffffff92]q[0xffffffad][0xffffffc1],C[0xffffff80]3[0xffffffdb][0xffffffb5][0xffffffd7]g[0x19]N5[0xffffffcb]0J[0xffffffbb]Q[0xffffffae][0xffffffc5]g[0x19]N[0xffffff83]Y[0xffffff86]3^[0x1a][0xffffffcf][0xffffffc4][0x19][0xffffff9b]e8[0xfffffff7][0xffffff8b][0xffffffe2][0xffffffa8]kMf[0x19]$[0xffffff90][0xffffff8c]k[\r]f[0x19][0x2][0xffffff9c][0xffffffd9][0xffffffae][0xffffffbd]>[0xffffffcb]p[0xffffffaa]Y[0xffffff86]Q'[0xffffffb5][0xf][0xffffffe1][0xffffffc4]g[0x19]N[0xffffff83]Y[0xffffff86]3^[0x1a][0xffffffcf][0xffffffc4][0x19][0xffffff9b]e8[0xfffffff7][0xffffff8b][0xffffffe2][0xffffffa8]kMf[0x19]$[0xffffff90][0xffffff8c]k[\r]f[0x19][0x2][0xffffff9c][0xffffffd9][0xffffffae][0xffffffbd]>[0xffffffcb]p[0xffffffaa]Y[0xffffff86]qv[0xffffffea]~[0xffffffed][0xffffff89][0xffffffcf]2[0xffffff9c][0x6][0xffffffb3][0xc]g[0xffffffbc]4[0xffffff9e][0xffffff89]36[0xffffffcb]p[0xffffffee][0x17][0xffffffc5]Q[0xffffffd7][0xffffff9a][0xffffffcc]2H [0x19][0xffffffd7][0x1a][0xffffffcc]2[0x4]8[0xffffffb3]]{}[0xffffff96][0xffffffe1]<[0xffffff85]k[0xffffffcf][0xffffffca][0xffffffb9][0xfffffff6][0xffffffc4]]{[0x1a][0xffffffb8][0xfffffff6][0xc]Pg[0xffffffe2]|b[0xffffffae]=[0xffffff9d]\[0x1b]Qd\[0xffffffab][0xffffff80]d\[0x1b][0xffffffb1][0xffffffcc]w[0xffffffed][0xe]g[0xffffffb6]kwD_p[0xffffffad][0xffffffda][0x15]~[0xffffff8e]F[0xffffffcd]2[0xffffff9c][0xfffffff8][0xffffffae][0xfffffff0][0xffffffd3]`W[0xfffffff8][0x19][0xffffff97]2g[0xffffffe2][0xffffff8c][0xffffffed][\n]"
18:17:44.575 [TestNG-tests-1] DEBUG org.apache.hc.client5.http.wire - http-outgoing-3 << "?[0xfffffff7]E[0xffffffcc][0xffffffa8]kMv[0xffffff85]K [0x19][0xffffffd7][0x1a][0xffffffec][\n]"
18:17:44.575 [TestNG-tests-1] DEBUG org.apache.hc.client5.http.wire - http-outgoing-3 << "[0xf]pf[0xffffffbb][0xfffffff6][0xfffffffa][0xffffffae][0xfffffff0]S[0xffffffcd][0xffffff8d][0xffffff9d]g[0xffffffc7]~[0x1b][0xffffffc3][0xffffffe7][0xffffffc6]N[0xffffff83][0xffffffb9][0xffffffb1]3[0xe][0xffffffe8]d[0xffffffe2][0xffffff8c][0xffffffcd][0xffffff8d][0xffffff9d][0xfffffffb]P[0xe][0xffffffea]Z[0xffffff93][0xffffffb9]1[0x9]$[0xffffffe3]Z[0xffffff83][0xffffffb9][0xffffffb1][0x0]g[0xffffffb6]k[0xffffffaf][0xffffffcf][0xffffff8d][0xffffffcd][0xffffffdb]/-[0xffffffba]vb[0xfffffff7]k[0xffffffdf][0xffffffce][0xffffffc3][0xffffffba][0xfffffff6]q[0x2][0xffffffd8][0xffffffb5][0xffffffdf][0xffffffcf][0xffffff80][0xffffffb8][0xfffffff6][0xfffffff1]t[0xffffffc4][0xffffffb5][0xffffffdf][0xffffff9e]l[0xffffffe1]Z[0xffffff81]"[0xffffffe2]Z[0x9]$[0xffffffe2]Z[0xffffff81]e[0xffffffba]k[0x3][0xffffff9c][0xffffffc9][0xffffffae][\r][0xffffff88][0xffffffbe][0xffffffe0]Z57v[0xffffffae][0xffffff8e][0xffffffb9][0x16][0xffffff9f][0x1b][0xffffff9b][0x6]sc3[0xe][0xffffffe8]d[0xffffffe2][0xffffff8c][0xffffffcd][0xffffff8d][0xffffffcd]}([0x7]u[0xffffffad][0xffffffc9][0xffffffdc][0xffffff98][0x4][0xffffff92]q[0xffffffad][0xffffffc1][0xffffffdc]X[0xffffff80]3[0xffffffdb][0xffffffb5][0xffffffd7][0xffffffe7][0xffffffc6][0xffffffa6][0xffffff9a][0x1b][0xffffff9b]eR[0xffffffdf][0xffffffd1][0xffffff9d][0xfffffff8][0xffffffdc][0xffffffd8]4[0xffffff98][0x1b][0xffffff9b]q@'[0x13]glnl[0xffffffee]C9[0xffffffa8]kM[0xffffffe6][0xffffffc6]$[0xffffff90][0xffffff8c]k[\r][0xffffffe6][0xffffffc6][0x2][0xffffff9c][0xffffffd9][0xffffffae][0xffffffbd]>76[0xffffffd5][0xffffffdc][0xffffffd8][0xffffffec][0xffffff8b][0xffffffda]=3[0xfffffff1][0xffffffb9][0xffffffb1]i076[0xffffffe3][0xffffff80]N&[0xffffffce][0xffffffd8][0xffffffdc][0xffffffd8][0xffffffdc][0xffffff87]rP[0xffffffd7][0xffffff9a][0xffffffcc][0xffffff8d]I [0x19][0xffffffd7][0x1a][0xffffffcc][0xffffff8d][0x5]8[0xffffffb3]]{}nl[0xffffffaa][0xffffffb9][0xffffffb1][0xffffffb9][0x1a]5[0xffffffa3];[0xfffffff1][0xffffffb9][0xffffffb1]i076[0xffffffe3][0xffffff80]N&[0xffffffce][0xffffffd8][0xffffffdc][0xffffffd8][0xffffffdc][0xffffff87]rP[0xffffffd7][0xffffff9a][0xffffffcc][0xffffff8d]I [0x19][0xffffffd7][0x1a][0xffffffcc][0xffffff8d][0x5]8[0xffffffb3]]{}nl[0xffffffaa][0xffffffb9][0xffffffb1]U[0xe]jnl[0xffffffe2]sc[0xffffffd3]`nl[0xffffffc6][0x1][0xffffff9d]L[0xffffff9c][0xffffffb1][0xffffffb9][0xffffffb1][0xffffffb9][0xf][0xffffffe5][0xffffffa0][0xffffffae]5[0xffffff99][0x1b][0xffffff93]@2[0xffffffae]5[0xffffff98][0x1b][0xb]pf[0xffffffbb][0xfffffff6][0xfffffffa][0xffffffdc][0xffffffd8]Tsc[0xffffffab]aw[0xffffffbe]&>76[\r][0xffffffe6][0xffffffc6]f[0x1c][0xffffffd0][0xffffffc9][0xffffffc4][0x19][0xffffff9b][0x1b][0xffffff9b][0xfffffffb]P[0xe][0xffffffea]Z[0xffffff93][0xffffffb9]1[0x9]$[0xffffffe3]Z[0xffffff83][0xffffffb9][0xffffffb1][0x0]g[0xffffffb6]k[0xffffffaf][0xffffffcf][0xffffff8d][0xffffffcd]S[0xffffffb9]vVjn[0xffffffec][0xffffffed]<[0xffffffb0]kO[0x3][0xffffffd7][0xffffff9e][0x1][0xffffffea]L[0xffffff9c]O[0xffffffcc][0xffffffb5][0xffffffa7][0xffffff93]k#[0xffffff8a][0xffffff8c]k[0x15][0xffffff90][0xffffff8c]k#[0xffffff96][0xfffffff9][0xffffffae][0xffffffdd][0xffffffe1][0xffffffcc]v[0xffffffed][0xffffff8e][0xffffffe8][0xb][0xffffffae][0x15]sc[0xffffffe7][0xffffffed]6[0xffffffb0];_[0xfffffff8][0xffffffdc][0xffffffd8]4[0xffffff98][0x1b][0xffffff9b]q@'[0x13]glnl[0xffffffee]C9[0xffffffa8]kM[0xffffffe6][0xffffffc6]$[0xffffff90][0xffffff8c]k[\r][0xffffffe6][0xffffffc6][0x2][0xffffff9c][0xffffffd9][0xffffffae][0xffffffbd]>76[0xffffffc5][0xffffffdc][0xffffffd8]y[0xffffffab][0xffffffdc][0xffffff9d]/|nl[0x1a][0xffffffcc][0xffffff8d][0xffffffcd]8[0xffffffa0][0xffffff93][0xffffff89]3676[0xfffffff7][0xffffffa1][0x1c][0xffffffd4][0xffffffb5]&sc[0x12]H[0xffffffc6][0xffffffb5][0x6]sc[0x1][0xffffffce]l[0xffffffd7]^[0xffffff9f][0x1b][[0xffffffe2]{c[0xffffffe7]m`[0xffffffbb][0xffffffc2][0x17][0xfffffffe][0xffffffbd][0xffffffb1]e[0xfffffff0][0xffffffbd][0xffffffb1][0x15]?[0xffffffec][0xffffff94][0xffffff88][0xfffffff3][0xffffffc2][0xffffffbe]7[0xffffffb6][0xfffffff6][0xffffff8f]9[0xffffff91][0xffffffae][0x15]("[0xffffffae][0xffffff95]@"[0xffffffae][0x15]X[0xffffffa6][0xffffffbb]6[0xffffffc0][0xffffff99][0xffffffec][0xffffffda][0xffffff80][0xffffffe8][0xb][0xffffffae][0x15][0xffffffb3][0xc][0xffffffe7]m[0x15][0xffffffcc][0xffffffb5][0xfffffff8],[0xffffffc3]2[0xffffff98]eX[0xfffffff1][0xffffffd2]x&[0xffffffce][0xffffffd8],[0xffffffc3][0xffffffda]/[0xffffff8a][0xffffffa3][0xffffffae]5[0xffffff99]e[0xffffff90]@2"
18:17:44.576 [TestNG-tests-1] DEBUG org.apache.hc.client5.http.wire - http-outgoing-3 << "[0xffffffae]5[0xffffff98]e[0x8]pf[0xffffffbb][0xfffffff6][0xfffffffa],[0xffffffc3][0x12][0xffffffb3][0xc]w[0xffffffd7]b[0xffffffbb][0xffffffc2][0x17]>[0xffffffcb][0xffffffb0][0xc]f[0x19]V[0xffffffbc]4[0xffffff9e][0xffffff89]36[0xffffffcb][0xffffffb0][0xfffffff6][0xffffff8b][0xffffffe2][0xffffffa8]kMf[0x19]$[0xffffff90][0xffffff8c]k[\r]f[0x19][0x2][0xffffff9c][0xffffffd9][0xffffffae][0xffffffbd]>[0xffffffcb][0xffffffb0][0xffffffc4],[0xffffffc3]y[0x1c][0xffffffb7]F[0xffffffb9][0x16][0xffffff9f]eX[0x6][0xffffffb3][0xc]+^[0x1a][0xffffffcf][0xffffffc4][0x19][0xffffff9b]eX[0xfffffffb]Eq[0xffffffd4][0xffffffb5]&[0xffffffb3][0xc][0x12]H[0xffffffc6][0xffffffb5][0x6][0xffffffb3][0xc][0x1][0xffffffce]l[0xffffffd7]^[0xffffff9f]eXb[0xffffff96][0xffffffe1]<[0xffffffea]Q([0xffffffd7][0xffffffe2][0xffffffb3][0xc][0xffffffcb]`[0xffffff96]a[0xffffffc5]K[0xffffffe3][0xffffff99]8c[0xffffffb3][0xc]k[0xffffffbf]([0xffffff8e][0xffffffba][0xffffffd6]d[0xffffff96]A[0x2][0xffffffc9][0xffffffb8][0xffffffd6]`[0xffffff96]![0xffffffc0][0xffffff99][0xffffffed][0xffffffda][0xffffffeb][0xffffffb3][0xc]K[0xffffffcc]2[0xffffff9c][0xffffffc7]hX[0xffffffd7][0xffffffe2][0xffffffb3][0xc][0xffffffcb]`[0xffffff96]a[0xffffffc5]K[0xffffffe3][0xffffff99]8c[0xffffffb3][0xc]k[0xffffffbf]([0xffffff8e][0xffffffba][0xffffffd6]d[0xffffff96]A[0x2][0xffffffc9][0xffffffb8][0xffffffd6]`[0xffffff96]![0xffffffc0][0xffffff99][0xffffffed][0xffffffda][0xffffffeb][0xffffffb3][0xc][0xffffffeb]T[0xffffffae]][0x13][0xffffffeb][0xffffffda][0x13]w[0xffffffed]i[0xffffffe0][0xffffffda]3@[0xffffff9d][0xffffff89][0xfffffff3][0xffffff89][0xffffffb9][0xfffffff6]trmD[0xffffff91]q[0xffffffad][0x2][0xffffff92]qm[0xffffffc4]2[0xffffffdf][0xffffffb5];[0xffffff9c][0xffffffd9][0xffffffae][0xffffffdd][0x11]}[0xffffffc9][0xffffffb5][0xffffffd5][0xffffffcc][0xffffffb5][0x15]wm5pmE][1[0xffffffd7]V'[0xffffffd7][0xffffffee](R[0xffffffae][0xffffff8d]@R[0xffffffae][0xffffffdd][0xffffffb1]$\[a[0xffffffd7][0xffffffd6][0xffffffab][0xffffffae]Usc[0xffffffa5]`[0xfffffffb][0x10][0x16]>7[0xffffffb6][0xc][0xffffffe6][0xffffffc6]V[0x1c][0xffffffd0][0xffffffc9][0xffffffc4][0x19][0xffffff9b][0x1b][[0xfffffffb]P[0xe][0xffffffea]Z[0xffffff93][0xffffffb9]1[0x9]$[0xffffffe3]Z[0xffffff83][0xffffffb9][0xffffffb1][0x0]g[0xffffffb6]k[0xffffffaf][0xffffffcf][0xffffff8d]-57Vz[0xffffffa3][0xffffffe6][0xffffffc6][0x16]>7[0xffffffb6][0xc][0xffffffe6][0xffffffc6]V[0x1c][0xffffffd0][0xffffffc9][0xffffffc4][0x19][0xffffff9b][0x1b][[0xfffffffb]P[0xe][0xffffffea]Z[0xffffff93][0xffffffb9]1[0x9]$[0xffffffe3]Z[0xffffff83][0xffffffb9][0xffffffb1][0x0]g[0xffffffb6]k/[0xffffffcf][0xffffff8d][0xffffffad][0xffffff9b][0xffffff9a][0x1b]+[0xffffffb3]B[0xfffffff7]k[0x1f][0xffffffe7]A][0xfffffffb]~[0x2][0xffffffd6][0xffffffb5][0xffffff9f]g \[0xfffffffb][0xfffffffe]t[0xffffffc2][0xffffffb5][0xffffffdf][0xffffff9f][0xffffffec][0xffffffe0]Z[0xffffff85]"[0xffffffe1]Z[\r]$[0xffffffe1]Z[0xffffff85]e[0xffffffb6]k#[0xffffff9c][0xffffffb9][0xffffffae][0xffffff8d][0xffffff88][0xffffffbe][0xffffffe4][0xffffffda]b[0xffffffe6][0xffffffda][0xffffff82][0xffffffbb][0xffffffb6][0x18][0xffffffb8][0xffffffb6][0xffffffa0][0xffffffae]-[0xffffff98]k[0xffffff8b][0xffffff93]kw[0x14])[0xffffffd7]F )[0xffffffd7][0xffffffee]X[0x12][0xffffffae]-[0xffffffb0]k[0xffffffcb]U[0xffffffd7][0xffffff8a]o;[0xffffff9e][0xfffffff5][0xffffff98][0xffffffd0][0xffffff9e][0xffffffaf][0xffffffc7]y`[0xffffffd7][0xfffffff2][0xffffffdf]v[0xfffffffc]<[0x3][0xffffffe3]Z[0xffffffea][0xffffffdb][0xffffff8e][0xffffffdf][0xffffff9f][0xffffffec][0xffffffe1]Z[0xffffff8f]o;j [0x19][0xffffffd7][0xfffffff2][0xffffffdf]v[0xffffff8c]pf[0xffffffbb][0xfffffff6][0xfffffff2][0xffffffb7][0x1d][0xffffffd7]M[0xffffffed]C[0xffffffa8][0xfffffff5][0xffffff84][0xfffffff6][0xffffffd7]>[0xffffffce][0x3][0xffffffbb][0xffffff96][0xffffffdf][0xffffff87][0xfffffff0]y[0x6][0xffffffc6][0xffffffb5][0xffffffd4]>[0xffffff84][0xffffffef]O[0xfffffff6]p[0xffffffad][0xffffffc7]>[0x4][\r]$[0xffffffe3]Z~[0x1f]B[0xffffff84]3[0xffffffdb][0xffffffb5][0xffffff97][0xfffffff7]![0xffffffbc][0xfffffffd]i|[0xffffff87][0xffffffc0][0xffffffba][0xffffff96]~[0xffffff87]P[0xc][0xffffffde]![0xffffff94][0xfffffff0]/k[0xffffffb9]8S[0xffffffef][0x10][0xffffff8a][0xffffffd3];[0xffffff84][0xffffff88]"[0xffffffe5]Z[0xffffff97]w[0x8][0x11]K[0xffffffc2][0xffffffb5][0xffffffec];[0xffffff84][0x1d][0xffffffd1][0x17]\[[0xffffff95]k[0xffffffc7][0xffffff82][0xfffffff6]|=[0xffffffce][0x3][0xffffffbb][0xffffffb6][0x1a][0xffffffb8][0xffffffb6][0x6][0xffffffa8]3q[0xffffffae][0xffffff98]k[0xffffffab][0xffffff93]k#[0xffffff8a][0xffffff8c]k[0x15][0xffffff90][0xffffff8c]k#[0xffffff96][0xfffffff9][0xffffffae][0xffffffdd][0xffffffe1][0xffffffcc]v[0xffffffed][0xffffff8e][0xffffffe8][0xb][0xffffffae]U[0xffffffbb]g*[0xfffffff8][0xffffffdb][0x18][0xffffffbd]{[0xffffffe6][0xfffffffd][0x4][0xffffffb4]k[0xffffffc9][0xffffffdd]3[0xffffffef]Og\k[0xffffffb4]{F[0xffffffa1][0xffffffc8][0xffffffb8][0xffffffd6]e[0xfffffff7][0xffffff8c][0xffffffc2]2[0xffffffdf][0xffffffb5][0xffffffec][0xffffffee][0xffffff99][0xffffff88][0xffffffe8][0xb][0xffffffae]U[0xffffffbb]g[0xffffffea]\[0xffffffd8];[0x4]z[0xfffffff7][0xffffffcc][0xfffffffb][0x9]h[0xffffffd7][0xffffff92][0xffffffbb]g[0xffffffde][0xffffff9f][0xffffffce][0xffffffb8][0xffffffd6]h[0xfffffff7][0xffffff8c]B[0xffffff91]q[0xffffffad][0xffffffcb][0xffffffee][0x19][0xffffff85]e[0xffffffbe]k[0xffffffd9][0xffffffdd]3[0x11][0xffffffd1][0x17]\[0xffffffab]v[0xffffffcf][0xffffffd4][0xffffffd5][0xffffffa0][0x19][0xffffffdd][0xffffffc7]y`[0xffffffd7][0xfffffff2][0xffffffbb]g>[0xffffffcf][0xffffffc0][0xffffffb8][0xffffff96][0xffffffda]=[0xfffffff3][0xfffffffd][0xffffffc9][0x1e][0xffffffae][0xfffffff5][0xffffffd8]=[0xffffffa3][0xffffff81]d\[0xffffffcb][0xffffffef][0xffffff9e][0xffffff89]pf[0xffffffbb][0xfffffff6][0xfffffff2][0xffffffee][0xffffff99]u;[0xffffff85]k[0xffffffdb][0xffffffed][0x6][0xffffffcd][0xffffffe8]>[0xffffffce][0x3][0xffffffbb][0xfffffff6]4p[0xffffffed][0x19][0xffffffa0][0xffffffce][0xffffffc4][0xfffffff9][0xffffffc4]\{:[0xffffffb9]6[0xffffffa2][0xffffffc8][0xffffffb8]V[0x1][0xffffffc9][0xffffffb8]6b[0xffffff99][0xffffffef][0xffffffda][0x1d][0xffffffce]l[0xffffffd7][0xffffffee][0xffffff88][0xffffffbe][0xffffffe0]Z[0xffffffb5][0xf][0xffffffa1][0x1d][0xffffffa5]Q[0xffffffae][0xffffffa5][0xfffffff7]![0xffffffbc][0xffffff9f][0xffffff80]v-[0xffffffb9][0xf][0xffffffe1][0xfffffffd][0xffffffe9][0xffffff8c]k[0xffffff8d][0xfffffff6]!([0x14][0x19][0xffffffd7][0xffffffba][0xffffffec]CPX[0xffffffe6][0xffffffbb][0xffffff96][0xffffffdd][0xffffff87][0x10][0x11][0xfffffffd][0xffffffed][0xffffffae]=[0xffffffd4][0xffffff8c]n;[0xffffffa9][0xfffffffd][0xffffffb5][0xffffff8f][0xfffffff3][0xffffffb0][0xffffffae]=[0xc]ft[0xffffff8f]8[0xc][0xffffff99][0xffffff88][0xfffffff3][0xffffff81][0xffffffcd][0xffffffe8][0x1e][0xfffffffb][0x0]$[0xffffffe9]Z[0xffffff81]"[0xffffffe2]Z[0x9]$[0xffffffe2]Z[0xffffff81]e[0xffffffba]k[0x3][0xffffff9c][0xffffffc9][0xffffffae][\r][0xffffff88][0xffffffbe][0xffffffe0]Z57[0xffffffd6]o'u[0xf][0xffffffe1][0xffffffc0][0xffffffe7][0xffffffc6][0xe][0xffffff83][0xffffffb9][0xffffffb1]#[0xe][0xffffffe8]d[0xffffffe2][0xffffff8c][0xffffffcd][0xffffff8d][0x1d][0xfffffffb]P[0xe][0xffffffea]Z[0xffffff93][0xffffffb9]1[0x9]$[0xffffffe3]Z[0xffffff83][0xffffffb9][0xffffffb1][0x0]g[0xffffffb6]k[0xffffffaf][0xffffffcf][0xffffff8d][0xffffffdd][0xffffffff]4[0xffffffde][0xffffffaf]e][0xb][0xffffffdf][0xffffffaf]}[0xffffff9c][0xffffff80]w-x[0xffffffbf][0xfffffff6][0xfffffff1]t[0xffffffca][0xffffffb5]>[0xfffffff7]k[0x5][0xffffff8a][0xffffff94]kM[0xffffffee][0xffffffd7][\n]"
18:17:44.576 [TestNG-tests-1] DEBUG org.apache.hc.client5.http.wire - http-outgoing-3 << ",[0x9][0xffffffd7][0xffffffa2][0xfffffff7]k[0x3][0xffffffa2]/[0xffffffb8]V[0xffffffcd][0xffffffe8][0xfffffff6]:[0xffffffa8]Y[0xffffff86][0x3][0xffffff9f][0xffffffd1]=[0xc]ft[0xffffff8f]8[0xc][0xffffff99][0xffffff89]36[0xffffffa3]{[0xffffffec][0x3][0xffffff90][0xffffffa8]kMft%[0xffffff90][0xffffff8c]k[\r]ft[0x3][0xffffff9c][0xffffffd9][0xffffffae][0xffffffbd]>[0xffffffa3]{[0xffffffa8]Y[0xffffff86][0xffffffbe]N[0xffffffea][0x1e][0xffffffc2][0xffffff81][0xffffffcf]2[0x1c][0x6][0xffffffb3][0xc]G[0xffffffbc]4[0xffffff9e][0xffffff89]36[0xffffffcb]p[0xffffffec][0x17][0xffffffc5]Q[0xffffffd7][0xffffff9a][0xffffffcc]2H [0x19][0xffffffd7][0x1a][0xffffffcc]2[0x4]8[0xffffffb3]]{}[0xffffff96][0xffffffe1]P[0xffffffb3][0xc][0xffffffa3]R[0xffffffdf],[0x7f][0xffffff9c][0x7]v[0xffffffad][0xffffffc1],[0xffffffc3][0x11]/[0xffffff8d]g[0xffffffe2][0xffffff8c][0xffffffcd]2[0x1c][0xfffffffb]Eq[0xffffffd4][0xffffffb5]&[0xffffffb3][0xc][0x12]H[0xffffffc6][0xffffffb5][0x6][0xffffffb3][0xc][0x1][0xffffffce]l[0xffffffd7]^[0xffffff9f]e8[0xffffffd4],[0xffffffc3][0xffffffe8]eP[0xffffffae][0xffffffc5]g[0x19][0xe][0xffffff83]Y[0xffffff86]#^[0x1a][0xffffffcf][0xffffffc4][0x19][0xffffff9b]e8[0xfffffff6][0xffffff8b][0xffffffe2][0xffffffa8]kMf[0x19]$[0xffffff90][0xffffff8c]k[\r]f[0x19][0x2][0xffffff9c][0xffffffd9][0xffffffae][0xffffffbd]>[0xffffffcb][0xfffffff0][0xfffffff6][0xffffffff]D[0xffffffd7][0xffffff9e][0x3][0xffffffeb][0xffffffda][0x13]w[0xffffffed]i[0xffffffe0][0xffffffda]3@[0xffffff9d][0xffffff89][0xfffffff3][0xffffff89][0xffffffb9][0xfffffff6]trmD[0xffffff91]q[0xffffffad][0x2][0xffffff92]qm[0xffffffc4]2[0xffffffdf][0xffffffb5];[0xffffff9c][0xffffffd9][0xffffffae][0xffffffdd][0x11]}[0xffffffc1][0xffffffb5]j[0xffffff96]a,l[0xfffffff7][0xffffffcc][0xffffff81][0xffffffcf]2[0x1c][0x6][0xffffffb3][0xc]G[0xffffffbc]4[0xffffff9e][0xffffff89]36[0xffffffcb]p[0xffffffec][0x17][0xffffffc5]Q[0xffffffd7][0xffffff9a][0xffffffcc]2H [0x19][0xffffffd7][0x1a][0xffffffcc]2[0x4]8[0xffffffb3]]{}[0xffffff96][0xffffffa1][0xffffffa8]Y[0xffffff86][0xfffffff3]V[0xffffffa8][0xffffffdf][0xffffffc6][\n]"
18:17:44.576 [TestNG-tests-1] DEBUG org.apache.hc.client5.http.wire - http-outgoing-3 << ">[0xffffffcb]P[0xc]f[0x19]J[0xffffffbc]4[0xffffff9e][0xffffff88]s[0xffffffc1]f[0x19][0xffffffca]~Q[0xffffff9c]t[0xffffffad]@[0x11]q[0xffffffad][0x4][0x12]q[0xffffffad][0xffffffc0]2[0xffffffdd][0xffffffb5][0x1][0xffffffce]d[0xffffffd7][0x6]D_p[0xffffffad][0xffffffba][0xfffffff3]u[0x1e][0xffffff9d][0xffffffda]=S[0xfffffff0];_[0xffffffc5][0xffffffe0][0xffffffce]W[0xffffff89][0xffffff97]k2q[0xffffffc6][0xffffffee]|[0xffffff95][0xfffffffd]B[\r][0xffffffea]Z[0xffffff93];_[0x12]H[0xffffffc6][0xffffffb5][0x6]w[0xffffffbe][0x2][0xffffff9c]"
18:17:44.582 [TestNG-tests-1] DEBUG org.apache.hc.client5.http.wire - http-outgoing-3 << "[0xffffffd9][0xffffffae][0xffffffbd]~[0xffffffe7][0xffffffab][0xffffffa8][0xffffffef]2[0xffffffb0][0xffffffae][0xffffff85]g[0x19][0xffffff8a][0xffffffc1]w[0x19]J\[0xffffff80][0xffffff9f][0xffffff8b]34[0xffffffcb]P[0xfffffff6][0xffffffa5][0xfffffff7][0xffffffb0]k-f[0x19]$[0xffffff90][0xffffff94]k[0xfffffff1]Y[0xffffff86][0x0]g[0xffffffbe]k[0xffffffaf][0xffffffce]2[0xffffff94][0xffffffaa][0xffffffba][0xffffffb6]uj[0xffffff96][0xffffffe1][0xffffffed]<[0xffffffb0]k[0xffffffab]A[0xffffffd7][0xffffffd6][0x10][0x10][0xffffff99]8W[0xffffffac]k[0xffffffab]S[0xffffffd7]F[0x14][0x19][0xffffffd7]* [0x19][0xffffffd7]F,[0xfffffff3]][0xffffffbb][0xffffffc3][0xffffff99][0xffffffed][0xffffffda][0x1d][0xffffffd1][0x17]\[0xffffffdb]T[0xffffffd7][0xffffff8e][0xffffff89]um[0xffffffc3][0xffffffbb][0xffffffb6][0x19]tm[0xb][0x1][0xffffff91][0xffffff89]s[0xffffffc3][0xffffffba][0xffffffb6]9umD[0xffffff91]q[0xffffffad][0x2][0xffffff92]qm[0xffffffc4]2[0xffffffdf][0xffffffb5];[0xffffff9c][0xffffffd9][0xffffffae][0xffffffdd][0x11]}[0xffffffc1][0xffffffb5]j[0xffffff96]a[0xffffffde]F[0xffffffa7]\[0xffffff8b][0xffffffcf]2[0x14][0xffffff83]Y[0xffffff86][0x12]/[0xffffff8d]g[0xffffffe2][0xffffff8c][0xffffffcd]2[0xffffff94][0xfffffffd][0xffffffa2]8[0xffffffea]Z[0xffffff93]Y[0x6][0x9]$[0xffffffe3]Z[0xffffff83]Y[0xffffff86][0x0]g[0xffffffb6]k[0xffffffaf][0xffffffcf]2[0x14]5[0xffffffcb]0k[[0xffffff94]k[0xfffffff1]Y[0xffffff86]b0[0xffffffcb]P[0xffffffe2][0xffffffa5][0xfffffff1]L[0xffffff9c][0xffffffb1]Y[0xffffff86][0xffffffb2]_[0x14]G]k2[0xffffffcb] [0xffffff81]d\k0[0xffffffcb][0x10][0xffffffe0][0xffffffcc]v[0xffffffed][0xfffffff5]Y[0xffffff86]r*[0xffffffd7][0xffffff8e][0xffffff82][0xffffffb9][0xfffffff6][0xffffffc4]]{[0x1a][0xffffffb8][0xfffffff6][0xc]Pg[0xffffffe2]|b[0xffffffae]=[0xffffff9d]\[0x1b]Qd\[0xffffffab][0xffffff80]d\[0x1b][0xffffffb1][0xffffffcc]w[0xffffffed][0xe]g[0xffffffb6]kwD_p[0xffffffad][0xffffff9a]e[0xffffff98][0xffffffdc][0xfffffff7][0xffffffc6][\n]"
18:17:44.582 [TestNG-tests-1] DEBUG org.apache.hc.client5.http.wire - http-outgoing-3 << ">[0xffffffcb]P[0xc]f[0x19]J[0xffffffbc]4[0xffffff9e][0xffffff89]36[0xffffffcb]P[0xfffffff6][0xffffff8b][0xffffffe2][0xffffffa8]kMf[0x19]$[0xffffff90][0xffffff8c]k[\r]f[0x19][0x2][0xffffff9c][0xffffffd9][0xffffffae][0xfffffffd][0xffffff89]Y[0xffffff86]%\[0xffffffbb]J[0xffffffa7][0xfffffff6]![0xffffffbc][0xffffff9d][0x7]v[0xffffffed]2p[0xffffffed][\n]"
18:17:44.582 [TestNG-tests-1] DEBUG org.apache.hc.client5.http.wire - http-outgoing-3 << "Pg[0xffffffe2][0xffffffbc]0[0xffffffd7].'[0xffffffd7]F[0x14][0x19][0xffffffd7]* [0x19][0xffffffd7]F,[0xfffffff3]][0xffffffbb][0xffffffc3][0xffffff99][0xffffffed][0xffffffda][0x1d][0xffffffd1][0xffffffdf][0xffffffee][0xffffffda][0xffffffaa][0xffffffe6][0xffffffc6]V[0xffffff9b][\r]rm[0xffffffc5][0xffffffe7][0xffffffc6][0xffffffaa][0xffffffc1][0xffffffdc]X[0xffffff8d][0x3]:[0xffffff89]8Wln[0xffffffac][0xffffffee]C9[0xffffffa4]k[0x5][0xffffff8a][0xffffff88]k%[0xffffff90][0xffffff88]k[0x5][0xffffff96][0xffffffe9][0xffffffae][\r]p&[0xffffffbb]6 [0xfffffffa][0xffffff82]k[0xffffffd5]7p[0xffffffd6][0xffffff89][0xffffffbd]C[0xffffffa8][0xfffffff8]7p[0xffffffaa][0xffffffc1]7pj[0xfffffffc][0xffffffd8]H&[0xffffffce][0xffffffd8]7p[0xffffffea][0xfffffffe][0xffffff81][0x11][0xffffffd4][0xffffffb5]&[0xffffffdf][0xffffffc0][0xffffff91]@2[0xffffffae]5[0xfffffff8][0x6]N[0xffffff80]3[0xffffffdb][0xffffffb5][0xffffffd7][0xffffffbf][0xffffff81]S[0xffffffc5][0xffffff8c][0xffffffee][0xffffffbc][0xffffffdd][0xffffffca]A[0xffffffb9][0x16][0xffffff9f][0xffffffd1][0xffffffad][0x6]3[0xffffffba]5[0xe]Cf[0xffffffe2][0xffffff8c][0xffffffcd][0xffffffe8][0xffffffd6]}[0x0][0x12]u[0xffffffad][0xffffffc9][0xffffff8c][0xffffffae][0x4][0xffffff92]q[0xffffffad][0xffffffc1][0xffffff8c]n[0xffffff80]3[0xffffffdb][0xffffffb5][0xffffffd7]gt[0xffffffab][0xffffff98][0x1b][0xffffffbb][0xffffffbb][0xffffff96][0xffffffeb]Z|n[0xffffffac][0x1a][0xffffffcc][0xffffff8d][0xffffffd5]8[0xffffffa0][0xffffff93][0xffffff89]367V[0xfffffff7][0xffffffa1][0x1c][0xffffffd4][0xffffffb5]&sc[0x12]H[0xffffffc6][0xffffffb5][0x6]sc[0x1][0xffffffce]l[0xffffffd7]^[0xffffff9f][0x1b][0xffffffab][0xffffffe2][0x1b]8w[0xffffffd7]Nj[0xffffffcf]W[0xffffffc5][0xffffffbf][0xffffff81]S[\r][0xffffffbe][0xffffff81]S[0xffffffe3][0xffffffc7]F2q[0xffffffc6][0xffffffbe][0xffffff81]S[0xfffffff7][0xf][0xffffff8c][0xffffffa0][0xffffffae]5[0xfffffff9][0x6][0xffffff8e][0x4][0xffffff92]q[0xffffffad][0xffffffc1]7p[0x2][0xffffff9c][0xffffffd9][0xffffffae][0xffffffbd][0xfffffffe][\r][0xffffff9c]*[0xffffffe6][0xffffffc6][0xffffffe6][0xffffffad][0xffffffdc][0xffffffa8]{[0x8][0x15][0xffffff9f][0x1b][0xffffffab][0x6]sc5[0xe][0xffffffe8]d[0xffffffe2][0xffffff8c][0xffffffcd][0xffffff8d][0xffffffd5]}([0x7]u[0xffffffad][0xffffffc9][0xffffffdc][0xffffff98][0x4][0xffffff92]q[0xffffffad][0xffffffc1][0xffffffdc]X[0xffffff80]3[0xffffffdb][0xffffffb5][0xffffffd7][0xffffffe7][0xffffffc6][0xffffffaa][0xffffff98][0x1b][0xffffff9b][0xffffffb7]^[0xffffffb1][0xffffffae][0xffffffc5][0xffffffe7][0xffffffc6][0xffffffaa][0xffffffc1][0xffffffdc]X[0xffffff8d][0x3]:[0xffffff99]8cscu[0x1f][0xffffffca]A]k27&[0xffffff81]d\k07[0x16][0xffffffe0][0xffffffcc]v[0xffffffed][0xfffffff5][0xffffffb9][0xffffffb1]z*[0xffffffd7][0xffffffce][0x3][0xfffffffb]m[0xffffffec][0xffffffc4]]{[0x1a][0xffffffb8][0xfffffff6][0xc]Pg[0xffffffe2]|b[0xffffffae]=[0xffffff9d]\[0x1b]Qd\[0xffffffab][0xffffff80]d\[0x1b][0xffffffb1][0xffffffcc]w[0xffffffed][0xe]g[0xffffffb6]kwD_p[0xffffffad][0xffffff98][0x1b][0xffffff9b]G[0xffffffb9]Q[0xffffffbb]g*>7V[\r][0xffffffe6][0xffffffc6]j[0x1c][0xffffffd0][0xffffffc9][0xffffffc4][0x19][0xffffff9b][0x1b][0xffffffab][0xfffffffb]P[0xe][0xffffffea]Z[0xffffff93][0xffffffb9]1[0x9]$[0xffffffe3]Z[0xffffff83][0xffffffb9][0xffffffb1][0x0]g[0xffffffb6]k[0xffffffaf][0xffffffcf][0xffffff8d][0xffffffdd][0xffffffff][0xffffffb4][0xffffff98][0xffffffb9][0x16][0xffffffde][0xffffffa9][0xfffffff8]8[0x1][0xffffffef]Zp[0xffffffa7][0xffffffe2][0xffffffe3][0xffffffe9][0xffffff94]k}v*[\n]"
18:17:44.582 [TestNG-tests-1] DEBUG org.apache.hc.client5.http.wire - http-outgoing-3 << "[0x14])[0xffffffd7][0xffffff9a][0xffffffec]T[0x14]X[0x12][0xffffffae]Ew*[0x6]D_rm3sm[0xffffffc3]][0xffffffdb][0xc]\[0xffffffdb]P[0xffffffd7]6[0xffffffcc][0xffffffb5][0xffffffcd][0xffffffc9][0xffffffb5];[0xffffff8a][0xffffff94]k#[0xffffff90][0xffffff94]kw,[0x9][0xffffffd7]6[0xffffffd8][0xffffffb5][0xffffffed][0xffffffba]k[0x1f][0xffffffef]f[0xffffff9d]d{[0x1c][0xffffffb8]m[0xffffffef]G[0xffffffe0]u[0xfffffffb]q[0x8][0xffffffca][0xffffffb7][0xfffffff7][0xffffffc7]S[0xffffffc2]}[0x7f][0xffffffb4][0xffffff8b]q[0x3][0xffffff8f][0xffffff94]r[0x5][0xffffff95][0xffffff94]s[0x3][0xffffff9b][0xffffff84]t7B[0xfffffff3][0xffffffad][0xffffffbb]q[0xfffffffa][0xffffff92]v[0xffffff8b][0xffffffdd][0xfffffffb][0x4][0xffffff83][0x17][\n]"
18:17:44.582 [TestNG-tests-1] DEBUG org.apache.hc.client5.http.wire - http-outgoing-3 << "[0x16]o[0x14][0xffffffe0]W[\n]"
18:17:44.582 [TestNG-tests-1] DEBUG org.apache.hc.client5.http.wire - http-outgoing-3 << "[0xffffffe0];[0x5][0xffffffaf][0xffffff97][\n]"
18:17:44.582 [TestNG-tests-1] DEBUG org.apache.hc.client5.http.wire - http-outgoing-3 << "6o[0x15][0xffffff8c]^+X[0xffffffbc]W[0xffffffc0]_,[0xfffffffc][0xffffffc4][0xffffff9b][0xffffff85][0xffffffda][0xffffffcd][0xffffffb4][;[0xffffffae][0xffffffdd][0xfffffffb][0x11]x[0xffffffed]~[0x1c][0xffffff82][0xffffffd2][0xffffffee][0xfffffffd][0xfffffff1][0xffffff94]v[0xffffffdf][0x1f][0xffffffed][0xffffffa2][0xffffffdd][0xffffffc0]#[0xffffffa5]]A%[0xffffffa5][0xffffffdd][0xffffffc0]&[0xffffffa1][0xffffffdd][0xffffff8d][0xffffffd0]|[0xffffffed]n[0xffffff9c][0xffffffbe][0xffffffa4][0xffffffdd]6[0xffffffcd][0xffffffb4][0xffffffdb]&[0xffffffae][0xffffffdd][0xfffffffb][0x11]x[0xffffffed]~[0x1c][0xffffff82][0xffffffd2][0xffffffee][0xfffffffd][0xfffffff1][0xffffff94]v[0xffffffdf][0x1f][0xffffffed][0xffffffa2][0xffffffdd][0xffffffc0]#[0xffffffa5]]A%[0xffffffa5][0xffffffdd][0xffffffc0]&[0xffffffa1][0xffffffdd][0xffffff8d][0xffffffd0]|[0xffffffed]n[0xffffff9c][0xffffffbe][0xffffffa4][0xffffffdd][0xffffffe1][0xfffffff6][0xffffff92]a[0xfffffff0]/[0x19][0xffffff86][0xffffffc3]K[0xffffff86][0xffffffc1][0xffffffbe]d[0x18][0xffffffdc]K[0xffffff86]a[0xfffffff5][0xffffff92]![0xfffffff0]HiWPIi7[0xffffffb0]Ihw[0xffffffd0]/[0x19][0xffffffc6]O[0xffffffbc]d[0xffffff98]n[0xffffffb5];[0xfffffff9][0xffffffda][0xffffff9d][0xe][0xffffffb5];[0xffffffd9][0xffffffda][0xffffff9d]\[0xffffffed]N[0xffffffab][0xffffffda][\r]<R[0xffffffda][0x15]TR[0xffffffda][\r]l[0x12][0xffffffda][0xffffff9d]t[0xffffffed][0xffffffce][0xffffff9f][0xffffffa8][0xffffffdd][0xffffffe5]V[0xffffffbb][0xffffff8b][0xffffffaf][0xffffffdd][0xffffffe5]P[0xffffffbb][0xffffff8b][0xffffffad][0xffffffdd][0xffffffc5][0xffffffd5][0xffffffee][0xffffffb2][0xffffffaa][0xffffffdd][0xffffffc0]#[0xffffffa5]]A%[0xffffffa5][0xffffffdd][0xffffffc0]&[0xffffffa1][0xffffffdd]E[0xffffffd7][0xffffffee][0xfffffffa][0xffffff89][0xffffffda]=[0x1e]_[0xffffffe0]u[0xfffffff2][0xffffffee][0xfffffffd]D[0xffffffb8]x[0xffffffdf][0xffffffce][0xffffffc0][0xffffff9b][0xfffffff7][0xffffffdb])([0xfffffff5][0xffffffbe]=[0xffffff9f]r[0xffffffef][0xffffffc7][0xffffffb3]][0xffffffe4][0x1b][0xffffffa1][0xffffffa4][0xffffffec][0xffffffab][0xffffffd0][0xffffffa4][0xfffffff4][0x1b][0x1]%[0xfffffffc][0xffffffbb]c[0xffffff9a]/[0xffffffe0][0x1d][0xffffffd6][0xffffffdf]b[0xffffffe0][0xfffffff9][0xfffffffe][0xffffffc7][0xffffffe2][0xffffff93]f[0xfffffff3][0x18]+[0xffffffff]S[0xffffffbd][0xffffff9f][0xffffffe7][0xffffffa1][0xffffffec][0xfffffffb][0xffffffe5][0x4][0xffffff98]{[0xffffffb7]3$[0xffffff9b][0xfffffff7][0xffffffcb][0xffffffd3][0xffffff93][0xffffffbd][0xfffffffb][0xffffffeb]'[0xffffffc3][0xffffffd6]}[0xffffff8a]b[0xffffffb2]s[0x7f][0x0]d[0xffffffb2]q[0xffffff9f]b[0xffffff99][0xffffffe8][0xffffffdb]'p[0xffffffa6][0xffffffd9][0xfffffff6][0x9][0xffffffa2][0xffffffbf][0xffffffdd][0xffffffb5]M|[0xffffffd2]l[0x1e]k[0xffffffe5][0xffffffaf][0x12][0xfffffffb]<[0xf][0xffffffeb][0xffffffda][0xffffff86]~[0xffffffd2]l;[0x3][0xffffffe2][0xffffffda][0x6]|[0xffffffd2][0xffffffec][0xffffffd7]O[0xffffffb6]p[0xffffffad]@[0x11]q[0xffffffad][0x4][0x12]q[0xffffffad][0xffffffc0]2[0xffffffdd][0xffffffb5][0x1][0xffffffce]d[0xffffffd7][0x6]D_p[0xffffffad][0xfffffff8][0xffffffa4][0xffffffd9],[0xffffffb5]a[0xffffffae][0x5]?i[0xfffffff6][0xffffffe5][0x4][0xffffffb4]k[0xffffffa1]O[0xffffff9a]}y:[0xffffffe3]Z[0xffffff8f]O[0xffffff9a]=E[0xffffff91]q[0xffffffad][0xffffffc1]'[0xffffffcd][0xffffff9e]b[0xffffff99][0xffffffef]Z[0xffffffec][0xffffff93]fO[0x10]}[0xffffffc1][0xffffffb5][0xffffffea][0xffffff93]f[0xffffffa5][0x3]k[0x1b]"
18:17:44.584 [TestNG-tests-1] DEBUG org.apache.hc.client5.http.wire - http-outgoing-3 << "?[0xffffffcf][0x3][0xffffffbb][0x16][0xfffffffd][0xffffffa4][0xffffffd9]v[0x6][0xffffffc6][0xffffffb5][0xffffffc0]'[0xffffffcd]~[0xfffffffd]d[0xf][0xffffffd7][0xffffffe2][0xffffff9f]4[0xfffffffb][0x1][0xffffff90][0xffffff8c]k[0xffffffd1]O[0xffffff9a]=[0xffffff81]3[0xffffffdb][0xffffffb5]W>i[0xfffffff6][0xfffffff1][0xffffffa7][0xffffffea][0xffffff93]f[0xffffffe5]\[0xffffff95]r-[0xfffffff8]I[0xffffffb3]/'[0xffffffa0]][0xb]}[0xffffffd2][0xffffffec][0xffffffcb][0xffffffd3][0x19][0xffffffd7]z|[0xffffffd2][0xffffffec])[0xffffff8a][0xffffff8c]k[\r]>i[0xfffffff6][0x14][0xffffffcb]|[0xffffffd7]b[0xffffff9f]4{[0xffffff82][0xffffffe8]owmW[0xffffffef]kko[0xfffffff9][0xffffff9f][0xffffffd9][0xfffffff9]<[0xf][0xffffffeb][0xffffffda]n[0xfffffff0][0xffffffbe][0xffffffb6][0xffffffc7][0x17]c[0xffffff89]8w[0xffffffec]}m[0xffffffdf]_[0xffffff86][0xffffff91][0xffffffae][0x15]("[0xffffffae][0xffffff95]@"[0xffffffae][0x15]X[0xffffffa6][0xffffffbb]6[0xffffffc0][0xffffff99][0xffffffec][0xffffffda][0xffffff80][0xffffffe8][0xb][0xffffffae]U[0xffffffef]k[0xffffffeb]9[0xffffffa8][0xffffffae][0xffffffed][0xfffffff8][0xfffffffb][0xffffffda]n[0xfffffff0][0xffffffbe][0xffffffb6][0xffffffc7][0x17]c[0xffffff99]8c[0xffffffef]k[0xfffffffb][0xfffffffe]2[0xc]u[0xffffffad][0xffffffc9][0xfffffffb]Z[0x9]$[0xffffffe3]Z[0xffffff83][0xfffffff7][0xffffffb5][0x1][0xffffffce]l[0xffffffd7]^[0x7f]_[0xffffffdb][0xffffff8b]XG[0xffffffde]n3[0xffffffff][0xffffffce][0xffffffed][0xffffffe7]y`[0xffffffd7][0x16]r[0x1d][0xfffffff9]v[0x6][0xffffffc6][0xffffffb5]%[0x7f][0x1d][0xfffffff9][0xffffffaf][0xffffff9f][0xffffffec][0xffffffe1][0xffffffda][0xffffff88]"[0xffffffe3]Z[0x5]$[0xffffffe3][0xffffffda][0xffffff88]e[0xffffffbe]kw8[0xffffffb3]][0xffffffbb]#[0xfffffffa][0xffffff82]k[0xffffffd5][0xfffffffb][0xffffffda]V[0x16][0xfffffff6][0xe][0x1][0x7f]_[0xffffffdb][\r][0xffffffde][0xffffffd7][0xfffffff6][0xfffffff8]b,[0x13]g[0xffffffec]}m[0xffffffdf]_[0xffffff86][0xffffffa1][0xffffffae]5y_+[0xffffff81]d\k[0xfffffff0][0xffffffbe]6[0xffffffc0][0xffffff99][0xffffffed][0xffffffda][0xffffff9f]x_[0xffffffdb][0xffffff94]k[0xffffffc7][\r]{[0xffffff87][0xffffffd0]p[0xffffffd7]6[0x3][0xffffffd7][0xffffffb6][0x0]u&[0xffffffce][\r]smsrmD[0xffffff91]q[0xffffffad][0x2][0xffffff92]qm[0xffffffc4]2[0xffffffdf][0xffffffb5];[0xffffff9c][0xffffffd9][0xffffffae][0xffffffdd][0x11]}[0xffffffc1][0xffffffb5]][0xffffffb9]vr[0xffffffef]k;[0xffffffee][0xffffffda]n[0xffffffe0][0xffffffda][0x1e][0xffffffa0][0xffffffce][0xffffffc4][0xffffffb9]c[0xffffffae][0xffffffed]N[0xffffffae][0xffffff8d](2[0xffffffae]U@2[0xffffffae][0xffffff8d]X[0xffffffe6][0xffffffbb]v[0xffffff87]3[0xffffffdb][0xffffffb5];[0xffffffa2]/[0xffffffb8]v[0xffffff88]O[0xffffff9a][0xfffffff5][0xffffffe3][0xffffffc0][0xffffffde][0xffffffd7][0xe][0xffffffee][0xffffff93]f_N@[0xffffffbb]v[0xffffff84]oGe[0xffffffe2]<[0xfffffff2]?i[0xfffffff6][0xffffffeb]'{[0xffffffb8]6[0xffffffa2][0xffffffc8][0xffffffb8]V[0x1][0xffffffc9][0xffffffb8]6b[0xffffff99][0xffffffef][0xffffffda][0x1d][0xffffffce]l[0xffffffd7][0xffffffee][0xffffff88][0xffffffbe][0xffffffe0][0xffffffda]Stmo[0xffffffb7][0xffffff93]r[0xffffffed][0xffffff89]w[0xffffffed]i[0xffffffd0][0xffffffb5]g[0x8][0xffffff88]L[0xffffff9c]O[0xffffffac]kO[0xffffffa7][0xffffffae][0xffffff8d](2[0xffffffae]U@2[0xffffffae][0xffffff8d]X[0xffffffe6][0xffffffbb]v[0xffffff87]3[0xffffffdb][0xffffffb5];[0xffffffa2]/[0xffffffb8]v*[0xffffffd7][0xfffffff6][0xffffffd2]([0xffffffd7]N[0xffffffdc][0xffffffb5][0xffffffd3][0xffffffc0][0xffffffb5]3@[0xffffff9d][0xffffff89][0xfffffff3][0xffffffc4]\;[0xffffff9d]\[0x1b]Qd\[0xffffffab][0xffffff80]d\[0x1b][0xffffffb1][0xffffffcc]w[0xffffffed][0xe]g[0xffffffb6]kwD_p[0xffffffad][0xffffffda][0xfffffff3][0xffffffd5][0xfffffffb][0xffffffe3][0x13][0xf][0xffffff88]k[0xfffffff1]=_[0xffffffdd]`[0xffffffcf]W[0xffffff8f][0xb][0xffffff95]2q[0xffffffc6][0xfffffff6]|[0xfffffff5]}[0xffffff89][0x12][0xffffffea]Z[0xffffff93]=_[0x12]H[0xffffffc6][0xffffffb5][0x6]{[0xffffffbe][0x2][0xffffff9c][0xffffffd9][0xffffffae][0xffffffbd][0xffffffbe][0xffffffe7]k[0xffffffa8][0xffffffb9][0xffffffb1]>[0xffffff8e][0x9][0xffffffb9]v[0xffffffe0]sc[0xffffffc3]`nl[0xffffffc4][0x1][0xffffff9d]D[0xffffff9c][0x7]676[0xfffffff6][0xffffffa1][0x1c][0xffffffd2][0xffffffb5][0x2]E[0xffffffc4][0xffffffb5][0x12]H[0xffffffc4][0xffffffb5][0x2][0xffffffcb]t[0xffffffd7][0x6]8[0xffffff93]][0x1b][0x10]}[0xffffffc1][0xffffffb5]jn[0xffffffac][0xffffff8f]N[0xffffffdd]C[0x18][0xfffffff8][0xffffffdc][0xffffffd8]0[0xffffff98][0x1b][0x1b]q@'[0x13]glnl[0xffffffec]C9[0xffffffa8]kM[0xffffffe6][0xffffffc6]$[0xffffff90][0xffffff8c]k[\r][0xffffffe6][0xffffffc6][0x2][0xffffff9c][0xffffffd9][0xffffffae][0xffffffbd]>76[0xffffffd4][0xffffff9e][0xffffffaf]~[0xe]jW[0xfffffff8][0xffffffc0][0xfffffff7]|[\r][0xffffff83]=_#.T[0xffffffca][0xffffffc4][0x19][0xffffffdb][0xfffffff3]5[0xfffffff6]%J[0xffffffa8]kM[0xfffffff6]|I [0x19][0xffffffd7][0x1a][0xffffffec][0xfffffff9][\n]"
18:17:44.584 [TestNG-tests-1] DEBUG org.apache.hc.client5.http.wire - http-outgoing-3 << "pf[0xffffffbb][0xfffffff6][0xfffffffa][0xffffff9e][0xffffffaf][0xffffffa1]f[0x19]F[0x1d][0xffffffd4][0xffffffdc][0xffffffd8][0xffffffc0]g[0x19][0xffffff86][0xffffffc1],[0xffffffc3][0xffffff88][0xffffff97][0xffffffc6]3q[0xffffffc6]f[0x19][0xffffffc6]~Q[0x1c]u[0xffffffad][0xffffffc9],[0xffffff83][0x4][0xffffff92]q[0xffffffad][0xffffffc1],C[0xffffff80]3[0xffffffdb][0xffffffb5][0xffffffd7]g[0x19][0xffffffc6][0x10][0xffffffae]=[0xffffff8f]N[0xffffffed][0xffffffaf]};[0xf][0xffffffec][0xffffffda]a[0xffffffe0][0xffffffda][0x11][0xffffffa0][0xffffffce][0xffffffc4]y`[0xffffffae][0x1d]N[0xffffffae][0xffffff8d](2[0xffffffae]U@2[0xffffffae][0xffffff8d]X[0xffffffe6][0xffffffbb]v[0xffffff87]3[0xffffffdb][0xffffffb5];[0xffffffa2]/[0xffffffb8]v*[0xffffffd7][0xffffff9e][0xffffffd8][0xfffffffd][0xffffffda][0xffffffb7][0xfffffff3][0xffffffc0][0xffffffae][0xffffff9d][0x6][0xffffffae][0xffffff9d][0x1][0xffffffea]L[0xffffff9c]'[0xffffffe6][0xffffffda][0xffffffe9][0xffffffe4][0xffffffda][0xffffff88]"[0xffffffe3]Z[0x5]$[0xffffffe3][0xffffffda][0xffffff88]e[0xffffffbe]kw8[0xffffffb3]][0xffffffbb]#[0xfffffffa][0xffffff82]k[0xffffffd5][0xffffff9d][0xffffffaf]y[0x1b][0xffffffd8]=[0x4][0xfffffffc][0xffffffce][0xffffffd7]0[0xffffffb8][0xfffffff3]5[0xffffffe2][0xffffffe5][0xffffff9a]L[0xffffff9c][0xffffffb1];_c[0xffffffbf]P[0xffffff83][0xffffffba][0xffffffd6][0xffffffe4][0xffffffce][0xffffff97][0x4][0xffffff92]q[0xffffffad][0xffffffc1][0xffffff9d][0xffffffaf][0x0]g[0xffffffb6]k[0xffffffaf][0xffffffdf][0xfffffff9]:[0xffffffd5][0xffffff9d][0xffffffaf]YZ[0xffffff83]\{[0xffffffe2]w[0xffffffbe]N[0xffffff83];_g[0xffffffbc]\[0xffffff93][0xffffff88][0xfffffff3][0xffffff89][0xffffffdd][0xfffffff9]:[0xfffffff7][0xb]5[0xffffffa4]k[0x5][0xffffff8a][0xffffff88]k%[0xffffff90][0xffffff88]k[0x5][0xffffff96][0xffffffe9][0xffffffae][\r]p&[0xffffffbb]6 [0xfffffffa][0xffffff82]k[0xffffffd5][0xffffff9d][0xffffffaf][0xffffffd9][0x1b][0xffffffb5][0xf][0xffffffe1][0xffffffc4][0xffffffef]|[0xffffff9d][0x6]w[0xffffffbe][0xffffffce]x[0xffffffb9]&[0x13]g[0xffffffec][0xffffffce][0xffffffd7][0xffffffb9]_[0xffffffa8]A]kr[0xffffffe7]K[0x2][0xffffffc9][0xffffffb8][0xffffffd6][0xffffffe0][0xffffffce]W[0xffffff80]3[0xffffffdb][0xffffffb5][0xffffffd7][0xffffffef]|[0xffffff9d][0xffffffea][0xffffffce][0xffffffd7][0x1c]'u[0xffffffe7][0xffffffeb][0xffffffc4][0xffffffef]|[0xffffff9d][0x6]w[0xffffffbe][0xffffffce]x[0xffffffb9]&[0x13]g[0xffffffec][0xffffffce][0xffffffd7][0xffffffb9]_[0xffffffa8]A]kr[0xffffffe7]K[0x2][0xffffffc9][0xffffffb8][0xffffffd6][0xffffffe0][0xffffffce]W[0xffffff80]3[0xffffffdb][0xffffffb5][0xffffffd7][0xffffffef]|[0xffffff9d]jW[0xfffffff8]<[0xb]5[0xffffffcb]p[0xffffffe2][0xffffffbb][0xffffffc2]O[0xffffff83]][0xffffffe1]g\[0xffffffca][0xffffff9c][0xffffff89]3[0xffffffb6]+[0xfffffffc][0xffffffdc][0x17]1[0xffffffa3][0xffffffae]5[0xffffffd9][0x15].[0xffffff81]d\k[0xffffffb0]+<[0xffffffc0][0xffffff99][0xffffffed][0xffffffda][0xffffffeb][0xffffffbb][0xffffffc2]Ou[0xffffffbf]v[0xffffff9e][0xffffff8f][0xffffffd3]![0xffffffae][0xffffffc5][0xffffffef][0xffffffd7][0xffffff9e][0x6][0xfffffff7]k[0xffffffcf]x[0xffffff91]1[0x13]g[0xffffffec]~[0xffffffed][0xffffffb9]_^D]kr[0xffffffbf]V[0x2][0xffffffc9][0xffffffb8][0xffffffd6][0xffffffe0]~m[0xffffff80]3[0xffffffdb][0xffffffb5][0xffffffd7][0xffffffef][0xffffffd7][0xffffff9e]jW[0xfffffff8]<[0x17][0xfffffff6][0xe][0x1][0xffffffdf][0x15]~[0x1a][0xffffffec][\n]"
18:17:44.584 [TestNG-tests-1] DEBUG org.apache.hc.client5.http.wire - http-outgoing-3 << "?[0xffffffe3]R[0xffffffe6]L[0xffffff9c][0xffffffb1]][0xffffffe1][0xffffffe7][0xffffffbe][0xffffff88][0x19]u[0xffffffad][0xffffffc9][0xffffffae]p[0x9]$[0xffffffe3]Z[0xffffff83]][0xffffffe1][0x1][0xffffffce]l[0xffffffd7]^[0xffffffdf][0x15]~[0xffffffaa]Y[0xffffff86][0xffffffb9]n[0xffffffd8]oc[0xfffffff8],[0xffffffc3]i0[0xffffffcb]p[0xffffffc6]K[0xffffffe3][0xffffff99]8c[0xffffffb3][0xc][0xffffffe7]~Q[0x1c]u[0xffffffad][0xffffffc9],[0xffffff83][0x4][0xffffff92]q[0xffffffad][0xffffffc1],C[0xffffff80]3[0xffffffdb][0xffffffb5][0xffffffd7]g[0x19]N[0xffffffb5]+|[0xffffff95][0xffffff83][0xffffff9a]e8[0xfffffff1]][0xffffffe1][0xffffffa7][0xffffffc1][0xffffffae][0xfffffff0]3.e[0xffffffce][0xffffffc4][0x19][0xffffffdb][0x15]~[0xffffffee][0xffffff8b][0xffffff98]Q[0xffffffd7][0xffffff9a][0xffffffec][\n]"
18:17:44.584 [TestNG-tests-1] DEBUG org.apache.hc.client5.http.wire - http-outgoing-3 << "[0xffffff97]@2[0xffffffae]5[0xffffffd8][0x15][0x1e][0xffffffe0][0xffffffcc]v[0xffffffed][0xfffffff5]][0xffffffe1][0xffffffe7]T[0xffffffae]m[0xffffffd8]N[0xffffffc5][0xffffffb7][0xfffffff3][0xffffffc0][0xffffffae][0xffffff9d][0x6][0xffffffae][0xffffff9d][0x1][0xffffffea]L[0xffffff9c]'[0xffffffe6][0xffffffda][0xffffffe9][0xffffffe4][0xffffffda][0xffffff88]"[0xffffffe3]Z[0x5]$[0xffffffe3][0xffffffda][0xffffff88]e[0xffffffbe]kw8[0xffffffb3]][0xffffffbb]#[0xfffffffa][0xffffff82]k[0xffffffd5][0xffffffdc][0xffffffd8]:;[0xffffffd6][0xffffffb5][0xfffffff8][0xffffffdc][0xffffffd8]i07v[0xffffffc6][0x1][0xffffff9d]L[0xffffff9c][0xffffffb1][0xffffffb9][0xffffffb1]s[0x1f][0xffffffca]A]k27&[0xffffff81]d\k07[0x16][0xffffffe0][0xffffffcc]v[0xffffffed][0xfffffff5][0xffffffb9][0xffffffb1][0xffffffa9][0xffffffe6][0xffffffc6][0xffffffd6][0xffffffc2]~[0x1b]"
18:17:44.585 [TestNG-tests-1] DEBUG org.apache.hc.client5.http.wire - http-outgoing-3 << "[0xffffff9b][0xfffffff8][0xffffffdc][0xffffffd8]4[0xffffff98][0x1b][0xffffff9b]q@'[0x11][0xffffffe7][0xffffff89][0xffffffcd][0xffffff8d][0xffffffcd]}([0xffffff87]t[0xffffffad]@[0x11]q[0xffffffad][0x4][0x12]q[0xffffffad][0xffffffc0]2[0xffffffdd][0xffffffb5][0x1][0xffffffce]d[0xffffffd7][0x6]D_p[0xffffffad][0xffffff98][0x1b][[0xffffffb7]:[0xb][0xffffffe5]Z|nl[0x1a][0xffffffcc][0xffffff8d][0xffffffcd]8[0xffffffa0][0xffffff93][0xffffff89]3676[0xfffffff7][0xffffffa1][0x1c][0xffffffd4][0xffffffb5]&sc[0x12]H[0xffffffc6][0xffffffb5][0x6]sc[0x1][0xffffffce]l[0xffffffd7]^[0xffffff9f][0x1b][0xffffff9b]bnl[0xffffffdd]F[0xffffffa3][0xfffffff6][0xffffffd7]N|nl[0x1a][0xffffffcc][0xffffff8d][0xffffffcd]8[0xffffffa0][0xffffff93][0xffffff89]3676[0xfffffff7][0xffffffa1][0x1c][0xffffffd4][0xffffffb5]&sc[0x12]H[0xffffffc6][0xffffffb5][0x6]sc[0x1][0xffffffce]l[0xffffffd7]^[0xffffff9f][0x1b][bnl[0xffffff95][0xffffffbe][0x1a][0xffffffe4][0xffffffda][0xffffff85][0xffffffcf][0xffffff8d]-[0xffffff83][0xffffffb9][0xffffffb1][0x15][0x7]t[0x12]q^[0xffffffd8][0xffffffdc][0xffffffd8][0xffffffda][0xffffff87]rH[0xffffffd7][\n]"
18:17:44.585 [TestNG-tests-1] DEBUG org.apache.hc.client5.http.wire - http-outgoing-3 << "[0x14][0x11][0xffffffd7]J [0x11][0xffffffd7][\n]"
18:17:44.586 [TestNG-tests-1] DEBUG org.apache.hc.client5.http.wire - http-outgoing-3 << ",[0xffffffd3]][0x1b][0xffffffe0]Lvm@[0xfffffff4]%[0xffffffd7]V3[0xffffffd7]V[0xffffffdc][0xffffffb5][0xffffffd5][0xffffffc0][0xffffffb5][0x15]um[0xffffffc5]\[[0xffffff9d]\[0xffffffbb][0xffffffa3]H[0xffffffb9]6[0x2]I[0xffffffb9]v[0xffffffc7][0xffffff92]pm[0xffffff85]][[0xffffffaf][0xffffffbb][0xfffffff6]q[0xffffffbf][0xffffffcb]I[0xffffffb6][0xffffffc7][0xffffffc4]m{?[0x2][0xffffffaf][0xffffffdb][0xffffff8f]CP[0xffffffbe][0xffffffbd]?[0xffffff9e][0x12][0xffffffee][0xfffffffb][0xffffffa3]][0xffffff8c][0x1b]x[0xffffffa4][0xffffff94]+[0xffffffa8][0xffffffa4][0xffffff9c][0x1b][0xffffffd8]$[0xffffffa4][0xffffffbb][0x11][0xffffff9a]o[0xffffffdd][0xffffff8d][0xffffffd3][0xffffff97][0xffffffb4][0xfffffffb][0xfffffff8][0xffffffdf][0xffffff85][0xffffff93]v[0xffffffef][0xffffffff]{[0xffffffa4][0xffffffb5]{?[0x2][0xffffffaf][0xffffffdd][0xffffff8f]CP[0xffffffda][0xffffffbd]?[0xffffff9e][0xffffffd2][0xffffffee][0xfffffffb][0xffffffa3]][0xffffffb4][0x1b]x[0xffffffa4][0xffffffb4]+[0xffffffa8][0xffffffa4][0xffffffb4][0x1b][0xffffffd8]$[0xffffffb4][0xffffffbb][0x11][0xffffff9a][0xffffffaf][0xffffffdd][0xffffff8d][0xffffffd3][0xffffff97][0xffffffb4][0xffffffdb][0xffffff9b][0xffffff99]v{[0xffffffc3][0xffffffb5]{?[0x2][0xffffffaf][0xffffffdd][0xffffff8f]CP[0xffffffda][0xffffffbd]?[0xffffff9e][0xffffffd2][0xffffffee][0xfffffffb][0xffffffa3]][0xffffffb4][0x1b]x[0xffffffa4][0xffffffb4]+[0xffffffa8][0xffffffa4][0xffffffb4][0x1b][0xffffffd8]$[0xffffffb4][0xffffffbb][0x11][0xffffff9a][0xffffffaf][0xffffffdd][0xffffff8d][0xffffffd3][0xffffff97][0xffffffb4]{[0xffffffba][0xfffffffd]zv[0xfffffff2]?[0xffffff9f][0xffffffdd][0xffffff8f][0xffffffc0]k[0xfffffff7][0xffffffe3][0x10][0xffffff94]vO[0xffffffee][0x17][0xffffffb4][0xffffffd3][0xffffffea]'[0xffffffb4][0xffffffc0]#[0xffffffa5]]A%[0xffffffa5][0xffffffdd][0xffffffc0]&[0xffffffa1][0xffffffdd][0xffffff93][0xfffffffe][0x19][0xffffffed]|[0xfffffffd]w[0xffffffb4][0xfffffff5][0xfffffffe][0xffffffb7]bw[0xffffffc2][0xffffffaa][0xffffffc4][0xffffffdc][0xffffffc3][0xffffffe7]y([0xffffffe9]~9[0x1][0xffffffe6][0xffffffdc][0xffffffed][0xc][0xffffffc9][0xffffffca][0xfffffffd][0xfffffff2][0xfffffff4]d[0xffffffe3][0xfffffffe][0xfffffffa][0xffffffc9][0xffffffb0]p[0xffffff9f][0xffffffa2][0xffffff98][0xffffffec][0xffffffdb][0x1f][0x0][0xffffff99][0xffffffac][0xffffffdb][0xffffffa7]X&[0xffffffda][0xfffffff6][0x9][0xffffff9c]i[0xffffffb2]}[0xffffff82][0xffffffe8][0xb][0xffffffae][0x15][0xfffffff3][0xffffffbc][0xffffffab][0xffffffb5][0xffffff91]?[0xfffffff7][0xfffffff0]y[0x1e][0xffffffd8][0xffffffb5][0xffffffe8]<[0xffffffef]v[0x6][0xffffffc6][0xffffffb5][0xffffffc0]<[0xffffffef][0xffffffaf][0xffffff9f][0xffffffec][0xffffffe1]Z|[0xffffff9e][0xfffffff7][0x7]@2[0xffffffae]E[0xffffffe7]y[0xffffff9f][0xffffffc0][0xffffff99][0xffffffed][0xffffffda][0x1d][0xffffffd1][0xffffffdf][0xffffffea][0xffffffda]q[0xffffffbb][0xffffff89]y[0xffffffde][0xffffffd5]z[0xffffffc9][0xffffffdf][0xffffff9d][0xfffffff0]y[0x1e][0xffffffd2][0xffffffb5][0x1f]'@][0xfffffffb][0xffffffe5][0xc][0xffffff80]k?[0xffffff9e][0xe][0xffffffb8][0xfffffff6][0xfffffff3][0xffffffc9][0x6][0xffffffae][0xffffff95]([0x2][0xffffffae]}[0x2]$[0xffffffe0]Z[0xffffff89]e[0xffffffb2]k[0x5][0xffffff9c][0xffffffa9][0xffffffae][0x15][0xffffff88][0xffffffbe][0xffffffe0]Z5[0xffffffcf][0xffffffdb][0xfffffffa][0xffffffe3]u.[0xffffffe2]Zp[0xffffff9e][0xfffffff7][0xffffffcb][0x9]h[0xffffffd7]B[0xfffffff3][0xffffffbc]_[0xffffff9e][0xffffffce][0xffffffb8][0xffffffd6]c[0xffffff9e][0xfffffff7])[0xffffff8a][0xffffff8c]k[\r][0xffffffe6]y[0xffffff9f]b[0xffffff99][0xffffffef]Zl[0xffffff9e][0xfffffff7][0x9][0xffffffa2]/[0xffffffb8]V[0xffffffcd][0xfffffff3][0xffffffb6][0xffffffc1]u-8[0xffffffcf][0xfffffffb][0xffffffe5][0x4][0xffffffb4]k[0xffffffa1]y[0xffffffde]/Og\[0xffffffeb]1[0xffffffcf][0xfffffffb][0x14]E[0xffffffc6][0xffffffb5][0x6][0xfffffff3][0xffffffbc]O[0xffffffb1][0xffffffcc]w-6[0xffffffcf][0xfffffffb][0x4][0xffffffd1][0x17]\[0xffffffab][0xffffffe6]y[0xffffffdb][0xffffffd9][0xfffffff3][0xffffffbf][0xffffffe1][0xfffffff0]y[0x1e][0xffffffd8][0xffffffb5][0xffffffe8]<[0xffffffef]v[0x6][0xffffffc6][0xffffffb5][0xffffffc0]<[0xffffffef][0xffffffaf][0xffffff9f][0xffffffec][0xffffffe1]Z|[0xffffff9e][0xfffffff7][0x7]@2[0xffffffae]E[0xffffffe7]y[0xffffff9f][0xffffffc0][0xffffff99][0xffffffed][0xffffffda]+[0xfffffff3][0xffffffbc][0x1f][0x7f]*[0xffffffbe][0x3][0xffffffb9][0xffffffda][0xffffffea][0xffffffcc]=[0xffffff84][0xfffffff7][0xfffffff3][0xffffffc0][0xffffffae]E[0xffffffbf][0x3][0xffffffb9][0xffffff9d][0xffffff81]q-[0xfffffff0][0x1d][0xffffffc8]_?[0xffffffd9][0xffffffc3][0xffffffb5][0xfffffff8]w [0x7f][0x0]$[0xffffffe3]Z[0xfffffff4];[0xffffff90]O[0xffffffe0][0xffffffcc]v[0xffffffed][0xffffff95][0xffffffef]@~[0xfffffffc][0xffffffa9][0xfffffff8][0xe][0xffffffe4][0xffffffea]e1[0xfffffff7][0x10][0xffffffde][0xffffffcf][0x3][0xffffffbb][0x16][0xfffffffd][0xe][0xffffffe4]v[0x6][0xffffffc6][0xffffffb5][0xffffffc0]w [0x7f][0xfffffffd]d[0xf][0xffffffd7][0xffffffe2][0xffffffdf][0xffffff81][0xfffffffc][0x1][0xffffff90][0xffffff8c]k[0xffffffd1][0xffffffef]@>[0xffffff81]3[0xffffffdb][0xffffffb5]W[0xffffffbe][0x3][0xfffffff9][0xfffffff1][0xffffffa7][0xffffffea]~m[0xffffff9f][0xfffffff3][0xffffffa0]\[0xb][0xffffffdf][0xffffffaf][0xfffffffd]8[0x1][0xffffffed]Z[0xfffffff0]~[0xffffffed][0xffffffc7][0xffffffd3][0x19][0xffffffd7][0xfffffffa][0xffffffdc][0xffffffaf][0xffffff95](2[0xffffffae]5[0xffffffb9]_+[0xffffffb1][0xffffffcc]w-z[0xffffffbf]V [0xfffffffa][0xffffff82]k[0xffffffa7]p[0xffffffed]8F[0xffffffa5]\;q[0xffffffd7]N[0x3][0xffffffd7][0xffffffce][0x0]u&[0xffffffce][0x13]s[0xffffffed]trmD[0xffffff91]q[0xffffffad][0x2][0xffffff92]qm[0xffffffc4]2[0xffffffdf][0xffffffb5];[0xffffff9c][0xffffffd9][0xffffffae][0xffffffdd][0x11][0xfffffffd][0xffffffed][0xffffffae]=[0xffffff94]kg[0xffffff99][\r]r[0xffffffed][0xffffff81][0xffffffbb][0xfffffff6]0p[0xffffffed][0x11][0xffffffa1]N[0xffffffc4][0xfffffff9][0xffffffc0]\{[0xffffffec] [0xffffff93][0xffffffae][0x15]("[0xffffffae][0xffffff95]@"[0xffffffae][0x15]X[0xffffffa6][0xffffffbb]6[0xffffffc0][0xffffff99][0xffffffec][0xffffffda][0xffffff80][0xffffffe8]K[0xffffffae]mf[0xffffffae][0xffffffc5][0xfffffff6][0xffffffd1]|9[0x1][0xffffffef]Zd[0x1b][0xffffffcd][0xffffff97][0xffffffa7]S[0xffffffae]u[0xffffffd8]E[0xfffffff3][0x14]E[0xffffffca][0xffffffb5][0xfffffff8]&[0xffffff9a][0xffffffa7]X[0x12][0xffffffae][0xffffff85][0xfffffff6][0xffffffd0]<A[0xfffffff4][0xffffffb7][0xffffffbb][0xffffffb6][0xffffffdc]~)[0xffffffd1][0xffffffb5][0xffffffab]P[0xfffffff7][0x10][0xffffffde][0xffffffce][0xffffffc3][0xffffffba][0xfffffff6]q[0x2][0xffffffd8][0xffffffb5][0xffffffdf][0xffffffcf][0xffffff80][0xffffffb8][0xfffffff6][0xfffffff1]t[0xffffffc4][0xffffffb5][0xffffffdf][0xffffff9e]l[0xffffffe1]Z[0xffffff81]"[0xffffffe2]Z[0x9]$[0xffffffe2]Z[0xffffff81]e[0xffffffba]k[0x3][0xffffff9c][0xffffffc9][0xffffffae][\r][0xffffff88][0xffffffbe][0xffffffe0]Z5[0xffffffcb][0xffffffb0][0xffffffda]I[0xffffffcd]2[0x14]|[0xffffff96][0xffffffa1][0x18][0xffffffcc]2[0xffffff94]xi<[0x13]gl[0xffffff96][0xffffffa1][0xffffffec][0x17][0xffffffc5]Q[0xffffffd7][0xffffff9a][0xffffffcc]2H [0x19][0xffffffd7][0x1a][0xffffffcc]2[0x4]8[0xffffffb3]]{}[0xffffff96][0xffffffa1][0xffffffa8]Y[0xffffff86]5[0xb]5[0xffffffcb]P[0xfffffff0]Y[0xffffff86]b0[0xffffffcb]P[0xffffffe2][0xffffffa5][0xfffffff1]L[0xffffff9c][0xffffffb1]Y[0xffffff86][0xffffffb2]_[0x14]G]k2[0xffffffcb] [0xffffff81]d\k0[0xffffffcb][0x10][0xffffffe0][0xffffffcc]v[0xffffffed][0xfffffff5]Y[0xffffff86][0x12]g[0x19][0xffffffca][0xffffffed]v[[0xffffffd4]>[0xffffff84][0xffffff82][0xffffffcf]2[0x14][0xffffff83]Y[0xffffff86][0x12]/[0xffffff8d]g[0xffffffe2][0xffffff8c][0xffffffcd]2[0xffffff94][0xfffffffd][0xffffffa2]8[0xffffffea]Z[0xffffff93]Y[0x6][0x9]$[0xffffffe3]Z[0xffffff83]Y[0xffffff86][0x0]g[0xffffffb6]k[0xffffffaf][0xffffffcf]2[0xffffff94][0xffffffa1]\;[0xffffffea][0xffffffa4]\;p[0xffffffd7][0xe][0x3][0xffffffd7][0xffffff8e][0x0]u&[0xffffffce][0x3]s[0xffffffed]prmD[0xffffff91]q[0xffffffad][0x2][0xffffff92]qm[0xffffffc4]2[0xffffffdf][0xffffffb5];[0xffffff9c][0xffffffd9][0xffffffae][0xffffffdd][0x11]}[0xffffffc1][0xffffffb5]q[0xffffff96][0xffffffe1][0xffffffcd][0xffffffb5][0xffffff93][0xffffff9a][0x1b]+[0xfffffff8],C1[0xffffff98]e([0xfffffff1][0xffffffd2]x&[0xffffffce][0xffffffd8],C[0xffffffd9]/[0xffffff8a][0xffffffa3][0xffffffae]5[0xffffff99]e[0xffffff90]@2[0xffffffae]5[0xffffff98]e[0x8]pf[0xffffffbb][0xfffffff6][0xfffffffa],C[0xffffff89][0xfffffff7]k[0xffffffef][0xffffffae]=[0xffffffb9][0xfffffff7][0xffffffb5][0xfffffff8][0xfffffffd][0xffffffda]bp[0xffffffbf][0xffffffb6][0xffffffc4][0xffffff8b][0xffffff8c][0xffffff99]8c[0xfffffff7]k[0xffffffcb]~y[0x11]u[0xffffffad][0xffffffc9][0xfffffffd]Z[0x9]$[0xffffffe3]Z[0xffffff83][0xfffffffb][0xffffffb5][0x1][0xffffffce]l[0xffffffd7]^[0xffffffbf]_[[0xffffff96]t-6[0xffffffa3][0xfffffffb]v[0x1e][0xffffffd8][0xffffffb5][0xffffffcb][0xffffffc0][0xffffffb5]+@[0xffffff9d][0xffffff89][0xfffffff3][0xffffffc2]\[0xffffffbb][0xffffff9c]\[0x1b]Qd\[0xffffffab][0xffffff80]d\[0x1b][0xffffffb1][0xffffffcc]w[0xffffffed][0xe]g[0xffffffb6]kwD[0x7f][0xffffffbb]kk[0xfffffffb][0xffffffa5][0x6][0xffffffd7][0x1e][0xffffffeb]l[0xffffff90]k[0xffffffdf][0xffffffce][0xffffffc3]"
18:17:44.589 [TestNG-tests-1] DEBUG org.apache.hc.client5.http.wire - http-outgoing-3 << "[0xffffffba][0xfffffff6]q[0x2][0xffffffd8][0xffffffb5][0xffffffdf][0xffffffcf][0xffffff80][0xffffffb8][0xfffffff6][0xfffffff1]t[0xffffffc4][0xffffffb5][0xffffffdf][0xffffff9e]l[0xffffffe1]Z[0xffffff81]"[0xffffffe2]Z[0x9]$[0xffffffe2]Z[0xffffff81]e[0xffffffba]k[0x3][0xffffff9c][0xffffffc9][0xffffffae][\r][0xffffff88][0xffffffbe][0xffffffe0]Z[0xfffffff5][0xffffffdb]X[0xffffffe9][0xffffffe7][0xffffffa0]\[0xffffff8b][0xffffffff]6V[\r]~[0x1b][0xffffffab][0xfffffff1]G[0xffffff88]L[0xffffff9c][0xffffffb1][0xffffffdf][0xffffffc6][0xffffffea][0xfffffffe][0xffffffc3][0x3][0xffffffea]Z[0xffffff93][0xffffffdf][0xffffffc6]$[0xffffff90][0xffffff8c]k[\r]~[0x1b][0xb]pf[0xffffffbb][0xfffffff6][0xfffffffa]ocu[0x9][0xffffffd7][0xffffffd6]~[0xffffffa3]v[0xffffffcf][0xffffffbc][0xffffff9d][0x7]v[0xffffffed][0x12]hgC[0xffffffbd][0x2][0xffffffd4][0xffffff99]8/[0xffffffcc][0xffffffb5][0xffffffcb][0xffffffc9][0xffffffb5][0x11]E[0xffffffc6][0xffffffb5][\n]"
18:17:44.590 [TestNG-tests-1] DEBUG org.apache.hc.client5.http.wire - http-outgoing-3 << "H[0xffffffc6][0xffffffb5][0x11][0xffffffcb]|[0xffffffd7][0xffffffee]pf[0xffffffbb]vG[0xfffffff4][0xffffffb7][0xffffffbb][0xffffffb6][0xffffffc5]o;[0xffffffde]];[0x6][0xfffffff5][0xffffffbe][0xffffffb6][0xffffffe1][0xffffffdf]vl[0x6][0xffffffdf]vl[0xfffffff1]#z[0xffffff89]87[0xffffffec][0xffffffdb][0xffffff8e]m[0xffffffff]p[0x1e][0xffffffe9]Z[0xffffff81]"[0xffffffe2]Z[0x9]$[0xffffffe2]Z[0xffffff81]e[0xffffffba]k[0x3][0xffffff9c][0xffffffc9][0xffffffae][\r][0xffffff88][0xffffffbe][0xffffffe0][0xffffffda][0xfffffff8]m[0xffffffc7][0xffffffbb]k[0xffffffcf][0xffffff83][0xffffff9a][0xffffffd1]m[0xfffffff8][0xffffffb7][0x1d][0xffffff9b][0xffffffc1][0xffffffb7][0x1d][[0xfffffffc][0xffffff88]^&[0xffffffce][0xffffffd8][0xffffffb7][0x1d][0xffffffdb][0xfffffffe][0xffffffe1]<[0xffffffd4][0xffffffb5]&[0xffffffdf]v[0xffffff94]@2[0xffffffae]5[0xfffffff8][0xffffffb6]c[0xffffff80]3[0xffffffdb][0xffffffb5][0xffffffd7][0xffffffbf][0xffffffed][0xffffffd8][0xffffffe2]>[0xffffff84]7[0xffffffd7]vj[0xffffff96][0xffffffa1][0xffffffe1][0xfffffffb][0x10][0xffffff9a][0xffffffc1]>[0xffffff84][0x16][0x7][0xffffffcf]3q[0xffffffc6][0xfffffff6]![0xffffffb4]}[0xffffffd8][0x1c]u[0xffffffad][0xffffffc9]>[0x4][0x9]$[0xffffffe3]Z[0xffffff83]}[0x8][0x1][0xffffffce]l[0xffffffd7]^[0xffffffdf][0xffffff87][0xffffffd0][0xffffffd4][0xffffff8c]n[0xffffff9d][0xffffff83][0xffffffda][0xfffffff3][0xffffffd5][0xfffffff0][0x19][0xffffffdd]f0[0xffffffa3][0xffffffdb][0xffffffe2]0d&[0xffffffce][0xffffffd8][0xffffff8c]n[0xffffffdb][0x7] Q[0xffffffd7][0xffffff9a][0xffffffcc][0xffffffe8]J [0x19][0xffffffd7][0x1a][0xffffffcc][0xffffffe8][0x6]8[0xffffffb3]]{}F[0xffffffb7][0xffffffc5][0xffffffef][0xffffff8d][0xffffff95][0xffffffbb][0xffffffbb]+57[0xffffffd6][0xfffffff0][0xffffffef][0xffffff8d]5[0xffffff83][0xffffffef][0xffffff8d][0xffffffb5][0xfffffff8]a[0xffffffa7]L[0xffffff9c][0xffffffb1][0xffffffef][0xffffff8d][0xffffffb5][0xfffffffd]cN[0xffffffa8]kM[0xffffffbe]7&[0xffffff81]d\k[0xfffffff0][0xffffffbd][0xffffffb1][0x0]g[0xffffffb6]k[0xffffffaf][0x7f]o[0xffffffec][0xfffffffe][0xffffffa7][0xffffffc3][0xffffffcc][0xffffffb5][0x3]w[0xffffffed]0p[0xffffffed]@];0[0xffffffd7][0xe]'[0xffffffd7][0xffffffee](R[0xffffffae][0xffffff8d]@R[0xffffffae][0xffffffdd][0xffffffb1]$\;`[0xffffffd7][0xffffff8e][0xffffffeb][0xffffffae]]f[0xffffffae]][0xffffffb8]k[0xffffff97][0xffffff81]k[0x17][0xffffffea][0xffffffda][0xffffff85][0xffffffb9]v9[0xffffffb9]vG[0xffffff91]rm[0x4][0xffffff92]r[0xffffffed][0xffffff8e]%[0xffffffe1][0xffffffda][0x5][0xffffffbb]v]wm9[0xffffffcc]d[[0xe][0xffffffdc][0xffffffb6][0xfffffff7]#[0xfffffff0][0xffffffba][0xfffffffd]8[0x4][0xffffffe5][0xffffffdb][0xfffffffb][0xffffffe3])[0xffffffe1][0xffffffbe]?[0xffffffda][0xffffffc5][0xffffffb8][0xffffff81]GJ[0xffffffb9][0xffffff82]J[0xffffffca][0xffffffb9][0xffffff81]MB[0xffffffba][0x1b][0xffffffa1][0xfffffff9][0xffffffd6][0xffffffdd]8}I[0xffffffbb][0xffffffdd][0xffffffad]q;[0x1f][0xffffffb9][0xffffffdd][0xffffffa1]r;[0xffffff9b][0xffffffb9][0xffffff9d][0xffffffeb][0xffffffdc]n[0x15][0xffffffba][0xffffff81]GJ[0xffffffbb][0xffffff82]JJ[0xffffffbb][0xffffff81]MB[0xffffffbb][0xffffff9d][0xffffff8e][0xffffffdd][0xfffffffe][0x13][0xffffffb5]{[0xffffffdc][0xffffffba][0xffffff99]w[0xffffffef]'[0xffffffc2][0xffffffc5][0xfffffffb]v[0x6][0xffffffde][0xffffffbc][0xffffffdf]NA[0xffffffa9][0xfffffff7][0xffffffed][0xfffffff9][0xffffff94]{?[0xffffff9e][0xffffffed]"[0xffffffdf][0x8]%e_[0xffffff85]&[0xffffffa5][0xffffffdf][0x8]([0xffffffe1][0xffffffdf][0x1d][0xffffffd3]|[0x1][0xffffffef][0xffffffb0][0xfffffffe][0x6][0x3][0xffffff97][0xffffffdb][0xfffffffb][0x1f][0xffffffab][0xffffffdd][0x9]m[0x1d][0xffffffe9][0xffffffbb][0x13][0xffffffbe][0xffffff9c][0x7][0xffffffb2][0xffffffef][0xffffffd7][0x13]P[0xffffffee][0xffffffdd][0xffffffcf][0xffffff90]k[0xffffffde][0xffffffaf]O[0xffffffcf][0xfffffff5][0xffffffee][0xfffffff6]d[0xffffffd6][0xffffffba][0xffffffcf]Q[0xffffffcc]u[0xffffffee][0xffffff8f][0xffffff80][0xffffffcc]5[0xffffffee]s,[0xfffffff3]|[0xfffffffb][0xc][0xffffffce],[0xffffffdb]>C[0xfffffff4][0x5][0xffffffd7][0xffffffaa]][0xffffffb7][0xffffffbd][0xffffffaf][0xfffffff4][0xffffffdd][0x9]_[0xffffffce][0x3][0xffffffbb][0xffffff96][0xffffffdc]u[0xffffffbb][0xffffff9f][0xffffff81]qm[0xfffffffe][0xffffffae][0xffffffdb][0xffffffed][0xffffffc9][0x1e][0xffffffae][0xffffffa5]w[0xffffffdd][0xfffffffe][0x8]H[0xffffffc6][0xffffffb5][0xffffffe4][0xffffffae][0xffffffdb]gpf[0xffffffbb][0xfffffff6][0xffffffc2][0xffffffae][0xffffffdb]o[0x7f][0xffffffba][0xffffff94]k[0xffffffe7]-}[0xffffffee][0xffffffe1][0xffffffcb]y`[0xffffffd7].[0x3][0xffffffd7][0xffffffae][0x0]u&[0xffffffce][0xb]s[0xffffffed]rrmD[0xffffff91]q[0xffffffad][0x2][0xffffff92]qm[0xffffffc4]2[0xffffffdf][0xffffffb5];[0xffffff9c][0xffffffd9][0xffffffae][0xffffffdd][0x11][0xfffffffd][0xffffffed][0xffffffae][0xffffffed]7[0xffffffe1][0xffffffda]q[0xffffff8c][0xfffffff4][0xffffffdd][0x9]_[0xffffffce][0xffffffc3][0xffffffba][0xfffffff6]q[0x2][0xffffffd8][0xffffffb5][0xffffffdf][0xffffffcf][0xffffff80][0xffffffb8][0xfffffff6][0xfffffff1]t[0xffffffc4][0xffffffb5][0xffffffdf][0xffffff9e]l[0xffffffe1]Z[0xffffff81]"[0xffffffe2]Z[0x9]$[0xffffffe2]Z[0xffffff81]e[0xffffffba]k[0x3][0xffffff9c][0xffffffc9][0xffffffae][\r][0xffffff88][0xffffffbe][0xffffffe0]Z[0xffffffb5][0xffffffa7]f[0xffffffd4][0xffffff96][0xffffffbe][0x13][0xffffffec][0xffffffcb]y`[0xffffffd7][0xffffff92]{j[0xfffffff6]30[0xffffffae][0xffffffcd][0xffffffdf]S[0xffffffb3]=[0xffffffd9][0xffffffc3][0xffffffb5][0xfffffff4][0xffffff9e][0xffffff9a][0x1f][0x1][0xffffffc9][0xffffffb8][0xffffff96][0xffffffdc]S[0xfffffff3][0xc][0xffffffce]l[0xffffffd7]^[0xffffffd8]S[0xfffffff3][0xfffffff9][0xffffffa7][0xffffffc5][0xffffffcc][0xffffffb5][0x5]wm1pmA][0[0xffffffd7][0x16]'[0xffffffd7][0xffffffee](R[0xffffffae][0xffffff8d]@R[0xffffffae][0xffffffdd][0xffffffb1]$\[`[0xffffffd7][0xffffff96][0xffffffab][0xffffffae]U[0xffffffbb][0x13][0xffffffc6][0xffffff9c][0xffffffe9];[0xffffffc1][0xffffffbe][0xffffff9c][0x7]v-[0xffffffb9];a?[0x3][0xffffffe3][0xffffffda][0xfffffffc][0xffffffdd][0x9][0xffffffdb][0xffffff93]=\K[0xffffffef]N[0xfffffff8][0x11][0xffffff90][0xffffff8c]k[0xffffffc9][0xffffffdd][0x9][0xffffffcf][0xffffffe0][0xffffffcc]v[0xffffffed][0xffffff85][0xffffffdd][0x9][0xffffffdf][0xfffffffe]T}[0xffffffdf][0xfffffffc][0xffffffbc][0xfffffff5]F[0xffffffb9][0xffffff96][0xfffffffb][0xffffffbe][0xfffffff9][0xffffffd7][0x13][0xffffffd0][0xffffffae]e[0xffffffbe]o[0xfffffffe][0xfffffff5][0xffffffe9][0xffffff8c]k-[0xffffffbe]o[0xfffffffe][0x1c]E[0xffffffc6][0xffffffb5][0xfffffffc][0xfffffff7][0xffffffcd][0xffffff9f]c[0xffffff99][0xffffffef]Z[0xffffffea][0xfffffffb][0xffffffe6][0xffffffcf][0x10][0xfffffffd][0xffffffed][0xffffffae][0x1d][0xffffffea]}[0xffffffed]<[0x16][0xffffffe5][0xffffffda][0xffffff81][0xffffffbf][0xffffffaf][0x1d][0x6][0xffffffef]kG|1[0xffffff96][0xffffff88][0xfffffff3][0xffffffc0][0xffffffde][0xffffffd7][0xffffff8e][0xfffffffd]e[0x18][0xffffffe9]Z[0xffffff81]"[0xffffffe2]Z[0x9]$[0xffffffe2]Z[0xffffff81]e[0xffffffba]k[0x3][0xffffff9c][0xffffffc9][0xffffffae][\r][0xffffff88][0xffffffbe][0xffffffe0][0xffffffda]"[0xffffffde][0xffffffd7][0xffffffce]>[0xffffffa8]w[0x8]o[0xffffffe7][0xffffff81]][[0xfffffff8][0xfffffff7][0xffffffb5][0xffffffdf][0xffffffcf][0xffffffc0][0xffffffb8][0xffffffb6]P[0xffffffef]k[0xffffffbf]=[0xffffffd9][0xffffffc3][0xffffffb5][0x11]E[0xffffffc6][0xffffffb5][\n]"
18:17:44.591 [TestNG-tests-1] DEBUG org.apache.hc.client5.http.wire - http-outgoing-3 << "H[0xffffffc6][0xffffffb5][0x11][0xffffffcb]|[0xffffffd7][0xffffffee]pf[0xffffffbb]vG[0xfffffff4][0x5][0xffffffd7][0xffffffaa][0xfffffff7][0xffffffb5][0xffffffab][0xffffffdd][0xffffffa8][0xffffffdf][0xffffffc6][0x6][0xfffffffe][0xffffffbe]v[0x18][0xffffffbc][0xffffffaf][0x1d][0xfffffff1][0xffffffc5]X&[0xffffffce][0xffffffd8][0xfffffffb][0xffffffda][0xffffffb1][0xffffffbf][0xc]C]k[0xfffffff2][0xffffffbe]V[0x2][0xffffffc9][0xffffffb8][0xffffffd6][0xffffffe0]}m[0xffffff80]3[0xffffffdb][0xffffffb5][0xffffffd7][0xffffffdf][0xffffffd7][0xe]5[0xffffffa3][0xffffffbb][0xffffffce][0xfffffffc][0x1d][0x9]_[0xffffffce][0x3][0xffffffbb][0xffffffd6]`Fw[0xffffffc4]a[0xffffffc8]L[0xffffff9c][0xffffffb1][0x19][0xffffffdd][0xffffffb1][0xf]@[0xffffffa2][0xffffffae]5[0xffffff99][0xffffffd1][0xffffff95]@2[0xffffffae]5[0xffffff98][0xffffffd1][\r]pf[0xffffffbb][0xfffffff6][0xfffffffa][0xffffff8c][0xffffffee]P[0xffffffbf][0xffffff8d][0xffffffad]y[0xffffffdc]([0xffffffd7][0xffffffe2][0xffffffbf][0xffffff8d][\r][0xffffff83][0xffffffdf][0xffffffc6]F[0xfffffffc][0x11]"[0x13]g[0xffffffec][0xffffffb7][0xffffffb1][0xffffffb1][0xffffffff][0xfffffff0][0xffffff80][0xffffffba][0xffffffd6][0xffffffe4][0xffffffb7]1[0x9]$[0xffffffe3]Z[0xffffff83][0xffffffdf][0xffffffc6][0x2][0xffffff9c][0xffffffd9][0xffffffae][0xfffffffd][0xffffff89][0xffffffdf][0xffffffc6][0xffffffd4]>[0xffffff84]5[0x1f][0xffffffa7]C\[0xffffff8b][0xffffffef]C[0x18][0x6][0xfffffffb][0x10]F[0x1c]<[0xffffffcf][0xffffffc4][0x19][0xffffffdb][0xffffff87]0[0xfffffff6]as[0xffffffd4][0xffffffb5]&[0xfffffffb][0x10]$[0xffffff90][0xffffff8c]k[\r][0xfffffff6]![0x4]8[0xffffffb3]]{}[0x1f][0xffffffc2]P[0xfffffffb][0x10][0xffffffd6]:[0xffffffb0]w[0x8][0xfffffff8]>[0xffffff84]a[0xffffffb0][0xf]a[0xffffffc4][0xffffffc1][0xfffffff3]L[0xffffff9c][0xffffffb1]}[0x8]c[0x1f]6G]k[0xffffffb2][0xf]A[0x2][0xffffffc9][0xffffffb8][0xffffffd6]`[0x1f]B[0xffffff80]3[0xffffffdb][0xffffffb5][0xffffffd7][0xfffffff7]![0xffffff9c]7[0xffffffe9][0xffffffda][0xffffff93][0xffffffda][0xfffffff3][0xfffffff5]v[0x1e][0xffffffd6][0xffffffb5][0xffffff8f][0x13][0xffffffc0][0xffffffae][0xfffffffd]~[0x6][0xffffffc4][0xffffffb5][0xffffff8f][0xffffffa7]#[0xffffffae][0xfffffffd][0xfffffff6]d[0xb][0xffffffd7][\n]"
18:17:44.591 [TestNG-tests-1] DEBUG org.apache.hc.client5.http.wire - http-outgoing-3 << "[0x14][0x11][0xffffffd7]J [0x11][0xffffffd7][\n]"
18:17:44.591 [TestNG-tests-1] DEBUG org.apache.hc.client5.http.wire - http-outgoing-3 << ",[0xffffffd3]][0x1b][0xffffffe0]Lvm@[0xfffffff4][0x5][0xffffffd7][0xffffff8a][0xfffffffb][0xffffffb5][0xffffffc7][0xffffffed][0xffffffe8][0xffffffd4][0xffffff9e][0xffffffaf][0x13][0xffffffbf]_{"
18:17:44.591 [TestNG-tests-1] DEBUG org.apache.hc.client5.http.wire - http-outgoing-3 << "[0x1a][0xffffffdc][0xffffffaf]=[0xffffffe3]E[0xffffffc6]L[0xffffff9c][0xffffffb1][0xfffffffb][0xffffffb5][0xffffffe7]~y[0x11]u[0xffffffad][0xffffffc9][0xfffffffd]Z[0x9]$[0xffffffe3]Z[0xffffff83][0xfffffffb][0xffffffb5][0x1][0xffffffce]l[0xffffffd7]^[0xffffffbf]_{[0x16][0xffffffe5][0xffffffda]>[0xffffffa9]][0xffffffe1]o[0xffffffe7][0xffffff81]][[0xc]\[[0x2][0xffffffd4][0xffffff99]8[0x17][0xffffffcc][0xffffffb5][0xffffffc5][0xffffffc9][0xffffffb5][0x11]E[0xffffffc6][0xffffffb5][\n]"
18:17:44.591 [TestNG-tests-1] DEBUG org.apache.hc.client5.http.wire - http-outgoing-3 << "H[0xffffffc6][0xffffffb5][0x11][0xffffffcb]|[0xffffffd7][0xffffffee]pf[0xffffffbb]vG[0xfffffff4][0x5][0xffffffd7]V[0xffffffe5][0xffffffda][0x13][0xffffffdb][0x15][0xfffffffe]v[0x1e][0xffffffd8][0xffffffb5][0xffffffd5][0xffffffc0][0xffffffb5]5@[0xffffff9d][0xffffff89]s[0xffffffc5]\[[0xffffff9d]\[0x1b]Qd\[0xffffffab][0xffffff80]d\[0x1b][0xffffffb1][0xffffffcc]w[0xffffffed][0xe]g[0xffffffb6]kwD_p[0xffffffad][0xffffff98]e8[0xffffff8e][0xffffffc6][0xffffffbd][0xffffffaf][0xffffffc5]g[0x19]N[0xffffff83]Y[0xffffff86]3^[0x1a][0xffffffcf][0xffffffc4][0x19][0xffffff9b]e8[0xfffffff7][0xffffff8b][0xffffffe2][0xffffffa8]kMf[0x19]$[0xffffff90][0xffffff8c]k[\r]f[0x19][0x2][0xffffff9c][0xffffffd9][0xffffffae][0xffffffbd]>[0xffffffcb]p[0xffffff8a][0xfffffffb][0xffffffb5][0xfffffff7][0xffffffff][0xffffffde]A[0xffffffcd][0xffffffe8][0xffffff9e][0xfffffff8][0xfffffffd][0xffffffda][0xffffffd3][0xffffffe0]~[0xffffffed][0x19]/2f[0xffffffe2][0xffffff8c][0xffffffdd][0xffffffaf]=[0xfffffff7][0xffffffcb][0xffffff8b][0xffffffa8]kM[0xffffffee][0xffffffd7]J [0x19][0xffffffd7][0x1a][0xffffffdc][0xffffffaf][\r]pf[0xffffffbb][0xfffffff6][0xfffffffa][0xfffffffd][0xffffffda]S[0xffffffdc][0xffffffaf]=J?[0x1a][0xffffffe5]Z[0xfffffffc]~[0xffffffed]ip[0xffffffbf][0xfffffff6][0xffffff8c][0x17][0x19]3q[0xffffffc6][0xffffffee][0xffffffd7][0xffffff9e][0xfffffffb][0xffffffe5]E[0xffffffd4][0xffffffb5]&[0xfffffff7]k%[0xffffff90][0xffffff8c]k[\r][0xffffffee][0xffffffd7][0x6]8[0xffffffb3]]{[0xfffffffd]~[0xffffffed])[0xffffffee][0xffffffd7][0x1e][0xffffffe5]<:[0xffffffe5]Z[0xfffffffc]~[0xffffffed]ip[0xffffffbf][0xfffffff6][0xffffff8c][0x17][0x19]3q[0xffffffc6][0xffffffee][0xffffffd7][0xffffff9e][0xfffffffb][0xffffffe5]E[0xffffffd4][0xffffffb5]&[0xfffffff7]k%[0xffffff90][0xffffff8c]k[\r][0xffffffee][0xffffffd7][0x6]8[0xffffffb3]]{[0xfffffffd]~[0xffffffed][0xffffffbc][0x9][0xffffffd7][0xffffffd6][[0xffffffa7][0xffffffbe]7[0xfffffff6]v[0x1e][0xffffffd6][0xffffffb5][0xffffff8f][0x13][0xffffffc0][0xffffffae][0xfffffffd]~[0x6][0xffffffc4][0xffffffb5][0xffffff8f][0xffffffa7]#[0xffffffae][0xfffffffd][0xfffffff6]d[0xb][0xffffffd7][\n]"
18:17:44.591 [TestNG-tests-1] DEBUG org.apache.hc.client5.http.wire - http-outgoing-3 << "[0x14][0x11][0xffffffd7]J [0x11][0xffffffd7][\n]"
18:17:44.591 [TestNG-tests-1] DEBUG org.apache.hc.client5.http.wire - http-outgoing-3 << ",[0xffffffd3]][0x1b][0xffffffe0]Lvm@[0xfffffff4][0x5][0xffffffd7][0xffffffaa][0xfffffffb][0xffffffb5][0xfffffff5][0xffffffb6][0xffffffa8][0xfffffffb][0xffffffb5][0x13][0xffffffbf]_;[\r][0xffffffee][0xffffffd7][0xffffffce]x[0xffffff91]1[0x13]g[0xffffffec]~[0xffffffed][0xffffffdc]//[0xffffffa2][0xffffffae]5[0xffffffb9]_+[0xffffff81]d\kp[0xffffffbf]6[0xffffffc0][0xffffff99][0xffffffed][0xffffffda][0xffffffeb][0xfffffff7]k[0xffffffa7][0xffffffba]_[[0xffffff8f][0xffffff81][0xffffffb9][0x16][0xffffffbf]_;[\r][0xffffffee][0xffffffd7][0xffffffce]x[0xffffff91]1[0x13]g[0xffffffec]~[0xffffffed][0xffffffdc]//[0xffffffa2][0xffffffae]5[0xffffffb9]_+[0xffffff81]d\kp[0xffffffbf]6[0xffffffc0][0xffffff99][0xffffffed][0xffffffda][0xffffffeb][0xfffffff7]kgS[0xffffffae]-[0xffffff83][0xffffffda][0xffffff87][0xfffffff0]v[0x1e][0xffffffd8][0xffffffb5][0xffffffcd][0xffffffc0][0xffffffb5]-@[0xffffff9d][0xffffff89]s[0xffffffc3]\[0xffffffdb][0xffffff9c]\[0x1b]Qd\[0xffffffab][0xffffff80]d\[0x1b][0xffffffb1][0xffffffcc]w[0xffffffed][0xe]g[0xffffffb6]kwD_p[0xffffffad][0xffffffd8]_{[0xffffffd4]91[0xffffffd7][0xffffffe2][0xfffffffb]k[0xffffffa7][0xffffffc1][0xfffffffe][0xffffffda][0x19][0x17][0xffffff85]f[0xffffffe2][0xffffff8c][0xffffffed][0xffffffaf][0xffffff9d][0xfffffffb]rP[0xffffffd4][0xffffffb5]&[0xfffffffb]k%[0xffffff90][0xffffff8c]k[\r][0xfffffff6][0xffffffd7][0x6]8[0xffffffb3]]{}[0x7f][0xffffffed]T[0xfffffff7]k[0xffffffdb][0xffffff81][0xffffffdd][0xffffffaf][0xffffff9d][0xfffffff8][0xfffffffd][0xffffffda]ip[0xffffffbf]v[0xffffffc6][0xffffff8b][0xffffff8c][0xffffff99]8c[0xfffffff7]k[0xffffffe7]~y[0x11]u[0xffffffad][0xffffffc9][0xfffffffd]Z[0x9]$[0xffffffe3]Z[0xffffff83][0xfffffffb][0xffffffb5][0x1][0xffffffce]l[0xffffffd7]^[0xffffffbf]_;g[0xfffffffc][0xffffffde][0xffffffd8][0xffffffd1][0xfffffffa][0xffffffe3]t[0xffffff88]k'[0xfffffffd][0xffffffbd][0xffffffb1][0xffffffc7][0x9]h[0xffffffd7][0xffffffce][0xfffffff0]a[0xffffffa7]L[0xffffff9c]'[0xfffffff5][0xffffffbd][0xffffffb1]oO[0xfffffff6]pmD[0xffffff91]q[0xffffffad][0x2][0xffffff92]qm[0xffffffc4]2[0xffffffdf][0xffffffb5];[0xffffff9c][0xffffffd9][0xffffffae][0xffffffdd][0x11]}[0xffffffc1][0xffffffb5][0xffffffea]~m;[0xffffffb9][0xffffffdf][0xffffffc6][0xfffffff0][0xfffffffb][0xffffffb5][0xffffffd3][0xffffffe0]~[0xffffffed][0xffffff8c][0x17][0x19]3q[0xffffffc6][0xffffffee][0xffffffd7][0xffffffce][0xfffffffd][0xfffffff2]"[0xffffffea]Z[0xffffff93][0xfffffffb][0xffffffb5][0x12]H[0xffffffc6][0xffffffb5][0x6][0xfffffff7]k[0x3][0xffffff9c][0xffffffd9][0xffffffae][0xfffffffd][0xffffff89][0xfffffffb][0xffffffb5][0xffffffeb][0xffffff97]j[0xffffffe6][0xffffffda][0xffffff8a][0xffffffbb][0xffffffb6][0x1a][0xffffffb8][0xffffffb6][0xffffffa2][0xffffffae][0xffffffad][0xffffff98]k[0xffffffab][0xffffff93]kw[0x14])[0xffffffd7]F )[0xffffffd7][0xffffffee]X[0x12][0xffffffae][0xffffffad][0xffffffb0]k[0xffffffeb]E[0xffffffd7].u[0xffffffbf][0xffffffb6]W[0xffffffec]}[0xffffffed][0xffffffc2][0xffffffef][0xffffffd7].[0xffffff83][0xfffffffb][0xffffffb5]+^dL[0xffffffc4]ya[0xfffffff7]k[0xffffffd7]~y[0xffffff91]t[0xffffffad]@[0x11]q[0xffffffad][0x4][0x12]q[0xffffffad][0xffffffc0]2[0xffffffdd][0xffffffb5][0x1][0xffffffce]d[0xffffffd7][0x6]D_p[0xffffffad][0xffffffba]_;[0xe][0xffffffec][0x1e][0xffffffc2][0xffffffc2][0xffffffef][0xffffffd7].[0xffffff83][0xfffffffb][0xffffffb5]+^d[0xffffffcc][0xffffffc4][0x19][0xffffffbb]_[0xffffffbb][0xfffffff6][0xffffffcb][0xffffff8b][0xffffffa8]kM[0xffffffee][0xffffffd7]J [0x19][0xffffffd7][0x1a][0xffffffdc][0xffffffaf][\r]pf[0xffffffbb][0xfffffff6][0xfffffffa][0xfffffffd][0xffffffda][0xffffffa5][0xfffffff6][0xffffffd7][0xffffff8e]~P;[0x15][0x17][0xffffffbe][0xffffffbf]v[0x19][0xffffffec][0xffffffaf]]qQh&[0xffffffce][0xffffffd8][0xfffffffe][0xffffffda][0xffffffb5]/[0x7]E]k[0xffffffb2][0xffffffbf]V[0x2][0xffffffc9][0xffffffb8][0xffffffd6]`[0x7f]m[0xffffff80]3[0xffffffdb][0xffffffb5][0xffffffd7][0xfffffff7][0xffffffd7].5[0xffffffcb]0[0xfffffffa]yP[0xffffffae][0xffffffc5]g[0x19][0xffffff96][0xffffffc1],[0xffffffc3][0xffffff8a][0xffffff97][0xffffffc6]3q[0xffffffc6]f[0x19][0xffffffd6]~Q[0x1c]u[0xffffffad][0xffffffc9],[0xffffff83][0x4][0xffffff92]q[0xffffffad][0xffffffc1],C[0xffffff80]3[0xffffffdb][0xffffffb5][0xffffffd7]g[0x19][0xffffff96][0xffffffda][0x15]>[0x6][0xffffffb6][0xffffffe7]k[0xffffffe1][0xffffffbb][0xffffffc2][0xffffff97][0xffffffc1][0xffffffae][0xfffffff0][0x15][0xffffff97]2g[0xffffffe2][0xffffff8c][0xffffffed][\n]"
18:17:44.592 [TestNG-tests-1] DEBUG org.apache.hc.client5.http.wire - http-outgoing-3 << "_[0xfffffffb]"f[0xffffffd4][0xffffffb5]&[0xffffffbb][0xffffffc2]%[0xffffff90][0xffffff8c]k[\r]v[0xffffff85][0x7]8[0xffffffb3]]{}W[0xfffffff8]Rscc[0xc][0xffffffec][0xffffffb7]1|nl[0x19][0xffffffcc][0xffffff8d][0xffffffad]8[0xffffffa0][0xffffff93][0xffffff89]367[0xffffffb6][0xfffffff6][0xffffffa1][0x1c][0xffffffd4][0xffffffb5]&sc[0x12]H[0xffffffc6][0xffffffb5][0x6]sc[0x1][0xffffffce]l[0xffffffd7]^[0xffffff9f][0x1b][jnl[0xffffff9c][0xffffff8d][0xfffffffa][0xffffffb6][0xffffffe3][0xffffffc2][0xffffffe7][0xffffffc6][0xffffff96][0xffffffc1][0xffffffdc][0xffffffd8][0xffffff8a][0x3]:[0xffffff99]8csck[0x1f][0xffffffca]A]k27&[0xffffff81]d\k07[0x16][0xffffffe0][0xffffffcc]v[0xffffffed][0xfffffff5][0xffffffb9][0xffffffb1][0xffffffa5][0xffffffbe][0xffffffcb]0[0xffffffd6][0xffffff8d][0xffffffda]_[0xffffffbb][0xfffffff0][0xffffffef]2,[0xffffff83][0xffffffef]2[0xffffffac][0xffffffb8][0x0]?[0x13]g[0xffffffec][0xffffffbb][0xc]k_z[0xffffff8f][0xffffffba][0xffffffd6][0xffffffe4][0xffffffbb][0xc][0x12]H[0xffffffc6][0xffffffb5][0x6][0xffffffdf]e[0x8]pf[0xffffffbb][0xfffffff6]7|[0xffffff97][0xffffffe1][0x1b][0xffffffa8][0xffffffbf][0xffffffff][0xffffffd7]?[0xfffffffe][0xffffffe1][0xffffff9f][0xffffffff][0xfffffffc][0xffffffc7][0xffffffbf][0xfffffffd][0xffffffed][0xfffffff7][0x7f][0xfffffffb][0xffffffd7]?[0xfffffffe][0xfffffff9][0xffffffcf][0x4][0xffffffb1][0xffffffdb][0x11][0x1c][0xffffffd0][0xffffffdd][0xffffff8f][0xffffff84]3[0xffffffac][0xe][0x4][0xffffffc1][0xffffffbc][0x1f][0x5][0xffffffa3]Z[0x1c][0xffffffe4][0x7f][0xffffff9b][0x12]j,[0xfffffff2][0xffffffac][0xffffffd8][0x1a][0xffffffbb][0xffffff85][0xffffff8f]E.[0xffffff83][0xffffffb1][0xffffffc8][0x15][0xffffffe7][0xffffffcf]2[0x1][0xffffffc7][0xffffffc6]"[0xffffffd7]>s[0xffffff86][0xffffffa6][0xffffff84][0xffffffc9]X[0xffffffa4][0x4][0xffffff92]I[0x9][0xffffff83][0xffffffb1][0xffffffc8][0x0]gvJ[0xfffffffc][0xffffff86][0xffffffb1]H,%[0xffffff84]<[0xffffffd9][0xffffff94][0xffffff90].eSB[0xffffffa8][0xffffff95]K[0xffffff89]`Z*%[0xffffff82]x/[0xffffffa5]D[0xffffffdc]f[0xffffffc3][0xffffffa6][0x4][0xffffffbc][0xffffffcd][0xffffffe6]q[0x2]>%[0xffffffc0]m6[0xffffff8f][0xffffffa7]S)[0xffffffe1][0xffffffb3][0xffffffcd]F[0xffffffa0]H[0xffffffa5][0xffffff84][0xffffffc9]6[0x1b][0xffffff81]%[0xffffff91][0x12][0xffffffe8]6[0xffffff9b][0xffffff80][0xffffffa8]WJ[0x4]y[0xffffffd2])!\J[0xffffffa7]DP+[0xffffff99][0x12][0xffffffc5]%%[0xffffffca][0xffffffdf]!%[0xffffffba]YJt<%[0xffffffba]AJt4%:[0xffffff96][0x12][0xffffffdd])%v[0x14][0xffffffa9][0xffffff94][0xffffff88]@R)[0xffffffb1]cI[0xffffffa4]D[0xffffff87]S[0xffffffa2][0x1b][0xffffffa7]D[0xffffff90]'[0xffffff9d][0x12][0xffffffc2][0xffffffa5]tJ[0x4][0xffffffb5][0xffffff92])[0xffffffd1]]R[0xffffffa2][0xffffffff][0x1d]R[0xffffffe2][0xffffffb1][0xb][0xffffffc7][0xffffffa9]%[0xffffff8e][0xffffff89][0xffffffc7][0xffffffc4][0xfffffffd][0x8]|M|[0x1c][0xffffff82][0xffffffca][0xffffff89][0xfffffffb][0xffffffe3][0xffffffa9][0xffffff9e]x"
18:17:44.592 [TestNG-tests-1] DEBUG org.apache.hc.client5.http.wire - http-outgoing-3 << "[0x7f][0xffffffb4]KP[0x4][0x1e][0xffffffa9][0xffffffa2][0x10]TRI[0x11][0xffffffd8]$[0xffffff9a]b#4?*6N[0xffffffbd][0xffffffaa]"j[0xffffff94][0xffffffce][\n]"
18:17:44.592 [TestNG-tests-1] DEBUG org.apache.hc.client5.http.wire - http-outgoing-3 << "eU[0xffffffba]+[0xffffffa2]d[0xffffffc9][0xffffffb0][0xffffffd8][0xffffff9d][0xffffffcb][0xffffff95][0xffffffc5][0xffffffae][0xffffffe0]KiQ[0xffffffdc][0xffffffd2][0xffffffa2][0xfffffff0]iQ[0x1c][0xffffffd2][0xffffffa2][0xffffffb0]iQ[0xffffffb8][0xffffffb4](Vi[0x11]x[0xffffffa4][0xffffffd2]BPI[0xffffffa5]E`[0xffffff93]H[0xffffff8b]B[0xffffffa7]EqN[0xffffff8b][0xffffffa8]Q:-[0xffffff94]U[0xffffffe9][0xffffffb4][0xffffff88][0xffffff92]%[0xffffffd3]bw.[0xffffff97][0x16][0xffffffbb][0xffffff82]/[0xffffffa5]Eu[0xfffffffb][0x5][0xffffffa4][0xfffffff2]?[0xffffff81]T[0xffffff87][0xffffffdf]@*[0xfffffffb]#H[0xffffffe5]~[0x5][0xffffffa9]V?[0xffffff83][0x4][0x1e][0xffffffa9][0xffffffb4][0x10]TRi[0x11][0xffffffd8]$[0xffffffd2][0xffffffa2][0xffffffd2]?[0xffffff85]T[0xffffffe7][0xffffffdf]B[0xffffffa2]F[0xffffffe9][0xffffffb4]PV[0xffffffa5][0xffffffd3]"J[0xffffff96]L[0xffffff8b][0xffffffdd][0xffffffb9]\Z[0xffffffec][\n]"
18:17:44.592 [TestNG-tests-1] DEBUG org.apache.hc.client5.http.wire - http-outgoing-3 << "[0xffffffbe][0xffffff94][0x16]}[0xffffff98][0xffffffa5]E[0x1f]xZ[0xffffffdc][0xffffff8f][0xffffffc0][0xffffffa7][0xffffffc5][0xffffffc7]![0xffffffa8][0xffffffb4][0xffffffb8]?[0xffffff9e]J[0xffffff8b][0xfffffff7]G[0xffffffbb][0xffffffa4]E[0xffffffe0][0xffffff91]J[0xb]A%[0xffffff95][0x16][0xffffff81]M"-6B[0xfffffff3][0xffffffd3]b[0xffffffe3][0xffffffd4]+-[0xffffffa2]F[0xffffffe9][0xffffffb4]PV[0xffffffa5][0xffffffd3]"J[0xffffff96]L[0xffffff8b][0xffffffdd][0xffffffb9]\Z[0xffffffec][\n]"
18:17:44.592 [TestNG-tests-1] DEBUG org.apache.hc.client5.http.wire - http-outgoing-3 << "[0xffffffbe][0xffffff94][0x16][0xffffffc3]m[0x4]d[0xfffffff0]3 [0xffffffc3]a[0x8]d[0xffffffb0]S [0xffffff83][0x1b][0x3][0x19]Vs [0xffffff81]G*-[0x4][0xffffff95]TZ[0x4]6[0xffffff89][0xffffffb4][0x18][0xfffffff4],[0xffffffc8]p[0x1e][0x6][0xffffff89][0x1a][0xffffffa5][0xffffffd3]BY[0xffffff95]N[0xffffff8b](Y2-v[0xffffffe7]ri[0xffffffb1]+[0xfffffff8]RZ<>G[0xffffffe0][0xffffff94][0x16][0xffffffe7][0xffffff81][0xffffffa7][0xffffffc5][0xfffffffd][0x8]|Z|[0x1c][0xffffff82]J[0xffffff8b][0xfffffffb][0xffffffe3][0xffffffa9][0xffffffb4]x[0x7f][0xffffffb4]KZ[0x4][0x1e][0xffffffa9][0xffffffb4][0x10]TRi[0x11][0xffffffd8]$[0xffffffd2]b#4?-6N[0xffffffbd][0xffffffd2]"j[0xffffff94]N[0xb]eU:-[0xffffffa2]d[0xffffffc9][0xffffffb4][0xffffffd8][0xffffff9d][0xffffffcb][0xffffffa5][0xffffffc5][0xffffffae][0xffffffe0]Kiq[0xffffffdc][0xffffff96]Y[[0xffffffdc]O[0xffffff84][0xffffffc7][0xffffffc5][0xffffffdb][0x19][0xfffffff8][0xffffffba][0xfffffff8]v[\n]"
18:17:44.592 [TestNG-tests-1] DEBUG org.apache.hc.client5.http.wire - http-outgoing-3 << "*/[0xffffffde][0xffffff9e]O[0xfffffff5][0xffffffc5][0xffffffc7][0xffffffb3]][0x2]#BI[0x15][0xffffff86]B[0xffffff93]J[0xffffff8c][0x8]([0xffffffd1][0x18];[0xffffffa6][0xfffffff9][0xffffff91]"
18:17:44.593 [TestNG-tests-1] DEBUG org.apache.hc.client5.http.wire - http-outgoing-3 << "[0xffffffb1][0xffffffc3][0xffffffea]U[0x19]B[0xffffffa8]tfH[0xffffffbf][0xffffffd2][0xffffff9d]!tK[0xffffff86]F[0xffffffb0]/W[0x1a]A[0xffffffc6][0xffffffaf][0xffffffa4][0xffffffc6][0xfffffff1][0xfffffff6]O9n7[0xffffffb5]ms[0xffffffcd][0xffffff95][0x1e][0x1a][0xffffff9f][0xffffffe7][0xffffffa1]2[0xffffffe3][0xffffffcb][0x9][0xffffffb0][0xffffffc8][0xffffffd8][0xffffffce][0xffffff90][0xffffff9c][0x18]_[0xffffff9e][0xffffff9e][0x1c][0x18][0xffffffbf]~2[0xffffff9c][0x17]OQL[0xffffff8e][0xffffff8b][0x1f][0x0][0xffffff99][0xffffff9c][0x16]O[0xffffffb1]L[0xc][0xffffff8b]'p[0xffffffa6]e[0xffffffc5][0x13]D-[0xffffffa2][0xffffffe2][0xffffffb9]<[0xffffffa1][0xffffffa4][0xfffffff8][0xffffff91]K[0xffffffa1][0xffffffa0]x[0xffffffae]V '[0xffffff9e][0xffffff99]6=&[0xffffff9e][0xffffff89][0xfffffff7]BJ[0x1c]"%[0xffffffe6]q[0xffffffe6][0x7f][0xffffffdb][0xffffffee][0xfffffff3]<pJ[0x1c][0x6])qD[0xffffffde][0x13][0x1]?[0xffffffb0][0xffffff94]8[0xffffff9c]R"[0xffffffa2][0xffffffc8][0xffffffa4][0xffffff84][0x2][0xffffff92]I[0xffffff89][0xffffff88]e~J[0xffffffec]pf[0xffffffa7][0xffffffc4][0xffffff8e][0xffffffa8]SJ[0x8]y[0xffffffb2])!][0xffffffca][0xffffffa6][0xffffff84]P+[0xffffff97][0x12][0xffffffc1][0xffffffb4]TJ[0x4][0xfffffff1]^H[0xffffff89][0xffffffa2]R[0xffffffa2][0xffffffaf][0xfffffffc]O7~[0xffffff9e][0x7]N[0xffffff89]b[0xffffff90][0x12]%[0xfffffff2][0xffffff9e][0x8]x[0xffffffc1]R[0xffffffa2]8[0xffffffa5]DD[0xffffff91]I[0x9][0x5]$[0xffffff93][0x12][0x11][0xffffffcb][0xfffffffc][0xffffff94][0xffffffd8][0xffffffe1][0xffffffcc]N[0xffffff89][0x1d]Q[0xffffffa7][0xffffff94][0x10][0xfffffff2]dSB[0xffffffba][0xffffff94]M[0x9][0xffffffa1]V.%[0xffffff82]i[0xffffffa9][0xffffff94][0x8][0xffffffe2][0xffffffbd][0xffffff90][0x12]U[0xffffffa5][0xffffffc4]9[0xfffffff3]oR|[0xffffff9e][0x7]N[0xffffff89]j[0xffffff90][0x12]5[0xfffffff2][0xffffff9e][0x8]x[0xffffffc5]R[0xffffffa2]:[0xffffffa5]DD[0xffffff91]I[0x9][0x5]$[0xffffff93][0x12][0x11][0xffffffcb][0xfffffffc][0xffffff94][0xffffffd8][0xffffffe1][0xffffffcc]N[0xffffff89][0x1d]Q[0xffffffa7][0xffffff94][0x10][0xfffffff2]dSB[0xffffffba][0xffffff94]M[0x9][0xffffffa1]V.%[0xffffff82]i[0xffffffa9][0xffffff94][0x8][0xffffffe2][0xffffffbd][0xffffff94][0x12][0xffffffd5],%*[0xffffff9e][0x12][0xffffffd5] %*[0xffffff9a][0x12][0x15]K[0xffffff89][0xffffffea][0xffffff94][0x12];[0xffffff8a]TJD [0xffffffa9][0xffffff94][0xffffffd8][0xffffffb1]$R[0xffffffa2][0xffffffc2])Q[0xffffff8d]S"[0xffffffc8][0xffffff93]N[0x9][0xffffffe1]R:%[0xffffff82]Z[0xffffffc9][0xffffff94][0xffffffa8].)Q[0x7f]:%[0xffffff9a]x+[0xffffffb1]J[0xffffffaf]TJ4[0xfffffffc][0xffffffad]D3x+[0xffffffd1]b:'[0x2][0xffffffde][0xffffffb0][0xffffffb7][0x12][0xffffffcd][0xffffffe9][0xffffffad]DD[0xffffff91]I[0x9][0x5]$[0xffffff93][0x12][0x11][0xffffffcb][0xfffffffc][0xffffff94][0xffffffd8][0xffffffe1][0xffffffcc]N[0xffffff89][0x1d]Q[0xffffffa7][0xffffff94][0x10][0xfffffff2]dSB[0xffffffba][0xffffff94]M[0x9][0xffffffa1]V.%[0xffffff82]i[0xffffffa9][0xffffff94][0x8][0xffffffe2][0xffffffbd][0xffffff90][0x12]][0xffffffa5]Dk[0x7][0xffffff95][0x12][0x1d]O[0xffffff89]n[0xffffff90][0x12]=[0xfffffff2][0xffffff9e][0x8]x[0xffffffc7]R[0xffffffa2];[0xffffffa5]DD[0xffffff91]I[0x9][0x5]$[0xffffff93][0x12][0x11][0xffffffcb][0xfffffffc][0xffffff94][0xffffffd8][0xffffffe1][0xffffffcc]N[0xffffff89][0x1d]Q[0xffffffa7][0xffffff94][0x10][0xfffffff2]dSB[0xffffffba][0xffffff94]M[0x9][0xffffffa1]V.%[0xffffff82]i[0xffffffa9][0xffffff94][0x8][0xffffffe2][0xffffffbd][0xffffff94][0x12][0xffffffc5],%[0xffffffb0]][0xffffff99]_N[0xffffffc0][0xffffffa7][0x4][0xffffffb2])[0xfffffff3][0xffffffcb][0xffffffd3][0xffffffa9][0xffffff94]p[0xffffffd8][0xffffff93][0xfffffff9][0x14]E*%[0xfffffff0]-[0xffffff99]O[0xffffffb1]$R[0x2][0xffffffda][0xffffff91][0xfffffff9][0x4]Q[0xffffffaf][0xffffff94]p[0xffffffd9][0xffffff90][0xfffffff9]#[0xffffff97][0xffffffd2])[0xffffffe1][0xffffffb0][0x1f][0xfffffff3][0xffffff99]i[0xffffffb9][0xffffff94][0xfffffff8][0xffffff89][0xffffffed][0xffffff98][0x1f][0xffffffff][0xffffff8c][0xffffffa1][0xffffffde]J[0xffffffcc]vR)1[0xfffffff0][0xffffffb7][0x12][0xffffffc3][0xffffffe0][0xffffffad][0xffffffc4][0xffffff88][0xffffffe9][0xffffff9c][0x8][0xfffffff8][0xffffffc0][0xffffffde]J[0xc][0xffffffa7][0xffffffb7][0x12][0x11]E&%[0x14][0xffffff90]LJD,[0xfffffff3]Sb[0xffffff87]3;%vD[0xffffff9d]RB[0xffffffc8][0xffffff93]M[0x9][0xffffffe9]R6%[0xffffff84]Z[0xffffffb9][0xffffff94][0x8][0xffffffa6][0xffffffa5]R"[0xffffff88][0xfffffff7]BJ[0xffffff9c]*%[0xffffffd6][0xffffff81][0xffffffbd][0xffffff95]8[0xfffffff1][0xffffff94]8[\r]R[0xffffffe2][0xffffff8c][0xffffffbc]'[0x2]~b)q:[0xffffffa5]DD[0xffffff91]I[0x9][0x5]$[0xffffff93][0x12][0x11][0xffffffcb][0xfffffffc][0xffffff94][0xffffffd8][0xffffffe1][0xffffffcc]N[0xffffff89][0x1d]Q[0xffffffa7][0xffffff94][0x10][0xfffffff2]dSB[0xffffffba][0xffffff94]M[0x9][0xffffffa1]V.%[0xffffff82]i[0xffffffa9][0xffffff94][0x8][0xffffffe2][0xffffffbd][0xffffff90][0x12]S[0xffffffa6][0xffffffc4][0xffffffc0][0xffffffb6]]N<%[0xffffffa6]AJ[0xffffffcc][0xffffffc8]{"[0xffffffe0][0x13]K[0xffffff89][0xffffffe9][0xffffff94][0x12][0x11]E&%[0x14][0xffffff90]LJD,[0xfffffff3]Sb[0xffffff87]3;%vD[0xffffff9d]RB[0xffffffc8][0xffffff93]M[0x9][0xffffffe9]R6%[0xffffff84]Z[0xffffffb9][0xffffff94][0x8][0xffffffa6][0xffffffa5]R"[0xffffff88][0xfffffff7]BJ[0xffffffac][0xffffff98][0x12][0xffffffe5]v[0xffffffe3][0xffffffde]J,<%[0xffffff96]AJ[0xffffffac][0xffffffc8]{"[0xffffffe0][0xb]K[0xffffff89][0xffffffe5][0xffffff94][0x12][0x11]E&%[0x14][0xffffff90]LJD,[0xfffffff3]Sb[0xffffff87]3;%vD[0xffffff9d]RB[0xffffffc8][0xffffff93]M[0x9][0xffffffe9]R6%[0xffffff84]Z[0xffffffb9][0xffffff94][0x8][0xffffffa6][0xffffffa5]R"[0xffffff88][0xfffffff7][0xfffffff5][0xffffff94]8[0xe][0xffffff95][0x12][0xffffffa5]R{%[0xffffffde][0xffffffce][0xffffffc3][0xffffffa6][0xffffffc4][0xffffffe3][0x4]pJ|?[0x3][0xffffff92][0x12][0xffffff8f][0xffffffa7]#)[0xfffffff1][0xffffffed][0xffffffc9][0x16])!PDRB[0x2][0xffffff89][0xffffffa4][0xffffff84][0xffffffc0]2=%[0x2][0xffffff9c][0xffffffc9])[0x11][0x10]5J[0x9]%O4%[0xffffffb4]K[0xffffffd1][0xffffff94]Pj[0xffffffc5]R"[0xffffff9a][0x16]J[0xffffff89]([0xffffffde][0xb])![0xfffffff6]J[0xffffff94][0xffffffdb][0xffffffba]5*%[0xfffffff0][0xffffffbd][0x12][0xffffff87][0xffffffc1]^[0xffffff89]C[0xc]?'[0x2][0xffffff8e][0xffffffed][0xffffff95]8[0xffffffc2]x3[0xffffff99][0x12]&{%$[0xffffff90]LJ[0x18][0xffffffec][0xffffff95][0x8]pf[0xffffffa7][0xffffff84][0xfffffff1]^[0x9]%O6%[0xfffffffc][0xfffffff6]J([0xffffffb5]r)[0xffffffe1][0xffffffb2]W"[0xffffff8a][0xfffffff7]BJ[0xffffff88]a[0xffffffd0]r[0xffffff94][0xffffffd5][0xffffffa9][0xffffff94][0xffffffc0][0xffffff87]A[0xf][0xffffff83]a[0xffffffd0]CL,%[0x2][0xffffff8e][\r][0xffffff83][0x1e]a&[0xffffff89]L[0x9][0xffffff93]aP[0x9]$[0xffffff93][0x12][0x6][0xffffffc3][0xffffffa0][0x1][0xffffffce][0xffffffec][0xffffff94]0[0x1e][0x6]U[0xfffffff2]dS[0xffffffc2]o[0x18]T[0xffffffa9][0xffffff95]K[0x9][0xffffff97]a[0xffffffd0]([0xffffffde][0xb])[0xffffffa1][0xffffffee]J[0xffffff94]1[0xffffffa9]/[0xffffff83][0x1e][0xfffffff8]][0xffffff89][0xffffffc3][0xffffffe0][0xffffffae][0xffffffc4]!~[0xffffffd0]K[0x4][0x1c][0xffffffbb]+q[0xffffff84][0xffffff9f][0xffffffec][0xffffffc8][0xffffff94]0[0xffffffb9]+![0xffffff81]dR[0xffffffc2][0xffffffe0][0xffffffae]D[0xffffff80]3;%[0xffffff8c][0xffffffef]J(y[0xffffffb2])[0xffffffe1]wWB[0xffffffa9][0xffffff95]K[0x9][0xffffff97][0xffffffbb][0x12]Q[0xffffffbc][0xffffffaf][0xffffffa7]D[0xffffffb9][0xffffffa9][0xffffff94]X7[0xffffffea][0xffffffae][0xffffffc4][0xffffffdb]y[0xffffffd8][0xffffff94](7[0xffffff85][0x7f].[0xffffffef][0xffffffdf][0xffffffcf][0xffffff80][0xffffffa4]D[0xffffffb9]Q)[0xfffffff1][0xffffffed][0xffffffc9][0x16])!PDRB[0x2][0xffffff89][0xffffffa4][0xffffff84][0xffffffc0]2=%[0x2][0xffffff9c][0xffffffc9])[0x11][0x10]5J[0x9]%O4%[0xffffffb4]K[0xffffffd1][0xffffff94]Pj[0xffffffc5]R"[0xffffff9a][0x16]J[0xffffff89]([0xffffffde][0xb])!>2^j-7*%[0xfffffff0][0xffffff8f][0xffffff8c][0x17][0xffffff83][0xffffff8f][0xffffff8c][0x17][0xfffffff1]%[0xffffffdc]D[0xffffffc0][0xffffffb1][0xffffff8f][0xffffff8c][0xffffff97][0xfffffff0][0xffffffad][2%L>2.[0xffffff81]dR[0xffffffc2][0xffffffe0]#[0xffffffe3][0x1][0xffffffce][0xffffffec][0xffffff94]0[0xfffffffe][0xffffffc8][0xffffffb8][0xffffff92]'[0xffffff9b][0x12]~[0x1f][0x19]Wj[0xffffffe5]R[0xffffffc2][0xffffffe5]#[0xffffffe3]Q[0xffffffbc][0x17]RB|d[0xfffffffc][0xffffff9e][0x12][0xffffffd8][0xffffffe7][0xffffffbc][\n]"
18:17:44.593 [TestNG-tests-1] DEBUG org.apache.hc.client5.http.wire - http-outgoing-3 << "[0xfffffffe][0xffffff91][0xfffffff1]b[0xfffffff0][0xffffff91][0xfffffff1]"[0xffffffbe][0xffffff84][0xffffff9b][0x8]8[0xfffffff6][0xffffff91][0xfffffff1][0x12][0xffffffbe]uK[0xffffffa6][0xffffff84][0xffffffc9]G[0xffffffc6]%[0xffffff90]LJ[0x18]|d<[0xffffffc0][0xffffff99][0xffffff9d][0x12][0xffffffc6][0x1f][0x19]W[0xfffffff2]dS[0xffffffc2][0xffffffef]#[0xffffffe3]J[0xffffffad]\J[0xffffffb8]|d<[0xffffff8a][0xfffffff7]BJ[0xffffffa8][0x9][0xffffff8e]Z'[0xfffffff6]V[0x2][0xffffff9f][0xffffffe0]([0x6][0x13][0x1c]E\3N[0x4][0x1c][0xffffff9b][0xffffffe0]([0xffffffe1]"1[0xffffff99][0x12]&[0x13][0x1c][0x12]H&%[0xc]&8[0x2]"
18:17:44.594 [TestNG-tests-1] DEBUG org.apache.hc.client5.http.wire - http-outgoing-3 << "[0xffffff9c][0xffffffd9])a<[0xffffffc1][0xffffffa1][0xffffffe4][0xffffffc9][0xffffffa6][0xffffff84][0xffffffdf][0x4][0xffffff87]R+[0xffffff97][0x12].[0x13][0x1c]Q[0xffffffbc][0x17]RB|[0x19][0xffffffb4][0xffffffd4]V[0xffffffa9]op[0x14][0xfffffffc][0xffffffcb][0xffffffa0][0xffffffc5][0xffffffe0][0xffffffcb][0xffffffa0]E|[0xffffffbe].[0x11]p[0xffffffec][0xffffffcb][0xffffffa0]%|[0xffffffa0][0xffffff8e]L[0x9][0xffffff93]/[0xffffff83]J [0xffffff99][0xffffff94]0[0xfffffff8]2h[0xffffff80]3;%[0xffffff8c][0xffffffbf][0xc][0xffffffaa][0xffffffe4][0xffffffc9][0xffffffa6][0xffffff84][0xffffffdf][0xffffff97]A[0xffffff95]Z[0xffffffb9][0xffffff94]p[0xfffffff9]2h[0x14][0xffffffef][0xffffff85][0xffffff94][0x10][0xffffff9f][0xfffffff3]*[0xffffffb5]/j[0xffffff82][0xffffffa3][0xffffffe0][0xffffff9f][0xfffffff3]*[0x6][0xffffff9f][0xfffffff3]*[0xffffffe2][0xffffff9b]3[0xffffff89][0xffffff80]c[0xffffff9f][0xfffffff3]*[0xffffffe1][0xffffffab]2dJ[0xffffff98]|[0xffffffce]K[0x2][0xffffffc9][0xffffffa4][0xffffff84][0xffffffc1][0xffffffe7][0xffffffbc][0x2][0xffffff9c][0xffffffd9])a[0xfffffffc]9/%O6%[0xfffffffc]>[0xffffffe7][0xffffffa5][0xffffffd4][0xffffffca][0xffffffa5][0xffffff84][0xffffffcb][0xffffffe7][0xffffffbc][0xffffffa2]x/[0xffffffa4][0xffffff84][0xfffffff8][0xffffff9c]Wi[0xffffffb7]N[0xffffffed][0xffffff95]([0xfffffff8][0xffffffe7][0xffffffbc][0xffffff8a][0xffffffc1][0xffffffe7][0xffffffbc][0xffffff8a][0xfffffff8][0xffffffe6]L"[0xffffffe0][0xffffffd8][0xffffffe7][0xffffffbc]J[0xfffffff8][0xffffffaa][0xc][0xffffff99][0x12]&[0xffffff9f][0xfffffff3][0xffffff92]@2)a[0xfffffff0]9[0xffffffaf][0x0]gvJ[0x18][0x7f][0xffffffce]K[0xffffffc9][0xffffff93]M[0x9][0xffffffbf][0xffffffcf]y)[0xffffffb5]r)[0xffffffe1][0xfffffff2]9[0xffffffaf]([0xffffffde][0xb])!>[0xffffffe7]UZ9[0x1b][0xffffff95][0x12][0xfffffff8][0xffffffe7][0xffffffbc][0xffffff8a][0xffffffc1][0xffffffe7][0xffffffbc][0xffffff8a][0xfffffff8][0xffffffe6]L"[0xffffffe0][0xffffffd8][0xffffffe7][0xffffffbc]J[0xfffffff8][0xffffffaa][0xc][0xffffff99][0x12]&[0xffffff9f][0xfffffff3][0xffffff92]@2)a[0xfffffff0]9[0xffffffaf][0x0]gvJ[0x18][0x7f][0xffffffce]K[0xffffffc9][0xffffff93]M[0x9][0xffffffbf][0xffffffcf]y)[0xffffffb5]r)[0xffffffe1][0xfffffff2]9[0xffffffaf]([0xffffffde]K)[0x11][0xffffffb7]][0xffffffb2])[0x1]o[0xffffffbb]|[0xffffff9c][0xffffff80]O[0x9]p[0xffffffdb][0xffffffe5][0xffffffe3][0xffffffe9]TJ[0xfffffff8]l[0xffffffbb][0x14](R)a[0xffffffb2][0xffffffed]R`I[0xffffffa4][0x4][0xffffffba][0xffffffed]2 [0xffffffea][0xffffff95][0x12]^[0xffffffdb].[0xffffffb5]K[0xffffffe9][0xffffff94][0xfffffff0][0xffffffd9]v[0x19]M[0xffffffcb][0xffffffa5][0xffffffc4]Oo[0xffffffbb],j[0xffffffdb]e;o[0xffffffd4][0xffffff97]A[0xb][0xffffffbe][0xffffffed][0xffffffb2][0x18]l[0xffffffbb],b%["[0xffffffe0][0xffffffd8][0xffffffb6][0xffffffcb][0x12][0xffffff96][0xffffffae][0xffffff91])a[0xffffffb2][0xffffffed]R[0x2][0xffffffc9][0xffffffa4][0xffffff84][0xffffffc1][0xffffffb6][0xffffffcb][0x0]gvJ[0x18]o[0xffffffbb]T[0xfffffff2]dS[0xffffffc2]o[0xffffffdb][0xffffffa5]R+[0xffffff97][0x12].[0xffffffdb].[0xffffffa3]x_O[0xffffff89][0xffffffaa][0xffffffb6]]6n[0xffffffdb]e[0xffffffc5][0xffffffb7]]V[0xffffff83]m[0xffffff97]U[0xffffffac]d[0xffffffcb][0x3][0xffffffbc]b[0xffffffdb].kX[0xffffffba][0x6][0xffffffa6][0xffffff84]@[0x11]I[0x9][0x9]$[0xffffff92][0x12][0x2][0xffffffcb][0xfffffff4][0xffffff94][0x8]p&[0xffffffa7]D@[0xffffffd4](%[0xffffff94]<[0xffffffd1][0xffffff94][0xffffffd0].ESB[0xffffffa9][0x15]K[0xffffff89]hZ(%[0xffffffa2]x/[0xffffffa4][0xffffff84]ZQ[0xffffffd5][0xffffffe7][0xffffffa0][0xffffff86]A+[0xffffffbe][0xffffffa2][0xffffffaa][0x1a][0xffffffac][0xffffffa8][0xffffffaa]b[0xffffff8f]J"[0xffffffe0][0xffffffd8][0xffffff8a][0xffffffaa][0x1a]6[0xffffffa5][0xffffff90])a[0xffffffb2][0xffffffa2]J[0x2][0xffffffc9][0xffffffa4][0xffffff84][0xffffffc1][0xffffff8a][0xffffffaa][0x0]gvJ[0x18][0xffffffaf][0xffffffa8]R[0xfffffff2]dS[0xffffffc2]oE[0xffffff95]R+[0xffffff97][0x12].+[0xffffffaa][0xffffffa2]x/[0xffffffa4][0xffffff84]ZQ5n'[0xfffffff6]V[0x2]_QU[\r]VTU[0xffffffb1]G%[0x11]plEU[\r][0xffffff9b]R[0xffffffc8][0xffffff94]0YQ%[0xffffff81]dR[0xffffffc2]`EU[0xffffff80]3;%[0xffffff8c]WT)y[0xffffffb2])[0xffffffe1][0xffffffb7][0xffffffa2]J[0xffffffa9][0xffffff95]K[0x9][0xffffff97][0x15]UQ[0xffffffbc][0x17]RB[0xffffffed][0xffffff95][0x18][0x1d][QU[0xfffffff1][0xffffffbd][0x12][0xffffffd5]`[0xffffffaf]D[0x15][0xffffffc3][0xffffffcf][0xffffff89][0xffffff80]c{%j[0x18]o&S[0xffffffc2]d[0xffffffaf][0xffffff84][0x4][0xffffff92]I[0x9][0xffffff83][0xffffffbd][0x12][0x1][0xffffffce][0xffffffec][0xffffff94]0[0xffffffde]+[0xffffffa1][0xffffffe4][0xffffffc9][0xffffffa6][0xffffff84][0xffffffdf]^[0x9][0xffffffa5]V.%\[0xfffffff6]JD[0xfffffff1]^H[0x9][0xffffffb5]Wb[0xffffff8c][0xffffffd6][0xffffffa8][0xffffff94][0xffffffc0][0xfffffff7]JT[0xffffff83][0xffffffbd][0x12]U[0xc]?'[0x2][0xffffff8e][0xffffffed][0xffffff95][0xffffffa8]a[0xffffffbc][0xffffff99]L[0x9][0xffffff93][0xffffffbd][0x12][0x12]H&%[0xc][0xfffffff6]J[0x4]8[0xffffffb3]S[0xffffffc2]x[0xffffffaf][0xffffff84][0xffffff92]'[0xffffff9b][0x12]~{%[0xffffff94]Z[0xffffffb9][0xffffff94]p[0xffffffd9]+[0x11][0xffffffc5]{!%[0xffffffd4][0x4][0xffffffc7]yL[0xffffffea]s^[0x15][0xffffff9f][0xffffffe0][0xffffffa8][0x6][0x13][0x1c]U\3N[0x4][0x1c][0xffffff9b][0xffffffe0][0xffffffa8][0xffffffe1]"1[0xffffff99][0x12]&[0x13][0x1c][0x12]H&%[0xc]&8[0x2][0xffffff9c][0xffffffd9])a<[0xffffffc1][0xffffffa1][0xffffffe4][0xffffffc9][0xffffffa6][0xffffff84][0xffffffdf][0x4][0xffffff87]R+[0xffffff97][0x12].[0x13][0x1c]Q[0xffffffbc][0xffffffaf][0xffffffa7]DS[0x13][0x1c]g[0xffffffed][0x3]J[0xffffff89][0xffffff86]Op4[0xffffff83][0x9][0xffffff8e]&[0xffffffae][0x19][0xffffffe7][0x1][0xffffffde][0xffffffb0][0x9][0xffffff8e][0x16].[0x12][0xffffff83])!PDRB[0x2][0xffffff89][0xffffffa4][0xffffff84][0xffffffc0]2=%[0x2][0xffffff9c][0xffffffc9])[0x11][0x10]5J[0x9]%O4%[0xffffffb4]K[0xffffffd1][0xffffff94]Pj[0xffffffc5]R"[0xffffff9a][0x16]J[0xffffff89]([0xffffffde][0xb])q[0xffffffa8][0xffffff94]8;[0xfffffff5][\r][0xffffff8e][0xffffffb7][0xfffffff3][0xffffffc0])q[0x18][0xffffffa4][0xffffffc4][0x11]yO[0x4][0xfffffffc][0xffffffc0]R[0xffffffe2]pJ[0xffffff89][0xffffff88]"[0xffffff93][0x12][\n]"
18:17:44.595 [TestNG-tests-1] DEBUG org.apache.hc.client5.http.wire - http-outgoing-3 << "H&%"[0xffffff96][0xfffffff9])[0xffffffb1][0xffffffc3][0xffffff99][0xffffff9d][0x12];[0xffffffa2]N)![0xffffffe4][0xffffffc9][0xffffffa6][0xffffff84]t)[0xffffff9b][0x12]B[0xffffffad]\J[0x4][0xffffffd3]R)[0x11][0xffffffc4]{!%[0xffffff8a]J[0xffffff89][0xffffffd5][0x17][0xffffff95][0x12][0x5]O[0xffffff89]b[0xffffff90][0x12]%[0xfffffff2][0xffffff9e][0x8]x[0xffffffc1]R[0xffffffa2]8[0xffffffa5]DD[0xffffff91]I[0x9][0x5]$[0xffffff93][0x12][0x11][0xffffffcb][0xfffffffc][0xffffff94][0xffffffd8][0xffffffe1][0xffffffcc]N[0xffffff89][0x1d]Q[0xffffffa7][0xffffff94][0x10][0xfffffff2]dSB[0xffffffba][0xffffff94]M[0x9][0xffffffa1]V.%[0xffffff82]i[0xffffffa9][0xffffff94][0x8][0xffffffe2][0xffffffbd][0xffffff90][0x12]j[0xffffffaf][0xffffffc4],[0xffffff9d][0x1a][0x6]m[0xfffffff8]^[0xffffff89]f[0xffffffb0]W[0xffffffa2][0xffffff89][0xffffffe1][0xffffffe7]D[0xffffffc0][0xffffffb1][0xffffffbd][0x12]-[0xffffff8c]7[0xffffff93])a[0xffffffb2]WB[0x2][0xffffffc9][0xffffffa4][0xffffff84][0xffffffc1]^[0xffffff89][0x0]gvJ[0x18][0xffffffef][0xffffff95]P[0xfffffff2]dS[0xffffffc2]o[0xffffffaf][0xffffff84]R+[0xffffff97][0x12].{%[0xffffffa2]x/[0xffffffa4][0xffffff84][0xffffffda]+1[[0xffffffa3][0x16]g7|[0xffffffaf]D3[0xffffffd8]+[0xffffffd1][0xffffffc4][0xfffffff0]s"[0xffffffe0][0xffffffd8]^[0xffffff89][0x16][0xffffffc6][0xffffff9b][0xffffffc9][0xffffff94]0[0xffffffd9]+![0xffffff81]dR[0xffffffc2]`[0xffffffaf]D[0xffffff80]3;%[0xffffff8c][0xfffffff7]J(y[0xffffffb2])[0xffffffe1][0xffffffb7]WB[0xffffffa9][0xffffff95]K[0x9][0xffffff97][0xffffffbd][0x12]Q[0xffffffbc][0x17]R[0xffffffa2][0xffffffab][0xffffff94][0x18][0x15]{+[0xffffffd1][0xfffffff1][0xffffff94][0xffffffe8][0x6])[0xffffffd1]#[0xffffffef][0xffffff89][0xffffff80]w,%[0xffffffba]SJD[0x14][0xffffff99][0xffffff94]P@2)[0x11][0xffffffb1][0xffffffcc]O[0xffffff89][0x1d][0xffffffce][0xffffffec][0xffffff94][0xffffffd8][0x11]uJ[0x9]!O6%[0xffffffa4]K[0xffffffd9][0xffffff94][0x10]j[0xffffffe5]R"[0xffffff98][0xffffff96]J[0xffffff89] [0xffffffde][0xb])[0xffffffa1]VT[0xffffffcd][0xfffffff3][0xffffffec]TJ[0xffffffe0]+[0xffffffaa][0xffffff9a][0xffffffc1][0xffffff8a][0xffffffaa]&[0xfffffff6][0xffffffa8]$[0x2][0xffffff8e][0xffffffad][0xffffffa8]jaS[\n]"
18:17:44.595 [TestNG-tests-1] DEBUG org.apache.hc.client5.http.wire - http-outgoing-3 << "[0xffffff99][0x12]&+[0xffffffaa]$[0xffffff90]LJ[0x18][0xffffffac][0xffffffa8][\n]"
18:17:44.595 [TestNG-tests-1] DEBUG org.apache.hc.client5.http.wire - http-outgoing-3 << "pf[0xffffffa7][0xffffff84][0xfffffff1][0xffffff8a]*%O6%[0xfffffffc]VT)[0xffffffb5]r)[0xffffffe1][0xffffffb2][0xffffffa2]*[0xffffff8a][0xfffffff7]BJ[0xffffffa8][0x15]Us[0x1d][0xffffffd8][[0x9]|EU3XQ[0xffffffd5][0xffffffc4][0x1e][0xffffff95]D[0xffffffc0][0xffffffb1][0x15]U-lJ!S[0xffffffc2]dE[0xffffff95][0x4][0xffffff92]I[0x9][0xffffff83][0x15]U[0x1][0xffffffce][0xffffffec][0xffffff94]0^Q[0xffffffa5][0xffffffe4][0xffffffc9][0xffffffa6][0xffffff84][0xffffffdf][0xffffff8a]*[0xffffffa5]V.%\VTE[0xfffffff1]^H[0xffffff89])S[0xffffffe2]qL$%&"
18:17:44.596 [TestNG-tests-1] DEBUG org.apache.hc.client5.http.wire - http-outgoing-3 << "[0xffffff9e][0x12][0xffffffd3] %f[0xffffffe4]=[0x11][0xfffffff0][0xffffff89][0xffffffa5][0xffffffc4]tJ[0xffffff89][0xffffff88]"[0xffffff93][0x12][\n]"
18:17:44.597 [TestNG-tests-1] DEBUG org.apache.hc.client5.http.wire - http-outgoing-3 << "H&%"[0xffffff96][0xfffffff9])[0xffffffb1][0xffffffc3][0xffffff99][0xffffff9d][0x12];[0xffffffa2]N)![0xffffffe4][0xffffffc9][0xffffffa6][0xffffff84]t)[0xffffff9b][0x12]B[0xffffffad]\J[0x4][0xffffffd3]R)[0x11][0xffffffc4][0xfffffffb]zJt[0xffffffb5][0xffffffa2]j[0xffffffdd][0xffffffce][0x1b][0xffffff94][0x12][0x1d]_Q[0xffffffd5][\r]VTu[0xffffffb1]G%[0xf][0xfffffff0][0xffffff8e][0xffffffad][0xffffffa8][0xffffffea]aS[\n]"
18:17:44.597 [TestNG-tests-1] DEBUG org.apache.hc.client5.http.wire - http-outgoing-3 << "[0xffffff98][0x12][0x2]E$%$[0xffffff90]HJ[0x8],[0xffffffd3]S"[0xffffffc0][0xffffff99][0xffffff9c][0x12][0x1]Q[0xffffffa3][0xffffff94]P[0xfffffff2]DSB[0xffffffbb][0x14]M[0x9][0xffffffa5]V,%[0xffffffa2]i[0xffffffa1][0xffffff94][0xffffff88][0xffffffe2][0xffffffbd][0xffffff90][0x12]j[0xffffffaf][0xffffffc4][0xffffffaa]7[0xffffffea]s^[0x1d][0xffffffdf]+[0xffffffd1][\r][0xfffffff6]Jt1[0xfffffffc][0xffffff9c][0x8]8[0xffffffb6]W[0xffffffa2][0xffffff87][0xfffffff1]f2%L[0xfffffff6]JH [0xffffff99][0xffffff94]0[0xffffffd8]+[0x11][0xffffffe0][0xffffffcc]N[0x9][0xffffffe3][0xffffffbd][0x12]J[0xffffff9e]lJ[0xfffffff8][0xffffffed][0xffffff95]Pj[0xffffffe5]R[0xffffffc2]e[0xffffffaf]D[0x14][0xffffffef][0xffffff85][0xffffff94]P[0xffffffc3][0xffffffa0]k[0xffffff9e][0xffffffd4]0h[0xffffffc7][0xffffff87]A[0xffffffbb][0xffffffc1]0h[0x17][0x13]K[0xffffff89][0xffffff80]c[0xffffffc3][0xffffffa0]=[0xffffffcc]$[0xffffff91])a2[0xc]*[0xffffff81]dR[0xffffffc2]`[0x18]4[0xffffffc0][0xffffff99][0xffffff9d][0x12][0xffffffc6][0xffffffc3][0xffffffa0]J[0xffffff9e]lJ[0xfffffff8][\r][0xffffff83]*[0xffffffb5]r)[0xffffffe1]2[0xc][0x1a][0xffffffc5]{!%[0xffffffc4][0x4]G[0xffffffbd][0xfffffff5][0x1b][0xffffff96][0x12][0xfffffff8][0x4]G7[0xffffff98][0xffffffe0][0xffffffe8][0xffffffe2][0xffffff9a]q"[0xffffffe0][0xffffffd8][0x4]G[0xf][0x17][0xffffff89][0xffffffc9][0xffffff94]0[0xffffff99][0xffffffe0][0xffffff90]@2)a0[0xffffffc1][0x11][0xffffffe0][0xffffffcc]N[0x9][0xffffffe3][0x9][0xe]%O6%[0xfffffffc]&8[0xffffff94]Z[0xffffffb9][0xffffff94]p[0xffffff99][0xffffffe0][0xffffff88][0xffffffe2][0xffffffbd][0xffffff94][0x12][0xffffffc5],%[\n]"
18:17:44.597 [TestNG-tests-1] DEBUG org.apache.hc.client5.http.wire - http-outgoing-3 << "[0xffffff9e][0x12][0xffffffc5] %[\n]"
18:17:44.597 [TestNG-tests-1] DEBUG org.apache.hc.client5.http.wire - http-outgoing-3 << "[0xffffff9a][0x12][0x5]K[0xffffff89][0xffffffe2][0xffffff94][0x12];[0xffffff8a]TJD [0xffffffa9][0xffffff94][0xffffffd8][0xffffffb1]$R[0xffffffa2][0xffffffc0])Q[0xffffff8c]S"[0xffffffc8][0xffffff93]N[0x9][0xffffffe1]R:%[0xffffff82]Z[0xffffffc9][0xffffff94](.)Q~6%[0xffffff86]z+Q[0xffffffc6][0xffffffa2][0xfffffff6]J[0xc][0xfffffffc][0xffffffad][0xffffffc4]0x+1D:[0xffffffe7][0x1]>[0xffffffb0][0xffffffb7][0x12]#[0xffffffc4]1[0xffffff98][0x12][0x2]E$%$[0xffffff90]HJ[0x8],[0xffffffd3]S"[0xffffffc0][0xffffff99][0xffffff9c][0x12][0x1]Q[0xffffffa3][0xffffff94]P[0xfffffff2]DSB[0xffffffbb][0x14]M[0x9][0xffffffa5]V,%[0xffffffa2]i[0xffffffa1][0xffffff94][0xffffff88][0xffffffe2][0xffffffbd][0xffffff90][0x12]b[0xffffffaf]D[0xffffffad][0x7]v[0xffffffed]r[0xffffffe0]{%[0xffffff86][0xffffffc1]^[0xffffff89]![0xffffff86][0xffffff9f][0x13][0x1][0xffffffc7][0xfffffff6]J[0xffffff8c]0[0xffffffde]L[0xffffffa6][0xffffff84][0xffffffc9]^[0x9][0x9]$[0xffffff93][0x12][0x6]{%[0x2][0xffffff9c][0xffffffd9])a[0xffffffbc]WB[0xffffffc9][0xffffff93]M[0x9][0xffffffbf][0xffffffbd][0x12]J[0xffffffad]\J[0xffffffb8][0xffffffec][0xffffff95][0xffffff88][0xffffffe2][0xffffffbd][0xffffff94][0x12][0xfffffff1][0x7][0xe]6%[0xffffffe0][0x1f]8[0x1e]'[0xffffffe0]S[0x2][0xfffffffc][0xffffff81][0xffffffe3][0xfffffff1]t*%|~[0xffffffe0][0x10](R)a[0xfffffff2][0x3][0xffffff87][0xffffffc0][0xffffff92]H[0x9][0xfffffff4][0x7][0xffffff8e][0xffffff80][0xffffffa8]WJx[0xfffffffd][0xffffffc0][0xffffffa1]]J[0xffffffa7][0xffffff84][0xffffffcf][0xf][0x1c][0xffffffd1][0xffffffb4]\J[0xfffffffc][0xfffffffc][0xf][0x1c][0xffffffe7]/[0xffffffd3],%&[0xffffff9e][0x12][0xffffffd3] %&[0xffffff9a][0x12][0x13]K[0xffffff89][0xffffffe9][0xffffff94][0x12];[0xffffff8a]TJD [0xffffffa9][0xffffff94][0xffffffd8][0xffffffb1]$Rb[0xffffffc2])1[0xffffff8d]S"[0xffffffc8][0xffffff93]N[0x9][0xffffffe1]R:%[0xffffff82]Z[0xffffffc9][0xffffff94][0xffffff98].)1[0xffffffff][0xe])q[0xc][0xffffffb3][0xffffff96]8[0x6][0x1e][0x13][0xfffffff7]#[0xfffffff0]5[0xfffffff1]q[0x8]*'[0xffffffee][0xffffff8f][0xffffffa7]z[0xffffffe2][0xfffffffd][0xffffffd1].A[0x11]x[0xffffffa4][0xffffff8a]BPI%E`[0xffffff93]h[0xffffff8a][0xffffff8d][0xffffffd0][0xfffffffc][0xffffffa8][0xffffffd8]8[0xfffffff5][0xffffffaa][0xffffff8a][0xffffffa8]Q:+[0xffffff94]U[0xffffffe9][0xffffffae][0xffffff88][0xffffff92]%[0xffffffc3]bw.W[0x16][0xffffffbb][0xffffff82]/[0xffffffa5]E;[0xffffffcd][0xffffffd2][0xffffffa2][0xffffff9d]xZ[0xffffffdc][0xffffff8f][0xffffffc0][0xffffffa7][0xffffffc5][0xffffffc7]![0xffffffa8][0xffffffb4][0xffffffb8]?[0xffffff9e]J[0xffffff8b][0xfffffff7]G[0xffffffbb][0xffffffa4]E[0xffffffe0][0xffffff91]J[0xb]A%[0xffffff95][0x16][0xffffff81]M"-6B[0xfffffff3][0xffffffd3]b[0xffffffe3][0xffffffd4]+-[0xffffffa2]F[0xffffffe9][0xffffffb4]PV[0xffffffa5][0xffffffd3]"J[0xffffff96]L[0xffffff8b][0xffffffdd][0xffffffb9]\Z[0xffffffec][\n]"
18:17:44.597 [TestNG-tests-1] DEBUG org.apache.hc.client5.http.wire - http-outgoing-3 << "[0xffffffbe][0xffffff94][0x16][0xffffffdd]--:[0xffffff9f][0x16][0xffffffdd]!-:[0xffffff9b][0x16][0xffffff9d]K[0xffffff8b]n[0xffffff95][0x16][0xffffff81]G*-[0x4][0xffffff95]TZ[0x4]6[0xffffff89][0xffffffb4][0xffffffe8]tZt[0xffffffe7][0xffffffb4][0xffffff88][0x1a][0xffffffa5][0xffffffd3]BY[0xffffff95]N[0xffffff8b](Y2-v[0xffffffe7]ri[0xffffffb1]+[0xfffffff8]RZ[0xffffffcc]n[0xffffff96][0x16][0xffffffb3][0xffffffe3]iq?[0x2][0xffffff9f][0x16][0x1f][0xffffff87][0xffffffa0][0xffffffd2][0xffffffe2][0xfffffffe]x*-[0xffffffde][0x1f][0xffffffed][0xffffff92][0x16][0xffffff81]G*-[0x4][0xffffff95]TZ[0x4]6[0xffffff89][0xffffffb4][0xffffffd8][0x8][0xffffffcd]O[0xffffff8b][0xffffff8d]S[0xffffffaf][0xffffffb4][0xffffff88][0x1a][0xffffffa5][0xffffffd3]BY[0xffffff95]N[0xffffff8b](Y2-v[0xffffffe7]ri[0xffffffb1]+[0xfffffff8]RZ[0x1c][0xffffffb3][0xffffff99][0xffffffb5][0xffffffc5][0xfffffffd]Dx\[0xffffffbc][0xffffff9d][0xffffff81][0xffffffaf][0xffffff8b]o[0xffffffa7][0xffffffa0][0xfffffff2][0xffffffe2][0xffffffed][0xfffffff9]T_|<[0xffffffdb]%0"[0xffffff94]Ta(4[0xffffffa9][0xffffffc4][0xffffff88][0xffffff80][0x12][0xffffff8d][0xffffffb1]c[0xffffff9a][0x1f][0x19];[0xffffffac]^[0xffffff95]![0xffffff84]Jg[0xffffff86][0xfffffff4]+[0xffffffdd][0x19]B[0xffffffb7]dh[0x4][0xfffffffb]r[0xffffffa5][0x11]d[0xfffffffc]Jj[0xffffff94][0xfffffff7][0x7f][0xffffff8a][0xfffffff8][0xffffff88]y[0xffffffad]g[0xffffffad][0xffffffe9][0xffffffa1][0xfffffff1]y[0x1e]*3[0xffffffbe][0xffffff9c][0x0][0xffffff8b][0xffffff8c][0xffffffed][0xc][0xffffffc9][0xffffff89][0xfffffff1][0xffffffe5][0xffffffe9][0xffffffc9][0xffffff81][0xfffffff1][0xffffffeb]'[0xffffffc3]y[0xfffffff1][0x14][0xffffffc5][0xffffffe4][0xffffffb8][0xfffffff8][0x1][0xffffff90][0xffffffc9]i[0xfffffff1][0x14][0xffffffcb][0xffffffc4][0xffffffb0]x[0x2]gZV<A[0xffffffd4]"*[0xffffff9e][0xffffffcb][0x13]J[0xffffff8a][0x1f][0xffffffb9][0x14][\n]"
18:17:44.597 [TestNG-tests-1] DEBUG org.apache.hc.client5.http.wire - http-outgoing-3 << "[0xffffff8a][0xffffffe7]j[0x5]r[0xffffffe2][0xffffff99]i[0xffffffd3]c[0xffffffe2][0xffffff99]x/[0xffffffa4][0xffffffc4]R)[0xffffffb1][0xffffff8e][0xfffffffc][0xffffffc5][0xffffffdc][0xffffff9f][0xffffffe7][0xffffff81]Sb[0x19][0xffffffa4][0xffffffc4][0xffffff8a][0xffffffbc]'[0x2][0xffffffbe][0xffffffb0][0xffffff94]XN)[0x11]QdRB[0x1][0xffffffc9][0xffffffa4]D[0xffffffc4]2?%v8[0xffffffb3]SbG[0xffffffd4])%[0xffffff84]<[0xffffffd9][0xffffff94][0xffffff90].eSB[0xffffffa8][0xffffff95]K[0xffffff89]`Z*%[0xffffff82]x_O[0xffffff89][0xfffffff3]&R[0xffffffa2][0x1d][0xfffffff5][0x6][0xffffffa5][0xffffffc4][0xffffffdb]y[0xffffffd8][0xffffff94]x[0xffffff9c][0x0]N[0xffffff89][0xffffffef]g@R[0xffffffe2][0xfffffff1]t$%[0xffffffbe]=[0xffffffd9]"%[0x4][0xffffff8a]HJH [0xffffff91][0xffffff94][0x10]X[0xffffffa6][0xffffffa7]D[0xffffff80]39%[0x2][0xffffffa2]F)[0xffffffa1][0xffffffe4][0xffffff89][0xffffffa6][0xffffff84]v)[0xffffff9a][0x12]J[0xffffffad]XJD[0xffffffd3]B)[0x11][0xffffffc5]{)%[0xffffffaa]YJT<%[0xffffffaa]AJT4%*[0xffffff96][0x12][0xffffffd5])%v[0x14][0xffffffa9][0xffffff94][0xffffff88]@R)[0xffffffb1]cI[0xffffffa4]D[0xffffff85]S[0xffffffa2][0x1a][0xffffffa7]D[0xffffff90]'[0xffffff9d][0x12][0xffffffc2][0xffffffa5]tJ[0x4][0xffffffb5][0xffffff92])Q]R[0xffffffa2][0xfffffffe][0x1d]R"[0xe]|[0xffffffb0])[0xffffff81][0xffffffcd]{|9[0x1][0xffffff9f][0x12][0xffffffc8][0xffffffb4][0xffffffc7][0xffffff97][0xffffffa7]S)[0xffffffe1]0[0xffffffeb][0xfffffff1][0x14]E*%[0xfffffff0]I[0xffffff8f][0xffffffa7]X[0x12])[0x1][0xffffffcd]y<A[0xffffffd4]+%\[0xffffffa6]<~[0xffffffe4]R:%[0x1c]f<[0xffffff9e][0xffffff99][0xffffff96]K[0xffffff89][0xffffff9f][0xffffff98][0xfffffff0][0xfffffff8][0xfffffff8]g[0x1c][0xffffffea][0x7][0xffffff8e]v[0xffffffe6][0xffffffcf]w|[0xffffff9e][0x7]N[0xffffff89][0xffffffc3][0xffffffe0][0x7][0xffffff8e]#[0xffffffbe][0xffffff85]K[0x4][0xfffffffc][0xffffffc0]~[0xffffffe0]8[0xffffff9c]~[0xffffffe0][0xffffff88](2)[0xffffffa1][0xffffff80]dR"b[0xffffff99][0xffffff9f][0x12];[0xffffff9c][0xffffffd9])[0xffffffb1]"
18:17:44.597 [TestNG-tests-1] DEBUG org.apache.hc.client5.http.wire - http-outgoing-3 << "#[0xffffffea][0xffffff94][0x12]B[0xffffff9e]lJH[0xffffff97][0xffffffb2])![0xffffffd4][0xffffffca][0xffffffa5]D0-[0xffffff95][0x12]A[0xffffffbc][0x17]R[0xffffffa2][0xffffffa8][0xffffff94][0xffffff98][0x5]{+Q[0xfffffff0][0xffffff94]([0x6])Q"[0xffffffef][0xffffff89][0xffffff80][0x17],%[0xffffff8a]SJD[0x14][0xffffff99][0xffffff94]P@2)[0x11][0xffffffb1][0xffffffcc]O[0xffffff89][0x1d][0xffffffce][0xffffffec][0xffffff94][0xffffffd8][0x11]uJ[0x9]!O6%[0xffffffa4]K[0xffffffd9][0xffffff94][0x10]j[0xffffffe5]R"[0xffffff98][0xffffff96]J[0xffffff89] [0xffffffde][0xb])QeJ[0xffffff9c][0xffffff93]J[0xffffff89][0xffffff8a][0xffffffa7]D5H[0xffffff89][0x1a]yO[0x4][0xffffffbc]b)Q[0xffffff9d]R"[0xffffffa2][0xffffffc8][0xffffffa4][0xffffff84][0x2][0xffffff92]I[0xffffff89][0xffffff88]e~J[0xffffffec]pf[0xffffffa7][0xffffffc4][0xffffff8e][0xffffffa8]SJ[0x8]y[0xffffffb2])!][0xffffffca][0xffffffa6][0xffffff84]P+[0xffffff97][0x12][0xffffffc1][0xffffffb4]TJ[0x4][0xfffffff1]^H[0xffffff89]&R[0xffffffa2][0xffffffd7][0xffffffb1][0xffffffa8][0xffffff94]hxJ4[0xffffff83][0xffffff94]h[0xffffff91][0xfffffff7]D[0xffffffc0][0x1b][0xffffff96][0x12][0xffffffcd])%"[0xffffff8a]LJ( [0xffffff99][0xffffff94][0xffffff88]X[0xffffffe6][0xffffffa7][0xffffffc4][0xe]gvJ[0xffffffec][0xffffff88]:[0xffffffa5][0xffffff84][0xffffff90]'[0xffffff9b][0x12][0xffffffd2][0xffffffa5]lJ[0x8][0xffffffb5]r)[0x11]LK[0xffffffa5]D[0x10][0xffffffef][0xffffff85][0xffffff94][0xffffffe8]*%[0xffffffda]A[0xffffffad][0xffffffa8]z;[0xf][0xffffff9c][0x12][0xffffffdd] %z[0xffffffe4]=[0x11][0xfffffff0][0xffffff8e][0xffffffa5]DwJ[0xffffff89][0xffffff88]"[0xffffff93][0x12][\n]"
18:17:44.597 [TestNG-tests-1] DEBUG org.apache.hc.client5.http.wire - http-outgoing-3 << "H&%"[0xffffff96][0xfffffff9])[0xffffffb1][0xffffffc3][0xffffff99][0xffffff9d][0x12];[0xffffffa2]N)![0xffffffe4][0xffffffc9][0xffffffa6][0xffffff84]t)[0xffffff9b][0x12]B[0xffffffad]\J[0x4][0xffffffd3]R)[0x11][0xffffffc4]{!%[0xffffff86]L[0xffffff89]>[0xffffffa8][0xffffff94][0x18]xJ[0xc][0xffffff83][0xffffff94][0x18][0xffffff91][0xfffffff7]D[0xffffffc0][0x7][0xffffff96][0x12][0xffffffc3])%"[0xffffff8a]LJ( [0xffffff99][0xffffff94][0xffffff88]X[0xffffffe6][0xffffffa7][0xffffffc4][0xe]gvJ[0xffffffec][0xffffff88]:[0xffffffa5][0xffffff84][0xffffff90]'[0xffffff9b][0x12][0xffffffd2][0xffffffa5]lJ[0x8][0xffffffb5]r)[0x11]LK[0xffffffa5]D[0x10][0xffffffef][0xffffff85][0xffffff94]8eJ,[0xffffffec][0xffffffae][0xffffffc4][0xffffff89][0xffffffa7][0xffffffc4]i[0xffffff90][0x12]g[0xffffffe4]=[0x11][0xfffffff0][0x13]K[0xffffff89][0xffffffd3])%"[0xffffff8a]LJ( [0xffffff99][0xffffff94][0xffffff88]X[0xffffffe6][0xffffffa7][0xffffffc4][0xe]gvJ[0xffffffec][0xffffff88]:[0xffffffa5][0xffffff84][0xffffff90]'[0xffffff9b][0x12][0xffffffd2][0xffffffa5]lJ[0x8][0xffffffb5]r)[0x11]LK[0xffffffa5]D[0x10][0xffffffef][0xffffff85][0xffffff94]P[0xffffffdf][0xffffffe0][0xffffffe8][0xffffffbd]cw%[0xfffffff0]op[0xffffff9c][0x6][0xffffffdf][0xffffffe0]8[0xffffffc5][0xffffffa2][0xfffffff8]D[0xffffffc0][0xffffffb1]op[0xffffff9c]a[0x15]<[0xffffff99][0x12]&[0xffffffdf][0xffffffe0][0xffffff90]@2)a[0xfffffff0][\r][0xffffff8e][0x0]gvJ[0x18][0x7f][0xffffff83]C[0xffffffc9][0xffffff93]M[0x9][0xffffffbf]op([0xffffffb5]r)[0xffffffe1][0xfffffff2][\r][0xffffff8e]([0xffffffde][0xb])[0xffffffa1][0xffffffbe][0xffffffc1][0xffffffd1][0xffffffcf][0x1b][0xfffffff6]V[0x2][0xffffffff][0x6][0xffffffc7]i[0xfffffff0][\r][0xffffff8e]S,[0xffffff8a]O[0x4][0x1c][0xfffffffb][0x6][0xffffffc7][0x19]V[0xffffffc1][0xffffff93])a[0xfffffff2][\r][0xe][0x9]$[0xffffff93][0x12][0x6][0xffffffdf][0xffffffe0][0x8]pf[0xffffffa7][0xffffff84][0xfffffff1]78[0xffffff94]<[0xffffffd9][0xffffff94][0xfffffff0][0xfffffffb][0x6][0xffffff87]R+[0xffffff97][0x12].[0xffffffdf][0xffffffe0][0xffffff88][0xffffffe2][0xffffffbd][0xffffff94][0x12][0xffffffc5],%[\n]"
18:17:44.597 [TestNG-tests-1] DEBUG org.apache.hc.client5.http.wire - http-outgoing-3 << "[0xffffff9e][0x12][0xffffffc5] %[\n]"
18:17:44.597 [TestNG-tests-1] DEBUG org.apache.hc.client5.http.wire - http-outgoing-3 << "[0xffffff9a][0x12][0x5]K[0xffffff89][0xffffffe2][0xffffff94][0x12];[0xffffff8a]TJD [0xffffffa9][0xffffff94][0xffffffd8][0xffffffb1]$R[0xffffffa2][0xffffffc0])Q[0xffffff8c]S"[0xffffffc8][0xffffff93]N[0x9][0xffffffe1]R:%[0xffffff82]Z[0xffffffc9][0xffffff94](.)Q~6%[0xffffffa6][0xfffffffa][0xffffff9c][0xffffffd7]8n[0xffffffd4][0xf][0x1c][0x13][0xffffffff][0xffffff9c][0xffffffd7]4[0xfffffff8][0xffffff9c][0xffffffd7][0x14][0xffffffdf][0xffffff9c][0xffffffc9][0x3]|b[0xffffff9f][0xfffffff3][0xffffff9a][0xffffffe1][0xffffffab]2`J[0x8][0x14][0xffffff91][0xffffff94][0xffffff90]@")![0xffffffb0]LO[0xffffff89][0x0]grJ[0x4]D[0xffffff8d]RB[0xffffffc9][0x13]M[0x9][0xffffffed]R4%[0xffffff94]Z[0xffffffb1][0xffffff94][0xffffff88][0xffffffa6][0xffffff85]R"[0xffffff8a][0xfffffff7]BJ[0xffffffa8][0xffffffc5][0xffffffd9][0xffffffa3]L[0xffffffea][0xffffffad][0xffffffc4][0xffffffc4][0x17]gO[0xffffff83][0xffffffc5][0xffffffd9]SlwM[0x4][0x1c][[0xffffff9c]=[0xffffffc3][0xfffffffe]V2%L[0x16]gK [0xffffff99][0xffffff94]0X[0xffffff9c][0x1d][0xffffffe0][0xffffffcc]N[0x9][0xffffffe3][0xffffffc5][0xffffffd9]J[0xffffff9e]lJ[0xfffffff8]-[0xffffffce]Vj[0xffffffe5]R[0xffffffc2]eqv[0x14][0xffffffef][0xffffff85][0xffffff94](*%[0xffffffce][0xffffff86][0xffffffa5]D[0xffffffc1]S[0xffffffa2][0x18][0xffffffa4]D[0xffffff89][0xffffffbc]'[0x2]^[0xffffffb0][0xffffff94](N)[0x11]QdRB[0x1][0xffffffc9][0xffffffa4]D[0xffffffc4]2?%v8[0xffffffb3]SbG[0xffffffd4])%[0xffffff84]<[0xffffffd9][0xffffff94][0xffffff90].eSB[0xffffffa8][0xffffff95]K[0xffffff89]`Z*%[0xffffff82]x/[0xffffffa4][0xffffff84]Z[0xffffff9c]=[0xffffffd6][0xffffff81][0xffffffa5][0x4][0xffffffbe]8{[0x1a],[0xffffffce][0xffffff9e]b[0xffffffbb]k"[0xffffffe0][0xffffffd8][0xffffffe2][0xffffffec][0x19][0xfffffff6][0xffffffb7][0xffffff92])a[0xffffffb2]8[[0x2][0xffffffc9][0xffffffa4][0xffffff84][0xffffffc1][0xffffffe2][0xffffffec][0x0]gvJ[0x18]/[0xffffffce]V[0xfffffff2]dS[0xffffffc2]oq[0xffffffb6]R+[0xffffff97][0x12].[0xffffff8b][0xffffffb3][0xffffffa3]x/[0xffffffa4][0xffffff84]Z[0xffffff9c]}[0xffffffd6][[0xffffffa7]R[0x2]_[0xffffff9c]=[\r][0x16]gO[0xffffffb1][0xffffffdd]5[0x11]plq[0xfffffff6][0xc][0xfffffffb][[0xffffffc9][0xffffff94]0Y[0xffffff9c]-[0xffffff81]dR[0xffffffc2]`qv[0xffffff80]3;%[0xffffff8c][0x17]g+y[0xffffffb2])[0xffffffe1][0xffffffb7]8[[0xffffffa9][0xffffff95]K[0x9][0xffffff97][0xffffffc5][0xffffffd9]Q[0xffffffbc][0x17]RB-[0xffffffce]>[0xffffffdb][0xffffffc2][0xffffffae]][0xffffffe2][0xffffff8b][0xffffffb3][0xffffffa7][0xffffffc1][0xffffffe2][0xffffffec])[0xffffffb6][0xffffffbb]&[0x2][0xffffff8e]-[0xffffffce][0xffffff9e]a[0x7f]+[0xffffff99][0x12]&[0xffffff8b][0xffffffb3]%[0xffffff90]LJ[0x18],[0xffffffce][0xe]pf[0xffffffa7][0xffffff84][0xfffffff1][0xffffffe2]l%O6%[0xfffffffc][0x16]g+[0xffffffb5]r)[0xffffffe1][0xffffffb2]8;[0xffffff8a][0xfffffff7]BJ[0xffffffa8][0xffffffc5][0xffffffd9][0xffffffe7]\[0xffffffd4]G[0xffffffc6]'[0xffffffbe]8{[0x1a],[0xffffffce][0xffffff9e]b[0xffffffbb]k"[0xffffffe0][0xffffffd8][0xffffffe2][0xffffffec][0x19][0xfffffff6][0xffffffb7][0xffffff92])a[0xffffffb2]8[[0x2][0xffffffc9][0xffffffa4][0xffffff84][0xffffffc1][0xffffffe2][0xffffffec][0x0]gvJ[0x18]/[0xffffffce]V[0xfffffff2]dS[0xffffffc2]oq[0xffffffb6]R+[0xffffff97][0x12].[0xffffff8b][0xffffffb3][0xffffffa3]x/[0xffffffa4][0xffffff84]Z[0xffffff9c]=o[0xffffffd8]78&[0xffffffbe]8{[0x1a],[0xffffffce][0xffffff9e]b[0xffffffbb]k"[0xffffffe0][0xffffffd8][0xffffffe2][0xffffffec][0x19][0xfffffff6][0xffffffb7][0xffffff92])a[0xffffffb2]8[[0x2][0xffffffc9][0xffffffa4][0xffffff84][0xffffffc1][0xffffffe2][0xffffffec][0x0]gvJ[0x18]/[0xffffffce]V[0xfffffff2]dS[0xffffffc2]oq[0xffffffb6]R+[0xffffff97][0x12].[0xffffff8b][0xffffffb3][0xffffffa3]x/[0xffffffa4][0xffffff84]Z[0xffffff9c]=+[0xffffffb6]8{[0xffffffe2][0xffffff8b][0xffffffb3][0xffffffa7][0xffffffc1][0xffffffe2][0xffffffec])[0xffffffb6][0xffffffbb]&[0x2][0xffffff8e]-[0xffffffce][0xffffff9e]a[0x7f]+[0xffffff99][0x12]&[0xffffff8b][0xffffffb3]%[0xffffff90]LJ[0x18],[0xffffffce][0xe]pf[0xffffffa7][0xffffff84][0xfffffff1][0xffffffe2]l%O6%[0xfffffffc][0x16]g+[0xffffffb5]r)[0xffffffe1][0xffffffb2]8;[0xffffff8a][0xfffffff7]BJ[0xffffffa8][0xffffffc5][0xffffffd9][0xffffff93][0xfffffffb][0xffffffc8][0xfffffff8][0xffffffc4][0x17]gO[0xffffff83][0xffffffc5][0xffffffd9]SlwM[0x4][0x1c][[0xffffff9c]=[0xffffffc3][0xfffffffe]V2%L[0x16]gK [0xffffff99][0xffffff94]0X[0xffffff9c][0x1d][0xffffffe0][0xffffffcc]N[0x9][0xffffffe3][0xffffffc5][0xffffffd9]J[0xffffff9e]lJ[0xfffffff8]-[0xffffffce]Vj[0xffffffe5]R[0xffffffc2]eqv[0x14][0xffffffef][0xffffffeb])[0xffffffb1][0xffffffd4][0xffffffb6][0xffffffcb][0xffffffd9]*[0xfffffff5]Vb[0xffffffe1][0xffffffdb].[0xffffff97][0xffffffc1][0xffffffb6][0xffffffcb]%V[0xffffffb2][0xffffffe5][0x1][0xffffffbe][0xffffffb0]m[0xffffff97]+,][0x3]SB[0xffffffa0][0xffffff88][0xffffffa4][0xffffff84][0x4][0x12]I[0x9][0xffffff81]ezJ[0x4]8[0xffffff93]S" j[0xffffff94][0x12]J[0xffffff9e]hJh[0xffffff97][0xffffffa2])[0xffffffa1][0xffffffd4][0xffffff8a][0xffffffa5]D4-[0xffffff94][0x12]Q[0xffffffbc][0x17]R[0xffffffa2][0xffffffc8][0xffffff94]X[0x7][0xffffff95][0x12][0x5]O[0xffffff89]b[0xffffff90][0x12]%[0xfffffff2][0xffffff9e][0x8]"
18:17:44.598 [TestNG-tests-1] DEBUG org.apache.hc.client5.http.wire - http-outgoing-3 << "x[0xffffffc1]R[0xffffffa2]8[0xffffffa5]DD[0xffffff91]I[0x9][0x5]$[0xffffff93][0x12][0x11][0xffffffcb][0xfffffffc][0xffffff94][0xffffffd8][0xffffffe1][0xffffffcc]N[0xffffff89][0x1d]Q[0xffffffa7][0xffffff94][0x10][0xfffffff2]dSB[0xffffffba][0xffffff94]M[0x9][0xffffffa1]V.%[0xffffff82]i[0xffffffa9][0xffffff94][0x8][0xffffffe2][0xffffffbd][0xffffff90][0x12]jE[0xffffffd5][0xffffffec][0xffffff93][0xfffffffa][0xffffff81]c[0xffffffe1]+[0xffffffaa][0xffffff96][0xffffffc1][0xffffff8a][0xffffffaa]%[0xfffffff6][0xffffffa8]$[0x2][0xffffff8e][0xffffffad][0xffffffa8]ZaS[\n]"
18:17:44.598 [TestNG-tests-1] DEBUG org.apache.hc.client5.http.wire - http-outgoing-3 << "[0xffffff99][0x12]&+[0xffffffaa]$[0xffffff90]LJ[0x18][0xffffffac][0xffffffa8][\n]"
18:17:44.598 [TestNG-tests-1] DEBUG org.apache.hc.client5.http.wire - http-outgoing-3 << "pf[0xffffffa7][0xffffff84][0xfffffff1][0xffffff8a]*%O6%[0xfffffffc]VT)[0xffffffb5]r)[0xffffffe1][0xffffffb2][0xffffffa2]*[0xffffff8a][0xfffffff7]BJ[0xffffffa8][0x15]Us[0x1d][0xffffffd4][0x4][0xffffffc7][0xffffffc2]WT-[0xffffff83][0x15]UK[0xffffffec]QI[0x4][0x1c][Q[0xffffffb5][0xffffffc2][0xffffffa6][0x14]2%LVTI [0xffffff99][0xffffff94]0XQ[0x15][0xffffffe0][0xffffffcc]N[0x9][0xffffffe3][0x15]UJ[0xffffff9e]lJ[0xfffffff8][0xffffffad][0xffffffa8]Rj[0xffffffe5]R[0xffffffc2]eEU[0x14][0xffffffef][0xffffff85][0xffffff94]P+[0xffffffaa][0xffffffd6][0xffffff81]-[0xffffffce]^[0xfffffff8][0xffffff8a][0xffffffaa]e[0xffffffb0][0xffffffa2]j[0xffffff89]=*[0xffffff89][0xffffff80]c+[0xffffffaa]V[0xffffffd8][0xffffff94]B[0xffffffa6][0xffffff84][0xffffffc9][0xffffff8a]*[0x9]$[0xffffff93][0x12][0x6]+[0xffffffaa][0x2][0xffffff9c][0xffffffd9])a[0xffffffbc][0xffffffa2]J[0xffffffc9][0xffffff93]M[0x9][0xffffffbf][0x15]UJ[0xffffffad]\J[0xffffffb8][0xffffffac][0xffffffa8][0xffffff8a][0xffffffe2][0xffffffbd][0xffffff94][0x12][0xffffffc5],%[\n]"
18:17:44.598 [TestNG-tests-1] DEBUG org.apache.hc.client5.http.wire - http-outgoing-3 << "[0xffffff9e][0x12][0xffffffc5] %[\n]"
18:17:44.598 [TestNG-tests-1] DEBUG org.apache.hc.client5.http.wire - http-outgoing-3 << "[0xffffff9a][0x12][0x5]K[0xffffff89][0xffffffe2][0xffffff94][0x12];[0xffffff8a]TJD [0xffffffa9][0xffffff94][0xffffffd8][0xffffffb1]$R[0xffffffa2][0xffffffc0])Q[0xffffff8c]S"[0xffffffc8][0xffffff93]N[0x9][0xffffffe1]R:%[0xffffff82]Z[0xffffffc9][0xffffff94](.)Q~:%[0xffffffd4][0xffffffb6][0xffffffcb][0xffffffd5][0xffffff8f][0xffffff93]J[0x9]|[0xffffffdb][0xffffffe5]2[0xffffffd8]v[0xffffffb9][0xffffffc4]J[0xffffffb6]D[0xffffffc0][0xffffffb1]m[0xffffff97]+,]#S[0xffffffc2]d[0xffffffdb][0xffffffa5][0x4][0xffffff92]I[0x9][0xffffff83]m[0xffffff97][0x1][0xffffffce][0xffffffec][0xffffff94]0[0xffffffde]v[0xffffffa9][0xffffffe4][0xffffffc9][0xffffffa6][0xffffff84][0xffffffdf][0xffffffb6]K[0xffffffa5]V.%\[0xffffffb6]]F[0xfffffff1]^H[0x9][0xffffffb5][0xffffffed]r[0xffffff8d][0xffffff86]Mp[0xffffffe0][0xffffffdb].[0xffffff97][0xffffffc1][0xffffffb6][0xffffffcb]%V[0xffffffb2]%[0x2][0xffffff8e]m[0xffffffbb]\a[0xffffffe9][0x1a][0xffffff99][0x12]&[0xffffffdb].%[0xffffff90]LJ[0x18]l[0xffffffbb][0xc]pf[0xffffffa7][0xffffff84][0xfffffff1][0xffffffb6]K%O6%[0xfffffffc][0xffffffb6]]*[0xffffffb5]r)[0xffffffe1][0xffffffb2][0xffffffed]2[0xffffff8a][0xfffffff7]BJ[0xffffff88][0x15]U[0xffffffed]v[0xffffffdc][0x1a][0xffffff95][0x12][0xfffffff8][0xffffff8a][0xffffffaa]e[0xffffffb0][0xffffffa2]j[0xffffff89]=*[0xffffff89][0xffffff80]c+[0xffffffaa]V[0xffffffd8][0xffffff94]B[0xffffffa6][0xffffff84][0xffffffc9][0xffffff8a]*[0x9]$[0xffffff93][0x12][0x6]+[0xffffffaa][0x2][0xffffff9c][0xffffffd9])a[0xffffffbc][0xffffffa2]J[0xffffffc9][0xffffff93]M[0x9][0xffffffbf][0x15]UJ[0xffffffad]\J[0xffffffb8][0xffffffac][0xffffffa8][0xffffff8a][0xffffffe2]}9%[0xffffffca]M[0xffffffac][0xffffffa8]j[0xffffffb7]V[0xffffffa0][0x1f]8[0x1e][0xffffffe7]AS[0xffffffe2][0xfffffffd][0x4]lJ|[0xffffff9e][0xffffff81]H[0xffffff89][0xfffffff7][0xffffffa7][0x13])[0xfffffff1][0xfffffffd][0xffffffc9][0xe])[0xffffffa1]P$RB[0x3]I[0xffffffa4][0xffffff84][0xffffffc2]2;%"[0xffffff9c][0xffffffb9])[0x11][0x11][0xfffffff5]I[0x9])O2%[0xffffff9e][0xffffffb8][0xffffff94]L[0x9][0xffffffa9]V*%[0xffffff84]i[0xffffff99][0xffffff94][0x10][0xffffffe2][0xffffffbd][0xffffff90][0x12][0xffffff87]J[0xffffff89]>[0xffffffa0][0x1f]8[0x1e][0xffffffe7][0xffffff81]S[0xffffffe2]0H[0xffffff89]#[0xfffffff2][0xffffff9e][0x8][0xfffffff8][0xffffff81][0xffffffa5][0xffffffc4][0xffffffe1][0xffffff94][0x12][0x11]E&%[0x14][0xffffff90]LJD,[0xfffffff3]Sb[0xffffff87]3;%vD[0xffffff9d]RB[0xffffffc8][0xffffff93]M[0x9][0xffffffe9]R6%[0xffffff84]Z[0xffffffb9][0xffffff94][0x8][0xffffffa6][0xffffffa5]R"[0xffffff88][0xfffffff7]BJ[0x14][0xffffff95][0x12][0xffffffa3]C+[0xffffffaa][0x1e][0xffffffe7][0xffffff81]S[0xffffffa2][0x18][0xffffffa4]D[0xffffff89][0xffffffbc]'[0x2]^[0xffffffb0][0xffffff94](N)[0x11]QdRB[0x1][0xffffffc9][0xffffffa4]D[0xffffffc4]2?%v8[0xffffffb3]SbG[0xffffffd4])%[0xffffff84]<[0xffffffd9][0xffffff94][0xffffff90].eSB[0xffffffa8][0xffffff95]K[0xffffff89]`Z*%[0xffffff82]x/[0xffffffa4][0xffffff84][0xffffffd8]v[0xffffffd9]n[0xffffffe7][0xffffffed]F[0xffffffa5][0x4][0xffffffbd][0xffffffed][0xfffffff2][0xfffffffd][0x4]tJ[0xffffff90][0xffffffdb].[0xffffffdf][0xffffff9f][0xffffffce][0xffffffa4][0xffffff84][0xffffffd1][0xffffffb6]K[0xffffff85]"[0xffffff93][0x12].[0xffffffdb].[0x15][0xffffff96][0xfffffff9])[0xffffffc1]n[0xffffffbb][0xffffff8c][0xffffff88]:[0xffffffa5][0xffffff84][0xffffffd9][0xffffffb6][0xffffffcb]'.eS[0xffffffc2]h[0xffffffdb][0xffffffa5]0-[0xffffff95][0x12]?[0xffffffbf][0xffffffed][0xffffffb2][0xffffffdc][0xffffffc4][0xffffffb6][0xffffffcb]{JP[0x13][0x1c][0xffffff8f][0xfffffff3][0xffffffc0])[0xffffffc1]o[0xffffffbb][0xfffffffc]<[0x3][0xffffff93][0x12][0xffffffd4][0xffffffb6][0xffffffcb][0xffffffef]O[0xfffffff6]H[0x9][0xffffff8f]m[0xffffff97][0x1a]H&%[0xfffffff8]m[0xffffff97][0x11][0xffffffce][0xffffffec][0xffffff94][0xfffffff0][0xffffffdd]v)[0xffffffe5][0xffffffc9][0xffffffa6][0xffffff84][0xffffffdd][0xffffffb6]K[0xffffffa9]V.%L[0xffffffb6]][\n]"
18:17:44.598 [TestNG-tests-1] DEBUG org.apache.hc.client5.http.wire - http-outgoing-3 << "[0xfffffff1]^H[0x9][0xffffffb1]W[0xffffffa2][0xffffffdd]f[0xffffffc5]~[0xffffffe0][0xffffffa0][0xfffffff7]J[0xffffffbc][0xffffff9f][0xffffff80]N[0x9]r[0xffffffaf][0xffffffc4][0xfffffffb][0xffffffd3][0xffffff99][0xffffff94]0[0xffffffda]+[0xffffffa1]PdR[0xffffffc2]e[0xffffffaf][0xffffff84][0xffffffc2]2?%[0xffffffd8][0xffffffbd][0x12][0x11]Q[0xffffffa7][0xffffff94]0[0xffffffdb]+[0xfffffff1][0xffffffc4][0xffffffa5]lJ[0x18][0xffffffed][0xffffff95][0x10][0xffffffa6][0xffffffa5]R[0xffffffe2][0xffffffe7][0xfffffff7]J[0xffffff94][0xffffff9b][0xffffffd8]+qO[0xffffff89][0x9]}d[0xfffffffc]q[0x1e]8%[0xfffffff8][0xffffffbd][0x12][0xffffff9f]g`R[0xffffff82][0xffffffda]+[0xfffffff1][0xfffffffd][0xffffffc9][0x1e])[0xffffffe1][0xffffffb1]WB[0x3][0xffffffc9][0xffffffa4][0x4][0xffffffbf]W"[0xffffffc2][0xffffff99][0xffffff9d][0x12][0xffffffbe]{%[0xffffffa4]<[0xffffffd9][0xffffff94][0xffffffb0][0xffffffdb]+![0xffffffd5][0xffffffca][0xffffffa5][0xffffff84][0xffffffc9]^[0x9]![0xffffffde][0xb])1UJ[0xffffffac][0xffffff86][0xffffffdd][0xffffff95][0xffffff98]xJL[0xffffff83][0xffffff94][0xffffff98][0xffffff91][0xfffffff7]D[0xffffffc0]'[0xffffff96][0x12][0xffffffd3])%"[0xffffff8a]LJ( [0xffffff99][0xffffff94][0xffffff88]X[0xffffffe6][0xffffffa7][0xffffffc4][0xe]gvJ[0xffffffec][0xffffff88]:[0xffffffa5][0xffffff84][0xffffff90]'[0xffffff9b][0x12][0xffffffd2][0xffffffa5]lJ[0x8][0xffffffb5]r)[0x11]LK[0xffffffa5]D[0x10][0xffffffef][0xffffff85][0xffffff94][0xffffff90]+[0xffffffaa][0xffffffd6]jTJ[0xffffffd0]+[0xffffffaa][0xffffffde]O@[0xffffffa7][0x4][0xffffffb9][0xffffffa2][0xffffffea][0xfffffffd][0xffffffe9]LJ[0x18][0xffffffad][0xffffffa8]R(2)[0xffffffe1][0xffffffb2][0xffffffa2]Ja[0xffffff99][0xffffff9f][0x12][0xffffffec][0xffffff8a][0xffffffaa][0xffffff88][0xffffffa8]SJ[0xffffff98][0xffffffad][0xffffffa8]z[0xffffffe2]R6%[0xffffff8c]VT[0x9][0xffffffd3]R)[0xfffffff1]wXQu[0xffffffa8][0x15]U[0xffffffc7][\r][0xfffffffb][0xffffff81][0xffffffe3][0xffffffc0]WT[0x1d][0x6]+[0xffffffaa][0xe][0xffffffb1]G%[0xf][0xfffffff0][0x3][Qu[0xffffff84]M)`J[0x8][0x14][0xffffff91][0xffffff94][0xffffff90]@")![0xffffffb0]LO[0xffffff89][0x0]grJ[0x4]D[0xffffff8d]RB[0xffffffc9][0x13]M[0x9][0xffffffed]R4%[0xffffff94]Z[0xffffffb1][0xffffff94][0xffffff88][0xffffffa6][0xffffff85]R"[0xffffff8a][0xfffffff7]BJ[0xffffffa8][0x15]U[0xffffffc7][0xffffff81][0xffffffed][0xffffff95]8[0xfffffff0][0x15]U[0xffffff87][0xffffffc1][0xffffff8a][0xffffffaa]C[0xffffffec]QI[0x4][0x1c][Qu[0xffffff84]M)dJ[0xffffff98][0xffffffac][0xffffffa8][0xffffff92]@2)a[0xffffffb0][0xffffffa2]*[0xffffffc0][0xffffff99][0xffffff9d][0x12][0xffffffc6]+[0xffffffaa][0xffffff94]<[0xffffffd9][0xffffff94][0xfffffff0][Q[0xffffffa5][0xffffffd4][0xffffffca][0xffffffa5][0xffffff84][0xffffffcb][0xffffff8a][0xffffffaa]([0xffffffde][0xb])QTJ[0xffffff94]E[0xffffffdd][0xffffff95]x;[0xf][0xffffff9c][0x12][0xffffffc5] %J[0xffffffe4]=[0x11][0xfffffff0][0xffffff82][0xffffffa5]DqJ[0xffffff89][0xffffff88]"[0xffffff93][0x12][\n]"
18:17:44.598 [TestNG-tests-1] DEBUG org.apache.hc.client5.http.wire - http-outgoing-3 << "H&%"[0xffffff96][0xfffffff9])[0xffffffb1][0xffffffc3][0xffffff99][0xffffff9d][0x12];[0xffffffa2]N)![0xffffffe4][0xffffffc9][0xffffffa6][0xffffff84]t)[0xffffff9b][0x12]B[0xffffffad]\J[0x4][0xffffffd3]R)[0x11][0xffffffc4]{!%[0xffffffd4]^[0xffffff89][0xffffffa3]U[0xffffffea][0x1b][0x1c][0x7][0xffffffbe]W[0xffffffe2]0[0xffffffd8]+q[0xffffff88][0xffffffe1][0xffffffe7]D[0xffffffc0][0xffffffb1][0xffffffbd][0x12]G[0x18]o&S[0xffffffc2]d[0xffffffaf][0xffffff84][0x4][0xffffff92]I[0x9][0xffffff83][0xffffffbd][0x12][0x1][0xffffffce][0xffffffec][0xffffff94]0[0xffffffde]+[0xffffffa1][0xffffffe4][0xffffffc9][0xffffffa6][0xffffff84][0xffffffdf]^[0x9][0xffffffa5]V.%\"
18:17:44.599 [TestNG-tests-1] DEBUG org.apache.hc.client5.http.wire - http-outgoing-3 << "[0xfffffff6]JD[0xfffffff1]^H[0xffffff89][0xffffffae]R[0xffffffa2][0xffffffdf][0xffffffb0][0xffffffbb][0x12][0x1d]O[0xffffff89]n[0xffffff90][0x12]=[0xfffffff2][0xffffff9e][0x8]x[0xffffffc7]R[0xffffffa2];[0xffffffa5]DD[0xffffff91]I[0x9][0x5]$[0xffffff93][0x12][0x11][0xffffffcb][0xfffffffc][0xffffff94][0xffffffd8][0xffffffe1][0xffffffcc]N[0xffffff89][0x1d]Q[0xffffffa7][0xffffff94][0x10][0xfffffff2]dSB[0xffffffba][0xffffff94]M[0x9][0xffffffa1]V.%[0xffffff82]i[0xffffffa9][0xffffff94][0x8][0xffffffe2][0xffffffbd][0xffffff90][0x12]jE[0xffffffd5][0xffffffd1][0xffffffc7][0xffffffa0]R[0x2]_Qu[0x18][0xffffffac][0xffffffa8]:[0xffffffc4][0x1e][0xffffff95]D[0xffffffc0][0xffffffb1][0x15]UG[0xffffffd8][0xffffff94]B[0xffffffa6][0xffffff84][0xffffffc9][0xffffff8a]*[0x9]$[0xffffff93][0x12][0x6]+[0xffffffaa][0x2][0xffffff9c][0xffffffd9])a[0xffffffbc][0xffffffa2]J[0xffffffc9][0xffffff93]M[0x9][0xffffffbf][0x15]UJ[0xffffffad]\J[0xffffffb8][0xffffffac][0xffffffa8][0xffffff8a][0xffffffe2][0xffffffbd][0xffffff90][0x12]jE[0xffffffd5][0xffffffd1]W[0xffffffa1]R[0x2]_Qu[0x18][0xffffffac][0xffffffa8]:[0xffffffc4][0x1e][0xffffff95]D[0xffffffc0][0xffffffb1][0x15]UG[0xffffffd8][0xffffff94]B[0xffffffa6][0xffffff84][0xffffffc9][0xffffff8a]*[0x9]$[0xffffff93][0x12][0x6]+[0xffffffaa][0x2][0xffffff9c][0xffffffd9])a[0xffffffbc][0xffffffa2]J[0xffffffc9][0xffffff93]M[0x9][0xffffffbf][0x15]UJ[0xffffffad]\J[0xffffffb8][0xffffffac][0xffffffa8][0xffffff8a][0xffffffe2][0xffffffbd][0xffffff90][0x12]jE[0xffffffd5]1[0xffffffea][0xffffffa4]R[0x2]_Qu[0x18][0xffffffac][0xffffffa8]:[0xffffffc4][0x1e][0xffffff95]D[0xffffffc0][0xffffffb1][0x15]UG[0xffffffd8][0xffffff94]B[0xffffffa6][0xffffff84][0xffffffc9][0xffffff8a]*[0x9]$[0xffffff93][0x12][0x6]+[0xffffffaa][0x2][0xffffff9c][0xffffffd9])a[0xffffffbc][0xffffffa2]J[0xffffffc9][0xffffff93]M[0x9][0xffffffbf][0x15]UJ[0xffffffad]\J[0xffffffb8][0xffffffac][0xffffffa8][0xffffff8a][0xffffffe2]}=%[0xffffff8a][0xfffffffa]2[0xffffffe8]1'[0xffffff95][0x12][0x5][0xffffffff]2h1[0xfffffff8]2h[0x11][0xffffff9f][0xffffffaf][0xffffffcb][0x3][0xffffffbc]`_[0x6]-[0xffffffe1][0x3]u`J[0x8][0x14][0xffffff91][0xffffff94][0xffffff90]@")![0xffffffb0]LO[0xffffff89][0x0]grJ[0x4]D[0xffffff8d]RB[0xffffffc9][0x13]M[0x9][0xffffffed]R4%[0xffffff94]Z[0xffffffb1][0xffffff94][0xffffff88][0xffffffa6][0xffffff85]R"[0xffffff8a][0xfffffff7]BJ[0xffffffa8][0x9][0xffffff8e][0xfffffffb]?[0xffffff99][0xffffffba]vY[0xfffffff0][0x9][0xffffff8e]b0[0xffffffc1]Q[0xffffffc4]5[0xffffffe3]D[0xffffffc0][0xffffffb1][0x9][0xffffff8e][0x12].[0x12][0xffffff93])a2[0xffffffc1]![0xffffff81]dR[0xffffffc2]`[0xffffff82]#[0xffffffc0][0xffffff99][0xffffff9d][0x12][0xffffffc6][0x13][0x1c]J[0xffffff9e]lJ[0xfffffff8]Mp([0xffffffb5]r)[0xffffffe1]2[0xffffffc1][0x11][0xffffffc5]{!%[0xffffffd4][0x4][0xffffffc7][0xffffffdb]O[0x1c]TJ[0xffffffe0][0x13][0x1c][0xffffffc5]`[0xffffff82][0xffffffa3][0xffffff88]k[0xffffffc6][0xffffff89][0xffffff80]c[0x13][0x1c]%\$&S[0xffffffc2]d[0xffffff82]C[0x2][0xffffffc9][0xffffffa4][0xffffff84][0xffffffc1][0x4]G[0xffffff80]3;%[0xffffff8c]'8[0xffffff94]<[0xffffffd9][0xffffff94][0xfffffff0][0xffffff9b][0xffffffe0]Pj[0xffffffe5]R[0xffffffc2]e[0xffffff82]#[0xffffff8a][0xfffffff7]BJ[0xffffffa8][0x9][0xffffff8e]r[0xffffff8e][0xffffff83]J[0x9]|[0xffffff82][0xffffffa3][0x18]Lp[0x14]q[0xffffffcd]8[0x11]pl[0xffffff82][0xffffffa3][0xffffff84][0xffffff8b][0xffffffc4]dJ[0xffffff98]LpH [0xffffff99][0xffffff94]0[0xffffff98][0xffffffe0][0x8]pf[0xffffffa7][0xffffff84][0xfffffff1][0x4][0xffffff87][0xffffff92]'[0xffffff9b][0x12]~[0x13][0x1c]J[0xffffffad]\J[0xffffffb8]LpD[0xfffffff1]^J[0xffffff89]b[0xffffff96][0x12][0x5]O[0xffffff89]b[0xffffff90][0x12][0x5]M[0xffffff89][0xffffff82][0xffffffa5]DqJ[0xffffff89][0x1d]E*%"[0xffffff90]TJ[0xffffffec]X[0x12])Q[0xffffffe0][0xffffff94]([0xffffffc6])[0x11][0xffffffe4]I[0xffffffa7][0xffffff84]p)[0xffffff9d][0x12]A[0xffffffad]dJ[0x14][0xffffff97][0xffffff94](?[0xffffff9d][0x12][0xffffffe7]/5[0xffffffa6][0xffffffc4][0xffffffc4][0x16]g[0xffffffbf][0xffffff9d][0x7]N[0xffffff89][0xffffffb7][0x13][0xffffffd0])[0xfffffff1][0xffffffed][0xc]LJ[0xffffffbc]=[0xffffff9d]I[0xffffff89][0xffffff8f]'{[0xffffffa4]DD[0xffffff91]I[0x9][0x5]$[0xffffff93][0x12][0x11][0xffffffcb][0xfffffffc][0xffffff94][0xffffffd8][0xffffffe1][0xffffffcc]N[0xffffff89][0x1d]Q[0xffffffa7][0xffffff94][0x10][0xfffffff2]dSB[0xffffffba][0xffffff94]M[0x9][0xffffffa1]V.%[0xffffff82]i[0xffffffa9][0xffffff94][0x8][0xffffffe2][0xffffffbd][0xffffff90][0x12]j[0x18][0xffffffb4][0xffffff96][0xffffff8e][0xffffffa5][0x4]>[0xc]Z[0xc][0xffffff86]A[0xffffff8b][0xffffff98]XJ[0x4][0x1c][0x1b][0x6]-a&[0xffffff89]L[0x9][0xffffff93]aP[0x9]$[0xffffff93][0x12][0x6][0xffffffc3][0xffffffa0][0x1][0xffffffce][0xffffffec][0xffffff94]0[0x1e][0x6]U[0xfffffff2]dS[0xffffffc2]o[0x18]T[0xffffffa9][0xffffff95]K[0x9][0xffffff97]a[0xffffffd0]([0xffffffde][0xb])[0xffffffb1]TJ[0xffffffb4]B[0xffffffad][0xffffffa8]z;[0xf][0xffffff9c][0x12]K[0xffffffe1][0xffffff9f][0xffffffcc][0xfffffffb][0xffffff8a][0xffffffbc]'[0x2][0xffffffbe][0xffffffb0][0xffffff94]XN)[0x11]QdRB[0x1][0xffffffc9][0xffffffa4]D[0xffffffc4]2?%v8[0xffffffb3]SbG[0xffffffd4])%[0xffffff84]<[0xffffffd9][0xffffff94][0xffffff90].eSB[0xffffffa8][0xffffff95]K[0xffffff89]`Z*%[0xffffff82]x_O[0xffffff89][0xffffffaa]>2^[0xffffffcf]N[0xffffffa5]D[0xffffffc5]?2^[\r]>2^[0xffffffc5][0xffffff97]p[0xfffffff3][0x0][0xffffffaf][0xffffffd8]G[0xffffffc6]k[0xfffffff8][0xffffffd6]-[0xffffff98][0x12][0x2]E$%$[0xffffff90]HJ[0x8],[0xffffffd3]S"[0xffffffc0][0xffffff99][0xffffff9c][0x12][0x1]Q[0xffffffa3][0xffffff94]P[0xfffffff2]DSB[0xffffffbb][0x14]M[0x9][0xffffffa5]V,%[0xffffffa2]i[0xffffffa1][0xffffff94][0xffffff88][0xffffffe2][0xffffffbd][0xffffff90][0x12]jEU[0xffffff9d][0xffffffb5]R)[0xffffff81][0xffffffaf][0xffffffa8][0xffffffaa][0x6]+[0xffffffaa][0xffffffaa][0xffffffd8][0xffffffa3][0xffffff92][0x8]8[0xffffffb6][0xffffffa2][0xffffffaa][0xffffff86]M)dJ[0xffffff98][0xffffffac][0xffffffa8][0xffffff92]@2)a[0xffffffb0][0xffffffa2]*[0xffffffc0][0xffffff99][0xffffff9d][0x12][0xffffffc6]+[0xffffffaa][0xffffff94]<[0xffffffd9][0xffffff94][0xfffffff0][Q[0xffffffa5][0xffffffd4][0xffffffca][0xffffffa5][0xffffff84][0xffffffcb][0xffffff8a][0xffffffaa]([0xffffffde][0xb])[0xffffffa1]VT[0xffffffd5]yb)[0xffffff81][0xffffffaf][0xffffffa8][0xffffffaa][0x6]+[0xffffffaa][0xffffffaa][0xffffffd8][0xffffffa3][0xffffff92][0x8]8[0xffffffb6][0xffffffa2][0xffffffaa][0xffffff86]M)dJ[0xffffff98][0xffffffac][0xffffffa8][0xffffff92]@2)a[0xffffffb0][0xffffffa2]*[0xffffffc0][0xffffff99][0xffffff9d][0x12][0xffffffc6]+[0xffffffaa][0xffffff94]<[0xffffffd9][0xffffff94][0xfffffff0][Q[0xffffffa5][0xffffffd4][0xffffffca][0xffffffa5][0xffffff84][0xffffffcb][0xffffff8a][0xffffffaa]([0xffffffde][0xb])[0xffffffa1]VT[0xffffffb5][iTJ[0xffffffe0]+[0xffffffaa][0xffffffaa][0xffffffc1][0xffffff8a][0xffffffaa]*[0xfffffff6][0xffffffa8]$[0x2][0xffffff8e][0xffffffad][0xffffffa8][0xffffffaa]aS[\n]"
18:17:44.599 [TestNG-tests-1] DEBUG org.apache.hc.client5.http.wire - http-outgoing-3 << "[0xffffff99][0x12]&+[0xffffffaa]$[0xffffff90]LJ[0x18][0xffffffac][0xffffffa8][\n]"
18:17:44.599 [TestNG-tests-1] DEBUG org.apache.hc.client5.http.wire - http-outgoing-3 << "pf[0xffffffa7][0xffffff84][0xfffffff1][0xffffff8a]*%O6%[0xfffffffc]VT)[0xffffffb5]r)[0xffffffe1][0xffffffb2][0xffffffa2]*[0xffffff8a][0xfffffff7]RJ[0xffffffc4]aP6%[0xffffffe0]a[0xffffffd0][0xffffffc7][0x9][0xfffffff8][0xffffff94][0x0][0xffffff87]A[0x1f]O[0xffffffa7]R[0xffffffc2]g[0x18]T[0xffffffa0]H[0xffffffa5][0xffffff84][0xffffffc9]0[0xffffffa8][0xffffffc0][0xffffff92]H[0x9]t[0x18]4 [0xffffffea][0xffffff95][0x12]^[0xffffffc3][0xffffffa0][0xffffffda][0xffffffa5]tJ[0xfffffff8][0xc][0xffffff83]F[0xffffffd3]r)[0xfffffff1][0xffffffd3][0xffffffc3][0xffffffa0]U[0xffffffad][0xffffffa8]j[0xffffff85][0xfffffffb][0xffffff81][0x3]_QU[\r]VTU[0xffffffb1]G%[0x11]plEU[\r][0xffffff9b]R[0xffffffc8][0xffffff94]0YQ%[0xffffff81]dR[0xffffffc2]`EU[0xffffff80]3;%[0xffffff8c]WT)y[0xffffffb2])[0xffffffe1][0xffffffb7][0xffffffa2]J[0xffffffa9][0xffffff95]K[0x9][0xffffff97][0x15]UQ[0xffffffbc][0x17]R[0xffffffe2]T?pt[0xffffffec]#[0xffffffe3]o[0xffffffe7][0xffffff81]S[0xffffffe2]T/[0xffffffe5][0xffffff92]y?[0xffffffe3][[0xffffffb8]D[0xffffffc0]O[0xffffffec][0x7][0xffffff8e][0xffffffd3][0xffffffe9][0x7][0xffffff8e][0xffffff88]"[0xffffff93][0x12][\n]"
18:17:44.600 [TestNG-tests-1] DEBUG org.apache.hc.client5.http.wire - http-outgoing-3 << "H&%"[0xffffff96][0xfffffff9])[0xffffffb1][0xffffffc3][0xffffff99][0xffffff9d][0x12];[0xffffffa2]N)![0xffffffe4][0xffffffc9][0xffffffa6][0xffffff84]t)[0xffffff9b][0x12]B[0xffffffad]\J[0x4][0xffffffd3]R)[0x11][0xffffffc4]{!%[0xffffffa6]z+1W[0xffffffa7]Rb[0xffffffe2]o%[0xffffffa6][0xffffffc1][[0xffffff89][0x19][0xffffffd3]9[0x11][0xfffffff0][0xffffff89][0xffffffbd][0xffffff95][0xffffff98]No%"[0xffffff8a]LJ( [0xffffff99][0xffffff94][0xffffff88]X[0xffffffe6][0xffffffa7][0xffffffc4][0xe]gvJ[0xffffffec][0xffffff88]:[0xffffffa5][0xffffff84][0xffffff90]'[0xffffff9b][0x12][0xffffffd2][0xffffffa5]lJ[0x8][0xffffffb5]r)[0x11]LK[0xffffffa5]D[0x10][0xffffffef][0xffffff85][0xffffff94]P+[0xffffffaa]z[0xffffffb9]Q_[0x6][0xffffffad][0xfffffff8][0xffffff8a][0xffffffaa]j[0xffffffb0][0xffffffa2][0xffffffaa][0xffffff8a]=*[0xffffff89][0xffffff80]c+[0xffffffaa]j[0xffffffd8][0xffffff94]B[0xffffffa6][0xffffff84][0xffffffc9][0xffffff8a]"
18:17:44.601 [TestNG-tests-1] DEBUG org.apache.hc.client5.http.wire - http-outgoing-3 << "*[0x9]$[0xffffff93][0x12][0x6]+[0xffffffaa][0x2][0xffffff9c][0xffffffd9])a[0xffffffbc][0xffffffa2]J[0xffffffc9][0xffffff93]M[0x9][0xffffffbf][0x15]UJ[0xffffffad]\J[0xffffffb8][0xffffffac][0xffffffa8][0xffffff8a][0xffffffe2][0xffffffbd][0xffffff94][0x12][0xfffffff1][0xffffffad][0x4][0xffffff9b][0x12][0xfffffff4][[0xffffff89]e[0xfffffff0]Vb[0xffffffc5]tN[0x5][0xffffff9c]z+[0xffffffb1][0xffffff9c][0xffffffde]JD[0x14][0xffffffa9][0xffffff94]py+[0x11][0xffffffb1]$R[0xffffff82]}+[0xffffffb1]#[0xffffffea][0xffffff95][0x12]fo%[0xffffffa4]K[0xffffffe9][0xffffff94]0z+[0x11]L[0xffffffcb][0xffffffa5][0xffffffc4]O[0xffffffbf][0xffffff95]h7[0xfffffff5]V[0xffffffa2][0xffffffaf][0x6][0xffffffa5][0xffffffc4][0xffffffdb]y[0xffffffd8][0xffffff94]x[0xffffff9c][0x0]N[0xffffff89][0xffffffef]g@R[0xffffffe2][0xfffffff1]t$%[0xffffffbe]=[0xffffffd9]"%[0x4][0xffffff8a]HJH [0xffffff91][0xffffff94][0x10]X[0xffffffa6][0xffffffa7]D[0xffffff80]39%[0x2][0xffffffa2]F)[0xffffffa1][0xffffffe4][0xffffff89][0xffffffa6][0xffffff84]v)[0xffffff9a][0x12]J[0xffffffad]XJD[0xffffffd3]B)[0x11][0xffffffc5]{!%[0xffffffd4][0xffffffe2][0xffffffec][0xffffffce]m[0xffffffbb]l[0xfffffff8][0xffffffe2][0xffffffec]f[0xffffffb0]8[0xffffffbb][0xffffff89][0xffffffed][0xffffffae][0xffffff89][0xffffff80]c[0xffffff8b][0xffffffb3][[0xffffffd8][0xffffffdf]J[0xffffffa6][0xffffff84][0xffffffc9][0xffffffe2]l[0x9]$[0xffffff93][0x12][0x6][0xffffff8b][0xffffffb3][0x3][0xffffff9c][0xffffffd9])a[0xffffffbc]8[[0xffffffc9][0xffffff93]M[0x9][0xffffffbf][0xffffffc5][0xffffffd9]J[0xffffffad]\J[0xffffffb8],[0xffffffce][0xffffff8e][0xffffffe2][0xffffffbd][0xffffff94][0x12]q[0xffffffaf][0x4][0xffffff9b][0x12][0xfffffff0]^[0xffffff89][0xffffffc7][0x9][0xfffffff8][0xffffff94][0x0][0xfffffff7]J<[0xffffff9e]N[0xffffffa5][0xffffff84][0xffffffcf]^[0x9][0xffffff81]"[0xffffff95][0x12]&{%[0x4][0xffffff96]DJ[0xffffffa0]{%[0x2][0xffffffa2]^)[0xffffffe1][0xffffffb5]WB[0xffffffbb][0xffffff94]N[0x9][0xffffff9f][0xffffffbd][0x12][0xffffffd1][0xffffffb4]\J[0xfffffffc][0xfffffff4]^[0xffffff89][0xfffffffb]?[0xffffffa3][0xffffff99][0xffffffa5]D[0xffffffc3]S[0xffffffa2][0x19][0xffffffa4]DCS[0xffffffa2]a)[0xffffffd1][0xffffff9c]RbG[0xffffff91]J[0xffffff89][0x8]$[0xffffff95][0x12];[0xffffff96]DJ48%[0xffffff9a]qJ[0x4]y[0xffffffd2])!\J[0xffffffa7]DP+[0xffffff99][0x12][0xffffffcd]%%[0xffffffda][0xffffffdf]!%[0xffffffba]YJt<%[0xffffffba]AJt4%:[0xffffff96][0x12][0xffffffdd])%v[0x14][0xffffffa9][0xffffff94][0xffffff88]@R)[0xffffffb1]cI[0xffffffa4]D[0xffffff87]S[0xffffffa2][0x1b][0xffffffa7]D[0xffffff90]'[0xffffff9d][0x12][0xffffffc2][0xffffffa5]tJ[0x4][0xffffffb5][0xffffff92])[0xffffffd1]]R[0xffffffa2][0xffffffff]tJ[0xffffffa8][0xffffffcf]y[0xffffff8d]Q[0xffffffa8][0x9][0xffffff8e][0xffffff86][0x7f][0xffffffce][0xffffffab][0x19]|[0xffffffce][0xffffffab][0xffffff89]o[0xffffffce]$[0x2][0xffffff8e]}[0xffffffce][0xffffffab][0xffffff85][0xffffffaf][0xffffffca][0xffffff90])a[0xfffffff2]9/[0x9]$[0xffffff93][0x12][0x6][0xffffff9f][0xfffffff3][\n]"
18:17:44.601 [TestNG-tests-1] DEBUG org.apache.hc.client5.http.wire - http-outgoing-3 << "pf[0xffffffa7][0xffffff84][0xfffffff1][0xffffffe7][0xffffffbc][0xffffff94]<[0xffffffd9][0xffffff94][0xfffffff0][0xfffffffb][0xffffff9c][0xffffff97]R+[0xffffff97][0x12].[0xffffff9f][0xfffffff3][0xffffff8a][0xffffffe2][0xffffffbd][0xffffff90][0x12][0xffffffea]s^[0xffffffe3]\[0xffffffd4][0xffffffb6][0xffffffcb][0xffffff86][0x7f][0xffffffce][0xffffffab][0x19]|[0xffffffce][0xffffffab][0xffffff89]o[0xffffffce]$[0x2][0xffffff8e]}[0xffffffce][0xffffffab][0xffffff85][0xffffffaf][0xffffffca][0xffffff90])a[0xfffffff2]9/[0x9]$[0xffffff93][0x12][0x6][0xffffff9f][0xfffffff3][\n]"
18:17:44.601 [TestNG-tests-1] DEBUG org.apache.hc.client5.http.wire - http-outgoing-3 << "pf[0xffffffa7][0xffffff84][0xfffffff1][0xffffffe7][0xffffffbc][0xffffff94]<[0xffffffd9][0xffffff94][0xfffffff0][0xfffffffb][0xffffff9c][0xffffff97]R+[0xffffff97][0x12].[0xffffff9f][0xfffffff3][0xffffff8a][0xffffffe2][0xffffffbd][0xffffff90][0x12]C[0xffffffa5][0xffffffc4][0x1c][0xffffffd8][[0xffffff89][0xffffff81][0xffffffa7][0xffffffc4]0H[0xffffff89][0x11]yO[0x4]|`)1[0xffffff9c]R"[0xffffffa2][0xffffffc8][0xffffffa4][0xffffff84][0x2][0xffffff92]I[0xffffff89][0xffffff88]e~J[0xffffffec]pf[0xffffffa7][0xffffffc4][0xffffff8e][0xffffffa8]SJ[0x8]y[0xffffffb2])!][0xffffffca][0xffffffa6][0xffffff84]P+[0xffffff97][0x12][0xffffffc1][0xffffffb4]TJ[0x4][0xfffffff1]^H[0xffffff89][0xffffffa9]RbU,%&[0xffffff9e][0x12][0xffffffd3] %f[0xffffffe4]=[0x11][0xfffffff0][0xffffff89][0xffffffa5][0xffffffc4]tJ[0xffffff89][0xffffff88]"[0xffffff93][0x12][\n]"
18:17:44.601 [TestNG-tests-1] DEBUG org.apache.hc.client5.http.wire - http-outgoing-3 << "H&%"[0xffffff96][0xfffffff9])[0xffffffb1][0xffffffc3][0xffffff99][0xffffff9d][0x12];[0xffffffa2]N)![0xffffffe4][0xffffffc9][0xffffffa6][0xffffff84]t)[0xffffff9b][0x12]B[0xffffffad]\J[0x4][0xffffffd3]R)[0x11][0xffffffc4]{!%[0xffffffd4][0xffffffe2][0xffffffec][0xffffffb1][0xffffffd6]I[0xffffffa5][0x4][0xffffffbe]8[0xffffffbb][0x19],[0xffffffce]nb[0xffffffbb]k"[0xffffffe0][0xffffffd8][0xffffffe2][0xffffffec][0x16][0xfffffff6][0xffffffb7][0xffffff92])a[0xffffffb2]8[[0x2][0xffffffc9][0xffffffa4][0xffffff84][0xffffffc1][0xffffffe2][0xffffffec][0x0]gvJ[0x18]/[0xffffffce]V[0xfffffff2]dS[0xffffffc2]oq[0xffffffb6]R+[0xffffff97][0x12].[0xffffff8b][0xffffffb3][0xffffffa3]x_O[0xffffff89][0xffffffae]VT[0xffffff9d][0xffffffb5]Q[0xffffff9f][0xfffffff3][0xffffffea][0xfffffff8][0xffffff8a][0xffffffaa]n[0xffffffb0][0xffffffa2][0xffffffaa][0xffffff8b]=*y[0xffffff80]wlEU[0xf][0xffffff9b]R[0xffffffc0][0xffffff94][0x10](")![0xffffff81]DRB`[0xffffff99][0xffffff9e][0x12][0x1][0xffffffce][0xffffffe4][0xffffff94][0x8][0xffffff88][0x1a][0xffffffa5][0xffffff84][0xffffff92]'[0xffffff9a][0x12][0xffffffda][0xffffffa5]hJ([0xffffffb5]b)[0x11]M[0xb][0xffffffa5]D[0x14][0xffffffef][0xffffff85][0xffffff94](b[0xffffffaf][0xffffffc4][0xffffffd9]Z[0xffffffa1]R[0xffffffa2][0xffffffd0]{%[0x1e]'[0xffffffa0]S[0xffffffa2][0xffffffc4][0xffffffe1][0xffffffe7]D[0xffffffc0][0xb][0xffffffb5]W[0xffffffe2][0xffffffdb][0xffffff93]=R"[0xffffffa2][0xffffffc8][0xffffffa4][0xffffff84][0x2][0xffffff92]I[0xffffff89][0xffffff88]e~J[0xffffffec]pf[0xffffffa7][0xffffffc4][0xffffff8e][0xffffffa8]SJ[0x8]y[0xffffffb2])!][0xffffffca][0xffffffa6][0xffffff84]P+[0xffffff97][0x12][0xffffffc1][0xffffffb4]TJ[0x4][0xfffffff1]^H[0xffffff89][0xffffffaa][0xffffffde]J[0xffffffcc]E[0xffffffed][0xffffff95]x;[0xf][0xffffff9c][0x12][0xffffffd5][0xffffffe0][0xffffffad]D[0xffffff8d][0xffffffe9][0xffffff9c][0x8]x[0xffffffc5][0xffffffde]JT[0xffffffa7][0xffffffb7][0x12][0x11]E&%[0x14][0xffffff90]LJD,[0xfffffff3]Sb[0xffffff87]3;%vD[0xffffff9d]RB[0xffffffc8][0xffffff93]M[0x9][0xffffffe9]R6%[0xffffff84]Z[0xffffffb9][0xffffff94][0x8][0xffffffa6][0xffffffa5]R"[0xffffff88][0xfffffff7]RJ[0xffffffc4][0xffffffc5][0xffffffd9]lJ[0xffffffc0][0xffffff8b][0xffffffb3][0x1f]'[0xffffffe0]S[0x2]\[0xffffff9c][0xfffffffd]x:[0xffffff95][0x12]>[0xffffff8b][0xffffffb3][0x5][0xffffff8a]TJ[0xffffff98],[0xffffffce][0x16]X[0x12])[0xffffff81].[0xffffffce][0xe][0xffffff88]z[0xffffffa5][0xffffff84][0xffffffd7][0xffffffe2]l[0xffffffed]R:%|[0x16]gG[0xffffffd3]r)[0xfffffff1][0xffffffd3][0xffffff8b][0xffffffb3][0xffffffbb]ZQ5[0xffffff8f][0x1b]u[0xffffffed][0xffffffb2][0xffffffe3]+[0xffffffaa][0xffffffba][0xffffffc1][0xffffff8a][0xffffffaa].[0xfffffff6][0xffffffa8]$[0x2][0xffffff8e][0xffffffad][0xffffffa8][0xffffffea]aS[\n]"
18:17:44.602 [TestNG-tests-1] DEBUG org.apache.hc.client5.http.wire - http-outgoing-3 << "[0xffffff99][0x12]&+[0xffffffaa]$[0xffffff90]LJ[0x18][0xffffffac][0xffffffa8][\n]"
18:17:44.602 [TestNG-tests-1] DEBUG org.apache.hc.client5.http.wire - http-outgoing-3 << "pf[0xffffffa7][0xffffff84][0xfffffff1][0xffffff8a]*%O6%[0xfffffffc]VT)[0xffffffb5]r)[0xffffffe1][0xffffffb2][0xffffffa2]*[0xffffff8a][0xfffffff7]BJ[0xffffffa8][0x15]U[0xffffffb3]7[0xffffffec][0xffffffad][0x4][0xffffffbe][0xffffffa2][0xffffffaa][0x1b][0xffffffac][0xffffffa8][0xffffffea]b[0xffffff8f]J"[0xffffffe0][0xffffffd8][0xffffff8a][0xffffffaa][0x1e]6[0xffffffa5][0xffffff90])a[0xffffffb2][0xffffffa2]J[0x2][0xffffffc9][0xffffffa4][0xffffff84][0xffffffc1][0xffffff8a][0xffffffaa][0x0]gvJ[0x18][0xffffffaf][0xffffffa8]R[0xfffffff2]dS[0xffffffc2]oE[0xffffff95]R+[0xffffff97][0x12].+[0xffffffaa][0xffffffa2]x/[0xffffffa4][0xffffffc4][0xfffffff8][0xffffffa5][0xffffffc4][0xffffff94]8[0xffffffeb]A[0xffffffa5][0xffffffc4][0xfffffffd]<pJ[0xffffffbc][0xffffff9d][0xffffff80]N[0xffffff89]og`R[0xffffffe2][0xffffffed][0xffffffe9]LJ|<[0xffffffd9]#%"[0xffffff8a]LJ( [0xffffff99][0xffffff94][0xffffff88]X[0xffffffe6][0xffffffa7][0xffffffc4][0xe]gvJ[0xffffffec][0xffffff88]:[0xffffffa5][0xffffff84][0xffffff90]'[0xffffff9b][0x12][0xffffffd2][0xffffffa5]lJ[0x8][0xffffffb5]r)[0x11]LK[0xffffffa5]D[0x10][0xffffffef][0xffffff85][0xffffff94]8[0xffffffc5][[0xffffff89]u`[0xffffff8b][0xffffffb3][0xffffffdf][0xffffffce][0x3][0xffffffa7][0xffffffc4]i[0xfffffff0]V[0xffffffe2][0xffffff8c][0xffffffe9][0xffffff9c][0x8][0xfffffff8][0xffffff89][0xffffffbd][0xffffff95]8[0xffffff9d][0xffffffde]JD[0x14][0xffffff99][0xffffff94]P@2)[0x11][0xffffffb1][0xffffffcc]O[0xffffff89][0x1d][0xffffffce][0xffffffec][0xffffff94][0xffffffd8][0x11]uJ[0x9]!O6%[0xffffffa4]K[0xffffffd9][0xffffff94][0x10]j[0xffffffe5]R"[0xffffff98][0xffffff96]J[0xffffff89] [0xffffffde][0xb])[0xffffffa1][0xffffffb6]][0xffffffae][0xffffffca][\r][0xffffff83][0xffffffe2][0xffffffdb].[0xffffffbb][0xffffffc1][0xffffffb6][0xffffffcb].V[0xffffffb2]%[0x2][0xffffff8e]m[0xffffffbb][0xffffffec]a[0xffffffe9][0x1a][0xffffff99][0x12]&[0xffffffdb].%[0xffffff90]LJ[0x18]l[0xffffffbb][0xc]pf[0xffffffa7][0xffffff84][0xfffffff1][0xffffffb6]K%O6%[0xfffffffc][0xffffffb6]]*[0xffffffb5]r)[0xffffffe1][0xffffffb2][0xffffffed]2[0xffffff8a][0xfffffff7]BJ[0xffffffa8]m[0xffffff97][0xffffffab]w[0xffffffec][0xffffffda]%"
18:17:44.602 [TestNG-tests-1] DEBUG org.apache.hc.client5.http.wire - http-outgoing-3 << "[0xffffffbe][0xffffffed][0xffffffb2][0x1b]l[0xffffffbb][0xffffffec]b%["[0xffffffe0][0xffffffd8][0xffffffb6][0xffffffcb][0x1e][0xffffff96][0xffffffae][0xffffff91])a[0xffffffb2][0xffffffed]R[0x2][0xffffffc9][0xffffffa4][0xffffff84][0xffffffc1][0xffffffb6][0xffffffcb][0x0]gvJ[0x18]o[0xffffffbb]T[0xfffffff2]dS[0xffffffc2]o[0xffffffdb][0xffffffa5]R+[0xffffff97][0x12].[0xffffffdb].[0xffffffa3]x_O[0xffffff89]q[0xffffff8b])[0xffffffd1]o[0xffffffb7]Jm[0xffffffbb]|;[0xf][0xffffff9b][0x12][0xffffff8f][0x13][0xffffffc0])[0xfffffff1][0xfffffffd][0xc]HJ<[0xffffff9e][0xffffff8e][0xffffffa4][0xffffffc4][0xffffffb7]'[[0xffffffa4][0xffffff84]@[0x11]I[0x9][0x9]$[0xffffff92][0x12][0x2][0xffffffcb][0xfffffff4][0xffffff94][0x8]p&[0xffffffa7]D@[0xffffffd4](%[0xffffff94]<[0xffffffd1][0xffffff94][0xffffffd0].ESB[0xffffffa9][0x15]K[0xffffff89]hZ(%[0xffffffa2]x/[0xffffffa4][0xffffff84]X[0xffffff9c][0xffffffdd]o}[0xffffffde][0xffffffa8][0xffffff94][0xffffffc0][0x17]g[0xf][0xffffff83][0xffffffc5][0xffffffd9]ClwM[0x4][0x1c][[0xffffff9c]=[0xffffffc2][0xfffffffe]V2%L[0x16]gK [0xffffff99][0xffffff94]0X[0xffffff9c][0x1d][0xffffffe0][0xffffffcc]N[0x9][0xffffffe3][0xffffffc5][0xffffffd9]J[0xffffff9e]lJ[0xfffffff8]-[0xffffffce]Vj[0xffffffe5]R[0xffffffc2]eqv[0x14][0xffffffef][0xffffffa5][0xffffff94][0x8]+[0xffffffaa][0xffffffe0][0xffffff94][0xffffff80]WT=N[0xffffffc0][0xffffffa7][0x4][0xffffffb8][0xffffffa2][0xffffffea][0xfffffff1]t*%|VT[0x9][0x14][0xffffffa9][0xffffff94]0YQ%[0xffffffb0]$R[0x2]]Q[0x15][0x10][0xfffffff5]J[0x9][0xffffffaf][0x15]U[0xffffffda][0xffffffa5]tJ[0xfffffff8][0xffffffac][0xffffffa8][0xffffff8a][0xffffffa6][0xffffffe5]R[0xffffffe2][0xffffffa7]WT[0xffffffdd][0xffffffff][0x19][0xffffffc3],%[0x6][0xffffff9e][0x12][0xffffffc3] %[0x6][0xffffff9a][0x12][0x3]K[0xffffff89][0xffffffe1][0xffffff94][0x12];[0xffffff8a]TJD [0xffffffa9][0xffffff94][0xffffffd8][0xffffffb1]$Rb[0xffffffc0])1[0xffffff8c]S"[0xffffffc8][0xffffff93]N[0x9][0xffffffe1]R:%[0xffffff82]Z[0xffffffc9][0xffffff94][0x18].)1[0xfffffffe][0xe])qL[0xffffffb3][0xffffff96]8&[0x1e][0x13][0xfffffff7]#[0xfffffff0]5[0xfffffff1]q[0x8]*'[0xffffffee][0xffffff8f][0xffffffa7]z[0xffffffe2][0xfffffffd][0xffffffd1].A[0x11]x[0xffffffa4][0xffffff8a]BPI%E`[0xffffff93]h[0xffffff8a][0xffffff8d][0xffffffd0][0xfffffffc][0xffffffa8][0xffffffd8]8[0xfffffff5][0xffffffaa][0xffffff8a][0xffffffa8]Q:+[0xffffff94]U[0xffffffe9][0xffffffae][0xffffff88][0xffffff92]%[0xffffffc3]bw.W[0x16][0xffffffbb][0xffffff82]/[0xffffffa5]EYfiQ[0x16][0xffffff9e][0x16][0xfffffff7]#[0xfffffff0]i[0xfffffff1]q[0x8]*-[0xffffffee][0xffffff8f][0xffffffa7][0xffffffd2][0xffffffe2][0xfffffffd][0xffffffd1].i[0x11]x[0xffffffa4][0xffffffd2]BPI[0xffffffa5]E`[0xffffff93]H[0xffffff8b][0xffffff8d][0xffffffd0][0xfffffffc][0xffffffb4][0xffffffd8]8[0xfffffff5]J[0xffffff8b][0xffffffa8]Q:-[0xffffff94]U[0xffffffe9][0xffffffb4][0xffffff88][0xffffff92]%[0xffffffd3]bw.[0xffffff97][0x16][0xffffffbb][0xffffff82]/[0xffffffa5]EuK[0xffffff8b][0xffffffca][0xffffffa7]EuH[0xffffff8b][0xffffffca][0xffffffa6]E[0xffffffe5][0xffffffd2][0xffffffa2]Z[0xffffffa5]E[0xffffffe0][0xffffff91]J[0xb]A%[0xffffff95][0x16][0xffffff81]M"-*[0xffffff9d][0x16][0xffffffd5]9-[0xffffffa2]F[0xffffffe9][0xffffffb4]PV[0xffffffa5][0xffffffd3]"J[0xffffff96]L[0xffffff8b][0xffffffdd][0xffffffb9]\Z[0xffffffec][\n]"
18:17:44.602 [TestNG-tests-1] DEBUG org.apache.hc.client5.http.wire - http-outgoing-3 << "[0xffffffbe][0xffffff94][0x16][0xffffff8f][0xffffff9d][0x13]Ni[0xffffffd1]O<-[0xffffffee]G[0xffffffe0][0xffffffd3][0xffffffe2][0xffffffe3][0x10]TZ[0xffffffdc][0x1f]O[0xffffffa5][0xffffffc5][0xfffffffb][0xffffffa3]][0xffffffd2]"[0xfffffff0]H[0xffffffa5][0xffffff85][0xffffffa0][0xffffff92]J[0xffffff8b][0xffffffc0]&[0xffffff91][0x16][0x1b][0xffffffa1][0xfffffff9]i[0xffffffb1]q[0xffffffea][0xffffff95][0x16]Q[0xffffffa3]tZ([0xffffffab][0xffffffd2]i[0x11]%K[0xffffffa6][0xffffffc5][0xffffffee]\.-v[0x5]_J[0xffffff8b][0xffffffe1][0xfffffff6][0xffffffd6]b[0xfffffff0]o-[0xffffff86][0xffffffc3][[0xffffff8b][0xffffffc1][0xffffffbe][0xffffffb5][0x18][0xffffffdc][[0xffffff8b]a[0xfffffff5][0xffffffd6]"[0xfffffff0]H[0xffffffa5][0xffffff85][0xffffffa0][0xffffff92]J[0xffffff8b][0xffffffc0]&[0xffffff91][0x16][0xffffff83]~k1[0xffffff9c][0xffffffdf]ZD[0xffffff8d][0xffffffd2]i[0xffffffa1][0xffffffac]J[0xffffffa7]E[0xffffff94],[0xffffff99][0x16][0xffffffbb]s[0xffffffb9][0xffffffb4][0xffffffd8][0x15]|)-V3K[0xffffff8b][0xffffffd5][0xfffffff0][0xffffffb4][0xffffffb8][0x1f][0xffffff81]O[0xffffff8b][0xffffff8f]CPiq[0x7f]<[0xffffff95][0x16][0xffffffef][0xffffff8f]vI[0xffffff8b][0xffffffc0]#[0xffffff95][0x16][0xffffff82]J*-[0x2][0xffffff9b]DZl[0xffffff84][0xffffffe6][0xffffffa7][0xffffffc5][0xffffffc6][0xffffffa9]WZD[0xffffff8d][0xffffffd2]i[0xffffffa1][0xffffffac]J[0xffffffa7]E[0xffffff94],[0xffffff99][0x16][0xffffffbb]s[0xffffffb9][0xffffffb4][0xffffffd8][0x15]|)-[0xffffff8e][0xffffffe3]0k[0xffffff8b][0xfffffffb][0xffffff89][0xfffffff0][0xffffffb8]x;[0x3]_[0x17][0xffffffdf]NA[0xffffffe5][0xffffffc5][0xffffffdb][0xfffffff3][0xffffffa9][0xffffffbe][0xfffffff8]x[0xffffffb6]K`D([0xffffffa9][0xffffffc2]PhR[0xffffff89][0x11][0x1]%[0x1a]c[0xffffffc7]4?2vX[0xffffffbd]*C[0x8][0xffffff95][0xffffffce][0xc][0xffffffe9]W[0xffffffba]3[0xffffff84]n[0xffffffc9][0xffffffd0][0x8][0xfffffff6][0xffffffe5]J#[0xffffffc8][0xfffffff8]Zj[0x14][0xffffffbb]i[0xffffffd4]b0[0xffffff8e]Z,[0xffffffe6]Q[0xb]<[0xffffff90]Z[0xffffffc0][0xffffff89][0xffffffd4][0xffffffe2]5[0xffffff92][0x1a][0xffffffa0][0xffffffc4]RC[0xffffffa0][0xffffff89][0xffffffa5]F[0x0][0x14]I[0xffffff8d][0xffffff82][0xffffff8f][0xffffffa5][0x16][0xffffffeb][0xffffffb9][0xffffffd4](T<5[0xffffff94]_[0xfffffff1][0xffffffd4][0xffffff88][0xffffffba]ESc[0xffffffb7]/[0xffffff98][0x1a][0xffffffbb][0xffffff8c]_I[0xffffff8d][0xfffffffa][0xfffffffe]O)b[0xffffffb1][0xfffffff7]q[0xffffffac][0xffffff9a][0x1e][0x1a][0xffffff9f][0xffffffe7][0xffffffa1]2[0xffffffe3][0xffffffcb][0x9][0xffffffb0][0xffffffc8][0xffffffd8][0xffffffce][0xffffff90][0xffffff9c][0x18]_[0xffffff9e][0xffffff9e][0x1c][0x18][0xffffffbf]~2[0xffffff9c][0x17]OQL[0xffffff8e][0xffffff8b][0x1f][0x0][0xffffff99][0xffffff9c][0x16]O[0xffffffb1]L[0xc][0xffffff8b]'p[0xffffffa6]e[0xffffffc5][0x13]D-[0xffffffa2][0xffffffe2][0xffffffb9]<[0xffffffa1][0xffffffa4][0xfffffff8][0xffffff91]K[0xffffffa1][0xffffffa0]x[0xffffffae]V '[0xffffff9e][0xffffff99]6=&[0xffffff9e][0xffffff89][0xfffffff7]RJt[0xffffffb3][0xffffff94][0xffffffe8]xJt[0xffffff83][0xffffff94][0xffffffe8]hJt,%[0xffffffba]SJ[0xffffffec](R)[0x11][0xffffff81][0xffffffa4]Rb[0xffffffc7][0xffffff92]H[0xffffff89][0xe][0xffffffa7]D7N[0xffffff89] O:%[0xffffff84]K[0xffffffe9][0xffffff94][0x8]j%S[0xffffffa2][0xffffffbb][0xffffffa4]D[0xffffffff][0xffffffe9][0xffffff94][0xffffffa8][0xffffffea][0xffffffad]D[0xffffff9d][0xffffff85]J[0xffffff89][0xffffff8a][0xffffffbf][0xffffff95][0xffffffa8][0x6]o%jL[0xffffffe7]D[0xffffffc0]+[0xfffffff6]V[0xffffffa2]:[0xffffffbd][0xffffff95][0xffffff88](2)[0xffffffa1][0xffffff80]dR"b[0xffffff99][0xffffff9f][0x12];[0xffffff9c][0xffffffd9])[0xffffffb1]#[0xffffffea][0xffffff94][0x12]B[0xffffff9e]lJH[0xffffff97][0xffffffb2])![0xffffffd4][0xffffffca][0xffffffa5]D0-[0xffffff95][0x12]A[0xffffffbc][0x17]R[0xffffffa2][0xffffff8b][0xffffff94]([0xffffffb7]2[0xffffffa8][0xffffff94][0xffffffe8]xJt[0xffffff83][0xffffff94][0xffffffe8][0xffffff91][0xfffffff7]D[0xffffffc0];[0xffffff96][0x12][0xffffffdd])%"[0xffffff8a]LJ( [0xffffff99][0xffffff94][0xffffff88]X[0xffffffe6][0xffffffa7][0xffffffc4][0xe]gvJ[0xffffffec][0xffffff88]:[0xffffffa5][0xffffff84][0xffffff90]'[0xffffff9b][0x12][0xffffffd2][0xffffffa5]lJ[0x8][0xffffffb5]r)[0x11]LK[0xffffffa5]D[0x10][0xffffffef][0xffffff85][0xffffff94][0xffffff98]*%[0xffffffd6]8[0xffffffa8][0xffffff94][0xffffff98]xJL[0xffffff83][0xffffff94][0xffffff98][0xffffff91][0xfffffff7]D[0xffffffc0]'[0xffffff96][0x12][0xffffffd3])%"[0xffffff8a]LJ( [0xffffff99][0xffffff94][0xffffff88]X[0xffffffe6][0xffffffa7][0xffffffc4][0xe]gvJ[0xffffffec][0xffffff88]:[0xffffffa5][0xffffff84][0xffffff90]'[0xffffff9b][0x12][0xffffffd2][0xffffffa5]lJ[0x8][0xffffffb5]r)[0x11]LK[0xffffffa5]D[0x10][0xffffffef][0xffffff85][0xffffff94]X"%j[0xffffffe9][0xffffff8b]J[0xffffff89][0xffffff85][0xffffffa7][0xffffffc4]2H[0xffffff89][0x15]yO[0x4]|a)[0xffffffb1][0xffffff9c]R"[0xffffffa2][0xffffffc8][0xffffffa4][0xffffff84][0x2][0xffffff92]I[0xffffff89][0xffffff88]e~J[0xffffffec]pf[0xffffffa7][0xffffffc4][0xffffff8e][0xffffffa8]SJ[0x8]y[0xffffffb2])!][0xffffffca][0xffffffa6][0xffffff84]P+[0xffffff97][0x12][0xffffffc1][0xffffffb4]TJ[0x4][0xfffffff1]^J[0xffffff89]b[0xffffff96][0x12][0x5]O[0xffffff89]b[0xffffff90][0x12][0x5]M[0xffffff89][0xffffff82][0xffffffa5]DqJ[0xffffff89][0x1d]E*%"[0xffffff90]TJ[0xffffffec]X[0x12])Q[0xffffffe0][0xffffff94]([0xffffffc6])[0x11][0xffffffe4]I[0xffffffa7][0xffffff84]p)[0xffffff9d][0x12]A[0xffffffad]dJ[0x14][0xffffff97][0xffffff94](?[0xffffff9b][0x12][0xffffffe7]M[0xffffffbd][0xffffff95][0x18][0xffffffd8][0xffffffb5][0xffffffcb][0xffffffb7][0xfffffff3][0xffffffb0])[0xfffffff1]8[0x1][0xffffff9c][0x12][0xffffffdf][0xffffffcf][0xffffff80][0xffffffa4][0xffffffc4][0xffffffe3][0xffffffe9]HJ|{[0xffffffb2]EJ[0x8][0x14][0xffffff91][0xffffff94][0xffffff90]@")![0xffffffb0]LO[0xffffff89][0x0]grJ[0x4]D[0xffffff8d]RB[0xffffffc9][0x13]"
18:17:44.603 [TestNG-tests-1] DEBUG org.apache.hc.client5.http.wire - http-outgoing-3 << "M[0x9][0xffffffed]R4%[0xffffff94]Z[0xffffffb1][0xffffff94][0xffffff88][0xffffffa6][0xffffff85]R"[0xffffff8a][0xfffffff7]BJ[0x1c]*%[0xffffffe6][0xffffffd9][0xffffffa8][0xffffff94]8[0xfffffff0][0xffffff94]8[0xc]R[0xffffffe2][0xffffff88][0xffffffbc]'[0x2]~`)q8[0xffffffa5]DD[0xffffff91]I[0x9][0x5]$[0xffffff93][0x12][0x11][0xffffffcb][0xfffffffc][0xffffff94][0xffffffd8][0xffffffe1][0xffffffcc]N[0xffffff89][0x1d]Q[0xffffffa7][0xffffff94][0x10][0xfffffff2]dSB[0xffffffba][0xffffff94]M[0x9][0xffffffa1]V.%[0xffffff82]i[0xffffffa9][0xffffff94][0x8][0xffffffe2][0xffffffbd][0xffffff90][0x12]jEU[0xffffffab]7[0xffffffea][0x7][0xffffff8e][0x13]_Qu[0x1a][0xffffffac][0xffffffa8]:[0xffffffc5][0x1e][0xffffff95]D[0xffffffc0][0xffffffb1][0x15]Ug[0xffffffd8][0xffffff94]B[0xffffffa6][0xffffff84][0xffffffc9][0xffffff8a]*[0x9]$[0xffffff93][0x12][0x6]+[0xffffffaa][0x2][0xffffff9c][0xffffffd9])a[0xffffffbc][0xffffffa2]J[0xffffffc9][0xffffff93]M[0x9][0xffffffbf][0x15]UJ[0xffffffad]\J[0xffffffb8][0xffffffac][0xffffffa8][0xffffff8a][0xffffffe2][0xffffffbd][0xffffff94][0x12][0xfffffff1][0xffffffae][0x4][0xffffff9b][0x12][0xfffffff0]][0xffffff89][0xffffffc7][0x9][0xfffffff8][0xffffff94][0x0][0xffffffef]J<[0xffffff9e]N[0xffffffa5][0xffffff84][0xffffffcf]][0x9][0xffffff81]"[0xffffff95][0x12]&w%[0x4][0xffffff96]DJ[0xffffffa0]w%[0x2][0xffffffa2]^)[0xffffffe1]uWB[0xffffffbb][0xffffff94]N[0x9][0xffffff9f][0xffffffbb][0x12][0xffffffd1][0xffffffb4]\J[0xfffffffc][0xfffffffc]][0xffffff89][0xffffffaa][0xffffffde]J[0xffffffb4][0xffffffb3]S)Q[0xfffffff1][0xffffffb7][0x12][0xffffffd5][0xffffffe0][0xffffffad]D[0xffffff8d][0xffffffe9][0xffffff9c][0x8]x[0xffffffc5][0xffffffde]JT[0xffffffa7][0xffffffb7][0x12][0x11]E&%[0x14][0xffffff90]LJD,[0xfffffff3]Sb[0xffffff87]3;%vD[0xffffff9d]RB[0xffffffc8][0xffffff93]M[0x9][0xffffffe9]R6%[0xffffff84]Z[0xffffffb9][0xffffff94][0x8][0xffffffa6][0xffffffa5]R"[0xffffff88][0xfffffff7]BJ4[0xffffff95][0x12]s6*%[0x1a][0xffffff9e][0x12][0xffffffcd] %Z[0xffffffe4]=[0x11][0xfffffff0][0xffffff86][0xffffffa5]DsJ[0xffffff89][0xffffff88]"[0xffffff93][0x12][\n]"
18:17:44.603 [TestNG-tests-1] DEBUG org.apache.hc.client5.http.wire - http-outgoing-3 << "H&%"[0xffffff96][0xfffffff9])[0xffffffb1][0xffffffc3][0xffffff99][0xffffff9d][0x12];[0xffffffa2]N)![0xffffffe4][0xffffffc9][0xffffffa6][0xffffff84]t)[0xffffff9b][0x12]B[0xffffffad]\J[0x4][0xffffffd3]R)[0x11][0xffffffc4]{!%[0xffffffd4][0xffffffb6][0xffffffcb]~+[0xfffffff9][0xffffffdf][\r][0xfffffffd]<[0xf][0xffffff9c][0x12][0x6][0xffffffdb].O[0xffffffb1][0xffffff92]-[0x11]pl[0xffffffdb][0xffffffe5][0x19][0xffffff96][0xffffffae][0xffffff91])a[0xffffffb2][0xffffffed]R[0x2][0xffffffc9][0xffffffa4][0xffffff84][0xffffffc1][0xffffffb6][0xffffffcb][0x0]gvJ[0x18]o[0xffffffbb]T[0xfffffff2]dS[0xffffffc2]o[0xffffffdb][0xffffffa5]R+[0xffffff97][0x12].[0xffffffdb].[0xffffffa3]x/[0xffffffa4][0xffffffc4]P)[0xffffffd1][0xe]jq[0xfffffff6][0xffffffdb]y[0xffffffe0][0xffffff94][0x18][0x6])1"[0xffffffef][0xffffff89][0xffffff80][0xf],%[0xffffff86]SJD[0x14][0xffffff99][0xffffff94]P@2)[0x11][0xffffffb1][0xffffffcc]O[0xffffff89][0x1d][0xffffffce][0xffffffec][0xffffff94][0xffffffd8][0x11]uJ[0x9]!O6%[0xffffffa4]K[0xffffffd9][0xffffff94][0x10]j[0xffffffe5]R"[0xffffff98][0xffffff96]J[0xffffff89] [0xffffffde][0xb])q[0xffffffaa][0xffffff94][0xffffffe8][0xffffffd8][0xffffff8a][0xffffffaa][0xffffffb7][0xfffffff3][0xffffffc0])q[0x1a][0xffffffa4][0xffffffc4][0x19]yO[0x4][0xfffffffc][0xffffffc4]R[0xffffffe2]tJ[0xffffff89][0xffffff88]"[0xffffff93][0x12][\n]"
18:17:44.603 [TestNG-tests-1] DEBUG org.apache.hc.client5.http.wire - http-outgoing-3 << "H&%"[0xffffff96][0xfffffff9])[0xffffffb1][0xffffffc3][0xffffff99][0xffffff9d][0x12];[0xffffffa2]N)![0xffffffe4][0xffffffc9][0xffffffa6][0xffffff84]t)[0xffffff9b][0x12]B[0xffffffad]\J[0x4][0xffffffd3]R)[0x11][0xffffffc4]{!%[0xffffffd4]78[0xfffffffa][0xffffff9c][0xffffffd4]78N[0xfffffffc][0x1b][0x1c][0xffffffa7][0xffffffc1]78N[0xffffffb1](>[0x11]p[0xffffffec][0x1b][0x1c]gX[0x5]O[0xffffffa6][0xffffff84][0xffffffc9]78$[0xffffff90]LJ[0x18]|[0xffffff83]#[0xffffffc0][0xffffff99][0xffffff9d][0x12][0xffffffc6][0xffffffdf][0xffffffe0]P[0xfffffff2]dS[0xffffffc2][0xffffffef][0x1b][0x1c]J[0xffffffad]\J[0xffffffb8]|[0xffffff83]#[0xffffff8a][0xfffffff7]BJ[0xffffffa8]op[0xfffffff4]U[0xffffffb1]m[0xffffff97][0xfffffff8]78N[0xffffff83]op[0xffffff9c]bQ|"[0xffffffe0][0xffffffd8]78[0xffffffce][0xffffffb0][\n]"
18:17:44.603 [TestNG-tests-1] DEBUG org.apache.hc.client5.http.wire - http-outgoing-3 << "[0xffffff9e]L[0x9][0xffffff93]opH [0xffffff99][0xffffff94]0[0xfffffff8][0x6]G[0xffffff80]3;%[0xffffff8c][0xffffffbf][0xffffffc1][0xffffffa1][0xffffffe4][0xffffffc9][0xffffffa6][0xffffff84][0xffffffdf]78[0xffffff94]Z[0xffffffb9][0xffffff94]p[0xfffffff9][0x6]G[0x14][0xffffffef][0xffffffeb])1[0xffffffd5][0xffffffe2][0xffffffec][0xffffffbe][0x6]uWb[0xffffffe2][0xffffff8b][0xffffffb3][0xffffffa7][0xffffffc1][0xffffffe2][0xffffffec])[0xffffffb6][0xffffffbb][0xffffffe6][0x1]>[0xffffffb1][0xffffffc5][0xffffffd9]3[0xffffffec]o[0x5]SB[0xffffffa0][0xffffff88][0xffffffa4][0xffffff84][0x4][0x12]I[0x9][0xffffff81]ezJ[0x4]8[0xffffff93]S" j[0xffffff94][0x12]J[0xffffff9e]hJh[0xffffff97][0xffffffa2])[0xffffffa1][0xffffffd4][0xffffff8a][0xffffffa5]D4-[0xffffff94][0x12]Q[0xffffffbc][0x17]RB-[0xffffffce][0xffffffee]kQ{%&[0xffffffbe]8{[0x1a],[0xffffffce][0xffffff9e]b[0xffffffbb]k"[0xffffffe0][0xffffffd8][0xffffffe2][0xffffffec][0x19][0xfffffff6][0xffffffb7][0xffffff92])a[0xffffffb2]8[[0x2][0xffffffc9][0xffffffa4][0xffffff84][0xffffffc1][0xffffffe2][0xffffffec][0x0]gvJ[0x18]/[0xffffffce]V[0xfffffff2]dS[0xffffffc2]oq[0xffffffb6]R+[0xffffff97][0x12].[0xffffff8b][0xffffffb3][0xffffffa3]x/[0xffffffa4]D[0x15])1[0xffffff8e]U[0xffffffa9][0xffffff94][0xffffffa8]xJT[0xffffff83][0xffffff94][0xffffffa8][0xffffff91][0xfffffff7]D[0xffffffc0]+[0xffffff96][0x12][0xffffffd5])%"[0xffffff8a]LJ( [0xffffff99][0xffffff94][0xffffff88]X[0xffffffe6][0xffffffa7][0xffffffc4][0xe]gvJ[0xffffffec][0xffffff88]:[0xffffffa5][0xffffff84][0xffffff90]'[0xffffff9b][0x12][0xffffffd2][0xffffffa5]lJ[0x8][0xffffffb5]r)[0x11]LK[0xffffffa5]D[0x10][0xffffffef][0xffffff85][0xffffff94]P+[0xffffffaa]F[0x1f][0xffffff93]J[0x9]|E[0xffffffd5]4XQ5[0xffffffc5][0x1e][0xffffff95]D[0xffffffc0][0xffffffb1][0x15]U3lJ!S[0xffffffc2]dE[0xffffff95][0x4][0xffffff92]I[0x9][0xffffff83][0x15]U[0x1][0xffffffce][0xffffffec][0xffffff94]0^Q[0xffffffa5][0xffffffe4][0xffffffc9][0xffffffa6][0xffffff84][0xffffffdf][0xffffff8a]*[0xffffffa5]V.%\VTE[0xfffffff1]^H[0x9][0xffffffb5][0xffffffa2]j[0xffffff9c][0x5]K[0x9]|E[0xffffffd5]4XQ5[0xffffffc5][0x1e][0xffffff95]D[0xffffffc0][0xffffffb1][0x15]U3lJ!S[0xffffffc2]dE[0xffffff95][0x4][0xffffff92]I[0x9][0xffffff83][0x15]U[0x1][0xffffffce][0xffffffec][0xffffff94]0^Q[0xffffffa5][0xffffffe4][0xffffffc9][0xffffffa6][0xffffff84][0xffffffdf][0xffffff8a]*[0xffffffa5]V.%\VTE[0xfffffff1]^H[0x9][0xffffffb5][0xffffffa2][0xffffffea]<[0x1a][0xfffffff6][0x3][0x7][0xffffffbe][0xffffffa2]j[0x1a][0xffffffac][0xffffffa8][0xffffff9a]b[0xffffff8f]J"[0xffffffe0][0xffffffd8][0xffffff8a][0xffffffaa][0x19]6[0xffffffa5][0xffffff90])a[0xffffffb2][0xffffffa2]J[0x2][0xffffffc9][0xffffffa4][0xffffff84][0xffffffc1][0xffffff8a][0xffffffaa][0x0]gvJ[0x18][0xffffffaf][0xffffffa8]R[0xfffffff2]dS[0xffffffc2]oE[0xffffff95]R+[0xffffff97][0x12].+[0xffffffaa][0xffffffa2]x/[0xffffffa4][0xffffff84]ZQu[0xffffffd6][0x3]K[0x9]|E[0xffffffd5]4XQ5[0xffffffc5][0x1e][0xffffff95]D[0xffffffc0][0xffffffb1][0x15]U3lJ!S[0xffffffc2]dE[0xffffff95][0x4][0xffffff92]I[0x9][0xffffff83][0x15]U[0x1][0xffffffce][0xffffffec][0xffffff94]0^Q[0xffffffa5][0xffffffe4][0xffffffc9][0xffffffa6][0xffffff84][0xffffffdf][0xffffff8a]*[0xffffffa5]V.%\VTE[0xfffffff1]^H[0x9][0xffffffb5][0xffffffa2][0xffffffea]<[0xffffffb1][0xffffffc5][0xffffffd9][0x13]_Q5[\r]VTM[0xffffffb1]G%[0x11]plE[0xffffffd5][0xc][0xffffff9b]R[0xffffffc8][0xffffff94]0YQ%[0xffffff81]dR[0xffffffc2]`EU[0xffffff80]3;%[0xffffff8c]WT)y[0xffffffb2])[0xffffffe1][0xffffffb7][0xffffffa2]J[0xffffffa9][0xffffff95]K[0x9][0xffffff97][0x15]UQ[0xffffffbc][0x17]RB[0xffffffad][0xffffffa8]:[0xffffffd7][\r]K[0x9]|E[0xffffffd5]4XQ5[0xffffffc5][0x1e][0xffffff95]D[0xffffffc0][0xffffffb1][0x15]U3lJ!S[0xffffffc2]dE[0xffffff95][0x4][0xffffff92]I[0x9][0xffffff83][0x15]U[0x1][0xffffffce][0xffffffec][0xffffff94]0^Q[0xffffffa5][0xffffffe4][0xffffffc9][0xffffffa6][0xffffff84][0xffffffdf][0xffffff8a]*[0xffffffa5]V.%\VTE[0xfffffff1][0xffffffbe][0xffffff9e][0x12]K[0xffffffad][0xffffffa8][0xffffff9a][0xfffffff5]hPJ,|E[0xffffffd5]2XQ[0xffffffb5][0xffffffc4][0x1e][0xffffff95]<[0xffffffc0][0x17][0xffffffb6][0xffffffa2]j[0xffffff85]M)`J[0x8][0x14][0xffffff91][0xffffff94][0xffffff90]@")![0xffffffb0]LO[0xffffff89][0x0]grJ[0x4]D[0xffffff8d]RB[0xffffffc9][0x13]M[0x9][0xffffffed]R4%[0xffffff94]Z[0xffffffb1][0xffffff94][0xffffff88][0xffffffa6][0xffffff85]R"[0xffffff8a][0xfffffff7]BJ[0xffffffa8][0x15]U[0xffffffb3][0x15][0xffffffea][0xffffffae][0xffffffc4][0xffffffc2]WT-"
18:17:44.603 [TestNG-tests-1] DEBUG org.apache.hc.client5.http.wire - http-outgoing-3 << "[0xffffff83][0x15]UK[0xffffffec]QI[0x4][0x1c][Q[0xffffffb5][0xffffffc2][0xffffffa6][0x14]2%LVTI [0xffffff99][0xffffff94]0XQ[0x15][0xffffffe0][0xffffffcc]N[0x9][0xffffffe3][0x15]UJ[0xffffff9e]lJ[0xfffffff8][0xffffffad][0xffffffa8]Rj[0xffffffe5]R[0xffffffc2]eEU[0x14][0xffffffef][0xffffff85][0xffffff94](*%f[0xffffffa3]~[0xffffffe0]x;[0xf][0xffffff9c][0x12][0xffffffc5] %J[0xffffffe4]=[0x11][0xfffffff0][0xffffff82][0xffffffa5]DqJ[0xffffff89][0xffffff88]"[0xffffff93][0x12][\n]"
18:17:44.604 [TestNG-tests-1] DEBUG org.apache.hc.client5.http.wire - http-outgoing-3 << "H&%"[0xffffff96][0xfffffff9])[0xffffffb1][0xffffffc3][0xffffff99][0xffffff9d][0x12];[0xffffffa2]N)![0xffffffe4][0xffffffc9][0xffffffa6][0xffffff84]t)[0xffffff9b][0x12]B[0xffffffad]\J[0x4][0xffffffd3]R)[0x11][0xffffffc4]{!%[0xffffffaa]L[0xffffff89][0xffffff89][0xffffffa5]D[0xffffffc5]S[0xffffffa2][0x1a][0xffffffa4]D[0xffffff8d][0xffffffbc]'[0x2]^[0xffffffb1][0xffffff94][0xffffffa8]N)[0x11]QdRB[0x1][0xffffffc9][0xffffffa4]D[0xffffffc4]2?%v8[0xffffffb3]SbG[0xffffffd4])%[0xffffff84]<[0xffffffd9][0xffffff94][0xffffff90].eSB[0xffffffa8][0xffffff95]K[0xffffff89]`Z*%[0xffffff82]x/[0xffffffa4][0xffffff84][0xffffffda]v9W)TJ[0xffffffe0][0xffffffdb].[0xffffff97][0xffffffc1][0xffffffb6][0xffffffcb]%V[0xffffffb2]%[0x2][0xffffff8e]m[0xffffffbb]\a[0xffffffe9][0x1a][0xffffff99][0x12]&[0xffffffdb].%[0xffffff90]LJ[0x18]l[0xffffffbb][0xc]pf[0xffffffa7][0xffffff84][0xfffffff1][0xffffffb6]K%O6%[0xfffffffc][0xffffffb6]]*[0xffffffb5]r)[0xffffffe1][0xffffffb2][0xffffffed]2[0xffffff8a][0xfffffff7]BJ[0xffffffa8]m[0xffffff97]s[0xfffffff5][0xffffff83]J[0x9]|[0xffffffdb][0xffffffe5]2[0xffffffd8]v[0xffffffb9][0xffffffc4]J[0xffffffb6]D[0xffffffc0][0xffffffb1]m[0xffffff97]+,]#S[0xffffffc2]d[0xffffffdb][0xffffffa5][0x4][0xffffff92]I[0x9][0xffffff83]m[0xffffff97][0x1][0xffffffce][0xffffffec][0xffffff94]0[0xffffffde]v[0xffffffa9][0xffffffe4][0xffffffc9][0xffffffa6][0xffffff84][0xffffffdf][0xffffffb6]K[0xffffffa5]V.%\[0xffffffb6]]F[0xfffffff1]^H[0x9][0xffffffb5][0xffffffed]r[0xffffffdd]n'[0xffffff95][0x12][0xfffffff8][0xffffffb6][0xffffffcb]e[0xffffffb0][0xffffffed]r[0xffffff89][0xffffff95]l[0xffffff89][0xffffff80]c[0xffffffdb].WX[0xffffffba]F[0xffffffa6][0xffffff84][0xffffffc9][0xffffffb6]K[0x9]$[0xffffff93][0x12][0x6][0xffffffdb].[0x3][0xffffff9c][0xffffffd9])a[0xffffffbc][0xffffffed]R[0xffffffc9][0xffffff93]M[0x9][0xffffffbf]m[0xffffff97]J[0xffffffad]\J[0xffffffb8]l[0xffffffbb][0xffffff8c][0xffffffe2][0xffffffbd][0xffffff90][0x12]j[0xffffffdb][0xffffffe5]::[0xfffffff5][\r][0xffffff8e][0xffffff85]o[0xffffffbb]\[0x6][0xffffffdb].[0xffffff97]X[0xffffffc9][0xffffff96][0x8]8[0xffffffb6][0xffffffed]r[0xffffff85][0xffffffa5]kdJ[0xffffff98]l[0xffffffbb][0xffffff94]@2)a[0xffffffb0][0xffffffed]2[0xffffffc0][0xffffff99][0xffffff9d][0x12][0xffffffc6][0xffffffdb].[0xffffff95]<[0xffffffd9][0xffffff94][0xfffffff0][0xffffffdb]v[0xffffffa9][0xffffffd4][0xffffffca][0xffffffa5][0xffffff84][0xffffffcb][0xffffffb6][0xffffffcb]([0xffffffde]K)Q[0xffffffcc]R[0xffffffa2][0xffffffe0])Q[0xc]R[0xffffffa2][0xffffffa0])Q[0xffffffb0][0xffffff94](N)[0xffffffb1][0xffffffa3]H[0xffffffa5]D[0x4][0xffffff92]J[0xffffff89][0x1d]K"%[\n]"
18:17:44.604 [TestNG-tests-1] DEBUG org.apache.hc.client5.http.wire - http-outgoing-3 << "[0xffffff9c][0x12][0xffffffc5]8%[0xffffff82]<[0xffffffe9][0xffffff94][0x10].[0xffffffa5]S"[0xffffffa8][0xffffff95]L[0xffffff89][0xffffffe2][0xffffff92][0x12][0xffffffe5][0xffffffa7]SB-[0xffffffce]^[0xffffffa3]b{%[0xfffffff0][0xffffffc5][0xffffffd9][0xffffffcb]`q[0xfffffff6][0x12][0xffffffdb]][0x13][0x1][0xffffffc7][0x16]g[0xffffffaf][0xffffffb0][0xffffffbf][0xffffff95]L[0x9][0xffffff93][0xffffffc5][0xffffffd9][0x12]H&%[0xc][0x16]g[0x7]8[0xffffffb3]S[0xffffffc2]xq[0xffffffb6][0xffffff92]'[0xffffff9b][0x12]~[0xffffff8b][0xffffffb3][0xffffff95]Z[0xffffffb9][0xffffff94]pY[0xffffff9c][0x1d][0xffffffc5]{!%[0xffffffd4][0xffffffe2][0xffffffec]5[0xf][0xffffffec][0xffffffae][0x4][0xffffffbe]8{[0x19],[0xffffffce]^b[0xffffffbb]k"[0xffffffe0][0xffffffd8][0xffffffe2][0xffffffec][0x15][0xfffffff6][0xffffffb7][0xffffff92])a[0xffffffb2]8[[0x2][0xffffffc9][0xffffffa4][0xffffff84][0xffffffc1][0xffffffe2][0xffffffec][0x0]gvJ[0x18]/[0xffffffce]V[0xfffffff2]dS[0xffffffc2]oq[0xffffffb6]R+[0xffffff97][0x12].[0xffffff8b][0xffffffb3][0xffffffa3]x_N[0xffffff89]z[0xffffffbb][0xffffffc5][0x1f]8[0xffffffc6][0xffffffed]Fm[0xffffffbb]|[0xffffff9c][0x7]M[0xffffff89][0xfffffff7][0x13][0xffffffb0])[0xfffffff1]y[0x6]"%[0xffffffde][0xffffff9f]N[0xffffffa4][0xffffffc4][0xfffffff7]';[0xffffffa4][0xffffff84]B[0xffffff91]H[0x9][\r]$[0xffffff91][0x12][\n]"
18:17:44.604 [TestNG-tests-1] DEBUG org.apache.hc.client5.http.wire - http-outgoing-3 << "[0xffffffcb][0xffffffec][0xffffff94][0xffffff88]p[0xffffffe6][0xffffffa6]DD[0xffffffd4]'%[0xffffffa4]<[0xffffffc9][0xffffff94]x[0xffffffe2]R2%[0xffffffa4]Z[0xffffffa9][0xffffff94][0x10][0xffffffa6]eRB[0xffffff88][0xfffffff7]RJT[0xffffffb3][0xffffff94][0xffffffa8]xJT[0xffffff83][0xffffff94][0xffffffa8]hJT,%[0xffffffaa]SJ[0xffffffec](R)[0x11][0xffffff81][0xffffffa4]Rb[0xffffffc7][0xffffff92]H[0xffffff89][\n]"
18:17:44.604 [TestNG-tests-1] DEBUG org.apache.hc.client5.http.wire - http-outgoing-3 << "[0xffffffa7]D5N[0xffffff89] O:%[0xffffff84]K[0xffffffe9][0xffffff94][0x8]j%S[0xffffffa2][0xffffffba][0xffffffa4]D[0xfffffffd][0xffffffe9][0xffffff94][0x10][0xffffffdf][0xffffffe0][0x18][0xffffffb7]F}[0xffffffce][0xffffffeb]q[0x1e]8%[0xfffffff8]op|[0xffffff9e][0xffffff81]I[0x9][0xffffffea][0x1b][0x1c][0xffffffdf][0xffffff9f][0xffffffec][0xffffff91][0x12][0x1e][0xffffffdf][0xffffffe0][0xffffffd0]@2)[0xffffffc1][0x7f][0xffffff83]#[0xffffffc2][0xffffff99][0xffffff9d][0x12][0xffffffbe][0xffffffdf][0xffffffe0][0xffffff90][0xfffffff2]dS[0xffffffc2][0xffffffee][0x1b][0x1c]R[0xffffffad]\J[0xffffff98]|[0xffffff83]C[0xffffff88][0xfffffff7]RJ[0xffffff88][0x1f]8[0xffffffd0][0xffffff94][0xffffffa0][0x7f][0xffffffe0]8[0xc]~[0xffffffe0]8[0xffffffe2][[0xffffffb8]T[0xffffffc0][0xffffffa9][0x1f]8[0xe][0xffffffa7][0x1f]8"[0xffffff8a]TJ[0xffffffb8][0xfffffffc][0xffffffc0][0x11][0xffffffb1]$R[0xffffff82][0xfffffffd][0xffffff81]cG[0xffffffd4]+%[0xffffffcc]~[0xffffffe0][0xffffff90].[0xffffffa5]S[0xffffffc2][0xffffffe8][0x7][0xffffff8e]`Z.%~[0xfffffffe][0x7][0xe][0xffffffb1][0xffffffa2]j[0x1c]kA[0xffffffdf][0xffffffe0]x[0xffffff9c][0x7]N[0x9]~E[0xffffffd5][0xffffffe7][0x19][0xffffff98][0xffffff94][0xffffffa0]VT}[0x7f][0xffffffb2]GJx[0xffffffac][0xffffffa8][0xffffffd2]@2)[0xffffffc1][0xffffffaf][0xffffffa8][0xffffff8a]pf[0xffffffa7][0xffffff84][0xffffffef][0xffffff8a]*)O6%[0xffffffec]VTI[0xffffffb5]r)a[0xffffffb2][0xffffffa2]J[0xffffff88][0xfffffff7]RJ[0xffffffc4][0xffffffb7][0x12]lJ[0xffffffd0]o%[0xffffff86][0xffffffc1][[0xffffff89][0x11][0xffffffd3]9[0x15]p[0xffffffea][0xffffffad][0xffffffc4]pz+[0x11]Q[0xffffffa4]R[0xffffffc2][0xffffffe5][0xffffffad]D[0xffffffc4][0xffffff92]H[0x9][0xfffffff6][0xffffffad][0xffffffc4][0xffffff8e][0xffffffa8]WJ[0xffffff98][0xffffffbd][0xffffff95][0xffffff90].[0xffffffa5]S[0xffffffc2][0xffffffe8][0xffffffad]D0-[0xffffff97][0x12]?[0xffffffff]VBl[0xffffffbb][0x1c][0xffffffe5]6[0x1b][0xffffff95][0x12][0xfffffff4][0xffffffb6][0xffffffcb][0xfffffff7][0x13][0xffffffd0])An[0xffffffbb]|[0x7f]:[0xffffff93][0x12]F[0xffffffdb].[0x15][0xffffff8a]LJ[0xffffffb8]l[0xffffffbb]TX[0xffffffe6][0xffffffa7][0x4][0xffffffbb][0xffffffed]2"[0xffffffea][0xffffff94][0x12]f[0xffffffdb].[0xffffff9f][0xffffffb8][0xffffff94]M[0x9][0xffffffa3]m[0xffffff97][0xffffffc2][0xffffffb4]TJ[0xfffffffc][0xfffffffc][0xffffffb6][0xffffffcb]z[0x13]+[0xffffffaa]F[0xffffffb9][0xffffffff]_*%[0xffffffe8][0x15]U[0xffffffef]'[0xffffffa0]S[0xffffff82]\Q[0xfffffff5][0xfffffffe]t&%[0xffffff8c]VT)[0x14][0xffffff99][0xffffff94]pYQ[0xffffffa5][0xffffffb0][0xffffffcc]O[0x9]vEUD[0xffffffd4])%[0xffffffcc]VT=q)[0xffffff9b][0x12]F+[0xffffffaa][0xffffff84]i[0xffffffa9][0xffffff94][0xfffffff8][0xfffffff9][0x15]U[0xfffffff5]&VT[0xffffffdd]Sb@_[0x6]}[0xffffff9c][0x7]N[0x9]~E[0xffffffd5][0xffffffe7][0x19][0xffffff98][0xffffff94][0xffffffa0]VT}[0x7f][0xffffffb2]GJx[0xffffffac][0xffffffa8][0xffffffd2]@2)[0xffffffc1][0xffffffaf][0xffffffa8][0xffffff8a]pf[0xffffffa7][0xffffff84][0xffffffef][0xffffff8a]*)O6%[0xffffffec]VTI[0xffffffb5]r)a[0xffffffb2][0xffffffa2]J[0xffffff88][0xfffffff7][0xfffffff5][0xffffff94]8n2%[0xffffffd6][0xffffff82]R[0xffffffe2][0xffffffed]<lJ<N[0x0][0xffffffa7][0xffffffc4][0xfffffff7]3 )[0xfffffff1]x:[0xffffff92][0x12][0xffffffdf][0xffffff9e]l[0xffffff91][0x12][0x2]E$%$[0xffffff90]HJ[0x8],[0xffffffd3]S"[0xffffffc0][0xffffff99][0xffffff9c][0x12][0x1]Q[0xffffffa3][0xffffff94]P[0xfffffff2]DSB[0xffffffbb][0x14]M[0x9][0xffffffa5]V,%[0xffffffa2]i[0xffffffa1][0xffffff94][0xffffff88][0xffffffe2][0xffffffbd][0xffffff90][0x12]j[0xffffffaf]D[0xffffffa9]'[0xfffffff5]V[0xffffffe2][0xffffffc0][0xfffffff7]J[0x1c][0x6]{%[0xe]1[0xfffffffc][0xffffff9c][0x8]8[0xffffffb6]W[0xffffffe2][0x8][0xffffffe3][0xffffffcd]dJ[0xffffff98][0xffffffec][0xffffff95][0xffffff90]@2)a[0xffffffb0]W"[0xffffffc0][0xffffff99][0xffffff9d][0x12][0xffffffc6]{%[0xffffff94]<[0xffffffd9][0xffffff94][0xfffffff0][0xffffffdb]+[0xffffffa1][0xffffffd4][0xffffffca][0xffffffa5][0xffffff84][0xffffffcb]^[0xffffff89]([0xffffffde][0xb])QTJ[0xfffffff4][0x1b]uW[0xffffffe2][0xffffffed]<pJ"
18:17:44.605 [TestNG-tests-1] DEBUG org.apache.hc.client5.http.wire - http-outgoing-3 << "[0x14][0xffffff83][0xffffff94]([0xffffff91][0xfffffff7]D[0xffffffc0][0xb][0xffffff96][0x12][0xffffffc5])%"[0xffffff8a]LJ( [0xffffff99][0xffffff94][0xffffff88]X[0xffffffe6][0xffffffa7][0xffffffc4][0xe]gvJ[0xffffffec][0xffffff88]:[0xffffffa5][0xffffff84][0xffffff90]'[0xffffff9b][0x12][0xffffffd2][0xffffffa5]lJ[0x8][0xffffffb5]r)[0x11]LK[0xffffffa5]D[0x10][0xffffffef][0xffffffa5][0xffffff94][0xffffff88][0xffffffc3][0xffffffa0]lJ[0xffffffc0][0xffffffc3][0xffffffa0][0xffffff8f][0x13][0xfffffff0])[0x1][0xe][0xffffff83]>[0xffffff9e]N[0xffffffa5][0xffffff84][0xffffffcf]0[0xffffffa8]@[0xffffff91]J[0x9][0xffffff93]aP[0xffffff81]%[0xffffff91][0x12][0xffffffe8]0h@[0xffffffd4]+%[0xffffffbc][0xffffff86]A[0xffffffb5]K[0xffffffe9][0xffffff94][0xfffffff0][0x19][0x6][0xffffff8d][0xffffffa6][0xffffffe5]R[0xffffffe2][0xffffffa7][0xffffff87]A[0xffffffef][0xffffffff][0xffffff8c]f[0xffffff96][0x12][\r]O[0xffffff89]f[0xffffff90][0x12][\r]M[0xffffff89][0xffffff86][0xffffffa5]DsJ[0xffffff89][0x1d]E*%"[0xffffff90]TJ[0xffffffec]X[0x12])[0xffffffd1][0xffffffe0][0xffffff94]h[0xffffffc6])[0x11][0xffffffe4]I[0xffffffa7][0xffffff84]p)[0xffffff9d][0x12]A[0xffffffad]dJ4[0xffffff97][0xffffff94]h[0x7f][0xffffff87][0xffffff94]8[0xffffffdc]~[0xffffffe1]8[0xfffffff8][0xffffff9f]8[0xffffffee]G[0xffffffe0]k[0xffffffe2][0xffffffe3][0x10]TN[0x1c][0xffffffdc][0xffffffaf][0x1c][0xffffff87][0xffffffd5][0xffffffcf][0x1c][0xffffff81]G[0xffffffaa]([0x4][0xffffff95]TR[0x4]6[0xffffff89][0xffffffa6]8[0xffffffe8][0xffffff9f]:[0xe][0xffffffe7][0xffffffdf]:[0xffffffa2]F[0xffffffe9][0xffffffac]PV[0xffffffa5][0xffffffbb]"J[0xffffff96][0xc][0xffffff8b][0xffffffdd][0xffffffb9]\Y[0xffffffec][\n]"
18:17:44.605 [TestNG-tests-1] DEBUG org.apache.hc.client5.http.wire - http-outgoing-3 << "[0xffffffbe][0xffffff94][0x16][0xffffffc5][0xffffffee][0x17][0xf][0xffffff83][0xffffff9f]<,~[0xfffffff3][0xffffff80][0x7f][0xfffffff4][0x0][0x7f][0xfffffff5][0xfffffff0][0xfffffffa][0xffffffd9][0xffffffc3][0xffffffe6]w[0xf][0xffffffa3][0x1f]>,~[0xfffffff9][0xffffffc0][0x7f][0xfffffffa][0xffffffb0][0xfffffffe][0xffffffed][0xffffffc3][0xffffffef][0xffffffc7][0xf][0xffffffc7]_?[0xffffffbc]~[0xfffffffe][0xfffffff0][0xfffffff9][0xfffffffd][0xffffffe3][0xffffffef][0xfffffff1][0x3]H[0xffffff99]ni1[0xfffffff9][0xffffffb4][0xffffff98][0xe]i1[0xffffffd9][0xffffffb4][0xffffff98]\ZL[0xffffffab][0xffffffb4][0xffffffd8]y[0xffffffc4][0xffffffd2]"R[0xffffff89][0xffffffa5][0xffffffc5][0xffffffce]&[0xffffff92][0x16][0xffffff93]N[0xffffff8b][0xffffffe9][0xffffff9c][0x16]A[0xffffffa3]xZ[0x8][0xffffffab][0xffffffe2]i[0x11]$[0xffffff8b][0xffffffa6][0xffffffc5][0xffffffb4]I[0xffffff8b][0xfffffff9]wH[0xffffff8b]6[0xffffffcc][0xffffffd2][0xffffffa2][\r]<-[0xffffffee]G[0xffffffe0][0xffffffd3][0xffffffe2][0xffffffe3][0x10]TZ[0xffffffdc][0x1f]O[0xffffffa5][0xffffffc5][0xfffffffb][0xffffffa3]][0xffffffd2]"[0xfffffff0]H[0xffffffa5][0xffffff85][0xffffffa0][0xffffff92]J[0xffffff8b][0xffffffc0]&[0xffffff91][0x16][0x1b][0xffffffa1][0xfffffff9]i[0xffffffb1]q[0xffffffea][0xffffff95][0x16]Q[0xffffffa3]tZ([0xffffffab][0xffffffd2]i[0x11]%K[0xffffffa6][0xffffffc5][0xffffffee]\.-v[0x5]_J[0xffffff8b][0xffffffee][0xfffffff6][0xffffffd6][0xffffffa2][0xfffffff3]o-[0xffffffba][0xffffffc3][[0xffffff8b][0xffffffce][0xffffffbe][0xffffffb5][0xffffffe8][0xffffffdc][[0xffffff8b]n[0xfffffff5][0xffffffd6]"[0xfffffff0]H[0xffffffa5][0xffffff85][0xffffffa0][0xffffff92]J[0xffffff8b][0xffffffc0]&[0xffffff91][0x16][0xffffff9d]~k[0xffffffd1][0xffffff9d][0xffffffdf]ZD[0xffffff8d][0xffffffd2]i[0xffffffa1][0xffffffac]J[0xffffffa7]E[0xffffff94],[0xffffff99][0x16][0xffffffbb]s[0xffffffb9][0xffffffb4][0xffffffd8][0x15]|)-[0xffffffa6][0xffffffdb][[0xffffff8b][0xffffffc9][0xffffffbf][0xffffffb5][0xffffff98][0xe]o-&[0xfffffffb][0xffffffd6]bro-[0xffffffa6][0xffffffd5][[0xffffff8b][0xffffffc0]#[0xffffff95][0x16][0xffffff82]J*-[0x2][0xffffff9b]DZL[0xfffffffa][0xffffffad][0xffffffc5]t~k[0x11]5J[0xffffffa7][0xffffff85][0xffffffb2]*[0xffffff9d][0x16]Q[0xffffffb2]dZ[0xffffffec][0xffffffce][0xffffffe5][0xffffffd2]bW[0xfffffff0][0xffffffa5][0xffffffb4]8n[0xffffffdd][0xffffffac]-[0xffffffee]'[0xffffffc2][0xffffffe3][0xffffffe2][0xffffffed][0xc]|]|;[0x5][0xffffff95][0x17]o[0xffffffcf][0xffffffa7][0xfffffffa][0xffffffe2][0xffffffe3][0xffffffd9].[0xffffff81][0x11][0xffffffa1][0xffffffa4][\n]"
18:17:44.605 [TestNG-tests-1] DEBUG org.apache.hc.client5.http.wire - http-outgoing-3 << "C[0xffffffa1]I%F[0x4][0xffffff94]h[0xffffff8c][0x1d][0xffffffd3][0xfffffffc][0xffffffc8][0xffffffd8]a[0xfffffff5][0xffffffaa][0xc]!T:3[0xffffffa4]_[0xffffffe9][0xffffffce][0x10][0xffffffba]%C#[0xffffffd8][0xffffff97]+[0xffffff8d] [0xffffffe3]k[0xffffffa9]a72r[0x18][0xffffffcc][0xffffff8c][0x1c][0x16]C#G[0xffffffbc][0xffffffd0][0xffffff9c][0xb];86rx[0xffffffcd][0xffffff8d]D([0xffffffb1][0xffffffd4]0[0xffffff9a][0x1c][0xffffff89][0xffffff80]"[0xffffffa9][0xffffff81][0xffffffcf][0xffffff8e][0xffffffec][0xffffffb0][0xffffff9a][0xffffffa5][0xffffff86][0xffffffdf][0xfffffff4][0xffffff88][0xfffffff4]+[0xffffff9e][0x1a]^[0xfffffff3]#[0xffffffc1][0xffffffbe]`j[0xfffffffc][0xffffffcc][0x4]I{[0xfffffffc]SJ[0x17][0xffffff8b][0xffffffbd]{_gzh|[0xffffff9e][0xffffff87][0xffffffca][0xffffff8c]/'[0xffffffc0]"c;Crb|yzr`[0xfffffffc][0xfffffffa][0xffffffc9]p^<E19.~[0x0]drZ<[0xffffffc5]21,[0xffffff9e][0xffffffc0][0xffffff99][0xffffff96][0x15]O[0x10][0xffffffb5][0xffffff88][0xffffff8a][0xffffffe7][0xfffffff2][0xffffff84][0xffffff92][0xffffffe2]G.[0xffffff85][0xffffff82][0xffffffe2][0xffffffb9]Z[0xffffff81][0xffffff9c]xf[0xffffffda][0xfffffff4][0xffffff98]x&[0xffffffde][0xb])1TJ[0xffffff8c][0x13]K[0xffffff89][0xffffff81][0xffffffa7][0xffffffc4]0H[0xffffff89][0x11]yO[0x4]|`)1[0xffffff9c]R"[0xffffffa2][0xffffffc8][0xffffffa4][0xffffff84][0x2][0xffffff92]I[0xffffff89][0xffffff88]e~J[0xffffffec]pf[0xffffffa7][0xffffffc4][0xffffff8e][0xffffffa8]SJ[0x8]y[0xffffffb2])!][0xffffffca][0xffffffa6][0xffffff84]P+[0xffffff97][0x12][0xffffffc1][0xffffffb4]TJ[0x4][0xfffffff1]^H[0xffffff89])Rb[0xffffffd4]U[0xffffffa9][0xffffff94][0xffffff98]xJL[0xffffff83][0xffffff94][0xffffff98][0xffffff91][0xfffffff7]D[0xffffffc0]'[0xffffff96][0x12][0xffffffd3])%"[0xffffff8a]LJ( [0xffffff99][0xffffff94][0xffffff88]X[0xffffffe6][0xffffffa7][0xffffffc4][0xe]gvJ[0xffffffec][0xffffff88]:[0xffffffa5][0xffffff84][0xffffff90]'[0xffffff9b][0x12][0xffffffd2][0xffffffa5]lJ[0x8][0xffffffb5]r)[0x11]LK[0xffffffa5]D[0x10][0xffffffef][0xffffff85][0xffffff94]X*%[0xffffffce][0xffffffbe][0xffffffa8][0xffffff94]XxJ,[0xffffff83][0xffffff94]X[0xffffff91][0xfffffff7]D[0xffffffc0][0x17][0xffffff96][0x12][0xffffffcb])%"[0xffffff8a]LJ( [0xffffff99][0xffffff94][0xffffff88]X[0xffffffe6][0xffffffa7][0xffffffc4][0xe]gvJ[0xffffffec][0xffffff88]:[0xffffffa5][0xffffff84][0xffffff90]'[0xffffff9b][0x12][0xffffffd2][0xffffffa5]lJ[0x8][0xffffffb5]r)[0x11]LK[0xffffffa5]D[0x10][0xffffffef][0xffffffeb])Qo*%[0xffffffd6][0xffffff98]PJ[0xffffffbc][0xffffff9d][0xffffff87]M[0xffffff89][0xffffffc7][0x9][0xffffffe0][0xffffff94][0xfffffff8]~[0x6]$%[0x1e]OGR[0xffffffe2][0xffffffdb][0xffffff93]-RB[0xffffffa0][0xffffff88][0xffffffa4][0xffffff84][0x4][0x12]I[0x9][0xffffff81]ezJ[0x4]8[0xffffff93]S" j[0xffffff94][0x12]J[0xffffff9e]hJh[0xffffff97][0xffffffa2])[0xffffffa1][0xffffffd4][0xffffff8a][0xffffffa5]D4-[0xffffff94][0x12]Q[0xffffffbc][0x17]R[0xffffffe2][0x10])q[0x1e][0xffffff93]z+[0xfffffff1]v[0x1e]8%[0xe][0xffffff83][0xffffff94]8"[0xffffffef][0xffffff89][0xffffff80][0x1f]XJ[0x1c]N)[0x11]QdRB[0x1][0xffffffc9][0xffffffa4]D[0xffffffc4]2?%v8[0xffffffb3]SbG[0xffffffd4])%[0xffffff84]<[0xffffffd9][0xffffff94][0xffffff90].eSB[0xffffffa8][0xffffff95]K[0xffffff89]`Z*%[0xffffff82]x/[0xffffffa4]DQ)Qg[0xffffffa7]R[0xffffffa2][0xffffffe0])Q[0xc]R[0xffffffa2]D[0xffffffde][0x13][0x1]/XJ[0x14][0xffffffa7][0xffffff94][0xffffff88](2)[0xffffffa1][0xffffff80]dR"b[0xffffff99][0xffffff9f][0x12];[0xffffff9c][0xffffffd9])[0xffffffb1]#[0xffffffea][0xffffff94][0x12]B[0xffffff9e]lJH[0xffffff97][0xffffffb2])![0xffffffd4][0xffffffca][0xffffffa5]D0-[0xffffff95][0x12]A[0xffffffbc][0x17]R[0xffffffa2][0xffffffaa][0xffffff94]h\JT<%[0xffffffaa]AJ[0xffffffd4][0xffffffc8]{"[0xffffffe0][0x15]K[0xffffff89][0xffffffea][0xffffff94][0x12][0x11]E&%[0x14][0xffffff90]LJD,[0xfffffff3]Sb[0xffffff87]3;%vD[0xffffff9d]RB[0xffffffc8][0xffffff93]M[0x9][0xffffffe9]R6%[0xffffff84]Z[0xffffffb9][0xffffff94][0x8][0xffffffa6][0xffffffa5]R"[0xffffff88][0xfffffff7]BJ4[0xffffff95][0x12][0xffffffbd][0xffffffdc][0xffffffa8][0xffffff94]hxJ4[0xffffff83][0xffffff94]h[0xffffff91][0xfffffff7]D[0xffffffc0][0x1b][0xffffff96][0x12][0xffffffcd])%"[0xffffff8a]LJ( [0xffffff99][0xffffff94][0xffffff88]X[0xffffffe6][0xffffffa7][0xffffffc4][0xe]gvJ[0xffffffec][0xffffff88]:[0xffffffa5][0xffffff84][0xffffff90]'[0xffffff9b][0x12][0xffffffd2][0xffffffa5]lJ[0x8][0xffffffb5]r)[0x11]LK[0xffffffa5]D[0x10][0xffffffef][0xffffff85][0xffffff94]P+[0xffffffaa][0xffffffce]>[\n]"
18:17:44.605 [TestNG-tests-1] DEBUG org.apache.hc.client5.http.wire - http-outgoing-3 << "[0xffffff95][0x12][0xfffffff8][0xffffff8a][0xffffffaa]j[0xffffffb0][0xffffffa2][0xffffffaa][0xffffff8a]=*[0xffffff89][0xffffff80]c+[0xffffffaa]j[0xffffffd8][0xffffff94]B[0xffffffa6][0xffffff84][0xffffffc9][0xffffff8a]*[0x9]$[0xffffff93][0x12][0x6]+[0xffffffaa][0x2][0xffffff9c][0xffffffd9])a[0xffffffbc][0xffffffa2]J[0xffffffc9][0xffffff93]M[0x9][0xffffffbf][0x15]UJ[0xffffffad]\J[0xffffffb8][0xffffffac][0xffffffa8][0xffffff8a][0xffffffe2][0xffffffbd][0xffffff90][0x12]jE[0xffffffd5][0xffffffd9]"
18:17:44.605 [TestNG-tests-1] DEBUG org.apache.hc.client5.http.wire - http-outgoing-3 << "[0x17]v[0xffffffed][0x12]_QU[\r]VTU[0xffffffb1]G%[0x11]plEU[\r][0xffffff9b]R[0xffffffc8][0xffffff94]0YQ%[0xffffff81]dR[0xffffffc2]`EU[0xffffff80]3;%[0xffffff8c]WT)y[0xffffffb2])[0xffffffe1][0xffffffb7][0xffffffa2]J[0xffffffa9][0xffffff95]K[0x9][0xffffff97][0x15]UQ[0xffffffbc][0x17]R[0xffffffe2]T)1[0x1a][0xfffffff6]V[0xffffffe2][0xffffffc4]S[0xffffffe2]4H[0xffffff89]3[0xfffffff2][0xffffff9e][0x8][0xfffffff8][0xffffff89][0xffffffa5][0xffffffc4][0xffffffe9][0xffffff94][0x12][0x11]E&%[0x14][0xffffff90]LJD,[0xfffffff3]Sb[0xffffff87]3;%vD[0xffffff9d]RB[0xffffffc8][0xffffff93]M[0x9][0xffffffe9]R6%[0xffffff84]Z[0xffffffb9][0xffffff94][0x8][0xffffffa6][0xffffffa5]R"[0xffffff88][0xfffffff7]BJ[0xffffffa8]m[0xffffff97][0xffffffe7][0xffffffb9][0xffffffb0][0xffffffbd][0x12][0xfffffff8][0xffffffb6][0xffffffcb]j[0xffffffb0][0xffffffed][0xffffffb2][0xffffff8a][0xffffff95]l[0xffffff89][0xffffff80]c[0xffffffdb].kX[0xffffffba]F[0xffffffa6][0xffffff84][0xffffffc9][0xffffffb6]K[0x9]$[0xffffff93][0x12][0x6][0xffffffdb].[0x3][0xffffff9c][0xffffffd9])a[0xffffffbc][0xffffffed]R[0xffffffc9][0xffffff93]M[0x9][0xffffffbf]m[0xffffff97]J[0xffffffad]\J[0xffffffb8]l[0xffffffbb][0xffffff8c][0xffffffe2][0xffffffbd][0xffffff90][0x12]j[0xffffffdb][0xffffffe5]<*[0xfffffff6]V[0x2][0xffffffdf]vY[\r][0xffffffb6]]V[0xffffffb1][0xffffff92]-[0x11]pl[0xffffffdb]e[\r]K[0xffffffd7][0xffffffc8][0xffffff94]0[0xffffffd9]v)[0xffffff81]dR[0xffffffc2]`[0xffffffdb]e[0xffffff80]3;%[0xffffff8c][0xffffffb7]]*y[0xffffffb2])[0xffffffe1][0xffffffb7][0xffffffed]R[0xffffffa9][0xffffff95]K[0x9][0xffffff97]m[0xffffff97]Q[0xffffffbc][0xffffffaf][0xffffffa7]DS+[0xffffffaa][0xffffffe6][0xffffffb8]Q)[0xffffffd1][0xfffffff0][0x15]U[0xffffffcd]`EU[0x13]{T[0xfffffff2][0x0]o[0xffffffd8][0xffffff8a][0xffffffaa][0x16]6[0xffffffa5][0xffffff80])!PDRB[0x2][0xffffff89][0xffffffa4][0xffffff84][0xffffffc0]2=%[0x2][0xffffff9c][0xffffffc9])[0x11][0x10]5J[0x9]%O4%[0xffffffb4]K[0xffffffd1][0xffffff94]Pj[0xffffffc5]R"[0xffffff9a][0x16]J[0xffffff89]([0xffffffde][0xb])Q~)1%V?[0xffffffa8][0xffffff94][0xffffffb8][0xffffff9f][0x7]N[0xffffff89][0xffffffb7][0x13][0xffffffd0])[0xfffffff1][0xffffffed][0xc]LJ[0xffffffbc]=[0xffffff9d]I[0xffffff89][0xffffff8f]'{[0xffffffa4]DD[0xffffff91]I[0x9][0x5]$[0xffffff93][0x12][0x11][0xffffffcb][0xfffffffc][0xffffff94][0xffffffd8][0xffffffe1][0xffffffcc]N[0xffffff89][0x1d]Q[0xffffffa7][0xffffff94][0x10][0xfffffff2]dSB[0xffffffba][0xffffff94]M[0x9][0xffffffa1]V.%[0xffffff82]i[0xffffffa9][0xffffff94][0x8][0xffffffe2][0xffffffbd][0xffffff94][0x12][0xffffffd5],%*[0xffffff9e][0x12][0xffffffd5] %*[0xffffff9a][0x12][0x15]K[0xffffff89][0xffffffea][0xffffff94][0x12];[0xffffff8a]TJD [0xffffffa9][0xffffff94][0xffffffd8][0xffffffb1]$R[0xffffffa2][0xffffffc2])Q[0xffffff8d]S"[0xffffffc8][0xffffff93]N[0x9][0xffffffe1]R:%[0xffffff82]Z[0xffffffc9][0xffffff94][0xffffffa8].)Q[0x7f]:%[0xffffffd4][0xffffffb6][0xffffffcb]U[0x7][0xffffffb5][0xffffffed][0xffffffb2][0xffffffe1][0xffffffdb].[0xffffff9b][0xffffffc1][0xffffffb6][0xffffffcb]&V[0xffffffb2]%[0x2][0xffffff8e]m[0xffffffbb]la[0xffffffe9][0x1a][0xffffff99][0x12]&[0xffffffdb].%[0xffffff90]LJ[0x18]l[0xffffffbb][0xc]pf[0xffffffa7][0xffffff84][0xfffffff1][0xffffffb6]K%O6%[0xfffffffc][0xffffffb6]]*[0xffffffb5]r)[0xffffffe1][0xffffffb2][0xffffffed]2[0xffffff8a][0xfffffff7]BJ4[0xffffff95][0x12][0xffffffed]<[0xffffffa9][0xffffff94]hxJ4[0xffffff83][0xffffff94]h[0xffffff91][0xfffffff7]D[0xffffffc0][0x1b][0xffffff96][0x12][0xffffffcd])%"[0xffffff8a]LJ( [0xffffff99][0xffffff94][0xffffff88]X[0xffffffe6][0xffffffa7][0xffffffc4][0xe]gvJ[0xffffffec][0xffffff88]:[0xffffffa5][0xffffff84][0xffffff90]'[0xffffff9b][0x12][0xffffffd2][0xffffffa5]lJ[0x8][0xffffffb5]r)[0x11]LK[0xffffffa5]D[0x10][0xffffffef][0xffffff85][0xffffff94]P[0xffffffdb].[0xffffffd7]:[0x7][0xffffff95][0x12][0xfffffff8][0xffffffb6][0xffffffcb]f[0xffffffb0][0xffffffed][0xffffffb2][0xffffff89][0xffffff95]l[0xffffff89][0xffffff80]c[0xffffffdb].[X[0xffffffba]F[0xffffffa6][0xffffff84][0xffffffc9][0xffffffb6]K[0x9]$[0xffffff93][0x12][0x6][0xffffffdb].[0x3][0xffffff9c][0xffffffd9])a[0xffffffbc][0xffffffed]R[0xffffffc9][0xffffff93]M[0x9][0xffffffbf]m[0xffffff97]J[0xffffffad]\J[0xffffffb8]l[0xffffffbb][0xffffff8c][0xffffffe2][0xffffffbd][0xffffff90][0x12]b[0xffffffdb][0xffffffe5]y[0xffffffe3][0xffffff86]A[0x1b][0xffffffbe][0xffffffed][0xffffffb2][0x19]l[0xffffffbb]lb%["[0xffffffe0][0xffffffd8][0xffffffb6][0xffffffcb][0x16][0xffffff96][0xffffffae][0xffffff91])a[0xffffffb2][0xffffffed]R[0x2][0xffffffc9][0xffffffa4][0xffffff84][0xffffffc1][0xffffffb6][0xffffffcb][0x0]gvJ[0x18]o[0xffffffbb]T[0xfffffff2]dS[0xffffffc2]o[0xffffffdb][0xffffffa5]R+[0xffffff97][0x12].[0xffffffdb].[0xffffffa3]x/[0xffffffa4][0xffffff84][0xffffffd8]vy[0xffffffde][0xfffffffa]A[0xffffffad][0xffffffa8]j[0xfffffff8][0xffffffb6][0xffffffcb]f[0xffffffb0][0xffffffed][0xffffffb2][0xffffff89][0xffffff95]l[0xffffff89][0xffffff80]c[0xffffffdb].[X[0xffffffba]F[0xffffffa6][0xffffff84][0xffffffc9][0xffffffb6]K[0x9]$[0xffffff93][0x12][0x6][0xffffffdb].[0x3][0xffffff9c][0xffffffd9])a[0xffffffbc][0xffffffed]R[0xffffffc9][0xffffff93]M[0x9][0xffffffbf]m[0xffffff97]J[0xffffffad]\J[0xffffffb8]l[0xffffffbb][0xffffff8c][0xffffffe2][0xffffffbd][0xffffff90][0x12]b[0xffffffdb][0xffffffe5]y[0x1b]\J[0xffffffe0][0xffffffdb].[0xffffff9b][0xffffffc1][0xffffffb6][0xffffffcb]&V[0xffffffb2]%[0x2][0xffffff8e]m[0xffffffbb]la[0xffffffe9][0x1a][0xffffff99][0x12]&[0xffffffdb].%[0xffffff90]LJ[0x18]l[0xffffffbb][0xc]pf[0xffffffa7][0xffffff84][0xfffffff1][0xffffffb6]K%O6%[0xfffffffc][0xffffffb6]]*[0xffffffb5]r)[0xffffffe1][0xffffffb2][0xffffffed]2[0xffffff8a][0xfffffff7]BJ[0xffffff88]m[0xffffff97][0xfffffff7][0xffffff94][0x18]XJ[0xffffffe0][0xffffffdb].[0xffffff9b][0xffffffc1][0xffffffb6][0xffffffcb]&V[0xffffffb2]%[0x2][0xffffff8e]m[0xffffffbb]la[0xffffffe9][0x1a][0xffffff99][0x12]&[0xffffffdb].%[0xffffff90]LJ[0x18]l[0xffffffbb][0xc]pf[0xffffffa7][0xffffff84][0xfffffff1][0xffffffb6]K%O6%[0xfffffffc][0xffffffb6]]*[0xffffffb5]r)[0xffffffe1][0xffffffb2][0xffffffed]2[0xffffff8a][0xfffffff7][0xfffffff5][0xffffff94][0xffffffe8]7[0xffffff95][0x12][0xfffffff7][0xffffff98][0xffffff80]R[0xffffffe2][0xffffffed]<lJ<N[0x0][0xffffffa7][0xffffffc4][0xfffffff7]3 )[0xfffffff1]x:[0xffffff92][0x12][0xffffffdf][0xffffff9e]l[0xffffff91][0x12][0x2]E$%$[0xffffff90]HJ[0x8],[0xffffffd3]S"[0xffffffc0][0xffffff99][0xffffff9c][0x12][0x1]Q[0xffffffa3][0xffffff94]P[0xfffffff2]DSB[0xffffffbb][0x14]M[0x9][0xffffffa5]V,%[0xffffffa2]i[0xffffffa1][0xffffff94][0xffffff88][0xffffffe2][0xffffffbd][0xffffff90][0x12]bq[0xfffffff6]=%[0x1e][0xffffffc7]DR[0x2]_[0xffffff9c][0xffffffdd][\r][0x16]gw[0xffffffb1][0xffffffdd]5[0x11]plqv[0xf][0xfffffffb][[0xffffffc9][0xffffff94]0Y[0xffffff9c]-[0xffffff81]dR[0xffffffc2]`qv[0xffffff80]3;%[0xffffff8c][0x17]g+y[0xffffffb2])[0xffffffe1][0xffffffb7]8[[0xffffffa9][0xffffff95]K[0x9][0xffffff97][0xffffffc5][0xffffffd9]Q[0xffffffbc][0x17]R[0xffffffa2][0xfffffffc]r[0xffffffc4][0xffffff94]X[0xfffffffd]F[0xffffffa5][0xffffffc4][0xfffffffd]<pJ[0xffffffbc][0xffffff9d][0xffffff80]N[0xffffff89]og`R[0xffffffe2][0xffffffed][0xffffffe9]LJ|<[0xffffffd9]#%"[0xffffff8a]LJ( [0xffffff99][0xffffff94][0xffffff88]X[0xffffffe6][0xffffffa7][0xffffffc4][0xe]gvJ[0xffffffec][0xffffff88]:[0xffffffa5][0xffffff84][0xffffff90]'[0xffffff9b][0x12][0xffffffd2][0xffffffa5]lJ[0x8][0xffffffb5]r)[0x11]LK[0xffffffa5]D[0x10][0xffffffef][0xffffff85][0xffffff94][0x10][0xffffffdb].[0xffffffcf][0xffffffa3][0x16]j[0xffffffdb]e[0xffffffc7][0xffffffb7]]v[0xffffff83]m[0xffffff97]][0xffffffac]dK[0x4][0x1c][0xffffffdb]v[0xffffffd9][0xffffffc3][0xffffffd2]52%L[0xffffffb6]]J [0xffffff99][0xffffff94]0[0xffffffd8]v[0x19][0xffffffe0][0xffffffcc]N[0x9][0xffffffe3]m[0xffffff97]J[0xffffff9e]lJ[0xfffffff8]m[0xffffffbb]Tj[0xffffffe5]R[0xffffffc2]e[0xffffffdb]e[0x14][0xffffffef][0xffffff85][0xffffff94]h*%[0xfffffffa][0xffffffd1][0xffffffa8][0xffffff94]hxJ4[0xffffff83][0xffffff94]h[0xffffff91][0xfffffff7]D[0xffffffc0][0x1b][0xffffff96][0x12][0xffffffcd])%"[0xffffff8a]LJ( [0xffffff99][0xffffff94][0xffffff88]X[0xffffffe6][0xffffffa7][0xffffffc4][0xe]gvJ[0xffffffec][0xffffff88]:[0xffffffa5][0xffffff84][0xffffff90]'[0xffffff9b][0x12][0xffffffd2][0xffffffa5]lJ[0x8][0xffffffb5]r)[0x11]LK[0xffffffa5]D[0x10][0xffffffef][0xffffff85][0xffffff94][0x10][0xffffffdb].[0xffffffcf]c[0xffffffce]E[0xffffffa5][0x4][0xffffffbe][0xffffffed][0xffffffb2][0x1b]l[0xffffffbb][0xffffffec]b%["[0xffffffe0][0xffffffd8][0xffffffb6][0xffffffcb][0x1e][0xffffff96][0xffffffae][0xffffff91])a[0xffffffb2][0xffffffed]R[0x2][0xffffffc9][0xffffffa4][0xffffff84][0xffffffc1][0xffffffb6][0xffffffcb][0x0]gvJ[0x18]o[0xffffffbb]T[0xfffffff2]dS[0xffffffc2]o[0xffffffdb][0xffffffa5]R+[0xffffff97][0x12].[0xffffffdb].[0xffffffa3]x/[0xffffffa4][0xffffff84][0xffffffda]vY[0xffffff8e][0x1b][0xfffffff5][\r][0xffffff8e][0xffffff8e]o[0xffffffbb][0xffffffec][0x6][0xffffffdb].[0xffffffbb]X[0xffffffc9][0xffffff96][0x8]8[0xffffffb6][0xffffffed][0xffffffb2][0xffffff87][0xffffffa5]kdJ[0xffffff98]l"
18:17:44.605 [TestNG-tests-1] DEBUG org.apache.hc.client5.http.wire - http-outgoing-3 << "[0xffffffbb][0xffffff94]@2)a[0xffffffb0][0xffffffed]2[0xffffffc0][0xffffff99][0xffffff9d][0x12][0xffffffc6][0xffffffdb].[0xffffff95]<[0xffffffd9][0xffffff94][0xfffffff0][0xffffffdb]v[0xffffffa9][0xffffffd4][0xffffffca][0xffffffa5][0xffffff84][0xffffffcb][0xffffffb6][0xffffffcb]([0xffffffde]K)Q[0xffffffcc]R[0xffffffa2][0xffffffe0])Q[0xc]R[0xffffffa2][0xffffffa0])Q[0xffffffb0][0xffffff94](N)[0xffffffb1][0xffffffa3]H[0xffffffa5]D[0x4][0xffffff92]J[0xffffff89][0x1d]K"%[\n]"
18:17:44.605 [TestNG-tests-1] DEBUG org.apache.hc.client5.http.wire - http-outgoing-3 << "[0xffffff9c][0x12][0xffffffc5]8%[0xffffff82]<[0xffffffe9][0xffffff94][0x10].[0xffffffa5]S"[0xffffffa8][0xffffff95]L[0xffffff89][0xffffffe2][0xffffff92][0x12][0xffffffe5][0xffffffa7]SB-[0xffffffce].[0xffffffbd]6*%[0xfffffff0][0xffffffc5][0xffffffd9][0xffffffdd]`qv[0x17][0xffffffdb]][0x13][0x1][0xffffffc7][0x16]g[0xfffffff7][0xffffffb0][0xffffffbf][0xffffff95]L[0x9][0xffffff93][0xffffffc5][0xffffffd9][0x12]H&%[0xc][0x16]g[0x7]8[0xffffffb3]S[0xffffffc2]xq[0xffffffb6][0xffffff92]'[0xffffff9b][0x12]~[0xffffff8b][0xffffffb3][0xffffff95]Z[0xffffffb9][0xffffff94]pY[0xffffff9c][0x1d][0xffffffc5]{!%[0xffffffd4][0xffffffe2][0xffffffec][0xfffffffb][0xffffffff])TJ[0xffffffe0][0xffffff8b][0xffffffb3][0xffffffbb][0xffffffc1][0xffffffe2][0xffffffec].[0xffffffb6][0xffffffbb]&[0x2][0xffffff8e]-[0xffffffce][0xffffffee]a[0x7f]+[0xffffff99][0x12]&[0xffffff8b][0xffffffb3]%[0xffffff90]LJ[0x18],[0xffffffce][0xe]pf[0xffffffa7][0xffffff84][0xfffffff1][0xffffffe2]l%O6%[0xfffffffc][0x16]g+[0xffffffb5]r)[0xffffffe1][0xffffffb2]8;[0xffffff8a][0xfffffff7]BJ[0xffffffa8][0xffffffc5][0xffffffd9][0xfffffff5][0xffffffc0]>2[0xffffffde][0xfffffff1][0xffffffc5][0xffffffd9][0xffffffdd]`qv[0x17][0xffffffdb]][0x13][0x1][0xffffffc7][0x16]g[0xfffffff7][0xffffffb0][0xffffffbf][0xffffff95]L[0x9][0xffffff93][0xffffffc5][0xffffffd9][0x12]H&%[0xc][0x16]g[0x7]8[0xffffffb3]S[0xffffffc2]xq[0xffffffb6][0xffffff92]'[0xffffff9b][0x12]~[0xffffff8b][0xffffffb3][0xffffff95]Z[0xffffffb9][0xffffff94]pY[0xffffff9c][0x1d][0xffffffc5][0xfffffffb]zJ[0xc][0xffffffb5]8[0xffffffbb][0xffffffd6]N[0xffffffed][0xffffff95][0x18][0xfffffff8][0xffffffe2][0xffffffec]a[0xffffffb0]8{[0xffffff88][0xffffffed][0xffffffae]y[0xffffff80][0xf]lq[0xfffffff6][0x8][0xfffffffb][[0xffffffc1][0xffffff94][0x10](")![0xffffff81]DRB`[0xffffff99][0xffffff9e][0x12][0x1][0xffffffce][0xffffffe4][0xffffff94][0x8][0xffffff88][0x1a][0xffffffa5][0xffffff84][0xffffff92]'[0xffffff9a][0x12][0xffffffda][0xffffffa5]hJ([0xffffffb5]b)[0x11]M[0xb][0xffffffa5]D[0x14][0xffffffef][0xffffff85][0xffffff94]P[0xffffff8b][0xffffffb3][0xffffffeb][0xffffff89]m[0xffffffbb][0x1c][0xfffffff8][0xffffffe2][0xffffffec]a[0xffffffb0]8{[0xffffff88][0xffffffed][0xffffffae][0xffffff89][0xffffff80]c[0xffffff8b][0xffffffb3]G[0xffffffd8][0xffffffdf]J[0xffffffa6][0xffffff84][0xffffffc9][0xffffffe2]l[0x9]$[0xffffff93][0x12][0x6][0xffffff8b][0xffffffb3][0x3][0xffffff9c][0xffffffd9])a[0xffffffbc]8[[0xffffffc9][0xffffff93]M[0x9][0xffffffbf][0xffffffc5][0xffffffd9]J[0xffffffad]\J[0xffffffb8],[0xffffffce][0xffffff8e][0xffffffe2][0xffffffbd][0xffffff90][0x12]E[0xffffffa5][0xffffffc4][0xffffffc4]>2[0xfffffffe]v[0x1e]8%[0xffffff8a]AJ[0xffffff94][0xffffffc8]{"[0xffffffe0][0x5]K[0xffffff89][0xffffffe2][0xffffff94][0x12][0x11]E&%[0x14][0xffffff90]LJ[0xfffffffc][0xffffffff][0xffffffcd][0xffffffdd]Q[0xffffff8e][0xffffffdd]:[0xffffffb6][0xffffff84][0xffffffe9][0xfffffff7][0x1e][0xffffffcc][0xffffffc5]&%Q[0xffffffe2]`z(=[0xfffffff7]Ng[0xfffffffa][0xffffffd8].F[0xffffffec][0x3][0xffffff98]y[0xffffffb0][0xfffffffe]@=\[0xffffffa0].[0xffffffe0]-[0x14][0x2][0xffffff81][0xf]J1[0xffffffa8][0xffffffb1][0xffffffac][0xffffffa7][0xffffffc4][0x1a][0xffffffce]jJ[0xffffffac][0x11]M[0xffffffa2][0xffffff84])O[0xffffff96][0x12][0xffffffb6]KYJ[0xffffff98]j[0xffffffe5](!MKQB[0xffffff8a]w[0xffffff83][0x12]n8[0xfffffffb]x[0xffffffb0]K[0xffffffc6][0x7]>[0xffffff9c]=[0x2][0xffffff86][0xffffffb3][0xffffff87]Yw-[0xc]86[0xffffff9c]=d[0xffffffbf][0xffffff95][0xffffffa4]D[0xffffffc8]p[0xffffffb6][\r]$C[0xffffff89][0xffffff80][0xffffffe1]l[0x9]g5%[0xffffff82][0xffffff87][0xffffffb3]]y[0xffffffb2][0xffffff94][0xffffffc8][0x1b][0xffffffce]v[0xffffffd5][0xffffffca]Q"e8[[0xffffff8b]w[0xffffff83][0x12][0xffffffa7][0xffffffa3][0xffffffc4]l[0xffffffd8][0x1f]8N[0xffffff9c][0x12]g[0x0]%N[0xffffffcd]{a[0xffffffc0]O[0xffffff8c][0x12]g[0x12]%4[0xffffff8a][0xc]%\ [0x19]Jh,[0xffffffeb])[0xffffffb1][0xffffff86][0xffffffb3][0xffffff9a][0x12]kD[0xffffff93](a[0xffffffca][0xffffff93][0xffffffa5][0xffffff84][0xffffffed]R[0xffffff96][0x12][0xffffffa6]Z9JH[0xffffffd3]R[0xffffff94][0xffffff90][0xffffffe2][0xffffffdd][0xffffffa0][0xffffff84][0x1b][0xffffffce]>[0xffffffe6][0xffffffa0]Np[0xc]|8{[0x4][0xc]g[0xf][0xffffffb3][0xffffffee]Z[0x18]pl8{[0xffffffc8]~+I[0xffffff89][0xffffff90][0xffffffe1]l[0x1b]H[0xffffff86][0x12][0x1][0xffffffc3][0xffffffd9][0x12][0xffffffce]jJ[0x4][0xf]g[0xffffffbb][0xfffffff2]d)[0xffffff91]7[0xffffff9c][0xffffffed][0xffffffaa][0xffffff95][0xffffffa3]D[0xffffffca]p[0xffffffb6][0x16][0xffffffef][0x6]%[0xffffffdc]p[0xfffffff6][0xffffffd9]^[0xffffffd8][0x1f]8[0xfffffff0][0xffffffe1][0xffffffec][0x11]0[0xffffff9c]=[0xffffffcc][0xffffffba]ka[0xffffffc0][0xffffffb1][0xffffffe1][0xffffffec]![0xfffffffb][0xffffffad]$%B[0xffffff86][0xffffffb3]m [0x19]J[0x4][0xc]gK8[0xffffffab])[0x11]<[0xffffff9c][0xffffffed][0xffffffca][0xffffff93][0xffffffa5]D[0xffffffde]p[0xffffffb6][0xffffffab]V[0xffffff8e][0x12])[0xffffffc3][0xffffffd9]Z[0xffffffbc][[0xffffff94][0xffffffe8]a[0xffffff94][0xffffff80][0xffffff87][0xffffffb3]G[0xffffffc0]p[0xfffffff6]0[0xffffffeb][0xffffffae][0xffffffa5][0x1][0xffffff87][0xffffff86][0xffffffb3][0xffffff87][0xffffffec][0xffffffb7][0xffffffb2][0xffffff94][0xffffff88][0x18][0xffffffce][0xffffffb6][0xffffff81][0xffffffa4]([0xffffff81][0xf]gK8[0xffffffeb])[0x11];[0xffffff9c][0xffffffed][0xffffffca][0xffffff93][0xffffffa6]D[0xffffffda]p[0xffffffb6][0xffffffab]V[0xffffff92][0x12][0x19][0xffffffc3][0xffffffd9]Z[0xffffffbc][0x1b][0xffffff94]p[0xffffffc3][0xffffffd9][0xffffffe7]uRk[0xffffff97][0x3][0x1f][0xffffffce][0x1e][0x1][0xffffffc3][0xffffffd9][0xffffffc3][0xffffffac][0xffffffbb][0x16][0x6][0x1c][0x1b][0xffffffce][0x1e][0xffffffb2][0xffffffdf]JR"d8[0xffffffdb][0x6][0xffffff92][0xffffffa1]D[0xffffffc0]p[0xffffffb6][0xffffff84][0xffffffb3][0xffffff9a][0x12][0xffffffc1][0xffffffc3][0xffffffd9][0xffffffae]<YJ[0xffffffe4][\r]g[0xffffffbb]j[0xffffffe5]([0xffffff91]2[0xffffff9c][0xffffffad][0xffffffc5][0xffffffbb]E[0x9][0xfffffff3]V[0x2][0xffffffa5][0x4][0xfffffffd]V[0xffffffe2][0xe]x+q+[0xffffff9d]K[0x3]N[0xffffffbd][0xffffff95][0xffffffb8][0xffffff93][0xffffffde]Jh[0x14])J[0xffffffa4][0xffffffbc][0xffffff95][0xffffffd0]X[0x12][0xffffff94]`[0xffffffdf]J[0xffffffac][0x11][0xffffffcd][0xffffffa2]D[0xffffffd8][[0x9][0xffffffdb][0xffffffa5]4%[0xffffff82][0xffffffde]JH[0xffffffd3]r[0xffffff94][0xfffffff8]/[0xffffffde]J<a[0xffffff94]xpJ<[0x1][0xffffff94]xPJ<[0x18]%[0xffffff9e]$J[0xffffffac]Q[0xffffffa4]([0xffffffa1][0xffffff81][0xffffffa4]([0xffffffb1][0xffffffc6][0xffffff92][0xffffffa0][0xffffffc4][0x3]S[0xffffffe2][0x9][0xffffffa6][0xffffff84][0xffffff94]'M[0x9][0xffffffd3][0xffffffa5]4%[0xffffffa4]ZIJ<)[0xffffff94]x[0xfffffffe][0x3]J[0xfffffff4][0x19]f[0xffffff89]>qL|<[0x2][0xffffffaf][0xffffff89][0xffffff9f][0xf]Aq[0xffffffe2][0xffffffe3][0xffffffe7])O|[0xfffffffd]t[\n]"
18:17:44.605 [TestNG-tests-1] DEBUG org.apache.hc.client5.http.wire - http-outgoing-3 << "($[0xffffff8f][0xffffff94](L*)RH6[0x9]S,[0x9][0xffffffad]G[0xffffffc5][0xffffff92][0xffffffd3],Uh[0xffffff8d][0xffffffd2][0xffffffac]p[0xffffffad]J[0xffffffbb]BK[0xffffff96][0xffffff84][0xffffffc5][0xffffffda][0xffffffb9][0xffffff9c],[0xffffffd6][\n]"
18:17:44.605 [TestNG-tests-1] DEBUG org.apache.hc.client5.http.wire - http-outgoing-3 << "[0xffffffde][0xffffffa2][0xffffffc5][0xffffff99]F[0xffffff8b][0xffffff93][0xffffffa7][0xffffffc5][0xffffff99]@[0xffffff8b][0xffffff93][0xffffffa5][0xffffffc5][0xffffffc9][0xffffffd1][0xffffffe2][0xffffff8c][0xffffffa2][0xffffff85][0xffffffe4][0xffffff91][0xffffffa2][0xffffff85]I%E[0xb][0xffffffc9]&A[0xffffff8b][0xffffff93][0xffffffa6][0xffffffc5][0xffffff99]L[0xb][0xffffffad]Q[0xffffff9a][0x16][0xffffffae]UiZh[0xffffffc9][0xffffff92][0xffffffb4]X;[0xffffff97][0xffffffa3][0xffffffc5]Z[0xffffffc1][[0xffffffb4][0x18]i[0xffffffdf]e[0xe][0xfffffffe][0xffffffc3][0xffffffcc][0xffffff8f]G[0xffffffe0]i[0xfffffff1][0xfffffff3]!(Z[0xc][0xffffffee][0xffffffdb][0xffffffcc][0x11][0xfffffff5]q[0xffffffa6][0xffffffe4][0xffffff91][0xffffffa2][0xffffff85]I%E[0xb][0xffffffc9]&A[0xffffff8b]A[0x7f][0xffffffa0]9[0xffffff92][0xffffffbf][0xffffffd0][0xffffffd4][0x1a][0xffffffa5]i[0xffffffe1]Z[0xffffff95][0xffffffa6][0xffffff85][0xffffff96],I[0xffffff8b][0xffffffb5]s9Z[0xffffffac][0x15][0xffffffbc]E[0xffffff8b];[0xffffffed][0xffffffe3][0xffffff8a][0xffffff9b][0xffffffff][0xffffffba][0xffffffe2]N[0xfffffff8][0xffffffbc][0xffffffe2]f[0xffffffbf][0xffffffaf][0xffffffb8][0xffffffb9][0xf],[0xffffffee][0xffffffa8]/,$[0xffffff8f][0x14]-L*)ZH6[0x9]Z[0xffffffdc][0xfffffff4]W[0x16]w[0xfffffff2]g[0x16]Z[0xffffffa3]4-\[0xffffffab][0xffffffd2][0xffffffb4][0xffffffd0][0xffffff92]%i[0xffffffb1]v.G[0xffffff8b][0xffffffb5][0xffffff82][0xffffffb7]h1[[0x18]-f[0xffffffc3]i[0xfffffff1][0xfffffff1][0x8]<-~>[0x4]E[0xffffff8b][0xffffff8f][0xffffff9f][0xffffffa7]h[0xfffffff1][0xfffffff5][0xffffffd3])[0xffffffb4][0xffffff90]<R[0xffffffb4]0[0xffffffa9][0xffffffa4]h![0xffffffd9]$h[0xffffffb1]$[0xffffffb4][0xffffff9e][0x16]KN[0xffffffb3]h[0xffffffa1]5J[0xffffffd3][0xffffffc2][0xffffffb5]*M[0xb]-Y[0xffffff92][0x16]k[0xffffffe7]r[0xffffffb4]X+x[0xffffff8b][0x16][0xffffffed][0xffffffba][0xffffffc2]l[0xfffffff1][0xfffffff1]D8."
18:17:44.606 [TestNG-tests-1] DEBUG org.apache.hc.client5.http.wire - http-outgoing-3 << "~<[0x3][0xffffffaf][0xffffff8b][0x7f][0xffffff9e][0xffffff82][0xffffffe2][0xffffffc5][0xffffff8f][0xffffffdf][0xffffffa7]|[0xfffffff1][0xfffffff3][0xffffffb7]S[0xffffff80][0xffffffa1][0xffffffa1][0xffffffa4][0xffffff84][0xffffffe1][0xffffffa2]I[0x11]C[0x3]J[0x18]c[0xffffff8d]i=2[0xffffffd6][0xffffffb0]f)[0xffffffc3][0x14]*[0xffffffcd][0xc][0xffffffdb][0xffffffaf][0xffffffb4]3L[0xffffffdd][0xffffff92][0xffffffd0][0xffffff90][0xfffffff6][0xffffffe5][0xffffffa4]!e[0xffffffbc]E[0xffffff8d][0xfffffffe]J{[0xffffff8d][0xfffffff1][0xfffffff1]D85~<[0x3]O[0xffffff8d][0x7f][0xffffff9e][0xffffff82][0xffffffa2][0xffffffc6][0xffffff8f][0xffffffdf][0xffffffa7][0xffffffa8][0xfffffff1][0xfffffff3][0xffffffb7]S[0xffffffa8][0xffffffa1][0xffffffa1][0xffffffa4][0xffffffa8][0xffffffe1][0xffffffa2]IQC[0x3]JPc[0xffffff8d]i=5[0xffffffd6][0xffffffb0]fQ[0xffffffc3][0x14]*M[\r][0xffffffdb][0xffffffaf]45L[0xffffffdd][0xffffff92][0xffffffd4][0xffffff90][0xfffffff6][0xffffffe5][0xffffffa8]!e[0xffffffbc]I[0xffffff8d];[0xffffff8e][0x1a]w[0x0]5[0xffffffee][0x8]j[0xffffffdc]05n[0xffffff90][0x1a]w[0x16]5[0xffffffd6]Pr[0xffffffd4][0xffffffd0]hr[0xffffffd4]X[0x3][0xffffffca]P[0xffffffe3][0xffffffc6][0xffffffa9]qGSC[\n]"
18:17:44.606 [TestNG-tests-1] DEBUG org.apache.hc.client5.http.wire - http-outgoing-3 << "[0xffffff95][0xffffffa7][0xffffff86][0xffffffe9]W[0xffffff9e][0x1a]R[0xffffffb7],5[0xffffffee][0x1c]j[0xffffffdc][0xfffffffb][0xffffffd4][0xffffffb8][0xffffffbe][0xfffffffe][0xffffff95][0xffffffc7][0xc]}_[0xffffffc7][0xffffffd5][0xffffffca][0xffffffa1][0xfffffff1][0xfffffffb]y(f[0xfffffffc][0xfffffff1][0x4][0x18]2[0xffffff96]g(&[0xffffffc6][0x1f][0xffffffbf]^[0xc][0xffffff8c][0xffffffff][0xfffffffd]e[0xffffff98][0x17]o[0xffffffa3]X[0xffffff8c][0xffffff8b][0x7f][0x9]d1-[0xffffffde][0xffffffc6][0xffffffb2][0x10][0x16]o[0xffffffc2]Y[0xffffffc6][0xffffff8a]7[0x11][0xffffff8d]@[0xffffffc5][0xfffffffb][0xfffffff2][0xffffff84]H[0xfffffff1]o][\n]"
18:17:44.606 [TestNG-tests-1] DEBUG org.apache.hc.client5.http.wire - http-outgoing-3 << "[0xffffff81][0xffffffe2]}[0xffffffb5][0x2][0xffffff9c]x[0xffffffd7][0xffffffb4][0xffffffe5][0xffffff98]xW[0xffffffbc][[0xffffff94][0xffffffe8]a[0xffffff94][0xffffffc0][0xffffff86][0xffffffbe][0xffffffff]x[0x2][0xffffff9e][0x12][0xffffffc8][0xffffffd0][0xfffffff7][0x1f][0xffffffbf]NQ"a[0xffffffe8][0xfffffffb]m[0x14])J[0xffffffe0]C[0xffffffdf]ocIP[0x2][0x1a][0xfffffffa]~[0x13][0xffffffd1],J[0xffffffa4][0xc]}[0xffffffff][[0xffffff97][0xffffffd2][0xffffff94]H[0x18][0xfffffffa]~[0xffffffd7][0xffffffb4][0x1c]%[0xffffffbe]1[0xfffffff4][0xfffffffd][0xfffffff3][0xffffffdf][0xffffff98][0xffffffee][0xffffffad][0xffffffc4]u`[0xffffff94][0xffffff98][0xfffffff8][[0xffffff89][0x19][0xfffffff0]Vb*[0xffffff9d][0xb][0x3]>[0xffffffb1][0xffffffb7][0x12]3[0xffffffe9][0xffffffad][0xffffff84]F[0xffffff91][0xffffffa1][0xffffff84][0xb]$C[0x9][0xffffff8d]e=%[0xffffffd6]pVSb[0xffffff8d]h[0x12]%Ly[0xffffffb2][0xffffff94][0xffffffb0]][0xffffffca]R[0xffffffc2]T+G[0x9]iZ[0xffffff8a][0x12]R[0xffffffbc][0x7f]O[0xffffff89][0xfffffffb][0xffffffe5](1[0xffffffef][0x9]Q[0xffffffe2][0xffffffc7][0xfffffff3][0xffffffb0][0xffffff94][0xfffffff8]|[0x2][0xffffff98][0x12][0xffffffbf][0xffffff9e][0x1][0xffffffa1][0xffffffc4][0xffffffe7][0xffffffaf]#[0xffffff94][0xfffffff8][0xffffffe7][0xffffff97]#(a[0xffffffa2][0xffffff88]P[0xffffffc2][0x6][0x12][0xffffffa1][0xffffff84][0xffffff89]e9%$[0xffffff9c][0xffffffc5][0xffffff94][0xffffff90][0xffffff88][0x6]Q[0xffffffc2][0xffffff95]'J[0x9][0xffffffdf][0xffffffa5](%\[0xffffffb5]b[0xffffff94][0xffffffd0][0xffffffa6][0xffffff85]([0xffffffa1][0xffffffc5][0xffffffbb]A[0xffffff89]f(1[0xffffffda]x(J4[0xffffff9c][0x12]-[0xffffff80][0x12]M[0xfffffff3]^[0x18][0xfffffff0][0xffffff86]Q[0xffffffa2]%QB[0xffffffa3][0xffffffc8]P[0xffffffc2][0x5][0xffffff92][0xffffffa1][0xffffff84][0xffffffc6][0xffffffb2][0xffffff9e][0x12]k8[0xffffffab])[0xffffffb1]F4[0xffffff89][0x12][0xffffffa6]<YJ[0xffffffd8].e)a[0xffffffaa][0xffffff95][0xffffffa3][0xffffff84]4-E[0x9])[0xffffffde][\r]JtG[0xffffff89]q[0xffffff9e][0x14]%:N[0xffffff89][0x1e]@[0xffffff89][0xffffffae]y/[0xc]x[0xffffffc7]([0xffffffd1][0xffffff93]([0xffffffa1]Qd([0xffffffe1][0x2][0xffffffc9]PBcYO[0xffffff89]5[0xffffff9c][0xffffffd5][0xffffff94]X#[0xffffff9a]D[0x9]S[0xffffff9e],%l[0xffffff97][0xffffffb2][0xffffff94]0[0xffffffd5][0xffffffca]QB[0xffffff9a][0xffffff96][0xffffffa2][0xffffff84][0x14][0xffffffef][0x6]%[0xe]G[0xffffff89][0xffffffe7][0x1c][0x14]%[0xe][0xffffff9c][0x12]G[0x0]%[0xe][0xffffffcd]{a[0xffffffc0][0xf][0xffffff8c][0x12]G[0x12]%4[0xffffff8a][0xc]%\ [0x19]Jh,[0xffffffeb])[0xffffffb1][0xffffff86][0xffffffb3][0xffffff9a][0x12]kD[0xffffff93](a[0xffffffca][0xffffff93][0xffffffa5][0xffffff84][0xffffffed]R[0xffffff96][0x12][0xffffffa6]Z9JH[0xffffffd3]R[0xffffff94][0xffffff90][0xffffffe2][0xffffffdd][0xffffffa0][0xffffffc4]i(q[0xfffffff7][0xffffffd7][0xffffff8b][0xffffffa2][0xffffffc4][0xffffff89]S[0xffffffe2][0xc][0xffffffa0][0xffffffc4][0xffffffa9]y/[0xc][0xfffffff8][0xffffff89]Q[0xffffffe2]L[0xffffffa2][0xffffff84]F[0xffffff91][0xffffffa1][0xffffff84][0xb]$C[0x9][0xffffff8d]e=%[0xffffffd6]pVSb[0xffffff8d]h[0x12]%Ly[0xffffffb2][0xffffff94][0xffffffb0]][0xffffffca]R[0xffffffc2]T+G[0x9]iZ[0xffffff8a][0x12]R[0xffffffbc][0x1b][0xffffff94][0xffffffb8],%[0x6][0xfffffff6]V[0xffffffe2][0xffffffc2])q[0x5]P[0xffffffe2][0xffffffd2][0xffffffbc][0x17][0x6][0xfffffffc][0xffffffc2](q%QB[0xffffffa3][0xffffffc8]P[0xffffffc2][0x5][0xffffff92][0xffffffa1][0xffffff84][0xffffffc6][0xffffffb2][0xffffff9e][0x12]k8[0xffffffab])[0xffffffb1]F4[0xffffff89][0x12][0xffffffa6]<YJ[0xffffffd8].e)a[0xffffffaa][0xffffff95][0xffffffa3][0xffffff84]4-E[0x9])[0xffffffde][\r]J[0xc]G[0xffffff89][0xffffffa3]c'8[0x6]N[0xffffff89][0x11]@[0xffffff89][0xffffffa1]y/[0xc][0xfffffff8][0xffffffc0](1[0xffffff92]([0xffffffa1]Qd([0xffffffe1][0x2][0xffffffc9]PBcYO[0xffffff89]5[0xffffff9c][0xffffffd5][0xffffff94]X#[0xffffff9a]D[0x9]S[0xffffff9e],%l[0xffffff97][0xffffffb2][0xffffff94]0[0xffffffd5][0xffffffca]QB[0xffffff9a][0xffffff96][0xffffffa2][0xffffff84][0x14][0xffffffef][0x6]%nK[0xffffff89][0xffffffbb]S[0xffffff94][0xffffffb8]qJ[0xffffffdc][0x1][0xffffff94][0xffffffb8]5[0xffffffef][0xffffff85][0x1][0xffffffbf]1J[0xffffffdc]I[0xffffff94][0xffffffd0](2[0xffffff94]p[0xffffff81]d([0xffffffa1][0xffffffb1][0xffffffac][0xffffffa7][0xffffffc4][0x1a][0xffffffce]jJ[0xffffffac][0x11]M[0xffffffa2][0xffffff84])O[0xffffff96][0x12][0xffffffb6]KYJ[0xffffff98]j[0xffffffe5](!MKQB[0xffffff8a]w[0xffffff83][0x12]n8[0xfffffffb]>[0xf][0xffffff8c][0x12][0xfffffff8]p[0xfffffff6][0x1d]0[0xffffff9c]}[0xffffff9b]u[0xffffffd7][0xffffffc2][0xffffff80]c[0xffffffc3][0xffffffd9][0xffffffb7][0xffffffec][0xffffffb7][0xffffff92][0xffffff94][0x8][0x19][0xffffffce][0xffffffb6][0xffffff81]d([0x11]0[0xffffff9c]-[0xffffffe1][0xffffffac][0xffffffa6]D[0xfffffff0]p[0xffffffb6]+O[0xffffff96][0x12]y[0xffffffc3][0xffffffd9][0xffffffae]Z9J[0xffffffa4][0xc]gk[0xfffffff1]nP[0xffffffc2][0xffffffad]][0xffffffde][0xffffffd7][0xffffffe7]c"[0xffffff94][0xffffffc0][0xffffffd7].[0xffffffef][0xffffff80][0xffffffb5][0xffffffcb][0xffffffdb]L[0xffffffb2][0x15][0x6][0x1c][[0xffffffbb][0xffffffbc]et[0xffffff8d][0xffffffa4]D[0xffffffc8][0xffffffda][0xffffffa5][\r]$C[0xffffff89][0xffffff80][0xffffffb5]K[0x9]g5%[0xffffff82][0xffffffd7].]y[0xffffffb2][0xffffff94][0xffffffc8][[0xffffffbb]t[0xffffffd5][0xffffffca]Q"e[0xffffffed]R[0xffffff8b]w[0xffffff8b][0x12]G[0x18]%[0xe][0xffffff9c][0x12]G[0x0]%[0xe][0xffffff94][0x12][0x7]F[0xffffff89]#[0xffffff89][0x12]k[0x14])Jh )J[0xffffffac][0xffffffb1]$(q[0xffffffc0][0xffffff94]8[0xffffff82])![0xffffffe5]IS[0xffffffc2]t)M[0x9][0xffffffa9]V[0xffffff92][0x12]G[\n]"
18:17:44.606 [TestNG-tests-1] DEBUG org.apache.hc.client5.http.wire - http-outgoing-3 << "%[0xffffff8e][0xffffffef]R[0xffffffe2]qk[0xffffff97][0xffffffcf]9[0xf][0xffffff88][0x12][0xf][0xffffffbe]v[0xfffffff9][0x4][0xffffffac]]]]><![CDATA[>f[0xffffff92][0xffffffad].[0xffffffe0][0xf][0xffffffb6]v[0xfffffff9][0xffffffc8][0xffffffe8][0x1a]H[0x9][0x13]E[0xffffff84][0x12]6[0xffffff90][0x8]%L,[0xffffffcb])![0xffffffe1],[0xffffffa6][0xffffff84]D4[0xffffff88][0x12][0xffffffae]<QJ[0xfffffff8].E)[0xffffffe1][0xffffffaa][0x15][0xffffffa3][0xffffff84]6-D[0x9]-[0xffffffde][\r]J[0xffffffb8][0xffffffb5][0xffffffcb]g<[0x18]%[0xfffffff0][0xffffffb5][0xffffffcb]'`[0xffffffed][0xfffffff2]1[0xffffff93]l[0xffffff85][0x1][0xffffffc7][0xffffffd6].[0x1f][0x19]]#)[0x11][0xffffffb2]vi[0x3][0xffffffc9]P"`[0xffffffed]R[0xffffffc2]YM[0xffffff89][0xffffffe0][0xffffffb5]KW[0xffffff9e],%[0xfffffff2][0xffffffd6].][0xffffffb5]r[0xffffff94]HY[0xffffffbb][0xffffffd4][0xffffffe2][0xffffffdd][0xffffffa0][0xffffff84][[0xffffffbb]|[0xffffffe6][0xffffff8b][0xffffffba][0x19][0xfffffff4][0xffffffc1][0xffffffd7].[0xffffff9f][0xffffff80][0xffffffb5][0xffffffcb][0xffffffc7]L[0xffffffb2][0x15][0x6][0x1c][[0xffffffbb]|dt[0xffffff8d][0xffffffa4]D[0xffffffc8][0xffffffda][0xffffffa5][\r]$C[0xffffff89][0xffffff80][0xffffffb5]K[0x9]g5%[0xffffff82][0xffffffd7].]y[0xffffffb2][0xffffff94][0xffffffc8][[0xffffffbb]t[0xffffffd5][0xffffffca]Q"e[0xffffffed]R[0xffffff8b]w[0xffffff83][0x12]n[0xffffffed]r[0xfffffff6][0x13]{+[0xffffff81][0xffffffaf]]]]><![CDATA[>[0x1]k[0xffffff97][0xffffff8f][0xffffff99]d+[0xc]8[0xffffffb6]v[0xfffffff9][0xffffffc8][0xffffffe8][0x1a]I[0xffffff89][0xffffff90][0xffffffb5]K[0x1b]H[0xffffff86][0x12][0x1]k[0xffffff97][0x12][0xffffffce]jJ[0x4][0xffffffaf]][0xffffffba][0xfffffff2]"
18:17:44.607 [TestNG-tests-1] DEBUG org.apache.hc.client5.http.wire - http-outgoing-3 << "d)[0xffffff91][0xffffffb7]v[0xffffffe9][0xffffffaa][0xffffff95][0xffffffa3]D[0xffffffca][0xffffffda][0xffffffa5][0x16][0xffffffef][0x6]%.G[0xffffff89]kP[0x13]U?[0xffffff9e][0x7][0xffffffa6][0xffffffc4][0x15]@[0xffffff89]K[0xfffffff3]^[0x18][0xfffffff0][0xb][0xffffffa3][0xffffffc4][0xffffff95]D[0x9][0xffffff8d]"C[0x9][0x17]H[0xffffff86][0x12][0x1a][0xffffffcb]zJ[0xffffffac][0xffffffe1][0xffffffac][0xffffffa6][0xffffffc4][0x1a][0xffffffd1]$J[0xffffff98][0xfffffff2]d)a[0xffffffbb][0xffffff94][0xffffffa5][0xffffff84][0xffffffa9]V[0xffffff8e][0x12][0xffffffd2][0xffffffb4][0x14]%[0xffffffa4]x7([0xffffffe1][0xffffffd6].[0xffffffe7][0xffffff9c]7E[0x9]|[0xffffffed][0xfffffff2][0x9]X[0xffffffbb]|[0xffffffcc]$[a[0xffffffc0][0xffffffb1][0xffffffb5][0xffffffcb]GF[0xffffffd7]HJ[0xffffff84][0xffffffac]][0xffffffda]@2[0xffffff94][0x8]X[0xffffffbb][0xffffff94]pVS"x[0xffffffed][0xffffffd2][0xffffff95]'K[0xffffff89][0xffffffbc][0xffffffb5]KW[0xffffffad][0x1c]%R[0xffffffd6].[0xffffffb5]x7(a[0xffffffd6].[0xffffff9f]W;[0xffffffb0]?p[0xffffffe0]k[0xffffff97]O[0xffffffc0][0xffffffda][0xffffffe5]c&[0xffffffd9][\n]"
18:17:44.607 [TestNG-tests-1] DEBUG org.apache.hc.client5.http.wire - http-outgoing-3 << "[0x3][0xffffff8e][0xffffffad]]]]><![CDATA[>2[0xffffffba]FR"d[0xffffffed][0xffffffd2][0x6][0xffffff92][0xffffffa1]D[0xffffffc0][0xffffffda][0xffffffa5][0xffffff84][0xffffffb3][0xffffff9a][0x12][0xffffffc1]k[0xffffff97][0xffffffae]<YJ[0xffffffe4][0xffffffad]][0xffffffba]j[0xffffffe5]([0xffffff91][0xffffffb2]v[0xffffffa9][0xffffffc5][0xffffffbb]A[0x9][0xffffffb3]v[0xfffffff9][0xffffffbc][0xffffffce][0xfffffff3][0xffffffa1]([0xffffff81][0xffffffaf]]]]><![CDATA[>[0x1]k[0xffffff97][0xffffff8f][0xffffff99]d+[0xc]8[0xffffffb6]v[0xfffffff9][0xffffffc8][0xffffffe8][0x1a]I[0xffffff89][0xffffff90][0xffffffb5]K[0x1b]H[0xffffff86][0x12][0x1]k[0xffffff97][0x12][0xffffffce]jJ[0x4][0xffffffaf]][0xffffffba][0xfffffff2]d)[0xffffff91][0xffffffb7]v[0xffffffe9][0xffffffaa][0xffffff95][0xffffffa3]D[0xffffffca][0xffffffda][0xffffffa5][0x16][0xffffffef][0x6]%[0xffffffcc][0xffffffda][0xffffffe5][0xfffffff3][0xffffffba]:v[0xffffff82][0x3]_[0xffffffbb]|[0x2][0xffffffd6].[0x1f]3[0xffffffc9]V[0x18]pl[0xffffffed][0xfffffff2][0xffffff91][0xffffffd1]5[0xffffff92][0x12]!k[0xffffff97]6[0xffffff90][0xc]%[0x2][0xffffffd6].%[0xffffff9c][0xffffffd5][0xffffff94][0x8]^[0xffffffbb]t[0xffffffe5][0xffffffc9]R"o[0xffffffed][0xffffffd2]U+G[0xffffff89][0xffffff94][0xffffffb5]K-[0xffffffde][0xffffffbf][0xffffffa7][0xffffffc4]|YJ[0xffffff8c][0xe]Q[0xffffffe2][0xffffffc7][0xfffffff3][0xffffffb0][0xffffff94][0xfffffff8]|[0x2][0xffffff98][0x12][0xffffffbf][0xffffff9e][0x1][0xffffffa1][0xffffffc4][0xffffffe7][0xffffffaf]#[0xffffff94][0xfffffff8][0xffffffe7][0xffffff97]#(a[0xffffffa2][0xffffff88]P[0xffffffc2][0x6][0x12][0xffffffa1][0xffffff84][0xffffff89]e9%$[0xffffff9c][0xffffffc5][0xffffff94][0xffffff90][0xffffff88][0x6]Q[0xffffffc2][0xffffff95]'J[0x9][0xffffffdf][0xffffffa5](%\[0xffffffb5]b[0xffffff94][0xffffffd0][0xffffffa6][0xffffff85]([0xffffffa1][0xffffffc5][0xffffffbb]A[0x9][0xffffffb3]v[0xfffffff9]A[0xffffff89]yR[0xffffff94][0xffffffc0][0xffffffd7].g[0xffffffc0][0xffffffda][0xffffffe5]4[0xffffff93]l[0xffffff85][0x1][0xffffffc7][0xffffffd6].[0xffffffa7][0xffffff8c][0xffffffae][0xffffff91][0xffffff94][0x8]Y[0xffffffbb][0xffffffb4][0xffffff81]d([0x11][0xffffffb0]v)[0xffffffe1][0xffffffac][0xffffffa6]D[0xfffffff0][0xffffffda][0xffffffa5]+O[0xffffff96][0x12]yk[0xffffff97][0xffffffae]Z9J[0xffffffa4][0xffffffac]]j[0xfffffff1]nP[0xffffffc2][0xffffffac]]]]><![CDATA[>[0xffffffaf][0xffffff81]}v9[0xfffffff1][0xffffffb5][0xffffffcb][0x19][0xffffffb0]v9[0xffffffcd]$[a[0xffffffc0][0xffffffb1][0xffffffb5][0xffffffcb])[0xffffffa3]k$%B[0xffffffd6].m [0x19]J[0x4][0xffffffac]]J8[0xffffffab])[0x11][0xffffffbc]v[0xffffffe9][0xffffffca][0xffffff93][0xffffffa5]D[0xffffffde][0xffffffda][0xffffffa5][0xffffffab]V[0xffffff8e][0x12])k[0xffffff97]Z[0xffffffbc][0x1b][0xffffff94]0k[0xffffff97][0x1f][0xffffff94][0xffffffc0][0xe][0xffffff83]N|[0xffffffed]r[0x6][0xffffffac]]N3[0xffffffc9]V[0x18]pl[0xffffffed]r[0xffffffca][0xffffffe8][0x1a]I[0xffffff89][0xffffff90][0xffffffb5]K[0x1b]H[0xffffff86][0x12][0x1]k[0xffffff97][0x12][0xffffffce]jJ[0x4][0xffffffaf]][0xffffffba][0xfffffff2]d)[0xffffff91][0xffffffb7]v[0xffffffe9][0xffffffaa][0xffffff95][0xffffffa3]D[0xffffffca][0xffffffda][0xffffffa5][0x16][0xffffffef][0x6]%[0xffffffcc][0xffffffda][0xffffffe5][0xfffffff3][0xffffff9a]'F[0x9]|[0xffffffed]r[0x6][0xffffffac]]N3[0xffffffc9]V[0x18]pl[0xffffffed]r[0xffffffca][0xffffffe8][0x1a]I[0xffffff89][0xffffff90][0xffffffb5]K[0x1b]H[0xffffff86][0x12][0x1]k[0xffffff97][0x12][0xffffffce]jJ[0x4][0xffffffaf]][0xffffffba][0xfffffff2]d)[0xffffff91][0xffffffb7]v[0xffffffe9][0xffffffaa][0xffffff95][0xffffffa3]D[0xffffffca][0xffffffda][0xffffffa5][0x16][0xffffffef][0x6]%.C[0xffffff89][0xffffffd6]^[0xffffff83][0xffffffa2][0xffffffc4][0xffffff85]S[0xffffffe2][\n]"
18:17:44.607 [TestNG-tests-1] DEBUG org.apache.hc.client5.http.wire - http-outgoing-3 << "[0xffffffa0][0xffffffc4][0xffffffa5]y/[0xc][0xfffffff8][0xffffff85]Q[0xffffffe2]J[0xffffffa2][0xffffff84]F[0xffffff91][0xffffffa1][0xffffff84][0xb]$C[0x9][0xffffff8d]e=%[0xffffffd6]pVSb[0xffffff8d]h[0x12]%Ly[0xffffffb2][0xffffff94][0xffffffb0]][0xffffffca]R[0xffffffc2]T+G[0x9]iZ[0xffffff8a][0x12]R[0xffffffbc][0x1b][0xffffff94]0k[0xffffff97]O[0xffffffbb]&u[0x18]t[0xffffffe2]k[0xffffff97]3`[0xffffffed]r[0xffffff9a]I[0xffffffb6][0xffffffc2][0xffffff80]ck[0xffffff97]SF[0xffffffd7]HJ[0xffffff84][0xffffffac]][0xffffffda]@2[0xffffff94][0x8]X[0xffffffbb][0xffffff94]pVS"x[0xffffffed][0xffffffd2][0xffffff95]'K[0xffffff89][0xffffffbc][0xffffffb5]KW[0xffffffad][0x1c]%R[0xffffffd6].[0xffffffb5]x[0xffffffb7](q[0xffffff84]Q[0xffffffe2][0xffffffc0])q[0x4]P[0xffffffe2]@)q`[0xffffff94]8[0xffffff92]([0xffffffb1]F[0xffffff91][0xffffffa2][0xffffff84][0x6][0xffffff92][0xffffffa2][0xffffffc4][0x1a]K[0xffffff82][0x12][0x7]L[0xffffff89]#[0xffffff98][0x12]R[0xffffff9e]4%L[0xffffff97][0xffffffd2][0xffffff94][0xffffff90]j%)q[0xffffffa4]P[0xffffffe2][0xfffffff8]6%[0xffffffdc]pv[0xffffffbb]/[0xffffffec][0xf][0x1c][0xfffffff8]p[0xfffffff6][0xc][0x18][0xffffffce][0xffffff9e]f[0xffffffdd][0xffffffb5]0[0xffffffe0][0xffffffd8]p[0xfffffff6][0xffffff94][0xfffffffd]V[0xffffff92][0x12]![0xffffffc3][0xffffffd9]6[0xffffff90][0xc]%[0x2][0xffffff86][0xffffffb3]%[0xffffff9c][0xffffffd5][0xffffff94][0x8][0x1e][0xffffffce]v[0xffffffe5][0xffffffc9]R"o8[0xffffffdb]U+G[0xffffff89][0xffffff94][0xffffffe1]l-[0xffffffde][\r]J[0xffffffb8][0xffffffe1][0xffffffec][0xffffffde];v[0x18][0x14][0x1f][0xffffffce][0xffffff9e][0x1][0xffffffc3][0xffffffd9][0xffffffd3][0xffffffac][0xffffffbb][0x16][0x6][0x1c][0x1b][0xffffffce][0xffffff9e][0xffffffb2][0xffffffdf]JR"d8[0xffffffdb][0x6][0xffffff92][0xffffffa1]D[0xffffffc0]p[0xffffffb6][0xffffff84][0xffffffb3][0xffffff9a][0x12][0xffffffc1][0xffffffc3][0xffffffd9][0xffffffae]<YJ[0xffffffe4][\r]g[0xffffffbb]j[0xffffffe5]([0xffffff91]2[0xffffff9c][0xffffffad][0xffffffc5][0xffffffbb]A[0x9]7[0xffffff9c][0xffffffdd][0xffffffcf][0xffffff86][0xffffffbd][0xffffff95][0xffffffc0][0xffffff87][0xffffffb3]g[0xffffffc0]p[0xfffffff6]4[0xffffffeb][0xffffffae][0xffffff85][0x1][0xffffffc7][0xffffff86][0xffffffb3][0xffffffa7][0xffffffec][0xffffffb7][0xffffff92][0xffffff94][0x8][0x19][0xffffffce][0xffffffb6][0xffffff81]d([0x11]0[0xffffff9c]-[0xffffffe1][0xffffffac][0xffffffa6]D[0xfffffff0]p[0xffffffb6]+O[0xffffff96][0x12]y[0xffffffc3][0xffffffd9][0xffffffae]Z9J[0xffffffa4][0xc]gk[0xfffffff1][0xfffffffe]5%[0xffffffce][0xffffff97][0x1b][0xffffffce][0xffffffee][0xffffffcf][0xffffffd3][0x19]J|>[0xf]J[0xffffff89][0xffffffaf]'`)[0xfffffff1][0xfffffffb][0x19][0x8]J|[0xfffffffd]:A[0xffffff89]_[0xffffffbf][0xffffff9c]@[0x9][0x17]E[0xffffff82][0x12]>[0xffffff90][0x4]%\,[0xffffffab])[0xffffffa1][0xffffffe1][0xffffffac][0xffffffa5][0xffffff84]F4[0xffffff87][0x12][0xffffffb6]<IJ[0xffffffbc][0xffffffe9]R[0xffffff92][0x12][0xffffffb6]Z)J[0xffffff98][0xffffffa6]e(a[0xffffff8a]w[0xffffff83][0x12]n8[0xfffffffb]xuhW[0xffffffe2][0xfffffff3]y`J[0xfffffff0][0xffffffc3][0xffffffd9][0xffffffbf][0xffffff9f][0xffffff81][0xffffffa1][0x4]5[0xffffff9c][0xfffffffd][0xffffffeb][0xffffff97]3([0xffffff91]1[0xffffff9c][0xffffffed][0x3][0xffffffc9]P[0xffffff82][0x1f][0xffffffce][0xffffffd6]pVS"w8[0xffffffdb][0xffffff96]'K[0xffffff89][0xffffffb8][0xffffffe1]l[[0xffffffad][0x1c]%B[0xffffff86][0xffffffb3]M[0xfffffff1]nP[0xffffffc2][\r]g[0x1f][0xffffffe7][\r][0xffffff9d][0xffffffe0][0xfffffff8]|[0x1e][0xffffff98][0x12][0xfffffffc]p[0xfffffff6][0xffffffef]g`(A[\r]g[0xffffffff][0xfffffffa][0xffffffe5][0xc]Jd[0xc]g[0xfffffffb]@2[0xffffff94][0xffffffe0][0xffffff87][0xffffffb3]5[0xffffff9c][0xffffffd5][0xffffff94][0xffffffc8][0x1d][0xffffffce][0xffffffb6][0xffffffe5][0xffffffc9]R"n8[0xffffffdb]V+G[0xffffff89][0xffffff90][0xffffffe1]lS[0xffffffbc][0x1b][0xffffff94]p[0xffffffc3][0xffffffd9][0xffffffc7]u[0xffffff9f][0x14]%[0xffffffe8][0xffffffe1][0xffffffec][0xffffffaf]'[0xffffffa0])A[0xe]g[0x7f][0xfffffffd]:C[0xffffff89][0xffffffa0][0xffffffe1]l[0x17]E[0xffffff86][0x12])[0xffffffc3][0xffffffd9].[0xffffff96][0xfffffff5][0xffffff94]`[0xffffff87][0xffffffb3]5[0xffffffa2]I[0xffffff94][0x8][0x1b][0xffffffce]~[0xffffffd3][0xffffffa5],%[0xffffff82][0xffffff86][0xffffffb3]M[0xffffffd3]R[0xffffff94][0xfffffff8][0xfffffffe]p[0xfffffff6][0xfffffff9]r[0xffffffc3][0xffffffd9][0xffffffc7]xM[0xffffff8a][0x12][0xfffffff4]p[0xfffffff6][0xffffffd7][0x13][0xffffffd0][0xffffff94] [0xffffff87][0xffffffb3][0xffffffbf]~[0xffffff9d][0xffffffa1]D[0xffffffd0]p[0xffffffb6][0xffffff8b]"C[0xffffff89][0xffffff94][0xffffffe1]l[0x17][0xffffffcb]zJ[0xffffffb0][0xffffffc3][0xffffffd9][0x1a][0xffffffd1]$J[0xffffff84][\r]g[0xffffffbf][0xffffffe9]R[0xffffff96][0x12]A[0xffffffc3]"
18:17:44.631 [TestNG-tests-2] DEBUG org.apache.hc.client5.http.wire - http-outgoing-2 << "HTTP/1.1 200 OK[\r][\n]"
18:17:44.631 [TestNG-tests-2] DEBUG org.apache.hc.client5.http.wire - http-outgoing-2 << "Connection: keep-alive[\r][\n]"
18:17:44.631 [TestNG-tests-2] DEBUG org.apache.hc.client5.http.wire - http-outgoing-2 << "Content-Length: 64447[\r][\n]"
18:17:44.631 [TestNG-tests-2] DEBUG org.apache.hc.client5.http.wire - http-outgoing-2 << "Server: GitHub.com[\r][\n]"
18:17:44.631 [TestNG-tests-2] DEBUG org.apache.hc.client5.http.wire - http-outgoing-2 << "Content-Type: application/json; charset=utf-8[\r][\n]"
18:17:44.632 [TestNG-tests-2] DEBUG org.apache.hc.client5.http.wire - http-outgoing-2 << "permissions-policy: interest-cohort=()[\r][\n]"
18:17:44.632 [TestNG-tests-2] DEBUG org.apache.hc.client5.http.wire - http-outgoing-2 << "x-origin-cache: HIT[\r][\n]"
18:17:44.632 [TestNG-tests-2] DEBUG org.apache.hc.client5.http.wire - http-outgoing-2 << "Last-Modified: Tue, 05 Nov 2024 11:09:37 GMT[\r][\n]"
18:17:44.632 [TestNG-tests-2] DEBUG org.apache.hc.client5.http.wire - http-outgoing-2 << "Access-Control-Allow-Origin: *[\r][\n]"
18:17:44.632 [TestNG-tests-2] DEBUG org.apache.hc.client5.http.wire - http-outgoing-2 << "Strict-Transport-Security: max-age=31556952[\r][\n]"
18:17:44.632 [TestNG-tests-2] DEBUG org.apache.hc.client5.http.wire - http-outgoing-2 << "ETag: W/"6729fcf1-1ebdf3"[\r][\n]"
18:17:44.632 [TestNG-tests-2] DEBUG org.apache.hc.client5.http.wire - http-outgoing-2 << "expires: Tue, 05 Nov 2024 11:22:39 GMT[\r][\n]"
18:17:44.632 [TestNG-tests-2] DEBUG org.apache.hc.client5.http.wire - http-outgoing-2 << "Cache-Control: max-age=600[\r][\n]"
18:17:44.632 [TestNG-tests-2] DEBUG org.apache.hc.client5.http.wire - http-outgoing-2 << "Content-Encoding: gzip[\r][\n]"
18:17:44.632 [TestNG-tests-2] DEBUG org.apache.hc.client5.http.wire - http-outgoing-2 << "x-proxy-cache: HIT[\r][\n]"
18:17:44.632 [TestNG-tests-2] DEBUG org.apache.hc.client5.http.wire - http-outgoing-2 << "X-GitHub-Request-Id: C4F3:295092:2E3DD:30303:6729FDA7[\r][\n]"
18:17:44.632 [TestNG-tests-2] DEBUG org.apache.hc.client5.http.wire - http-outgoing-2 << "Accept-Ranges: bytes[\r][\n]"
18:17:44.632 [TestNG-tests-2] DEBUG org.apache.hc.client5.http.wire - http-outgoing-2 << "Date: Tue, 05 Nov 2024 11:17:44 GMT[\r][\n]"
18:17:44.632 [TestNG-tests-2] DEBUG org.apache.hc.client5.http.wire - http-outgoing-2 << "Via: 1.1 varnish[\r][\n]"
18:17:44.632 [TestNG-tests-2] DEBUG org.apache.hc.client5.http.wire - http-outgoing-2 << "Age: 274[\r][\n]"
18:17:44.632 [TestNG-tests-2] DEBUG org.apache.hc.client5.http.wire - http-outgoing-2 << "X-Served-By: cache-qpg120086-QPG[\r][\n]"
18:17:44.632 [TestNG-tests-2] DEBUG org.apache.hc.client5.http.wire - http-outgoing-2 << "X-Cache: HIT[\r][\n]"
18:17:44.632 [TestNG-tests-2] DEBUG org.apache.hc.client5.http.wire - http-outgoing-2 << "X-Cache-Hits: 15[\r][\n]"
18:17:44.632 [TestNG-tests-2] DEBUG org.apache.hc.client5.http.wire - http-outgoing-2 << "X-Timer: S1730805465.683264,VS0,VE1[\r][\n]"
18:17:44.632 [TestNG-tests-2] DEBUG org.apache.hc.client5.http.wire - http-outgoing-2 << "Vary: Accept-Encoding[\r][\n]"
18:17:44.632 [TestNG-tests-2] DEBUG org.apache.hc.client5.http.wire - http-outgoing-2 << "X-Fastly-Request-ID: 1ee86f935dfe0df7f1669830d389a14a9814bede[\r][\n]"
18:17:44.632 [TestNG-tests-2] DEBUG org.apache.hc.client5.http.wire - http-outgoing-2 << "[\r][\n]"
18:17:44.633 [TestNG-tests-2] DEBUG org.apache.hc.client5.http.headers - http-outgoing-2 << HTTP/1.1 200 OK
18:17:44.633 [TestNG-tests-2] DEBUG org.apache.hc.client5.http.headers - http-outgoing-2 << Connection: keep-alive
18:17:44.633 [TestNG-tests-2] DEBUG org.apache.hc.client5.http.headers - http-outgoing-2 << Content-Length: 64447
18:17:44.633 [TestNG-tests-2] DEBUG org.apache.hc.client5.http.headers - http-outgoing-2 << Server: GitHub.com
18:17:44.633 [TestNG-tests-2] DEBUG org.apache.hc.client5.http.headers - http-outgoing-2 << Content-Type: application/json; charset=utf-8
18:17:44.633 [TestNG-tests-2] DEBUG org.apache.hc.client5.http.headers - http-outgoing-2 << permissions-policy: interest-cohort=()
18:17:44.633 [TestNG-tests-2] DEBUG org.apache.hc.client5.http.headers - http-outgoing-2 << x-origin-cache: HIT
18:17:44.633 [TestNG-tests-2] DEBUG org.apache.hc.client5.http.headers - http-outgoing-2 << Last-Modified: Tue, 05 Nov 2024 11:09:37 GMT
18:17:44.633 [TestNG-tests-2] DEBUG org.apache.hc.client5.http.headers - http-outgoing-2 << Access-Control-Allow-Origin: *
18:17:44.633 [TestNG-tests-2] DEBUG org.apache.hc.client5.http.headers - http-outgoing-2 << Strict-Transport-Security: max-age=31556952
18:17:44.633 [TestNG-tests-2] DEBUG org.apache.hc.client5.http.headers - http-outgoing-2 << ETag: W/"6729fcf1-1ebdf3"
18:17:44.633 [TestNG-tests-2] DEBUG org.apache.hc.client5.http.headers - http-outgoing-2 << expires: Tue, 05 Nov 2024 11:22:39 GMT
18:17:44.633 [TestNG-tests-2] DEBUG org.apache.hc.client5.http.headers - http-outgoing-2 << Cache-Control: max-age=600
18:17:44.633 [TestNG-tests-2] DEBUG org.apache.hc.client5.http.headers - http-outgoing-2 << Content-Encoding: gzip
18:17:44.633 [TestNG-tests-2] DEBUG org.apache.hc.client5.http.headers - http-outgoing-2 << x-proxy-cache: HIT
18:17:44.633 [TestNG-tests-2] DEBUG org.apache.hc.client5.http.headers - http-outgoing-2 << X-GitHub-Request-Id: C4F3:295092:2E3DD:30303:6729FDA7
18:17:44.633 [TestNG-tests-2] DEBUG org.apache.hc.client5.http.headers - http-outgoing-2 << Accept-Ranges: bytes
18:17:44.633 [TestNG-tests-2] DEBUG org.apache.hc.client5.http.headers - http-outgoing-2 << Date: Tue, 05 Nov 2024 11:17:44 GMT
18:17:44.633 [TestNG-tests-2] DEBUG org.apache.hc.client5.http.headers - http-outgoing-2 << Via: 1.1 varnish
18:17:44.633 [TestNG-tests-2] DEBUG org.apache.hc.client5.http.headers - http-outgoing-2 << Age: 274
18:17:44.633 [TestNG-tests-2] DEBUG org.apache.hc.client5.http.headers - http-outgoing-2 << X-Served-By: cache-qpg120086-QPG
18:17:44.633 [TestNG-tests-2] DEBUG org.apache.hc.client5.http.headers - http-outgoing-2 << X-Cache: HIT
18:17:44.633 [TestNG-tests-2] DEBUG org.apache.hc.client5.http.headers - http-outgoing-2 << X-Cache-Hits: 15
18:17:44.633 [TestNG-tests-2] DEBUG org.apache.hc.client5.http.headers - http-outgoing-2 << X-Timer: S1730805465.683264,VS0,VE1
18:17:44.633 [TestNG-tests-2] DEBUG org.apache.hc.client5.http.headers - http-outgoing-2 << Vary: Accept-Encoding
18:17:44.633 [TestNG-tests-2] DEBUG org.apache.hc.client5.http.headers - http-outgoing-2 << X-Fastly-Request-ID: 1ee86f935dfe0df7f1669830d389a14a9814bede
18:17:44.633 [TestNG-tests-2] DEBUG org.apache.hc.client5.http.impl.classic.MainClientExec - ex-0000000003 connection can be kept alive for 3 MINUTES
18:17:44.634 [TestNG-tests-2] DEBUG org.apache.hc.client5.http.wire - http-outgoing-2 << "[0x1f][0xffffff8b][0x8][0x0][0x0][0x0][0x0][0x0][0x0][0x3][0xffffffcc][0xffffffbd][0xffffffdd][0xffffff8e],Iv^[0xfffffff9].}[0xffffffad].[0xffffff86][0xffffffdb][0xffffff9f][0xffffff9b][0xfffffff1]9t5[0xffffff83][0xffffffb9][0xffffffe8]!{[0xffffffc8][0x6][0xffffff9a]l[0xffffffa2][0xffffff9b][0xffffff92][0x6]#[0xffffffe8][0xffffffdd]'22[0xffffffcf][0xffffffc9],[0xffffffdb]_[0x1c]U[0xfffffff8]i[0xffffffec][0xfffffff5]A[0x10][0x4][0xffffff8a][0xffffff9d][0xffffffe5]Fbaa[0xffffff95][0xffffff87][0xffffffed][0xffffffed][0xffffffff][0xfffffff3]w[0xffffffff][0xfffffff9][0xffffffa7][0x7f][0xfffffffb][0xffffffe3][0xffffffdf][0xfffffffe][0xfffffff3][0xf][0xffffffff][0xfffffff6][0x1f][0xffffffbf][0xfffffffb][0xffffffc7][0xffffffdf][0xffffff95][i[0xffffffbf]?[0xffffff8e][0xffffffdf][0xffffffdf][0xfffffffa][0x7f]=n[0xffffffff]x[[0xffffffff][0xffffffd8][0xffffffca]/[0xffffffb3][0x1e][0xffffffff][0xffffffc7][0xffffffef][0xfffffffe][0xffffffcb][0xffffffef][0xfffffffe][0xfffffffb][0x1f][0xffffffff][0xfffffffa][0xffffffb7]?[0xfffffffd][0xffffffe5][0xffffffdf][0xffffffff][0xfffffff6][0xffffffbb][0x7f][0xfffffffc]?[0xffffffff][0xffffffe7][0xffffffb7][0xffffffff][0xffffffe2][0xfffffffe][0x17][0xffffffc7]Q[0x7f][0xffffffb9][0xfffffffd][0xffffffd2][0xffffffc7]Y~[0xffffffb9][0xffffffdd][0xffffffff]S[0x7f][0xfffffffd][0xffffffe3][0x7f][0xffffffff][0xffffffd3][0xfffffff7][0xffffffff]N9Z[0xffffffef][0xfffffff7][0xffffffff][0xffffffcf][0x7f][0xfffffffe][0xffffffcb][0xffffffff][0xfffffff8][0xfffffff7]?[0xffffffff][0xffffffe5][0xf][0xffffffff]|[0xffffffff][0xffffffdb][0xffffffff][0xfffffff9][0xffffffbb][0x7f][0xfffffffa][0xffffffd7][0xffffffbf][0xfffffffe][0xffffffe5][0xffffffdf][0xfffffffe][0xfffffff8][0xfffffff8][0xffffffa7][0xfffffffc][0xffffffc7][0xffffff9f][0xffffffff][0xfffffff0][0xffffff9f][0xffffffff][0xffffffcf]_[0xfffffffe][0xfffffffa]o[0xfffffff7][0xffffffff][0xfffffff0][0xffffff9f][0xffffffff][0xfffffff4][0xffffffef][0xffffffff][0xffffffed][0xffffffff][0x1d][0xffffffed][0xfffffffe][0x1f][0xfffffffe]o[0x7f][0xfffffffd][0xfffffff3][0xfffffffd][0xffffffbf][0xfffffffe][0xffffffd7][0xffffffff][0xfffffffc][0xffffffcf][0xffffffff][0xfffffff8][0xffffffdb]?[0xfffffffe][0xffffffc3]?[0xfffffffc][0xffffffed]?[0xffffffff][0xfffffff2][0xffffffd7]?[0xfffffffc][0xffffffcb][0x1f][0x7f][0xfffffff9][0xffffff97][0xffffffbf][0xfffffffc][0xffffffe5]_[0xfffffffe][0xfffffffc][0xffffffc7]?[0xfffffffc][0xffffffc7][0xffffff9f][0xfffffffe][0xfffffff6][0xffffffcb]?[0xfffffffd][0xffffffe5][0xffffffdf][0xfffffffe][0xffffffe1][0xfffffffd][0x1f][0xfffffff2][0xfffffffb][0xfffffffb][0x1f][0xffffffff][0xfffffffe]?[0xffffffef][0xffffff87][0xffffffff][0xffffffd3][0xffffffbf][0xffffffff][0xffffffcb][0xffffffef][0xffffffff][0xffffffe3][0xffffffbf][0xfffffffd][0xffffffdf][0x7f][0xfffffffe][0xffffffd3]?[0xfffffffd][0xffffffc3][0xffffffd7][0xfffffff3][0xfffffffc][0xffffffc3][0xffffffc7]?[0xfffffff5][0xffffffdb][0x7f][0xfffffffc][0xffffffe3][0xffffffbf][0xfffffffc][0xffffffe5][0xffffffff][0xfffffffb][0xffffffd3][0x7f][0xfffffffc][0xffffffee][0x7f][0xfffffffd][0xffffff97]_=[0xffffffff][0xffffffdf][0xfffffffe][0xfffffff0]O[0xffffffbf][0xffffffff][0xffffffc3]_[0xffffffff][0xffffffed][0xffffffef]~[0xffffff82][0xffffffef][0xffffffff][0xffffffdc]o[0x7f][0xfffffff0][0xfffffffd][0xffffffff][0xffffffe3][0xffffffd9])[0xfffffffe][0xfffffffe][0xffffffff][[0xfffffff8][0xfffffff8][0xffffffa7]~=[0xffffffc1][0xffffff93][0xffffffff]-[0xfffffffc][0xffffff8f]?[0xfffffffd]{-[0x7f][0xffffffe7][0xffffffa7]?[0xfffffffe][0xffffff99][0xffffffdf][0xfffffffe][0xffffffc3][0xffffff8f][0xffffffff][0xffffffe2][0xffffffc9][0xffffff93][0xffffffff][0xffffffee][0xffffffff]s?[0xfffffffe][0xffffff99]_[0xffffff9e][0xfffffffc][0xffffffed][0x7f][0xffffffe6][0xffffffff][0xffffffeb][0x7f][0xffffffbd]=\"\[0xffffffbb][0x19][0xffffffc3][0xffffffb5][0xffffffe3][0x10][0xffffffdf][0xffffff8f][0xffffffc0]S[0xfffffffc]q[0x8][\n]"
18:17:44.634 [TestNG-tests-2] DEBUG org.apache.hc.client5.http.wire - http-outgoing-2 << "[0xffffffe3][0xfffffffb][0xffffffe3])[0xffffff8e][0xffffffdf][0x1f][0xfffffffd]*[0xffffffc8][0xffffffa3][0xffffff9a][0xffffff81]<*[0xe][0xfffffff2][0xfffffffd][0x8]<[0xffffffc8][0x1f][0xffffff87][0xffffffa0]@[0xffffffbe]?[0xffffff9e][0x2][0xfffffff9][0xfffffffd][0xffffffd1][0xffffffbf][0x11][0xffffffe4][0xfffffff6][0xfffffff8][0xffffffab]5DT[0xffffff8c]2V:[0xffffffc7][0xffffff9f][0xffffffe7][0xffffffa1]0[0xfffffffe]r[0x2][0xffffff8c][0xffffffe2][0xffffffed][0xc][0xffffffc9][0x10][0x7f]yz2[0xffffffc3][0xffffffbf]~[0xfffffff2]+[0x8][0xffffff9f][0xffffffb7])[0x10][0xffffff9e][0xffffffb5][0x1f][0xc][0xffffffc2][0xffffff8f][0xfffffff3][0xffffffa0][0x8][0xffffffbf][0xffffff9f][0xffffff80]E[0xfffffff8][0xfffffff3][0xc][0x4][0xffffffc2][0xffffffef]O'[0x10][0xfffffffe][0xfffffffe][0xffffffe4][0xffffffd7][0x10]^[\n]"
18:17:44.634 [TestNG-tests-2] DEBUG org.apache.hc.client5.http.wire - http-outgoing-2 << "[0xffffffe1][0xffffffde][0x1a][0xffffff85][0xfffffff0][0xffffffc2][0x11]^[0x6][0x8]/[0x14][0xffffffe1][0xffffff85]![0xffffffbc]. |[0xffffffdc][0x14][0xffffffc2][0xffffffb3]N[0x8][0xffffffe1][0xffffffb7][0xfffffff3][0xffffffb0][0x8]?N[0x0]#[0xfffffffc][0xfffffffd][0xc][0x8][0xffffffc2][0xffffff8f][0xffffffa7]#[0x8][0x7f]{[0xfffffff2]k[0x8][0x1f][0xffffffbf][0xffffffc4][0x7f][0xffffffa7][[0xffffffc7][0xffffffb8]Q[0x8][0xffffffdf][0xffffffcf][0x3]#[0xfffffffc]v[0x2][0x1a][0xffffffe1]og`[0x10]~{:[0xffffff83][0xfffffff0][0xffffffc7][0xffffff93]_C[0xffffffb8][\n]"
18:17:44.634 [TestNG-tests-2] DEBUG org.apache.hc.client5.http.wire - http-outgoing-2 << "[0xb][0xffffffaf]sP![0xfffffff1]v[0x1e][0x18][0xffffffe1]j`[0xffffffe1][0xffffff8a]Z[0xffffffb8]b[0x16][0xffffffae]W,[0xffffffdc]#[0xffffffc2][0xfffffff5]Vg[0xffffffa5][0x10][0xffffffee]8[0xffffffc2][0xffffffdd][0x0][0xffffffe1][0xffffff8e]"[0xffffffdc]1[0xffffff84][0xfffffffb][0x15][0xffffff84][0xffffffc5][0x1b][0xffffff89]z[0x14][0xffffffe0][0xffffffe5][0xfffffff0][0xffffffe7]y`[0xffffff84][\r][0xffffffde]H[0x1c][0xffffffe8][0x1b][0xffffff89][0x3]{#q\y#Qn[0xffffffbf][0xffffffb4][0xffffff88][0xfffffff0][0xffffffbc][\r][0x8][0xffffffe1][0xffffffb7][0xfffffff3][0xffffffb0][0x8]?N[0x0]#[0xfffffffc][0xfffffffd][0xc][0x8][0xffffffc2][0xffffff8f][0xffffffa7]#[0x8][0x7f]{[0xfffffff2]k[0x8][0xffffff8b][0xfffffffb][0x12][0xffffffb5]4[0xe]a[0xfffffff0][0xffffffbe][0xffffffc4][0xffffff97][0x13][0xffffffd0][0x8]C[0xfffffff7]%[0xffffffbe]<[0xffffff9d]A[0xfffffff8][0xffffffb5][0xfffffffb][0x12][0x1f][0x7f][0xffffffd4][0x4][0xffffffc2][0xfffffff5]vPo$[0xffffffde][0xffffffce][0x3]#[0xffffffdc][0xc][0x10]n([0xffffffc2][\r]C[0xffffffb8]]AX[0xffffffb5]p+[0x7][0xfffffff5][0xffffffeb]\[0xffffffc1][[0xffffffb8][0x18][0xffffffb4]pA[[0xffffffb8]`-\[0xffffffae][0xffffffb4]pU![0xffffffd1][0xffffffda]*[0x10][0xffffffc2][0x15][0xf][0xffffff89]j[0x10][0x12][0x15][\r][0xffffff89][0xffffff8a][0xffffff85]D[0xffffffbd][0x12][0x12]U[0xffffffbc][0x17][0xffffffae]m[0xffffff9e][0xffffffd4][0x1b][0xffffff89][0xffffff8a][0xffffffbf][0x17][0xffffffae][0x6][0xffffffef][0xffffff85]+[0xfffffffa]^[0xffffffb8]b[0xffffffef][0xffffff85][0xffffffeb][0xffffff95][0xfffffff7][0xffffffc2]U[0xffffffb5]p?n[0x18][0xffffffc2]x[0xb]W[0xffffff83][0x16][0xfffffffe]~[0x6][0x6]a[0xffffffac][0xffffff85][0xffffffbf]=[0xfffffff9]5[0xffffff84][0xffffffd5]O[0x1b][0xffffffbd][0xffffff9f][0xffffffd4][0xffffffbf][0xffffffce]U[0xfffffffc][0xffffffa7][0xffffff8d]j[0xfffffff0][0xffffffd3]FE[0x7f][0xffffffda][0xffffffa8][0xffffffd8]O[0x1b][0xfffffff5][0xffffffca]O[0x1b][0xfffffff7]?*f[0x8][0x17][0x1c][0xffffffe1]b[0xffffff80]pA[0x11].[0x18][0xffffffc2][0xffffffe5][\n]"
18:17:44.634 [TestNG-tests-2] DEBUG org.apache.hc.client5.http.wire - http-outgoing-2 << "[0xffffffc2][0xffffffe1][0xffffff9a][0xf][0xffffff8c]0|[0xffffffcd][0xffffffe7]q[0x2][0x1e]a[0xfffffff0][0xffffff9a][0xffffffcf][0xffffffe3][0xffffffe9][0x14][0xffffffc2][0xffffffaf]_[0xfffffff3][0xffffffb9][0xffffffff][0xffffffd1]0Cx[0xffffffe0][0x8][0xf][0x3][0xffffff84][0x7][0xffffff8a][0xfffffff0][0xffffffc0][0x10][0x1e]W[0x10]>[0xffffffdc][0x18]>x[0xffffff88][0xf][0x7][0xffffff8a][0xf][0x16][0xffffffe3][0xffffff83][0xffffffe3][0xfffffff8][0xffffffb8][0x4]rq[0x3][0xffffffb9][0xfffffff0] [0x17][0x7][0xffffff90][0xb][0xb]r[0xffffffe1]@.[0xffffff97]@[0xffffff8e][0xffffffc3][0xfffffff9]0[0xffffffc8][0xffffffdc]p[0xfffffffe][0xffffffd7]#[0xfffffff0] 3[0xffffffc3][0xfffffff9]_[0x1f]O[0xffffff81][0xfffffffc][0xffffffd2]p[0xfffffffe][0xfffffff7][0xffffffbf]jn 7[0x1e][0xffffffe4][0xffffffe6][0x0]rcAn[0x1c][0xffffffc8][0xffffffed][0x12][0xffffffc8][0xffffffcb][0xffffffed][0xffffff85][0xfffffff1][0xffffffe2][0xffffffdf][0x18][0xffffffdf][0xffffff8f][0xffffffc0][0xffffff83][0xfffffffc]q[0x8][\n]"
18:17:44.634 [TestNG-tests-2] DEBUG org.apache.hc.client5.http.wire - http-outgoing-2 << "[0xffffffe4][0xffffffc5][0xffffffbd]4^[0xffffff97][0xffffffde][0x1a][0x1f][0xffffffd5][0xffffffed][0xffffffa5][0xffffffdb][0xfffffffd]D8[0xffffffca]og[0xffffffe0]Y[0xfffffffe]v[\n]"
18:17:44.634 [TestNG-tests-2] DEBUG org.apache.hc.client5.http.wire - http-outgoing-2 << "[\n]"
18:17:44.634 [TestNG-tests-2] DEBUG org.apache.hc.client5.http.wire - http-outgoing-2 << "[0xffffffe6][0xffffffb7][0xffffffe7]S4[0x7f]<[0xfffffffb]7[0xffffffe2][0xffffffdc][0xffffffdf][0xffffffff]L[0xffffff8c][0xffffffeb][0xffffffd7][0xfffffff3]6[0xfffffff2]/[0x4]}[0xffffff9e][0xffffff87]B[0xfffffff9][0xffffffcb][0x9]0[0xffffff90][0xffffffb7]3$c[0xfffffffc][0xffffffe5][0xffffffe9][0xffffffc9][0x10][0xffffffff][0xfffffffa][0xffffffc9]/![0xffffffdc][0xffffffc4][0xffffffb8]~=[0xffffffeb][0xffffffcc][0xffffffbf][0xffffff96][0xfffffff9]y[0x1e][0x16][0xffffffe1][0xffffff86][0xffffff8e][0xffffffeb]og@[0x10]n[0xffffffc0][0xffffffb8][0xfffffffe][0xffffffaf][0xffffff9f][0xfffffffc][0x1a][0xffffffc2][0xffffff87]B[0xffffffb8][0xffffffb7][0xfffffffc][0xffffffa4][0xfffffff8]<[0xf][0xffffff8c][0xfffffff0]a[0xffffff80][0xfffffff0][0xffffff81]"|`[0x8][0x1f]W[0x10]V7[0xffffff8b][0xffffffcf][0xffffffbe]N[\n]"
18:17:44.634 [TestNG-tests-2] DEBUG org.apache.hc.client5.http.wire - http-outgoing-2 << "a[0xfffffff0]f[0xfffffff1][0xffffff97][0x13][0xffffffd0][0x8]C7[0xffffff8b][0xffffffbf]<[0xffffff9d]A[0xfffffff8][0xffffffb5][0xffffff9b][0xffffffc5][0x1f][0x7f][0xffffffa4]n[0x16][0xffffff9f][0xffffffa3][0xffffffe5]/[0x10][0xfffffffc]<[0xf][0xffffff8c]0z[0xffffffb3]x;[0x3][0xffffff83]0p[0xffffffb3][0xfffffff8][0xffffffd7]O~[\r][0xffffffe1]&[0x11]^[0xfffffff9][0x1b]'>[0xffffffcf][0x3]#[0xffffffdc][0xc][0x10]n([0xffffffc2][\r]C[0xffffffb8]]A[0xfffffff8][0x14][0x8][0xffffffcf]R[0xffffffb0][0xffffff90]8q[0xffffff84]O[0x3][0xffffff84]O[0x14][0xffffffe1][0x13]C[0xfffffff8][0xffffffbc][0xffffff82][0xffffffb0]z[0xffffffa9]6g[0xffffffc7],[0xffffff8c][0xffffffbf]Tk[0x6]/[0xffffffd5][0x1a][0xfffffffa]R[0xffffffad]a/[0xffffffd5][0xffffffda][0xffffff95][0xffffff97]j][0xffffffbd]T[[0xffffffe5][0xffffffa0][0x10][0xffffffee][0xfffffff8]K[0xffffffb5]n[0xfffffff0]R[0xffffffad][0xffffffa3]/[0xffffffd5]:[0xfffffff6]R[0xffffffad]_y[0xffffffa9][0xffffffd6][0xffffffd5]K[0xffffffb5][0xffffffd5][\n]"
18:17:44.634 [TestNG-tests-2] DEBUG org.apache.hc.client5.http.wire - http-outgoing-2 << "[0xfffffff5]R[0xffffffad][0xffffffe3]/[0xffffffd5][0xffffffba][0xffffffc1]K[0xffffffb5][0xffffff8e][0xffffffbe]T[0xffffffeb][0xffffffd8]K[0xffffffb5]~[0xffffffe5][0xffffffa5][0xffffffda][0xfffffffd][0xffffff8f][0xffffffe2][0xffffff88][0x12][0xffffff8b]06[0xffffffa2][0xfffffff4][0xffffffe5][0x4]<[0xffffffc2][0xffffffc8][0xffffff88][0xffffffd2][0xffffff97][0xffffffa7]S[0x8][0xffffffbf]2[0xffffffa2][0xfffffff4][0xfffffff1]GE!|[0xffffffef]j[\n]"
18:17:44.634 [TestNG-tests-2] DEBUG org.apache.hc.client5.http.wire - http-outgoing-2 << "[0xffffffe1][0xffffff82]#\[0xc][0x10].([0xffffffc2][0x5]C[0xffffffb8]\A"
18:17:44.635 [TestNG-tests-2] DEBUG org.apache.hc.client5.http.wire - http-outgoing-2 << "X[0xffffffbc][0x17]n[0xffffffb7][[0xffffffc9][0xffffffdf][0xffffffbe][0xfffffff6]y[0x1e][0x18]a[0xffffff83][0xfffffff7][0xffffffc2][0x1d]}/[0xffffffdc][0xffffffb1][0xfffffff7][0xffffffc2][0xfffffffd][0xffffffca]{[0xffffffe1][0xffffffde][0x15][0xffffffc2][0x1d][0xffffffd8]8[0xfffffff1]y[0x1e][0x18][0xffffffe1]n[0xffffff80]pG[0x11][0xffffffee][0x18][0xffffffc2][0xfffffffd][\n]"
18:17:44.636 [TestNG-tests-2] DEBUG org.apache.hc.client5.http.wire - http-outgoing-2 << "[0xffffffc2][0xffffffe2][0xfffffff3]^w[0xffffff84][0xffffffb1][0xffffff9b]j[0x1d][0xfffffffc][0xffffffbc][0xffffffd7][0xffffff97][0x13][0xffffffd0][0x8]C[0xffffff9f][0xfffffff7][0xfffffffa][0xfffffff2]t[0x6][0xffffffe1][0xffffffd7]>[0xffffffef][0xfffffff5][0xfffffff1]G[0xffffffe2][0xffffffa7][0xffffff8d]v[0x1b][0xffffff9c][0xffffff85][0xfffffff1][0xffffff9f]6[0xffffffba][0xffffffc1]O[0x1b][0x1d][0xfffffffd]i[0xffffffa3]c?m[0xfffffff4]+?mt[0xffffffb1][0x3][0xfffffff3][0xffffff8e]0[0xfffffff0]a[0xffffff99][0xffffffcf][0xfffffff3][0xffffffc0][0x8][0xffffffa3];0[0xffffffb7]30[0x8][0x3];0[0x7f][0xfffffffd][0xffffffe4][0xffffffd7][0x10][0x16][0xffffffbf][0xffffffce][0xffffffb5][0xffffffdb]yR[0xfffffff7][0xffffff85];[0xfffffffe][0xffffffeb]\7[0xfffffff8]u[0xffffffae][0xffffffa3][0xffffffbf][0xffffffce]u[0xffffffec][0xffffffd7][0xffffffb9]~[0xffffffe5][0xffffffd7][0xffffffb9]!~[0xffffffda]h[0xffffffc8]W9>[0xffffffcf][0xffffffc3]"<[0xc]~[0xffffffda][0x18][0xffffffe8]O[0x1b][0x3][0xfffffffb]ic\[0xfffffff9]ic[0xffffff88][0xfffffffb][0xffffffc2][0xffffffed][0x18][0xffffff95]z[0xffffffa9]6[0xfffffff0][0xfffffffb][0xffffffc2][0xffffffc3][0xffffffe0][0xffffffbe][0xfffffff0]@[0xffffffef][0xb][0xf][0xffffffec][0xffffffbe][0xfffffff0][0xffffffb8]r_[0xfffffff8][0xfffffffe]G[0xffffffcd][0xc]a[0xffffffec][0xffffffc3]2_N[0xffffffc0]#[0xffffff8c]|X[0xffffffe6][0xffffffcb][0xffffffd3])[0xffffff84]_[0xfffffff9][0xffffffb0][0xffffffcc][0xffffffc7][0x1f][0xffffffa9][0xffffff9f]6[0xffffff8e]5[0xffffffa8][0x16][0x1e][0xfffffff8]O[0x1b][0xffffffc3][0xffffffe0][0xffffffa7][0xffffff8d][0xffffff81][0xfffffffe][0xffffffb4]1[0xffffffb0][0xffffff9f]6[0xffffffc6][0xf][0x7f][0xffffffda][0xfffffff8]/[0x1f][0x10][0xfffffffe][0xfffffff3]_[0xffffffff]t[0x7][0xffffff99]@[0xfffffff1][0xfffffffd][0xffffffc9][0xe]@~[0xffffff9c][0x4][0xffffffc7][0xfffffff2][0xffffffcb]9 8?N[0xffffff80]![0xfffffffa][0xfffffff9][0xfffffffc][0xffffffff][0xffffffad]k[0xffffffbb]pm[0x19][0xffffffc0]g[0xffffffc5]?[0xffffffcf][0x3][0xffffffbb][0xffffffb6][0x1b][0xffffffb8][0xffffffb6][0x7][0xffffffa8]3q[0xffffffee][0xffffff98]k[0xffffffbb][0xffffff93]k#[0xffffff8a][0xffffff8c]k[0x15][0xffffff90][0xffffff8c]k#[0xffffff96][0xfffffff9][0xffffffae][0xffffffdd][0xffffffe1][0xffffffcc]v[0xffffffed][0xffffff8e][0xffffffe8][0xb][0xffffffae]U[0xffffffbf][0xffffffb4][0xffffffd5]cb[0xffffffae][0xffffffc5][0x7f]i[0x1b][0x6][0xffffffbf][0xffffffb4][\r][0xfffffff4][0xffffff97][0xffffffb6][0xffffff81][0xfffffffd][0xffffffd2]6~[0xfffffff8]K[[0xffffffb6]k#[0xffffff8a][0xffffff8c]k[0x15][0xffffff90][0xffffff8c]k#[0xffffff96][0xfffffff9][0xffffffae][0xffffffdd][0xffffffe1][0xffffffcc]v[0xffffffed][0xffffff8e][0xffffffe8][0xb][0xffffffae]U?[0x9][0xffffffd7]^[0xffffffb1][0x1f]#[0xfffffff0][0xffffff9f][0xffffff84][0xffffff87][0xffffffc1]O[0xffffffc2][0x3][0xfffffffd]Ix`?[0x9][0xffffff8f][0x1f][0xfffffffe]$[0xffffff9c][0xffffffed][0xffffffda][0xffffff88]"[0xffffffe3]Z[0x5]$[0xffffffe3][0xffffffda][0xffffff88]e[0xffffffbe]kw8[0xffffffb3]][0xffffffbb]#[0xfffffffa][0xffffff82]k[0xffffffd5][0xffffffdd][0xffffff85]::[0xffffffb5][0xffffffa2]d[0xffffffe0]w[0x17][0xffffff86][0xffffffc1][0xffffffdd][0xffffff85][0xffffff81][0xffffffde]][0x18][0xffffffd8][0xffffffdd][0xffffff85][0xfffffff1][0xffffffc3][0xffffffbb][0xb][0xffffffd9][0xffffffae][0xffffff8d](2[0xffffffae]U@2[0xffffffae][0xffffff8d]X[0xffffffe6][0xffffffbb]v[0xffffff87]3[0xffffffdb][0xffffffb5];[0xffffffa2][0xffffffbf][0xffffffdd][0xffffffb5][0xffffffa7][0x18][0xffffff81]o[0xfffffff5]<[0xffffffa8][0xffffffc9][0xffffffb5][0x13][0x1f][0xffffff81]?[\r]F[0xffffffe0]Ot[0x4][0xfffffffe][0xffffffc4]F[0xffffffe0][0xffffffcf][0x1f][0xffffff8e][0xffffffc0]'[0xffffffbb]V[0xffffffa0][0xffffff88][0xffffffb8]V[0x2][0xffffff89][0xffffffb8]V`[0xffffff99][0xffffffee][0xffffffda][0x0]g[0xffffffb2]k[0x3][0xffffffa2]/[0xffffffb8]V]h[0xffffffac][0xfffffff7]R[0xffffffa6]\[0xffffff8b]_h<[\r].4[0xffffff9e][0xffffffe8][0xffffff85][0xffffffc6][0x13][0xffffffbb][0xffffffd0]x[0xfffffffe][0xfffffff0]Bc[0xffffffb6]k#[0xffffff8a][0xffffff8c]k[0x15][0xffffff90][0xffffff8c]k#[0xffffff96][0xfffffff9][0xffffffae][0xffffffdd][0xffffffe1][0xffffffcc]v[0xffffffed][0xffffff8e][0xffffffe8][0xb][0xffffffae]U7o[0xffffffeb]<[0xffffffa8]k[0xffffff8b]'~[0xfffffff3][0xfffffff6]4[0xffffffb8]y{[0xffffffa2]7oO[0xffffffec][0xffffffe6][0xffffffed][0xfffffff9][0xffffffc3][0xffffff9b][0xffffffb7][0xffffffd9][0xffffffae][0xffffff8d](2[0xffffffae]U@2[0xffffffae][0xffffff8d]X[0xffffffe6][0xffffffbb]v[0xffffff87]3[0xffffffdb][0xffffffb5];[0xffffffa2]/[0xffffffb8]V[0xffffffdd][0xffffffaf][0xffffffad][0xb][0xfffffff8]V[0xffffffd0][0xffffffe7]y`[0xffffffd7][0x1a][0xffffffdc][0xffffffaf]=[0xffffffe3]E[0xffffffc6]L[0xffffff9c][0xffffffb1][0xfffffffb][0xffffffb5][0xffffffe7]~y[0x11]u[0xffffffad][0xffffffc9][0xfffffffd]Z[0x9]$[0xffffffe3]Z[0xffffff83][0xfffffffb][0xffffffb5][0x1][0xffffffce]l[0xffffffd7]^[0xffffffbf]_{[0xffffffff][0xffffffd3]f[0xffffffe6]Zx[0x1c][0xffffffe7]q[0x2][0xffffffde][0xffffffb5][0xffffffe0]8[0xffffffce][0xffffffe3][0xffffffe9][0xffffff94]k[0x7f]0[0xffffff8e][0xffffff93][0xffffffef][0xffffffda][0x1d]E[0xffffffca][0xffffffb5][0x11]H[0xffffffca][0xffffffb5];[0xffffff96][0xffffff84]k[0x1b][0xffffffec][0xffffffda]v[0xffffffd5][0xffffffb5]j[0x19]S[[0xffffffd8]z[0xffffffe8][0x13]_[0xffffffc6]t[0x1a],c:[0xffffffd1]eL'[0xffffffb6][0xffffff8c][0xffffffe9][0xfffffffc][0xffffffe1]2[0xffffffa6]l[0xffffffd7]F[0x14][0x19][0xffffffd7]* [0x19][0xffffffd7]F,[0xfffffff3]][0xffffffbb][0xffffffc3][0xffffff99][0xffffffed][0xffffffda][0x1d][0xffffffd1][0x17]\[0xffffffab]f[0x19]z[0xffffffc1][0xffffffbe]&q[0xffffffe2][0xffffffb3][0xc][0xffffffa7][0xffffffc1],[0xffffffc3][0x19]/[0xffffff8d]g[0xffffffe2][0xffffff8c][0xffffffcd]2[0xffffff9c][0xfffffffb]Eq[0xffffffd4][0xffffffb5]&[0xffffffb3][0xc][0x12]H[0xffffffc6][0xffffffb5][0x6][0xffffffb3][0xc][0x1][0xffffffce]l[0xffffffd7]^[0xffffff9f]e[0xffffff98][0xffffffea][0x1e][0xffffffc2]h[0xffffffd8]'[0x0]'~[0xf]a[0x1a][0xffffffdc]C[0xffffff98][0xfffffff1][0x7][0xffffffdf]D[0xffffff9c]'v[0xf]a[0xffffffee]?[0xfffffff2][0xffffff92][0xffffffae][0x15]("[0xffffffae][0xffffff95]@"[0xffffffae][0x15]X[0xffffffa6][0xffffffbb]6[0xffffffc0][0xffffff99][0xffffffec][0xffffffda][0xffffff80][0xffffffe8][0xb][0xffffffae][0xffffffed][0xffffffca][0xffffffb5][0xffffffab]4[0xffffffca][0xffffffb5][0x1d]wm7pm[0xf]Pg[0xffffffe2][0xffffffdc]1[0xffffffd7]v'[0xffffffd7]F[0x14][0x19][0xffffffd7]* [0x19][0xffffffd7]F,[0xfffffff3]][0xffffffbb][0xffffffc3][0xffffff99][0xffffffed][0xffffffda][0x1d][0xffffffd1][0x17]\[0xffffffab][0xffffffe6][0xffffffc6][0xffffffce][0xfffffffb]?[0xffffff91]r->76[\r][0xffffffe6][0xffffffc6]f[0x1c][0xffffffd0][0xffffffc9][0xffffffc4][0x19][0xffffff9b][0x1b][0xffffff9b][0xfffffffb]P[0xe][0xffffffea]Z[0xffffff93][0xffffffb9]1[0x9]$[0xffffffe3]Z[0xffffff83][0xffffffb9][0xffffffb1][0x0]g[0xffffffb6]k[0xffffffaf][0xffffffcf][0xffffff8d][0xffffffad][0xffffffdb]/5[0xffffffb8]v[0xffffffde][0xffffffff]/[0xffffffe4][0xffffffda][0xffffffb7][0xfffffff3][0xffffffb0][0xffffffae]}[0xffffff9c][0x0]v[0xffffffed][0xfffffff7]3 [0xffffffae]}<[0x1d]q[0xffffffed][0xffffffb7]'[[0xffffffb8]V[0xffffffa0][0xffffff88][0xffffffb8]V[0x2][0xffffff89][0xffffffb8]V`[0xffffff99][0xffffffee][0xffffffda][0x0]g[0xffffffb2]k[0x3][0xffffffa2]/[0xffffffb9][0xfffffff6]p[0xffffff93][0xffffffed][0xffffffc1][0xffffffdb][0xfffffff6]p[0xffffffd0][0xffffffed][0xffffffc1][0xfffffffa][0xfffffff6][0xffffffe0][0xffffff84]{X[0x19]7[0xfffffff0]H)WPI97[0xffffffb0]IH[0xfffffff7][0xffffffa0][0xffffffad]{[0xfffffffc][0xffffff84]v[0x1f][0xffffffaf]i[0xffffff9d][0xffffffb4][[0xffffffe0][0xffffffcb][0xffffffb6][0xffffffef]G[0xffffffe0][0xffffffb5][[0xffffffc0][0xffffffeb][0xffffffb6][0xffffffef][0xffffff8f][0xffffffa7][0xffffffb4][|.[0xffffffdc]*[0x1e])[0xffffffed][\n]"
18:17:44.637 [TestNG-tests-2] DEBUG org.apache.hc.client5.http.wire - http-outgoing-2 << "*)[0xffffffed][0x6]6[0x9][0xffffffed][0x16][0xfffffff4][0xffffffd2]m[0xffffffe4][0xfffffff4]%[0xffffffed][0xfffffff6]a[0xffffffa6][0xffffffdd]>p[0xffffffed][0xffffffde][0xffffff8f][0xffffffc0]k[0xfffffff7][0xffffffe3][0x10][0xffffff94]v[0xffffffef][0xffffff8f][0xffffffa7][0xffffffb4][0xfffffffb][0xfffffffe]h[0x17][0xffffffed][0x6][0x1e])[0xffffffed][\n]"
18:17:44.637 [TestNG-tests-2] DEBUG org.apache.hc.client5.http.wire - http-outgoing-2 << "*)[0xffffffed][0x6]6[0x9][0xffffffed]n[0xffffff84][0xffffffe6]kw[0xffffffe3][0xfffffff4]%[0xffffffed][0xffffff9e][0xffffffdd]L[0xffffffbb]g[0xffffffc7][0xffffffb5]{?[0x2][0xffffffaf][0xffffffdd][0xffffff8f]CP[0xffffffda][0xffffffbd]?[0xffffff9e][0xffffffd2][0xffffffee][0xfffffffb][0xffffffa3]][0xffffffb4][0x1b]x[0xffffffa4][0xffffffb4]+[0xffffffa8][0xffffffa4][0xffffffb4][0x1b][0xffffffd8]$[0xffffffb4][0xffffffbb][0x11][0xffffff9a][0xffffffaf][0xffffffdd][0xffffff8d][0xffffffd3][0xffffff97][0xffffffb4][0xffffffbb][0xffffffe2][0xffffffa5][0x5]V[0xffffffbb][0xb][0xffffffbe][0xffffffb5][0xfffffff0]~[0x4]^[0xffffffbb][0x1f][0xffffff87][0xffffffa0][0xffffffb4][0xffffffbb][0xffffffa0][0xffffff8b][0xb][0xffffffdf][0x1f][0xffffffed][0xffffffa2][0xffffffdd][0xffffffc0]#[0xffffffa5]]A%[0xffffffa5][0xffffffdd][0xffffffc0]&[0xffffffa1][0xffffffdd][0xffffff85][0xffffffde]^[0xffffff88][0xffffff9c][0xffffffbe][0xffffffa6][0xffffffdd][0xffffffe9][0xffffffa6][0xffffffdd][0xffffffc9]kw:hw[0xffffffb2][0xffffffda][0xffffff9d][0xffffff9c]v[0xffffffa7][0xffffff95]vw[0x1e]1[0xffffffed]F*1[0xffffffed][0xffffffee]l"[0xffffffda][0xffffff9d][0xffffffb4]v[0xffffffe7]u[0xffffffed][0x1e][0xffffffb7]b[0xffffffe6][0xffffffdd][0xfffffffb][0xffffff89]p[0xfffffff1][0xffffffbe][0xffffff9d][0xffffff81]7[0xffffffef][0xffffffb7]SP[0xffffffea]}{>[0xffffffe5][0xffffffde][0xffffff8f]g[0xffffffbb][0xffffffc8]7BI[0xffffffd9]W[0xffffffa1]I[0xffffffe9]7[0x2]J[0xfffffff8]w[0xffffffc7]4_[0xffffffc0];[0xffffffac][0xffffffaf][0x19][0xfffffff8]t{[0xffffffe1]p?[0x11]o[0xffffffe0][0xfffffffb][0x19][0xc][0xc][0xfffffffc]q[\n]"
18:17:44.637 [TestNG-tests-2] DEBUG org.apache.hc.client5.http.wire - http-outgoing-2 << "[0xffffffcc][0xffffffc0]'[0xfffffff7][0xffffffd2][0xffffffe1][0xffffffe3][0xffffffd9]6[0x6][0xe]Pb[0x6][0x16]hb[0x6][0xe][0xffffff80]"[0x6]>[0xffffffe9]7[0xf];[0xffffffac][0xffffffbf]"
18:17:44.637 [TestNG-tests-2] DEBUG org.apache.hc.client5.http.wire - http-outgoing-2 << "[0xffffffc5][0xffffffc0][0xffffffe3][0xfffffffd][0xffffff8f][0xffffffd5][0xfffffff6][0xffffff85]y[0xffffffd6]|[0xffffffff]~[0xffffff9e][0xffffff87][0xffffffb2][0xffffffef][0xffffff97][0x13]`[0xffffffee][0xffffffdd][0xffffffce][0xffffff90]l[0xffffffde]/OO[0xfffffff6][0xffffffee][0xffffffaf][0xffffff9f][0xc][[0xfffffff7])[0xffffff8a][0xffffffc9][0xffffffce][0xfffffffd][0x1][0xffffff90][0xffffffc9][0xffffffc6]}[0xffffff8a]e[0xffffffa2]o[0xffffff9f][0xffffffc0][0xffffff99]f[0xffffffdb]'[0xffffff88][0xffffffbe][0xffffffe0]Z[0xffffffb5][0xffffff99]|[0xffffffd5]Q([0xffffffd7][0xffffff82][0xffffff9b][0xffffffc9][0xffffffbf][0xffffff9c][0xffffff80]v-[0xffffffb4][0xffffff99][0xfffffffc][0xffffffcb][0xffffffd3][0x19][0xffffffd7]zl&[0x7f][0xffffff8a]"[0xffffffe3]Z[0xffffff83][0xffffffcd][0xffffffe4]O[0xffffffb1][0xffffffcc]w-[0xffffffb6][0xffffff99][0xfffffffc][0x9][0xffffffa2]/[0xffffffb8][0xffffffb6])[0xffffffd7][0xffffff8e][0xffffff9e][0xffffffbf][0xffffff99][0xfffffffc][0xfffffff3]<[0xffffffb0]k[0xffffff9b][0xffffff81]k[[0xffffff80]:[0x13][0xffffffe7][0xffffff86][0xffffffb9][0xffffffb6]9[0xffffffb9]6[0xffffffa2][0xffffffc8][0xffffffb8]V[0x1][0xffffffc9][0xffffffb8]6b[0xffffff99][0xffffffef][0xffffffda][0x1d][0xffffffce]l[0xffffffd7][0xffffffee][0xffffff88][0xffffffbe][0xffffffe0][0xffffffda][0xffffffae]\[0xffffffbb][0xe][0xffffffcc][0xffffffb5][0x1d]wm7pm[0xf]Pg[0xffffffe2][0xffffffdc]1[0xffffffd7]v'[0xffffffd7]F[0x14][0x19][0xffffffd7]* [0x19][0xffffffd7]F,[0xfffffff3]][0xffffffbb][0xffffffc3][0xffffff99][0xffffffed][0xffffffda][0x1d][0xffffffd1][0x17]\;[0xffffffa2]k[0xfffffffb][0xffffffed]60[0xffffffd7][0xe][0xffffffdc][0xffffffb5][0xffffffc3][0xffffffc0][0xffffffb5]#@[0xffffff9d][0xffffff89][0xfffffff3][0xffffffc0]\;[0xffffff9c]\[0x1b]Qd\[0xffffffab][0xffffff80]d\[0x1b][0xffffffb1][0xffffffcc]w[0xffffffed][0xe]g[0xffffffb6]kwD_p[0xffffffad][0xfffffff8][\n]"
18:17:44.637 [TestNG-tests-2] DEBUG org.apache.hc.client5.http.wire - http-outgoing-2 << "[0xffffffc4][0xffffffdd][0xffffffb5][0xb]{_[0xb]~[0x5][0xffffffe2][0xffffffcb][0x9]h[0xffffffd7]B_[0xffffff81][0xfffffff8][0xfffffff2]t[0xffffffc6][0xffffffb5][0x1e]_[0xffffff81]x[0xffffff8a]"[0xffffffe3]Z[0xffffff83][0xffffffaf]@<[0xffffffc5]2[0xffffffdf][0xffffffb5][0xffffffd8]W [0xffffff9e] [0xfffffffa][0xffffff82]k[0xffffffa7]r[0xffffffed]q[0xffffffe4][0x7f][0x5][0xffffffe2][0xfffffff3]<[0xffffffb0]k[0xffffffa7][0xffffff81]kg[0xffffff80]:[0x13][0xffffffe7][0xffffff89][0xffffffb9]v:[0xffffffb9]6[0xffffffa2][0xffffffc8][0xffffffb8]V[0x1][0xffffffc9][0xffffffb8]6b[0xffffff99][0xffffffef][0xffffffda][0x1d][0xffffffce]l[0xffffffd7][0xffffffee][0xffffff88][0xffffffbe][0xffffffe0]Z[0xffffffb1][0xffffff99][0xfffffffc][0xffffffee]Z[0xffffffe0][0xffffffeb]f[0xffffff9f][0xffffffe7][0xffffff81]][0xffffff8b]n&[0xffffffdf][0xffffffce][0xffffffc0][0xffffffb8][0x16][0xffffffd8]L[0xfffffffe][0xffffffeb]'{[0xffffffb8][0x16][0xffffffdf]L[0xfffffffe][0x3] [0x19][0xffffffd7][0xffffffa2][0xffffff9b][0xffffffc9][0xffffff9f][0xffffffc0][0xffffff99][0xffffffed][0xffffffda]+[0xffffff9b][0xffffffc9][0x1f][0x7f]:o7[0xffffffe5][0xffffffda]R![0xffffffd7]>[0xffffffce][0xffffff83][0xffffffba][0xfffffff6][0xfffffffd][0x4][0xffffffac]k?[0xffffffcf]@[0xffffffb8][0xfffffff6][0xfffffffd][0xffffffe9][0xffffff84]k[0xffffffbf]?[0xffffffd9][0xffffffc1][0xffffffb5][\n]"
18:17:44.637 [TestNG-tests-2] DEBUG org.apache.hc.client5.http.wire - http-outgoing-2 << "E[0xffffffc2][0xffffffb5][0x1a]H[0xffffffc2][0xffffffb5][\n]"
18:17:44.637 [TestNG-tests-2] DEBUG org.apache.hc.client5.http.wire - http-outgoing-2 << "[0xffffffcb]l[0xffffffd7]F8s][0x1b][0x11]}[0xffffffc1][0xffffffb5]b[0xffffff96][0xffffffa1][0xffffffdf]j[0xffffff85][0xffffffde]!<[0xffffffce][0x3][0xffffffbb][0xffffff96][0xffffff9f]e[0xfffffff8]<[0x3][0xffffffe3]Zj[0xffffff96][0xffffffe1][0xfffffffb][0xffffff93]=\[0xffffffeb]1[0xffffffcb][0xffffffa0][0xffffff81]d\[0xffffffcb][0xffffffcf]2D8[0xffffffb3]]{y[0xffffff96]a[0xffffffde][0xffffff8a]rm[0x1b]'[0xffffffe5][0xffffffda][0xffffff82][0xffffffbb][0xffffffb6][0x18][0xffffffb8][0xffffffb6][0x4][0xffffffa8]3q.[0xffffff98]k[0xffffff8b][0xffffff93]k#[0xffffff8a][0xffffff8c]k[0x15][0xffffff90][0xffffff8c]k#[0xffffff96][0xfffffff9][0xffffffae][0xffffffdd][0xffffffe1][0xffffffcc]v[0xffffffed][0xffffff8e][0xffffffe8][0xb][0xffffffae][0xffffffad][0xffffffbf][0xffffff84]-5[0xfffffffd][0xffffffb6][\n]"
18:17:44.637 [TestNG-tests-2] DEBUG org.apache.hc.client5.http.wire - http-outgoing-2 << "[0xffffffe6][0xffffffda][0xfffffffb]y`[0xffffffd7][0xffffffbe][0xffffff9d][0xffffff80]v[0xffffffed][0xffffffb7]30[0xffffffae]}{:[0xffffffe3][0xffffffda][0xffffff8f]'{[0xffffffb8]6[0xffffffa2][0xffffffc8][0xffffffb8]V[0x1][0xffffffc9][0xffffffb8]6b[0xffffff99][0xffffffef][0xffffffda][0x1d][0xffffffce]l[0xffffffd7][0xffffffee][0xffffff88][0xffffffbe][0xffffffe0]Z17[0xffffffd6][0xffffff8f][0xffffffa3]b[0xffffffae][0xffffffa5][0xffffffe7][0xffffffc6][0xffffffde]O@[0xffffffbb][0xffffff96][0xffffff9c][0x1b]{[0x7f]:[0xffffffe3]Z[0xffffffa3][0xffffffb9]1[0xffffff85]"[0xffffffe3]Z[0xffffff97][0xffffffb9]1[0xffffff85]e[0xffffffbe]k[0xffffffd9][0xffffffb9][0xffffffb1][0xffffff88][0xffffffe8][0xb][0xffffffae][0x15]sc[0xfffffffd]h}R[0xffffffae][0xffffffa5][0xffffffe7][0xffffffc6][0xffffffde]O@[0xffffffbb][0xffffff96][0xffffff9c][0x1b]{[0x7f]:[0xffffffe3]Z[0xffffffa3][0xffffffb9]1[0xffffff85]"[0xffffffe3]Z[0xffffff97][0xffffffb9]1[0xffffff85]e[0xffffffbe]k[0xffffffd9][0xffffffb9][0xffffffb1][0xffffff88][0xffffffe8][0xb][0xffffffae][0x1d][0xffffffca][0xffffffb5]g[0xffffffc3][0xffffffba]v[0xffffffe0][0xffffffae][0x1d][0x6][0xffffffae][0x1d][0x1][0xffffffea]L[0xffffff9c][0x7][0xffffffe6][0xffffffda][0xffffffe1][0xffffffe4][0xffffffda][0xffffff88]"[0xffffffe3]Z[0x5]$[0xffffffe3][0xffffffda][0xffffff88]e[0xffffffbe]kw8[0xffffffb3]][0xffffffbb]#[0xfffffffa][0xffffff82]k[0xffffffd5][0xffffffdc]X9N[0xffffffcc][0xffffffb5][0xfffffff4][0xffffffdc][0xffffffd8][0xfffffffb][0x9]h[0xffffffd7][0xffffff92]sc[0xffffffef]Og\k47[0xffffffa6]Pd\[0xffffffeb]27[0xffffffa6][0xffffffb0][0xffffffcc]w-;7[0x16][0x11]}[0xffffffc1][0xffffffb5]jn[0xffffffac][0xffffffb4][0x1b][0xfffffff6][0xe][0xffffff81][0xffffff9e][0x1b]{?[0x1][0xffffffed]Zrn[0xffffffec][0xfffffffd][0xffffffe9][0xffffff8c]k[0xffffff8d][0xffffffe6][0xffffffc6][0x14][0xffffff8a][0xffffff8c]k][0xffffffe6][0xffffffc6][0x14][0xffffff96][0xfffffff9][0xffffffae]e[0xffffffe7][0xffffffc6]"[0xffffffa2]/[0xffffffb9]6[0xffffffde]C`]K[0xffffffdf]C[0xffffff98][0x6][0xfffffff7][0x10]f[0xfffffff8][0xffffffc1]7[0x17]g[0xffffffea][0x1e][0xffffffc2]t[0xffffffba][0xffffff87][0x10]Q[0xffffffa4]\[0xffffffeb]r[0xf]!bI[0xffffffb8][0xffffff96][0xffffffbd][0xffffff87][0xffffffb0]#[0xfffffffa][0xffffff82]k[0xffffffd5][0xffffff8c]n9Ol[0xffffff96][0xffffff81][0xffffff9e][0xffffffd1]}?[0x1][0xffffffed]ZrF[0xfffffff7][0xfffffffd][0xffffffe9][0xffffff8c]k[0xffffff8d]ft[0x15][0xffffff8a][0xffffff8c]k]ft[0x15][0xffffff96][0xfffffff9][0xffffffae]egt#[0xffffffa2]/[0xffffffb9]Vt-[0xffffffea]Z[0xffffffba]k[0xffffff97]A[0xffffffd7][0xffffffae][0x10][0x10][0xffffffb9]8S][0xffffffbb][0xffffff9c][0xffffffba]6[0xffffffa2]H[0xffffffb9][0xffffffd6][0xffffffa5]k#[0xffffff96][0xffffff84]k[0xffffffd9][0xffffffae][0xffffffdd][0x11][0xfffffffd][0xffffffed][0xffffffae]=[0xffffffd4]>[0xffffff84][0xffffffb2][0xffffff8e][0x3]r[0xffffffed][0xffffff81][0xffffffef]C8[0xc][0xfffffff6]![0x1c]q[0xfffffff0]<[0x11][0xffffffe7][0x3][0xffffffdb][0xffffff87]p[0xffffffec][0xffffffc3][0xffffffe6][0xffffffa4]k[0x5][0xffffff8a][0xffffff88]k%[0xffffff90][0xffffff88]k[0x5][0xffffff96][0xffffffe9][0xffffffae][\r]p&[0xffffffbb]6 [0xfffffffa][0xffffff82]k[0xffffffd5][0xffffff8c]nY[0xffffffb3]P[0xffffffae][0xffffffc5]gt[0xf][0xffffff83][0x19][0xffffffdd]#[0xe]Cf[0xffffffe2][0xffffff8c][0xffffffcd][0xffffffe8][0x1e][0xfffffffb][0x0]$[0xffffffea]Z[0xffffff93][0x19]][0x9]$[0xffffffe3]Z[0xffffff83][0x19][0xffffffdd][0x0]g[0xffffffb6]k[0xffffffaf][0xffffffcf][0xffffffe8][0x1e]j[0xffffff96][0xffffffa1][0xfffffff6][[0xffffffa7]\[0xffffff8b][0xffffffcf]2[0x1c][0x6][0xffffffb3][0xc]G[0xffffffbc]4[0xffffff9e][0xffffff89]36[0xffffffcb]p[0xffffffec][0x17][0xffffffc5]Q[0xffffffd7][0xffffff9a][0xffffffcc]2H [0x19][0xffffffd7][0x1a][0xffffffcc]2[0x4]8[0xffffffb3]]{}[0xffffff96][0xffffffe1][0xffffffed][0xffffffff][0xffffff89][0xffffffae]='[0xfffffff6][0xe]a[0xffffffe0][0xffffffae][0x1d][0x6][0xffffffae][0x1d][0x1][0xffffffea]L[0xffffff9c][0x7][0xffffffe6][0xffffffda][0xffffffe1][0xffffffe4][0xffffffda][0xffffff88]"[0xffffffe3]Z[0x5]$[0xffffffe3][0xffffffda][0xffffff88]e[0xffffffbe]kw8[0xffffffb3]][0xffffffbb]#[0xfffffffa][0xffffff82]k[0xffffffd5],C;[0x1a][0xfffffff6][0xe][0x1][0xffffff9f]e8[0xc]f[0x19][0xffffff8e]xi<[0x13]gl[0xffffff96][0xffffffe1][0xffffffd8]/[0xffffff8a][0xffffffa3][0xffffffae]5[0xffffff99]e[0xffffff90]@2[0xffffffae]5[0xffffff98]e[0x8]pf[0xffffffbb][0xfffffff6][0xfffffffa],[0xffffffc3][0xffffffa1]f[0x19]ZmX[0xffffffd7][0xffffffe2][0xffffffb3][0xc][0xffffff87][0xffffffc1],[0xffffffc3][0x11]/[0xffffff8d]g[0xffffffe2][0xffffff8c][0xffffffcd]2[0x1c][0xfffffffb]Eq[0xffffffd4][0xffffffb5]&[0xffffffb3][0xc][0x12]H[0xffffffc6][0xffffffb5][0x6][0xffffffb3][0xc][0x1][0xffffffce]l[0xffffffd7]^[0xffffff9f]e([0xffffffea]}m_[\r][0xfffffffa][0xffffff8e][0xffffffee][0xffffffe3]<[0xffffffac]k[0xffffff8b][0xffffffc1][0xfffffffb][0xffffffda][0x12]_[0xffffff8c]%[0xffffffe2]\[0xffffffb0][0xfffffff7][0xffffffb5]e[0x7f][0x19]F[0xffffffba]V[0xffffffa0][0xffffff88][0xffffffb8]V[0x2][0xffffff89][0xffffffb8]V`[0xffffff99][0xffffffee][0xffffffda][0x0]g[0xffffffb2]k[0x3][0xffffffa2]/[0xffffffb8]V[0xffffffbd]C[0x18]7[0xffffffea][0xffffffdb][0xffffff8e][0xffffff8f][0xfffffff3][0xffffffc0][0xffffffae]5x[0xffffff87]P[0xffffffe2][0xffffffbf][0xffffffac]e[0xffffffe2][0xffffff8c][0xffffffbd]C([0xfffffffb][0xffffffbf][0xffffffa0][0xffffffa1][0xffffffae]5y[0xffffff87] [0xffffff81]d\k[0xfffffff0][0xe]![0xffffffc0][0xffffff99][0xffffffed][0xffffffda][0xffffffeb][0xffffffef][0x10][0xffffff8a]z[0xffffff87]0[0xe][0xffffffec]{c[0x5][0x7f][0xffffff87]P[0xc][0xffffffde]![0xffffff94][0xfffffff8]/k[0xffffff99]8c[0xffffffef][0x10][0xffffffca][0xfffffffe]/h[0xffffffa8]kM[0xffffffde]!H [0x19][0xffffffd7][0x1a][0xffffffbc]C[0x8]pf[0xffffffbb][0xfffffff6]'[0xffffffde]![0xffffffa8][0x19][0xffffffdd][0xffffffd1][0xffffffce]F[0xffffffb9][0x16][0xffffff9f][0xffffffd1]-[0x6]3[0xffffffba]%[0xe]Cf[0xffffffe2][0xffffff8c][0xffffffcd][0xffffffe8][0xffffff96]}[0x0][0x12]u[0xffffffad]"
18:17:44.637 [TestNG-tests-2] DEBUG org.apache.hc.client5.http.wire - http-outgoing-2 << "[0xffffffc9][0xffffff8c][0xffffffae][0x4][0xffffff92]q[0xffffffad][0xffffffc1][0xffffff8c]n[0xffffff80]3[0xffffffdb][0xffffffb5][0xffffffd7]gt[0xffffffab][0xffffff9a]e8[[0xffffffa7]\[[0xfffffff1]Y[0xffffff86]j0[0xffffffcb]P[0xffffffe3][0xffffffa5][0xfffffff1]D[0xffffff9c]+6[0xffffffcb]P[0xfffffff7][0xffffff8b][0xffffffe2][0xffffffa4]k[0x5][0xffffff8a][0xffffff88]k%[0xffffff90][0xffffff88]k[0x5][0xffffff96][0xffffffe9][0xffffffae][\r]p&[0xffffffbb]6 [0xfffffffa][0xffffff82]k[0xffffffd5]oc[0xffffffb3][0xffffff9d][0xffffffd4];[0xffffff84][0xffffff8a][0xffffffff]6V[\r]~[0x1b][0xffffffab][0xfffffff1]G[0xffffff88]L[0xffffff9c][0xffffffb1][0xffffffdf][0xffffffc6][0xffffffea][0xfffffffe][0xffffffc3][0x3][0xffffffea]Z[0xffffff93][0xffffffdf][0xffffffc6]$[0xffffff90][0xffffff8c]k[\r]~[0x1b][0xb]pf[0xffffffbb][0xfffffff6][0xfffffffa]ocU[0xffffffbd]CX[0xffffffb5]R;[0x15]+[0xfffffffe][0xe][0xffffffa1][0x1a][0xffffffbc]C[0xffffffa8][0xfffffff1]_[0xffffffd6]2q[0xffffffc6][0xffffffde]![0xffffffd4][0xfffffffd]_[0xffffffd0]P[0xffffffd7][0xffffff9a][0xffffffbc]C[0xffffff90]@2[0xffffffae]5x[0xffffff87][0x10][0xffffffe0][0xffffffcc]v[0xffffffed][0xfffffff5]w[0x8]M[0xffffffed][0xffffff9e]Y[0x15][0xffffff9b][0x1b]k[0xfffffff8][0xffffffee][0xffffff99]f[0xffffffb0]{[0xffffffa6][0xffffffc5]%[0x1f][0xffffff89]87l[0xfffffff7]L[0xffffffdb][0x17]{[0xffffff90][0xffffffae][0x15]("[0xffffffae][0xffffff95]@"[0xffffffae][0x15]X[0xffffffa6][0xffffffbb]6[0xffffffc0][0xffffff99][0xffffffec][0xffffffda][0xffffff80][0xffffffe8][0xb][0xffffffae]=[0xffffff94]k[0xffffffdb]A}[0x3][0xffffffe7][0xffffffed]<[0xffffffb0]k[0xf][0x3][0xffffffd7][0x1e][0x1][0xffffffea]L[0xffffff9c][0xf][0xffffffcc][0xffffffb5][0xffffff87][0xffffff93]k#[0xffffff8a][0xffffff8c]k[0x15][0xffffff90][0xffffff8c]k#[0xffffff96][0xfffffff9][0xffffffae][0xffffffdd][0xffffffe1][0xffffffcc]v[0xffffffed][0xffffff8e][0xffffffe8][0xb][0xffffffae]U[0xffffffbf][0xffffff8d][0xffffffad]^[0xffffffa9][0xfffffffb][0xffffffb5][\r][0xffffffff]m[0xffffffac][0x19][0xfffffffc]6[0xffffffd6][0xffffffe2][0xffffff8f][0x10][0xffffff99]8c[0xffffffbf][0xffffff8d][0xffffffb5][0xfffffffd][0xffffff87][0x7][0xffffffd4][0xffffffb5]&[0xffffffbf][0xffffff8d]I [0x19][0xffffffd7][0x1a][0xfffffffc]6[0x16][0xffffffe0][0xffffffcc]v[0xffffffed][0xfffffff5][0xffffffdf][0xffffffc6]ZU[0xffffffae]=[0xffffffb1]}[0x8]o[0xffffffe7][0xffffff81]][[\r]\[[0x3][0xffffffd4][0xffffff99]8W[0xffffffcc][0xffffffb5][0xffffffd5][0xffffffc9][0xffffffb5][0x11]E[0xffffffc6][0xffffffb5][\n]"
18:17:44.637 [TestNG-tests-2] DEBUG org.apache.hc.client5.http.wire - http-outgoing-2 << "H[0xffffffc6][0xffffffb5][0x11][0xffffffcb]|[0xffffffd7][0xffffffee]pf[0xffffffbb]vG[0xfffffff4][0x5][0xffffffd7]6[0xffffffe5][0xffffffda][0xffffffd5][0xffffffb0][0xffffffae]m[0xffffffb8]k[0xffffff9b][0xffffff81]k[[0xffffff80]:[0x13][0xffffffe7][0xffffff86][0xffffffb9][0xffffffb6]9[0xffffffb9]6[0xffffffa2][0xffffffc8][0xffffffb8]V[0x1][0xffffffc9][0xffffffb8]6b[0xffffff99][0xffffffef][0xffffffda][0x1d][0xffffffce]l[0xffffffd7][0xffffffee][0xffffff88][0xffffffbe][0xffffffe0]Zq[0xffffffe7]k[0xffffffdc]j[0xffffffc1]~[0x1b][0xffffffc3][0xffffffef]|5[0xffffff83];_-^[0xffffffae][0xffffffc9][0xffffffc4][0x19][0xffffffbb][0xfffffff3][0xffffffd5][0xfffffff6][0xb]5[0xffffffa8]kM[0xffffffee]|I [0x19][0xffffffd7][0x1a][0xffffffdc][0xfffffff9][\n]"
18:17:44.637 [TestNG-tests-2] DEBUG org.apache.hc.client5.http.wire - http-outgoing-2 << "pf[0xffffffbb][0xfffffff6][0xfffffffa][0xffffff9d][0xffffffaf][0xfffffffb][0xffffff9f][0x16]3[0xffffffd7][0xffffffc2][0xffffffdf][0x1b]{[0xffffff9c][0xffffff80]w-[0xfffffff8][0xffffffbd][0xffffffb1][0xffffffc7][0xffffffd3])[0xffffffd7][0xfffffffa]|oL[0xffffffa0]H[0xffffffb9][0xffffffd6][0xffffffe4]{c[0x2]K[0xffffffc2][0xffffffb5][0xffffffe8][0xfffffff7][0xffffffc6][0x2][0xffffffa2]/[0xffffffb9][0xffffffb6][0xffffff9a][0xffffffb9][0xffffffb6][0xffffffe2][0xffffffae][0xffffffad][0x6][0xffffffae][0xffffffad][0xffffffa8]k+[0xffffffe6][0xffffffda][0xffffffea][0xffffffe4][0xffffffda][0x1d]E[0xffffffca][0xffffffb5][0x11]H[0xffffffca][0xffffffb5];[0xffffff96][0xffffff84]k+[0xffffffec][0xffffffda]z[0xffffffdd][0xffffffb5][0xffffffcd][0xffffffcc][0xffffffb5][\r]wm3pmC][0xffffffdb]0[0xffffffd7]6'[0xffffffd7][0xffffffee](R[0xffffffae][0xffffff8d]@R[0xffffffae][0xffffffdd][0xffffffb1]$\[0xffffffdb]`[0xffffffd7][0xffffffb6][0xffffffeb][0xffffffae]=[0xffffffdc]d{[0xfffffff0][0xffffffb6]=[0x1c]t{[0xffffffb0][0xffffffbe]=8[0xffffffe1][0x1e]V[0xffffffc6][\r]<R[0xffffffca][0x15]TR[0xffffffce][\r]l[0x12][0xffffffd2]=h[0xffffffeb][0x1e]?[0xffffffa1][0xffffffdd][0xffffffea][0xfffffff6][0xffffffee][0xffffffb6][0xfffffff2]/o[0xffffffab][0xffffffc3][0xffffffdb][0xffffffdb][0xffffffca][0xffffffbe][0xffffffbe][0xffffffad][0xffffffdc][0xfffffffb][0xffffffdb]j[0xfffffff5][0x2]7[0xfffffff0]HiWPIi7[0xffffffb0]Ih[0xffffffb7][0xffffffd2]/q[0xffffffeb]O[0xffffffbc][0xffffffc5]mn[0xffffffda]m[0xffffffbc]v[0xffffff9b][0xffffff83]v[0x1b][0xffffffab][0xffffffdd][0xffffffc6]i[0xffffffb7]Yi7[0xfffffff0]HiWPIi7[0xffffffb0]Ih[0xffffffb7][0xffffffd1][0xffffffda]m?[0xffffffa3][0xffffffdd][0xffffffe5][0xffffffa6][0xffffffdd][0xffffffc5]kw9hw[0xffffffb1][0xffffffda]][0xffffff9c]v[0xffffff97][0xffffff95]vw[0x1e]1[0xffffffed]F*1[0xffffffed][0xffffffee]l"[0xffffffda]][0xffffffb4]v[0xffffffd7]u[0xffffffed][0xe][0xffffffb7][0xffffffda][0x1d]|[0xffffffed][0xe][0xffffff87][0xffffffda][0x1d]l[0xffffffed][0xe][0xffffffae]v[0xffffff87]U[0xffffffed][0x6][0x1e])[0xffffffed][\n]"
18:17:44.637 [TestNG-tests-2] DEBUG org.apache.hc.client5.http.wire - http-outgoing-2 << "*)[0xffffffed][0x6]6[0x9][0xffffffed][0xe][0xffffffba]v[0xffffffc7]O[0xffffffd4][0xffffffee]t[0xffffffd3][0xffffffee][0xffffffe4][0xffffffb5];[0x1d][0xffffffb4];Y[0xffffffed]NN[0xffffffbb][0xffffffd3]J[0xffffffbb][0xffffff81]GJ[0xffffffbb][0xffffff82]JJ[0xffffffbb][0xffffff81]MB[0xffffffbb][0xffffff93][0xffffffd6][0xffffffee][0xfffffffc][0x9][0xffffffed][0xffffffae]a[0xffffffa6][0xffffffdd]5p[0xffffffed][0xffffffde][0xffffff8f][0xffffffc0]k[0xfffffff7][0xffffffe3][0x10][0xffffff94]v[0xffffffef][0xffffff8f][0xffffffa7][0xffffffb4][0xfffffffb][0xfffffffe]h[0x17][0xffffffed][0x6][0x1e])[0xffffffed][\n]"
18:17:44.637 [TestNG-tests-2] DEBUG org.apache.hc.client5.http.wire - http-outgoing-2 << "*)[0xffffffed][0x6]6[0x9][0xffffffed]n[0xffffff84][0xffffffe6]kw[0xffffffe3][0xfffffff4][0xffffffb7]h[0xfffffff7]|[0xffffffff][0xffffffdb][0xffffffa1][0x6]~Wi[0xffffffe9][0xffffffd6][0xfffffffd]<[0xf]%[0xffffffdd]/'[0xffffffc0][0xffffff9c][0xffffffbb][0xffffff9d]!Y[0xffffffb9]_[0xffffff9e][0xffffff9e]l[0xffffffdc]_?[0x19][0x16][0xffffffee]S[0x14][0xffffff93]}[0xfffffffb][0x3] [0xffffff93]u[0xfffffffb][0x14][0xffffffcb]D[0xffffffdb]>[0xffffff81]3M[0xffffffb6]O[0x10]}[0xffffffc1][0xffffffb5][0xffffffe2][0x3][0xffffffe8][0xffffffe3]8[0xffffff80][0x5][0xffffff8d][0xffffff9f][0xffffffe7][0xffffff81]][0xffffff8b]~[0x0]};[0x3][0xffffffe3]Z[0xffffffe0][0x3][0xffffffe8][0xffffffbf]~[0xffffffb2][0xffffff87]k[0xfffffff1][0xf][0xffffffa0][0xffffffff][0x0]H[0xffffffc6][0xffffffb5][0xffffffe8][0x7][0xffffffd0][0xffffff9f][0xffffffc0][0xffffff99][0xffffffed][0xffffffda][0x1d][0xffffffd1][0x17]\;[0xffffffc5]r[0xffffff85][0xffffffa3][0xffffff95][0xfffffffc][0xf][0xffffffea]|[0xffffff9e][0x7]v[0xffffffed]$[0xffffff97]+lg`\;[0xfffffff3][0xffffff97]+[0xfffffffc][0xfffffffa][0xffffffc9][0x1e][0xffffffae][0xffffff8d](2[0xffffffae]U@2[0xffffffae][0xffffff8d]X[0xffffffe6][0xffffffbb]v[0xffffff87]3[0xffffffdb][0xffffffb5];[0xffffffa2]/[0xffffffb8]v)[0xffffffd7][0xffffff8e]3[0xffffffff]#[0xf][0xffffff9f][0xffffffe7][0xffffff81]][0xffffffbb][0xc]\[0xffffffbb][0x2][0xffffffd4][0xffffff99]8/[0xffffffcc][0xffffffb5][0xffffffcb][0xffffffc9][0xffffffb5][0x11]E[0xffffffc6][0xffffffb5][\n]"
18:17:44.637 [TestNG-tests-2] DEBUG org.apache.hc.client5.http.wire - http-outgoing-2 << "H[0xffffffc6][0xffffffb5][0x11][0xffffffcb]|[0xffffffd7][0xffffffee]pf[0xffffffbb]vG[0xfffffff4][0xffffffb7][0xffffffbb][0xffffffb6][0xffffff8b][0xf][0xffffffea][0xffffff8c]r[[0xfffffff9][0xffffffbf][0xffffff92]}[0xffffff9e][0xffffff87]umG?[0xffffffa8][0xffffffb3][0xffffff9d][0x1]qm[0x7]>[0xffffffa8][0xfffffff3][0xffffffeb]'[[0xffffffb8]V[0xffffffa0][0xffffff88][0xffffffb8]V[0x2][0xffffff89][0xffffffb8]V`[0xffffff99][0xffffffee][0xffffffda][0x0]g[0xffffffb2]k[0x3][0xffffffa2]/[0xffffffb8]V|[0xffffffe4]a[0xffffff94]cP[0xffffffef]k;[0xfffffff8][0xffffff91][0xffffff87]/'[0xffffffa0]][0xb]}[0xffffffe4][0xffffffe1][0xffffffcb][0xffffffd3][0x19][0xffffffd7]z|[0xffffffe4][0xffffffe1])[0xffffff8a][0xffffff8c]k[\r]>[0xfffffff2][0xfffffff0][0x14][0xffffffcb]|[0xffffffd7]b[0x1f]yx[0xffffff82][0xffffffe8][0xb][0xffffffae][0x15][0x1f]y[0x18][0xffffffa5][0xffffffdc]*[0xffffffe5]Z[0xfffffff0]#[0xf]_N@[0xffffffbb][0x16][0xfffffffa][0xffffffc8][0xffffffc3][0xffffff97][0xffffffa7]3[0xffffffae][0xfffffff5][0xfffffff8][0xffffffc8][0xffffffc3]S[0x14][0x19][0xffffffd7][0x1a]|[0xffffffe4][0xffffffe1])[0xffffff96][0xfffffff9][0xffffffae][0xffffffc5]>[0xfffffff2][0xfffffff0][0x4][0xffffffd1][0x17]\[0xffffffab]>[0xfffffff2]P[0xffffffea][\r][0xffffffeb]Z[0xfffffff0]#[0xf]_N@[0xffffffbb][0x16][0xfffffffa][0xffffffc8][0xffffffc3][0xffffff97][0xffffffa7]3[0xffffffae][0xfffffff5][0xfffffff8][0xffffffc8][0xffffffc3]S[0x14][0x19][0xffffffd7][0x1a]|[0xffffffe4][0xffffffe1])[0xffffff96][0xfffffff9][0xffffffae][0xffffffc5]>[0xfffffff2][0xfffffff0][0x4][0xffffffd1][0x17]\{*[0xffffffd7][0xffffffce][0xffffffd1])[0xffffffd7][0xffffff9e][0xffffffb8]kO[0x3][0xffffffd7][0xffffff9e][0x1][0xffffffea]L[0xffffff9c]O[0xffffffcc][0xffffffb5][0xffffffa7][0xffffff93]k#[0xffffff8a][0xffffff8c]k[0x15][0xffffff90][0xffffff8c]k#[0xffffff96][0xfffffff9][0xffffffae][0xffffffdd][0xffffffe1][0xffffffcc]v[0xffffffed][0xffffff8e][0xffffffe8]K[0xffffffae][0xffffff8d][0xfffffff7][0x10]X[0xffffffd7][0xffffffc2][0xfffffff7][0x10][0x1e]'[0xffffffe0]][0xb][0xffffffde]Cx<[0xffffff9d]r[0xffffffad][0xffffffcf]=[0x4][0xffffff81]"[0xffffffe5]Z[0xffffff93]{[0x8][0x2]K[0xffffffc2][0xffffffb5][0xffffffe8]=[0xffffff84][0xffffff80][0xffffffe8][0xb][0xffffffae][0xffffff9d][0xffffffa2]kk9[0xffffffb1][0xfffffff7][0xffffffb5][0x13][0xffffffef][0xffffffda]i[0xffffffd0][0xffffffb5]3[0x4]D&[0xffffffce][0x13][0xffffffeb][0xffffffda][0xffffffe9][0xffffffd4][0xffffffb5][0x11]E[0xffffffc6][0xffffffb5][\n]"
18:17:44.637 [TestNG-tests-2] DEBUG org.apache.hc.client5.http.wire - http-outgoing-2 << "H[0xffffffc6][0xffffffb5][0x11][0xffffffcb]|[0xffffffd7][0xffffffee]pf[0xffffffbb]vG[0xfffffff4][0x5][0xffffffd7].[0xffffffe5][0xffffffda]v[0x16][0xffffffca][0xffffffb5][0xb]w[0xffffffed]2p[0xffffffed][\n]"
18:17:44.637 [TestNG-tests-2] DEBUG org.apache.hc.client5.http.wire - http-outgoing-2 << "Pg[0xffffffe2][0xffffffbc]0[0xffffffd7]"
18:17:44.638 [TestNG-tests-2] DEBUG org.apache.hc.client5.http.wire - http-outgoing-2 << ".'[0xffffffd7]F[0x14][0x19][0xffffffd7]* [0x19][0xffffffd7]F,[0xfffffff3]][0xffffffbb][0xffffffc3][0xffffff99][0xffffffed][0xffffffda][0x1d][0xffffffd1][0xffffffdf][0xffffffee][0xffffffda]q[0x13][0xffffffef][0x10][0xffffffea][0xffffff89][0xffffffcd][0xffffff8d][0xffffffbd][0xffffff9d][0xffffff87]u[0xffffffed][0xffffffe3][0x4][0xffffffb0]k[0xffffffbf][0xffffff9f][0x1]q[0xffffffed][0xffffffe3][0xffffffe9][0xffffff88]k[0xffffffbf]=[0xffffffd9][0xffffffc2][0xffffffb5][0x2]E[0xffffffc4][0xffffffb5][0x12]H[0xffffffc4][0xffffffb5][0x2][0xffffffcb]t[0xffffffd7][0x6]8[0xffffff93]][0x1b][0x10]}[0xffffffc1][0xffffffb5][0xffffffea]~m[0xffffffeb]X[0xffffffd7][0xe][0xfffffffc]~[0xffffffed]0[0xffffffb8]_;[0xffffffe2]E[0xffffffc6]L[0xffffff9c][0xffffffb1][0xfffffffb][0xffffffb5]c[0xffffffbf][0xffffffbc][0xffffff88][0xffffffba][0xffffffd6][0xffffffe4]~[0xffffffad][0x4][0xffffff92]q[0xffffffad][0xffffffc1][0xfffffffd][0xffffffda][0x0]g[0xffffffb6]k[0xffffffaf][0xffffffdf][0xffffffaf][0x1d][0xffffffea]~m[[0x5]s-~[0xffffffbf]v[0x18][0xffffffdc][0xffffffaf][0x1d][0xfffffff1]"c&[0xffffffce][0xffffffd8][0xfffffffd][0xffffffda][0xffffffb1]_^D]kr[0xffffffbf]V[0x2][0xffffffc9][0xffffffb8][0xffffffd6][0xffffffe0]~m[0xffffff80]3[0xffffffdb][0xffffffb5][0xffffffd7][0xffffffef][0xffffffd7][0xe]u[0xffffffbf][0xffffffb6][0xffffffdf][0xffffffea][0xffffffa0]\[0xffffff8b][0xffffffdf][0xffffffaf][0x1d][0x6][0xfffffff7]kG[0xffffffbc][0xffffffc8][0xffffff98][0xffffff89]3v[0xffffffbf]v[0xffffffec][0xffffff97][0x17]Q[0xffffffd7][0xffffff9a][0xffffffdc][0xffffffaf][0xffffff95]@2[0xffffffae]5[0xffffffb8]_[0x1b][0xffffffe0][0xffffffcc]v[0xffffffed][0xfffffff5][0xfffffffb][0xffffffb5]C[0xffffffed][0xffffffaf][0xffffffed][0xffffffb7]I[0xffffffed]C[0x18][0xfffffff8][0xfffffffe][0xffffffda]a[0xffffffb0][0xffffffbf]v[0xffffffc4]E[0xffffffa1][0xffffff99]8c[0xfffffffb]k[0xffffffc7][0xffffffbe][0x1c][0x14]u[0xffffffad][0xffffffc9][0xfffffffe]Z[0x9]$[0xffffffe3]Z[0xffffff83][0xfffffffd][0xffffffb5][0x1][0xffffffce]l[0xffffffd7]^[0xffffffdf]_;N[0xffffffe5][0xffffffda][0xffffffe3]F[0xffffffed][0xfffffff9]z;[0xf][0xffffffec][0xffffffda][0xffffffd3][0xffffffc0][0xffffffb5]g[0xffffff80]:[0x13][0xffffffe7][0x13]s[0xffffffed][0xffffffe9][0xffffffe4][0xffffffda][0xffffff88]"[0xffffffe3]Z[0x5]$[0xffffffe3][0xffffffda][0xffffff88]e[0xffffffbe]kw8[0xffffffb3]][0xffffffbb]#[0xfffffffa][0xffffff82]k[0xffffffd5][0xffffff9d][0xffffffaf]^:[0xfffffff6][0xe][0x1][0xffffffbf][0xfffffff3]5[0xc][0xffffffee]|[0xffffff8d]x[0xffffffb9]&[0x13]g[0xffffffec][0xffffffce][0xffffffd7][0xffffffd8]/[0xffffffd4][0xffffffa0][0xffffffae]5[0xffffffb9][0xfffffff3]%[0xffffff81]d\kp[0xffffffe7]+[0xffffffc0][0xffffff99][0xffffffed][0xffffffda][0xffffffeb]w[0xffffffbe][0xffffffce][0xffffff9b]rm[0xffffffc3][0xfffffff6]![0xffffffbc][0xffffff9d][0xffffff87]u[0xffffffed][0xffffffe3][0x4][0xffffffb0]k[0xffffffbf][0xffffff9f][0x1]q[0xffffffed][0xffffffe3][0xffffffe9][0xffffff88]k[0xffffffbf]=[0xffffffd9][0xffffffc2][0xffffffb5][0x2]E[0xffffffc4][0xffffffb5][0x12]H[0xffffffc4][0xffffffb5][0x2][0xffffffcb]t[0xffffffd7][0x6]8[0xffffff93]][0x1b][0x10]}[0xffffffc1][0xffffffb5]j[0x7f]m[0xffffffef][0xffffff95][0xffffff9a][0x1b];[0xfffffff1][0xfffffffd][0xffffffb5][0xffffffa7][0xffffffc1][0xfffffffe][0xffffffda]3.[\n]"
18:17:44.638 [TestNG-tests-2] DEBUG org.apache.hc.client5.http.wire - http-outgoing-2 << "[0xffffffcd][0xffffffc4][0x19][0xffffffdb]_{[0xffffffee][0xffffffcb]AQ[0xffffffd7][0xffffff9a][0xffffffec][0xffffffaf][0xffffff95]@2[0xffffffae]5[0xffffffd8]_[0x1b][0xffffffe0][0xffffffcc]v[0xffffffed][0xfffffff5][0xfffffffd][0xffffffb5]gQ[0xffffffae]=o[0xffffffd4]oco[0xffffffe7][0xffffff81]][[0xc]\[[0x2][0xffffffd4][0xffffff99]8[0x17][0xffffffcc][0xffffffb5][0xffffffc5][0xffffffc9][0xffffffb5][0x11]E[0xffffffc6][0xffffffb5][\n]"
18:17:44.638 [TestNG-tests-2] DEBUG org.apache.hc.client5.http.wire - http-outgoing-2 << "H[0xffffffc6][0xffffffb5][0x11][0xffffffcb]|[0xffffffd7][0xffffffee]pf[0xffffffbb]vG[0xfffffff4][0x5][0xffffffd7][0xffffffaa]Y[0xffffff86]>[0x7][0xffffffd6][0xffffffb5][0xfffffff8],[0xffffffc3]i0[0xffffffcb]p[0xffffffc6]K[0xffffffe3][0xffffff99]8c[0xffffffb3][0xc][0xffffffe7]~Q[0x1c]u[0xffffffad][0xffffffc9],[0xffffff83][0x4][0xffffff92]q[0xffffffad][0xffffffc1],C[0xffffff80]3[0xffffffdb][0xffffffb5][0xffffffd7]g[0x19]N5[0xffffffcb]0J[0xffffffbb]Q[0xffffffae][0xffffffc5]g[0x19]N[0xffffff83]Y[0xffffff86]3^[0x1a][0xffffffcf][0xffffffc4][0x19][0xffffff9b]e8[0xfffffff7][0xffffff8b][0xffffffe2][0xffffffa8]kMf[0x19]$[0xffffff90][0xffffff8c]k[\r]f[0x19][0x2][0xffffff9c][0xffffffd9][0xffffffae][0xffffffbd]>[0xffffffcb]p[0xffffffaa]Y[0xffffff86]Q'[0xffffffb5][0xf][0xffffffe1][0xffffffc4]g[0x19]N[0xffffff83]Y[0xffffff86]3^[0x1a][0xffffffcf][0xffffffc4][0x19][0xffffff9b]e8[0xfffffff7][0xffffff8b][0xffffffe2][0xffffffa8]kMf[0x19]$[0xffffff90][0xffffff8c]k[\r]f[0x19][0x2][0xffffff9c][0xffffffd9][0xffffffae][0xffffffbd]>[0xffffffcb]p[0xffffffaa]Y[0xffffff86]qv[0xffffffea]~[0xffffffed][0xffffff89][0xffffffcf]2[0xffffff9c][0x6][0xffffffb3][0xc]g[0xffffffbc]4[0xffffff9e][0xffffff89]36[0xffffffcb]p[0xffffffee][0x17][0xffffffc5]Q[0xffffffd7][0xffffff9a][0xffffffcc]2H [0x19][0xffffffd7][0x1a][0xffffffcc]2[0x4]8[0xffffffb3]]{}[0xffffff96][0xffffffe1]<[0xffffff85]k[0xffffffcf][0xffffffca][0xffffffb9][0xfffffff6][0xffffffc4]]{[0x1a][0xffffffb8][0xfffffff6][0xc]Pg[0xffffffe2]|b[0xffffffae]=[0xffffff9d]\[0x1b]Qd\[0xffffffab][0xffffff80]d\[0x1b][0xffffffb1][0xffffffcc]w[0xffffffed][0xe]g[0xffffffb6]kwD_p[0xffffffad][0xffffffda][0x15]~[0xffffff8e]F[0xffffffcd]2[0xffffff9c][0xfffffff8][0xffffffae][0xfffffff0][0xffffffd3]`W[0xfffffff8][0x19][0xffffff97]2g[0xffffffe2][0xffffff8c][0xffffffed][\n]"
18:17:44.638 [TestNG-tests-2] DEBUG org.apache.hc.client5.http.wire - http-outgoing-2 << "?[0xfffffff7]E[0xffffffcc][0xffffffa8]kMv[0xffffff85]K [0x19][0xffffffd7][0x1a][0xffffffec][\n]"
18:17:44.638 [TestNG-tests-2] DEBUG org.apache.hc.client5.http.wire - http-outgoing-2 << "[0xf]pf[0xffffffbb][0xfffffff6][0xfffffffa][0xffffffae][0xfffffff0]S[0xffffffcd][0xffffff8d][0xffffff9d]g[0xffffffc7]~[0x1b][0xffffffc3][0xffffffe7][0xffffffc6]N[0xffffff83][0xffffffb9][0xffffffb1]3[0xe][0xffffffe8]d[0xffffffe2][0xffffff8c][0xffffffcd][0xffffff8d][0xffffff9d][0xfffffffb]P[0xe][0xffffffea]Z[0xffffff93][0xffffffb9]1[0x9]$[0xffffffe3]Z[0xffffff83][0xffffffb9][0xffffffb1][0x0]g[0xffffffb6]k[0xffffffaf][0xffffffcf][0xffffff8d][0xffffffcd][0xffffffdb]/-[0xffffffba]vb[0xfffffff7]k[0xffffffdf][0xffffffce][0xffffffc3][0xffffffba][0xfffffff6]q[0x2][0xffffffd8][0xffffffb5][0xffffffdf][0xffffffcf][0xffffff80][0xffffffb8][0xfffffff6][0xfffffff1]t[0xffffffc4][0xffffffb5][0xffffffdf][0xffffff9e]l[0xffffffe1]Z[0xffffff81]"[0xffffffe2]Z[0x9]$[0xffffffe2]Z[0xffffff81]e[0xffffffba]k[0x3][0xffffff9c][0xffffffc9][0xffffffae][\r][0xffffff88][0xffffffbe][0xffffffe0]Z57v[0xffffffae][0xffffff8e][0xffffffb9][0x16][0xffffff9f][0x1b][0xffffff9b][0x6]sc3[0xe][0xffffffe8]d[0xffffffe2][0xffffff8c][0xffffffcd][0xffffff8d][0xffffffcd]}([0x7]u[0xffffffad][0xffffffc9][0xffffffdc][0xffffff98][0x4][0xffffff92]q[0xffffffad][0xffffffc1][0xffffffdc]X[0xffffff80]3[0xffffffdb][0xffffffb5][0xffffffd7][0xffffffe7][0xffffffc6][0xffffffa6][0xffffff9a][0x1b][0xffffff9b]eR[0xffffffdf][0xffffffd1][0xffffff9d][0xfffffff8][0xffffffdc][0xffffffd8]4[0xffffff98][0x1b][0xffffff9b]q@'[0x13]glnl[0xffffffee]C9[0xffffffa8]kM[0xffffffe6][0xffffffc6]$[0xffffff90][0xffffff8c]k[\r][0xffffffe6][0xffffffc6][0x2][0xffffff9c][0xffffffd9][0xffffffae][0xffffffbd]>76[0xffffffd5][0xffffffdc][0xffffffd8][0xffffffec][0xffffff8b][0xffffffda]=3[0xfffffff1][0xffffffb9][0xffffffb1]i076[0xffffffe3][0xffffff80]N&[0xffffffce][0xffffffd8][0xffffffdc][0xffffffd8][0xffffffdc][0xffffff87]rP[0xffffffd7][0xffffff9a][0xffffffcc][0xffffff8d]I [0x19][0xffffffd7][0x1a][0xffffffcc][0xffffff8d][0x5]8[0xffffffb3]]{}nl[0xffffffaa][0xffffffb9][0xffffffb1][0xffffffb9][0x1a]5[0xffffffa3];[0xfffffff1][0xffffffb9][0xffffffb1]i076[0xffffffe3][0xffffff80]N&[0xffffffce][0xffffffd8][0xffffffdc][0xffffffd8][0xffffffdc][0xffffff87]rP[0xffffffd7][0xffffff9a][0xffffffcc][0xffffff8d]I [0x19][0xffffffd7][0x1a][0xffffffcc][0xffffff8d][0x5]8[0xffffffb3]]{}nl[0xffffffaa][0xffffffb9][0xffffffb1]U[0xe]jnl[0xffffffe2]sc[0xffffffd3]`nl[0xffffffc6][0x1][0xffffff9d]L[0xffffff9c][0xffffffb1][0xffffffb9][0xffffffb1][0xffffffb9][0xf][0xffffffe5][0xffffffa0][0xffffffae]5[0xffffff99][0x1b][0xffffff93]@2[0xffffffae]5[0xffffff98][0x1b][0xb]pf[0xffffffbb][0xfffffff6][0xfffffffa][0xffffffdc][0xffffffd8]Tsc[0xffffffab]aw[0xffffffbe]&>76[\r][0xffffffe6][0xffffffc6]f[0x1c][0xffffffd0][0xffffffc9][0xffffffc4][0x19][0xffffff9b][0x1b][0xffffff9b][0xfffffffb]P[0xe][0xffffffea]Z[0xffffff93][0xffffffb9]1[0x9]$[0xffffffe3]Z[0xffffff83][0xffffffb9][0xffffffb1][0x0]g[0xffffffb6]k[0xffffffaf][0xffffffcf][0xffffff8d][0xffffffcd]S[0xffffffb9]vVjn[0xffffffec][0xffffffed]<[0xffffffb0]kO[0x3][0xffffffd7][0xffffff9e][0x1][0xffffffea]L[0xffffff9c]O[0xffffffcc][0xffffffb5][0xffffffa7][0xffffff93]k#[0xffffff8a][0xffffff8c]k[0x15][0xffffff90][0xffffff8c]k#[0xffffff96][0xfffffff9][0xffffffae][0xffffffdd][0xffffffe1][0xffffffcc]v[0xffffffed][0xffffff8e][0xffffffe8][0xb][0xffffffae][0x15]sc[0xffffffe7][0xffffffed]6[0xffffffb0];_[0xfffffff8][0xffffffdc][0xffffffd8]4[0xffffff98][0x1b][0xffffff9b]q@'[0x13]glnl[0xffffffee]C9[0xffffffa8]kM[0xffffffe6][0xffffffc6]$[0xffffff90][0xffffff8c]k[\r][0xffffffe6][0xffffffc6][0x2][0xffffff9c][0xffffffd9][0xffffffae][0xffffffbd]>76[0xffffffc5][0xffffffdc][0xffffffd8]y[0xffffffab][0xffffffdc][0xffffff9d]/|nl[0x1a][0xffffffcc][0xffffff8d][0xffffffcd]8[0xffffffa0][0xffffff93][0xffffff89]3676[0xfffffff7][0xffffffa1][0x1c][0xffffffd4][0xffffffb5]&sc[0x12]H[0xffffffc6][0xffffffb5][0x6]sc[0x1][0xffffffce]l[0xffffffd7]^[0xffffff9f][0x1b][[0xffffffe2]{c[0xffffffe7]m`[0xffffffbb][0xffffffc2][0x17][0xfffffffe][0xffffffbd][0xffffffb1]e[0xfffffff0][0xffffffbd][0xffffffb1][0x15]?[0xffffffec][0xffffff94][0xffffff88][0xfffffff3][0xffffffc2][0xffffffbe]7[0xffffffb6][0xfffffff6][0xffffff8f]9[0xffffff91][0xffffffae][0x15]("[0xffffffae][0xffffff95]@"[0xffffffae][0x15]X[0xffffffa6][0xffffffbb]6[0xffffffc0][0xffffff99][0xffffffec][0xffffffda][0xffffff80][0xffffffe8][0xb][0xffffffae][0x15][0xffffffb3][0xc][0xffffffe7]m[0x15][0xffffffcc][0xffffffb5][0xfffffff8],[0xffffffc3]2[0xffffff98]eX[0xfffffff1][0xffffffd2]x&[0xffffffce][0xffffffd8],[0xffffffc3][0xffffffda]/[0xffffff8a][0xffffffa3][0xffffffae]5[0xffffff99]e[0xffffff90]@2"
18:17:44.639 [TestNG-tests-2] DEBUG org.apache.hc.client5.http.wire - http-outgoing-2 << "[0xffffffae]5[0xffffff98]e[0x8]pf[0xffffffbb][0xfffffff6][0xfffffffa],[0xffffffc3][0x12][0xffffffb3][0xc]w[0xffffffd7]b[0xffffffbb][0xffffffc2][0x17]>[0xffffffcb][0xffffffb0][0xc]f[0x19]V[0xffffffbc]4[0xffffff9e][0xffffff89]36[0xffffffcb][0xffffffb0][0xfffffff6][0xffffff8b][0xffffffe2][0xffffffa8]kMf[0x19]$[0xffffff90][0xffffff8c]k[\r]f[0x19][0x2][0xffffff9c][0xffffffd9][0xffffffae][0xffffffbd]>[0xffffffcb][0xffffffb0][0xffffffc4],[0xffffffc3]y[0x1c][0xffffffb7]F[0xffffffb9][0x16][0xffffff9f]eX[0x6][0xffffffb3][0xc]+^[0x1a][0xffffffcf][0xffffffc4][0x19][0xffffff9b]eX[0xfffffffb]Eq[0xffffffd4][0xffffffb5]&[0xffffffb3][0xc][0x12]H[0xffffffc6][0xffffffb5][0x6][0xffffffb3][0xc][0x1][0xffffffce]l[0xffffffd7]^[0xffffff9f]eXb[0xffffff96][0xffffffe1]<[0xffffffea]Q([0xffffffd7][0xffffffe2][0xffffffb3][0xc][0xffffffcb]`[0xffffff96]a[0xffffffc5]K[0xffffffe3][0xffffff99]8c[0xffffffb3][0xc]k[0xffffffbf]([0xffffff8e][0xffffffba][0xffffffd6]d[0xffffff96]A[0x2][0xffffffc9][0xffffffb8][0xffffffd6]`[0xffffff96]![0xffffffc0][0xffffff99][0xffffffed][0xffffffda][0xffffffeb][0xffffffb3][0xc]K[0xffffffcc]2[0xffffff9c][0xffffffc7]hX[0xffffffd7][0xffffffe2][0xffffffb3][0xc][0xffffffcb]`[0xffffff96]a[0xffffffc5]K[0xffffffe3][0xffffff99]8c[0xffffffb3][0xc]k[0xffffffbf]([0xffffff8e][0xffffffba][0xffffffd6]d[0xffffff96]A[0x2][0xffffffc9][0xffffffb8][0xffffffd6]`[0xffffff96]![0xffffffc0][0xffffff99][0xffffffed][0xffffffda][0xffffffeb][0xffffffb3][0xc][0xffffffeb]T[0xffffffae]][0x13][0xffffffeb][0xffffffda][0x13]w[0xffffffed]i[0xffffffe0][0xffffffda]3@[0xffffff9d][0xffffff89][0xfffffff3][0xffffff89][0xffffffb9][0xfffffff6]trmD[0xffffff91]q[0xffffffad][0x2][0xffffff92]qm[0xffffffc4]2[0xffffffdf][0xffffffb5];[0xffffff9c][0xffffffd9][0xffffffae][0xffffffdd][0x11]}[0xffffffc9][0xffffffb5][0xffffffd5][0xffffffcc][0xffffffb5][0x15]wm5pmE][1[0xffffffd7]V'[0xffffffd7][0xffffffee](R[0xffffffae][0xffffff8d]@R[0xffffffae][0xffffffdd][0xffffffb1]$\[a[0xffffffd7][0xffffffd6][0xffffffab][0xffffffae]Usc[0xffffffa5]`[0xfffffffb][0x10][0x16]>7[0xffffffb6][0xc][0xffffffe6][0xffffffc6]V[0x1c][0xffffffd0][0xffffffc9][0xffffffc4][0x19][0xffffff9b][0x1b][[0xfffffffb]P[0xe][0xffffffea]Z[0xffffff93][0xffffffb9]1[0x9]$[0xffffffe3]Z[0xffffff83][0xffffffb9][0xffffffb1][0x0]g[0xffffffb6]k[0xffffffaf][0xffffffcf][0xffffff8d]-57Vz[0xffffffa3][0xffffffe6][0xffffffc6][0x16]>7[0xffffffb6][0xc][0xffffffe6][0xffffffc6]V[0x1c][0xffffffd0][0xffffffc9][0xffffffc4][0x19][0xffffff9b][0x1b][[0xfffffffb]P[0xe][0xffffffea]Z[0xffffff93][0xffffffb9]1[0x9]$[0xffffffe3]Z[0xffffff83][0xffffffb9][0xffffffb1][0x0]g[0xffffffb6]k/[0xffffffcf][0xffffff8d][0xffffffad][0xffffff9b][0xffffff9a][0x1b]+[0xffffffb3]B[0xfffffff7]k[0x1f][0xffffffe7]A][0xfffffffb]~[0x2][0xffffffd6][0xffffffb5][0xffffff9f]g \[0xfffffffb][0xfffffffe]t[0xffffffc2][0xffffffb5][0xffffffdf][0xffffff9f][0xffffffec][0xffffffe0]Z[0xffffff85]"[0xffffffe1]Z[\r]$[0xffffffe1]Z[0xffffff85]e[0xffffffb6]k#[0xffffff9c][0xffffffb9][0xffffffae][0xffffff8d][0xffffff88][0xffffffbe][0xffffffe4][0xffffffda]b[0xffffffe6][0xffffffda][0xffffff82][0xffffffbb][0xffffffb6][0x18][0xffffffb8][0xffffffb6][0xffffffa0][0xffffffae]-[0xffffff98]k[0xffffff8b][0xffffff93]kw[0x14])[0xffffffd7]F )[0xffffffd7][0xffffffee]X[0x12][0xffffffae]-[0xffffffb0]k[0xffffffcb]U[0xffffffd7][0xffffff8a]o;[0xffffff9e][0xfffffff5][0xffffff98][0xffffffd0][0xffffff9e][0xffffffaf][0xffffffc7]y`[0xffffffd7][0xfffffff2][0xffffffdf]v[0xfffffffc]<[0x3][0xffffffe3]Z[0xffffffea][0xffffffdb][0xffffff8e][0xffffffdf][0xffffff9f][0xffffffec][0xffffffe1]Z[0xffffff8f]o;j [0x19][0xffffffd7][0xfffffff2][0xffffffdf]v[0xffffff8c]pf[0xffffffbb][0xfffffff6][0xfffffff2][0xffffffb7][0x1d][0xffffffd7]M[0xffffffed]C[0xffffffa8][0xfffffff5][0xffffff84][0xfffffff6][0xffffffd7]>[0xffffffce][0x3][0xffffffbb][0xffffff96][0xffffffdf][0xffffff87][0xfffffff0]y[0x6][0xffffffc6][0xffffffb5][0xffffffd4]>[0xffffff84][0xffffffef]O[0xfffffff6]p[0xffffffad][0xffffffc7]>[0x4][\r]$[0xffffffe3]Z~[0x1f]B[0xffffff84]3[0xffffffdb][0xffffffb5][0xffffff97][0xfffffff7]![0xffffffbc][0xfffffffd]i|[0xffffff87][0xffffffc0][0xffffffba][0xffffff96]~[0xffffff87]P[0xc][0xffffffde]![0xffffff94][0xfffffff0]/k[0xffffffb9]8S[0xffffffef][0x10][0xffffff8a][0xffffffd3];[0xffffff84][0xffffff88]"[0xffffffe5]Z[0xffffff97]w[0x8][0x11]K[0xffffffc2][0xffffffb5][0xffffffec];[0xffffff84][0x1d][0xffffffd1][0x17]\[[0xffffff95]k[0xffffffc7][0xffffff82][0xfffffff6]|=[0xffffffce][0x3][0xffffffbb][0xffffffb6][0x1a][0xffffffb8][0xffffffb6][0x6][0xffffffa8]3q[0xffffffae][0xffffff98]k[0xffffffab][0xffffff93]k#[0xffffff8a][0xffffff8c]k[0x15][0xffffff90][0xffffff8c]k#[0xffffff96][0xfffffff9][0xffffffae][0xffffffdd][0xffffffe1][0xffffffcc]v[0xffffffed][0xffffff8e][0xffffffe8][0xb][0xffffffae]U[0xffffffbb]g*[0xfffffff8][0xffffffdb][0x18][0xffffffbd]{[0xffffffe6][0xfffffffd][0x4][0xffffffb4]k[0xffffffc9][0xffffffdd]3[0xffffffef]Og\k[0xffffffb4]{F[0xffffffa1][0xffffffc8][0xffffffb8][0xffffffd6]e[0xfffffff7][0xffffff8c][0xffffffc2]2[0xffffffdf][0xffffffb5][0xffffffec][0xffffffee][0xffffff99][0xffffff88][0xffffffe8][0xb][0xffffffae]U[0xffffffbb]g[0xffffffea]\[0xffffffd8];[0x4]z[0xfffffff7][0xffffffcc][0xfffffffb][0x9]h[0xffffffd7][0xffffff92][0xffffffbb]g[0xffffffde][0xffffff9f][0xffffffce][0xffffffb8][0xffffffd6]h[0xfffffff7][0xffffff8c]B[0xffffff91]q[0xffffffad][0xffffffcb][0xffffffee][0x19][0xffffff85]e[0xffffffbe]k[0xffffffd9][0xffffffdd]3[0x11][0xffffffd1][0x17]\[0xffffffab]v[0xffffffcf][0xffffffd4][0xffffffd5][0xffffffa0][0x19][0xffffffdd][0xffffffc7]y`[0xffffffd7][0xfffffff2][0xffffffbb]g>[0xffffffcf][0xffffffc0][0xffffffb8][0xffffff96][0xffffffda]=[0xfffffff3][0xfffffffd][0xffffffc9][0x1e][0xffffffae][0xfffffff5][0xffffffd8]=[0xffffffa3][0xffffff81]d\[0xffffffcb][0xffffffef][0xffffff9e][0xffffff89]pf[0xffffffbb][0xfffffff6][0xfffffff2][0xffffffee][0xffffff99]u;[0xffffff85]k[0xffffffdb][0xffffffed][0x6][0xffffffcd][0xffffffe8]>[0xffffffce][0x3][0xffffffbb][0xfffffff6]4p[0xffffffed][0x19][0xffffffa0][0xffffffce][0xffffffc4][0xfffffff9][0xffffffc4]\{:[0xffffffb9]6[0xffffffa2][0xffffffc8][0xffffffb8]V[0x1][0xffffffc9][0xffffffb8]6b[0xffffff99][0xffffffef][0xffffffda][0x1d][0xffffffce]l[0xffffffd7][0xffffffee][0xffffff88][0xffffffbe][0xffffffe0]Z[0xffffffb5][0xf][0xffffffa1][0x1d][0xffffffa5]Q[0xffffffae][0xffffffa5][0xfffffff7]![0xffffffbc][0xffffff9f][0xffffff80]v-[0xffffffb9][0xf][0xffffffe1][0xfffffffd][0xffffffe9][0xffffff8c]k[0xffffff8d][0xfffffff6]!([0x14][0x19][0xffffffd7][0xffffffba][0xffffffec]CPX[0xffffffe6][0xffffffbb][0xffffff96][0xffffffdd][0xffffff87][0x10][0x11][0xfffffffd][0xffffffed][0xffffffae]=[0xffffffd4][0xffffff8c]n;[0xffffffa9][0xfffffffd][0xffffffb5][0xffffff8f][0xfffffff3][0xffffffb0][0xffffffae]=[0xc]ft[0xffffff8f]8[0xc][0xffffff99][0xffffff88][0xfffffff3][0xffffff81][0xffffffcd][0xffffffe8][0x1e][0xfffffffb][0x0]$[0xffffffe9]Z[0xffffff81]"[0xffffffe2]Z[0x9]$[0xffffffe2]Z[0xffffff81]e[0xffffffba]k[0x3][0xffffff9c][0xffffffc9][0xffffffae][\r][0xffffff88][0xffffffbe][0xffffffe0]Z57[0xffffffd6]o'u[0xf][0xffffffe1][0xffffffc0][0xffffffe7][0xffffffc6][0xe][0xffffff83][0xffffffb9][0xffffffb1]#[0xe][0xffffffe8]d[0xffffffe2][0xffffff8c][0xffffffcd][0xffffff8d][0x1d][0xfffffffb]P[0xe][0xffffffea]Z[0xffffff93][0xffffffb9]1[0x9]$[0xffffffe3]Z[0xffffff83][0xffffffb9][0xffffffb1][0x0]g[0xffffffb6]k[0xffffffaf][0xffffffcf][0xffffff8d][0xffffffdd][0xffffffff]4[0xffffffde][0xffffffaf]e][0xb][0xffffffdf][0xffffffaf]}[0xffffff9c][0xffffff80]w-x[0xffffffbf][0xfffffff6][0xfffffff1]t[0xffffffca][0xffffffb5]>[0xfffffff7]k[0x5][0xffffff8a][0xffffff94]kM[0xffffffee][0xffffffd7][\n]"
18:17:44.639 [TestNG-tests-2] DEBUG org.apache.hc.client5.http.wire - http-outgoing-2 << ",[0x9][0xffffffd7][0xffffffa2][0xfffffff7]k[0x3][0xffffffa2]/[0xffffffb8]V[0xffffffcd][0xffffffe8][0xfffffff6]:[0xffffffa8]Y[0xffffff86][0x3][0xffffff9f][0xffffffd1]=[0xc]ft[0xffffff8f]8[0xc][0xffffff99][0xffffff89]36[0xffffffa3]{[0xffffffec][0x3][0xffffff90][0xffffffa8]kMft%[0xffffff90][0xffffff8c]k[\r]ft[0x3][0xffffff9c][0xffffffd9][0xffffffae][0xffffffbd]>[0xffffffa3]{[0xffffffa8]Y[0xffffff86][0xffffffbe]N[0xffffffea][0x1e][0xffffffc2][0xffffff81][0xffffffcf]2[0x1c][0x6][0xffffffb3][0xc]G[0xffffffbc]4[0xffffff9e][0xffffff89]36[0xffffffcb]p[0xffffffec][0x17][0xffffffc5]Q[0xffffffd7][0xffffff9a][0xffffffcc]2H [0x19][0xffffffd7][0x1a][0xffffffcc]2[0x4]8[0xffffffb3]]{}[0xffffff96][0xffffffe1]P[0xffffffb3][0xc][0xffffffa3]R[0xffffffdf],[0x7f][0xffffff9c][0x7]v[0xffffffad][0xffffffc1],[0xffffffc3][0x11]/[0xffffff8d]g[0xffffffe2][0xffffff8c][0xffffffcd]2[0x1c][0xfffffffb]Eq[0xffffffd4][0xffffffb5]&[0xffffffb3][0xc][0x12]H[0xffffffc6][0xffffffb5][0x6][0xffffffb3][0xc][0x1][0xffffffce]l[0xffffffd7]^[0xffffff9f]e8[0xffffffd4],[0xffffffc3][0xffffffe8]eP[0xffffffae][0xffffffc5]g[0x19][0xe][0xffffff83]Y[0xffffff86]#^[0x1a][0xffffffcf][0xffffffc4][0x19][0xffffff9b]e8[0xfffffff6][0xffffff8b][0xffffffe2][0xffffffa8]kMf[0x19]$[0xffffff90][0xffffff8c]k[\r]f[0x19][0x2][0xffffff9c][0xffffffd9][0xffffffae][0xffffffbd]>[0xffffffcb][0xfffffff0][0xfffffff6][0xffffffff]D[0xffffffd7][0xffffff9e][0x3][0xffffffeb][0xffffffda][0x13]w[0xffffffed]i[0xffffffe0][0xffffffda]3@[0xffffff9d][0xffffff89][0xfffffff3][0xffffff89][0xffffffb9][0xfffffff6]trmD[0xffffff91]q[0xffffffad][0x2][0xffffff92]qm[0xffffffc4]2[0xffffffdf][0xffffffb5];[0xffffff9c][0xffffffd9][0xffffffae][0xffffffdd][0x11]}[0xffffffc1][0xffffffb5]j[0xffffff96]a,l[0xfffffff7][0xffffffcc][0xffffff81][0xffffffcf]2[0x1c][0x6][0xffffffb3][0xc]G[0xffffffbc]4[0xffffff9e][0xffffff89]36[0xffffffcb]p[0xffffffec][0x17][0xffffffc5]Q[0xffffffd7][0xffffff9a][0xffffffcc]2H [0x19][0xffffffd7][0x1a][0xffffffcc]2[0x4]8[0xffffffb3]]{}[0xffffff96][0xffffffa1][0xffffffa8]Y[0xffffff86][0xfffffff3]V[0xffffffa8][0xffffffdf][0xffffffc6][\n]"
18:17:44.639 [TestNG-tests-2] DEBUG org.apache.hc.client5.http.wire - http-outgoing-2 << ">[0xffffffcb]P[0xc]f[0x19]J[0xffffffbc]4[0xffffff9e][0xffffff88]s[0xffffffc1]f[0x19][0xffffffca]~Q[0xffffff9c]t[0xffffffad]@[0x11]q[0xffffffad][0x4][0x12]q[0xffffffad][0xffffffc0]2[0xffffffdd][0xffffffb5][0x1][0xffffffce]d[0xffffffd7][0x6]D_p[0xffffffad][0xffffffba][0xfffffff3]u[0x1e][0xffffff9d][0xffffffda]=S[0xfffffff0];_[0xffffffc5][0xffffffe0][0xffffffce]W[0xffffff89][0xffffff97]k2q[0xffffffc6][0xffffffee]|[0xffffff95][0xfffffffd]B[\r][0xffffffea]Z[0xffffff93];_[0x12]H[0xffffffc6][0xffffffb5][0x6]w[0xffffffbe][0x2][0xffffff9c]"
18:17:44.639 [TestNG-tests-2] DEBUG org.apache.hc.client5.http.wire - http-outgoing-2 << "[0xffffffd9][0xffffffae][0xffffffbd]~[0xffffffe7][0xffffffab][0xffffffa8][0xffffffef]2[0xffffffb0][0xffffffae][0xffffff85]g[0x19][0xffffff8a][0xffffffc1]w[0x19]J\[0xffffff80][0xffffff9f][0xffffff8b]34[0xffffffcb]P[0xfffffff6][0xffffffa5][0xfffffff7][0xffffffb0]k-f[0x19]$[0xffffff90][0xffffff94]k[0xfffffff1]Y[0xffffff86][0x0]g[0xffffffbe]k[0xffffffaf][0xffffffce]2[0xffffff94][0xffffffaa][0xffffffba][0xffffffb6]uj[0xffffff96][0xffffffe1][0xffffffed]<[0xffffffb0]k[0xffffffab]A[0xffffffd7][0xffffffd6][0x10][0x10][0xffffff99]8W[0xffffffac]k[0xffffffab]S[0xffffffd7]F[0x14][0x19][0xffffffd7]* [0x19][0xffffffd7]F,[0xfffffff3]][0xffffffbb][0xffffffc3][0xffffff99][0xffffffed][0xffffffda][0x1d][0xffffffd1][0x17]\[0xffffffdb]T[0xffffffd7][0xffffff8e][0xffffff89]um[0xffffffc3][0xffffffbb][0xffffffb6][0x19]tm[0xb][0x1][0xffffff91][0xffffff89]s[0xffffffc3][0xffffffba][0xffffffb6]9umD[0xffffff91]q[0xffffffad][0x2][0xffffff92]qm[0xffffffc4]2[0xffffffdf][0xffffffb5];[0xffffff9c][0xffffffd9][0xffffffae][0xffffffdd][0x11]}[0xffffffc1][0xffffffb5]j[0xffffff96]a[0xffffffde]F[0xffffffa7]\[0xffffff8b][0xffffffcf]2[0x14][0xffffff83]Y[0xffffff86][0x12]/[0xffffff8d]g[0xffffffe2][0xffffff8c][0xffffffcd]2[0xffffff94][0xfffffffd][0xffffffa2]8[0xffffffea]Z[0xffffff93]Y[0x6][0x9]$[0xffffffe3]Z[0xffffff83]Y[0xffffff86][0x0]g[0xffffffb6]k[0xffffffaf][0xffffffcf]2[0x14]5[0xffffffcb]0k[[0xffffff94]k[0xfffffff1]Y[0xffffff86]b0[0xffffffcb]P[0xffffffe2][0xffffffa5][0xfffffff1]L[0xffffff9c][0xffffffb1]Y[0xffffff86][0xffffffb2]_[0x14]G]k2[0xffffffcb] [0xffffff81]d\k0[0xffffffcb][0x10][0xffffffe0][0xffffffcc]v[0xffffffed][0xfffffff5]Y[0xffffff86]r*[0xffffffd7][0xffffff8e][0xffffff82][0xffffffb9][0xfffffff6][0xffffffc4]]{[0x1a][0xffffffb8][0xfffffff6][0xc]Pg[0xffffffe2]|b[0xffffffae]=[0xffffff9d]\[0x1b]Qd\[0xffffffab][0xffffff80]d\[0x1b][0xffffffb1][0xffffffcc]w[0xffffffed][0xe]g[0xffffffb6]kwD_p[0xffffffad][0xffffff9a]e[0xffffff98][0xffffffdc][0xfffffff7][0xffffffc6][\n]"
18:17:44.639 [TestNG-tests-2] DEBUG org.apache.hc.client5.http.wire - http-outgoing-2 << ">[0xffffffcb]P[0xc]f[0x19]J[0xffffffbc]4[0xffffff9e][0xffffff89]36[0xffffffcb]P[0xfffffff6][0xffffff8b][0xffffffe2][0xffffffa8]kMf[0x19]$[0xffffff90][0xffffff8c]k[\r]f[0x19][0x2][0xffffff9c][0xffffffd9][0xffffffae][0xfffffffd][0xffffff89]Y[0xffffff86]%\[0xffffffbb]J[0xffffffa7][0xfffffff6]![0xffffffbc][0xffffff9d][0x7]v[0xffffffed]2p[0xffffffed][\n]"
18:17:44.639 [TestNG-tests-2] DEBUG org.apache.hc.client5.http.wire - http-outgoing-2 << "Pg[0xffffffe2][0xffffffbc]0[0xffffffd7].'[0xffffffd7]F[0x14][0x19][0xffffffd7]* [0x19][0xffffffd7]F,[0xfffffff3]][0xffffffbb][0xffffffc3][0xffffff99][0xffffffed][0xffffffda][0x1d][0xffffffd1][0xffffffdf][0xffffffee][0xffffffda][0xffffffaa][0xffffffe6][0xffffffc6]V[0xffffff9b][\r]rm[0xffffffc5][0xffffffe7][0xffffffc6][0xffffffaa][0xffffffc1][0xffffffdc]X[0xffffff8d][0x3]:[0xffffff89]8Wln[0xffffffac][0xffffffee]C9[0xffffffa4]k[0x5][0xffffff8a][0xffffff88]k%[0xffffff90][0xffffff88]k[0x5][0xffffff96][0xffffffe9][0xffffffae][\r]p&[0xffffffbb]6 [0xfffffffa][0xffffff82]k[0xffffffd5]7p[0xffffffd6][0xffffff89][0xffffffbd]C[0xffffffa8][0xfffffff8]7p[0xffffffaa][0xffffffc1]7pj[0xfffffffc][0xffffffd8]H&[0xffffffce][0xffffffd8]7p[0xffffffea][0xfffffffe][0xffffff81][0x11][0xffffffd4][0xffffffb5]&[0xffffffdf][0xffffffc0][0xffffff91]@2[0xffffffae]5[0xfffffff8][0x6]N[0xffffff80]3[0xffffffdb][0xffffffb5][0xffffffd7][0xffffffbf][0xffffff81]S[0xffffffc5][0xffffff8c][0xffffffee][0xffffffbc][0xffffffdd][0xffffffca]A[0xffffffb9][0x16][0xffffff9f][0xffffffd1][0xffffffad][0x6]3[0xffffffba]5[0xe]Cf[0xffffffe2][0xffffff8c][0xffffffcd][0xffffffe8][0xffffffd6]}[0x0][0x12]u[0xffffffad][0xffffffc9][0xffffff8c][0xffffffae][0x4][0xffffff92]q[0xffffffad][0xffffffc1][0xffffff8c]n[0xffffff80]3[0xffffffdb][0xffffffb5][0xffffffd7]gt[0xffffffab][0xffffff98][0x1b][0xffffffbb][0xffffffbb][0xffffff96][0xffffffeb]Z|n[0xffffffac][0x1a][0xffffffcc][0xffffff8d][0xffffffd5]8[0xffffffa0][0xffffff93][0xffffff89]367V[0xfffffff7][0xffffffa1][0x1c][0xffffffd4][0xffffffb5]&sc[0x12]H[0xffffffc6][0xffffffb5][0x6]sc[0x1][0xffffffce]l[0xffffffd7]^[0xffffff9f][0x1b][0xffffffab][0xffffffe2][0x1b]8w[0xffffffd7]Nj[0xffffffcf]W[0xffffffc5][0xffffffbf][0xffffff81]S[\r][0xffffffbe][0xffffff81]S[0xffffffe3][0xffffffc7]F2q[0xffffffc6][0xffffffbe][0xffffff81]S[0xfffffff7][0xf][0xffffff8c][0xffffffa0][0xffffffae]5[0xfffffff9][0x6][0xffffff8e][0x4][0xffffff92]q[0xffffffad][0xffffffc1]7p[0x2][0xffffff9c][0xffffffd9][0xffffffae][0xffffffbd][0xfffffffe][\r][0xffffff9c]*[0xffffffe6][0xffffffc6][0xffffffe6][0xffffffad][0xffffffdc][0xffffffa8]{[0x8][0x15][0xffffff9f][0x1b][0xffffffab][0x6]sc5[0xe][0xffffffe8]d[0xffffffe2][0xffffff8c][0xffffffcd][0xffffff8d][0xffffffd5]}([0x7]u[0xffffffad][0xffffffc9][0xffffffdc][0xffffff98][0x4][0xffffff92]q[0xffffffad][0xffffffc1][0xffffffdc]X[0xffffff80]3[0xffffffdb][0xffffffb5][0xffffffd7][0xffffffe7][0xffffffc6][0xffffffaa][0xffffff98][0x1b][0xffffff9b][0xffffffb7]^[0xffffffb1][0xffffffae][0xffffffc5][0xffffffe7][0xffffffc6][0xffffffaa][0xffffffc1][0xffffffdc]X[0xffffff8d][0x3]:[0xffffff99]8cscu[0x1f][0xffffffca]A]k27&[0xffffff81]d\k07[0x16][0xffffffe0][0xffffffcc]v[0xffffffed][0xfffffff5][0xffffffb9][0xffffffb1]z*[0xffffffd7][0xffffffce][0x3][0xfffffffb]m[0xffffffec][0xffffffc4]]{[0x1a][0xffffffb8][0xfffffff6][0xc]Pg[0xffffffe2]|b[0xffffffae]=[0xffffff9d]\[0x1b]Qd\[0xffffffab][0xffffff80]d\[0x1b][0xffffffb1][0xffffffcc]w[0xffffffed][0xe]g[0xffffffb6]kwD_p[0xffffffad][0xffffff98][0x1b][0xffffff9b]G[0xffffffb9]Q[0xffffffbb]g*>7V[\r][0xffffffe6][0xffffffc6]j[0x1c][0xffffffd0][0xffffffc9][0xffffffc4][0x19][0xffffff9b][0x1b][0xffffffab][0xfffffffb]P[0xe][0xffffffea]Z[0xffffff93][0xffffffb9]1[0x9]$[0xffffffe3]Z[0xffffff83][0xffffffb9][0xffffffb1][0x0]g[0xffffffb6]k[0xffffffaf][0xffffffcf][0xffffff8d][0xffffffdd][0xffffffff][0xffffffb4][0xffffff98][0xffffffb9][0x16][0xffffffde][0xffffffa9][0xfffffff8]8[0x1][0xffffffef]Zp[0xffffffa7][0xffffffe2][0xffffffe3][0xffffffe9][0xffffff94]k}v*[\n]"
18:17:44.639 [TestNG-tests-2] DEBUG org.apache.hc.client5.http.wire - http-outgoing-2 << "[0x14])[0xffffffd7][0xffffff9a][0xffffffec]T[0x14]X[0x12][0xffffffae]Ew*[0x6]D_rm3sm[0xffffffc3]][0xffffffdb][0xc]\[0xffffffdb]P[0xffffffd7]6[0xffffffcc][0xffffffb5][0xffffffcd][0xffffffc9][0xffffffb5];[0xffffff8a][0xffffff94]k#[0xffffff90][0xffffff94]kw,[0x9][0xffffffd7]6[0xffffffd8][0xffffffb5][0xffffffed][0xffffffba]k[0x1f][0xffffffef]f[0xffffff9d]d{[0x1c][0xffffffb8]m[0xffffffef]G[0xffffffe0]u[0xfffffffb]q[0x8][0xffffffca][0xffffffb7][0xfffffff7][0xffffffc7]S[0xffffffc2]}[0x7f][0xffffffb4][0xffffff8b]q[0x3][0xffffff8f][0xffffff94]r[0x5][0xffffff95][0xffffff94]s[0x3][0xffffff9b][0xffffff84]t7B[0xfffffff3][0xffffffad][0xffffffbb]q[0xfffffffa][0xffffff92]v[0xffffff8b][0xffffffdd][0xfffffffb][0x4][0xffffff83][0x17][\n]"
18:17:44.639 [TestNG-tests-2] DEBUG org.apache.hc.client5.http.wire - http-outgoing-2 << "[0x16]o[0x14][0xffffffe0]W[\n]"
18:17:44.639 [TestNG-tests-2] DEBUG org.apache.hc.client5.http.wire - http-outgoing-2 << "[0xffffffe0];[0x5][0xffffffaf][0xffffff97][\n]"
18:17:44.640 [TestNG-tests-2] DEBUG org.apache.hc.client5.http.wire - http-outgoing-2 << "6o[0x15][0xffffff8c]^+X[0xffffffbc]W[0xffffffc0]_,[0xfffffffc][0xffffffc4][0xffffff9b][0xffffff85][0xffffffda][0xffffffcd][0xffffffb4][;[0xffffffae][0xffffffdd][0xfffffffb][0x11]x[0xffffffed]~[0x1c][0xffffff82][0xffffffd2][0xffffffee][0xfffffffd][0xfffffff1][0xffffff94]v[0xffffffdf][0x1f][0xffffffed][0xffffffa2][0xffffffdd][0xffffffc0]#[0xffffffa5]]A%[0xffffffa5][0xffffffdd][0xffffffc0]&[0xffffffa1][0xffffffdd][0xffffff8d][0xffffffd0]|[0xffffffed]n[0xffffff9c][0xffffffbe][0xffffffa4][0xffffffdd]6[0xffffffcd][0xffffffb4][0xffffffdb]&[0xffffffae][0xffffffdd][0xfffffffb][0x11]x[0xffffffed]~[0x1c][0xffffff82][0xffffffd2][0xffffffee][0xfffffffd][0xfffffff1][0xffffff94]v[0xffffffdf][0x1f][0xffffffed][0xffffffa2][0xffffffdd][0xffffffc0]#[0xffffffa5]]A%[0xffffffa5][0xffffffdd][0xffffffc0]&[0xffffffa1][0xffffffdd][0xffffff8d][0xffffffd0]|[0xffffffed]n[0xffffff9c][0xffffffbe][0xffffffa4][0xffffffdd][0xffffffe1][0xfffffff6][0xffffff92]a[0xfffffff0]/[0x19][0xffffff86][0xffffffc3]K[0xffffff86][0xffffffc1][0xffffffbe]d[0x18][0xffffffdc]K[0xffffff86]a[0xfffffff5][0xffffff92]![0xfffffff0]HiWPIi7[0xffffffb0]Ihw[0xffffffd0]/[0x19][0xffffffc6]O[0xffffffbc]d[0xffffff98]n[0xffffffb5];[0xfffffff9][0xffffffda][0xffffff9d][0xe][0xffffffb5];[0xffffffd9][0xffffffda][0xffffff9d]\[0xffffffed]N[0xffffffab][0xffffffda][\r]<R[0xffffffda][0x15]TR[0xffffffda][\r]l[0x12][0xffffffda][0xffffff9d]t[0xffffffed][0xffffffce][0xffffff9f][0xffffffa8][0xffffffdd][0xffffffe5]V[0xffffffbb][0xffffff8b][0xffffffaf][0xffffffdd][0xffffffe5]P[0xffffffbb][0xffffff8b][0xffffffad][0xffffffdd][0xffffffc5][0xffffffd5][0xffffffee][0xffffffb2][0xffffffaa][0xffffffdd][0xffffffc0]#[0xffffffa5]]A%[0xffffffa5][0xffffffdd][0xffffffc0]&[0xffffffa1][0xffffffdd]E[0xffffffd7][0xffffffee][0xfffffffa][0xffffff89][0xffffffda]=[0x1e]_[0xffffffe0]u[0xfffffff2][0xffffffee][0xfffffffd]D[0xffffffb8]x[0xffffffdf][0xffffffce][0xffffffc0][0xffffff9b][0xfffffff7][0xffffffdb])([0xfffffff5][0xffffffbe]=[0xffffff9f]r[0xffffffef][0xffffffc7][0xffffffb3]][0xffffffe4][0x1b][0xffffffa1][0xffffffa4][0xffffffec][0xffffffab][0xffffffd0][0xffffffa4][0xfffffff4][0x1b][0x1]%[0xfffffffc][0xffffffbb]c[0xffffff9a]/[0xffffffe0][0x1d][0xffffffd6][0xffffffdf]b[0xffffffe0][0xfffffff9][0xfffffffe][0xffffffc7][0xffffffe2][0xffffff93]f[0xfffffff3][0x18]+[0xffffffff]S[0xffffffbd][0xffffff9f][0xffffffe7][0xffffffa1][0xffffffec][0xfffffffb][0xffffffe5][0x4][0xffffff98]{[0xffffffb7]3$[0xffffff9b][0xfffffff7][0xffffffcb][0xffffffd3][0xffffff93][0xffffffbd][0xfffffffb][0xffffffeb]'[0xffffffc3][0xffffffd6]}[0xffffff8a]b[0xffffffb2]s[0x7f][0x0]d[0xffffffb2]q[0xffffff9f]b[0xffffff99][0xffffffe8][0xffffffdb]'p[0xffffffa6][0xffffffd9][0xfffffff6][0x9][0xffffffa2][0xffffffbf][0xffffffdd][0xffffffb5]M|[0xffffffd2]l[0x1e]k[0xffffffe5][0xffffffaf][0x12][0xfffffffb]<[0xf][0xffffffeb][0xffffffda][0xffffff86]~[0xffffffd2]l;[0x3][0xffffffe2][0xffffffda][0x6]|[0xffffffd2][0xffffffec][0xffffffd7]O[0xffffffb6]p[0xffffffad]@[0x11]q[0xffffffad][0x4][0x12]q[0xffffffad][0xffffffc0]2[0xffffffdd][0xffffffb5][0x1][0xffffffce]d[0xffffffd7][0x6]D_p[0xffffffad][0xfffffff8][0xffffffa4][0xffffffd9],[0xffffffb5]a[0xffffffae][0x5]?i[0xfffffff6][0xffffffe5][0x4][0xffffffb4]k[0xffffffa1]O[0xffffff9a]}y:[0xffffffe3]Z[0xffffff8f]O[0xffffff9a]=E[0xffffff91]q[0xffffffad][0xffffffc1]'[0xffffffcd][0xffffff9e]b[0xffffff99][0xffffffef]Z[0xffffffec][0xffffff93]fO[0x10]}[0xffffffc1][0xffffffb5][0xffffffea][0xffffff93]f[0xffffffa5][0x3]k[0x1b]"
18:17:44.640 [TestNG-tests-2] DEBUG org.apache.hc.client5.http.wire - http-outgoing-2 << "?[0xffffffcf][0x3][0xffffffbb][0x16][0xfffffffd][0xffffffa4][0xffffffd9]v[0x6][0xffffffc6][0xffffffb5][0xffffffc0]'[0xffffffcd]~[0xfffffffd]d[0xf][0xffffffd7][0xffffffe2][0xffffff9f]4[0xfffffffb][0x1][0xffffff90][0xffffff8c]k[0xffffffd1]O[0xffffff9a]=[0xffffff81]3[0xffffffdb][0xffffffb5]W>i[0xfffffff6][0xfffffff1][0xffffffa7][0xffffffea][0xffffff93]f[0xffffffe5]\[0xffffff95]r-[0xfffffff8]I[0xffffffb3]/'[0xffffffa0]][0xb]}[0xffffffd2][0xffffffec][0xffffffcb][0xffffffd3][0x19][0xffffffd7]z|[0xffffffd2][0xffffffec])[0xffffff8a][0xffffff8c]k[\r]>i[0xfffffff6][0x14][0xffffffcb]|[0xffffffd7]b[0xffffff9f]4{[0xffffff82][0xffffffe8]owmW[0xffffffef]kko[0xfffffff9][0xffffff9f][0xffffffd9][0xfffffff9]<[0xf][0xffffffeb][0xffffffda]n[0xfffffff0][0xffffffbe][0xffffffb6][0xffffffc7][0x17]c[0xffffff89]8w[0xffffffec]}m[0xffffffdf]_[0xffffff86][0xffffff91][0xffffffae][0x15]("[0xffffffae][0xffffff95]@"[0xffffffae][0x15]X[0xffffffa6][0xffffffbb]6[0xffffffc0][0xffffff99][0xffffffec][0xffffffda][0xffffff80][0xffffffe8][0xb][0xffffffae]U[0xffffffef]k[0xffffffeb]9[0xffffffa8][0xffffffae][0xffffffed][0xfffffff8][0xfffffffb][0xffffffda]n[0xfffffff0][0xffffffbe][0xffffffb6][0xffffffc7][0x17]c[0xffffff99]8c[0xffffffef]k[0xfffffffb][0xfffffffe]2[0xc]u[0xffffffad][0xffffffc9][0xfffffffb]Z[0x9]$[0xffffffe3]Z[0xffffff83][0xfffffff7][0xffffffb5][0x1][0xffffffce]l[0xffffffd7]^[0x7f]_[0xffffffdb][0xffffff8b]XG[0xffffffde]n3[0xffffffff][0xffffffce][0xffffffed][0xffffffe7]y`[0xffffffd7][0x16]r[0x1d][0xfffffff9]v[0x6][0xffffffc6][0xffffffb5]%[0x7f][0x1d][0xfffffff9][0xffffffaf][0xffffff9f][0xffffffec][0xffffffe1][0xffffffda][0xffffff88]"[0xffffffe3]Z[0x5]$[0xffffffe3][0xffffffda][0xffffff88]e[0xffffffbe]kw8[0xffffffb3]][0xffffffbb]#[0xfffffffa][0xffffff82]k[0xffffffd5][0xfffffffb][0xffffffda]V[0x16][0xfffffff6][0xe][0x1][0x7f]_[0xffffffdb][\r][0xffffffde][0xffffffd7][0xfffffff6][0xfffffff8]b,[0x13]g[0xffffffec]}m[0xffffffdf]_[0xffffff86][0xffffffa1][0xffffffae]5y_+[0xffffff81]d\k[0xfffffff0][0xffffffbe]6[0xffffffc0][0xffffff99][0xffffffed][0xffffffda][0xffffff9f]x_[0xffffffdb][0xffffff94]k[0xffffffc7][\r]{[0xffffff87][0xffffffd0]p[0xffffffd7]6[0x3][0xffffffd7][0xffffffb6][0x0]u&[0xffffffce][\r]smsrmD[0xffffff91]q[0xffffffad][0x2][0xffffff92]qm[0xffffffc4]2[0xffffffdf][0xffffffb5];[0xffffff9c][0xffffffd9][0xffffffae][0xffffffdd][0x11]}[0xffffffc1][0xffffffb5]][0xffffffb9]vr[0xffffffef]k;[0xffffffee][0xffffffda]n[0xffffffe0][0xffffffda][0x1e][0xffffffa0][0xffffffce][0xffffffc4][0xffffffb9]c[0xffffffae][0xffffffed]N[0xffffffae][0xffffff8d](2[0xffffffae]U@2[0xffffffae][0xffffff8d]X[0xffffffe6][0xffffffbb]v[0xffffff87]3[0xffffffdb][0xffffffb5];[0xffffffa2]/[0xffffffb8]v[0xffffff88]O[0xffffff9a][0xfffffff5][0xffffffe3][0xffffffc0][0xffffffde][0xffffffd7][0xe][0xffffffee][0xffffff93]f_N@[0xffffffbb]v[0xffffff84]oGe[0xffffffe2]<[0xfffffff2]?i[0xfffffff6][0xffffffeb]'{[0xffffffb8]6[0xffffffa2][0xffffffc8][0xffffffb8]V[0x1][0xffffffc9][0xffffffb8]6b[0xffffff99][0xffffffef][0xffffffda][0x1d][0xffffffce]l[0xffffffd7][0xffffffee][0xffffff88][0xffffffbe][0xffffffe0][0xffffffda]Stmo[0xffffffb7][0xffffff93]r[0xffffffed][0xffffff89]w[0xffffffed]i[0xffffffd0][0xffffffb5]g[0x8][0xffffff88]L[0xffffff9c]O[0xffffffac]kO[0xffffffa7][0xffffffae][0xffffff8d](2[0xffffffae]U@2[0xffffffae][0xffffff8d]X[0xffffffe6][0xffffffbb]v[0xffffff87]3[0xffffffdb][0xffffffb5];[0xffffffa2]/[0xffffffb8]v*[0xffffffd7][0xfffffff6][0xffffffd2]([0xffffffd7]N[0xffffffdc][0xffffffb5][0xffffffd3][0xffffffc0][0xffffffb5]3@[0xffffff9d][0xffffff89][0xfffffff3][0xffffffc4]\;[0xffffff9d]\[0x1b]Qd\[0xffffffab][0xffffff80]d\[0x1b][0xffffffb1][0xffffffcc]w[0xffffffed][0xe]g[0xffffffb6]kwD_p[0xffffffad][0xffffffda][0xfffffff3][0xffffffd5][0xfffffffb][0xffffffe3][0x13][0xf][0xffffff88]k[0xfffffff1]=_[0xffffffdd]`[0xffffffcf]W[0xffffff8f][0xb][0xffffff95]2q[0xffffffc6][0xfffffff6]|[0xfffffff5]}[0xffffff89][0x12][0xffffffea]Z[0xffffff93]=_[0x12]H[0xffffffc6][0xffffffb5][0x6]{[0xffffffbe][0x2][0xffffff9c][0xffffffd9][0xffffffae][0xffffffbd][0xffffffbe][0xffffffe7]k[0xffffffa8][0xffffffb9][0xffffffb1]>[0xffffff8e][0x9][0xffffffb9]v[0xffffffe0]sc[0xffffffc3]`nl[0xffffffc4][0x1][0xffffff9d]D[0xffffff9c][0x7]676[0xfffffff6][0xffffffa1][0x1c][0xffffffd2][0xffffffb5][0x2]E[0xffffffc4][0xffffffb5][0x12]H[0xffffffc4][0xffffffb5][0x2][0xffffffcb]t[0xffffffd7][0x6]8[0xffffff93]][0x1b][0x10]}[0xffffffc1][0xffffffb5]jn[0xffffffac][0xffffff8f]N[0xffffffdd]C[0x18][0xfffffff8][0xffffffdc][0xffffffd8]0[0xffffff98][0x1b][0x1b]q@'[0x13]glnl[0xffffffec]C9[0xffffffa8]kM[0xffffffe6][0xffffffc6]$[0xffffff90][0xffffff8c]k[\r][0xffffffe6][0xffffffc6][0x2][0xffffff9c][0xffffffd9][0xffffffae][0xffffffbd]>76[0xffffffd4][0xffffff9e][0xffffffaf]~[0xe]jW[0xfffffff8][0xffffffc0][0xfffffff7]|[\r][0xffffff83]=_#.T[0xffffffca][0xffffffc4][0x19][0xffffffdb][0xfffffff3]5[0xfffffff6]%J[0xffffffa8]kM[0xfffffff6]|I [0x19][0xffffffd7][0x1a][0xffffffec][0xfffffff9][\n]"
18:17:44.640 [TestNG-tests-2] DEBUG org.apache.hc.client5.http.wire - http-outgoing-2 << "pf[0xffffffbb][0xfffffff6][0xfffffffa][0xffffff9e][0xffffffaf][0xffffffa1]f[0x19]F[0x1d][0xffffffd4][0xffffffdc][0xffffffd8][0xffffffc0]g[0x19][0xffffff86][0xffffffc1],[0xffffffc3][0xffffff88][0xffffff97][0xffffffc6]3q[0xffffffc6]f[0x19][0xffffffc6]~Q[0x1c]u[0xffffffad][0xffffffc9],[0xffffff83][0x4][0xffffff92]q[0xffffffad][0xffffffc1],C[0xffffff80]3[0xffffffdb][0xffffffb5][0xffffffd7]g[0x19][0xffffffc6][0x10][0xffffffae]=[0xffffff8f]N[0xffffffed][0xffffffaf]};[0xf][0xffffffec][0xffffffda]a[0xffffffe0][0xffffffda][0x11][0xffffffa0][0xffffffce][0xffffffc4]y`[0xffffffae][0x1d]N[0xffffffae][0xffffff8d](2[0xffffffae]U@2[0xffffffae][0xffffff8d]X[0xffffffe6][0xffffffbb]v[0xffffff87]3[0xffffffdb][0xffffffb5];[0xffffffa2]/[0xffffffb8]v*[0xffffffd7][0xffffff9e][0xffffffd8][0xfffffffd][0xffffffda][0xffffffb7][0xfffffff3][0xffffffc0][0xffffffae][0xffffff9d][0x6][0xffffffae][0xffffff9d][0x1][0xffffffea]L[0xffffff9c]'[0xffffffe6][0xffffffda][0xffffffe9][0xffffffe4][0xffffffda][0xffffff88]"[0xffffffe3]Z[0x5]$[0xffffffe3][0xffffffda][0xffffff88]e[0xffffffbe]kw8[0xffffffb3]][0xffffffbb]#[0xfffffffa][0xffffff82]k[0xffffffd5][0xffffff9d][0xffffffaf]y[0x1b][0xffffffd8]=[0x4][0xfffffffc][0xffffffce][0xffffffd7]0[0xffffffb8][0xfffffff3]5[0xffffffe2][0xffffffe5][0xffffff9a]L[0xffffff9c][0xffffffb1];_c[0xffffffbf]P[0xffffff83][0xffffffba][0xffffffd6][0xffffffe4][0xffffffce][0xffffff97][0x4][0xffffff92]q[0xffffffad][0xffffffc1][0xffffff9d][0xffffffaf][0x0]g[0xffffffb6]k[0xffffffaf][0xffffffdf][0xfffffff9]:[0xffffffd5][0xffffff9d][0xffffffaf]YZ[0xffffff83]\{[0xffffffe2]w[0xffffffbe]N[0xffffff83];_g[0xffffffbc]\[0xffffff93][0xffffff88][0xfffffff3][0xffffff89][0xffffffdd][0xfffffff9]:[0xfffffff7][0xb]5[0xffffffa4]k[0x5][0xffffff8a][0xffffff88]k%[0xffffff90][0xffffff88]k[0x5][0xffffff96][0xffffffe9][0xffffffae][\r]p&[0xffffffbb]6 [0xfffffffa][0xffffff82]k[0xffffffd5][0xffffff9d][0xffffffaf][0xffffffd9][0x1b][0xffffffb5][0xf][0xffffffe1][0xffffffc4][0xffffffef]|[0xffffff9d][0x6]w[0xffffffbe][0xffffffce]x[0xffffffb9]&[0x13]g[0xffffffec][0xffffffce][0xffffffd7][0xffffffb9]_[0xffffffa8]A]kr[0xffffffe7]K[0x2][0xffffffc9][0xffffffb8][0xffffffd6][0xffffffe0][0xffffffce]W[0xffffff80]3[0xffffffdb][0xffffffb5][0xffffffd7][0xffffffef]|[0xffffff9d][0xffffffea][0xffffffce][0xffffffd7][0x1c]'u[0xffffffe7][0xffffffeb][0xffffffc4][0xffffffef]|[0xffffff9d][0x6]w[0xffffffbe][0xffffffce]x[0xffffffb9]&[0x13]g[0xffffffec][0xffffffce][0xffffffd7][0xffffffb9]_[0xffffffa8]A]kr[0xffffffe7]K[0x2][0xffffffc9][0xffffffb8][0xffffffd6][0xffffffe0][0xffffffce]W[0xffffff80]3[0xffffffdb][0xffffffb5][0xffffffd7][0xffffffef]|[0xffffff9d]jW[0xfffffff8]<[0xb]5[0xffffffcb]p[0xffffffe2][0xffffffbb][0xffffffc2]O[0xffffff83]][0xffffffe1]g\[0xffffffca][0xffffff9c][0xffffff89]3[0xffffffb6]+[0xfffffffc][0xffffffdc][0x17]1[0xffffffa3][0xffffffae]5[0xffffffd9][0x15].[0xffffff81]d\k[0xffffffb0]+<[0xffffffc0][0xffffff99][0xffffffed][0xffffffda][0xffffffeb][0xffffffbb][0xffffffc2]Ou[0xffffffbf]v[0xffffff9e][0xffffff8f][0xffffffd3]![0xffffffae][0xffffffc5][0xffffffef][0xffffffd7][0xffffff9e][0x6][0xfffffff7]k[0xffffffcf]x[0xffffff91]1[0x13]g[0xffffffec]~[0xffffffed][0xffffffb9]_^D]kr[0xffffffbf]V[0x2][0xffffffc9][0xffffffb8][0xffffffd6][0xffffffe0]~m[0xffffff80]3[0xffffffdb][0xffffffb5][0xffffffd7][0xffffffef][0xffffffd7][0xffffff9e]jW[0xfffffff8]<[0x17][0xfffffff6][0xe][0x1][0xffffffdf][0x15]~[0x1a][0xffffffec][\n]"
18:17:44.640 [TestNG-tests-2] DEBUG org.apache.hc.client5.http.wire - http-outgoing-2 << "?[0xffffffe3]R[0xffffffe6]L[0xffffff9c][0xffffffb1]][0xffffffe1][0xffffffe7][0xffffffbe][0xffffff88][0x19]u[0xffffffad][0xffffffc9][0xffffffae]p[0x9]$[0xffffffe3]Z[0xffffff83]][0xffffffe1][0x1][0xffffffce]l[0xffffffd7]^[0xffffffdf][0x15]~[0xffffffaa]Y[0xffffff86][0xffffffb9]n[0xffffffd8]oc[0xfffffff8],[0xffffffc3]i0[0xffffffcb]p[0xffffffc6]K[0xffffffe3][0xffffff99]8c[0xffffffb3][0xc][0xffffffe7]~Q[0x1c]u[0xffffffad][0xffffffc9],[0xffffff83][0x4][0xffffff92]q[0xffffffad][0xffffffc1],C[0xffffff80]3[0xffffffdb][0xffffffb5][0xffffffd7]g[0x19]N[0xffffffb5]+|[0xffffff95][0xffffff83][0xffffff9a]e8[0xfffffff1]][0xffffffe1][0xffffffa7][0xffffffc1][0xffffffae][0xfffffff0]3.e[0xffffffce][0xffffffc4][0x19][0xffffffdb][0x15]~[0xffffffee][0xffffff8b][0xffffff98]Q[0xffffffd7][0xffffff9a][0xffffffec][\n]"
18:17:44.640 [TestNG-tests-2] DEBUG org.apache.hc.client5.http.wire - http-outgoing-2 << "[0xffffff97]@2[0xffffffae]5[0xffffffd8][0x15][0x1e][0xffffffe0][0xffffffcc]v[0xffffffed][0xfffffff5]][0xffffffe1][0xffffffe7]T[0xffffffae]m[0xffffffd8]N[0xffffffc5][0xffffffb7][0xfffffff3][0xffffffc0][0xffffffae][0xffffff9d][0x6][0xffffffae][0xffffff9d][0x1][0xffffffea]L[0xffffff9c]'[0xffffffe6][0xffffffda][0xffffffe9][0xffffffe4][0xffffffda][0xffffff88]"[0xffffffe3]Z[0x5]$[0xffffffe3][0xffffffda][0xffffff88]e[0xffffffbe]kw8[0xffffffb3]][0xffffffbb]#[0xfffffffa][0xffffff82]k[0xffffffd5][0xffffffdc][0xffffffd8]:;[0xffffffd6][0xffffffb5][0xfffffff8][0xffffffdc][0xffffffd8]i07v[0xffffffc6][0x1][0xffffff9d]L[0xffffff9c][0xffffffb1][0xffffffb9][0xffffffb1]s[0x1f][0xffffffca]A]k27&[0xffffff81]d\k07[0x16][0xffffffe0][0xffffffcc]v[0xffffffed][0xfffffff5][0xffffffb9][0xffffffb1][0xffffffa9][0xffffffe6][0xffffffc6][0xffffffd6][0xffffffc2]~[0x1b]"
18:17:44.641 [TestNG-tests-2] DEBUG org.apache.hc.client5.http.wire - http-outgoing-2 << "[0xffffff9b][0xfffffff8][0xffffffdc][0xffffffd8]4[0xffffff98][0x1b][0xffffff9b]q@'[0x11][0xffffffe7][0xffffff89][0xffffffcd][0xffffff8d][0xffffffcd]}([0xffffff87]t[0xffffffad]@[0x11]q[0xffffffad][0x4][0x12]q[0xffffffad][0xffffffc0]2[0xffffffdd][0xffffffb5][0x1][0xffffffce]d[0xffffffd7][0x6]D_p[0xffffffad][0xffffff98][0x1b][[0xffffffb7]:[0xb][0xffffffe5]Z|nl[0x1a][0xffffffcc][0xffffff8d][0xffffffcd]8[0xffffffa0][0xffffff93][0xffffff89]3676[0xfffffff7][0xffffffa1][0x1c][0xffffffd4][0xffffffb5]&sc[0x12]H[0xffffffc6][0xffffffb5][0x6]sc[0x1][0xffffffce]l[0xffffffd7]^[0xffffff9f][0x1b][0xffffff9b]bnl[0xffffffdd]F[0xffffffa3][0xfffffff6][0xffffffd7]N|nl[0x1a][0xffffffcc][0xffffff8d][0xffffffcd]8[0xffffffa0][0xffffff93][0xffffff89]3676[0xfffffff7][0xffffffa1][0x1c][0xffffffd4][0xffffffb5]&sc[0x12]H[0xffffffc6][0xffffffb5][0x6]sc[0x1][0xffffffce]l[0xffffffd7]^[0xffffff9f][0x1b][bnl[0xffffff95][0xffffffbe][0x1a][0xffffffe4][0xffffffda][0xffffff85][0xffffffcf][0xffffff8d]-[0xffffff83][0xffffffb9][0xffffffb1][0x15][0x7]t[0x12]q^[0xffffffd8][0xffffffdc][0xffffffd8][0xffffffda][0xffffff87]rH[0xffffffd7][\n]"
18:17:44.641 [TestNG-tests-2] DEBUG org.apache.hc.client5.http.wire - http-outgoing-2 << "[0x14][0x11][0xffffffd7]J [0x11][0xffffffd7][\n]"
18:17:44.642 [TestNG-tests-2] DEBUG org.apache.hc.client5.http.wire - http-outgoing-2 << ",[0xffffffd3]][0x1b][0xffffffe0]Lvm@[0xfffffff4]%[0xffffffd7]V3[0xffffffd7]V[0xffffffdc][0xffffffb5][0xffffffd5][0xffffffc0][0xffffffb5][0x15]um[0xffffffc5]\[[0xffffff9d]\[0xffffffbb][0xffffffa3]H[0xffffffb9]6[0x2]I[0xffffffb9]v[0xffffffc7][0xffffff92]pm[0xffffff85]][[0xffffffaf][0xffffffbb][0xfffffff6]q[0xffffffbf][0xffffffcb]I[0xffffffb6][0xffffffc7][0xffffffc4]m{?[0x2][0xffffffaf][0xffffffdb][0xffffff8f]CP[0xffffffbe][0xffffffbd]?[0xffffff9e][0x12][0xffffffee][0xfffffffb][0xffffffa3]][0xffffff8c][0x1b]x[0xffffffa4][0xffffff94]+[0xffffffa8][0xffffffa4][0xffffff9c][0x1b][0xffffffd8]$[0xffffffa4][0xffffffbb][0x11][0xffffff9a]o[0xffffffdd][0xffffff8d][0xffffffd3][0xffffff97][0xffffffb4][0xfffffffb][0xfffffff8][0xffffffdf][0xffffff85][0xffffff93]v[0xffffffef][0xffffffff]{[0xffffffa4][0xffffffb5]{?[0x2][0xffffffaf][0xffffffdd][0xffffff8f]CP[0xffffffda][0xffffffbd]?[0xffffff9e][0xffffffd2][0xffffffee][0xfffffffb][0xffffffa3]][0xffffffb4][0x1b]x[0xffffffa4][0xffffffb4]+[0xffffffa8][0xffffffa4][0xffffffb4][0x1b][0xffffffd8]$[0xffffffb4][0xffffffbb][0x11][0xffffff9a][0xffffffaf][0xffffffdd][0xffffff8d][0xffffffd3][0xffffff97][0xffffffb4][0xffffffdb][0xffffff9b][0xffffff99]v{[0xffffffc3][0xffffffb5]{?[0x2][0xffffffaf][0xffffffdd][0xffffff8f]CP[0xffffffda][0xffffffbd]?[0xffffff9e][0xffffffd2][0xffffffee][0xfffffffb][0xffffffa3]][0xffffffb4][0x1b]x[0xffffffa4][0xffffffb4]+[0xffffffa8][0xffffffa4][0xffffffb4][0x1b][0xffffffd8]$[0xffffffb4][0xffffffbb][0x11][0xffffff9a][0xffffffaf][0xffffffdd][0xffffff8d][0xffffffd3][0xffffff97][0xffffffb4]{[0xffffffba][0xfffffffd]zv[0xfffffff2]?[0xffffff9f][0xffffffdd][0xffffff8f][0xffffffc0]k[0xfffffff7][0xffffffe3][0x10][0xffffff94]vO[0xffffffee][0x17][0xffffffb4][0xffffffd3][0xffffffea]'[0xffffffb4][0xffffffc0]#[0xffffffa5]]A%[0xffffffa5][0xffffffdd][0xffffffc0]&[0xffffffa1][0xffffffdd][0xffffff93][0xfffffffe][0x19][0xffffffed]|[0xfffffffd]w[0xffffffb4][0xfffffff5][0xfffffffe][0xffffffb7]bw[0xffffffc2][0xffffffaa][0xffffffc4][0xffffffdc][0xffffffc3][0xffffffe7]y([0xffffffe9]~9[0x1][0xffffffe6][0xffffffdc][0xffffffed][0xc][0xffffffc9][0xffffffca][0xfffffffd][0xfffffff2][0xfffffff4]d[0xffffffe3][0xfffffffe][0xfffffffa][0xffffffc9][0xffffffb0]p[0xffffff9f][0xffffffa2][0xffffff98][0xffffffec][0xffffffdb][0x1f][0x0][0xffffff99][0xffffffac][0xffffffdb][0xffffffa7]X&[0xffffffda][0xfffffff6][0x9][0xffffff9c]i[0xffffffb2]}[0xffffff82][0xffffffe8][0xb][0xffffffae][0x15][0xfffffff3][0xffffffbc][0xffffffab][0xffffffb5][0xffffff91]?[0xfffffff7][0xfffffff0]y[0x1e][0xffffffd8][0xffffffb5][0xffffffe8]<[0xffffffef]v[0x6][0xffffffc6][0xffffffb5][0xffffffc0]<[0xffffffef][0xffffffaf][0xffffff9f][0xffffffec][0xffffffe1]Z|[0xffffff9e][0xfffffff7][0x7]@2[0xffffffae]E[0xffffffe7]y[0xffffff9f][0xffffffc0][0xffffff99][0xffffffed][0xffffffda][0x1d][0xffffffd1][0xffffffdf][0xffffffea][0xffffffda]q[0xffffffbb][0xffffff89]y[0xffffffde][0xffffffd5]z[0xffffffc9][0xffffffdf][0xffffff9d][0xfffffff0]y[0x1e][0xffffffd2][0xffffffb5][0x1f]'@][0xfffffffb][0xffffffe5][0xc][0xffffff80]k?[0xffffff9e][0xe][0xffffffb8][0xfffffff6][0xfffffff3][0xffffffc9][0x6][0xffffffae][0xffffff95]([0x2][0xffffffae]}[0x2]$[0xffffffe0]Z[0xffffff89]e[0xffffffb2]k[0x5][0xffffff9c][0xffffffa9][0xffffffae][0x15][0xffffff88][0xffffffbe][0xffffffe0]Z5[0xffffffcf][0xffffffdb][0xfffffffa][0xffffffe3]u.[0xffffffe2]Zp[0xffffff9e][0xfffffff7][0xffffffcb][0x9]h[0xffffffd7]B[0xfffffff3][0xffffffbc]_[0xffffff9e][0xffffffce][0xffffffb8][0xffffffd6]c[0xffffff9e][0xfffffff7])[0xffffff8a][0xffffff8c]k[\r][0xffffffe6]y[0xffffff9f]b[0xffffff99][0xffffffef]Zl[0xffffff9e][0xfffffff7][0x9][0xffffffa2]/[0xffffffb8]V[0xffffffcd][0xfffffff3][0xffffffb6][0xffffffc1]u-8[0xffffffcf][0xfffffffb][0xffffffe5][0x4][0xffffffb4]k[0xffffffa1]y[0xffffffde]/Og\[0xffffffeb]1[0xffffffcf][0xfffffffb][0x14]E[0xffffffc6][0xffffffb5][0x6][0xfffffff3][0xffffffbc]O[0xffffffb1][0xffffffcc]w-6[0xffffffcf][0xfffffffb][0x4][0xffffffd1][0x17]\[0xffffffab][0xffffffe6]y[0xffffffdb][0xffffffd9][0xfffffff3][0xffffffbf][0xffffffe1][0xfffffff0]y[0x1e][0xffffffd8][0xffffffb5][0xffffffe8]<[0xffffffef]v[0x6][0xffffffc6][0xffffffb5][0xffffffc0]<[0xffffffef][0xffffffaf][0xffffff9f][0xffffffec][0xffffffe1]Z|[0xffffff9e][0xfffffff7][0x7]@2[0xffffffae]E[0xffffffe7]y[0xffffff9f][0xffffffc0][0xffffff99][0xffffffed][0xffffffda]+[0xfffffff3][0xffffffbc][0x1f][0x7f]*[0xffffffbe][0x3][0xffffffb9][0xffffffda][0xffffffea][0xffffffcc]=[0xffffff84][0xfffffff7][0xfffffff3][0xffffffc0][0xffffffae]E[0xffffffbf][0x3][0xffffffb9][0xffffff9d][0xffffff81]q-[0xfffffff0][0x1d][0xffffffc8]_?[0xffffffd9][0xffffffc3][0xffffffb5][0xfffffff8]w [0x7f][0x0]$[0xffffffe3]Z[0xfffffff4];[0xffffff90]O[0xffffffe0][0xffffffcc]v[0xffffffed][0xffffff95][0xffffffef]@~[0xfffffffc][0xffffffa9][0xfffffff8][0xe][0xffffffe4][0xffffffea]e1[0xfffffff7][0x10][0xffffffde][0xffffffcf][0x3][0xffffffbb][0x16][0xfffffffd][0xe][0xffffffe4]v[0x6][0xffffffc6][0xffffffb5][0xffffffc0]w [0x7f][0xfffffffd]d[0xf][0xffffffd7][0xffffffe2][0xffffffdf][0xffffff81][0xfffffffc][0x1][0xffffff90][0xffffff8c]k[0xffffffd1][0xffffffef]@>[0xffffff81]3[0xffffffdb][0xffffffb5]W[0xffffffbe][0x3][0xfffffff9][0xfffffff1][0xffffffa7][0xffffffea]~m[0xffffff9f][0xfffffff3][0xffffffa0]\[0xb][0xffffffdf][0xffffffaf][0xfffffffd]8[0x1][0xffffffed]Z[0xfffffff0]~[0xffffffed][0xffffffc7][0xffffffd3][0x19][0xffffffd7][0xfffffffa][0xffffffdc][0xffffffaf][0xffffff95](2[0xffffffae]5[0xffffffb9]_+[0xffffffb1][0xffffffcc]w-z[0xffffffbf]V [0xfffffffa][0xffffff82]k[0xffffffa7]p[0xffffffed]8F[0xffffffa5]\;q[0xffffffd7]N[0x3][0xffffffd7][0xffffffce][0x0]u&[0xffffffce][0x13]s[0xffffffed]trmD[0xffffff91]q[0xffffffad][0x2][0xffffff92]qm[0xffffffc4]2[0xffffffdf][0xffffffb5];[0xffffff9c][0xffffffd9][0xffffffae][0xffffffdd][0x11][0xfffffffd][0xffffffed][0xffffffae]=[0xffffff94]kg[0xffffff99][\r]r[0xffffffed][0xffffff81][0xffffffbb][0xfffffff6]0p[0xffffffed][0x11][0xffffffa1]N[0xffffffc4][0xfffffff9][0xffffffc0]\{[0xffffffec] [0xffffff93][0xffffffae][0x15]("[0xffffffae][0xffffff95]@"[0xffffffae][0x15]X[0xffffffa6][0xffffffbb]6[0xffffffc0][0xffffff99][0xffffffec][0xffffffda][0xffffff80][0xffffffe8]K[0xffffffae]mf[0xffffffae][0xffffffc5][0xfffffff6][0xffffffd1]|9[0x1][0xffffffef]Zd[0x1b][0xffffffcd][0xffffff97][0xffffffa7]S[0xffffffae]u[0xffffffd8]E[0xfffffff3][0x14]E[0xffffffca][0xffffffb5][0xfffffff8]&[0xffffff9a][0xffffffa7]X[0x12][0xffffffae][0xffffff85][0xfffffff6][0xffffffd0]<A[0xfffffff4][0xffffffb7][0xffffffbb][0xffffffb6][0xffffffdc]~)[0xffffffd1][0xffffffb5][0xffffffab]P[0xfffffff7][0x10][0xffffffde][0xffffffce][0xffffffc3][0xffffffba][0xfffffff6]q[0x2][0xffffffd8][0xffffffb5][0xffffffdf][0xffffffcf][0xffffff80][0xffffffb8][0xfffffff6][0xfffffff1]t[0xffffffc4][0xffffffb5][0xffffffdf][0xffffff9e]l[0xffffffe1]Z[0xffffff81]"[0xffffffe2]Z[0x9]$[0xffffffe2]Z[0xffffff81]e[0xffffffba]k[0x3][0xffffff9c][0xffffffc9][0xffffffae][\r][0xffffff88][0xffffffbe][0xffffffe0]Z5[0xffffffcb][0xffffffb0][0xffffffda]I[0xffffffcd]2[0x14]|[0xffffff96][0xffffffa1][0x18][0xffffffcc]2[0xffffff94]xi<[0x13]gl[0xffffff96][0xffffffa1][0xffffffec][0x17][0xffffffc5]Q[0xffffffd7][0xffffff9a][0xffffffcc]2H [0x19][0xffffffd7][0x1a][0xffffffcc]2[0x4]8[0xffffffb3]]{}[0xffffff96][0xffffffa1][0xffffffa8]Y[0xffffff86]5[0xb]5[0xffffffcb]P[0xfffffff0]Y[0xffffff86]b0[0xffffffcb]P[0xffffffe2][0xffffffa5][0xfffffff1]L[0xffffff9c][0xffffffb1]Y[0xffffff86][0xffffffb2]_[0x14]G]k2[0xffffffcb] [0xffffff81]d\k0[0xffffffcb][0x10][0xffffffe0][0xffffffcc]v[0xffffffed][0xfffffff5]Y[0xffffff86][0x12]g[0x19][0xffffffca][0xffffffed]v[[0xffffffd4]>[0xffffff84][0xffffff82][0xffffffcf]2[0x14][0xffffff83]Y[0xffffff86][0x12]/[0xffffff8d]g[0xffffffe2][0xffffff8c][0xffffffcd]2[0xffffff94][0xfffffffd][0xffffffa2]8[0xffffffea]Z[0xffffff93]Y[0x6][0x9]$[0xffffffe3]Z[0xffffff83]Y[0xffffff86][0x0]g[0xffffffb6]k[0xffffffaf][0xffffffcf]2[0xffffff94][0xffffffa1]\;[0xffffffea][0xffffffa4]\;p[0xffffffd7][0xe][0x3][0xffffffd7][0xffffff8e][0x0]u&[0xffffffce][0x3]s[0xffffffed]prmD[0xffffff91]q[0xffffffad][0x2][0xffffff92]qm[0xffffffc4]2[0xffffffdf][0xffffffb5];[0xffffff9c][0xffffffd9][0xffffffae][0xffffffdd][0x11]}[0xffffffc1][0xffffffb5]q[0xffffff96][0xffffffe1][0xffffffcd][0xffffffb5][0xffffff93][0xffffff9a][0x1b]+[0xfffffff8],C1[0xffffff98]e([0xfffffff1][0xffffffd2]x&[0xffffffce][0xffffffd8],C[0xffffffd9]/[0xffffff8a][0xffffffa3][0xffffffae]5[0xffffff99]e[0xffffff90]@2[0xffffffae]5[0xffffff98]e[0x8]pf[0xffffffbb][0xfffffff6][0xfffffffa],C[0xffffff89][0xfffffff7]k[0xffffffef][0xffffffae]=[0xffffffb9][0xfffffff7][0xffffffb5][0xfffffff8][0xfffffffd][0xffffffda]bp[0xffffffbf][0xffffffb6][0xffffffc4][0xffffff8b][0xffffff8c][0xffffff99]8c[0xfffffff7]k[0xffffffcb]~y[0x11]u[0xffffffad][0xffffffc9][0xfffffffd]Z[0x9]$[0xffffffe3]Z[0xffffff83][0xfffffffb][0xffffffb5][0x1][0xffffffce]l[0xffffffd7]^[0xffffffbf]_[[0xffffff96]t-6[0xffffffa3][0xfffffffb]v[0x1e][0xffffffd8][0xffffffb5][0xffffffcb][0xffffffc0][0xffffffb5]+@[0xffffff9d][0xffffff89][0xfffffff3][0xffffffc2]\[0xffffffbb][0xffffff9c]\[0x1b]Qd\[0xffffffab][0xffffff80]d\[0x1b][0xffffffb1][0xffffffcc]w[0xffffffed][0xe]g[0xffffffb6]kwD[0x7f][0xffffffbb]kk[0xfffffffb][0xffffffa5][0x6][0xffffffd7][0x1e][0xffffffeb]l[0xffffff90]k[0xffffffdf][0xffffffce][0xffffffc3]"
18:17:44.643 [TestNG-tests-2] DEBUG org.apache.hc.client5.http.wire - http-outgoing-2 << "[0xffffffba][0xfffffff6]q[0x2][0xffffffd8][0xffffffb5][0xffffffdf][0xffffffcf][0xffffff80][0xffffffb8][0xfffffff6][0xfffffff1]t[0xffffffc4][0xffffffb5][0xffffffdf][0xffffff9e]l[0xffffffe1]Z[0xffffff81]"[0xffffffe2]Z[0x9]$[0xffffffe2]Z[0xffffff81]e[0xffffffba]k[0x3][0xffffff9c][0xffffffc9][0xffffffae][\r][0xffffff88][0xffffffbe][0xffffffe0]Z[0xfffffff5][0xffffffdb]X[0xffffffe9][0xffffffe7][0xffffffa0]\[0xffffff8b][0xffffffff]6V[\r]~[0x1b][0xffffffab][0xfffffff1]G[0xffffff88]L[0xffffff9c][0xffffffb1][0xffffffdf][0xffffffc6][0xffffffea][0xfffffffe][0xffffffc3][0x3][0xffffffea]Z[0xffffff93][0xffffffdf][0xffffffc6]$[0xffffff90][0xffffff8c]k[\r]~[0x1b][0xb]pf[0xffffffbb][0xfffffff6][0xfffffffa]ocu[0x9][0xffffffd7][0xffffffd6]~[0xffffffa3]v[0xffffffcf][0xffffffbc][0xffffff9d][0x7]v[0xffffffed][0x12]hgC[0xffffffbd][0x2][0xffffffd4][0xffffff99]8/[0xffffffcc][0xffffffb5][0xffffffcb][0xffffffc9][0xffffffb5][0x11]E[0xffffffc6][0xffffffb5][\n]"
18:17:44.643 [TestNG-tests-2] DEBUG org.apache.hc.client5.http.wire - http-outgoing-2 << "H[0xffffffc6][0xffffffb5][0x11][0xffffffcb]|[0xffffffd7][0xffffffee]pf[0xffffffbb]vG[0xfffffff4][0xffffffb7][0xffffffbb][0xffffffb6][0xffffffc5]o;[0xffffffde]];[0x6][0xfffffff5][0xffffffbe][0xffffffb6][0xffffffe1][0xffffffdf]vl[0x6][0xffffffdf]vl[0xfffffff1]#z[0xffffff89]87[0xffffffec][0xffffffdb][0xffffff8e]m[0xffffffff]p[0x1e][0xffffffe9]Z[0xffffff81]"[0xffffffe2]Z[0x9]$[0xffffffe2]Z[0xffffff81]e[0xffffffba]k[0x3][0xffffff9c][0xffffffc9][0xffffffae][\r][0xffffff88][0xffffffbe][0xffffffe0][0xffffffda][0xfffffff8]m[0xffffffc7][0xffffffbb]k[0xffffffcf][0xffffff83][0xffffff9a][0xffffffd1]m[0xfffffff8][0xffffffb7][0x1d][0xffffff9b][0xffffffc1][0xffffffb7][0x1d][[0xfffffffc][0xffffff88]^&[0xffffffce][0xffffffd8][0xffffffb7][0x1d][0xffffffdb][0xfffffffe][0xffffffe1]<[0xffffffd4][0xffffffb5]&[0xffffffdf]v[0xffffff94]@2[0xffffffae]5[0xfffffff8][0xffffffb6]c[0xffffff80]3[0xffffffdb][0xffffffb5][0xffffffd7][0xffffffbf][0xffffffed][0xffffffd8][0xffffffe2]>[0xffffff84]7[0xffffffd7]vj[0xffffff96][0xffffffa1][0xffffffe1][0xfffffffb][0x10][0xffffff9a][0xffffffc1]>[0xffffff84][0x16][0x7][0xffffffcf]3q[0xffffffc6][0xfffffff6]![0xffffffb4]}[0xffffffd8][0x1c]u[0xffffffad][0xffffffc9]>[0x4][0x9]$[0xffffffe3]Z[0xffffff83]}[0x8][0x1][0xffffffce]l[0xffffffd7]^[0xffffffdf][0xffffff87][0xffffffd0][0xffffffd4][0xffffff8c]n[0xffffff9d][0xffffff83][0xffffffda][0xfffffff3][0xffffffd5][0xfffffff0][0x19][0xffffffdd]f0[0xffffffa3][0xffffffdb][0xffffffe2]0d&[0xffffffce][0xffffffd8][0xffffff8c]n[0xffffffdb][0x7] Q[0xffffffd7][0xffffff9a][0xffffffcc][0xffffffe8]J [0x19][0xffffffd7][0x1a][0xffffffcc][0xffffffe8][0x6]8[0xffffffb3]]{}F[0xffffffb7][0xffffffc5][0xffffffef][0xffffff8d][0xffffff95][0xffffffbb][0xffffffbb]+57[0xffffffd6][0xfffffff0][0xffffffef][0xffffff8d]5[0xffffff83][0xffffffef][0xffffff8d][0xffffffb5][0xfffffff8]a[0xffffffa7]L[0xffffff9c][0xffffffb1][0xffffffef][0xffffff8d][0xffffffb5][0xfffffffd]cN[0xffffffa8]kM[0xffffffbe]7&[0xffffff81]d\k[0xfffffff0][0xffffffbd][0xffffffb1][0x0]g[0xffffffb6]k[0xffffffaf][0x7f]o[0xffffffec][0xfffffffe][0xffffffa7][0xffffffc3][0xffffffcc][0xffffffb5][0x3]w[0xffffffed]0p[0xffffffed]@];0[0xffffffd7][0xe]'[0xffffffd7][0xffffffee](R[0xffffffae][0xffffff8d]@R[0xffffffae][0xffffffdd][0xffffffb1]$\;`[0xffffffd7][0xffffff8e][0xffffffeb][0xffffffae]]f[0xffffffae]][0xffffffb8]k[0xffffff97][0xffffff81]k[0x17][0xffffffea][0xffffffda][0xffffff85][0xffffffb9]v9[0xffffffb9]vG[0xffffff91]rm[0x4][0xffffff92]r[0xffffffed][0xffffff8e]%[0xffffffe1][0xffffffda][0x5][0xffffffbb]v]wm9[0xffffffcc]d[[0xe][0xffffffdc][0xffffffb6][0xfffffff7]#[0xfffffff0][0xffffffba][0xfffffffd]8[0x4][0xffffffe5][0xffffffdb][0xfffffffb][0xffffffe3])[0xffffffe1][0xffffffbe]?[0xffffffda][0xffffffc5][0xffffffb8][0xffffff81]GJ[0xffffffb9][0xffffff82]J[0xffffffca][0xffffffb9][0xffffff81]MB[0xffffffba][0x1b][0xffffffa1][0xfffffff9][0xffffffd6][0xffffffdd]8}I[0xffffffbb][0xffffffdd][0xffffffad]q;[0x1f][0xffffffb9][0xffffffdd][0xffffffa1]r;[0xffffff9b][0xffffffb9][0xffffff9d][0xffffffeb][0xffffffdc]n[0x15][0xffffffba][0xffffff81]GJ[0xffffffbb][0xffffff82]JJ[0xffffffbb][0xffffff81]MB[0xffffffbb][0xffffff9d][0xffffff8e][0xffffffdd][0xfffffffe][0x13][0xffffffb5]{[0xffffffdc][0xffffffba][0xffffff99]w[0xffffffef]'[0xffffffc2][0xffffffc5][0xfffffffb]v[0x6][0xffffffde][0xffffffbc][0xffffffdf]NA[0xffffffa9][0xfffffff7][0xffffffed][0xfffffff9][0xffffff94]{?[0xffffff9e][0xffffffed]"[0xffffffdf][0x8]%e_[0xffffff85]&[0xffffffa5][0xffffffdf][0x8]([0xffffffe1][0xffffffdf][0x1d][0xffffffd3]|[0x1][0xffffffef][0xffffffb0][0xfffffffe][0x6][0x3][0xffffff97][0xffffffdb][0xfffffffb][0x1f][0xffffffab][0xffffffdd][0x9]m[0x1d][0xffffffe9][0xffffffbb][0x13][0xffffffbe][0xffffff9c][0x7][0xffffffb2][0xffffffef][0xffffffd7][0x13]P[0xffffffee][0xffffffdd][0xffffffcf][0xffffff90]k[0xffffffde][0xffffffaf]O[0xffffffcf][0xfffffff5][0xffffffee][0xfffffff6]d[0xffffffd6][0xffffffba][0xffffffcf]Q[0xffffffcc]u[0xffffffee][0xffffff8f][0xffffff80][0xffffffcc]5[0xffffffee]s,[0xfffffff3]|[0xfffffffb][0xc][0xffffffce],[0xffffffdb]>C[0xfffffff4][0x5][0xffffffd7][0xffffffaa]][0xffffffb7][0xffffffbd][0xffffffaf][0xfffffff4][0xffffffdd][0x9]_[0xffffffce][0x3][0xffffffbb][0xffffff96][0xffffffdc]u[0xffffffbb][0xffffff9f][0xffffff81]qm[0xfffffffe][0xffffffae][0xffffffdb][0xffffffed][0xffffffc9][0x1e][0xffffffae][0xffffffa5]w[0xffffffdd][0xfffffffe][0x8]H[0xffffffc6][0xffffffb5][0xffffffe4][0xffffffae][0xffffffdb]gpf[0xffffffbb][0xfffffff6][0xffffffc2][0xffffffae][0xffffffdb]o[0x7f][0xffffffba][0xffffff94]k[0xffffffe7]-}[0xffffffee][0xffffffe1][0xffffffcb]y`[0xffffffd7].[0x3][0xffffffd7][0xffffffae][0x0]u&[0xffffffce][0xb]s[0xffffffed]rrmD[0xffffff91]q[0xffffffad][0x2][0xffffff92]qm[0xffffffc4]2[0xffffffdf][0xffffffb5];[0xffffff9c][0xffffffd9][0xffffffae][0xffffffdd][0x11][0xfffffffd][0xffffffed][0xffffffae][0xffffffed]7[0xffffffe1][0xffffffda]q[0xffffff8c][0xfffffff4][0xffffffdd][0x9]_[0xffffffce][0xffffffc3][0xffffffba][0xfffffff6]q[0x2][0xffffffd8][0xffffffb5][0xffffffdf][0xffffffcf][0xffffff80][0xffffffb8][0xfffffff6][0xfffffff1]t[0xffffffc4][0xffffffb5][0xffffffdf][0xffffff9e]l[0xffffffe1]Z[0xffffff81]"[0xffffffe2]Z[0x9]$[0xffffffe2]Z[0xffffff81]e[0xffffffba]k[0x3][0xffffff9c][0xffffffc9][0xffffffae][\r][0xffffff88][0xffffffbe][0xffffffe0]Z[0xffffffb5][0xffffffa7]f[0xffffffd4][0xffffff96][0xffffffbe][0x13][0xffffffec][0xffffffcb]y`[0xffffffd7][0xffffff92]{j[0xfffffff6]30[0xffffffae][0xffffffcd][0xffffffdf]S[0xffffffb3]=[0xffffffd9][0xffffffc3][0xffffffb5][0xfffffff4][0xffffff9e][0xffffff9a][0x1f][0x1][0xffffffc9][0xffffffb8][0xffffff96][0xffffffdc]S[0xfffffff3][0xc][0xffffffce]l[0xffffffd7]^[0xffffffd8]S[0xfffffff3][0xfffffff9][0xffffffa7][0xffffffc5][0xffffffcc][0xffffffb5][0x5]wm1pmA][0[0xffffffd7][0x16]'[0xffffffd7][0xffffffee](R[0xffffffae][0xffffff8d]@R[0xffffffae][0xffffffdd][0xffffffb1]$\[`[0xffffffd7][0xffffff96][0xffffffab][0xffffffae]U[0xffffffbb][0x13][0xffffffc6][0xffffff9c][0xffffffe9];[0xffffffc1][0xffffffbe][0xffffff9c][0x7]v-[0xffffffb9];a?[0x3][0xffffffe3][0xffffffda][0xfffffffc][0xffffffdd][0x9][0xffffffdb][0xffffff93]=\K[0xffffffef]N[0xfffffff8][0x11][0xffffff90][0xffffff8c]k[0xffffffc9][0xffffffdd][0x9][0xffffffcf][0xffffffe0][0xffffffcc]v[0xffffffed][0xffffff85][0xffffffdd][0x9][0xffffffdf][0xfffffffe]T}[0xffffffdf][0xfffffffc][0xffffffbc][0xfffffff5]F[0xffffffb9][0xffffff96][0xfffffffb][0xffffffbe][0xfffffff9][0xffffffd7][0x13][0xffffffd0][0xffffffae]e[0xffffffbe]o[0xfffffffe][0xfffffff5][0xffffffe9][0xffffff8c]k-[0xffffffbe]o[0xfffffffe][0x1c]E[0xffffffc6][0xffffffb5][0xfffffffc][0xfffffff7][0xffffffcd][0xffffff9f]c[0xffffff99][0xffffffef]Z[0xffffffea][0xfffffffb][0xffffffe6][0xffffffcf][0x10][0xfffffffd][0xffffffed][0xffffffae][0x1d][0xffffffea]}[0xffffffed]<[0x16][0xffffffe5][0xffffffda][0xffffff81][0xffffffbf][0xffffffaf][0x1d][0x6][0xffffffef]kG|1[0xffffff96][0xffffff88][0xfffffff3][0xffffffc0][0xffffffde][0xffffffd7][0xffffff8e][0xfffffffd]e[0x18][0xffffffe9]Z[0xffffff81]"[0xffffffe2]Z[0x9]$[0xffffffe2]Z[0xffffff81]e[0xffffffba]k[0x3][0xffffff9c][0xffffffc9][0xffffffae][\r][0xffffff88][0xffffffbe][0xffffffe0][0xffffffda]"[0xffffffde][0xffffffd7][0xffffffce]>[0xffffffa8]w[0x8]o[0xffffffe7][0xffffff81]][[0xfffffff8][0xfffffff7][0xffffffb5][0xffffffdf][0xffffffcf][0xffffffc0][0xffffffb8][0xffffffb6]P[0xffffffef]k[0xffffffbf]=[0xffffffd9][0xffffffc3][0xffffffb5][0x11]E[0xffffffc6][0xffffffb5][\n]"
18:17:44.643 [TestNG-tests-2] DEBUG org.apache.hc.client5.http.wire - http-outgoing-2 << "H[0xffffffc6][0xffffffb5][0x11][0xffffffcb]|[0xffffffd7][0xffffffee]pf[0xffffffbb]vG[0xfffffff4][0x5][0xffffffd7][0xffffffaa][0xfffffff7][0xffffffb5][0xffffffab][0xffffffdd][0xffffffa8][0xffffffdf][0xffffffc6][0x6][0xfffffffe][0xffffffbe]v[0x18][0xffffffbc][0xffffffaf][0x1d][0xfffffff1][0xffffffc5]X&[0xffffffce][0xffffffd8][0xfffffffb][0xffffffda][0xffffffb1][0xffffffbf][0xc]C]k[0xfffffff2][0xffffffbe]V[0x2][0xffffffc9][0xffffffb8][0xffffffd6][0xffffffe0]}m[0xffffff80]3[0xffffffdb][0xffffffb5][0xffffffd7][0xffffffdf][0xffffffd7][0xe]5[0xffffffa3][0xffffffbb][0xffffffce][0xfffffffc][0x1d][0x9]_[0xffffffce][0x3][0xffffffbb][0xffffffd6]`Fw[0xffffffc4]a[0xffffffc8]L[0xffffff9c][0xffffffb1][0x19][0xffffffdd][0xffffffb1][0xf]@[0xffffffa2][0xffffffae]5[0xffffff99][0xffffffd1][0xffffff95]@2[0xffffffae]5[0xffffff98][0xffffffd1][\r]pf[0xffffffbb][0xfffffff6][0xfffffffa][0xffffff8c][0xffffffee]P[0xffffffbf][0xffffff8d][0xffffffad]y[0xffffffdc]([0xffffffd7][0xffffffe2][0xffffffbf][0xffffff8d][\r][0xffffff83][0xffffffdf][0xffffffc6]F[0xfffffffc][0x11]"[0x13]g[0xffffffec][0xffffffb7][0xffffffb1][0xffffffb1][0xffffffff][0xfffffff0][0xffffff80][0xffffffba][0xffffffd6][0xffffffe4][0xffffffb7]1[0x9]$[0xffffffe3]Z[0xffffff83][0xffffffdf][0xffffffc6][0x2][0xffffff9c][0xffffffd9][0xffffffae][0xfffffffd][0xffffff89][0xffffffdf][0xffffffc6][0xffffffd4]>[0xffffff84]5[0x1f][0xffffffa7]C\[0xffffff8b][0xffffffef]C[0x18][0x6][0xfffffffb][0x10]F[0x1c]<[0xffffffcf][0xffffffc4][0x19][0xffffffdb][0xffffff87]0[0xfffffff6]as[0xffffffd4][0xffffffb5]&[0xfffffffb][0x10]$[0xffffff90][0xffffff8c]k[\r][0xfffffff6]![0x4]8[0xffffffb3]]{}[0x1f][0xffffffc2]P[0xfffffffb][0x10][0xffffffd6]:[0xffffffb0]w[0x8][0xfffffff8]>[0xffffff84]a[0xffffffb0][0xf]a[0xffffffc4][0xffffffc1][0xfffffff3]L[0xffffff9c][0xffffffb1]}[0x8]c[0x1f]6G]k[0xffffffb2][0xf]A[0x2][0xffffffc9][0xffffffb8][0xffffffd6]`[0x1f]B[0xffffff80]3[0xffffffdb][0xffffffb5][0xffffffd7][0xfffffff7]![0xffffff9c]7[0xffffffe9][0xffffffda][0xffffff93][0xffffffda][0xfffffff3][0xfffffff5]v[0x1e][0xffffffd6][0xffffffb5][0xffffff8f][0x13][0xffffffc0][0xffffffae][0xfffffffd]~[0x6][0xffffffc4][0xffffffb5][0xffffff8f][0xffffffa7]#[0xffffffae][0xfffffffd][0xfffffff6]d[0xb][0xffffffd7][\n]"
18:17:44.643 [TestNG-tests-2] DEBUG org.apache.hc.client5.http.wire - http-outgoing-2 << "[0x14][0x11][0xffffffd7]J [0x11][0xffffffd7][\n]"
18:17:44.643 [TestNG-tests-2] DEBUG org.apache.hc.client5.http.wire - http-outgoing-2 << ",[0xffffffd3]][0x1b][0xffffffe0]Lvm@[0xfffffff4][0x5][0xffffffd7][0xffffff8a][0xfffffffb][0xffffffb5][0xffffffc7][0xffffffed][0xffffffe8][0xffffffd4][0xffffff9e][0xffffffaf][0x13][0xffffffbf]_{"
18:17:44.643 [TestNG-tests-2] DEBUG org.apache.hc.client5.http.wire - http-outgoing-2 << "[0x1a][0xffffffdc][0xffffffaf]=[0xffffffe3]E[0xffffffc6]L[0xffffff9c][0xffffffb1][0xfffffffb][0xffffffb5][0xffffffe7]~y[0x11]u[0xffffffad][0xffffffc9][0xfffffffd]Z[0x9]$[0xffffffe3]Z[0xffffff83][0xfffffffb][0xffffffb5][0x1][0xffffffce]l[0xffffffd7]^[0xffffffbf]_{[0x16][0xffffffe5][0xffffffda]>[0xffffffa9]][0xffffffe1]o[0xffffffe7][0xffffff81]][[0xc]\[[0x2][0xffffffd4][0xffffff99]8[0x17][0xffffffcc][0xffffffb5][0xffffffc5][0xffffffc9][0xffffffb5][0x11]E[0xffffffc6][0xffffffb5][\n]"
18:17:44.643 [TestNG-tests-2] DEBUG org.apache.hc.client5.http.wire - http-outgoing-2 << "H[0xffffffc6][0xffffffb5][0x11][0xffffffcb]|[0xffffffd7][0xffffffee]pf[0xffffffbb]vG[0xfffffff4][0x5][0xffffffd7]V[0xffffffe5][0xffffffda][0x13][0xffffffdb][0x15][0xfffffffe]v[0x1e][0xffffffd8][0xffffffb5][0xffffffd5][0xffffffc0][0xffffffb5]5@[0xffffff9d][0xffffff89]s[0xffffffc5]\[[0xffffff9d]\[0x1b]Qd\[0xffffffab][0xffffff80]d\[0x1b][0xffffffb1][0xffffffcc]w[0xffffffed][0xe]g[0xffffffb6]kwD_p[0xffffffad][0xffffff98]e8[0xffffff8e][0xffffffc6][0xffffffbd][0xffffffaf][0xffffffc5]g[0x19]N[0xffffff83]Y[0xffffff86]3^[0x1a][0xffffffcf][0xffffffc4][0x19][0xffffff9b]e8[0xfffffff7][0xffffff8b][0xffffffe2][0xffffffa8]kMf[0x19]$[0xffffff90][0xffffff8c]k[\r]f[0x19][0x2][0xffffff9c][0xffffffd9][0xffffffae][0xffffffbd]>[0xffffffcb]p[0xffffff8a][0xfffffffb][0xffffffb5][0xfffffff7][0xffffffff][0xffffffde]A[0xffffffcd][0xffffffe8][0xffffff9e][0xfffffff8][0xfffffffd][0xffffffda][0xffffffd3][0xffffffe0]~[0xffffffed][0x19]/2f[0xffffffe2][0xffffff8c][0xffffffdd][0xffffffaf]=[0xfffffff7][0xffffffcb][0xffffff8b][0xffffffa8]kM[0xffffffee][0xffffffd7]J [0x19][0xffffffd7][0x1a][0xffffffdc][0xffffffaf][\r]pf[0xffffffbb][0xfffffff6][0xfffffffa][0xfffffffd][0xffffffda]S[0xffffffdc][0xffffffaf]=J?[0x1a][0xffffffe5]Z[0xfffffffc]~[0xffffffed]ip[0xffffffbf][0xfffffff6][0xffffff8c][0x17][0x19]3q[0xffffffc6][0xffffffee][0xffffffd7][0xffffff9e][0xfffffffb][0xffffffe5]E[0xffffffd4][0xffffffb5]&[0xfffffff7]k%[0xffffff90][0xffffff8c]k[\r][0xffffffee][0xffffffd7][0x6]8[0xffffffb3]]{[0xfffffffd]~[0xffffffed])[0xffffffee][0xffffffd7][0x1e][0xffffffe5]<:[0xffffffe5]Z[0xfffffffc]~[0xffffffed]ip[0xffffffbf][0xfffffff6][0xffffff8c][0x17][0x19]3q[0xffffffc6][0xffffffee][0xffffffd7][0xffffff9e][0xfffffffb][0xffffffe5]E[0xffffffd4][0xffffffb5]&[0xfffffff7]k%[0xffffff90][0xffffff8c]k[\r][0xffffffee][0xffffffd7][0x6]8[0xffffffb3]]{[0xfffffffd]~[0xffffffed][0xffffffbc][0x9][0xffffffd7][0xffffffd6][[0xffffffa7][0xffffffbe]7[0xfffffff6]v[0x1e][0xffffffd6][0xffffffb5][0xffffff8f][0x13][0xffffffc0][0xffffffae][0xfffffffd]~[0x6][0xffffffc4][0xffffffb5][0xffffff8f][0xffffffa7]#[0xffffffae][0xfffffffd][0xfffffff6]d[0xb][0xffffffd7][\n]"
18:17:44.643 [TestNG-tests-2] DEBUG org.apache.hc.client5.http.wire - http-outgoing-2 << "[0x14][0x11][0xffffffd7]J [0x11][0xffffffd7][\n]"
18:17:44.643 [TestNG-tests-2] DEBUG org.apache.hc.client5.http.wire - http-outgoing-2 << ",[0xffffffd3]][0x1b][0xffffffe0]Lvm@[0xfffffff4][0x5][0xffffffd7][0xffffffaa][0xfffffffb][0xffffffb5][0xfffffff5][0xffffffb6][0xffffffa8][0xfffffffb][0xffffffb5][0x13][0xffffffbf]_;[\r][0xffffffee][0xffffffd7][0xffffffce]x[0xffffff91]1[0x13]g[0xffffffec]~[0xffffffed][0xffffffdc]//[0xffffffa2][0xffffffae]5[0xffffffb9]_+[0xffffff81]d\kp[0xffffffbf]6[0xffffffc0][0xffffff99][0xffffffed][0xffffffda][0xffffffeb][0xfffffff7]k[0xffffffa7][0xffffffba]_[[0xffffff8f][0xffffff81][0xffffffb9][0x16][0xffffffbf]_;[\r][0xffffffee][0xffffffd7][0xffffffce]x[0xffffff91]1[0x13]g[0xffffffec]~[0xffffffed][0xffffffdc]//[0xffffffa2][0xffffffae]5[0xffffffb9]_+[0xffffff81]d\kp[0xffffffbf]6[0xffffffc0][0xffffff99][0xffffffed][0xffffffda][0xffffffeb][0xfffffff7]kgS[0xffffffae]-[0xffffff83][0xffffffda][0xffffff87][0xfffffff0]v[0x1e][0xffffffd8][0xffffffb5][0xffffffcd][0xffffffc0][0xffffffb5]-@[0xffffff9d][0xffffff89]s[0xffffffc3]\[0xffffffdb][0xffffff9c]\[0x1b]Qd\[0xffffffab][0xffffff80]d\[0x1b][0xffffffb1][0xffffffcc]w[0xffffffed][0xe]g[0xffffffb6]kwD_p[0xffffffad][0xffffffd8]_{[0xffffffd4]91[0xffffffd7][0xffffffe2][0xfffffffb]k[0xffffffa7][0xffffffc1][0xfffffffe][0xffffffda][0x19][0x17][0xffffff85]f[0xffffffe2][0xffffff8c][0xffffffed][0xffffffaf][0xffffff9d][0xfffffffb]rP[0xffffffd4][0xffffffb5]&[0xfffffffb]k%[0xffffff90][0xffffff8c]k[\r][0xfffffff6][0xffffffd7][0x6]8[0xffffffb3]]{}[0x7f][0xffffffed]T[0xfffffff7]k[0xffffffdb][0xffffff81][0xffffffdd][0xffffffaf][0xffffff9d][0xfffffff8][0xfffffffd][0xffffffda]ip[0xffffffbf]v[0xffffffc6][0xffffff8b][0xffffff8c][0xffffff99]8c[0xfffffff7]k[0xffffffe7]~y[0x11]u[0xffffffad][0xffffffc9][0xfffffffd]Z[0x9]$[0xffffffe3]Z[0xffffff83][0xfffffffb][0xffffffb5][0x1][0xffffffce]l[0xffffffd7]^[0xffffffbf]_;g[0xfffffffc][0xffffffde][0xffffffd8][0xffffffd1][0xfffffffa][0xffffffe3]t[0xffffff88]k'[0xfffffffd][0xffffffbd][0xffffffb1][0xffffffc7][0x9]h[0xffffffd7][0xffffffce][0xfffffff0]a[0xffffffa7]L[0xffffff9c]'[0xfffffff5][0xffffffbd][0xffffffb1]oO[0xfffffff6]pmD[0xffffff91]q[0xffffffad][0x2][0xffffff92]qm[0xffffffc4]2[0xffffffdf][0xffffffb5];[0xffffff9c][0xffffffd9][0xffffffae][0xffffffdd][0x11]}[0xffffffc1][0xffffffb5][0xffffffea]~m;[0xffffffb9][0xffffffdf][0xffffffc6][0xfffffff0][0xfffffffb][0xffffffb5][0xffffffd3][0xffffffe0]~[0xffffffed][0xffffff8c][0x17][0x19]3q[0xffffffc6][0xffffffee][0xffffffd7][0xffffffce][0xfffffffd][0xfffffff2]"[0xffffffea]Z[0xffffff93][0xfffffffb][0xffffffb5][0x12]H[0xffffffc6][0xffffffb5][0x6][0xfffffff7]k[0x3][0xffffff9c][0xffffffd9][0xffffffae][0xfffffffd][0xffffff89][0xfffffffb][0xffffffb5][0xffffffeb][0xffffff97]j[0xffffffe6][0xffffffda][0xffffff8a][0xffffffbb][0xffffffb6][0x1a][0xffffffb8][0xffffffb6][0xffffffa2][0xffffffae][0xffffffad][0xffffff98]k[0xffffffab][0xffffff93]kw[0x14])[0xffffffd7]F )[0xffffffd7][0xffffffee]X[0x12][0xffffffae][0xffffffad][0xffffffb0]k[0xffffffeb]E[0xffffffd7].u[0xffffffbf][0xffffffb6]W[0xffffffec]}[0xffffffed][0xffffffc2][0xffffffef][0xffffffd7].[0xffffff83][0xfffffffb][0xffffffb5]+^dL[0xffffffc4]ya[0xfffffff7]k[0xffffffd7]~y[0xffffff91]t[0xffffffad]@[0x11]q[0xffffffad][0x4][0x12]q[0xffffffad][0xffffffc0]2[0xffffffdd][0xffffffb5][0x1][0xffffffce]d[0xffffffd7][0x6]D_p[0xffffffad][0xffffffba]_;[0xe][0xffffffec][0x1e][0xffffffc2][0xffffffc2][0xffffffef][0xffffffd7].[0xffffff83][0xfffffffb][0xffffffb5]+^d[0xffffffcc][0xffffffc4][0x19][0xffffffbb]_[0xffffffbb][0xfffffff6][0xffffffcb][0xffffff8b][0xffffffa8]kM[0xffffffee][0xffffffd7]J [0x19][0xffffffd7][0x1a][0xffffffdc][0xffffffaf][\r]pf[0xffffffbb][0xfffffff6][0xfffffffa][0xfffffffd][0xffffffda][0xffffffa5][0xfffffff6][0xffffffd7][0xffffff8e]~P;[0x15][0x17][0xffffffbe][0xffffffbf]v[0x19][0xffffffec][0xffffffaf]]qQh&[0xffffffce][0xffffffd8][0xfffffffe][0xffffffda][0xffffffb5]/[0x7]E]k[0xffffffb2][0xffffffbf]V[0x2][0xffffffc9][0xffffffb8][0xffffffd6]`[0x7f]m[0xffffff80]3[0xffffffdb][0xffffffb5][0xffffffd7][0xfffffff7][0xffffffd7].5[0xffffffcb]0[0xfffffffa]yP[0xffffffae][0xffffffc5]g[0x19][0xffffff96][0xffffffc1],[0xffffffc3][0xffffff8a][0xffffff97][0xffffffc6]3q[0xffffffc6]f[0x19][0xffffffd6]~Q[0x1c]u[0xffffffad][0xffffffc9],[0xffffff83][0x4][0xffffff92]q[0xffffffad][0xffffffc1],C[0xffffff80]3[0xffffffdb][0xffffffb5][0xffffffd7]g[0x19][0xffffff96][0xffffffda][0x15]>[0x6][0xffffffb6][0xffffffe7]k[0xffffffe1][0xffffffbb][0xffffffc2][0xffffff97][0xffffffc1][0xffffffae][0xfffffff0][0x15][0xffffff97]2g[0xffffffe2][0xffffff8c][0xffffffed][\n]"
18:17:44.643 [TestNG-tests-2] DEBUG org.apache.hc.client5.http.wire - http-outgoing-2 << "_[0xfffffffb]"f[0xffffffd4][0xffffffb5]&[0xffffffbb][0xffffffc2]%[0xffffff90][0xffffff8c]k[\r]v[0xffffff85][0x7]8[0xffffffb3]]{}W[0xfffffff8]Rscc[0xc][0xffffffec][0xffffffb7]1|nl[0x19][0xffffffcc][0xffffff8d][0xffffffad]8[0xffffffa0][0xffffff93][0xffffff89]367[0xffffffb6][0xfffffff6][0xffffffa1][0x1c][0xffffffd4][0xffffffb5]&sc[0x12]H[0xffffffc6][0xffffffb5][0x6]sc[0x1][0xffffffce]l[0xffffffd7]^[0xffffff9f][0x1b][jnl[0xffffff9c][0xffffff8d][0xfffffffa][0xffffffb6][0xffffffe3][0xffffffc2][0xffffffe7][0xffffffc6][0xffffff96][0xffffffc1][0xffffffdc][0xffffffd8][0xffffff8a][0x3]:[0xffffff99]8csck[0x1f][0xffffffca]A]k27&[0xffffff81]d\k07[0x16][0xffffffe0][0xffffffcc]v[0xffffffed][0xfffffff5][0xffffffb9][0xffffffb1][0xffffffa5][0xffffffbe][0xffffffcb]0[0xffffffd6][0xffffff8d][0xffffffda]_[0xffffffbb][0xfffffff0][0xffffffef]2,[0xffffff83][0xffffffef]2[0xffffffac][0xffffffb8][0x0]?[0x13]g[0xffffffec][0xffffffbb][0xc]k_z[0xffffff8f][0xffffffba][0xffffffd6][0xffffffe4][0xffffffbb][0xc][0x12]H[0xffffffc6][0xffffffb5][0x6][0xffffffdf]e[0x8]pf[0xffffffbb][0xfffffff6]7|[0xffffff97][0xffffffe1][0x1b][0xffffffa8][0xffffffbf][0xffffffff][0xffffffd7]?[0xfffffffe][0xffffffe1][0xffffff9f][0xffffffff][0xfffffffc][0xffffffc7][0xffffffbf][0xfffffffd][0xffffffed][0xfffffff7][0x7f][0xfffffffb][0xffffffd7]?[0xfffffffe][0xfffffff9][0xffffffcf][0x4][0xffffffb1][0xffffffdb][0x11][0x1c][0xffffffd0][0xffffffdd][0xffffff8f][0xffffff84]3[0xffffffac][0xe][0x4][0xffffffc1][0xffffffbc][0x1f][0x5][0xffffffa3]Z[0x1c][0xffffffe4][0x7f][0xffffff9b][0x12]j,[0xfffffff2][0xffffffac][0xffffffd8][0x1a][0xffffffbb][0xffffff85][0xffffff8f]E.[0xffffff83][0xffffffb1][0xffffffc8][0x15][0xffffffe7][0xffffffcf]2[0x1][0xffffffc7][0xffffffc6]"[0xffffffd7]>s[0xffffff86][0xffffffa6][0xffffff84][0xffffffc9]X[0xffffffa4][0x4][0xffffff92]I[0x9][0xffffff83][0xffffffb1][0xffffffc8][0x0]gvJ[0xfffffffc][0xffffff86][0xffffffb1]H,%[0xffffff84]<[0xffffffd9][0xffffff94][0xffffff90].eSB[0xffffffa8][0xffffff95]K[0xffffff89]`Z*%[0xffffff82]x/[0xffffffa5]D[0xffffffdc]f[0xffffffc3][0xffffffa6][0x4][0xffffffbc][0xffffffcd][0xffffffe6]q[0x2]>%[0xffffffc0]m6[0xffffff8f][0xffffffa7]S)[0xffffffe1][0xffffffb3][0xffffffcd]F[0xffffffa0]H[0xffffffa5][0xffffff84][0xffffffc9]6[0x1b][0xffffff81]%[0xffffff91][0x12][0xffffffe8]6[0xffffff9b][0xffffff80][0xffffffa8]WJ[0x4]y[0xffffffd2])!\J[0xffffffa7]DP+[0xffffff99][0x12][0xffffffc5]%%[0xffffffca][0xffffffdf]!%[0xffffffba]YJt<%[0xffffffba]AJt4%:[0xffffff96][0x12][0xffffffdd])%v[0x14][0xffffffa9][0xffffff94][0xffffff88]@R)[0xffffffb1]cI[0xffffffa4]D[0xffffff87]S[0xffffffa2][0x1b][0xffffffa7]D[0xffffff90]'[0xffffff9d][0x12][0xffffffc2][0xffffffa5]tJ[0x4][0xffffffb5][0xffffff92])[0xffffffd1]]R[0xffffffa2][0xffffffff][0x1d]R[0xffffffe2][0xffffffb1][0xb][0xffffffc7][0xffffffa9]%[0xffffff8e][0xffffff89][0xffffffc7][0xffffffc4][0xfffffffd][0x8]|M|[0x1c][0xffffff82][0xffffffca][0xffffff89][0xfffffffb][0xffffffe3][0xffffffa9][0xffffff9e]x"
18:17:44.644 [TestNG-tests-2] DEBUG org.apache.hc.client5.http.wire - http-outgoing-2 << "[0x7f][0xffffffb4]KP[0x4][0x1e][0xffffffa9][0xffffffa2][0x10]TRI[0x11][0xffffffd8]$[0xffffff9a]b#4?*6N[0xffffffbd][0xffffffaa]"j[0xffffff94][0xffffffce][\n]"
18:17:44.644 [TestNG-tests-2] DEBUG org.apache.hc.client5.http.wire - http-outgoing-2 << "eU[0xffffffba]+[0xffffffa2]d[0xffffffc9][0xffffffb0][0xffffffd8][0xffffff9d][0xffffffcb][0xffffff95][0xffffffc5][0xffffffae][0xffffffe0]KiQ[0xffffffdc][0xffffffd2][0xffffffa2][0xfffffff0]iQ[0x1c][0xffffffd2][0xffffffa2][0xffffffb0]iQ[0xffffffb8][0xffffffb4](Vi[0x11]x[0xffffffa4][0xffffffd2]BPI[0xffffffa5]E`[0xffffff93]H[0xffffff8b]B[0xffffffa7]EqN[0xffffff8b][0xffffffa8]Q:-[0xffffff94]U[0xffffffe9][0xffffffb4][0xffffff88][0xffffff92]%[0xffffffd3]bw.[0xffffff97][0x16][0xffffffbb][0xffffff82]/[0xffffffa5]Eu[0xfffffffb][0x5][0xffffffa4][0xfffffff2]?[0xffffff81]T[0xffffff87][0xffffffdf]@*[0xfffffffb]#H[0xffffffe5]~[0x5][0xffffffa9]V?[0xffffff83][0x4][0x1e][0xffffffa9][0xffffffb4][0x10]TRi[0x11][0xffffffd8]$[0xffffffd2][0xffffffa2][0xffffffd2]?[0xffffff85]T[0xffffffe7][0xffffffdf]B[0xffffffa2]F[0xffffffe9][0xffffffb4]PV[0xffffffa5][0xffffffd3]"J[0xffffff96]L[0xffffff8b][0xffffffdd][0xffffffb9]\Z[0xffffffec][\n]"
18:17:44.644 [TestNG-tests-2] DEBUG org.apache.hc.client5.http.wire - http-outgoing-2 << "[0xffffffbe][0xffffff94][0x16]}[0xffffff98][0xffffffa5]E[0x1f]xZ[0xffffffdc][0xffffff8f][0xffffffc0][0xffffffa7][0xffffffc5][0xffffffc7]![0xffffffa8][0xffffffb4][0xffffffb8]?[0xffffff9e]J[0xffffff8b][0xfffffff7]G[0xffffffbb][0xffffffa4]E[0xffffffe0][0xffffff91]J[0xb]A%[0xffffff95][0x16][0xffffff81]M"-6B[0xfffffff3][0xffffffd3]b[0xffffffe3][0xffffffd4]+-[0xffffffa2]F[0xffffffe9][0xffffffb4]PV[0xffffffa5][0xffffffd3]"J[0xffffff96]L[0xffffff8b][0xffffffdd][0xffffffb9]\Z[0xffffffec][\n]"
18:17:44.644 [TestNG-tests-2] DEBUG org.apache.hc.client5.http.wire - http-outgoing-2 << "[0xffffffbe][0xffffff94][0x16][0xffffffc3]m[0x4]d[0xfffffff0]3 [0xffffffc3]a[0x8]d[0xffffffb0]S [0xffffff83][0x1b][0x3][0x19]Vs [0xffffff81]G*-[0x4][0xffffff95]TZ[0x4]6[0xffffff89][0xffffffb4][0x18][0xfffffff4],[0xffffffc8]p[0x1e][0x6][0xffffff89][0x1a][0xffffffa5][0xffffffd3]BY[0xffffff95]N[0xffffff8b](Y2-v[0xffffffe7]ri[0xffffffb1]+[0xfffffff8]RZ<>G[0xffffffe0][0xffffff94][0x16][0xffffffe7][0xffffff81][0xffffffa7][0xffffffc5][0xfffffffd][0x8]|Z|[0x1c][0xffffff82]J[0xffffff8b][0xfffffffb][0xffffffe3][0xffffffa9][0xffffffb4]x[0x7f][0xffffffb4]KZ[0x4][0x1e][0xffffffa9][0xffffffb4][0x10]TRi[0x11][0xffffffd8]$[0xffffffd2]b#4?-6N[0xffffffbd][0xffffffd2]"j[0xffffff94]N[0xb]eU:-[0xffffffa2]d[0xffffffc9][0xffffffb4][0xffffffd8][0xffffff9d][0xffffffcb][0xffffffa5][0xffffffc5][0xffffffae][0xffffffe0]Kiq[0xffffffdc][0xffffff96]Y[[0xffffffdc]O[0xffffff84][0xffffffc7][0xffffffc5][0xffffffdb][0x19][0xfffffff8][0xffffffba][0xfffffff8]v[\n]"
18:17:44.644 [TestNG-tests-2] DEBUG org.apache.hc.client5.http.wire - http-outgoing-2 << "*/[0xffffffde][0xffffff9e]O[0xfffffff5][0xffffffc5][0xffffffc7][0xffffffb3]][0x2]#BI[0x15][0xffffff86]B[0xffffff93]J[0xffffff8c][0x8]([0xffffffd1][0x18];[0xffffffa6]"
18:17:44.644 [TestNG-tests-2] DEBUG org.apache.hc.client5.http.wire - http-outgoing-2 << "[0xfffffff9][0xffffff91][0xffffffb1][0xffffffc3][0xffffffea]U[0x19]B[0xffffffa8]tfH[0xffffffbf][0xffffffd2][0xffffff9d]!tK[0xffffff86]F[0xffffffb0]/W[0x1a]A[0xffffffc6][0xffffffaf][0xffffffa4][0xffffffc6][0xfffffff1][0xfffffff6]O9n7[0xffffffb5]ms[0xffffffcd][0xffffff95][0x1e][0x1a][0xffffff9f][0xffffffe7][0xffffffa1]2[0xffffffe3][0xffffffcb][0x9][0xffffffb0][0xffffffc8][0xffffffd8][0xffffffce][0xffffff90][0xffffff9c][0x18]_[0xffffff9e][0xffffff9e][0x1c][0x18][0xffffffbf]~2[0xffffff9c][0x17]OQL[0xffffff8e][0xffffff8b][0x1f][0x0][0xffffff99][0xffffff9c][0x16]O[0xffffffb1]L[0xc][0xffffff8b]'p[0xffffffa6]e[0xffffffc5][0x13]D-[0xffffffa2][0xffffffe2][0xffffffb9]<[0xffffffa1][0xffffffa4][0xfffffff8][0xffffff91]K[0xffffffa1][0xffffffa0]x[0xffffffae]V '[0xffffff9e][0xffffff99]6=&[0xffffff9e][0xffffff89][0xfffffff7]BJ[0x1c]"%[0xffffffe6]q[0xffffffe6][0x7f][0xffffffdb][0xffffffee][0xfffffff3]<pJ[0x1c][0x6])qD[0xffffffde][0x13][0x1]?[0xffffffb0][0xffffff94]8[0xffffff9c]R"[0xffffffa2][0xffffffc8][0xffffffa4][0xffffff84][0x2][0xffffff92]I[0xffffff89][0xffffff88]e~J[0xffffffec]pf[0xffffffa7][0xffffffc4][0xffffff8e][0xffffffa8]SJ[0x8]y[0xffffffb2])!][0xffffffca][0xffffffa6][0xffffff84]P+[0xffffff97][0x12][0xffffffc1][0xffffffb4]TJ[0x4][0xfffffff1]^H[0xffffff89][0xffffffa2]R[0xffffffa2][0xffffffaf][0xfffffffc]O7~[0xffffff9e][0x7]N[0xffffff89]b[0xffffff90][0x12]%[0xfffffff2][0xffffff9e][0x8]x[0xffffffc1]R[0xffffffa2]8[0xffffffa5]DD[0xffffff91]I[0x9][0x5]$[0xffffff93][0x12][0x11][0xffffffcb][0xfffffffc][0xffffff94][0xffffffd8][0xffffffe1][0xffffffcc]N[0xffffff89][0x1d]Q[0xffffffa7][0xffffff94][0x10][0xfffffff2]dSB[0xffffffba][0xffffff94]M[0x9][0xffffffa1]V.%[0xffffff82]i[0xffffffa9][0xffffff94][0x8][0xffffffe2][0xffffffbd][0xffffff90][0x12]U[0xffffffa5][0xffffffc4]9[0xfffffff3]oR|[0xffffff9e][0x7]N[0xffffff89]j[0xffffff90][0x12]5[0xfffffff2][0xffffff9e][0x8]x[0xffffffc5]R[0xffffffa2]:[0xffffffa5]DD[0xffffff91]I[0x9][0x5]$[0xffffff93][0x12][0x11][0xffffffcb][0xfffffffc][0xffffff94][0xffffffd8][0xffffffe1][0xffffffcc]N[0xffffff89][0x1d]Q[0xffffffa7][0xffffff94][0x10][0xfffffff2]dSB[0xffffffba][0xffffff94]M[0x9][0xffffffa1]V.%[0xffffff82]i[0xffffffa9][0xffffff94][0x8][0xffffffe2][0xffffffbd][0xffffff94][0x12][0xffffffd5],%*[0xffffff9e][0x12][0xffffffd5] %*[0xffffff9a][0x12][0x15]K[0xffffff89][0xffffffea][0xffffff94][0x12];[0xffffff8a]TJD [0xffffffa9][0xffffff94][0xffffffd8][0xffffffb1]$R[0xffffffa2][0xffffffc2])Q[0xffffff8d]S"[0xffffffc8][0xffffff93]N[0x9][0xffffffe1]R:%[0xffffff82]Z[0xffffffc9][0xffffff94][0xffffffa8].)Q[0x7f]:%[0xffffff9a]x+[0xffffffb1]J[0xffffffaf]TJ4[0xfffffffc][0xffffffad]D3x+[0xffffffd1]b:'[0x2][0xffffffde][0xffffffb0][0xffffffb7][0x12][0xffffffcd][0xffffffe9][0xffffffad]DD[0xffffff91]I[0x9][0x5]$[0xffffff93][0x12][0x11][0xffffffcb][0xfffffffc][0xffffff94][0xffffffd8][0xffffffe1][0xffffffcc]N[0xffffff89][0x1d]Q[0xffffffa7][0xffffff94][0x10][0xfffffff2]dSB[0xffffffba][0xffffff94]M[0x9][0xffffffa1]V.%[0xffffff82]i[0xffffffa9][0xffffff94][0x8][0xffffffe2][0xffffffbd][0xffffff90][0x12]][0xffffffa5]Dk[0x7][0xffffff95][0x12][0x1d]O[0xffffff89]n[0xffffff90][0x12]=[0xfffffff2][0xffffff9e][0x8]x[0xffffffc7]R[0xffffffa2];[0xffffffa5]DD[0xffffff91]I[0x9][0x5]$[0xffffff93][0x12][0x11][0xffffffcb][0xfffffffc][0xffffff94][0xffffffd8][0xffffffe1][0xffffffcc]N[0xffffff89][0x1d]Q[0xffffffa7][0xffffff94][0x10][0xfffffff2]dSB[0xffffffba][0xffffff94]M[0x9][0xffffffa1]V.%[0xffffff82]i[0xffffffa9][0xffffff94][0x8][0xffffffe2][0xffffffbd][0xffffff94][0x12][0xffffffc5],%[0xffffffb0]][0xffffff99]_N[0xffffffc0][0xffffffa7][0x4][0xffffffb2])[0xfffffff3][0xffffffcb][0xffffffd3][0xffffffa9][0xffffff94]p[0xffffffd8][0xffffff93][0xfffffff9][0x14]E*%[0xfffffff0]-[0xffffff99]O[0xffffffb1]$R[0x2][0xffffffda][0xffffff91][0xfffffff9][0x4]Q[0xffffffaf][0xffffff94]p[0xffffffd9][0xffffff90][0xfffffff9]#[0xffffff97][0xffffffd2])[0xffffffe1][0xffffffb0][0x1f][0xfffffff3][0xffffff99]i[0xffffffb9][0xffffff94][0xfffffff8][0xffffff89][0xffffffed][0xffffff98][0x1f][0xffffffff][0xffffff8c][0xffffffa1][0xffffffde]J[0xffffffcc]vR)1[0xfffffff0][0xffffffb7][0x12][0xffffffc3][0xffffffe0][0xffffffad][0xffffffc4][0xffffff88][0xffffffe9][0xffffff9c][0x8][0xfffffff8][0xffffffc0][0xffffffde]J[0xc][0xffffffa7][0xffffffb7][0x12][0x11]E&%[0x14][0xffffff90]LJD,[0xfffffff3]Sb[0xffffff87]3;%vD[0xffffff9d]RB[0xffffffc8][0xffffff93]M[0x9][0xffffffe9]R6%[0xffffff84]Z[0xffffffb9][0xffffff94][0x8][0xffffffa6][0xffffffa5]R"[0xffffff88][0xfffffff7]BJ[0xffffff9c]*%[0xffffffd6][0xffffff81][0xffffffbd][0xffffff95]8[0xfffffff1][0xffffff94]8[\r]R[0xffffffe2][0xffffff8c][0xffffffbc]'[0x2]~b)q:[0xffffffa5]DD[0xffffff91]I[0x9][0x5]$[0xffffff93][0x12][0x11][0xffffffcb][0xfffffffc][0xffffff94][0xffffffd8][0xffffffe1][0xffffffcc]N[0xffffff89][0x1d]Q[0xffffffa7][0xffffff94][0x10][0xfffffff2]dSB[0xffffffba][0xffffff94]M[0x9][0xffffffa1]V.%[0xffffff82]i[0xffffffa9][0xffffff94][0x8][0xffffffe2][0xffffffbd][0xffffff90][0x12]S[0xffffffa6][0xffffffc4][0xffffffc0][0xffffffb6]]N<%[0xffffffa6]AJ[0xffffffcc][0xffffffc8]{"[0xffffffe0][0x13]K[0xffffff89][0xffffffe9][0xffffff94][0x12][0x11]E&%[0x14][0xffffff90]LJD,[0xfffffff3]Sb[0xffffff87]3;%vD[0xffffff9d]RB[0xffffffc8][0xffffff93]M[0x9][0xffffffe9]R6%[0xffffff84]Z[0xffffffb9][0xffffff94][0x8][0xffffffa6][0xffffffa5]R"[0xffffff88][0xfffffff7]BJ[0xffffffac][0xffffff98][0x12][0xffffffe5]v[0xffffffe3][0xffffffde]J,<%[0xffffff96]AJ[0xffffffac][0xffffffc8]{"[0xffffffe0][0xb]K[0xffffff89][0xffffffe5][0xffffff94][0x12][0x11]E&%[0x14][0xffffff90]LJD,[0xfffffff3]Sb[0xffffff87]3;%vD[0xffffff9d]RB[0xffffffc8][0xffffff93]M[0x9][0xffffffe9]R6%[0xffffff84]Z[0xffffffb9][0xffffff94][0x8][0xffffffa6][0xffffffa5]R"[0xffffff88][0xfffffff7][0xfffffff5][0xffffff94]8[0xe][0xffffff95][0x12][0xffffffa5]R{%[0xffffffde][0xffffffce][0xffffffc3][0xffffffa6][0xffffffc4][0xffffffe3][0x4]pJ|?[0x3][0xffffff92][0x12][0xffffff8f][0xffffffa7]#)[0xfffffff1][0xffffffed][0xffffffc9][0x16])!PDRB[0x2][0xffffff89][0xffffffa4][0xffffff84][0xffffffc0]2=%[0x2][0xffffff9c][0xffffffc9])[0x11][0x10]5J[0x9]%O4%[0xffffffb4]K[0xffffffd1][0xffffff94]Pj[0xffffffc5]R"[0xffffff9a][0x16]J[0xffffff89]([0xffffffde][0xb])![0xfffffff6]J[0xffffff94][0xffffffdb][0xffffffba]5*%[0xfffffff0][0xffffffbd][0x12][0xffffff87][0xffffffc1]^[0xffffff89]C[0xc]?'[0x2][0xffffff8e][0xffffffed][0xffffff95]8[0xffffffc2]x3[0xffffff99][0x12]&{%$[0xffffff90]LJ[0x18][0xffffffec][0xffffff95][0x8]pf[0xffffffa7][0xffffff84][0xfffffff1]^[0x9]%O6%[0xfffffffc][0xfffffff6]J([0xffffffb5]r)[0xffffffe1][0xffffffb2]W"[0xffffff8a][0xfffffff7]BJ[0xffffff88]a[0xffffffd0]r[0xffffff94][0xffffffd5][0xffffffa9][0xffffff94][0xffffffc0][0xffffff87]A[0xf][0xffffff83]a[0xffffffd0]CL,%[0x2][0xffffff8e][\r][0xffffff83][0x1e]a&[0xffffff89]L[0x9][0xffffff93]aP[0x9]$[0xffffff93][0x12][0x6][0xffffffc3][0xffffffa0][0x1][0xffffffce][0xffffffec][0xffffff94]0[0x1e][0x6]U[0xfffffff2]dS[0xffffffc2]o[0x18]T[0xffffffa9][0xffffff95]K[0x9][0xffffff97]a[0xffffffd0]([0xffffffde][0xb])[0xffffffa1][0xffffffee]J[0xffffff94]1[0xffffffa9]/[0xffffff83][0x1e][0xfffffff8]][0xffffff89][0xffffffc3][0xffffffe0][0xffffffae][0xffffffc4]!~[0xffffffd0]K[0x4][0x1c][0xffffffbb]+q[0xffffff84][0xffffff9f][0xffffffec][0xffffffc8][0xffffff94]0[0xffffffb9]+![0xffffff81]dR[0xffffffc2][0xffffffe0][0xffffffae]D[0xffffff80]3;%[0xffffff8c][0xffffffef]J(y[0xffffffb2])[0xffffffe1]wWB[0xffffffa9][0xffffff95]K[0x9][0xffffff97][0xffffffbb][0x12]Q[0xffffffbc][0xffffffaf][0xffffffa7]D[0xffffffb9][0xffffffa9][0xffffff94]X7[0xffffffea][0xffffffae][0xffffffc4][0xffffffdb]y[0xffffffd8][0xffffff94](7[0xffffff85][0x7f].[0xffffffef][0xffffffdf][0xffffffcf][0xffffff80][0xffffffa4]D[0xffffffb9]Q)[0xfffffff1][0xffffffed][0xffffffc9][0x16])!PDRB[0x2][0xffffff89][0xffffffa4][0xffffff84][0xffffffc0]2=%[0x2][0xffffff9c][0xffffffc9])[0x11][0x10]5J[0x9]%O4%[0xffffffb4]K[0xffffffd1][0xffffff94]Pj[0xffffffc5]R"[0xffffff9a][0x16]J[0xffffff89]([0xffffffde][0xb])!>2^j-7*%[0xfffffff0][0xffffff8f][0xffffff8c][0x17][0xffffff83][0xffffff8f][0xffffff8c][0x17][0xfffffff1]%[0xffffffdc]D[0xffffffc0][0xffffffb1][0xffffff8f][0xffffff8c][0xffffff97][0xfffffff0][0xffffffad][2%L>2.[0xffffff81]dR[0xffffffc2][0xffffffe0]#[0xffffffe3][0x1][0xffffffce][0xffffffec][0xffffff94]0[0xfffffffe][0xffffffc8][0xffffffb8][0xffffff92]'[0xffffff9b][0x12]~[0x1f][0x19]Wj[0xffffffe5]R[0xffffffc2][0xffffffe5]#[0xffffffe3]Q[0xffffffbc][0x17]RB|d[0xfffffffc][0xffffff9e][0x12][0xffffffd8][0xffffffe7][0xffffffbc][\n]"
18:17:44.645 [TestNG-tests-2] DEBUG org.apache.hc.client5.http.wire - http-outgoing-2 << "[0xfffffffe][0xffffff91][0xfffffff1]b[0xfffffff0][0xffffff91][0xfffffff1]"[0xffffffbe][0xffffff84][0xffffff9b][0x8]8[0xfffffff6][0xffffff91][0xfffffff1][0x12][0xffffffbe]uK[0xffffffa6][0xffffff84][0xffffffc9]G[0xffffffc6]%[0xffffff90]LJ[0x18]|d<[0xffffffc0][0xffffff99][0xffffff9d][0x12][0xffffffc6][0x1f][0x19]W[0xfffffff2]dS[0xffffffc2][0xffffffef]#[0xffffffe3]J[0xffffffad]\J[0xffffffb8]|d<[0xffffff8a][0xfffffff7]BJ[0xffffffa8][0x9][0xffffff8e]Z'[0xfffffff6]V[0x2][0xffffff9f][0xffffffe0]([0x6][0x13][0x1c]E\3N[0x4][0x1c][0xffffff9b][0xffffffe0]([0xffffffe1]"1[0xffffff99][0x12]&[0x13][0x1c][0x12]H&%[0xc]&"
18:17:44.647 [TestNG-tests-2] DEBUG org.apache.hc.client5.http.wire - http-outgoing-2 << "8[0x2][0xffffff9c][0xffffffd9])a<[0xffffffc1][0xffffffa1][0xffffffe4][0xffffffc9][0xffffffa6][0xffffff84][0xffffffdf][0x4][0xffffff87]R+[0xffffff97][0x12].[0x13][0x1c]Q[0xffffffbc][0x17]RB|[0x19][0xffffffb4][0xffffffd4]V[0xffffffa9]op[0x14][0xfffffffc][0xffffffcb][0xffffffa0][0xffffffc5][0xffffffe0][0xffffffcb][0xffffffa0]E|[0xffffffbe].[0x11]p[0xffffffec][0xffffffcb][0xffffffa0]%|[0xffffffa0][0xffffff8e]L[0x9][0xffffff93]/[0xffffff83]J [0xffffff99][0xffffff94]0[0xfffffff8]2h[0xffffff80]3;%[0xffffff8c][0xffffffbf][0xc][0xffffffaa][0xffffffe4][0xffffffc9][0xffffffa6][0xffffff84][0xffffffdf][0xffffff97]A[0xffffff95]Z[0xffffffb9][0xffffff94]p[0xfffffff9]2h[0x14][0xffffffef][0xffffff85][0xffffff94][0x10][0xffffff9f][0xfffffff3]*[0xffffffb5]/j[0xffffff82][0xffffffa3][0xffffffe0][0xffffff9f][0xfffffff3]*[0x6][0xffffff9f][0xfffffff3]*[0xffffffe2][0xffffff9b]3[0xffffff89][0xffffff80]c[0xffffff9f][0xfffffff3]*[0xffffffe1][0xffffffab]2dJ[0xffffff98]|[0xffffffce]K[0x2][0xffffffc9][0xffffffa4][0xffffff84][0xffffffc1][0xffffffe7][0xffffffbc][0x2][0xffffff9c][0xffffffd9])a[0xfffffffc]9/%O6%[0xfffffffc]>[0xffffffe7][0xffffffa5][0xffffffd4][0xffffffca][0xffffffa5][0xffffff84][0xffffffcb][0xffffffe7][0xffffffbc][0xffffffa2]x/[0xffffffa4][0xffffff84][0xfffffff8][0xffffff9c]Wi[0xffffffb7]N[0xffffffed][0xffffff95]([0xfffffff8][0xffffffe7][0xffffffbc][0xffffff8a][0xffffffc1][0xffffffe7][0xffffffbc][0xffffff8a][0xfffffff8][0xffffffe6]L"[0xffffffe0][0xffffffd8][0xffffffe7][0xffffffbc]J[0xfffffff8][0xffffffaa][0xc][0xffffff99][0x12]&[0xffffff9f][0xfffffff3][0xffffff92]@2)a[0xfffffff0]9[0xffffffaf][0x0]gvJ[0x18][0x7f][0xffffffce]K[0xffffffc9][0xffffff93]M[0x9][0xffffffbf][0xffffffcf]y)[0xffffffb5]r)[0xffffffe1][0xfffffff2]9[0xffffffaf]([0xffffffde][0xb])!>[0xffffffe7]UZ9[0x1b][0xffffff95][0x12][0xfffffff8][0xffffffe7][0xffffffbc][0xffffff8a][0xffffffc1][0xffffffe7][0xffffffbc][0xffffff8a][0xfffffff8][0xffffffe6]L"[0xffffffe0][0xffffffd8][0xffffffe7][0xffffffbc]J[0xfffffff8][0xffffffaa][0xc][0xffffff99][0x12]&[0xffffff9f][0xfffffff3][0xffffff92]@2)a[0xfffffff0]9[0xffffffaf][0x0]gvJ[0x18][0x7f][0xffffffce]K[0xffffffc9][0xffffff93]M[0x9][0xffffffbf][0xffffffcf]y)[0xffffffb5]r)[0xffffffe1][0xfffffff2]9[0xffffffaf]([0xffffffde]K)[0x11][0xffffffb7]][0xffffffb2])[0x1]o[0xffffffbb]|[0xffffff9c][0xffffff80]O[0x9]p[0xffffffdb][0xffffffe5][0xffffffe3][0xffffffe9]TJ[0xfffffff8]l[0xffffffbb][0x14](R)a[0xffffffb2][0xffffffed]R`I[0xffffffa4][0x4][0xffffffba][0xffffffed]2 [0xffffffea][0xffffff95][0x12]^[0xffffffdb].[0xffffffb5]K[0xffffffe9][0xffffff94][0xfffffff0][0xffffffd9]v[0x19]M[0xffffffcb][0xffffffa5][0xffffffc4]Oo[0xffffffbb],j[0xffffffdb]e;o[0xffffffd4][0xffffff97]A[0xb][0xffffffbe][0xffffffed][0xffffffb2][0x18]l[0xffffffbb],b%["[0xffffffe0][0xffffffd8][0xffffffb6][0xffffffcb][0x12][0xffffff96][0xffffffae][0xffffff91])a[0xffffffb2][0xffffffed]R[0x2][0xffffffc9][0xffffffa4][0xffffff84][0xffffffc1][0xffffffb6][0xffffffcb][0x0]gvJ[0x18]o[0xffffffbb]T[0xfffffff2]dS[0xffffffc2]o[0xffffffdb][0xffffffa5]R+[0xffffff97][0x12].[0xffffffdb].[0xffffffa3]x_O[0xffffff89][0xffffffaa][0xffffffb6]]6n[0xffffffdb]e[0xffffffc5][0xffffffb7]]V[0xffffff83]m[0xffffff97]U[0xffffffac]d[0xffffffcb][0x3][0xffffffbc]b[0xffffffdb].kX[0xffffffba][0x6][0xffffffa6][0xffffff84]@[0x11]I[0x9][0x9]$[0xffffff92][0x12][0x2][0xffffffcb][0xfffffff4][0xffffff94][0x8]p&[0xffffffa7]D@[0xffffffd4](%[0xffffff94]<[0xffffffd1][0xffffff94][0xffffffd0].ESB[0xffffffa9][0x15]K[0xffffff89]hZ(%[0xffffffa2]x/[0xffffffa4][0xffffff84]ZQ[0xffffffd5][0xffffffe7][0xffffffa0][0xffffff86]A+[0xffffffbe][0xffffffa2][0xffffffaa][0x1a][0xffffffac][0xffffffa8][0xffffffaa]b[0xffffff8f]J"[0xffffffe0][0xffffffd8][0xffffff8a][0xffffffaa][0x1a]6[0xffffffa5][0xffffff90])a[0xffffffb2][0xffffffa2]J[0x2][0xffffffc9][0xffffffa4][0xffffff84][0xffffffc1][0xffffff8a][0xffffffaa][0x0]gvJ[0x18][0xffffffaf][0xffffffa8]R[0xfffffff2]dS[0xffffffc2]oE[0xffffff95]R+[0xffffff97][0x12].+[0xffffffaa][0xffffffa2]x/[0xffffffa4][0xffffff84]ZQ5n'[0xfffffff6]V[0x2]_QU[\r]VTU[0xffffffb1]G%[0x11]plEU[\r][0xffffff9b]R[0xffffffc8][0xffffff94]0YQ%[0xffffff81]dR[0xffffffc2]`EU[0xffffff80]3;%[0xffffff8c]WT)y[0xffffffb2])[0xffffffe1][0xffffffb7][0xffffffa2]J[0xffffffa9][0xffffff95]K[0x9][0xffffff97][0x15]UQ[0xffffffbc][0x17]RB[0xffffffed][0xffffff95][0x18][0x1d][QU[0xfffffff1][0xffffffbd][0x12][0xffffffd5]`[0xffffffaf]D[0x15][0xffffffc3][0xffffffcf][0xffffff89][0xffffff80]c{%j[0x18]o&S[0xffffffc2]d[0xffffffaf][0xffffff84][0x4][0xffffff92]I[0x9][0xffffff83][0xffffffbd][0x12][0x1][0xffffffce][0xffffffec][0xffffff94]0[0xffffffde]+[0xffffffa1][0xffffffe4][0xffffffc9][0xffffffa6][0xffffff84][0xffffffdf]^[0x9][0xffffffa5]V.%\[0xfffffff6]JD[0xfffffff1]^H[0x9][0xffffffb5]Wb[0xffffff8c][0xffffffd6][0xffffffa8][0xffffff94][0xffffffc0][0xfffffff7]JT[0xffffff83][0xffffffbd][0x12]U[0xc]?'[0x2][0xffffff8e][0xffffffed][0xffffff95][0xffffffa8]a[0xffffffbc][0xffffff99]L[0x9][0xffffff93][0xffffffbd][0x12][0x12]H&%[0xc][0xfffffff6]J[0x4]8[0xffffffb3]S[0xffffffc2]x[0xffffffaf][0xffffff84][0xffffff92]'[0xffffff9b][0x12]~{%[0xffffff94]Z[0xffffffb9][0xffffff94]p[0xffffffd9]+[0x11][0xffffffc5]{!%[0xffffffd4][0x4][0xffffffc7]yL[0xffffffea]s^[0x15][0xffffff9f][0xffffffe0][0xffffffa8][0x6][0x13][0x1c]U\3N[0x4][0x1c][0xffffff9b][0xffffffe0][0xffffffa8][0xffffffe1]"1[0xffffff99][0x12]&[0x13][0x1c][0x12]H&%[0xc]&8[0x2][0xffffff9c][0xffffffd9])a<[0xffffffc1][0xffffffa1][0xffffffe4][0xffffffc9][0xffffffa6][0xffffff84][0xffffffdf][0x4][0xffffff87]R+[0xffffff97][0x12].[0x13][0x1c]Q[0xffffffbc][0xffffffaf][0xffffffa7]DS[0x13][0x1c]g[0xffffffed][0x3]J[0xffffff89][0xffffff86]Op4[0xffffff83][0x9][0xffffff8e]&[0xffffffae][0x19][0xffffffe7][0x1][0xffffffde][0xffffffb0][0x9][0xffffff8e][0x16].[0x12][0xffffff83])!PDRB[0x2][0xffffff89][0xffffffa4][0xffffff84][0xffffffc0]2=%[0x2][0xffffff9c][0xffffffc9])[0x11][0x10]5J[0x9]%O4%[0xffffffb4]K[0xffffffd1][0xffffff94]Pj[0xffffffc5]R"[0xffffff9a][0x16]J[0xffffff89]([0xffffffde][0xb])q[0xffffffa8][0xffffff94]8;[0xfffffff5][\r][0xffffff8e][0xffffffb7][0xfffffff3][0xffffffc0])q[0x18][0xffffffa4][0xffffffc4][0x11]yO[0x4][0xfffffffc][0xffffffc0]R[0xffffffe2]pJ[0xffffff89][0xffffff88]"[0xffffff93][0x12][\n]"
18:17:44.647 [TestNG-tests-2] DEBUG org.apache.hc.client5.http.wire - http-outgoing-2 << "H&%"[0xffffff96][0xfffffff9])[0xffffffb1][0xffffffc3][0xffffff99][0xffffff9d][0x12];[0xffffffa2]N)![0xffffffe4][0xffffffc9][0xffffffa6][0xffffff84]t)[0xffffff9b][0x12]B[0xffffffad]\J[0x4][0xffffffd3]R)[0x11][0xffffffc4]{!%[0xffffff8a]J[0xffffff89][0xffffffd5][0x17][0xffffff95][0x12][0x5]O[0xffffff89]b[0xffffff90][0x12]%[0xfffffff2][0xffffff9e][0x8]x[0xffffffc1]R[0xffffffa2]8[0xffffffa5]DD[0xffffff91]I[0x9][0x5]$[0xffffff93][0x12][0x11][0xffffffcb][0xfffffffc][0xffffff94][0xffffffd8][0xffffffe1][0xffffffcc]N[0xffffff89][0x1d]Q[0xffffffa7][0xffffff94][0x10][0xfffffff2]dSB[0xffffffba][0xffffff94]M[0x9][0xffffffa1]V.%[0xffffff82]i[0xffffffa9][0xffffff94][0x8][0xffffffe2][0xffffffbd][0xffffff90][0x12]j[0xffffffaf][0xffffffc4],[0xffffff9d][0x1a][0x6]m[0xfffffff8]^[0xffffff89]f[0xffffffb0]W[0xffffffa2][0xffffff89][0xffffffe1][0xffffffe7]D[0xffffffc0][0xffffffb1][0xffffffbd][0x12]-[0xffffff8c]7[0xffffff93])a[0xffffffb2]WB[0x2][0xffffffc9][0xffffffa4][0xffffff84][0xffffffc1]^[0xffffff89][0x0]gvJ[0x18][0xffffffef][0xffffff95]P[0xfffffff2]dS[0xffffffc2]o[0xffffffaf][0xffffff84]R+[0xffffff97][0x12].{%[0xffffffa2]x/[0xffffffa4][0xffffff84][0xffffffda]+1[[0xffffffa3][0x16]g7|[0xffffffaf]D3[0xffffffd8]+[0xffffffd1][0xffffffc4][0xfffffff0]s"[0xffffffe0][0xffffffd8]^[0xffffff89][0x16][0xffffffc6][0xffffff9b][0xffffffc9][0xffffff94]0[0xffffffd9]+![0xffffff81]dR[0xffffffc2]`[0xffffffaf]D[0xffffff80]3;%[0xffffff8c][0xfffffff7]J(y[0xffffffb2])[0xffffffe1][0xffffffb7]WB[0xffffffa9][0xffffff95]K[0x9][0xffffff97][0xffffffbd][0x12]Q[0xffffffbc][0x17]R[0xffffffa2][0xffffffab][0xffffff94][0x18][0x15]{+[0xffffffd1][0xfffffff1][0xffffff94][0xffffffe8][0x6])[0xffffffd1]#[0xffffffef][0xffffff89][0xffffff80]w,%[0xffffffba]SJD[0x14][0xffffff99][0xffffff94]P@2)[0x11][0xffffffb1][0xffffffcc]O[0xffffff89][0x1d][0xffffffce][0xffffffec][0xffffff94][0xffffffd8][0x11]uJ[0x9]!O6%[0xffffffa4]K[0xffffffd9][0xffffff94][0x10]j[0xffffffe5]R"[0xffffff98][0xffffff96]J[0xffffff89] [0xffffffde][0xb])[0xffffffa1]VT[0xffffffcd][0xfffffff3][0xffffffec]TJ[0xffffffe0]+[0xffffffaa][0xffffff9a][0xffffffc1][0xffffff8a][0xffffffaa]&[0xfffffff6][0xffffffa8]$[0x2][0xffffff8e][0xffffffad][0xffffffa8]jaS[\n]"
18:17:44.647 [TestNG-tests-2] DEBUG org.apache.hc.client5.http.wire - http-outgoing-2 << "[0xffffff99][0x12]&+[0xffffffaa]$[0xffffff90]LJ[0x18][0xffffffac][0xffffffa8][\n]"
18:17:44.647 [TestNG-tests-2] DEBUG org.apache.hc.client5.http.wire - http-outgoing-2 << "pf[0xffffffa7][0xffffff84][0xfffffff1][0xffffff8a]*%O6%[0xfffffffc]VT)[0xffffffb5]r)[0xffffffe1][0xffffffb2][0xffffffa2]*[0xffffff8a][0xfffffff7]BJ[0xffffffa8][0x15]Us[0x1d][0xffffffd8][[0x9]|EU3XQ[0xffffffd5][0xffffffc4][0x1e][0xffffff95]D[0xffffffc0][0xffffffb1][0x15]U-lJ!S[0xffffffc2]dE[0xffffff95][0x4][0xffffff92]I[0x9][0xffffff83][0x15]U[0x1][0xffffffce][0xffffffec][0xffffff94]0^Q[0xffffffa5][0xffffffe4][0xffffffc9][0xffffffa6][0xffffff84][0xffffffdf][0xffffff8a]*[0xffffffa5]V.%\VTE[0xfffffff1]^H[0xffffff89])S[0xffffffe2]qL$"
18:17:44.647 [TestNG-tests-2] DEBUG org.apache.hc.client5.http.wire - http-outgoing-2 << "%&[0xffffff9e][0x12][0xffffffd3] %f[0xffffffe4]=[0x11][0xfffffff0][0xffffff89][0xffffffa5][0xffffffc4]tJ[0xffffff89][0xffffff88]"[0xffffff93][0x12][\n]"
18:17:44.647 [TestNG-tests-2] DEBUG org.apache.hc.client5.http.wire - http-outgoing-2 << "H&%"[0xffffff96][0xfffffff9])[0xffffffb1][0xffffffc3][0xffffff99][0xffffff9d][0x12];[0xffffffa2]N)![0xffffffe4][0xffffffc9][0xffffffa6][0xffffff84]t)[0xffffff9b][0x12]B[0xffffffad]\J[0x4][0xffffffd3]R)[0x11][0xffffffc4][0xfffffffb]zJt[0xffffffb5][0xffffffa2]j[0xffffffdd][0xffffffce][0x1b][0xffffff94][0x12][0x1d]_Q[0xffffffd5][\r]VTu[0xffffffb1]G%[0xf][0xfffffff0][0xffffff8e][0xffffffad][0xffffffa8][0xffffffea]aS[\n]"
18:17:44.647 [TestNG-tests-2] DEBUG org.apache.hc.client5.http.wire - http-outgoing-2 << "[0xffffff98][0x12][0x2]E$%$[0xffffff90]HJ[0x8],[0xffffffd3]S"[0xffffffc0][0xffffff99][0xffffff9c][0x12][0x1]Q[0xffffffa3][0xffffff94]P[0xfffffff2]DSB[0xffffffbb][0x14]M[0x9][0xffffffa5]V,%[0xffffffa2]i[0xffffffa1][0xffffff94][0xffffff88][0xffffffe2][0xffffffbd][0xffffff90][0x12]j[0xffffffaf][0xffffffc4][0xffffffaa]7[0xffffffea]s^[0x1d][0xffffffdf]+[0xffffffd1][\r][0xfffffff6]Jt1[0xfffffffc][0xffffff9c][0x8]8[0xffffffb6]W[0xffffffa2][0xffffff87][0xfffffff1]f2%L[0xfffffff6]JH [0xffffff99][0xffffff94]0[0xffffffd8]+[0x11][0xffffffe0][0xffffffcc]N[0x9][0xffffffe3][0xffffffbd][0x12]J[0xffffff9e]lJ[0xfffffff8][0xffffffed][0xffffff95]Pj[0xffffffe5]R[0xffffffc2]e[0xffffffaf]D[0x14][0xffffffef][0xffffff85][0xffffff94]P[0xffffffc3][0xffffffa0]k[0xffffff9e][0xffffffd4]0h[0xffffffc7][0xffffff87]A[0xffffffbb][0xffffffc1]0h[0x17][0x13]K[0xffffff89][0xffffff80]c[0xffffffc3][0xffffffa0]=[0xffffffcc]$[0xffffff91])a2[0xc]*[0xffffff81]dR[0xffffffc2]`[0x18]4[0xffffffc0][0xffffff99][0xffffff9d][0x12][0xffffffc6][0xffffffc3][0xffffffa0]J[0xffffff9e]lJ[0xfffffff8][\r][0xffffff83]*[0xffffffb5]r)[0xffffffe1]2[0xc][0x1a][0xffffffc5]{!%[0xffffffc4][0x4]G[0xffffffbd][0xfffffff5][0x1b][0xffffff96][0x12][0xfffffff8][0x4]G7[0xffffff98][0xffffffe0][0xffffffe8][0xffffffe2][0xffffff9a]q"[0xffffffe0][0xffffffd8][0x4]G[0xf][0x17][0xffffff89][0xffffffc9][0xffffff94]0[0xffffff99][0xffffffe0][0xffffff90]@2)a0[0xffffffc1][0x11][0xffffffe0][0xffffffcc]N[0x9][0xffffffe3][0x9][0xe]%O6%[0xfffffffc]&8[0xffffff94]Z[0xffffffb9][0xffffff94]p[0xffffff99][0xffffffe0][0xffffff88][0xffffffe2][0xffffffbd][0xffffff94][0x12][0xffffffc5],%[\n]"
18:17:44.648 [TestNG-tests-2] DEBUG org.apache.hc.client5.http.wire - http-outgoing-2 << "[0xffffff9e][0x12][0xffffffc5] %[\n]"
18:17:44.648 [TestNG-tests-2] DEBUG org.apache.hc.client5.http.wire - http-outgoing-2 << "[0xffffff9a][0x12][0x5]K[0xffffff89][0xffffffe2][0xffffff94][0x12];[0xffffff8a]TJD [0xffffffa9][0xffffff94][0xffffffd8][0xffffffb1]$R[0xffffffa2][0xffffffc0])Q[0xffffff8c]S"[0xffffffc8][0xffffff93]N[0x9][0xffffffe1]R:%[0xffffff82]Z[0xffffffc9][0xffffff94](.)Q~6%[0xffffff86]z+Q[0xffffffc6][0xffffffa2][0xfffffff6]J[0xc][0xfffffffc][0xffffffad][0xffffffc4]0x+1D:[0xffffffe7][0x1]>[0xffffffb0][0xffffffb7][0x12]#[0xffffffc4]1[0xffffff98][0x12][0x2]E$%$[0xffffff90]HJ[0x8],[0xffffffd3]S"[0xffffffc0][0xffffff99][0xffffff9c][0x12][0x1]Q[0xffffffa3][0xffffff94]P[0xfffffff2]DSB[0xffffffbb][0x14]M[0x9][0xffffffa5]V,%[0xffffffa2]i[0xffffffa1][0xffffff94][0xffffff88][0xffffffe2][0xffffffbd][0xffffff90][0x12]b[0xffffffaf]D[0xffffffad][0x7]v[0xffffffed]r[0xffffffe0]{%[0xffffff86][0xffffffc1]^[0xffffff89]![0xffffff86][0xffffff9f][0x13][0x1][0xffffffc7][0xfffffff6]J[0xffffff8c]0[0xffffffde]L[0xffffffa6][0xffffff84][0xffffffc9]^[0x9][0x9]$[0xffffff93][0x12][0x6]{%[0x2][0xffffff9c][0xffffffd9])a[0xffffffbc]WB[0xffffffc9][0xffffff93]M[0x9][0xffffffbf][0xffffffbd][0x12]J[0xffffffad]\J[0xffffffb8][0xffffffec][0xffffff95][0xffffff88][0xffffffe2][0xffffffbd][0xffffff94][0x12][0xfffffff1][0x7][0xe]6%[0xffffffe0][0x1f]8[0x1e]'[0xffffffe0]S[0x2][0xfffffffc][0xffffff81][0xffffffe3][0xfffffff1]t*%|~[0xffffffe0][0x10](R)a[0xfffffff2][0x3][0xffffff87][0xffffffc0][0xffffff92]H[0x9][0xfffffff4][0x7][0xffffff8e][0xffffff80][0xffffffa8]WJx[0xfffffffd][0xffffffc0][0xffffffa1]]J[0xffffffa7][0xffffff84][0xffffffcf][0xf][0x1c][0xffffffd1][0xffffffb4]\J[0xfffffffc][0xfffffffc][0xf][0x1c][0xffffffe7]/[0xffffffd3],%&[0xffffff9e][0x12][0xffffffd3] %&[0xffffff9a][0x12][0x13]K[0xffffff89][0xffffffe9][0xffffff94][0x12];[0xffffff8a]TJD [0xffffffa9][0xffffff94][0xffffffd8][0xffffffb1]$Rb[0xffffffc2])1[0xffffff8d]S"[0xffffffc8][0xffffff93]N[0x9][0xffffffe1]R:%[0xffffff82]Z[0xffffffc9][0xffffff94][0xffffff98].)1[0xffffffff][0xe])q[0xc][0xffffffb3][0xffffff96]8[0x6][0x1e][0x13][0xfffffff7]#[0xfffffff0]5[0xfffffff1]q[0x8]*'[0xffffffee][0xffffff8f][0xffffffa7]z[0xffffffe2][0xfffffffd][0xffffffd1].A[0x11]x[0xffffffa4][0xffffff8a]BPI%E`[0xffffff93]h[0xffffff8a][0xffffff8d][0xffffffd0][0xfffffffc][0xffffffa8][0xffffffd8]8[0xfffffff5][0xffffffaa][0xffffff8a][0xffffffa8]Q:+[0xffffff94]U[0xffffffe9][0xffffffae][0xffffff88][0xffffff92]%[0xffffffc3]bw.W[0x16][0xffffffbb][0xffffff82]/[0xffffffa5]E;[0xffffffcd][0xffffffd2][0xffffffa2][0xffffff9d]xZ[0xffffffdc][0xffffff8f][0xffffffc0][0xffffffa7][0xffffffc5][0xffffffc7]![0xffffffa8][0xffffffb4][0xffffffb8]?[0xffffff9e]J[0xffffff8b][0xfffffff7]G[0xffffffbb][0xffffffa4]E[0xffffffe0][0xffffff91]J[0xb]A%[0xffffff95][0x16][0xffffff81]M"-6B[0xfffffff3][0xffffffd3]b[0xffffffe3][0xffffffd4]+-[0xffffffa2]F[0xffffffe9][0xffffffb4]PV[0xffffffa5][0xffffffd3]"J[0xffffff96]L[0xffffff8b][0xffffffdd][0xffffffb9]\Z[0xffffffec][\n]"
18:17:44.648 [TestNG-tests-2] DEBUG org.apache.hc.client5.http.wire - http-outgoing-2 << "[0xffffffbe][0xffffff94][0x16][0xffffffdd]--:[0xffffff9f][0x16][0xffffffdd]!-:[0xffffff9b][0x16][0xffffff9d]K[0xffffff8b]n[0xffffff95][0x16][0xffffff81]G*-[0x4][0xffffff95]TZ[0x4]6[0xffffff89][0xffffffb4][0xffffffe8]tZt[0xffffffe7][0xffffffb4][0xffffff88][0x1a][0xffffffa5][0xffffffd3]BY[0xffffff95]N[0xffffff8b](Y2-v[0xffffffe7]ri[0xffffffb1]+[0xfffffff8]RZ[0xffffffcc]n[0xffffff96][0x16][0xffffffb3][0xffffffe3]iq?[0x2][0xffffff9f][0x16][0x1f][0xffffff87][0xffffffa0][0xffffffd2][0xffffffe2][0xfffffffe]x*-[0xffffffde][0x1f][0xffffffed][0xffffff92][0x16][0xffffff81]G*-[0x4][0xffffff95]TZ[0x4]6[0xffffff89][0xffffffb4][0xffffffd8][0x8][0xffffffcd]O[0xffffff8b][0xffffff8d]S[0xffffffaf][0xffffffb4][0xffffff88][0x1a][0xffffffa5][0xffffffd3]BY[0xffffff95]N[0xffffff8b](Y2-v[0xffffffe7]ri[0xffffffb1]+[0xfffffff8]RZ[0x1c][0xffffffb3][0xffffff99][0xffffffb5][0xffffffc5][0xfffffffd]Dx\[0xffffffbc][0xffffff9d][0xffffff81][0xffffffaf][0xffffff8b]o[0xffffffa7][0xffffffa0][0xfffffff2][0xffffffe2][0xffffffed][0xfffffff9]T_|<[0xffffffdb]%0"[0xffffff94]Ta(4[0xffffffa9][0xffffffc4][0xffffff88][0xffffff80][0x12][0xffffff8d][0xffffffb1]c[0xffffff9a][0x1f][0x19];[0xffffffac]^[0xffffff95]![0xffffff84]Jg[0xffffff86][0xfffffff4]+[0xffffffdd][0x19]B[0xffffffb7]dh[0x4][0xfffffffb]r[0xffffffa5][0x11]d[0xfffffffc]Jj[0xffffff94][0xfffffff7][0x7f][0xffffff8a][0xfffffff8][0xffffff88]y[0xffffffad]g[0xffffffad][0xffffffe9][0xffffffa1][0xfffffff1]y[0x1e]*3[0xffffffbe][0xffffff9c][0x0][0xffffff8b][0xffffff8c][0xffffffed][0xc][0xffffffc9][0xffffff89][0xfffffff1][0xffffffe5][0xffffffe9][0xffffffc9][0xffffff81][0xfffffff1][0xffffffeb]'[0xffffffc3]y[0xfffffff1][0x14][0xffffffc5][0xffffffe4][0xffffffb8][0xfffffff8][0x1][0xffffff90][0xffffffc9]i[0xfffffff1][0x14][0xffffffcb][0xffffffc4][0xffffffb0]x[0x2]gZV<A[0xffffffd4]"*[0xffffff9e][0xffffffcb][0x13]J[0xffffff8a][0x1f][0xffffffb9][0x14][\n]"
18:17:44.648 [TestNG-tests-2] DEBUG org.apache.hc.client5.http.wire - http-outgoing-2 << "[0xffffff8a][0xffffffe7]j[0x5]r[0xffffffe2][0xffffff99]i[0xffffffd3]c[0xffffffe2][0xffffff99]x/[0xffffffa4][0xffffffc4]R)[0xffffffb1][0xffffff8e][0xfffffffc][0xffffffc5][0xffffffdc][0xffffff9f][0xffffffe7][0xffffff81]Sb[0x19][0xffffffa4][0xffffffc4][0xffffff8a][0xffffffbc]'[0x2][0xffffffbe][0xffffffb0][0xffffff94]XN)[0x11]QdRB[0x1][0xffffffc9][0xffffffa4]D[0xffffffc4]2?%v8[0xffffffb3]SbG[0xffffffd4])%[0xffffff84]<[0xffffffd9][0xffffff94][0xffffff90].eSB[0xffffffa8][0xffffff95]K[0xffffff89]`Z*%[0xffffff82]x_O[0xffffff89][0xfffffff3]&R[0xffffffa2][0x1d][0xfffffff5][0x6][0xffffffa5][0xffffffc4][0xffffffdb]y[0xffffffd8][0xffffff94]x[0xffffff9c][0x0]N[0xffffff89][0xffffffef]g@R[0xffffffe2][0xfffffff1]t$%[0xffffffbe]=[0xffffffd9]"%[0x4][0xffffff8a]HJH [0xffffff91][0xffffff94][0x10]X[0xffffffa6][0xffffffa7]D[0xffffff80]39%[0x2][0xffffffa2]F)[0xffffffa1][0xffffffe4][0xffffff89][0xffffffa6][0xffffff84]v)[0xffffff9a][0x12]J[0xffffffad]XJD[0xffffffd3]B)[0x11][0xffffffc5]{)%[0xffffffaa]YJT<%[0xffffffaa]AJT4%*[0xffffff96][0x12][0xffffffd5])%v[0x14][0xffffffa9][0xffffff94][0xffffff88]@R)[0xffffffb1]cI[0xffffffa4]D[0xffffff85]S[0xffffffa2][0x1a][0xffffffa7]D[0xffffff90]'[0xffffff9d][0x12][0xffffffc2][0xffffffa5]tJ[0x4][0xffffffb5][0xffffff92])Q]R[0xffffffa2][0xfffffffe][0x1d]R"[0xe]|[0xffffffb0])[0xffffff81][0xffffffcd]{|9[0x1][0xffffff9f][0x12][0xffffffc8][0xffffffb4][0xffffffc7][0xffffff97][0xffffffa7]S)[0xffffffe1]0[0xffffffeb][0xfffffff1][0x14]E*%[0xfffffff0]I[0xffffff8f][0xffffffa7]X[0x12])[0x1][0xffffffcd]y<A[0xffffffd4]+%\[0xffffffa6]<~[0xffffffe4]R:%[0x1c]f<[0xffffff9e][0xffffff99][0xffffff96]K[0xffffff89][0xffffff9f][0xffffff98][0xfffffff0][0xfffffff8][0xfffffff8]g[0x1c][0xffffffea][0x7][0xffffff8e]v[0xffffffe6][0xffffffcf]w|[0xffffff9e][0x7]N[0xffffff89][0xffffffc3][0xffffffe0][0x7][0xffffff8e]#[0xffffffbe][0xffffff85]K[0x4][0xfffffffc][0xffffffc0]~[0xffffffe0]8[0xffffff9c]~[0xffffffe0][0xffffff88](2)[0xffffffa1][0xffffff80]dR"b[0xffffff99][0xffffff9f][0x12];[0xffffff9c][0xffffffd9]"
18:17:44.650 [TestNG-tests-2] DEBUG org.apache.hc.client5.http.wire - http-outgoing-2 << ")[0xffffffb1]#[0xffffffea][0xffffff94][0x12]B[0xffffff9e]lJH[0xffffff97][0xffffffb2])![0xffffffd4][0xffffffca][0xffffffa5]D0-[0xffffff95][0x12]A[0xffffffbc][0x17]R[0xffffffa2][0xffffffa8][0xffffff94][0xffffff98][0x5]{+Q[0xfffffff0][0xffffff94]([0x6])Q"[0xffffffef][0xffffff89][0xffffff80][0x17],%[0xffffff8a]SJD[0x14][0xffffff99][0xffffff94]P@2)[0x11][0xffffffb1][0xffffffcc]O[0xffffff89][0x1d][0xffffffce][0xffffffec][0xffffff94][0xffffffd8][0x11]uJ[0x9]!O6%[0xffffffa4]K[0xffffffd9][0xffffff94][0x10]j[0xffffffe5]R"[0xffffff98][0xffffff96]J[0xffffff89] [0xffffffde][0xb])QeJ[0xffffff9c][0xffffff93]J[0xffffff89][0xffffff8a][0xffffffa7]D5H[0xffffff89][0x1a]yO[0x4][0xffffffbc]b)Q[0xffffff9d]R"[0xffffffa2][0xffffffc8][0xffffffa4][0xffffff84][0x2][0xffffff92]I[0xffffff89][0xffffff88]e~J[0xffffffec]pf[0xffffffa7][0xffffffc4][0xffffff8e][0xffffffa8]SJ[0x8]y[0xffffffb2])!][0xffffffca][0xffffffa6][0xffffff84]P+[0xffffff97][0x12][0xffffffc1][0xffffffb4]TJ[0x4][0xfffffff1]^H[0xffffff89]&R[0xffffffa2][0xffffffd7][0xffffffb1][0xffffffa8][0xffffff94]hxJ4[0xffffff83][0xffffff94]h[0xffffff91][0xfffffff7]D[0xffffffc0][0x1b][0xffffff96][0x12][0xffffffcd])%"[0xffffff8a]LJ( [0xffffff99][0xffffff94][0xffffff88]X[0xffffffe6][0xffffffa7][0xffffffc4][0xe]gvJ[0xffffffec][0xffffff88]:[0xffffffa5][0xffffff84][0xffffff90]'[0xffffff9b][0x12][0xffffffd2][0xffffffa5]lJ[0x8][0xffffffb5]r)[0x11]LK[0xffffffa5]D[0x10][0xffffffef][0xffffff85][0xffffff94][0xffffffe8]*%[0xffffffda]A[0xffffffad][0xffffffa8]z;[0xf][0xffffff9c][0x12][0xffffffdd] %z[0xffffffe4]=[0x11][0xfffffff0][0xffffff8e][0xffffffa5]DwJ[0xffffff89][0xffffff88]"[0xffffff93][0x12][\n]"
18:17:44.650 [TestNG-tests-2] DEBUG org.apache.hc.client5.http.wire - http-outgoing-2 << "H&%"[0xffffff96][0xfffffff9])[0xffffffb1][0xffffffc3][0xffffff99][0xffffff9d][0x12];[0xffffffa2]N)![0xffffffe4][0xffffffc9][0xffffffa6][0xffffff84]t)[0xffffff9b][0x12]B[0xffffffad]\J[0x4][0xffffffd3]R)[0x11][0xffffffc4]{!%[0xffffff86]L[0xffffff89]>[0xffffffa8][0xffffff94][0x18]xJ[0xc][0xffffff83][0xffffff94][0x18][0xffffff91][0xfffffff7]D[0xffffffc0][0x7][0xffffff96][0x12][0xffffffc3])%"[0xffffff8a]LJ( [0xffffff99][0xffffff94][0xffffff88]X[0xffffffe6][0xffffffa7][0xffffffc4][0xe]gvJ[0xffffffec][0xffffff88]:[0xffffffa5][0xffffff84][0xffffff90]'[0xffffff9b][0x12][0xffffffd2][0xffffffa5]lJ[0x8][0xffffffb5]r)[0x11]LK[0xffffffa5]D[0x10][0xffffffef][0xffffff85][0xffffff94]8eJ,[0xffffffec][0xffffffae][0xffffffc4][0xffffff89][0xffffffa7][0xffffffc4]i[0xffffff90][0x12]g[0xffffffe4]=[0x11][0xfffffff0][0x13]K[0xffffff89][0xffffffd3])%"[0xffffff8a]LJ( [0xffffff99][0xffffff94][0xffffff88]X[0xffffffe6][0xffffffa7][0xffffffc4][0xe]gvJ[0xffffffec][0xffffff88]:[0xffffffa5][0xffffff84][0xffffff90]'[0xffffff9b][0x12][0xffffffd2][0xffffffa5]lJ[0x8][0xffffffb5]r)[0x11]LK[0xffffffa5]D[0x10][0xffffffef][0xffffff85][0xffffff94]P[0xffffffdf][0xffffffe0][0xffffffe8][0xffffffbd]cw%[0xfffffff0]op[0xffffff9c][0x6][0xffffffdf][0xffffffe0]8[0xffffffc5][0xffffffa2][0xfffffff8]D[0xffffffc0][0xffffffb1]op[0xffffff9c]a[0x15]<[0xffffff99][0x12]&[0xffffffdf][0xffffffe0][0xffffff90]@2)a[0xfffffff0][\r][0xffffff8e][0x0]gvJ[0x18][0x7f][0xffffff83]C[0xffffffc9][0xffffff93]M[0x9][0xffffffbf]op([0xffffffb5]r)[0xffffffe1][0xfffffff2][\r][0xffffff8e]([0xffffffde][0xb])[0xffffffa1][0xffffffbe][0xffffffc1][0xffffffd1][0xffffffcf][0x1b][0xfffffff6]V[0x2][0xffffffff][0x6][0xffffffc7]i[0xfffffff0][\r][0xffffff8e]S,[0xffffff8a]O[0x4][0x1c][0xfffffffb][0x6][0xffffffc7][0x19]V[0xffffffc1][0xffffff93])a[0xfffffff2][\r][0xe][0x9]$[0xffffff93][0x12][0x6][0xffffffdf][0xffffffe0][0x8]pf[0xffffffa7][0xffffff84][0xfffffff1]78[0xffffff94]<[0xffffffd9][0xffffff94][0xfffffff0][0xfffffffb][0x6][0xffffff87]R+[0xffffff97][0x12].[0xffffffdf][0xffffffe0][0xffffff88][0xffffffe2][0xffffffbd][0xffffff94][0x12][0xffffffc5],%[\n]"
18:17:44.650 [TestNG-tests-2] DEBUG org.apache.hc.client5.http.wire - http-outgoing-2 << "[0xffffff9e][0x12][0xffffffc5] %[\n]"
18:17:44.650 [TestNG-tests-2] DEBUG org.apache.hc.client5.http.wire - http-outgoing-2 << "[0xffffff9a][0x12][0x5]K[0xffffff89][0xffffffe2][0xffffff94][0x12];[0xffffff8a]TJD [0xffffffa9][0xffffff94][0xffffffd8][0xffffffb1]$R[0xffffffa2][0xffffffc0])Q[0xffffff8c]S"[0xffffffc8][0xffffff93]N[0x9][0xffffffe1]R:%[0xffffff82]Z[0xffffffc9][0xffffff94](.)Q~6%[0xffffffa6][0xfffffffa][0xffffff9c][0xffffffd7]8n[0xffffffd4][0xf][0x1c][0x13][0xffffffff][0xffffff9c][0xffffffd7]4[0xfffffff8][0xffffff9c][0xffffffd7][0x14][0xffffffdf][0xffffff9c][0xffffffc9][0x3]|b[0xffffff9f][0xfffffff3][0xffffff9a][0xffffffe1][0xffffffab]2`J[0x8][0x14][0xffffff91][0xffffff94][0xffffff90]@")![0xffffffb0]LO[0xffffff89][0x0]grJ[0x4]D[0xffffff8d]RB[0xffffffc9][0x13]M[0x9][0xffffffed]R4%[0xffffff94]Z[0xffffffb1][0xffffff94][0xffffff88][0xffffffa6][0xffffff85]R"[0xffffff8a][0xfffffff7]BJ[0xffffffa8][0xffffffc5][0xffffffd9][0xffffffa3]L[0xffffffea][0xffffffad][0xffffffc4][0xffffffc4][0x17]gO[0xffffff83][0xffffffc5][0xffffffd9]SlwM[0x4][0x1c][[0xffffff9c]=[0xffffffc3][0xfffffffe]V2%L[0x16]gK [0xffffff99][0xffffff94]0X[0xffffff9c][0x1d][0xffffffe0][0xffffffcc]N[0x9][0xffffffe3][0xffffffc5][0xffffffd9]J[0xffffff9e]lJ[0xfffffff8]-[0xffffffce]Vj[0xffffffe5]R[0xffffffc2]eqv[0x14][0xffffffef][0xffffff85][0xffffff94](*%[0xffffffce][0xffffff86][0xffffffa5]D[0xffffffc1]S[0xffffffa2][0x18][0xffffffa4]D[0xffffff89][0xffffffbc]'[0x2]^[0xffffffb0][0xffffff94](N)[0x11]QdRB[0x1][0xffffffc9][0xffffffa4]D[0xffffffc4]2?%v8[0xffffffb3]SbG[0xffffffd4])%[0xffffff84]<[0xffffffd9][0xffffff94][0xffffff90].eSB[0xffffffa8][0xffffff95]K[0xffffff89]`Z*%[0xffffff82]x/[0xffffffa4][0xffffff84]Z[0xffffff9c]=[0xffffffd6][0xffffff81][0xffffffa5][0x4][0xffffffbe]8{[0x1a],[0xffffffce][0xffffff9e]b[0xffffffbb]k"[0xffffffe0][0xffffffd8][0xffffffe2][0xffffffec][0x19][0xfffffff6][0xffffffb7][0xffffff92])a[0xffffffb2]8[[0x2][0xffffffc9][0xffffffa4][0xffffff84][0xffffffc1][0xffffffe2][0xffffffec][0x0]gvJ[0x18]/[0xffffffce]V[0xfffffff2]dS[0xffffffc2]oq[0xffffffb6]R+[0xffffff97][0x12].[0xffffff8b][0xffffffb3][0xffffffa3]x/[0xffffffa4][0xffffff84]Z[0xffffff9c]}[0xffffffd6][[0xffffffa7]R[0x2]_[0xffffff9c]=[\r][0x16]gO[0xffffffb1][0xffffffdd]5[0x11]plq[0xfffffff6][0xc][0xfffffffb][[0xffffffc9][0xffffff94]0Y[0xffffff9c]-[0xffffff81]dR[0xffffffc2]`qv[0xffffff80]3;%[0xffffff8c][0x17]g+y[0xffffffb2])[0xffffffe1][0xffffffb7]8[[0xffffffa9][0xffffff95]K[0x9][0xffffff97][0xffffffc5][0xffffffd9]Q[0xffffffbc][0x17]RB-[0xffffffce]>[0xffffffdb][0xffffffc2][0xffffffae]][0xffffffe2][0xffffff8b][0xffffffb3][0xffffffa7][0xffffffc1][0xffffffe2][0xffffffec])[0xffffffb6][0xffffffbb]&[0x2][0xffffff8e]-[0xffffffce][0xffffff9e]a[0x7f]+[0xffffff99][0x12]&[0xffffff8b][0xffffffb3]%[0xffffff90]LJ[0x18],[0xffffffce][0xe]pf[0xffffffa7][0xffffff84][0xfffffff1][0xffffffe2]l%O6%[0xfffffffc][0x16]g+[0xffffffb5]r)[0xffffffe1][0xffffffb2]8;[0xffffff8a][0xfffffff7]BJ[0xffffffa8][0xffffffc5][0xffffffd9][0xffffffe7]\[0xffffffd4]G[0xffffffc6]'[0xffffffbe]8{[0x1a],[0xffffffce][0xffffff9e]b[0xffffffbb]k"[0xffffffe0][0xffffffd8][0xffffffe2][0xffffffec][0x19][0xfffffff6][0xffffffb7][0xffffff92])a[0xffffffb2]8[[0x2][0xffffffc9][0xffffffa4][0xffffff84][0xffffffc1][0xffffffe2][0xffffffec][0x0]gvJ[0x18]/[0xffffffce]V[0xfffffff2]dS[0xffffffc2]oq[0xffffffb6]R+[0xffffff97][0x12].[0xffffff8b][0xffffffb3][0xffffffa3]x/[0xffffffa4][0xffffff84]Z[0xffffff9c]=o[0xffffffd8]78&[0xffffffbe]8{[0x1a],[0xffffffce][0xffffff9e]b[0xffffffbb]k"[0xffffffe0][0xffffffd8][0xffffffe2][0xffffffec][0x19][0xfffffff6][0xffffffb7][0xffffff92])a[0xffffffb2]8[[0x2][0xffffffc9][0xffffffa4][0xffffff84][0xffffffc1][0xffffffe2][0xffffffec][0x0]gvJ[0x18]/[0xffffffce]V[0xfffffff2]dS[0xffffffc2]oq[0xffffffb6]R+[0xffffff97][0x12].[0xffffff8b][0xffffffb3][0xffffffa3]x/[0xffffffa4][0xffffff84]Z[0xffffff9c]=+[0xffffffb6]8{[0xffffffe2][0xffffff8b][0xffffffb3][0xffffffa7][0xffffffc1][0xffffffe2][0xffffffec])[0xffffffb6][0xffffffbb]&[0x2][0xffffff8e]-[0xffffffce][0xffffff9e]a[0x7f]+[0xffffff99][0x12]&[0xffffff8b][0xffffffb3]%[0xffffff90]LJ[0x18],[0xffffffce][0xe]pf[0xffffffa7][0xffffff84][0xfffffff1][0xffffffe2]l%O6%[0xfffffffc][0x16]g+[0xffffffb5]r)[0xffffffe1][0xffffffb2]8;[0xffffff8a][0xfffffff7]BJ[0xffffffa8][0xffffffc5][0xffffffd9][0xffffff93][0xfffffffb][0xffffffc8][0xfffffff8][0xffffffc4][0x17]gO[0xffffff83][0xffffffc5][0xffffffd9]SlwM[0x4][0x1c][[0xffffff9c]=[0xffffffc3][0xfffffffe]V2%L[0x16]gK [0xffffff99][0xffffff94]0X[0xffffff9c][0x1d][0xffffffe0][0xffffffcc]N[0x9][0xffffffe3][0xffffffc5][0xffffffd9]J[0xffffff9e]lJ[0xfffffff8]-[0xffffffce]Vj[0xffffffe5]R[0xffffffc2]eqv[0x14][0xffffffef][0xffffffeb])[0xffffffb1][0xffffffd4][0xffffffb6][0xffffffcb][0xffffffd9]*[0xfffffff5]Vb[0xffffffe1][0xffffffdb].[0xffffff97][0xffffffc1][0xffffffb6][0xffffffcb]%V[0xffffffb2][0xffffffe5][0x1][0xffffffbe][0xffffffb0]m[0xffffff97]+,][0x3]SB[0xffffffa0][0xffffff88][0xffffffa4][0xffffff84][0x4][0x12]I[0x9][0xffffff81]ezJ[0x4]8[0xffffff93]S" j[0xffffff94][0x12]J[0xffffff9e]hJh[0xffffff97][0xffffffa2])[0xffffffa1][0xffffffd4][0xffffff8a][0xffffffa5]D4-[0xffffff94][0x12]Q[0xffffffbc][0x17]R[0xffffffa2][0xffffffc8][0xffffff94]X[0x7][0xffffff95][0x12][0x5]O[0xffffff89]b[0xffffff90][0x12]%[0xfffffff2]"
18:17:44.650 [TestNG-tests-2] DEBUG org.apache.hc.client5.http.wire - http-outgoing-2 << "[0xffffff9e][0x8]x[0xffffffc1]R[0xffffffa2]8[0xffffffa5]DD[0xffffff91]I[0x9][0x5]$[0xffffff93][0x12][0x11][0xffffffcb][0xfffffffc][0xffffff94][0xffffffd8][0xffffffe1][0xffffffcc]N[0xffffff89][0x1d]Q[0xffffffa7][0xffffff94][0x10][0xfffffff2]dSB[0xffffffba][0xffffff94]M[0x9][0xffffffa1]V.%[0xffffff82]i[0xffffffa9][0xffffff94][0x8][0xffffffe2][0xffffffbd][0xffffff90][0x12]jE[0xffffffd5][0xffffffec][0xffffff93][0xfffffffa][0xffffff81]c[0xffffffe1]+[0xffffffaa][0xffffff96][0xffffffc1][0xffffff8a][0xffffffaa]%[0xfffffff6][0xffffffa8]$[0x2][0xffffff8e][0xffffffad][0xffffffa8]ZaS[\n]"
18:17:44.650 [TestNG-tests-2] DEBUG org.apache.hc.client5.http.wire - http-outgoing-2 << "[0xffffff99][0x12]&+[0xffffffaa]$[0xffffff90]LJ[0x18][0xffffffac][0xffffffa8][\n]"
18:17:44.650 [TestNG-tests-2] DEBUG org.apache.hc.client5.http.wire - http-outgoing-2 << "pf[0xffffffa7][0xffffff84][0xfffffff1][0xffffff8a]*%O6%[0xfffffffc]VT)[0xffffffb5]r)[0xffffffe1][0xffffffb2][0xffffffa2]*[0xffffff8a][0xfffffff7]BJ[0xffffffa8][0x15]Us[0x1d][0xffffffd4][0x4][0xffffffc7][0xffffffc2]WT-[0xffffff83][0x15]UK[0xffffffec]QI[0x4][0x1c][Q[0xffffffb5][0xffffffc2][0xffffffa6][0x14]2%LVTI [0xffffff99][0xffffff94]0XQ[0x15][0xffffffe0][0xffffffcc]N[0x9][0xffffffe3][0x15]UJ[0xffffff9e]lJ[0xfffffff8][0xffffffad][0xffffffa8]Rj[0xffffffe5]R[0xffffffc2]eEU[0x14][0xffffffef][0xffffff85][0xffffff94]P+[0xffffffaa][0xffffffd6][0xffffff81]-[0xffffffce]^[0xfffffff8][0xffffff8a][0xffffffaa]e[0xffffffb0][0xffffffa2]j[0xffffff89]=*[0xffffff89][0xffffff80]c+[0xffffffaa]V[0xffffffd8][0xffffff94]B[0xffffffa6][0xffffff84][0xffffffc9][0xffffff8a]*[0x9]$[0xffffff93][0x12][0x6]+[0xffffffaa][0x2][0xffffff9c][0xffffffd9])a[0xffffffbc][0xffffffa2]J[0xffffffc9][0xffffff93]M[0x9][0xffffffbf][0x15]UJ[0xffffffad]\J[0xffffffb8][0xffffffac][0xffffffa8][0xffffff8a][0xffffffe2][0xffffffbd][0xffffff94][0x12][0xffffffc5],%[\n]"
18:17:44.650 [TestNG-tests-2] DEBUG org.apache.hc.client5.http.wire - http-outgoing-2 << "[0xffffff9e][0x12][0xffffffc5] %[\n]"
18:17:44.650 [TestNG-tests-2] DEBUG org.apache.hc.client5.http.wire - http-outgoing-2 << "[0xffffff9a][0x12][0x5]K[0xffffff89][0xffffffe2][0xffffff94][0x12];[0xffffff8a]TJD [0xffffffa9][0xffffff94][0xffffffd8][0xffffffb1]$R[0xffffffa2][0xffffffc0])Q[0xffffff8c]S"[0xffffffc8][0xffffff93]N[0x9][0xffffffe1]R:%[0xffffff82]Z[0xffffffc9][0xffffff94](.)Q~:%[0xffffffd4][0xffffffb6][0xffffffcb][0xffffffd5][0xffffff8f][0xffffff93]J[0x9]|[0xffffffdb][0xffffffe5]2[0xffffffd8]v[0xffffffb9][0xffffffc4]J[0xffffffb6]D[0xffffffc0][0xffffffb1]m[0xffffff97]+,]#S[0xffffffc2]d[0xffffffdb][0xffffffa5][0x4][0xffffff92]I[0x9][0xffffff83]m[0xffffff97][0x1][0xffffffce][0xffffffec][0xffffff94]0[0xffffffde]v[0xffffffa9][0xffffffe4][0xffffffc9][0xffffffa6][0xffffff84][0xffffffdf][0xffffffb6]K[0xffffffa5]V.%\[0xffffffb6]]F[0xfffffff1]^H[0x9][0xffffffb5][0xffffffed]r[0xffffff8d][0xffffff86]Mp[0xffffffe0][0xffffffdb].[0xffffff97][0xffffffc1][0xffffffb6][0xffffffcb]%V[0xffffffb2]%[0x2][0xffffff8e]m[0xffffffbb]\a[0xffffffe9][0x1a][0xffffff99][0x12]&[0xffffffdb].%[0xffffff90]LJ[0x18]l[0xffffffbb][0xc]pf[0xffffffa7][0xffffff84][0xfffffff1][0xffffffb6]K%O6%[0xfffffffc][0xffffffb6]]*[0xffffffb5]r)[0xffffffe1][0xffffffb2][0xffffffed]2[0xffffff8a][0xfffffff7]BJ[0xffffff88][0x15]U[0xffffffed]v[0xffffffdc][0x1a][0xffffff95][0x12][0xfffffff8][0xffffff8a][0xffffffaa]e[0xffffffb0][0xffffffa2]j[0xffffff89]=*[0xffffff89][0xffffff80]c+[0xffffffaa]V[0xffffffd8][0xffffff94]B[0xffffffa6][0xffffff84][0xffffffc9][0xffffff8a]*[0x9]$[0xffffff93][0x12][0x6]+[0xffffffaa][0x2][0xffffff9c][0xffffffd9])a[0xffffffbc][0xffffffa2]J[0xffffffc9][0xffffff93]M[0x9][0xffffffbf][0x15]UJ[0xffffffad]\J[0xffffffb8][0xffffffac][0xffffffa8][0xffffff8a][0xffffffe2]}9%[0xffffffca]M[0xffffffac][0xffffffa8]j[0xffffffb7]V[0xffffffa0][0x1f]8[0x1e][0xffffffe7]AS[0xffffffe2][0xfffffffd][0x4]lJ|[0xffffff9e][0xffffff81]H[0xffffff89][0xfffffff7][0xffffffa7][0x13])[0xfffffff1][0xfffffffd][0xffffffc9][0xe])[0xffffffa1]P$RB[0x3]I[0xffffffa4][0xffffff84][0xffffffc2]2;%"[0xffffff9c][0xffffffb9])[0x11][0x11][0xfffffff5]I[0x9])O2%[0xffffff9e][0xffffffb8][0xffffff94]L[0x9][0xffffffa9]V*%[0xffffff84]i[0xffffff99][0xffffff94][0x10][0xffffffe2][0xffffffbd][0xffffff90][0x12][0xffffff87]J[0xffffff89]>[0xffffffa0][0x1f]8[0x1e][0xffffffe7][0xffffff81]S[0xffffffe2]0H[0xffffff89]#[0xfffffff2][0xffffff9e][0x8][0xfffffff8][0xffffff81][0xffffffa5][0xffffffc4][0xffffffe1][0xffffff94][0x12][0x11]E&%[0x14][0xffffff90]LJD,[0xfffffff3]Sb[0xffffff87]3;%vD[0xffffff9d]RB[0xffffffc8][0xffffff93]M[0x9][0xffffffe9]R6%[0xffffff84]Z[0xffffffb9][0xffffff94][0x8][0xffffffa6][0xffffffa5]R"[0xffffff88][0xfffffff7]BJ[0x14][0xffffff95][0x12][0xffffffa3]C+[0xffffffaa][0x1e][0xffffffe7][0xffffff81]S[0xffffffa2][0x18][0xffffffa4]D[0xffffff89][0xffffffbc]'[0x2]^[0xffffffb0][0xffffff94](N)[0x11]QdRB[0x1][0xffffffc9][0xffffffa4]D[0xffffffc4]2?%v8[0xffffffb3]SbG[0xffffffd4])%[0xffffff84]<[0xffffffd9][0xffffff94][0xffffff90].eSB[0xffffffa8][0xffffff95]K[0xffffff89]`Z*%[0xffffff82]x/[0xffffffa4][0xffffff84][0xffffffd8]v[0xffffffd9]n[0xffffffe7][0xffffffed]F[0xffffffa5][0x4][0xffffffbd][0xffffffed][0xfffffff2][0xfffffffd][0x4]tJ[0xffffff90][0xffffffdb].[0xffffffdf][0xffffff9f][0xffffffce][0xffffffa4][0xffffff84][0xffffffd1][0xffffffb6]K[0xffffff85]"[0xffffff93][0x12].[0xffffffdb].[0x15][0xffffff96][0xfffffff9])[0xffffffc1]n[0xffffffbb][0xffffff8c][0xffffff88]:[0xffffffa5][0xffffff84][0xffffffd9][0xffffffb6][0xffffffcb]'.eS[0xffffffc2]h[0xffffffdb][0xffffffa5]0-[0xffffff95][0x12]?[0xffffffbf][0xffffffed][0xffffffb2][0xffffffdc][0xffffffc4][0xffffffb6][0xffffffcb]{JP[0x13][0x1c][0xffffff8f][0xfffffff3][0xffffffc0])[0xffffffc1]o[0xffffffbb][0xfffffffc]<[0x3][0xffffff93][0x12][0xffffffd4][0xffffffb6][0xffffffcb][0xffffffef]O[0xfffffff6]H[0x9][0xffffff8f]m[0xffffff97][0x1a]H&%[0xfffffff8]m[0xffffff97][0x11][0xffffffce][0xffffffec][0xffffff94][0xfffffff0][0xffffffdd]v)[0xffffffe5][0xffffffc9][0xffffffa6][0xffffff84][0xffffffdd][0xffffffb6]K[0xffffffa9]V.%L[0xffffffb6]][\n]"
18:17:44.650 [TestNG-tests-2] DEBUG org.apache.hc.client5.http.wire - http-outgoing-2 << "[0xfffffff1]^H[0x9][0xffffffb1]W[0xffffffa2][0xffffffdd]f[0xffffffc5]~[0xffffffe0][0xffffffa0][0xfffffff7]J[0xffffffbc][0xffffff9f][0xffffff80]N[0x9]r[0xffffffaf][0xffffffc4][0xfffffffb][0xffffffd3][0xffffff99][0xffffff94]0[0xffffffda]+[0xffffffa1]PdR[0xffffffc2]e[0xffffffaf][0xffffff84][0xffffffc2]2?%[0xffffffd8][0xffffffbd][0x12][0x11]Q[0xffffffa7][0xffffff94]0[0xffffffdb]+[0xfffffff1][0xffffffc4][0xffffffa5]lJ[0x18][0xffffffed][0xffffff95][0x10][0xffffffa6][0xffffffa5]R[0xffffffe2][0xffffffe7][0xfffffff7]J[0xffffff94][0xffffff9b][0xffffffd8]+qO[0xffffff89][0x9]}d[0xfffffffc]q[0x1e]8%[0xfffffff8][0xffffffbd][0x12][0xffffff9f]g`R[0xffffff82][0xffffffda]+[0xfffffff1][0xfffffffd][0xffffffc9][0x1e])[0xffffffe1][0xffffffb1]WB[0x3][0xffffffc9][0xffffffa4][0x4][0xffffffbf]W"[0xffffffc2][0xffffff99][0xffffff9d][0x12][0xffffffbe]{%[0xffffffa4]<[0xffffffd9][0xffffff94][0xffffffb0][0xffffffdb]+![0xffffffd5][0xffffffca][0xffffffa5][0xffffff84][0xffffffc9]^[0x9]![0xffffffde][0xb])1UJ[0xffffffac][0xffffff86][0xffffffdd][0xffffff95][0xffffff98]xJL[0xffffff83][0xffffff94][0xffffff98][0xffffff91][0xfffffff7]D[0xffffffc0]'[0xffffff96][0x12][0xffffffd3])%"[0xffffff8a]LJ( [0xffffff99][0xffffff94][0xffffff88]X[0xffffffe6][0xffffffa7][0xffffffc4][0xe]gvJ[0xffffffec][0xffffff88]:[0xffffffa5][0xffffff84][0xffffff90]'[0xffffff9b][0x12][0xffffffd2][0xffffffa5]lJ[0x8][0xffffffb5]r)[0x11]LK[0xffffffa5]D[0x10][0xffffffef][0xffffff85][0xffffff94][0xffffff90]+[0xffffffaa][0xffffffd6]jTJ[0xffffffd0]+[0xffffffaa][0xffffffde]O@[0xffffffa7][0x4][0xffffffb9][0xffffffa2][0xffffffea][0xfffffffd][0xffffffe9]LJ[0x18][0xffffffad][0xffffffa8]R(2)[0xffffffe1][0xffffffb2][0xffffffa2]Ja[0xffffff99][0xffffff9f][0x12][0xffffffec][0xffffff8a][0xffffffaa][0xffffff88][0xffffffa8]SJ[0xffffff98][0xffffffad][0xffffffa8]z[0xffffffe2]R6%[0xffffff8c]VT[0x9][0xffffffd3]R)[0xfffffff1]wXQu[0xffffffa8][0x15]U[0xffffffc7][\r][0xfffffffb][0xffffff81][0xffffffe3][0xffffffc0]WT[0x1d][0x6]+[0xffffffaa][0xe][0xffffffb1]G%[0xf][0xfffffff0][0x3][Qu[0xffffff84]M)`J[0x8][0x14][0xffffff91][0xffffff94][0xffffff90]@")![0xffffffb0]LO[0xffffff89][0x0]grJ[0x4]D[0xffffff8d]RB[0xffffffc9][0x13]M[0x9][0xffffffed]R4%[0xffffff94]Z[0xffffffb1][0xffffff94][0xffffff88][0xffffffa6][0xffffff85]R"[0xffffff8a][0xfffffff7]BJ[0xffffffa8][0x15]U[0xffffffc7][0xffffff81][0xffffffed][0xffffff95]8[0xfffffff0][0x15]U[0xffffff87][0xffffffc1][0xffffff8a][0xffffffaa]C[0xffffffec]QI[0x4][0x1c][Qu[0xffffff84]M)dJ[0xffffff98][0xffffffac][0xffffffa8][0xffffff92]@2)a[0xffffffb0][0xffffffa2]*[0xffffffc0][0xffffff99][0xffffff9d][0x12][0xffffffc6]+[0xffffffaa][0xffffff94]<[0xffffffd9][0xffffff94][0xfffffff0][Q[0xffffffa5][0xffffffd4][0xffffffca][0xffffffa5][0xffffff84][0xffffffcb][0xffffff8a][0xffffffaa]([0xffffffde][0xb])QTJ[0xffffff94]E[0xffffffdd][0xffffff95]x;[0xf][0xffffff9c][0x12][0xffffffc5] %J[0xffffffe4]=[0x11][0xfffffff0][0xffffff82][0xffffffa5]DqJ[0xffffff89][0xffffff88]"[0xffffff93][0x12][\n]"
18:17:44.650 [TestNG-tests-2] DEBUG org.apache.hc.client5.http.wire - http-outgoing-2 << "H&%"[0xffffff96][0xfffffff9])[0xffffffb1][0xffffffc3][0xffffff99][0xffffff9d][0x12];[0xffffffa2]N)![0xffffffe4][0xffffffc9][0xffffffa6][0xffffff84]t)[0xffffff9b][0x12]B[0xffffffad]\J[0x4][0xffffffd3]R)[0x11][0xffffffc4]{!%[0xffffffd4]^[0xffffff89][0xffffffa3]U[0xffffffea][0x1b][0x1c][0x7][0xffffffbe]W[0xffffffe2]0[0xffffffd8]+q[0xffffff88][0xffffffe1][0xffffffe7]D[0xffffffc0][0xffffffb1][0xffffffbd][0x12]G[0x18]o&S[0xffffffc2]d[0xffffffaf][0xffffff84][0x4][0xffffff92]I[0x9][0xffffff83][0xffffffbd][0x12][0x1][0xffffffce][0xffffffec][0xffffff94]0[0xffffffde]+[0xffffffa1][0xffffffe4][0xffffffc9][0xffffffa6][0xffffff84][0xffffffdf]^[0x9][0xffffffa5]V."
18:17:44.653 [TestNG-tests-2] DEBUG org.apache.hc.client5.http.wire - http-outgoing-2 << "%\[0xfffffff6]JD[0xfffffff1]^H[0xffffff89][0xffffffae]R[0xffffffa2][0xffffffdf][0xffffffb0][0xffffffbb][0x12][0x1d]O[0xffffff89]n[0xffffff90][0x12]=[0xfffffff2][0xffffff9e][0x8]x[0xffffffc7]R[0xffffffa2];[0xffffffa5]DD[0xffffff91]I[0x9][0x5]$[0xffffff93][0x12][0x11][0xffffffcb][0xfffffffc][0xffffff94][0xffffffd8][0xffffffe1][0xffffffcc]N[0xffffff89][0x1d]Q[0xffffffa7][0xffffff94][0x10][0xfffffff2]dSB[0xffffffba][0xffffff94]M[0x9][0xffffffa1]V.%[0xffffff82]i[0xffffffa9][0xffffff94][0x8][0xffffffe2][0xffffffbd][0xffffff90][0x12]jE[0xffffffd5][0xffffffd1][0xffffffc7][0xffffffa0]R[0x2]_Qu[0x18][0xffffffac][0xffffffa8]:[0xffffffc4][0x1e][0xffffff95]D[0xffffffc0][0xffffffb1][0x15]UG[0xffffffd8][0xffffff94]B[0xffffffa6][0xffffff84][0xffffffc9][0xffffff8a]*[0x9]$[0xffffff93][0x12][0x6]+[0xffffffaa][0x2][0xffffff9c][0xffffffd9])a[0xffffffbc][0xffffffa2]J[0xffffffc9][0xffffff93]M[0x9][0xffffffbf][0x15]UJ[0xffffffad]\J[0xffffffb8][0xffffffac][0xffffffa8][0xffffff8a][0xffffffe2][0xffffffbd][0xffffff90][0x12]jE[0xffffffd5][0xffffffd1]W[0xffffffa1]R[0x2]_Qu[0x18][0xffffffac][0xffffffa8]:[0xffffffc4][0x1e][0xffffff95]D[0xffffffc0][0xffffffb1][0x15]UG[0xffffffd8][0xffffff94]B[0xffffffa6][0xffffff84][0xffffffc9][0xffffff8a]*[0x9]$[0xffffff93][0x12][0x6]+[0xffffffaa][0x2][0xffffff9c][0xffffffd9])a[0xffffffbc][0xffffffa2]J[0xffffffc9][0xffffff93]M[0x9][0xffffffbf][0x15]UJ[0xffffffad]\J[0xffffffb8][0xffffffac][0xffffffa8][0xffffff8a][0xffffffe2][0xffffffbd][0xffffff90][0x12]jE[0xffffffd5]1[0xffffffea][0xffffffa4]R[0x2]_Qu[0x18][0xffffffac][0xffffffa8]:[0xffffffc4][0x1e][0xffffff95]D[0xffffffc0][0xffffffb1][0x15]UG[0xffffffd8][0xffffff94]B[0xffffffa6][0xffffff84][0xffffffc9][0xffffff8a]*[0x9]$[0xffffff93][0x12][0x6]+[0xffffffaa][0x2][0xffffff9c][0xffffffd9])a[0xffffffbc][0xffffffa2]J[0xffffffc9][0xffffff93]M[0x9][0xffffffbf][0x15]UJ[0xffffffad]\J[0xffffffb8][0xffffffac][0xffffffa8][0xffffff8a][0xffffffe2]}=%[0xffffff8a][0xfffffffa]2[0xffffffe8]1'[0xffffff95][0x12][0x5][0xffffffff]2h1[0xfffffff8]2h[0x11][0xffffff9f][0xffffffaf][0xffffffcb][0x3][0xffffffbc]`_[0x6]-[0xffffffe1][0x3]u`J[0x8][0x14][0xffffff91][0xffffff94][0xffffff90]@")![0xffffffb0]LO[0xffffff89][0x0]grJ[0x4]D[0xffffff8d]RB[0xffffffc9][0x13]M[0x9][0xffffffed]R4%[0xffffff94]Z[0xffffffb1][0xffffff94][0xffffff88][0xffffffa6][0xffffff85]R"[0xffffff8a][0xfffffff7]BJ[0xffffffa8][0x9][0xffffff8e][0xfffffffb]?[0xffffff99][0xffffffba]vY[0xfffffff0][0x9][0xffffff8e]b0[0xffffffc1]Q[0xffffffc4]5[0xffffffe3]D[0xffffffc0][0xffffffb1][0x9][0xffffff8e][0x12].[0x12][0xffffff93])a2[0xffffffc1]![0xffffff81]dR[0xffffffc2]`[0xffffff82]#[0xffffffc0][0xffffff99][0xffffff9d][0x12][0xffffffc6][0x13][0x1c]J[0xffffff9e]lJ[0xfffffff8]Mp([0xffffffb5]r)[0xffffffe1]2[0xffffffc1][0x11][0xffffffc5]{!%[0xffffffd4][0x4][0xffffffc7][0xffffffdb]O[0x1c]TJ[0xffffffe0][0x13][0x1c][0xffffffc5]`[0xffffff82][0xffffffa3][0xffffff88]k[0xffffffc6][0xffffff89][0xffffff80]c[0x13][0x1c]%\$&S[0xffffffc2]d[0xffffff82]C[0x2][0xffffffc9][0xffffffa4][0xffffff84][0xffffffc1][0x4]G[0xffffff80]3;%[0xffffff8c]'8[0xffffff94]<[0xffffffd9][0xffffff94][0xfffffff0][0xffffff9b][0xffffffe0]Pj[0xffffffe5]R[0xffffffc2]e[0xffffff82]#[0xffffff8a][0xfffffff7]BJ[0xffffffa8][0x9][0xffffff8e]r[0xffffff8e][0xffffff83]J[0x9]|[0xffffff82][0xffffffa3][0x18]Lp[0x14]q[0xffffffcd]8[0x11]pl[0xffffff82][0xffffffa3][0xffffff84][0xffffff8b][0xffffffc4]dJ[0xffffff98]LpH [0xffffff99][0xffffff94]0[0xffffff98][0xffffffe0][0x8]pf[0xffffffa7][0xffffff84][0xfffffff1][0x4][0xffffff87][0xffffff92]'[0xffffff9b][0x12]~[0x13][0x1c]J[0xffffffad]\J[0xffffffb8]LpD[0xfffffff1]^J[0xffffff89]b[0xffffff96][0x12][0x5]O[0xffffff89]b[0xffffff90][0x12][0x5]M[0xffffff89][0xffffff82][0xffffffa5]DqJ[0xffffff89][0x1d]E*%"[0xffffff90]TJ[0xffffffec]X[0x12])Q[0xffffffe0][0xffffff94]([0xffffffc6])[0x11][0xffffffe4]I[0xffffffa7][0xffffff84]p)[0xffffff9d][0x12]A[0xffffffad]dJ[0x14][0xffffff97][0xffffff94](?[0xffffff9d][0x12][0xffffffe7]/5[0xffffffa6][0xffffffc4][0xffffffc4][0x16]g[0xffffffbf][0xffffff9d][0x7]N[0xffffff89][0xffffffb7][0x13][0xffffffd0])[0xfffffff1][0xffffffed][0xc]LJ[0xffffffbc]=[0xffffff9d]I[0xffffff89][0xffffff8f]'{[0xffffffa4]DD[0xffffff91]I[0x9][0x5]$[0xffffff93][0x12][0x11][0xffffffcb][0xfffffffc][0xffffff94][0xffffffd8][0xffffffe1][0xffffffcc]N[0xffffff89][0x1d]Q[0xffffffa7][0xffffff94][0x10][0xfffffff2]dSB[0xffffffba][0xffffff94]M[0x9][0xffffffa1]V.%[0xffffff82]i[0xffffffa9][0xffffff94][0x8][0xffffffe2][0xffffffbd][0xffffff90][0x12]j[0x18][0xffffffb4][0xffffff96][0xffffff8e][0xffffffa5][0x4]>[0xc]Z[0xc][0xffffff86]A[0xffffff8b][0xffffff98]XJ[0x4][0x1c][0x1b][0x6]-a&[0xffffff89]L[0x9][0xffffff93]aP[0x9]$[0xffffff93][0x12][0x6][0xffffffc3][0xffffffa0][0x1][0xffffffce][0xffffffec][0xffffff94]0[0x1e][0x6]U[0xfffffff2]dS[0xffffffc2]o[0x18]T[0xffffffa9][0xffffff95]K[0x9][0xffffff97]a[0xffffffd0]([0xffffffde][0xb])[0xffffffb1]TJ[0xffffffb4]B[0xffffffad][0xffffffa8]z;[0xf][0xffffff9c][0x12]K[0xffffffe1][0xffffff9f][0xffffffcc][0xfffffffb][0xffffff8a][0xffffffbc]'[0x2][0xffffffbe][0xffffffb0][0xffffff94]XN)[0x11]QdRB[0x1][0xffffffc9][0xffffffa4]D[0xffffffc4]2?%v8[0xffffffb3]SbG[0xffffffd4])%[0xffffff84]<[0xffffffd9][0xffffff94][0xffffff90].eSB[0xffffffa8][0xffffff95]K[0xffffff89]`Z*%[0xffffff82]x_O[0xffffff89][0xffffffaa]>2^[0xffffffcf]N[0xffffffa5]D[0xffffffc5]?2^[\r]>2^[0xffffffc5][0xffffff97]p[0xfffffff3][0x0][0xffffffaf][0xffffffd8]G[0xffffffc6]k[0xfffffff8][0xffffffd6]-[0xffffff98][0x12][0x2]E$%$[0xffffff90]HJ[0x8],[0xffffffd3]S"[0xffffffc0][0xffffff99][0xffffff9c][0x12][0x1]Q[0xffffffa3][0xffffff94]P[0xfffffff2]DSB[0xffffffbb][0x14]M[0x9][0xffffffa5]V,%[0xffffffa2]i[0xffffffa1][0xffffff94][0xffffff88][0xffffffe2][0xffffffbd][0xffffff90][0x12]jEU[0xffffff9d][0xffffffb5]R)[0xffffff81][0xffffffaf][0xffffffa8][0xffffffaa][0x6]+[0xffffffaa][0xffffffaa][0xffffffd8][0xffffffa3][0xffffff92][0x8]8[0xffffffb6][0xffffffa2][0xffffffaa][0xffffff86]M)dJ[0xffffff98][0xffffffac][0xffffffa8][0xffffff92]@2)a[0xffffffb0][0xffffffa2]*[0xffffffc0][0xffffff99][0xffffff9d][0x12][0xffffffc6]+[0xffffffaa][0xffffff94]<[0xffffffd9][0xffffff94][0xfffffff0][Q[0xffffffa5][0xffffffd4][0xffffffca][0xffffffa5][0xffffff84][0xffffffcb][0xffffff8a][0xffffffaa]([0xffffffde][0xb])[0xffffffa1]VT[0xffffffd5]yb)[0xffffff81][0xffffffaf][0xffffffa8][0xffffffaa][0x6]+[0xffffffaa][0xffffffaa][0xffffffd8][0xffffffa3][0xffffff92][0x8]8[0xffffffb6][0xffffffa2][0xffffffaa][0xffffff86]M)dJ[0xffffff98][0xffffffac][0xffffffa8][0xffffff92]@2)a[0xffffffb0][0xffffffa2]*[0xffffffc0][0xffffff99][0xffffff9d][0x12][0xffffffc6]+[0xffffffaa][0xffffff94]<[0xffffffd9][0xffffff94][0xfffffff0][Q[0xffffffa5][0xffffffd4][0xffffffca][0xffffffa5][0xffffff84][0xffffffcb][0xffffff8a][0xffffffaa]([0xffffffde][0xb])[0xffffffa1]VT[0xffffffb5][iTJ[0xffffffe0]+[0xffffffaa][0xffffffaa][0xffffffc1][0xffffff8a][0xffffffaa]*[0xfffffff6][0xffffffa8]$[0x2][0xffffff8e][0xffffffad][0xffffffa8][0xffffffaa]aS[\n]"
18:17:44.653 [TestNG-tests-2] DEBUG org.apache.hc.client5.http.wire - http-outgoing-2 << "[0xffffff99][0x12]&+[0xffffffaa]$[0xffffff90]LJ[0x18][0xffffffac][0xffffffa8][\n]"
18:17:44.653 [TestNG-tests-2] DEBUG org.apache.hc.client5.http.wire - http-outgoing-2 << "pf[0xffffffa7][0xffffff84][0xfffffff1][0xffffff8a]*%O6%[0xfffffffc]VT)[0xffffffb5]r)[0xffffffe1][0xffffffb2][0xffffffa2]*[0xffffff8a][0xfffffff7]RJ[0xffffffc4]aP6%[0xffffffe0]a[0xffffffd0][0xffffffc7][0x9][0xfffffff8][0xffffff94][0x0][0xffffff87]A[0x1f]O[0xffffffa7]R[0xffffffc2]g[0x18]T[0xffffffa0]H[0xffffffa5][0xffffff84][0xffffffc9]0[0xffffffa8][0xffffffc0][0xffffff92]H[0x9]t[0x18]4 [0xffffffea][0xffffff95][0x12]^[0xffffffc3][0xffffffa0][0xffffffda][0xffffffa5]tJ[0xfffffff8][0xc][0xffffff83]F[0xffffffd3]r)[0xfffffff1][0xffffffd3][0xffffffc3][0xffffffa0]U[0xffffffad][0xffffffa8]j[0xffffff85][0xfffffffb][0xffffff81][0x3]_QU[\r]VTU[0xffffffb1]G%[0x11]plEU[\r][0xffffff9b]R[0xffffffc8][0xffffff94]0YQ%[0xffffff81]dR[0xffffffc2]`EU[0xffffff80]3;%[0xffffff8c]WT)y[0xffffffb2])[0xffffffe1][0xffffffb7][0xffffffa2]J[0xffffffa9][0xffffff95]K[0x9][0xffffff97][0x15]UQ[0xffffffbc][0x17]R[0xffffffe2]T?pt[0xffffffec]#[0xffffffe3]o[0xffffffe7][0xffffff81]S[0xffffffe2]T/[0xffffffe5][0xffffff92]y?[0xffffffe3][[0xffffffb8]D[0xffffffc0]O[0xffffffec][0x7][0xffffff8e][0xffffffd3][0xffffffe9][0x7][0xffffff8e][0xffffff88]"[0xffffff93][0x12][\n]"
18:17:44.653 [TestNG-tests-2] DEBUG org.apache.hc.client5.http.wire - http-outgoing-2 << "H&%"[0xffffff96][0xfffffff9])[0xffffffb1][0xffffffc3][0xffffff99][0xffffff9d][0x12];[0xffffffa2]N)![0xffffffe4][0xffffffc9][0xffffffa6][0xffffff84]t)[0xffffff9b][0x12]B[0xffffffad]\J[0x4][0xffffffd3]R)[0x11][0xffffffc4]{!%[0xffffffa6]z+1W[0xffffffa7]Rb[0xffffffe2]o%[0xffffffa6][0xffffffc1][[0xffffff89][0x19][0xffffffd3]9[0x11][0xfffffff0][0xffffff89][0xffffffbd][0xffffff95][0xffffff98]No%"[0xffffff8a]LJ( [0xffffff99][0xffffff94][0xffffff88]X[0xffffffe6][0xffffffa7][0xffffffc4][0xe]gvJ[0xffffffec][0xffffff88]:[0xffffffa5][0xffffff84][0xffffff90]'[0xffffff9b][0x12][0xffffffd2][0xffffffa5]lJ[0x8][0xffffffb5]r)[0x11]LK[0xffffffa5]D[0x10][0xffffffef][0xffffff85][0xffffff94]P+[0xffffffaa]z[0xffffffb9]Q_[0x6][0xffffffad][0xfffffff8][0xffffff8a][0xffffffaa]j[0xffffffb0][0xffffffa2][0xffffffaa][0xffffff8a]=*[0xffffff89][0xffffff80]c+[0xffffffaa]j[0xffffffd8][0xffffff94]B[0xffffffa6][0xffffff84]"
18:17:44.654 [TestNG-tests-2] DEBUG org.apache.hc.client5.http.wire - http-outgoing-2 << "[0xffffffc9][0xffffff8a]*[0x9]$[0xffffff93][0x12][0x6]+[0xffffffaa][0x2][0xffffff9c][0xffffffd9])a[0xffffffbc][0xffffffa2]J[0xffffffc9][0xffffff93]M[0x9][0xffffffbf][0x15]UJ[0xffffffad]\J[0xffffffb8][0xffffffac][0xffffffa8][0xffffff8a][0xffffffe2][0xffffffbd][0xffffff94][0x12][0xfffffff1][0xffffffad][0x4][0xffffff9b][0x12][0xfffffff4][[0xffffff89]e[0xfffffff0]Vb[0xffffffc5]tN[0x5][0xffffff9c]z+[0xffffffb1][0xffffff9c][0xffffffde]JD[0x14][0xffffffa9][0xffffff94]py+[0x11][0xffffffb1]$R[0xffffff82]}+[0xffffffb1]#[0xffffffea][0xffffff95][0x12]fo%[0xffffffa4]K[0xffffffe9][0xffffff94]0z+[0x11]L[0xffffffcb][0xffffffa5][0xffffffc4]O[0xffffffbf][0xffffff95]h7[0xfffffff5]V[0xffffffa2][0xffffffaf][0x6][0xffffffa5][0xffffffc4][0xffffffdb]y[0xffffffd8][0xffffff94]x[0xffffff9c][0x0]N[0xffffff89][0xffffffef]g@R[0xffffffe2][0xfffffff1]t$%[0xffffffbe]=[0xffffffd9]"%[0x4][0xffffff8a]HJH [0xffffff91][0xffffff94][0x10]X[0xffffffa6][0xffffffa7]D[0xffffff80]39%[0x2][0xffffffa2]F)[0xffffffa1][0xffffffe4][0xffffff89][0xffffffa6][0xffffff84]v)[0xffffff9a][0x12]J[0xffffffad]XJD[0xffffffd3]B)[0x11][0xffffffc5]{!%[0xffffffd4][0xffffffe2][0xffffffec][0xffffffce]m[0xffffffbb]l[0xfffffff8][0xffffffe2][0xffffffec]f[0xffffffb0]8[0xffffffbb][0xffffff89][0xffffffed][0xffffffae][0xffffff89][0xffffff80]c[0xffffff8b][0xffffffb3][[0xffffffd8][0xffffffdf]J[0xffffffa6][0xffffff84][0xffffffc9][0xffffffe2]l[0x9]$[0xffffff93][0x12][0x6][0xffffff8b][0xffffffb3][0x3][0xffffff9c][0xffffffd9])a[0xffffffbc]8[[0xffffffc9][0xffffff93]M[0x9][0xffffffbf][0xffffffc5][0xffffffd9]J[0xffffffad]\J[0xffffffb8],[0xffffffce][0xffffff8e][0xffffffe2][0xffffffbd][0xffffff94][0x12]q[0xffffffaf][0x4][0xffffff9b][0x12][0xfffffff0]^[0xffffff89][0xffffffc7][0x9][0xfffffff8][0xffffff94][0x0][0xfffffff7]J<[0xffffff9e]N[0xffffffa5][0xffffff84][0xffffffcf]^[0x9][0xffffff81]"[0xffffff95][0x12]&{%[0x4][0xffffff96]DJ[0xffffffa0]{%[0x2][0xffffffa2]^)[0xffffffe1][0xffffffb5]WB[0xffffffbb][0xffffff94]N[0x9][0xffffff9f][0xffffffbd][0x12][0xffffffd1][0xffffffb4]\J[0xfffffffc][0xfffffff4]^[0xffffff89][0xfffffffb]?[0xffffffa3][0xffffff99][0xffffffa5]D[0xffffffc3]S[0xffffffa2][0x19][0xffffffa4]DCS[0xffffffa2]a)[0xffffffd1][0xffffff9c]RbG[0xffffff91]J[0xffffff89][0x8]$[0xffffff95][0x12];[0xffffff96]DJ48%[0xffffff9a]qJ[0x4]y[0xffffffd2])!\J[0xffffffa7]DP+[0xffffff99][0x12][0xffffffcd]%%[0xffffffda][0xffffffdf]!%[0xffffffba]YJt<%[0xffffffba]AJt4%:[0xffffff96][0x12][0xffffffdd])%v[0x14][0xffffffa9][0xffffff94][0xffffff88]@R)[0xffffffb1]cI[0xffffffa4]D[0xffffff87]S[0xffffffa2][0x1b][0xffffffa7]D[0xffffff90]'[0xffffff9d][0x12][0xffffffc2][0xffffffa5]tJ[0x4][0xffffffb5][0xffffff92])[0xffffffd1]]R[0xffffffa2][0xffffffff]tJ[0xffffffa8][0xffffffcf]y[0xffffff8d]Q[0xffffffa8][0x9][0xffffff8e][0xffffff86][0x7f][0xffffffce][0xffffffab][0x19]|[0xffffffce][0xffffffab][0xffffff89]o[0xffffffce]$[0x2][0xffffff8e]}[0xffffffce][0xffffffab][0xffffff85][0xffffffaf][0xffffffca][0xffffff90])a[0xfffffff2]9/[0x9]$[0xffffff93][0x12][0x6][0xffffff9f][0xfffffff3][\n]"
18:17:44.654 [TestNG-tests-2] DEBUG org.apache.hc.client5.http.wire - http-outgoing-2 << "pf[0xffffffa7][0xffffff84][0xfffffff1][0xffffffe7][0xffffffbc][0xffffff94]<[0xffffffd9][0xffffff94][0xfffffff0][0xfffffffb][0xffffff9c][0xffffff97]R+[0xffffff97][0x12].[0xffffff9f][0xfffffff3][0xffffff8a][0xffffffe2][0xffffffbd][0xffffff90][0x12][0xffffffea]s^[0xffffffe3]\[0xffffffd4][0xffffffb6][0xffffffcb][0xffffff86][0x7f][0xffffffce][0xffffffab][0x19]|[0xffffffce][0xffffffab][0xffffff89]o[0xffffffce]$[0x2][0xffffff8e]}[0xffffffce][0xffffffab][0xffffff85][0xffffffaf][0xffffffca][0xffffff90])a[0xfffffff2]9/[0x9]$[0xffffff93][0x12][0x6][0xffffff9f][0xfffffff3][\n]"
18:17:44.654 [TestNG-tests-2] DEBUG org.apache.hc.client5.http.wire - http-outgoing-2 << "pf[0xffffffa7][0xffffff84][0xfffffff1][0xffffffe7][0xffffffbc][0xffffff94]<[0xffffffd9][0xffffff94][0xfffffff0][0xfffffffb][0xffffff9c][0xffffff97]R+[0xffffff97][0x12].[0xffffff9f][0xfffffff3][0xffffff8a][0xffffffe2][0xffffffbd][0xffffff90][0x12]C[0xffffffa5][0xffffffc4][0x1c][0xffffffd8][[0xffffff89][0xffffff81][0xffffffa7][0xffffffc4]0H[0xffffff89][0x11]yO[0x4]|`)1[0xffffff9c]R"[0xffffffa2][0xffffffc8][0xffffffa4][0xffffff84][0x2][0xffffff92]I[0xffffff89][0xffffff88]e~J[0xffffffec]pf[0xffffffa7][0xffffffc4][0xffffff8e][0xffffffa8]SJ[0x8]y[0xffffffb2])!][0xffffffca][0xffffffa6][0xffffff84]P+[0xffffff97][0x12][0xffffffc1][0xffffffb4]TJ[0x4][0xfffffff1]^H[0xffffff89][0xffffffa9]RbU,%&[0xffffff9e][0x12][0xffffffd3] %f[0xffffffe4]=[0x11][0xfffffff0][0xffffff89][0xffffffa5][0xffffffc4]tJ[0xffffff89][0xffffff88]"[0xffffff93][0x12][\n]"
18:17:44.655 [TestNG-tests-2] DEBUG org.apache.hc.client5.http.wire - http-outgoing-2 << "H&%"[0xffffff96][0xfffffff9])[0xffffffb1][0xffffffc3][0xffffff99][0xffffff9d][0x12];[0xffffffa2]N)![0xffffffe4][0xffffffc9][0xffffffa6][0xffffff84]t)[0xffffff9b][0x12]B[0xffffffad]\J[0x4][0xffffffd3]R)[0x11][0xffffffc4]{!%[0xffffffd4][0xffffffe2][0xffffffec][0xffffffb1][0xffffffd6]I[0xffffffa5][0x4][0xffffffbe]8[0xffffffbb][0x19],[0xffffffce]nb[0xffffffbb]k"[0xffffffe0][0xffffffd8][0xffffffe2][0xffffffec][0x16][0xfffffff6][0xffffffb7][0xffffff92])a[0xffffffb2]8[[0x2][0xffffffc9][0xffffffa4][0xffffff84][0xffffffc1][0xffffffe2][0xffffffec][0x0]gvJ[0x18]/[0xffffffce]V[0xfffffff2]dS[0xffffffc2]oq[0xffffffb6]R+[0xffffff97][0x12].[0xffffff8b][0xffffffb3][0xffffffa3]x_O[0xffffff89][0xffffffae]VT[0xffffff9d][0xffffffb5]Q[0xffffff9f][0xfffffff3][0xffffffea][0xfffffff8][0xffffff8a][0xffffffaa]n[0xffffffb0][0xffffffa2][0xffffffaa][0xffffff8b]=*y[0xffffff80]wlEU[0xf][0xffffff9b]R[0xffffffc0][0xffffff94][0x10](")![0xffffff81]DRB`[0xffffff99][0xffffff9e][0x12][0x1][0xffffffce][0xffffffe4][0xffffff94][0x8][0xffffff88][0x1a][0xffffffa5][0xffffff84][0xffffff92]'[0xffffff9a][0x12][0xffffffda][0xffffffa5]hJ([0xffffffb5]b)[0x11]M[0xb][0xffffffa5]D[0x14][0xffffffef][0xffffff85][0xffffff94](b[0xffffffaf][0xffffffc4][0xffffffd9]Z[0xffffffa1]R[0xffffffa2][0xffffffd0]{%[0x1e]'[0xffffffa0]S[0xffffffa2][0xffffffc4][0xffffffe1][0xffffffe7]D[0xffffffc0][0xb][0xffffffb5]W[0xffffffe2][0xffffffdb][0xffffff93]=R"[0xffffffa2][0xffffffc8][0xffffffa4][0xffffff84][0x2][0xffffff92]I[0xffffff89][0xffffff88]e~J[0xffffffec]pf[0xffffffa7][0xffffffc4][0xffffff8e][0xffffffa8]SJ[0x8]y[0xffffffb2])!][0xffffffca][0xffffffa6][0xffffff84]P+[0xffffff97][0x12][0xffffffc1][0xffffffb4]TJ[0x4][0xfffffff1]^H[0xffffff89][0xffffffaa][0xffffffde]J[0xffffffcc]E[0xffffffed][0xffffff95]x;[0xf][0xffffff9c][0x12][0xffffffd5][0xffffffe0][0xffffffad]D[0xffffff8d][0xffffffe9][0xffffff9c][0x8]x[0xffffffc5][0xffffffde]JT[0xffffffa7][0xffffffb7][0x12][0x11]E&%[0x14][0xffffff90]LJD,[0xfffffff3]Sb[0xffffff87]3;%vD[0xffffff9d]RB[0xffffffc8][0xffffff93]M[0x9][0xffffffe9]R6%[0xffffff84]Z[0xffffffb9][0xffffff94][0x8][0xffffffa6][0xffffffa5]R"[0xffffff88][0xfffffff7]RJ[0xffffffc4][0xffffffc5][0xffffffd9]lJ[0xffffffc0][0xffffff8b][0xffffffb3][0x1f]'[0xffffffe0]S[0x2]\[0xffffff9c][0xfffffffd]x:[0xffffff95][0x12]>[0xffffff8b][0xffffffb3][0x5][0xffffff8a]TJ[0xffffff98],[0xffffffce][0x16]X[0x12])[0xffffff81].[0xffffffce][0xe][0xffffff88]z[0xffffffa5][0xffffff84][0xffffffd7][0xffffffe2]l[0xffffffed]R:%|[0x16]gG[0xffffffd3]r)[0xfffffff1][0xffffffd3][0xffffff8b][0xffffffb3][0xffffffbb]ZQ5[0xffffff8f][0x1b]u[0xffffffed][0xffffffb2][0xffffffe3]+[0xffffffaa][0xffffffba][0xffffffc1][0xffffff8a][0xffffffaa].[0xfffffff6][0xffffffa8]$[0x2][0xffffff8e][0xffffffad][0xffffffa8][0xffffffea]aS[\n]"
18:17:44.655 [TestNG-tests-2] DEBUG org.apache.hc.client5.http.wire - http-outgoing-2 << "[0xffffff99][0x12]&+[0xffffffaa]$[0xffffff90]LJ[0x18][0xffffffac][0xffffffa8][\n]"
18:17:44.655 [TestNG-tests-2] DEBUG org.apache.hc.client5.http.wire - http-outgoing-2 << "pf[0xffffffa7][0xffffff84][0xfffffff1][0xffffff8a]*%O6%[0xfffffffc]VT)[0xffffffb5]r)[0xffffffe1][0xffffffb2][0xffffffa2]*[0xffffff8a][0xfffffff7]BJ[0xffffffa8][0x15]U[0xffffffb3]7[0xffffffec][0xffffffad][0x4][0xffffffbe][0xffffffa2][0xffffffaa][0x1b][0xffffffac][0xffffffa8][0xffffffea]b[0xffffff8f]J"[0xffffffe0][0xffffffd8][0xffffff8a][0xffffffaa][0x1e]6[0xffffffa5][0xffffff90])a[0xffffffb2][0xffffffa2]J[0x2][0xffffffc9][0xffffffa4][0xffffff84][0xffffffc1][0xffffff8a][0xffffffaa][0x0]gvJ[0x18][0xffffffaf][0xffffffa8]R[0xfffffff2]dS[0xffffffc2]oE[0xffffff95]R+[0xffffff97][0x12].+[0xffffffaa][0xffffffa2]x/[0xffffffa4][0xffffffc4][0xfffffff8][0xffffffa5][0xffffffc4][0xffffff94]8[0xffffffeb]A[0xffffffa5][0xffffffc4][0xfffffffd]<pJ[0xffffffbc][0xffffff9d][0xffffff80]N[0xffffff89]og`R[0xffffffe2][0xffffffed][0xffffffe9]LJ|<[0xffffffd9]#%"[0xffffff8a]LJ( [0xffffff99][0xffffff94][0xffffff88]X[0xffffffe6][0xffffffa7][0xffffffc4][0xe]gvJ[0xffffffec][0xffffff88]:[0xffffffa5][0xffffff84][0xffffff90]'[0xffffff9b][0x12][0xffffffd2][0xffffffa5]lJ[0x8][0xffffffb5]r)[0x11]LK[0xffffffa5]D[0x10][0xffffffef][0xffffff85][0xffffff94]8[0xffffffc5][[0xffffff89]u`[0xffffff8b][0xffffffb3][0xffffffdf][0xffffffce][0x3][0xffffffa7][0xffffffc4]i[0xfffffff0]V[0xffffffe2][0xffffff8c][0xffffffe9][0xffffff9c][0x8][0xfffffff8][0xffffff89][0xffffffbd][0xffffff95]8[0xffffff9d][0xffffffde]JD[0x14][0xffffff99][0xffffff94]P@2)[0x11][0xffffffb1][0xffffffcc]O[0xffffff89][0x1d][0xffffffce][0xffffffec][0xffffff94][0xffffffd8][0x11]uJ[0x9]!O6%[0xffffffa4]K[0xffffffd9][0xffffff94][0x10]j[0xffffffe5]R"[0xffffff98][0xffffff96]J[0xffffff89] [0xffffffde][0xb])[0xffffffa1][0xffffffb6]][0xffffffae][0xffffffca][\r][0xffffff83][0xffffffe2][0xffffffdb].[0xffffffbb][0xffffffc1][0xffffffb6][0xffffffcb].V[0xffffffb2]%[0x2][0xffffff8e]m[0xffffffbb][0xffffffec]a[0xffffffe9][0x1a][0xffffff99][0x12]&[0xffffffdb].%[0xffffff90]LJ[0x18]l[0xffffffbb][0xc]pf[0xffffffa7][0xffffff84][0xfffffff1][0xffffffb6]K%O6%[0xfffffffc][0xffffffb6]]*[0xffffffb5]r)[0xffffffe1][0xffffffb2][0xffffffed]2[0xffffff8a][0xfffffff7]BJ[0xffffffa8]m[0xffffff97][0xffffffab]w[0xffffffec]"
18:17:44.658 [TestNG-tests-2] DEBUG org.apache.hc.client5.http.wire - http-outgoing-2 << "[0xffffffda]%[0xffffffbe][0xffffffed][0xffffffb2][0x1b]l[0xffffffbb][0xffffffec]b%["[0xffffffe0][0xffffffd8][0xffffffb6][0xffffffcb][0x1e][0xffffff96][0xffffffae][0xffffff91])a[0xffffffb2][0xffffffed]R[0x2][0xffffffc9][0xffffffa4][0xffffff84][0xffffffc1][0xffffffb6][0xffffffcb][0x0]gvJ[0x18]o[0xffffffbb]T[0xfffffff2]dS[0xffffffc2]o[0xffffffdb][0xffffffa5]R+[0xffffff97][0x12].[0xffffffdb].[0xffffffa3]x_O[0xffffff89]q[0xffffff8b])[0xffffffd1]o[0xffffffb7]Jm[0xffffffbb]|;[0xf][0xffffff9b][0x12][0xffffff8f][0x13][0xffffffc0])[0xfffffff1][0xfffffffd][0xc]HJ<[0xffffff9e][0xffffff8e][0xffffffa4][0xffffffc4][0xffffffb7]'[[0xffffffa4][0xffffff84]@[0x11]I[0x9][0x9]$[0xffffff92][0x12][0x2][0xffffffcb][0xfffffff4][0xffffff94][0x8]p&[0xffffffa7]D@[0xffffffd4](%[0xffffff94]<[0xffffffd1][0xffffff94][0xffffffd0].ESB[0xffffffa9][0x15]K[0xffffff89]hZ(%[0xffffffa2]x/[0xffffffa4][0xffffff84]X[0xffffff9c][0xffffffdd]o}[0xffffffde][0xffffffa8][0xffffff94][0xffffffc0][0x17]g[0xf][0xffffff83][0xffffffc5][0xffffffd9]ClwM[0x4][0x1c][[0xffffff9c]=[0xffffffc2][0xfffffffe]V2%L[0x16]gK [0xffffff99][0xffffff94]0X[0xffffff9c][0x1d][0xffffffe0][0xffffffcc]N[0x9][0xffffffe3][0xffffffc5][0xffffffd9]J[0xffffff9e]lJ[0xfffffff8]-[0xffffffce]Vj[0xffffffe5]R[0xffffffc2]eqv[0x14][0xffffffef][0xffffffa5][0xffffff94][0x8]+[0xffffffaa][0xffffffe0][0xffffff94][0xffffff80]WT=N[0xffffffc0][0xffffffa7][0x4][0xffffffb8][0xffffffa2][0xffffffea][0xfffffff1]t*%|VT[0x9][0x14][0xffffffa9][0xffffff94]0YQ%[0xffffffb0]$R[0x2]]Q[0x15][0x10][0xfffffff5]J[0x9][0xffffffaf][0x15]U[0xffffffda][0xffffffa5]tJ[0xfffffff8][0xffffffac][0xffffffa8][0xffffff8a][0xffffffa6][0xffffffe5]R[0xffffffe2][0xffffffa7]WT[0xffffffdd][0xffffffff][0x19][0xffffffc3],%[0x6][0xffffff9e][0x12][0xffffffc3] %[0x6][0xffffff9a][0x12][0x3]K[0xffffff89][0xffffffe1][0xffffff94][0x12];[0xffffff8a]TJD [0xffffffa9][0xffffff94][0xffffffd8][0xffffffb1]$Rb[0xffffffc0])1[0xffffff8c]S"[0xffffffc8][0xffffff93]N[0x9][0xffffffe1]R:%[0xffffff82]Z[0xffffffc9][0xffffff94][0x18].)1[0xfffffffe][0xe])qL[0xffffffb3][0xffffff96]8&[0x1e][0x13][0xfffffff7]#[0xfffffff0]5[0xfffffff1]q[0x8]*'[0xffffffee][0xffffff8f][0xffffffa7]z[0xffffffe2][0xfffffffd][0xffffffd1].A[0x11]x[0xffffffa4][0xffffff8a]BPI%E`[0xffffff93]h[0xffffff8a][0xffffff8d][0xffffffd0][0xfffffffc][0xffffffa8][0xffffffd8]8[0xfffffff5][0xffffffaa][0xffffff8a][0xffffffa8]Q:+[0xffffff94]U[0xffffffe9][0xffffffae][0xffffff88][0xffffff92]%[0xffffffc3]bw.W[0x16][0xffffffbb][0xffffff82]/[0xffffffa5]EYfiQ[0x16][0xffffff9e][0x16][0xfffffff7]#[0xfffffff0]i[0xfffffff1]q[0x8]*-[0xffffffee][0xffffff8f][0xffffffa7][0xffffffd2][0xffffffe2][0xfffffffd][0xffffffd1].i[0x11]x[0xffffffa4][0xffffffd2]BPI[0xffffffa5]E`[0xffffff93]H[0xffffff8b][0xffffff8d][0xffffffd0][0xfffffffc][0xffffffb4][0xffffffd8]8[0xfffffff5]J[0xffffff8b][0xffffffa8]Q:-[0xffffff94]U[0xffffffe9][0xffffffb4][0xffffff88][0xffffff92]%[0xffffffd3]bw.[0xffffff97][0x16][0xffffffbb][0xffffff82]/[0xffffffa5]EuK[0xffffff8b][0xffffffca][0xffffffa7]EuH[0xffffff8b][0xffffffca][0xffffffa6]E[0xffffffe5][0xffffffd2][0xffffffa2]Z[0xffffffa5]E[0xffffffe0][0xffffff91]J[0xb]A%[0xffffff95][0x16][0xffffff81]M"-*[0xffffff9d][0x16][0xffffffd5]9-[0xffffffa2]F[0xffffffe9][0xffffffb4]PV[0xffffffa5][0xffffffd3]"J[0xffffff96]L[0xffffff8b][0xffffffdd][0xffffffb9]\Z[0xffffffec][\n]"
18:17:44.659 [TestNG-tests-2] DEBUG org.apache.hc.client5.http.wire - http-outgoing-2 << "[0xffffffbe][0xffffff94][0x16][0xffffff8f][0xffffff9d][0x13]Ni[0xffffffd1]O<-[0xffffffee]G[0xffffffe0][0xffffffd3][0xffffffe2][0xffffffe3][0x10]TZ[0xffffffdc][0x1f]O[0xffffffa5][0xffffffc5][0xfffffffb][0xffffffa3]][0xffffffd2]"[0xfffffff0]H[0xffffffa5][0xffffff85][0xffffffa0][0xffffff92]J[0xffffff8b][0xffffffc0]&[0xffffff91][0x16][0x1b][0xffffffa1][0xfffffff9]i[0xffffffb1]q[0xffffffea][0xffffff95][0x16]Q[0xffffffa3]tZ([0xffffffab][0xffffffd2]i[0x11]%K[0xffffffa6][0xffffffc5][0xffffffee]\.-v[0x5]_J[0xffffff8b][0xffffffe1][0xfffffff6][0xffffffd6]b[0xfffffff0]o-[0xffffff86][0xffffffc3][[0xffffff8b][0xffffffc1][0xffffffbe][0xffffffb5][0x18][0xffffffdc][[0xffffff8b]a[0xfffffff5][0xffffffd6]"[0xfffffff0]H[0xffffffa5][0xffffff85][0xffffffa0][0xffffff92]J[0xffffff8b][0xffffffc0]&[0xffffff91][0x16][0xffffff83]~k1[0xffffff9c][0xffffffdf]ZD[0xffffff8d][0xffffffd2]i[0xffffffa1][0xffffffac]J[0xffffffa7]E[0xffffff94],[0xffffff99][0x16][0xffffffbb]s[0xffffffb9][0xffffffb4][0xffffffd8][0x15]|)-V3K[0xffffff8b][0xffffffd5][0xfffffff0][0xffffffb4][0xffffffb8][0x1f][0xffffff81]O[0xffffff8b][0xffffff8f]CPiq[0x7f]<[0xffffff95][0x16][0xffffffef][0xffffff8f]vI[0xffffff8b][0xffffffc0]#[0xffffff95][0x16][0xffffff82]J*-[0x2][0xffffff9b]DZl[0xffffff84][0xffffffe6][0xffffffa7][0xffffffc5][0xffffffc6][0xffffffa9]WZD[0xffffff8d][0xffffffd2]i[0xffffffa1][0xffffffac]J[0xffffffa7]E[0xffffff94],[0xffffff99][0x16][0xffffffbb]s[0xffffffb9][0xffffffb4][0xffffffd8][0x15]|)-[0xffffff8e][0xffffffe3]0k[0xffffff8b][0xfffffffb][0xffffff89][0xfffffff0][0xffffffb8]x;[0x3]_[0x17][0xffffffdf]NA[0xffffffe5][0xffffffc5][0xffffffdb][0xfffffff3][0xffffffa9][0xffffffbe][0xfffffff8]x[0xffffffb6]K`D([0xffffffa9][0xffffffc2]PhR[0xffffff89][0x11][0x1]%[0x1a]c[0xffffffc7]4?2vX[0xffffffbd]*C[0x8][0xffffff95][0xffffffce][0xc][0xffffffe9]W[0xffffffba]3[0xffffff84]n[0xffffffc9][0xffffffd0][0x8][0xfffffff6][0xffffffe5]J#[0xffffffc8][0xfffffff8]Zj[0x14][0xffffffbb]i[0xffffffd4]b0[0xffffff8e]Z,[0xffffffe6]Q[0xb]<[0xffffff90]Z[0xffffffc0][0xffffff89][0xffffffd4][0xffffffe2]5[0xffffff92][0x1a][0xffffffa0][0xffffffc4]RC[0xffffffa0][0xffffff89][0xffffffa5]F[0x0][0x14]I[0xffffff8d][0xffffff82][0xffffff8f][0xffffffa5][0x16][0xffffffeb][0xffffffb9][0xffffffd4](T<5[0xffffff94]_[0xfffffff1][0xffffffd4][0xffffff88][0xffffffba]ESc[0xffffffb7]/[0xffffff98][0x1a][0xffffffbb][0xffffff8c]_I[0xffffff8d][0xfffffffa][0xfffffffe]O)b[0xffffffb1][0xfffffff7]q[0xffffffac][0xffffff9a][0x1e][0x1a][0xffffff9f][0xffffffe7][0xffffffa1]2[0xffffffe3][0xffffffcb][0x9][0xffffffb0][0xffffffc8][0xffffffd8][0xffffffce][0xffffff90][0xffffff9c][0x18]_[0xffffff9e][0xffffff9e][0x1c][0x18][0xffffffbf]~2[0xffffff9c][0x17]OQL[0xffffff8e][0xffffff8b][0x1f][0x0][0xffffff99][0xffffff9c][0x16]O[0xffffffb1]L[0xc][0xffffff8b]'p[0xffffffa6]e[0xffffffc5][0x13]D-[0xffffffa2][0xffffffe2][0xffffffb9]<[0xffffffa1][0xffffffa4][0xfffffff8][0xffffff91]K[0xffffffa1][0xffffffa0]x[0xffffffae]V '[0xffffff9e][0xffffff99]6=&[0xffffff9e][0xffffff89][0xfffffff7]RJt[0xffffffb3][0xffffff94][0xffffffe8]xJt[0xffffff83][0xffffff94][0xffffffe8]hJt,%[0xffffffba]SJ[0xffffffec](R)[0x11][0xffffff81][0xffffffa4]Rb[0xffffffc7][0xffffff92]H[0xffffff89][0xe][0xffffffa7]D7N[0xffffff89] O:%[0xffffff84]K[0xffffffe9][0xffffff94][0x8]j%S[0xffffffa2][0xffffffbb][0xffffffa4]D[0xffffffff][0xffffffe9][0xffffff94][0xffffffa8][0xffffffea][0xffffffad]D[0xffffff9d][0xffffff85]J[0xffffff89][0xffffff8a][0xffffffbf][0xffffff95][0xffffffa8][0x6]o%jL[0xffffffe7]D[0xffffffc0]+[0xfffffff6]V[0xffffffa2]:[0xffffffbd][0xffffff95][0xffffff88](2)[0xffffffa1][0xffffff80]dR"b[0xffffff99][0xffffff9f][0x12];[0xffffff9c][0xffffffd9])[0xffffffb1]#[0xffffffea][0xffffff94][0x12]B[0xffffff9e]lJH[0xffffff97][0xffffffb2])![0xffffffd4][0xffffffca][0xffffffa5]D0-[0xffffff95][0x12]A[0xffffffbc][0x17]R[0xffffffa2][0xffffff8b][0xffffff94]([0xffffffb7]2[0xffffffa8][0xffffff94][0xffffffe8]xJt[0xffffff83][0xffffff94][0xffffffe8][0xffffff91][0xfffffff7]D[0xffffffc0];[0xffffff96][0x12][0xffffffdd])%"[0xffffff8a]LJ( [0xffffff99][0xffffff94][0xffffff88]X[0xffffffe6][0xffffffa7][0xffffffc4][0xe]gvJ[0xffffffec][0xffffff88]:[0xffffffa5][0xffffff84][0xffffff90]'[0xffffff9b][0x12][0xffffffd2][0xffffffa5]lJ[0x8][0xffffffb5]r)[0x11]LK[0xffffffa5]D[0x10][0xffffffef][0xffffff85][0xffffff94][0xffffff98]*%[0xffffffd6]8[0xffffffa8][0xffffff94][0xffffff98]xJL[0xffffff83][0xffffff94][0xffffff98][0xffffff91][0xfffffff7]D[0xffffffc0]'[0xffffff96][0x12][0xffffffd3])%"[0xffffff8a]LJ( [0xffffff99][0xffffff94][0xffffff88]X[0xffffffe6][0xffffffa7][0xffffffc4][0xe]gvJ[0xffffffec][0xffffff88]:[0xffffffa5][0xffffff84][0xffffff90]'[0xffffff9b][0x12][0xffffffd2][0xffffffa5]lJ[0x8][0xffffffb5]r)[0x11]LK[0xffffffa5]D[0x10][0xffffffef][0xffffff85][0xffffff94]X"%j[0xffffffe9][0xffffff8b]J[0xffffff89][0xffffff85][0xffffffa7][0xffffffc4]2H[0xffffff89][0x15]yO[0x4]|a)[0xffffffb1][0xffffff9c]R"[0xffffffa2][0xffffffc8][0xffffffa4][0xffffff84][0x2][0xffffff92]I[0xffffff89][0xffffff88]e~J[0xffffffec]pf[0xffffffa7][0xffffffc4][0xffffff8e][0xffffffa8]SJ[0x8]y[0xffffffb2])!][0xffffffca][0xffffffa6][0xffffff84]P+[0xffffff97][0x12][0xffffffc1][0xffffffb4]TJ[0x4][0xfffffff1]^J[0xffffff89]b[0xffffff96][0x12][0x5]O[0xffffff89]b[0xffffff90][0x12][0x5]M[0xffffff89][0xffffff82][0xffffffa5]DqJ[0xffffff89][0x1d]E*%"[0xffffff90]TJ[0xffffffec]X[0x12])Q[0xffffffe0][0xffffff94]([0xffffffc6])[0x11][0xffffffe4]I[0xffffffa7][0xffffff84]p)[0xffffff9d][0x12]A[0xffffffad]dJ[0x14][0xffffff97][0xffffff94](?[0xffffff9b][0x12][0xffffffe7]M[0xffffffbd][0xffffff95][0x18][0xffffffd8][0xffffffb5][0xffffffcb][0xffffffb7][0xfffffff3][0xffffffb0])[0xfffffff1]8[0x1][0xffffff9c][0x12][0xffffffdf][0xffffffcf][0xffffff80][0xffffffa4][0xffffffc4][0xffffffe3][0xffffffe9]HJ|{[0xffffffb2]EJ[0x8][0x14][0xffffff91][0xffffff94][0xffffff90]@")![0xffffffb0]LO[0xffffff89][0x0]grJ[0x4]D[0xffffff8d]RB"
18:17:44.660 [TestNG-tests-2] DEBUG org.apache.hc.client5.http.wire - http-outgoing-2 << "[0xffffffc9][0x13]M[0x9][0xffffffed]R4%[0xffffff94]Z[0xffffffb1][0xffffff94][0xffffff88][0xffffffa6][0xffffff85]R"[0xffffff8a][0xfffffff7]BJ[0x1c]*%[0xffffffe6][0xffffffd9][0xffffffa8][0xffffff94]8[0xfffffff0][0xffffff94]8[0xc]R[0xffffffe2][0xffffff88][0xffffffbc]'[0x2]~`)q8[0xffffffa5]DD[0xffffff91]I[0x9][0x5]$[0xffffff93][0x12][0x11][0xffffffcb][0xfffffffc][0xffffff94][0xffffffd8][0xffffffe1][0xffffffcc]N[0xffffff89][0x1d]Q[0xffffffa7][0xffffff94][0x10][0xfffffff2]dSB[0xffffffba][0xffffff94]M[0x9][0xffffffa1]V.%[0xffffff82]i[0xffffffa9][0xffffff94][0x8][0xffffffe2][0xffffffbd][0xffffff90][0x12]jEU[0xffffffab]7[0xffffffea][0x7][0xffffff8e][0x13]_Qu[0x1a][0xffffffac][0xffffffa8]:[0xffffffc5][0x1e][0xffffff95]D[0xffffffc0][0xffffffb1][0x15]Ug[0xffffffd8][0xffffff94]B[0xffffffa6][0xffffff84][0xffffffc9][0xffffff8a]*[0x9]$[0xffffff93][0x12][0x6]+[0xffffffaa][0x2][0xffffff9c][0xffffffd9])a[0xffffffbc][0xffffffa2]J[0xffffffc9][0xffffff93]M[0x9][0xffffffbf][0x15]UJ[0xffffffad]\J[0xffffffb8][0xffffffac][0xffffffa8][0xffffff8a][0xffffffe2][0xffffffbd][0xffffff94][0x12][0xfffffff1][0xffffffae][0x4][0xffffff9b][0x12][0xfffffff0]][0xffffff89][0xffffffc7][0x9][0xfffffff8][0xffffff94][0x0][0xffffffef]J<[0xffffff9e]N[0xffffffa5][0xffffff84][0xffffffcf]][0x9][0xffffff81]"[0xffffff95][0x12]&w%[0x4][0xffffff96]DJ[0xffffffa0]w%[0x2][0xffffffa2]^)[0xffffffe1]uWB[0xffffffbb][0xffffff94]N[0x9][0xffffff9f][0xffffffbb][0x12][0xffffffd1][0xffffffb4]\J[0xfffffffc][0xfffffffc]][0xffffff89][0xffffffaa][0xffffffde]J[0xffffffb4][0xffffffb3]S)Q[0xfffffff1][0xffffffb7][0x12][0xffffffd5][0xffffffe0][0xffffffad]D[0xffffff8d][0xffffffe9][0xffffff9c][0x8]x[0xffffffc5][0xffffffde]JT[0xffffffa7][0xffffffb7][0x12][0x11]E&%[0x14][0xffffff90]LJD,[0xfffffff3]Sb[0xffffff87]3;%vD[0xffffff9d]RB[0xffffffc8][0xffffff93]M[0x9][0xffffffe9]R6%[0xffffff84]Z[0xffffffb9][0xffffff94][0x8][0xffffffa6][0xffffffa5]R"[0xffffff88][0xfffffff7]BJ4[0xffffff95][0x12]s6*%[0x1a][0xffffff9e][0x12][0xffffffcd] %Z[0xffffffe4]=[0x11][0xfffffff0][0xffffff86][0xffffffa5]DsJ[0xffffff89][0xffffff88]"[0xffffff93][0x12][\n]"
18:17:44.660 [TestNG-tests-2] DEBUG org.apache.hc.client5.http.wire - http-outgoing-2 << "H&%"[0xffffff96][0xfffffff9])[0xffffffb1][0xffffffc3][0xffffff99][0xffffff9d][0x12];[0xffffffa2]N)![0xffffffe4][0xffffffc9][0xffffffa6][0xffffff84]t)[0xffffff9b][0x12]B[0xffffffad]\J[0x4][0xffffffd3]R)[0x11][0xffffffc4]{!%[0xffffffd4][0xffffffb6][0xffffffcb]~+[0xfffffff9][0xffffffdf][\r][0xfffffffd]<[0xf][0xffffff9c][0x12][0x6][0xffffffdb].O[0xffffffb1][0xffffff92]-[0x11]pl[0xffffffdb][0xffffffe5][0x19][0xffffff96][0xffffffae][0xffffff91])a[0xffffffb2][0xffffffed]R[0x2][0xffffffc9][0xffffffa4][0xffffff84][0xffffffc1][0xffffffb6][0xffffffcb][0x0]gvJ[0x18]o[0xffffffbb]T[0xfffffff2]dS[0xffffffc2]o[0xffffffdb][0xffffffa5]R+[0xffffff97][0x12].[0xffffffdb].[0xffffffa3]x/[0xffffffa4][0xffffffc4]P)[0xffffffd1][0xe]jq[0xfffffff6][0xffffffdb]y[0xffffffe0][0xffffff94][0x18][0x6])1"[0xffffffef][0xffffff89][0xffffff80][0xf],%[0xffffff86]SJD[0x14][0xffffff99][0xffffff94]P@2)[0x11][0xffffffb1][0xffffffcc]O[0xffffff89][0x1d][0xffffffce][0xffffffec][0xffffff94][0xffffffd8][0x11]uJ[0x9]!O6%[0xffffffa4]K[0xffffffd9][0xffffff94][0x10]j[0xffffffe5]R"[0xffffff98][0xffffff96]J[0xffffff89] [0xffffffde][0xb])q[0xffffffaa][0xffffff94][0xffffffe8][0xffffffd8][0xffffff8a][0xffffffaa][0xffffffb7][0xfffffff3][0xffffffc0])q[0x1a][0xffffffa4][0xffffffc4][0x19]yO[0x4][0xfffffffc][0xffffffc4]R[0xffffffe2]tJ[0xffffff89][0xffffff88]"[0xffffff93][0x12][\n]"
18:17:44.660 [TestNG-tests-2] DEBUG org.apache.hc.client5.http.wire - http-outgoing-2 << "H&%"[0xffffff96][0xfffffff9])[0xffffffb1][0xffffffc3][0xffffff99][0xffffff9d][0x12];[0xffffffa2]N)![0xffffffe4][0xffffffc9][0xffffffa6][0xffffff84]t)[0xffffff9b][0x12]B[0xffffffad]\J[0x4][0xffffffd3]R)[0x11][0xffffffc4]{!%[0xffffffd4]78[0xfffffffa][0xffffff9c][0xffffffd4]78N[0xfffffffc][0x1b][0x1c][0xffffffa7][0xffffffc1]78N[0xffffffb1](>[0x11]p[0xffffffec][0x1b][0x1c]gX[0x5]O[0xffffffa6][0xffffff84][0xffffffc9]78$[0xffffff90]LJ[0x18]|[0xffffff83]#[0xffffffc0][0xffffff99][0xffffff9d][0x12][0xffffffc6][0xffffffdf][0xffffffe0]P[0xfffffff2]dS[0xffffffc2][0xffffffef][0x1b][0x1c]J[0xffffffad]\J[0xffffffb8]|[0xffffff83]#[0xffffff8a][0xfffffff7]BJ[0xffffffa8]op[0xfffffff4]U[0xffffffb1]m[0xffffff97][0xfffffff8]78N[0xffffff83]op[0xffffff9c]bQ|"[0xffffffe0][0xffffffd8]78[0xffffffce][0xffffffb0][\n]"
18:17:44.660 [TestNG-tests-2] DEBUG org.apache.hc.client5.http.wire - http-outgoing-2 << "[0xffffff9e]L[0x9][0xffffff93]opH [0xffffff99][0xffffff94]0[0xfffffff8][0x6]G[0xffffff80]3;%[0xffffff8c][0xffffffbf][0xffffffc1][0xffffffa1][0xffffffe4][0xffffffc9][0xffffffa6][0xffffff84][0xffffffdf]78[0xffffff94]Z[0xffffffb9][0xffffff94]p[0xfffffff9][0x6]G[0x14][0xffffffef][0xffffffeb])1[0xffffffd5][0xffffffe2][0xffffffec][0xffffffbe][0x6]uWb[0xffffffe2][0xffffff8b][0xffffffb3][0xffffffa7][0xffffffc1][0xffffffe2][0xffffffec])[0xffffffb6][0xffffffbb][0xffffffe6][0x1]>[0xffffffb1][0xffffffc5][0xffffffd9]3[0xffffffec]o[0x5]SB[0xffffffa0][0xffffff88][0xffffffa4][0xffffff84][0x4][0x12]I[0x9][0xffffff81]ezJ[0x4]8[0xffffff93]S" j[0xffffff94][0x12]J[0xffffff9e]hJh[0xffffff97][0xffffffa2])[0xffffffa1][0xffffffd4][0xffffff8a][0xffffffa5]D4-[0xffffff94][0x12]Q[0xffffffbc][0x17]RB-[0xffffffce][0xffffffee]kQ{%&[0xffffffbe]8{[0x1a],[0xffffffce][0xffffff9e]b[0xffffffbb]k"[0xffffffe0][0xffffffd8][0xffffffe2][0xffffffec][0x19][0xfffffff6][0xffffffb7][0xffffff92])a[0xffffffb2]8[[0x2][0xffffffc9][0xffffffa4][0xffffff84][0xffffffc1][0xffffffe2][0xffffffec][0x0]gvJ[0x18]/[0xffffffce]V[0xfffffff2]dS[0xffffffc2]oq[0xffffffb6]R+[0xffffff97][0x12].[0xffffff8b][0xffffffb3][0xffffffa3]x/[0xffffffa4]D[0x15])1[0xffffff8e]U[0xffffffa9][0xffffff94][0xffffffa8]xJT[0xffffff83][0xffffff94][0xffffffa8][0xffffff91][0xfffffff7]D[0xffffffc0]+[0xffffff96][0x12][0xffffffd5])%"[0xffffff8a]LJ( [0xffffff99][0xffffff94][0xffffff88]X[0xffffffe6][0xffffffa7][0xffffffc4][0xe]gvJ[0xffffffec][0xffffff88]:[0xffffffa5][0xffffff84][0xffffff90]'[0xffffff9b][0x12][0xffffffd2][0xffffffa5]lJ[0x8][0xffffffb5]r)[0x11]LK[0xffffffa5]D[0x10][0xffffffef][0xffffff85][0xffffff94]P+[0xffffffaa]F[0x1f][0xffffff93]J[0x9]|E[0xffffffd5]4XQ5[0xffffffc5][0x1e][0xffffff95]D[0xffffffc0][0xffffffb1][0x15]U3lJ!S[0xffffffc2]dE[0xffffff95][0x4][0xffffff92]I[0x9][0xffffff83][0x15]U[0x1][0xffffffce][0xffffffec][0xffffff94]0^Q[0xffffffa5][0xffffffe4][0xffffffc9][0xffffffa6][0xffffff84][0xffffffdf][0xffffff8a]*[0xffffffa5]V.%\VTE[0xfffffff1]^H[0x9][0xffffffb5][0xffffffa2]j[0xffffff9c][0x5]K[0x9]|E[0xffffffd5]4XQ5[0xffffffc5][0x1e][0xffffff95]D[0xffffffc0][0xffffffb1][0x15]U3lJ!S[0xffffffc2]dE[0xffffff95][0x4][0xffffff92]I[0x9][0xffffff83][0x15]U[0x1][0xffffffce][0xffffffec][0xffffff94]0^Q[0xffffffa5][0xffffffe4][0xffffffc9][0xffffffa6][0xffffff84][0xffffffdf][0xffffff8a]*[0xffffffa5]V.%\VTE[0xfffffff1]^H[0x9][0xffffffb5][0xffffffa2][0xffffffea]<[0x1a][0xfffffff6][0x3][0x7][0xffffffbe][0xffffffa2]j[0x1a][0xffffffac][0xffffffa8][0xffffff9a]b[0xffffff8f]J"[0xffffffe0][0xffffffd8][0xffffff8a][0xffffffaa][0x19]6[0xffffffa5][0xffffff90])a[0xffffffb2][0xffffffa2]J[0x2][0xffffffc9][0xffffffa4][0xffffff84][0xffffffc1][0xffffff8a][0xffffffaa][0x0]gvJ[0x18][0xffffffaf][0xffffffa8]R[0xfffffff2]dS[0xffffffc2]oE[0xffffff95]R+[0xffffff97][0x12].+[0xffffffaa][0xffffffa2]x/[0xffffffa4][0xffffff84]ZQu[0xffffffd6][0x3]K[0x9]|E[0xffffffd5]4XQ5[0xffffffc5][0x1e][0xffffff95]D[0xffffffc0][0xffffffb1][0x15]U3lJ!S[0xffffffc2]dE[0xffffff95][0x4][0xffffff92]I[0x9][0xffffff83][0x15]U[0x1][0xffffffce][0xffffffec][0xffffff94]0^Q[0xffffffa5][0xffffffe4][0xffffffc9][0xffffffa6][0xffffff84][0xffffffdf][0xffffff8a]*[0xffffffa5]V.%\VTE[0xfffffff1]^H[0x9][0xffffffb5][0xffffffa2][0xffffffea]<[0xffffffb1][0xffffffc5][0xffffffd9][0x13]_Q5[\r]VTM[0xffffffb1]G%[0x11]plE[0xffffffd5][0xc][0xffffff9b]R[0xffffffc8][0xffffff94]0YQ%[0xffffff81]dR[0xffffffc2]`EU[0xffffff80]3;%[0xffffff8c]WT)y[0xffffffb2])[0xffffffe1][0xffffffb7][0xffffffa2]J[0xffffffa9][0xffffff95]K[0x9][0xffffff97][0x15]UQ[0xffffffbc][0x17]RB[0xffffffad][0xffffffa8]:[0xffffffd7][\r]K[0x9]|E[0xffffffd5]4XQ5[0xffffffc5][0x1e][0xffffff95]D[0xffffffc0][0xffffffb1][0x15]U3lJ!S[0xffffffc2]dE[0xffffff95][0x4][0xffffff92]I[0x9][0xffffff83][0x15]U[0x1][0xffffffce][0xffffffec][0xffffff94]0^Q[0xffffffa5][0xffffffe4][0xffffffc9][0xffffffa6][0xffffff84][0xffffffdf][0xffffff8a]*[0xffffffa5]V.%\VTE[0xfffffff1][0xffffffbe][0xffffff9e][0x12]K[0xffffffad][0xffffffa8][0xffffff9a][0xfffffff5]hPJ,|E[0xffffffd5]2XQ[0xffffffb5][0xffffffc4][0x1e][0xffffff95]<[0xffffffc0][0x17][0xffffffb6][0xffffffa2]j[0xffffff85]M)`J[0x8][0x14][0xffffff91][0xffffff94][0xffffff90]@")![0xffffffb0]LO[0xffffff89][0x0]grJ[0x4]D[0xffffff8d]RB[0xffffffc9][0x13]M[0x9][0xffffffed]R4%[0xffffff94]Z[0xffffffb1][0xffffff94][0xffffff88][0xffffffa6][0xffffff85]R"[0xffffff8a][0xfffffff7]BJ[0xffffffa8][0x15]U[0xffffffb3][0x15][0xffffffea][0xffffffae][0xffffffc4][0xffffffc2]W"
18:17:44.661 [TestNG-tests-2] DEBUG org.apache.hc.client5.http.wire - http-outgoing-2 << "T-[0xffffff83][0x15]UK[0xffffffec]QI[0x4][0x1c][Q[0xffffffb5][0xffffffc2][0xffffffa6][0x14]2%LVTI [0xffffff99][0xffffff94]0XQ[0x15][0xffffffe0][0xffffffcc]N[0x9][0xffffffe3][0x15]UJ[0xffffff9e]lJ[0xfffffff8][0xffffffad][0xffffffa8]Rj[0xffffffe5]R[0xffffffc2]eEU[0x14][0xffffffef][0xffffff85][0xffffff94](*%f[0xffffffa3]~[0xffffffe0]x;[0xf][0xffffff9c][0x12][0xffffffc5] %J[0xffffffe4]=[0x11][0xfffffff0][0xffffff82][0xffffffa5]DqJ[0xffffff89][0xffffff88]"[0xffffff93][0x12][\n]"
18:17:44.661 [TestNG-tests-2] DEBUG org.apache.hc.client5.http.wire - http-outgoing-2 << "H&%"[0xffffff96][0xfffffff9])[0xffffffb1][0xffffffc3][0xffffff99][0xffffff9d][0x12];[0xffffffa2]N)![0xffffffe4][0xffffffc9][0xffffffa6][0xffffff84]t)[0xffffff9b][0x12]B[0xffffffad]\J[0x4][0xffffffd3]R)[0x11][0xffffffc4]{!%[0xffffffaa]L[0xffffff89][0xffffff89][0xffffffa5]D[0xffffffc5]S[0xffffffa2][0x1a][0xffffffa4]D[0xffffff8d][0xffffffbc]'[0x2]^[0xffffffb1][0xffffff94][0xffffffa8]N)[0x11]QdRB[0x1][0xffffffc9][0xffffffa4]D[0xffffffc4]2?%v8[0xffffffb3]SbG[0xffffffd4])%[0xffffff84]<[0xffffffd9][0xffffff94][0xffffff90].eSB[0xffffffa8][0xffffff95]K[0xffffff89]`Z*%[0xffffff82]x/[0xffffffa4][0xffffff84][0xffffffda]v9W)TJ[0xffffffe0][0xffffffdb].[0xffffff97][0xffffffc1][0xffffffb6][0xffffffcb]%V[0xffffffb2]%[0x2][0xffffff8e]m[0xffffffbb]\a[0xffffffe9][0x1a][0xffffff99][0x12]&[0xffffffdb].%[0xffffff90]LJ[0x18]l[0xffffffbb][0xc]pf[0xffffffa7][0xffffff84][0xfffffff1][0xffffffb6]K%O6%[0xfffffffc][0xffffffb6]]*[0xffffffb5]r)[0xffffffe1][0xffffffb2][0xffffffed]2[0xffffff8a][0xfffffff7]BJ[0xffffffa8]m[0xffffff97]s[0xfffffff5][0xffffff83]J[0x9]|[0xffffffdb][0xffffffe5]2[0xffffffd8]v[0xffffffb9][0xffffffc4]J[0xffffffb6]D[0xffffffc0][0xffffffb1]m[0xffffff97]+,]#S[0xffffffc2]d[0xffffffdb][0xffffffa5][0x4][0xffffff92]I[0x9][0xffffff83]m[0xffffff97][0x1][0xffffffce][0xffffffec][0xffffff94]0[0xffffffde]v[0xffffffa9][0xffffffe4][0xffffffc9][0xffffffa6][0xffffff84][0xffffffdf][0xffffffb6]K[0xffffffa5]V.%\[0xffffffb6]]F[0xfffffff1]^H[0x9][0xffffffb5][0xffffffed]r[0xffffffdd]n'[0xffffff95][0x12][0xfffffff8][0xffffffb6][0xffffffcb]e[0xffffffb0][0xffffffed]r[0xffffff89][0xffffff95]l[0xffffff89][0xffffff80]c[0xffffffdb].WX[0xffffffba]F[0xffffffa6][0xffffff84][0xffffffc9][0xffffffb6]K[0x9]$[0xffffff93][0x12][0x6][0xffffffdb].[0x3][0xffffff9c][0xffffffd9])a[0xffffffbc][0xffffffed]R[0xffffffc9][0xffffff93]M[0x9][0xffffffbf]m[0xffffff97]J[0xffffffad]\J[0xffffffb8]l[0xffffffbb][0xffffff8c][0xffffffe2][0xffffffbd][0xffffff90][0x12]j[0xffffffdb][0xffffffe5]::[0xfffffff5][\r][0xffffff8e][0xffffff85]o[0xffffffbb]\[0x6][0xffffffdb].[0xffffff97]X[0xffffffc9][0xffffff96][0x8]8[0xffffffb6][0xffffffed]r[0xffffff85][0xffffffa5]kdJ[0xffffff98]l[0xffffffbb][0xffffff94]@2)a[0xffffffb0][0xffffffed]2[0xffffffc0][0xffffff99][0xffffff9d][0x12][0xffffffc6][0xffffffdb].[0xffffff95]<[0xffffffd9][0xffffff94][0xfffffff0][0xffffffdb]v[0xffffffa9][0xffffffd4][0xffffffca][0xffffffa5][0xffffff84][0xffffffcb][0xffffffb6][0xffffffcb]([0xffffffde]K)Q[0xffffffcc]R[0xffffffa2][0xffffffe0])Q[0xc]R[0xffffffa2][0xffffffa0])Q[0xffffffb0][0xffffff94](N)[0xffffffb1][0xffffffa3]H[0xffffffa5]D[0x4][0xffffff92]J[0xffffff89][0x1d]K"%[\n]"
18:17:44.661 [TestNG-tests-2] DEBUG org.apache.hc.client5.http.wire - http-outgoing-2 << "[0xffffff9c][0x12][0xffffffc5]8%[0xffffff82]<[0xffffffe9][0xffffff94][0x10].[0xffffffa5]S"[0xffffffa8][0xffffff95]L[0xffffff89][0xffffffe2][0xffffff92][0x12][0xffffffe5][0xffffffa7]SB-[0xffffffce]^[0xffffffa3]b{%[0xfffffff0][0xffffffc5][0xffffffd9][0xffffffcb]`q[0xfffffff6][0x12][0xffffffdb]][0x13][0x1][0xffffffc7][0x16]g[0xffffffaf][0xffffffb0][0xffffffbf][0xffffff95]L[0x9][0xffffff93][0xffffffc5][0xffffffd9][0x12]H&%[0xc][0x16]g[0x7]8[0xffffffb3]S[0xffffffc2]xq[0xffffffb6][0xffffff92]'[0xffffff9b][0x12]~[0xffffff8b][0xffffffb3][0xffffff95]Z[0xffffffb9][0xffffff94]pY[0xffffff9c][0x1d][0xffffffc5]{!%[0xffffffd4][0xffffffe2][0xffffffec]5[0xf][0xffffffec][0xffffffae][0x4][0xffffffbe]8{[0x19],[0xffffffce]^b[0xffffffbb]k"[0xffffffe0][0xffffffd8][0xffffffe2][0xffffffec][0x15][0xfffffff6][0xffffffb7][0xffffff92])a[0xffffffb2]8[[0x2][0xffffffc9][0xffffffa4][0xffffff84][0xffffffc1][0xffffffe2][0xffffffec][0x0]gvJ[0x18]/[0xffffffce]V[0xfffffff2]dS[0xffffffc2]oq[0xffffffb6]R+[0xffffff97][0x12].[0xffffff8b][0xffffffb3][0xffffffa3]x_N[0xffffff89]z[0xffffffbb][0xffffffc5][0x1f]8[0xffffffc6][0xffffffed]Fm[0xffffffbb]|[0xffffff9c][0x7]M[0xffffff89][0xfffffff7][0x13][0xffffffb0])[0xfffffff1]y[0x6]"%[0xffffffde][0xffffff9f]N[0xffffffa4][0xffffffc4][0xfffffff7]';[0xffffffa4][0xffffff84]B[0xffffff91]H[0x9][\r]$[0xffffff91][0x12][\n]"
18:17:44.663 [TestNG-tests-2] DEBUG org.apache.hc.client5.http.wire - http-outgoing-2 << "[0xffffffcb][0xffffffec][0xffffff94][0xffffff88]p[0xffffffe6][0xffffffa6]DD[0xffffffd4]'%[0xffffffa4]<[0xffffffc9][0xffffff94]x[0xffffffe2]R2%[0xffffffa4]Z[0xffffffa9][0xffffff94][0x10][0xffffffa6]eRB[0xffffff88][0xfffffff7]RJT[0xffffffb3][0xffffff94][0xffffffa8]xJT[0xffffff83][0xffffff94][0xffffffa8]hJT,%[0xffffffaa]SJ[0xffffffec](R)[0x11][0xffffff81][0xffffffa4]Rb[0xffffffc7][0xffffff92]H[0xffffff89][\n]"
18:17:44.663 [TestNG-tests-2] DEBUG org.apache.hc.client5.http.wire - http-outgoing-2 << "[0xffffffa7]D5N[0xffffff89] O:%[0xffffff84]K[0xffffffe9][0xffffff94][0x8]j%S[0xffffffa2][0xffffffba][0xffffffa4]D[0xfffffffd][0xffffffe9][0xffffff94][0x10][0xffffffdf][0xffffffe0][0x18][0xffffffb7]F}[0xffffffce][0xffffffeb]q[0x1e]8%[0xfffffff8]op|[0xffffff9e][0xffffff81]I[0x9][0xffffffea][0x1b][0x1c][0xffffffdf][0xffffff9f][0xffffffec][0xffffff91][0x12][0x1e][0xffffffdf][0xffffffe0][0xffffffd0]@2)[0xffffffc1][0x7f][0xffffff83]#[0xffffffc2][0xffffff99][0xffffff9d][0x12][0xffffffbe][0xffffffdf][0xffffffe0][0xffffff90][0xfffffff2]dS[0xffffffc2][0xffffffee][0x1b][0x1c]R[0xffffffad]\J[0xffffff98]|[0xffffff83]C[0xffffff88][0xfffffff7]RJ[0xffffff88][0x1f]8[0xffffffd0][0xffffff94][0xffffffa0][0x7f][0xffffffe0]8[0xc]~[0xffffffe0]8[0xffffffe2][[0xffffffb8]T[0xffffffc0][0xffffffa9][0x1f]8[0xe][0xffffffa7][0x1f]8"[0xffffff8a]TJ[0xffffffb8][0xfffffffc][0xffffffc0][0x11][0xffffffb1]$R[0xffffff82][0xfffffffd][0xffffff81]cG[0xffffffd4]+%[0xffffffcc]~[0xffffffe0][0xffffff90].[0xffffffa5]S[0xffffffc2][0xffffffe8][0x7][0xffffff8e]`Z.%~[0xfffffffe][0x7][0xe][0xffffffb1][0xffffffa2]j[0x1c]kA[0xffffffdf][0xffffffe0]x[0xffffff9c][0x7]N[0x9]~E[0xffffffd5][0xffffffe7][0x19][0xffffff98][0xffffff94][0xffffffa0]VT}[0x7f][0xffffffb2]GJx[0xffffffac][0xffffffa8][0xffffffd2]@2)[0xffffffc1][0xffffffaf][0xffffffa8][0xffffff8a]pf[0xffffffa7][0xffffff84][0xffffffef][0xffffff8a]*)O6%[0xffffffec]VTI[0xffffffb5]r)a[0xffffffb2][0xffffffa2]J[0xffffff88][0xfffffff7]RJ[0xffffffc4][0xffffffb7][0x12]lJ[0xffffffd0]o%[0xffffff86][0xffffffc1][[0xffffff89][0x11][0xffffffd3]9[0x15]p[0xffffffea][0xffffffad][0xffffffc4]pz+[0x11]Q[0xffffffa4]R[0xffffffc2][0xffffffe5][0xffffffad]D[0xffffffc4][0xffffff92]H[0x9][0xfffffff6][0xffffffad][0xffffffc4][0xffffff8e][0xffffffa8]WJ[0xffffff98][0xffffffbd][0xffffff95][0xffffff90].[0xffffffa5]S[0xffffffc2][0xffffffe8][0xffffffad]D0-[0xffffff97][0x12]?[0xffffffff]VBl[0xffffffbb][0x1c][0xffffffe5]6[0x1b][0xffffff95][0x12][0xfffffff4][0xffffffb6][0xffffffcb][0xfffffff7][0x13][0xffffffd0])An[0xffffffbb]|[0x7f]:[0xffffff93][0x12]F[0xffffffdb].[0x15][0xffffff8a]LJ[0xffffffb8]l[0xffffffbb]TX[0xffffffe6][0xffffffa7][0x4][0xffffffbb][0xffffffed]2"[0xffffffea][0xffffff94][0x12]f[0xffffffdb].[0xffffff9f][0xffffffb8][0xffffff94]M[0x9][0xffffffa3]m[0xffffff97][0xffffffc2][0xffffffb4]TJ[0xfffffffc][0xfffffffc][0xffffffb6][0xffffffcb]z[0x13]+[0xffffffaa]F[0xffffffb9][0xffffffff]_*%[0xffffffe8][0x15]U[0xffffffef]'[0xffffffa0]S[0xffffff82]\Q[0xfffffff5][0xfffffffe]t&%[0xffffff8c]VT)[0x14][0xffffff99][0xffffff94]pYQ[0xffffffa5][0xffffffb0][0xffffffcc]O[0x9]vEUD[0xffffffd4])%[0xffffffcc]VT=q)[0xffffff9b][0x12]F+[0xffffffaa][0xffffff84]i[0xffffffa9][0xffffff94][0xfffffff8][0xfffffff9][0x15]U[0xfffffff5]&VT[0xffffffdd]Sb@_[0x6]}[0xffffff9c][0x7]N[0x9]~E[0xffffffd5][0xffffffe7][0x19][0xffffff98][0xffffff94][0xffffffa0]VT}[0x7f][0xffffffb2]GJx[0xffffffac][0xffffffa8][0xffffffd2]@2)[0xffffffc1][0xffffffaf][0xffffffa8][0xffffff8a]pf[0xffffffa7][0xffffff84][0xffffffef][0xffffff8a]*)O6%[0xffffffec]VTI[0xffffffb5]r)a[0xffffffb2][0xffffffa2]J[0xffffff88][0xfffffff7][0xfffffff5][0xffffff94]8n2%[0xffffffd6][0xffffff82]R[0xffffffe2][0xffffffed]<lJ<N[0x0][0xffffffa7][0xffffffc4][0xfffffff7]3 )[0xfffffff1]x:[0xffffff92][0x12][0xffffffdf][0xffffff9e]l[0xffffff91][0x12][0x2]E$%$[0xffffff90]HJ[0x8],[0xffffffd3]S"[0xffffffc0][0xffffff99][0xffffff9c][0x12][0x1]Q[0xffffffa3][0xffffff94]P[0xfffffff2]DSB[0xffffffbb][0x14]M[0x9][0xffffffa5]V,%[0xffffffa2]i[0xffffffa1][0xffffff94][0xffffff88][0xffffffe2][0xffffffbd][0xffffff90][0x12]j[0xffffffaf]D[0xffffffa9]'[0xfffffff5]V[0xffffffe2][0xffffffc0][0xfffffff7]J[0x1c][0x6]{%[0xe]1[0xfffffffc][0xffffff9c][0x8]8[0xffffffb6]W[0xffffffe2][0x8][0xffffffe3][0xffffffcd]dJ[0xffffff98][0xffffffec][0xffffff95][0xffffff90]@2)a[0xffffffb0]W"[0xffffffc0][0xffffff99][0xffffff9d][0x12][0xffffffc6]{%[0xffffff94]<[0xffffffd9][0xffffff94][0xfffffff0][0xffffffdb]+[0xffffffa1][0xffffffd4][0xffffffca][0xffffffa5][0xffffff84][0xffffffcb]^[0xffffff89]([0xffffffde][0xb])QTJ[0xfffffff4][0x1b]uW[0xffffffe2][0xffffffed]<"
18:17:44.663 [TestNG-tests-2] DEBUG org.apache.hc.client5.http.wire - http-outgoing-2 << "pJ[0x14][0xffffff83][0xffffff94]([0xffffff91][0xfffffff7]D[0xffffffc0][0xb][0xffffff96][0x12][0xffffffc5])%"[0xffffff8a]LJ( [0xffffff99][0xffffff94][0xffffff88]X[0xffffffe6][0xffffffa7][0xffffffc4][0xe]gvJ[0xffffffec][0xffffff88]:[0xffffffa5][0xffffff84][0xffffff90]'[0xffffff9b][0x12][0xffffffd2][0xffffffa5]lJ[0x8][0xffffffb5]r)[0x11]LK[0xffffffa5]D[0x10][0xffffffef][0xffffffa5][0xffffff94][0xffffff88][0xffffffc3][0xffffffa0]lJ[0xffffffc0][0xffffffc3][0xffffffa0][0xffffff8f][0x13][0xfffffff0])[0x1][0xe][0xffffff83]>[0xffffff9e]N[0xffffffa5][0xffffff84][0xffffffcf]0[0xffffffa8]@[0xffffff91]J[0x9][0xffffff93]aP[0xffffff81]%[0xffffff91][0x12][0xffffffe8]0h@[0xffffffd4]+%[0xffffffbc][0xffffff86]A[0xffffffb5]K[0xffffffe9][0xffffff94][0xfffffff0][0x19][0x6][0xffffff8d][0xffffffa6][0xffffffe5]R[0xffffffe2][0xffffffa7][0xffffff87]A[0xffffffef][0xffffffff][0xffffff8c]f[0xffffff96][0x12][\r]O[0xffffff89]f[0xffffff90][0x12][\r]M[0xffffff89][0xffffff86][0xffffffa5]DsJ[0xffffff89][0x1d]E*%"[0xffffff90]TJ[0xffffffec]X[0x12])[0xffffffd1][0xffffffe0][0xffffff94]h[0xffffffc6])[0x11][0xffffffe4]I[0xffffffa7][0xffffff84]p)[0xffffff9d][0x12]A[0xffffffad]dJ4[0xffffff97][0xffffff94]h[0x7f][0xffffff87][0xffffff94]8[0xffffffdc]~[0xffffffe1]8[0xfffffff8][0xffffff9f]8[0xffffffee]G[0xffffffe0]k[0xffffffe2][0xffffffe3][0x10]TN[0x1c][0xffffffdc][0xffffffaf][0x1c][0xffffff87][0xffffffd5][0xffffffcf][0x1c][0xffffff81]G[0xffffffaa]([0x4][0xffffff95]TR[0x4]6[0xffffff89][0xffffffa6]8[0xffffffe8][0xffffff9f]:[0xe][0xffffffe7][0xffffffdf]:[0xffffffa2]F[0xffffffe9][0xffffffac]PV[0xffffffa5][0xffffffbb]"J[0xffffff96][0xc][0xffffff8b][0xffffffdd][0xffffffb9]\Y[0xffffffec][\n]"
18:17:44.663 [TestNG-tests-2] DEBUG org.apache.hc.client5.http.wire - http-outgoing-2 << "[0xffffffbe][0xffffff94][0x16][0xffffffc5][0xffffffee][0x17][0xf][0xffffff83][0xffffff9f]<,~[0xfffffff3][0xffffff80][0x7f][0xfffffff4][0x0][0x7f][0xfffffff5][0xfffffff0][0xfffffffa][0xffffffd9][0xffffffc3][0xffffffe6]w[0xf][0xffffffa3][0x1f]>,~[0xfffffff9][0xffffffc0][0x7f][0xfffffffa][0xffffffb0][0xfffffffe][0xffffffed][0xffffffc3][0xffffffef][0xffffffc7][0xf][0xffffffc7]_?[0xffffffbc]~[0xfffffffe][0xfffffff0][0xfffffff9][0xfffffffd][0xffffffe3][0xffffffef][0xfffffff1][0x3]H[0xffffff99]ni1[0xfffffff9][0xffffffb4][0xffffff98][0xe]i1[0xffffffd9][0xffffffb4][0xffffff98]\ZL[0xffffffab][0xffffffb4][0xffffffd8]y[0xffffffc4][0xffffffd2]"R[0xffffff89][0xffffffa5][0xffffffc5][0xffffffce]&[0xffffff92][0x16][0xffffff93]N[0xffffff8b][0xffffffe9][0xffffff9c][0x16]A[0xffffffa3]xZ[0x8][0xffffffab][0xffffffe2]i[0x11]$[0xffffff8b][0xffffffa6][0xffffffc5][0xffffffb4]I[0xffffff8b][0xfffffff9]wH[0xffffff8b]6[0xffffffcc][0xffffffd2][0xffffffa2][\r]<-[0xffffffee]G[0xffffffe0][0xffffffd3][0xffffffe2][0xffffffe3][0x10]TZ[0xffffffdc][0x1f]O[0xffffffa5][0xffffffc5][0xfffffffb][0xffffffa3]][0xffffffd2]"[0xfffffff0]H[0xffffffa5][0xffffff85][0xffffffa0][0xffffff92]J[0xffffff8b][0xffffffc0]&[0xffffff91][0x16][0x1b][0xffffffa1][0xfffffff9]i[0xffffffb1]q[0xffffffea][0xffffff95][0x16]Q[0xffffffa3]tZ([0xffffffab][0xffffffd2]i[0x11]%K[0xffffffa6][0xffffffc5][0xffffffee]\.-v[0x5]_J[0xffffff8b][0xffffffee][0xfffffff6][0xffffffd6][0xffffffa2][0xfffffff3]o-[0xffffffba][0xffffffc3][[0xffffff8b][0xffffffce][0xffffffbe][0xffffffb5][0xffffffe8][0xffffffdc][[0xffffff8b]n[0xfffffff5][0xffffffd6]"[0xfffffff0]H[0xffffffa5][0xffffff85][0xffffffa0][0xffffff92]J[0xffffff8b][0xffffffc0]&[0xffffff91][0x16][0xffffff9d]~k[0xffffffd1][0xffffff9d][0xffffffdf]ZD[0xffffff8d][0xffffffd2]i[0xffffffa1][0xffffffac]J[0xffffffa7]E[0xffffff94],[0xffffff99][0x16][0xffffffbb]s[0xffffffb9][0xffffffb4][0xffffffd8][0x15]|)-[0xffffffa6][0xffffffdb][[0xffffff8b][0xffffffc9][0xffffffbf][0xffffffb5][0xffffff98][0xe]o-&[0xfffffffb][0xffffffd6]bro-[0xffffffa6][0xffffffd5][[0xffffff8b][0xffffffc0]#[0xffffff95][0x16][0xffffff82]J*-[0x2][0xffffff9b]DZL[0xfffffffa][0xffffffad][0xffffffc5]t~k[0x11]5J[0xffffffa7][0xffffff85][0xffffffb2]*[0xffffff9d][0x16]Q[0xffffffb2]dZ[0xffffffec][0xffffffce][0xffffffe5][0xffffffd2]bW[0xfffffff0][0xffffffa5][0xffffffb4]8n[0xffffffdd][0xffffffac]-[0xffffffee]'[0xffffffc2][0xffffffe3][0xffffffe2][0xffffffed][0xc]|]|;[0x5][0xffffff95][0x17]o[0xffffffcf][0xffffffa7][0xfffffffa][0xffffffe2][0xffffffe3][0xffffffd9].[0xffffff81][0x11][0xffffffa1][0xffffffa4][\n]"
18:17:44.663 [TestNG-tests-2] DEBUG org.apache.hc.client5.http.wire - http-outgoing-2 << "C[0xffffffa1]I%F[0x4][0xffffff94]h[0xffffff8c][0x1d][0xffffffd3][0xfffffffc][0xffffffc8][0xffffffd8]a[0xfffffff5][0xffffffaa][0xc]!T:3[0xffffffa4]_[0xffffffe9][0xffffffce][0x10][0xffffffba]%C#[0xffffffd8][0xffffff97]+[0xffffff8d] [0xffffffe3]k[0xffffffa9]a72r[0x18][0xffffffcc][0xffffff8c][0x1c][0x16]C#G[0xffffffbc][0xffffffd0][0xffffff9c][0xb];86rx[0xffffffcd][0xffffff8d]D([0xffffffb1][0xffffffd4]0[0xffffff9a][0x1c][0xffffff89][0xffffff80]"[0xffffffa9][0xffffff81][0xffffffcf][0xffffff8e][0xffffffec][0xffffffb0][0xffffff9a][0xffffffa5][0xffffff86][0xffffffdf][0xfffffff4][0xffffff88][0xfffffff4]+[0xffffff9e][0x1a]^[0xfffffff3]#[0xffffffc1][0xffffffbe]`j[0xfffffffc][0xffffffcc][0x4]I{[0xfffffffc]SJ[0x17][0xffffff8b][0xffffffbd]{_gzh|[0xffffff9e][0xffffff87][0xffffffca][0xffffff8c]/'[0xffffffc0]"c;Crb|yzr`[0xfffffffc][0xfffffffa][0xffffffc9]p^<E19.~[0x0]drZ<[0xffffffc5]21,[0xffffff9e][0xffffffc0][0xffffff99][0xffffff96][0x15]O[0x10][0xffffffb5][0xffffff88][0xffffff8a][0xffffffe7][0xfffffff2][0xffffff84][0xffffff92][0xffffffe2]G.[0xffffff85][0xffffff82][0xffffffe2][0xffffffb9]Z[0xffffff81][0xffffff9c]xf[0xffffffda][0xfffffff4][0xffffff98]x&[0xffffffde][0xb])1TJ[0xffffff8c][0x13]K[0xffffff89][0xffffff81][0xffffffa7][0xffffffc4]0H[0xffffff89][0x11]yO[0x4]|`)1[0xffffff9c]R"[0xffffffa2][0xffffffc8][0xffffffa4][0xffffff84][0x2][0xffffff92]I[0xffffff89][0xffffff88]e~J[0xffffffec]pf[0xffffffa7][0xffffffc4][0xffffff8e][0xffffffa8]SJ[0x8]y[0xffffffb2])!][0xffffffca][0xffffffa6][0xffffff84]P+[0xffffff97][0x12][0xffffffc1][0xffffffb4]TJ[0x4][0xfffffff1]^H[0xffffff89])Rb[0xffffffd4]U[0xffffffa9][0xffffff94][0xffffff98]xJL[0xffffff83][0xffffff94][0xffffff98][0xffffff91][0xfffffff7]D[0xffffffc0]'[0xffffff96][0x12][0xffffffd3])%"[0xffffff8a]LJ( [0xffffff99][0xffffff94][0xffffff88]X[0xffffffe6][0xffffffa7][0xffffffc4][0xe]gvJ[0xffffffec][0xffffff88]:[0xffffffa5][0xffffff84][0xffffff90]'[0xffffff9b][0x12][0xffffffd2][0xffffffa5]lJ[0x8][0xffffffb5]r)[0x11]LK[0xffffffa5]D[0x10][0xffffffef][0xffffff85][0xffffff94]X*%[0xffffffce][0xffffffbe][0xffffffa8][0xffffff94]XxJ,[0xffffff83][0xffffff94]X[0xffffff91][0xfffffff7]D[0xffffffc0][0x17][0xffffff96][0x12][0xffffffcb])%"[0xffffff8a]LJ( [0xffffff99][0xffffff94][0xffffff88]X[0xffffffe6][0xffffffa7][0xffffffc4][0xe]gvJ[0xffffffec][0xffffff88]:[0xffffffa5][0xffffff84][0xffffff90]'[0xffffff9b][0x12][0xffffffd2][0xffffffa5]lJ[0x8][0xffffffb5]r)[0x11]LK[0xffffffa5]D[0x10][0xffffffef][0xffffffeb])Qo*%[0xffffffd6][0xffffff98]PJ[0xffffffbc][0xffffff9d][0xffffff87]M[0xffffff89][0xffffffc7][0x9][0xffffffe0][0xffffff94][0xfffffff8]~[0x6]$%[0x1e]OGR[0xffffffe2][0xffffffdb][0xffffff93]-RB[0xffffffa0][0xffffff88][0xffffffa4][0xffffff84][0x4][0x12]I[0x9][0xffffff81]ezJ[0x4]8[0xffffff93]S" j[0xffffff94][0x12]J[0xffffff9e]hJh[0xffffff97][0xffffffa2])[0xffffffa1][0xffffffd4][0xffffff8a][0xffffffa5]D4-[0xffffff94][0x12]Q[0xffffffbc][0x17]R[0xffffffe2][0x10])q[0x1e][0xffffff93]z+[0xfffffff1]v[0x1e]8%[0xe][0xffffff83][0xffffff94]8"[0xffffffef][0xffffff89][0xffffff80][0x1f]XJ[0x1c]N)[0x11]QdRB[0x1][0xffffffc9][0xffffffa4]D[0xffffffc4]2?%v8[0xffffffb3]SbG[0xffffffd4])%[0xffffff84]<[0xffffffd9][0xffffff94][0xffffff90].eSB[0xffffffa8][0xffffff95]K[0xffffff89]`Z*%[0xffffff82]x/[0xffffffa4]DQ)Qg[0xffffffa7]R[0xffffffa2][0xffffffe0])Q[0xc]R[0xffffffa2]D[0xffffffde][0x13][0x1]/XJ[0x14][0xffffffa7][0xffffff94][0xffffff88](2)[0xffffffa1][0xffffff80]dR"b[0xffffff99][0xffffff9f][0x12];[0xffffff9c][0xffffffd9])[0xffffffb1]#[0xffffffea][0xffffff94][0x12]B[0xffffff9e]lJH[0xffffff97][0xffffffb2])![0xffffffd4][0xffffffca][0xffffffa5]D0-[0xffffff95][0x12]A[0xffffffbc][0x17]R[0xffffffa2][0xffffffaa][0xffffff94]h\JT<%[0xffffffaa]AJ[0xffffffd4][0xffffffc8]{"[0xffffffe0][0x15]K[0xffffff89][0xffffffea][0xffffff94][0x12][0x11]E&%[0x14][0xffffff90]LJD,[0xfffffff3]Sb[0xffffff87]3;%vD[0xffffff9d]RB[0xffffffc8][0xffffff93]M[0x9][0xffffffe9]R6%[0xffffff84]Z[0xffffffb9][0xffffff94][0x8][0xffffffa6][0xffffffa5]R"[0xffffff88][0xfffffff7]BJ4[0xffffff95][0x12][0xffffffbd][0xffffffdc][0xffffffa8][0xffffff94]hxJ4[0xffffff83][0xffffff94]h[0xffffff91][0xfffffff7]D[0xffffffc0][0x1b][0xffffff96][0x12][0xffffffcd])%"[0xffffff8a]LJ( [0xffffff99][0xffffff94][0xffffff88]X[0xffffffe6][0xffffffa7][0xffffffc4][0xe]gvJ[0xffffffec][0xffffff88]:[0xffffffa5][0xffffff84][0xffffff90]'[0xffffff9b][0x12][0xffffffd2][0xffffffa5]lJ[0x8][0xffffffb5]r)[0x11]LK[0xffffffa5]D[0x10][0xffffffef][0xffffff85][0xffffff94]P+[0xffffffaa][0xffffffce]>[\n]"
18:17:44.663 [TestNG-tests-2] DEBUG org.apache.hc.client5.http.wire - http-outgoing-2 << "[0xffffff95][0x12][0xfffffff8][0xffffff8a][0xffffffaa]j[0xffffffb0][0xffffffa2][0xffffffaa][0xffffff8a]=*[0xffffff89][0xffffff80]c+[0xffffffaa]j[0xffffffd8][0xffffff94]B[0xffffffa6][0xffffff84][0xffffffc9][0xffffff8a]*[0x9]$[0xffffff93][0x12][0x6]+[0xffffffaa][0x2][0xffffff9c][0xffffffd9])a[0xffffffbc][0xffffffa2]J[0xffffffc9][0xffffff93]M[0x9][0xffffffbf][0x15]UJ[0xffffffad]\J[0xffffffb8][0xffffffac][0xffffffa8][0xffffff8a][0xffffffe2][0xffffffbd][0xffffff90][0x12]jE"
18:17:44.664 [TestNG-tests-2] DEBUG org.apache.hc.client5.http.wire - http-outgoing-2 << "[0xffffffd5][0xffffffd9][0x17]v[0xffffffed][0x12]_QU[\r]VTU[0xffffffb1]G%[0x11]plEU[\r][0xffffff9b]R[0xffffffc8][0xffffff94]0YQ%[0xffffff81]dR[0xffffffc2]`EU[0xffffff80]3;%[0xffffff8c]WT)y[0xffffffb2])[0xffffffe1][0xffffffb7][0xffffffa2]J[0xffffffa9][0xffffff95]K[0x9][0xffffff97][0x15]UQ[0xffffffbc][0x17]R[0xffffffe2]T)1[0x1a][0xfffffff6]V[0xffffffe2][0xffffffc4]S[0xffffffe2]4H[0xffffff89]3[0xfffffff2][0xffffff9e][0x8][0xfffffff8][0xffffff89][0xffffffa5][0xffffffc4][0xffffffe9][0xffffff94][0x12][0x11]E&%[0x14][0xffffff90]LJD,[0xfffffff3]Sb[0xffffff87]3;%vD[0xffffff9d]RB[0xffffffc8][0xffffff93]M[0x9][0xffffffe9]R6%[0xffffff84]Z[0xffffffb9][0xffffff94][0x8][0xffffffa6][0xffffffa5]R"[0xffffff88][0xfffffff7]BJ[0xffffffa8]m[0xffffff97][0xffffffe7][0xffffffb9][0xffffffb0][0xffffffbd][0x12][0xfffffff8][0xffffffb6][0xffffffcb]j[0xffffffb0][0xffffffed][0xffffffb2][0xffffff8a][0xffffff95]l[0xffffff89][0xffffff80]c[0xffffffdb].kX[0xffffffba]F[0xffffffa6][0xffffff84][0xffffffc9][0xffffffb6]K[0x9]$[0xffffff93][0x12][0x6][0xffffffdb].[0x3][0xffffff9c][0xffffffd9])a[0xffffffbc][0xffffffed]R[0xffffffc9][0xffffff93]M[0x9][0xffffffbf]m[0xffffff97]J[0xffffffad]\J[0xffffffb8]l[0xffffffbb][0xffffff8c][0xffffffe2][0xffffffbd][0xffffff90][0x12]j[0xffffffdb][0xffffffe5]<*[0xfffffff6]V[0x2][0xffffffdf]vY[\r][0xffffffb6]]V[0xffffffb1][0xffffff92]-[0x11]pl[0xffffffdb]e[\r]K[0xffffffd7][0xffffffc8][0xffffff94]0[0xffffffd9]v)[0xffffff81]dR[0xffffffc2]`[0xffffffdb]e[0xffffff80]3;%[0xffffff8c][0xffffffb7]]*y[0xffffffb2])[0xffffffe1][0xffffffb7][0xffffffed]R[0xffffffa9][0xffffff95]K[0x9][0xffffff97]m[0xffffff97]Q[0xffffffbc][0xffffffaf][0xffffffa7]DS+[0xffffffaa][0xffffffe6][0xffffffb8]Q)[0xffffffd1][0xfffffff0][0x15]U[0xffffffcd]`EU[0x13]{T[0xfffffff2][0x0]o[0xffffffd8][0xffffff8a][0xffffffaa][0x16]6[0xffffffa5][0xffffff80])!PDRB[0x2][0xffffff89][0xffffffa4][0xffffff84][0xffffffc0]2=%[0x2][0xffffff9c][0xffffffc9])[0x11][0x10]5J[0x9]%O4%[0xffffffb4]K[0xffffffd1][0xffffff94]Pj[0xffffffc5]R"[0xffffff9a][0x16]J[0xffffff89]([0xffffffde][0xb])Q~)1%V?[0xffffffa8][0xffffff94][0xffffffb8][0xffffff9f][0x7]N[0xffffff89][0xffffffb7][0x13][0xffffffd0])[0xfffffff1][0xffffffed][0xc]LJ[0xffffffbc]=[0xffffff9d]I[0xffffff89][0xffffff8f]'{[0xffffffa4]DD[0xffffff91]I[0x9][0x5]$[0xffffff93][0x12][0x11][0xffffffcb][0xfffffffc][0xffffff94][0xffffffd8][0xffffffe1][0xffffffcc]N[0xffffff89][0x1d]Q[0xffffffa7][0xffffff94][0x10][0xfffffff2]dSB[0xffffffba][0xffffff94]M[0x9][0xffffffa1]V.%[0xffffff82]i[0xffffffa9][0xffffff94][0x8][0xffffffe2][0xffffffbd][0xffffff94][0x12][0xffffffd5],%*[0xffffff9e][0x12][0xffffffd5] %*[0xffffff9a][0x12][0x15]K[0xffffff89][0xffffffea][0xffffff94][0x12];[0xffffff8a]TJD [0xffffffa9][0xffffff94][0xffffffd8][0xffffffb1]$R[0xffffffa2][0xffffffc2])Q[0xffffff8d]S"[0xffffffc8][0xffffff93]N[0x9][0xffffffe1]R:%[0xffffff82]Z[0xffffffc9][0xffffff94][0xffffffa8].)Q[0x7f]:%[0xffffffd4][0xffffffb6][0xffffffcb]U[0x7][0xffffffb5][0xffffffed][0xffffffb2][0xffffffe1][0xffffffdb].[0xffffff9b][0xffffffc1][0xffffffb6][0xffffffcb]&V[0xffffffb2]%[0x2][0xffffff8e]m[0xffffffbb]la[0xffffffe9][0x1a][0xffffff99][0x12]&[0xffffffdb].%[0xffffff90]LJ[0x18]l[0xffffffbb][0xc]pf[0xffffffa7][0xffffff84][0xfffffff1][0xffffffb6]K%O6%[0xfffffffc][0xffffffb6]]*[0xffffffb5]r)[0xffffffe1][0xffffffb2][0xffffffed]2[0xffffff8a][0xfffffff7]BJ4[0xffffff95][0x12][0xffffffed]<[0xffffffa9][0xffffff94]hxJ4[0xffffff83][0xffffff94]h[0xffffff91][0xfffffff7]D[0xffffffc0][0x1b][0xffffff96][0x12][0xffffffcd])%"[0xffffff8a]LJ( [0xffffff99][0xffffff94][0xffffff88]X[0xffffffe6][0xffffffa7][0xffffffc4][0xe]gvJ[0xffffffec][0xffffff88]:[0xffffffa5][0xffffff84][0xffffff90]'[0xffffff9b][0x12][0xffffffd2][0xffffffa5]lJ[0x8][0xffffffb5]r)[0x11]LK[0xffffffa5]D[0x10][0xffffffef][0xffffff85][0xffffff94]P[0xffffffdb].[0xffffffd7]:[0x7][0xffffff95][0x12][0xfffffff8][0xffffffb6][0xffffffcb]f[0xffffffb0][0xffffffed][0xffffffb2][0xffffff89][0xffffff95]l[0xffffff89][0xffffff80]c[0xffffffdb].[X[0xffffffba]F[0xffffffa6][0xffffff84][0xffffffc9][0xffffffb6]K[0x9]$[0xffffff93][0x12][0x6][0xffffffdb].[0x3][0xffffff9c][0xffffffd9])a[0xffffffbc][0xffffffed]R[0xffffffc9][0xffffff93]M[0x9][0xffffffbf]m[0xffffff97]J[0xffffffad]\J[0xffffffb8]l[0xffffffbb][0xffffff8c][0xffffffe2][0xffffffbd][0xffffff90][0x12]b[0xffffffdb][0xffffffe5]y[0xffffffe3][0xffffff86]A[0x1b][0xffffffbe][0xffffffed][0xffffffb2][0x19]l[0xffffffbb]lb%["[0xffffffe0][0xffffffd8][0xffffffb6][0xffffffcb][0x16][0xffffff96][0xffffffae][0xffffff91])a[0xffffffb2][0xffffffed]R[0x2][0xffffffc9][0xffffffa4][0xffffff84][0xffffffc1][0xffffffb6][0xffffffcb][0x0]gvJ[0x18]o[0xffffffbb]T[0xfffffff2]dS[0xffffffc2]o[0xffffffdb][0xffffffa5]R+[0xffffff97][0x12].[0xffffffdb].[0xffffffa3]x/[0xffffffa4][0xffffff84][0xffffffd8]vy[0xffffffde][0xfffffffa]A[0xffffffad][0xffffffa8]j[0xfffffff8][0xffffffb6][0xffffffcb]f[0xffffffb0][0xffffffed][0xffffffb2][0xffffff89][0xffffff95]l[0xffffff89][0xffffff80]c[0xffffffdb].[X[0xffffffba]F[0xffffffa6][0xffffff84][0xffffffc9][0xffffffb6]K[0x9]$[0xffffff93][0x12][0x6][0xffffffdb].[0x3][0xffffff9c][0xffffffd9])a[0xffffffbc][0xffffffed]R[0xffffffc9][0xffffff93]M[0x9][0xffffffbf]m[0xffffff97]J[0xffffffad]\J[0xffffffb8]l[0xffffffbb][0xffffff8c][0xffffffe2][0xffffffbd][0xffffff90][0x12]b[0xffffffdb][0xffffffe5]y[0x1b]\J[0xffffffe0][0xffffffdb].[0xffffff9b][0xffffffc1][0xffffffb6][0xffffffcb]&V[0xffffffb2]%[0x2][0xffffff8e]m[0xffffffbb]la[0xffffffe9][0x1a][0xffffff99][0x12]&[0xffffffdb].%[0xffffff90]LJ[0x18]l[0xffffffbb][0xc]pf[0xffffffa7][0xffffff84][0xfffffff1][0xffffffb6]K%O6%[0xfffffffc][0xffffffb6]]*[0xffffffb5]r)[0xffffffe1][0xffffffb2][0xffffffed]2[0xffffff8a][0xfffffff7]BJ[0xffffff88]m[0xffffff97][0xfffffff7][0xffffff94][0x18]XJ[0xffffffe0][0xffffffdb].[0xffffff9b][0xffffffc1][0xffffffb6][0xffffffcb]&V[0xffffffb2]%[0x2][0xffffff8e]m[0xffffffbb]la[0xffffffe9][0x1a][0xffffff99][0x12]&[0xffffffdb].%[0xffffff90]LJ[0x18]l[0xffffffbb][0xc]pf[0xffffffa7][0xffffff84][0xfffffff1][0xffffffb6]K%O6%[0xfffffffc][0xffffffb6]]*[0xffffffb5]r)[0xffffffe1][0xffffffb2][0xffffffed]2[0xffffff8a][0xfffffff7][0xfffffff5][0xffffff94][0xffffffe8]7[0xffffff95][0x12][0xfffffff7][0xffffff98][0xffffff80]R[0xffffffe2][0xffffffed]<lJ<N[0x0][0xffffffa7][0xffffffc4][0xfffffff7]3 )[0xfffffff1]x:[0xffffff92][0x12][0xffffffdf][0xffffff9e]l[0xffffff91][0x12][0x2]E$%$[0xffffff90]HJ[0x8],[0xffffffd3]S"[0xffffffc0][0xffffff99][0xffffff9c][0x12][0x1]Q[0xffffffa3][0xffffff94]P[0xfffffff2]DSB[0xffffffbb][0x14]M[0x9][0xffffffa5]V,%[0xffffffa2]i[0xffffffa1][0xffffff94][0xffffff88][0xffffffe2][0xffffffbd][0xffffff90][0x12]bq[0xfffffff6]=%[0x1e][0xffffffc7]DR[0x2]_[0xffffff9c][0xffffffdd][\r][0x16]gw[0xffffffb1][0xffffffdd]5[0x11]plqv[0xf][0xfffffffb][[0xffffffc9][0xffffff94]0Y[0xffffff9c]-[0xffffff81]dR[0xffffffc2]`qv[0xffffff80]3;%[0xffffff8c][0x17]g+y[0xffffffb2])[0xffffffe1][0xffffffb7]8[[0xffffffa9][0xffffff95]K[0x9][0xffffff97][0xffffffc5][0xffffffd9]Q[0xffffffbc][0x17]R[0xffffffa2][0xfffffffc]r[0xffffffc4][0xffffff94]X[0xfffffffd]F[0xffffffa5][0xffffffc4][0xfffffffd]<pJ[0xffffffbc][0xffffff9d][0xffffff80]N[0xffffff89]og`R[0xffffffe2][0xffffffed][0xffffffe9]LJ|<[0xffffffd9]#%"[0xffffff8a]LJ( [0xffffff99][0xffffff94][0xffffff88]X[0xffffffe6][0xffffffa7][0xffffffc4][0xe]gvJ[0xffffffec][0xffffff88]:[0xffffffa5][0xffffff84][0xffffff90]'[0xffffff9b][0x12][0xffffffd2][0xffffffa5]lJ[0x8][0xffffffb5]r)[0x11]LK[0xffffffa5]D[0x10][0xffffffef][0xffffff85][0xffffff94][0x10][0xffffffdb].[0xffffffcf][0xffffffa3][0x16]j[0xffffffdb]e[0xffffffc7][0xffffffb7]]v[0xffffff83]m[0xffffff97]][0xffffffac]dK[0x4][0x1c][0xffffffdb]v[0xffffffd9][0xffffffc3][0xffffffd2]52%L[0xffffffb6]]J [0xffffff99][0xffffff94]0[0xffffffd8]v[0x19][0xffffffe0][0xffffffcc]N[0x9][0xffffffe3]m[0xffffff97]J[0xffffff9e]lJ[0xfffffff8]m[0xffffffbb]Tj[0xffffffe5]R[0xffffffc2]e[0xffffffdb]e[0x14][0xffffffef][0xffffff85][0xffffff94]h*%[0xfffffffa][0xffffffd1][0xffffffa8][0xffffff94]hxJ4[0xffffff83][0xffffff94]h[0xffffff91][0xfffffff7]D[0xffffffc0][0x1b][0xffffff96][0x12][0xffffffcd])%"[0xffffff8a]LJ( [0xffffff99][0xffffff94][0xffffff88]X[0xffffffe6][0xffffffa7][0xffffffc4][0xe]gvJ[0xffffffec][0xffffff88]:[0xffffffa5][0xffffff84][0xffffff90]'[0xffffff9b][0x12][0xffffffd2][0xffffffa5]lJ[0x8][0xffffffb5]r)[0x11]LK[0xffffffa5]D[0x10][0xffffffef][0xffffff85][0xffffff94][0x10][0xffffffdb].[0xffffffcf]c[0xffffffce]E[0xffffffa5][0x4][0xffffffbe][0xffffffed][0xffffffb2][0x1b]l[0xffffffbb][0xffffffec]b%["[0xffffffe0][0xffffffd8][0xffffffb6][0xffffffcb][0x1e][0xffffff96][0xffffffae][0xffffff91])a[0xffffffb2][0xffffffed]R[0x2][0xffffffc9][0xffffffa4][0xffffff84][0xffffffc1][0xffffffb6][0xffffffcb][0x0]gvJ[0x18]o[0xffffffbb]T[0xfffffff2]dS[0xffffffc2]o[0xffffffdb][0xffffffa5]R+[0xffffff97][0x12].[0xffffffdb].[0xffffffa3]x/[0xffffffa4][0xffffff84][0xffffffda]vY[0xffffff8e][0x1b][0xfffffff5][\r][0xffffff8e][0xffffff8e]o[0xffffffbb][0xffffffec][0x6][0xffffffdb].[0xffffffbb]X[0xffffffc9][0xffffff96][0x8]8[0xffffffb6][0xffffffed][0xffffffb2][0xffffff87][0xffffffa5]kdJ"
18:17:44.664 [TestNG-tests-2] DEBUG org.apache.hc.client5.http.wire - http-outgoing-2 << "[0xffffff98]l[0xffffffbb][0xffffff94]@2)a[0xffffffb0][0xffffffed]2[0xffffffc0][0xffffff99][0xffffff9d][0x12][0xffffffc6][0xffffffdb].[0xffffff95]<[0xffffffd9][0xffffff94][0xfffffff0][0xffffffdb]v[0xffffffa9][0xffffffd4][0xffffffca][0xffffffa5][0xffffff84][0xffffffcb][0xffffffb6][0xffffffcb]([0xffffffde]K)Q[0xffffffcc]R[0xffffffa2][0xffffffe0])Q[0xc]R[0xffffffa2][0xffffffa0])Q[0xffffffb0][0xffffff94](N)[0xffffffb1][0xffffffa3]H[0xffffffa5]D[0x4][0xffffff92]J[0xffffff89][0x1d]K"%[\n]"
18:17:44.664 [TestNG-tests-2] DEBUG org.apache.hc.client5.http.wire - http-outgoing-2 << "[0xffffff9c][0x12][0xffffffc5]8%[0xffffff82]<[0xffffffe9][0xffffff94][0x10].[0xffffffa5]S"[0xffffffa8][0xffffff95]L[0xffffff89][0xffffffe2][0xffffff92][0x12][0xffffffe5][0xffffffa7]SB-[0xffffffce].[0xffffffbd]6*%[0xfffffff0][0xffffffc5][0xffffffd9][0xffffffdd]`qv[0x17][0xffffffdb]][0x13][0x1][0xffffffc7][0x16]g[0xfffffff7][0xffffffb0][0xffffffbf][0xffffff95]L[0x9][0xffffff93][0xffffffc5][0xffffffd9][0x12]H&%[0xc][0x16]g[0x7]8[0xffffffb3]S[0xffffffc2]xq[0xffffffb6][0xffffff92]'[0xffffff9b][0x12]~[0xffffff8b][0xffffffb3][0xffffff95]Z[0xffffffb9][0xffffff94]pY[0xffffff9c][0x1d][0xffffffc5]{!%[0xffffffd4][0xffffffe2][0xffffffec][0xfffffffb][0xffffffff])TJ[0xffffffe0][0xffffff8b][0xffffffb3][0xffffffbb][0xffffffc1][0xffffffe2][0xffffffec].[0xffffffb6][0xffffffbb]&[0x2][0xffffff8e]-[0xffffffce][0xffffffee]a[0x7f]+[0xffffff99][0x12]&[0xffffff8b][0xffffffb3]%[0xffffff90]LJ[0x18],[0xffffffce][0xe]pf[0xffffffa7][0xffffff84][0xfffffff1][0xffffffe2]l%O6%[0xfffffffc][0x16]g+[0xffffffb5]r)[0xffffffe1][0xffffffb2]8;[0xffffff8a][0xfffffff7]BJ[0xffffffa8][0xffffffc5][0xffffffd9][0xfffffff5][0xffffffc0]>2[0xffffffde][0xfffffff1][0xffffffc5][0xffffffd9][0xffffffdd]`qv[0x17][0xffffffdb]][0x13][0x1][0xffffffc7][0x16]g[0xfffffff7][0xffffffb0][0xffffffbf][0xffffff95]L[0x9][0xffffff93][0xffffffc5][0xffffffd9][0x12]H&%[0xc][0x16]g[0x7]8[0xffffffb3]S[0xffffffc2]xq[0xffffffb6][0xffffff92]'[0xffffff9b][0x12]~[0xffffff8b][0xffffffb3][0xffffff95]Z[0xffffffb9][0xffffff94]pY[0xffffff9c][0x1d][0xffffffc5][0xfffffffb]zJ[0xc][0xffffffb5]8[0xffffffbb][0xffffffd6]N[0xffffffed][0xffffff95][0x18][0xfffffff8][0xffffffe2][0xffffffec]a[0xffffffb0]8{[0xffffff88][0xffffffed][0xffffffae]y[0xffffff80][0xf]lq[0xfffffff6][0x8][0xfffffffb][[0xffffffc1][0xffffff94][0x10](")![0xffffff81]DRB`[0xffffff99][0xffffff9e][0x12][0x1][0xffffffce][0xffffffe4][0xffffff94][0x8][0xffffff88][0x1a][0xffffffa5][0xffffff84][0xffffff92]'[0xffffff9a][0x12][0xffffffda][0xffffffa5]hJ([0xffffffb5]b)[0x11]M[0xb][0xffffffa5]D[0x14][0xffffffef][0xffffff85][0xffffff94]P[0xffffff8b][0xffffffb3][0xffffffeb][0xffffff89]m[0xffffffbb][0x1c][0xfffffff8][0xffffffe2][0xffffffec]a[0xffffffb0]8{[0xffffff88][0xffffffed][0xffffffae][0xffffff89][0xffffff80]c[0xffffff8b][0xffffffb3]G[0xffffffd8][0xffffffdf]J[0xffffffa6][0xffffff84][0xffffffc9][0xffffffe2]l[0x9]$[0xffffff93][0x12][0x6][0xffffff8b][0xffffffb3][0x3][0xffffff9c][0xffffffd9])a[0xffffffbc]8[[0xffffffc9][0xffffff93]M[0x9][0xffffffbf][0xffffffc5][0xffffffd9]J[0xffffffad]\J[0xffffffb8],[0xffffffce][0xffffff8e][0xffffffe2][0xffffffbd][0xffffff90][0x12]E[0xffffffa5][0xffffffc4][0xffffffc4]>2[0xfffffffe]v[0x1e]8%[0xffffff8a]AJ[0xffffff94][0xffffffc8]{"[0xffffffe0][0x5]K[0xffffff89][0xffffffe2][0xffffff94][0x12][0x11]E&%[0x14][0xffffff90]LJ[0xfffffffc][0xffffffff][0xffffffcd][0xffffffdd]Q[0xffffff8e][0xffffffdd]:[0xffffffb6][0xffffff84][0xffffffe9][0xfffffff7][0x1e][0xffffffcc][0xffffffc5]&%Q[0xffffffe2]`z(=[0xfffffff7]Ng[0xfffffffa][0xffffffd8].F[0xffffffec][0x3][0xffffff98]y[0xffffffb0][0xfffffffe]@=\[0xffffffa0].[0xffffffe0]-[0x14][0x2][0xffffff81][0xf]J1[0xffffffa8][0xffffffb1][0xffffffac][0xffffffa7][0xffffffc4][0x1a][0xffffffce]jJ[0xffffffac][0x11]M[0xffffffa2][0xffffff84])O[0xffffff96][0x12][0xffffffb6]KYJ[0xffffff98]j[0xffffffe5](!MKQB[0xffffff8a]w[0xffffff83][0x12]n8[0xfffffffb]x[0xffffffb0]K[0xffffffc6][0x7]>[0xffffff9c]=[0x2][0xffffff86][0xffffffb3][0xffffff87]Yw-[0xc]86[0xffffff9c]=d[0xffffffbf][0xffffff95][0xffffffa4]D[0xffffffc8]p[0xffffffb6][\r]$C[0xffffff89][0xffffff80][0xffffffe1]l[0x9]g5%[0xffffff82][0xffffff87][0xffffffb3]]y[0xffffffb2][0xffffff94][0xffffffc8][0x1b][0xffffffce]v[0xffffffd5][0xffffffca]Q"e8[[0xffffff8b]w[0xffffff83][0x12][0xffffffa7][0xffffffa3][0xffffffc4]l[0xffffffd8][0x1f]8N[0xffffff9c][0x12]g[0x0]%N[0xffffffcd]{a[0xffffffc0]O[0xffffff8c][0x12]g[0x12]%4[0xffffff8a][0xc]%\ [0x19]Jh,[0xffffffeb])[0xffffffb1][0xffffff86][0xffffffb3][0xffffff9a][0x12]kD[0xffffff93](a[0xffffffca][0xffffff93][0xffffffa5][0xffffff84][0xffffffed]R[0xffffff96][0x12][0xffffffa6]Z9JH[0xffffffd3]R[0xffffff94][0xffffff90][0xffffffe2][0xffffffdd][0xffffffa0][0xffffff84][0x1b][0xffffffce]>[0xffffffe6][0xffffffa0]Np[0xc]|8{[0x4][0xc]g[0xf][0xffffffb3][0xffffffee]Z[0x18]pl8{[0xffffffc8]~+I[0xffffff89][0xffffff90][0xffffffe1]l[0x1b]H[0xffffff86][0x12][0x1][0xffffffc3][0xffffffd9][0x12][0xffffffce]jJ[0x4][0xf]g[0xffffffbb][0xfffffff2]d)[0xffffff91]7[0xffffff9c][0xffffffed][0xffffffaa][0xffffff95][0xffffffa3]D[0xffffffca]p[0xffffffb6][0x16][0xffffffef][0x6]%[0xffffffdc]p[0xfffffff6][0xffffffd9]^[0xffffffd8][0x1f]8[0xfffffff0][0xffffffe1][0xffffffec][0x11]0[0xffffff9c]=[0xffffffcc][0xffffffba]ka[0xffffffc0][0xffffffb1][0xffffffe1][0xffffffec]![0xfffffffb][0xffffffad]$%B[0xffffff86][0xffffffb3]m [0x19]J[0x4][0xc]gK8[0xffffffab])[0x11]<[0xffffff9c][0xffffffed][0xffffffca][0xffffff93][0xffffffa5]D[0xffffffde]p[0xffffffb6][0xffffffab]V[0xffffff8e][0x12])[0xffffffc3][0xffffffd9]Z[0xffffffbc][[0xffffff94][0xffffffe8]a[0xffffff94][0xffffff80][0xffffff87][0xffffffb3]G[0xffffffc0]p[0xfffffff6]0[0xffffffeb][0xffffffae][0xffffffa5][0x1][0xffffff87][0xffffff86][0xffffffb3][0xffffff87][0xffffffec][0xffffffb7][0xffffffb2][0xffffff94][0xffffff88][0x18][0xffffffce][0xffffffb6][0xffffff81][0xffffffa4]([0xffffff81][0xf]gK8[0xffffffeb])[0x11];[0xffffff9c][0xffffffed][0xffffffca][0xffffff93][0xffffffa6]D[0xffffffda]p[0xffffffb6][0xffffffab]V[0xffffff92][0x12][0x19][0xffffffc3][0xffffffd9]Z[0xffffffbc][0x1b][0xffffff94]p[0xffffffc3][0xffffffd9][0xffffffe7]uRk[0xffffff97][0x3][0x1f][0xffffffce][0x1e][0x1][0xffffffc3][0xffffffd9][0xffffffc3][0xffffffac][0xffffffbb][0x16][0x6][0x1c][0x1b][0xffffffce][0x1e][0xffffffb2][0xffffffdf]JR"d8[0xffffffdb][0x6][0xffffff92][0xffffffa1]D[0xffffffc0]p[0xffffffb6][0xffffff84][0xffffffb3][0xffffff9a][0x12][0xffffffc1][0xffffffc3][0xffffffd9][0xffffffae]<YJ[0xffffffe4][\r]g[0xffffffbb]j[0xffffffe5]([0xffffff91]2[0xffffff9c][0xffffffad][0xffffffc5][0xffffffbb]E[0x9][0xfffffff3]V[0x2][0xffffffa5][0x4][0xfffffffd]V[0xffffffe2][0xe]x+q+[0xffffff9d]K[0x3]N[0xffffffbd][0xffffff95][0xffffffb8][0xffffff93][0xffffffde]Jh[0x14])J[0xffffffa4][0xffffffbc][0xffffff95][0xffffffd0]X[0x12][0xffffff94]`[0xffffffdf]J[0xffffffac][0x11][0xffffffcd][0xffffffa2]D[0xffffffd8][[0x9][0xffffffdb][0xffffffa5]4%[0xffffff82][0xffffffde]JH[0xffffffd3]r[0xffffff94][0xfffffff8]/[0xffffffde]J<a[0xffffff94]xpJ<[0x1][0xffffff94]xPJ<[0x18]%[0xffffff9e]$J[0xffffffac]Q[0xffffffa4]([0xffffffa1][0xffffff81][0xffffffa4]([0xffffffb1][0xffffffc6][0xffffff92][0xffffffa0][0xffffffc4][0x3]S[0xffffffe2][0x9][0xffffffa6][0xffffff84][0xffffff94]'M[0x9][0xffffffd3][0xffffffa5]4%[0xffffffa4]ZIJ<)[0xffffff94]x[0xfffffffe][0x3]J[0xfffffff4][0x19]f[0xffffff89]>qL|<[0x2][0xffffffaf][0xffffff89][0xffffff9f][0xf]Aq[0xffffffe2][0xffffffe3][0xffffffe7])O|[0xfffffffd]t[\n]"
18:17:44.664 [TestNG-tests-2] DEBUG org.apache.hc.client5.http.wire - http-outgoing-2 << "($[0xffffff8f][0xffffff94](L*)RH6[0x9]S,[0x9][0xffffffad]G[0xffffffc5][0xffffff92][0xffffffd3],Uh[0xffffff8d][0xffffffd2][0xffffffac]p[0xffffffad]J[0xffffffbb]BK[0xffffff96][0xffffff84][0xffffffc5][0xffffffda][0xffffffb9][0xffffff9c],[0xffffffd6][\n]"
18:17:44.664 [TestNG-tests-2] DEBUG org.apache.hc.client5.http.wire - http-outgoing-2 << "[0xffffffde][0xffffffa2][0xffffffc5][0xffffff99]F[0xffffff8b][0xffffff93][0xffffffa7][0xffffffc5][0xffffff99]@[0xffffff8b][0xffffff93][0xffffffa5][0xffffffc5][0xffffffc9][0xffffffd1][0xffffffe2][0xffffff8c][0xffffffa2][0xffffff85][0xffffffe4][0xffffff91][0xffffffa2][0xffffff85]I%E[0xb][0xffffffc9]&A[0xffffff8b][0xffffff93][0xffffffa6][0xffffffc5][0xffffff99]L[0xb][0xffffffad]Q[0xffffff9a][0x16][0xffffffae]UiZh[0xffffffc9][0xffffff92][0xffffffb4]X;[0xffffff97][0xffffffa3][0xffffffc5]Z[0xffffffc1][[0xffffffb4][0x18]i[0xffffffdf]e[0xe][0xfffffffe][0xffffffc3][0xffffffcc][0xffffff8f]G[0xffffffe0]i[0xfffffff1][0xfffffff3]!(Z[0xc][0xffffffee][0xffffffdb][0xffffffcc][0x11][0xfffffff5]q[0xffffffa6][0xffffffe4][0xffffff91][0xffffffa2][0xffffff85]I%E[0xb][0xffffffc9]&A[0xffffff8b]A[0x7f][0xffffffa0]9[0xffffff92][0xffffffbf][0xffffffd0][0xffffffd4][0x1a][0xffffffa5]i[0xffffffe1]Z[0xffffff95][0xffffffa6][0xffffff85][0xffffff96],I[0xffffff8b][0xffffffb5]s9Z[0xffffffac][0x15][0xffffffbc]E[0xffffff8b];[0xffffffed][0xffffffe3][0xffffff8a][0xffffff9b][0xffffffff][0xffffffba][0xffffffe2]N[0xfffffff8][0xffffffbc][0xffffffe2]f[0xffffffbf][0xffffffaf][0xffffffb8][0xffffffb9][0xf],[0xffffffee][0xffffffa8]/,$[0xffffff8f][0x14]-L*)ZH6[0x9]Z[0xffffffdc][0xfffffff4]W[0x16]w[0xfffffff2]g[0x16]Z[0xffffffa3]4-\[0xffffffab][0xffffffd2][0xffffffb4][0xffffffd0][0xffffff92]%i[0xffffffb1]v.G[0xffffff8b][0xffffffb5][0xffffff82][0xffffffb7]h1[[0x18]-f[0xffffffc3]i[0xfffffff1][0xfffffff1][0x8]<-~>[0x4]E[0xffffff8b][0xffffff8f][0xffffff9f][0xffffffa7]h[0xfffffff1][0xfffffff5][0xffffffd3])[0xffffffb4][0xffffff90]<R[0xffffffb4]0[0xffffffa9][0xffffffa4]h![0xffffffd9]$h[0xffffffb1]$[0xffffffb4][0xffffff9e][0x16]KN[0xffffffb3]h[0xffffffa1]5J[0xffffffd3][0xffffffc2][0xffffffb5]*M[0xb]-Y[0xffffff92][0x16]k[0xffffffe7]r[0xffffffb4]X+x[0xffffff8b][0x16][0xffffffed][0xffffffba][0xffffffc2]l[0xfffffff1][0xfffffff1]D"
18:17:44.667 [TestNG-tests-2] DEBUG org.apache.hc.client5.http.wire - http-outgoing-2 << "8.~<[0x3][0xffffffaf][0xffffff8b][0x7f][0xffffff9e][0xffffff82][0xffffffe2][0xffffffc5][0xffffff8f][0xffffffdf][0xffffffa7]|[0xfffffff1][0xfffffff3][0xffffffb7]S[0xffffff80][0xffffffa1][0xffffffa1][0xffffffa4][0xffffff84][0xffffffe1][0xffffffa2]I[0x11]C[0x3]J[0x18]c[0xffffff8d]i=2[0xffffffd6][0xffffffb0]f)[0xffffffc3][0x14]*[0xffffffcd][0xc][0xffffffdb][0xffffffaf][0xffffffb4]3L[0xffffffdd][0xffffff92][0xffffffd0][0xffffff90][0xfffffff6][0xffffffe5][0xffffffa4]!e[0xffffffbc]E[0xffffff8d][0xfffffffe]J{[0xffffff8d][0xfffffff1][0xfffffff1]D85~<[0x3]O[0xffffff8d][0x7f][0xffffff9e][0xffffff82][0xffffffa2][0xffffffc6][0xffffff8f][0xffffffdf][0xffffffa7][0xffffffa8][0xfffffff1][0xfffffff3][0xffffffb7]S[0xffffffa8][0xffffffa1][0xffffffa1][0xffffffa4][0xffffffa8][0xffffffe1][0xffffffa2]IQC[0x3]JPc[0xffffff8d]i=5[0xffffffd6][0xffffffb0]fQ[0xffffffc3][0x14]*M[\r][0xffffffdb][0xffffffaf]45L[0xffffffdd][0xffffff92][0xffffffd4][0xffffff90][0xfffffff6][0xffffffe5][0xffffffa8]!e[0xffffffbc]I[0xffffff8d];[0xffffff8e][0x1a]w[0x0]5[0xffffffee][0x8]j[0xffffffdc]05n[0xffffff90][0x1a]w[0x16]5[0xffffffd6]Pr[0xffffffd4][0xffffffd0]hr[0xffffffd4]X[0x3][0xffffffca]P[0xffffffe3][0xffffffc6][0xffffffa9]qGSC[\n]"
18:17:44.668 [TestNG-tests-2] DEBUG org.apache.hc.client5.http.wire - http-outgoing-2 << "[0xffffff95][0xffffffa7][0xffffff86][0xffffffe9]W[0xffffff9e][0x1a]R[0xffffffb7],5[0xffffffee][0x1c]j[0xffffffdc][0xfffffffb][0xffffffd4][0xffffffb8][0xffffffbe][0xfffffffe][0xffffff95][0xffffffc7][0xc]}_[0xffffffc7][0xffffffd5][0xffffffca][0xffffffa1][0xfffffff1][0xfffffffb]y(f[0xfffffffc][0xfffffff1][0x4][0x18]2[0xffffff96]g(&[0xffffffc6][0x1f][0xffffffbf]^[0xc][0xffffff8c][0xffffffff][0xfffffffd]e[0xffffff98][0x17]o[0xffffffa3]X[0xffffff8c][0xffffff8b][0x7f][0x9]d1-[0xffffffde][0xffffffc6][0xffffffb2][0x10][0x16]o[0xffffffc2]Y[0xffffffc6][0xffffff8a]7[0x11][0xffffff8d]@[0xffffffc5][0xfffffffb][0xfffffff2][0xffffff84]H[0xfffffff1]o][\n]"
18:17:44.668 [TestNG-tests-2] DEBUG org.apache.hc.client5.http.wire - http-outgoing-2 << "[0xffffff81][0xffffffe2]}[0xffffffb5][0x2][0xffffff9c]x[0xffffffd7][0xffffffb4][0xffffffe5][0xffffff98]xW[0xffffffbc][[0xffffff94][0xffffffe8]a[0xffffff94][0xffffffc0][0xffffff86][0xffffffbe][0xffffffff]x[0x2][0xffffff9e][0x12][0xffffffc8][0xffffffd0][0xfffffff7][0x1f][0xffffffbf]NQ"a[0xffffffe8][0xfffffffb]m[0x14])J[0xffffffe0]C[0xffffffdf]ocIP[0x2][0x1a][0xfffffffa]~[0x13][0xffffffd1],J[0xffffffa4][0xc]}[0xffffffff][[0xffffff97][0xffffffd2][0xffffff94]H[0x18][0xfffffffa]~[0xffffffd7][0xffffffb4][0x1c]%[0xffffffbe]1[0xfffffff4][0xfffffffd][0xfffffff3][0xffffffdf][0xffffff98][0xffffffee][0xffffffad][0xffffffc4]u`[0xffffff94][0xffffff98][0xfffffff8][[0xffffff89][0x19][0xfffffff0]Vb*[0xffffff9d][0xb][0x3]>[0xffffffb1][0xffffffb7][0x12]3[0xffffffe9][0xffffffad][0xffffff84]F[0xffffff91][0xffffffa1][0xffffff84][0xb]$C[0x9][0xffffff8d]e=%[0xffffffd6]pVSb[0xffffff8d]h[0x12]%Ly[0xffffffb2][0xffffff94][0xffffffb0]][0xffffffca]R[0xffffffc2]T+G[0x9]iZ[0xffffff8a][0x12]R[0xffffffbc][0x7f]O[0xffffff89][0xfffffffb][0xffffffe5](1[0xffffffef][0x9]Q[0xffffffe2][0xffffffc7][0xfffffff3][0xffffffb0][0xffffff94][0xfffffff8]|[0x2][0xffffff98][0x12][0xffffffbf][0xffffff9e][0x1][0xffffffa1][0xffffffc4][0xffffffe7][0xffffffaf]#[0xffffff94][0xfffffff8][0xffffffe7][0xffffff97]#(a[0xffffffa2][0xffffff88]P[0xffffffc2][0x6][0x12][0xffffffa1][0xffffff84][0xffffff89]e9%$[0xffffff9c][0xffffffc5][0xffffff94][0xffffff90][0xffffff88][0x6]Q[0xffffffc2][0xffffff95]'J[0x9][0xffffffdf][0xffffffa5](%\[0xffffffb5]b[0xffffff94][0xffffffd0][0xffffffa6][0xffffff85]([0xffffffa1][0xffffffc5][0xffffffbb]A[0xffffff89]f(1[0xffffffda]x(J4[0xffffff9c][0x12]-[0xffffff80][0x12]M[0xfffffff3]^[0x18][0xfffffff0][0xffffff86]Q[0xffffffa2]%QB[0xffffffa3][0xffffffc8]P[0xffffffc2][0x5][0xffffff92][0xffffffa1][0xffffff84][0xffffffc6][0xffffffb2][0xffffff9e][0x12]k8[0xffffffab])[0xffffffb1]F4[0xffffff89][0x12][0xffffffa6]<YJ[0xffffffd8].e)a[0xffffffaa][0xffffff95][0xffffffa3][0xffffff84]4-E[0x9])[0xffffffde][\r]JtG[0xffffff89]q[0xffffff9e][0x14]%:N[0xffffff89][0x1e]@[0xffffff89][0xffffffae]y/[0xc]x[0xffffffc7]([0xffffffd1][0xffffff93]([0xffffffa1]Qd([0xffffffe1][0x2][0xffffffc9]PBcYO[0xffffff89]5[0xffffff9c][0xffffffd5][0xffffff94]X#[0xffffff9a]D[0x9]S[0xffffff9e],%l[0xffffff97][0xffffffb2][0xffffff94]0[0xffffffd5][0xffffffca]QB[0xffffff9a][0xffffff96][0xffffffa2][0xffffff84][0x14][0xffffffef][0x6]%[0xe]G[0xffffff89][0xffffffe7][0x1c][0x14]%[0xe][0xffffff9c][0x12]G[0x0]%[0xe][0xffffffcd]{a[0xffffffc0][0xf][0xffffff8c][0x12]G[0x12]%4[0xffffff8a][0xc]%\ [0x19]Jh,[0xffffffeb])[0xffffffb1][0xffffff86][0xffffffb3][0xffffff9a][0x12]kD[0xffffff93](a[0xffffffca][0xffffff93][0xffffffa5][0xffffff84][0xffffffed]R[0xffffff96][0x12][0xffffffa6]Z9JH[0xffffffd3]R[0xffffff94][0xffffff90][0xffffffe2][0xffffffdd][0xffffffa0][0xffffffc4]i(q[0xfffffff7][0xffffffd7][0xffffff8b][0xffffffa2][0xffffffc4][0xffffff89]S[0xffffffe2][0xc][0xffffffa0][0xffffffc4][0xffffffa9]y/[0xc][0xfffffff8][0xffffff89]Q[0xffffffe2]L[0xffffffa2][0xffffff84]F[0xffffff91][0xffffffa1][0xffffff84][0xb]$C[0x9][0xffffff8d]e=%[0xffffffd6]pVSb[0xffffff8d]h[0x12]%Ly[0xffffffb2][0xffffff94][0xffffffb0]][0xffffffca]R[0xffffffc2]T+G[0x9]iZ[0xffffff8a][0x12]R[0xffffffbc][0x1b][0xffffff94][0xffffffb8],%[0x6][0xfffffff6]V[0xffffffe2][0xffffffc2])q[0x5]P[0xffffffe2][0xffffffd2][0xffffffbc][0x17][0x6][0xfffffffc][0xffffffc2](q%QB[0xffffffa3][0xffffffc8]P[0xffffffc2][0x5][0xffffff92][0xffffffa1][0xffffff84][0xffffffc6][0xffffffb2][0xffffff9e][0x12]k8[0xffffffab])[0xffffffb1]F4[0xffffff89][0x12][0xffffffa6]<YJ[0xffffffd8].e)a[0xffffffaa][0xffffff95][0xffffffa3][0xffffff84]4-E[0x9])[0xffffffde][\r]J[0xc]G[0xffffff89][0xffffffa3]c'8[0x6]N[0xffffff89][0x11]@[0xffffff89][0xffffffa1]y/[0xc][0xfffffff8][0xffffffc0](1[0xffffff92]([0xffffffa1]Qd([0xffffffe1][0x2][0xffffffc9]PBcYO[0xffffff89]5[0xffffff9c][0xffffffd5][0xffffff94]X#[0xffffff9a]D[0x9]S[0xffffff9e],%l[0xffffff97][0xffffffb2][0xffffff94]0[0xffffffd5][0xffffffca]QB[0xffffff9a][0xffffff96][0xffffffa2][0xffffff84][0x14][0xffffffef][0x6]%nK[0xffffff89][0xffffffbb]S[0xffffff94][0xffffffb8]qJ[0xffffffdc][0x1][0xffffff94][0xffffffb8]5[0xffffffef][0xffffff85][0x1][0xffffffbf]1J[0xffffffdc]I[0xffffff94][0xffffffd0](2[0xffffff94]p[0xffffff81]d([0xffffffa1][0xffffffb1][0xffffffac][0xffffffa7][0xffffffc4][0x1a][0xffffffce]jJ[0xffffffac][0x11]M[0xffffffa2][0xffffff84])O[0xffffff96][0x12][0xffffffb6]KYJ[0xffffff98]j[0xffffffe5](!MKQB[0xffffff8a]w[0xffffff83][0x12]n8[0xfffffffb]>[0xf][0xffffff8c][0x12][0xfffffff8]p[0xfffffff6][0x1d]0[0xffffff9c]}[0xffffff9b]u[0xffffffd7][0xffffffc2][0xffffff80]c[0xffffffc3][0xffffffd9][0xffffffb7][0xffffffec][0xffffffb7][0xffffff92][0xffffff94][0x8][0x19][0xffffffce][0xffffffb6][0xffffff81]d([0x11]0[0xffffff9c]-[0xffffffe1][0xffffffac][0xffffffa6]D[0xfffffff0]p[0xffffffb6]+O[0xffffff96][0x12]y[0xffffffc3][0xffffffd9][0xffffffae]Z9J[0xffffffa4][0xc]gk[0xfffffff1]nP[0xffffffc2][0xffffffad]][0xffffffde][0xffffffd7][0xffffffe7]c"[0xffffff94][0xffffffc0][0xffffffd7].[0xffffffef][0xffffff80][0xffffffb5][0xffffffcb][0xffffffdb]L[0xffffffb2][0x15][0x6][0x1c][[0xffffffbb][0xffffffbc]et[0xffffff8d][0xffffffa4]D[0xffffffc8][0xffffffda][0xffffffa5][\r]$C[0xffffff89][0xffffff80][0xffffffb5]K[0x9]g5%[0xffffff82][0xffffffd7].]y[0xffffffb2][0xffffff94][0xffffffc8][[0xffffffbb]t[0xffffffd5][0xffffffca]Q"e[0xffffffed]R[0xffffff8b]w[0xffffff8b][0x12]G[0x18]%[0xe][0xffffff9c][0x12]G[0x0]%[0xe][0xffffff94][0x12][0x7]F[0xffffff89]#[0xffffff89][0x12]k[0x14])Jh )J[0xffffffac][0xffffffb1]$(q[0xffffffc0][0xffffff94]8[0xffffff82])![0xffffffe5]IS[0xffffffc2]t)M[0x9][0xffffffa9]V[0xffffff92][0x12]G[\n]"
18:17:44.668 [TestNG-tests-2] DEBUG org.apache.hc.client5.http.wire - http-outgoing-2 << "%[0xffffff8e][0xffffffef]R[0xffffffe2]qk[0xffffff97][0xffffffcf]9[0xf][0xffffff88][0x12][0xf][0xffffffbe]v[0xfffffff9][0x4][0xffffffac]]]]><![CDATA[>f[0xffffff92][0xffffffad].[0xffffffe0][0xf][0xffffffb6]v[0xfffffff9][0xffffffc8][0xffffffe8][0x1a]H[0x9][0x13]E[0xffffff84][0x12]6[0xffffff90][0x8]%L,[0xffffffcb])![0xffffffe1],[0xffffffa6][0xffffff84]D4[0xffffff88][0x12][0xffffffae]<QJ[0xfffffff8].E)[0xffffffe1][0xffffffaa][0x15][0xffffffa3][0xffffff84]6-D[0x9]-[0xffffffde][\r]J[0xffffffb8][0xffffffb5][0xffffffcb]g<[0x18]%[0xfffffff0][0xffffffb5][0xffffffcb]'`[0xffffffed][0xfffffff2]1[0xffffff93]l[0xffffff85][0x1][0xffffffc7][0xffffffd6].[0x1f][0x19]]#)[0x11][0xffffffb2]vi[0x3][0xffffffc9]P"`[0xffffffed]R[0xffffffc2]YM[0xffffff89][0xffffffe0][0xffffffb5]KW[0xffffff9e],%[0xfffffff2][0xffffffd6].][0xffffffb5]r[0xffffff94]HY[0xffffffbb][0xffffffd4][0xffffffe2][0xffffffdd][0xffffffa0][0xffffff84][[0xffffffbb]|[0xffffffe6][0xffffff8b][0xffffffba][0x19][0xfffffff4][0xffffffc1][0xffffffd7].[0xffffff9f][0xffffff80][0xffffffb5][0xffffffcb][0xffffffc7]L[0xffffffb2][0x15][0x6][0x1c][[0xffffffbb]|dt[0xffffff8d][0xffffffa4]D[0xffffffc8][0xffffffda][0xffffffa5][\r]$C[0xffffff89][0xffffff80][0xffffffb5]K[0x9]g5%[0xffffff82][0xffffffd7].]y[0xffffffb2][0xffffff94][0xffffffc8][[0xffffffbb]t[0xffffffd5][0xffffffca]Q"e[0xffffffed]R[0xffffff8b]w[0xffffff83][0x12]n[0xffffffed]r[0xfffffff6][0x13]{+[0xffffff81][0xffffffaf]]]]><![CDATA[>[0x1]k[0xffffff97][0xffffff8f][0xffffff99]d+[0xc]8[0xffffffb6]v[0xfffffff9][0xffffffc8][0xffffffe8][0x1a]I[0xffffff89][0xffffff90][0xffffffb5]K[0x1b]H[0xffffff86][0x12][0x1]k[0xffffff97][0x12][0xffffffce]jJ[0x4][0xffffffaf]]"
18:17:44.668 [TestNG-tests-2] DEBUG org.apache.hc.client5.http.wire - http-outgoing-2 << "[0xffffffba][0xfffffff2]d)[0xffffff91][0xffffffb7]v[0xffffffe9][0xffffffaa][0xffffff95][0xffffffa3]D[0xffffffca][0xffffffda][0xffffffa5][0x16][0xffffffef][0x6]%.G[0xffffff89]kP[0x13]U?[0xffffff9e][0x7][0xffffffa6][0xffffffc4][0x15]@[0xffffff89]K[0xfffffff3]^[0x18][0xfffffff0][0xb][0xffffffa3][0xffffffc4][0xffffff95]D[0x9][0xffffff8d]"C[0x9][0x17]H[0xffffff86][0x12][0x1a][0xffffffcb]zJ[0xffffffac][0xffffffe1][0xffffffac][0xffffffa6][0xffffffc4][0x1a][0xffffffd1]$J[0xffffff98][0xfffffff2]d)a[0xffffffbb][0xffffff94][0xffffffa5][0xffffff84][0xffffffa9]V[0xffffff8e][0x12][0xffffffd2][0xffffffb4][0x14]%[0xffffffa4]x7([0xffffffe1][0xffffffd6].[0xffffffe7][0xffffff9c]7E[0x9]|[0xffffffed][0xfffffff2][0x9]X[0xffffffbb]|[0xffffffcc]$[a[0xffffffc0][0xffffffb1][0xffffffb5][0xffffffcb]GF[0xffffffd7]HJ[0xffffff84][0xffffffac]][0xffffffda]@2[0xffffff94][0x8]X[0xffffffbb][0xffffff94]pVS"x[0xffffffed][0xffffffd2][0xffffff95]'K[0xffffff89][0xffffffbc][0xffffffb5]KW[0xffffffad][0x1c]%R[0xffffffd6].[0xffffffb5]x7(a[0xffffffd6].[0xffffff9f]W;[0xffffffb0]?p[0xffffffe0]k[0xffffff97]O[0xffffffc0][0xffffffda][0xffffffe5]c&[0xffffffd9][\n]"
18:17:44.668 [TestNG-tests-2] DEBUG org.apache.hc.client5.http.wire - http-outgoing-2 << "[0x3][0xffffff8e][0xffffffad]]]]><![CDATA[>2[0xffffffba]FR"d[0xffffffed][0xffffffd2][0x6][0xffffff92][0xffffffa1]D[0xffffffc0][0xffffffda][0xffffffa5][0xffffff84][0xffffffb3][0xffffff9a][0x12][0xffffffc1]k[0xffffff97][0xffffffae]<YJ[0xffffffe4][0xffffffad]][0xffffffba]j[0xffffffe5]([0xffffff91][0xffffffb2]v[0xffffffa9][0xffffffc5][0xffffffbb]A[0x9][0xffffffb3]v[0xfffffff9][0xffffffbc][0xffffffce][0xfffffff3][0xffffffa1]([0xffffff81][0xffffffaf]]]]><![CDATA[>[0x1]k[0xffffff97][0xffffff8f][0xffffff99]d+[0xc]8[0xffffffb6]v[0xfffffff9][0xffffffc8][0xffffffe8][0x1a]I[0xffffff89][0xffffff90][0xffffffb5]K[0x1b]H[0xffffff86][0x12][0x1]k[0xffffff97][0x12][0xffffffce]jJ[0x4][0xffffffaf]][0xffffffba][0xfffffff2]d)[0xffffff91][0xffffffb7]v[0xffffffe9][0xffffffaa][0xffffff95][0xffffffa3]D[0xffffffca][0xffffffda][0xffffffa5][0x16][0xffffffef][0x6]%[0xffffffcc][0xffffffda][0xffffffe5][0xfffffff3][0xffffffba]:v[0xffffff82][0x3]_[0xffffffbb]|[0x2][0xffffffd6].[0x1f]3[0xffffffc9]V[0x18]pl[0xffffffed][0xfffffff2][0xffffff91][0xffffffd1]5[0xffffff92][0x12]!k[0xffffff97]6[0xffffff90][0xc]%[0x2][0xffffffd6].%[0xffffff9c][0xffffffd5][0xffffff94][0x8]^[0xffffffbb]t[0xffffffe5][0xffffffc9]R"o[0xffffffed][0xffffffd2]U+G[0xffffff89][0xffffff94][0xffffffb5]K-[0xffffffde][0xffffffbf][0xffffffa7][0xffffffc4]|YJ[0xffffff8c][0xe]Q[0xffffffe2][0xffffffc7][0xfffffff3][0xffffffb0][0xffffff94][0xfffffff8]|[0x2][0xffffff98][0x12][0xffffffbf][0xffffff9e][0x1][0xffffffa1][0xffffffc4][0xffffffe7][0xffffffaf]#[0xffffff94][0xfffffff8][0xffffffe7][0xffffff97]#(a[0xffffffa2][0xffffff88]P[0xffffffc2][0x6][0x12][0xffffffa1][0xffffff84][0xffffff89]e9%$[0xffffff9c][0xffffffc5][0xffffff94][0xffffff90][0xffffff88][0x6]Q[0xffffffc2][0xffffff95]'J[0x9][0xffffffdf][0xffffffa5](%\[0xffffffb5]b[0xffffff94][0xffffffd0][0xffffffa6][0xffffff85]([0xffffffa1][0xffffffc5][0xffffffbb]A[0x9][0xffffffb3]v[0xfffffff9]A[0xffffff89]yR[0xffffff94][0xffffffc0][0xffffffd7].g[0xffffffc0][0xffffffda][0xffffffe5]4[0xffffff93]l[0xffffff85][0x1][0xffffffc7][0xffffffd6].[0xffffffa7][0xffffff8c][0xffffffae][0xffffff91][0xffffff94][0x8]Y[0xffffffbb][0xffffffb4][0xffffff81]d([0x11][0xffffffb0]v)[0xffffffe1][0xffffffac][0xffffffa6]D[0xfffffff0][0xffffffda][0xffffffa5]+O[0xffffff96][0x12]yk[0xffffff97][0xffffffae]Z9J[0xffffffa4][0xffffffac]]j[0xfffffff1]nP[0xffffffc2][0xffffffac]]]]><![CDATA[>[0xffffffaf][0xffffff81]}v9[0xfffffff1][0xffffffb5][0xffffffcb][0x19][0xffffffb0]v9[0xffffffcd]$[a[0xffffffc0][0xffffffb1][0xffffffb5][0xffffffcb])[0xffffffa3]k$%B[0xffffffd6].m [0x19]J[0x4][0xffffffac]]J8[0xffffffab])[0x11][0xffffffbc]v[0xffffffe9][0xffffffca][0xffffff93][0xffffffa5]D[0xffffffde][0xffffffda][0xffffffa5][0xffffffab]V[0xffffff8e][0x12])k[0xffffff97]Z[0xffffffbc][0x1b][0xffffff94]0k[0xffffff97][0x1f][0xffffff94][0xffffffc0][0xe][0xffffff83]N|[0xffffffed]r[0x6][0xffffffac]]N3[0xffffffc9]V[0x18]pl[0xffffffed]r[0xffffffca][0xffffffe8][0x1a]I[0xffffff89][0xffffff90][0xffffffb5]K[0x1b]H[0xffffff86][0x12][0x1]k[0xffffff97][0x12][0xffffffce]jJ[0x4][0xffffffaf]][0xffffffba][0xfffffff2]d)[0xffffff91][0xffffffb7]v[0xffffffe9][0xffffffaa][0xffffff95][0xffffffa3]D[0xffffffca][0xffffffda][0xffffffa5][0x16][0xffffffef][0x6]%[0xffffffcc][0xffffffda][0xffffffe5][0xfffffff3][0xffffff9a]'F[0x9]|[0xffffffed]r[0x6][0xffffffac]]N3[0xffffffc9]V[0x18]pl[0xffffffed]r[0xffffffca][0xffffffe8][0x1a]I[0xffffff89][0xffffff90][0xffffffb5]K[0x1b]H[0xffffff86][0x12][0x1]k[0xffffff97][0x12][0xffffffce]jJ[0x4][0xffffffaf]][0xffffffba][0xfffffff2]d)[0xffffff91][0xffffffb7]v[0xffffffe9][0xffffffaa][0xffffff95][0xffffffa3]D[0xffffffca][0xffffffda][0xffffffa5][0x16][0xffffffef][0x6]%.C[0xffffff89][0xffffffd6]^[0xffffff83][0xffffffa2][0xffffffc4][0xffffff85]S[0xffffffe2][\n]"
18:17:44.668 [TestNG-tests-2] DEBUG org.apache.hc.client5.http.wire - http-outgoing-2 << "[0xffffffa0][0xffffffc4][0xffffffa5]y/[0xc][0xfffffff8][0xffffff85]Q[0xffffffe2]J[0xffffffa2][0xffffff84]F[0xffffff91][0xffffffa1][0xffffff84][0xb]$C[0x9][0xffffff8d]e=%[0xffffffd6]pVSb[0xffffff8d]h[0x12]%Ly[0xffffffb2][0xffffff94][0xffffffb0]][0xffffffca]R[0xffffffc2]T+G[0x9]iZ[0xffffff8a][0x12]R[0xffffffbc][0x1b][0xffffff94]0k[0xffffff97]O[0xffffffbb]&u[0x18]t[0xffffffe2]k[0xffffff97]3`[0xffffffed]r[0xffffff9a]I[0xffffffb6][0xffffffc2][0xffffff80]ck[0xffffff97]SF[0xffffffd7]HJ[0xffffff84][0xffffffac]][0xffffffda]@2[0xffffff94][0x8]X[0xffffffbb][0xffffff94]pVS"x[0xffffffed][0xffffffd2][0xffffff95]'K[0xffffff89][0xffffffbc][0xffffffb5]KW[0xffffffad][0x1c]%R[0xffffffd6].[0xffffffb5]x[0xffffffb7](q[0xffffff84]Q[0xffffffe2][0xffffffc0])q[0x4]P[0xffffffe2]@)q`[0xffffff94]8[0xffffff92]([0xffffffb1]F[0xffffff91][0xffffffa2][0xffffff84][0x6][0xffffff92][0xffffffa2][0xffffffc4][0x1a]K[0xffffff82][0x12][0x7]L[0xffffff89]#[0xffffff98][0x12]R[0xffffff9e]4%L[0xffffff97][0xffffffd2][0xffffff94][0xffffff90]j%)q[0xffffffa4]P[0xffffffe2][0xfffffff8]6%[0xffffffdc]pv[0xffffffbb]/[0xffffffec][0xf][0x1c][0xfffffff8]p[0xfffffff6][0xc][0x18][0xffffffce][0xffffff9e]f[0xffffffdd][0xffffffb5]0[0xffffffe0][0xffffffd8]p[0xfffffff6][0xffffff94][0xfffffffd]V[0xffffff92][0x12]![0xffffffc3][0xffffffd9]6[0xffffff90][0xc]%[0x2][0xffffff86][0xffffffb3]%[0xffffff9c][0xffffffd5][0xffffff94][0x8][0x1e][0xffffffce]v[0xffffffe5][0xffffffc9]R"o8[0xffffffdb]U+G[0xffffff89][0xffffff94][0xffffffe1]l-[0xffffffde][\r]J[0xffffffb8][0xffffffe1][0xffffffec][0xffffffde];v[0x18][0x14][0x1f][0xffffffce][0xffffff9e][0x1][0xffffffc3][0xffffffd9][0xffffffd3][0xffffffac][0xffffffbb][0x16][0x6][0x1c][0x1b][0xffffffce][0xffffff9e][0xffffffb2][0xffffffdf]JR"d8[0xffffffdb][0x6][0xffffff92][0xffffffa1]D[0xffffffc0]p[0xffffffb6][0xffffff84][0xffffffb3][0xffffff9a][0x12][0xffffffc1][0xffffffc3][0xffffffd9][0xffffffae]<YJ[0xffffffe4][\r]g[0xffffffbb]j[0xffffffe5]([0xffffff91]2[0xffffff9c][0xffffffad][0xffffffc5][0xffffffbb]A[0x9]7[0xffffff9c][0xffffffdd][0xffffffcf][0xffffff86][0xffffffbd][0xffffff95][0xffffffc0][0xffffff87][0xffffffb3]g[0xffffffc0]p[0xfffffff6]4[0xffffffeb][0xffffffae][0xffffff85][0x1][0xffffffc7][0xffffff86][0xffffffb3][0xffffffa7][0xffffffec][0xffffffb7][0xffffff92][0xffffff94][0x8][0x19][0xffffffce][0xffffffb6][0xffffff81]d([0x11]0[0xffffff9c]-[0xffffffe1][0xffffffac][0xffffffa6]D[0xfffffff0]p[0xffffffb6]+O[0xffffff96][0x12]y[0xffffffc3][0xffffffd9][0xffffffae]Z9J[0xffffffa4][0xc]gk[0xfffffff1][0xfffffffe]5%[0xffffffce][0xffffff97][0x1b][0xffffffce][0xffffffee][0xffffffcf][0xffffffd3][0x19]J|>[0xf]J[0xffffff89][0xffffffaf]'`)[0xfffffff1][0xfffffffb][0x19][0x8]J|[0xfffffffd]:A[0xffffff89]_[0xffffffbf][0xffffff9c]@[0x9][0x17]E[0xffffff82][0x12]>[0xffffff90][0x4]%\,[0xffffffab])[0xffffffa1][0xffffffe1][0xffffffac][0xffffffa5][0xffffff84]F4[0xffffff87][0x12][0xffffffb6]<IJ[0xffffffbc][0xffffffe9]R[0xffffff92][0x12][0xffffffb6]Z)J[0xffffff98][0xffffffa6]e(a[0xffffff8a]w[0xffffff83][0x12]n8[0xfffffffb]xuhW[0xffffffe2][0xfffffff3]y`J[0xfffffff0][0xffffffc3][0xffffffd9][0xffffffbf][0xffffff9f][0xffffff81][0xffffffa1][0x4]5[0xffffff9c][0xfffffffd][0xffffffeb][0xffffff97]3([0xffffff91]1[0xffffff9c][0xffffffed][0x3][0xffffffc9]P[0xffffff82][0x1f][0xffffffce][0xffffffd6]pVS"w8[0xffffffdb][0xffffff96]'K[0xffffff89][0xffffffb8][0xffffffe1]l[[0xffffffad][0x1c]%B[0xffffff86][0xffffffb3]M[0xfffffff1]nP[0xffffffc2][\r]g[0x1f][0xffffffe7][\r][0xffffff9d][0xffffffe0][0xfffffff8]|[0x1e][0xffffff98][0x12][0xfffffffc]p[0xfffffff6][0xffffffef]g`(A[\r]g[0xffffffff][0xfffffffa][0xffffffe5][0xc]Jd[0xc]g[0xfffffffb]@2[0xffffff94][0xffffffe0][0xffffff87][0xffffffb3]5[0xffffff9c][0xffffffd5][0xffffff94][0xffffffc8][0x1d][0xffffffce][0xffffffb6][0xffffffe5][0xffffffc9]R"n8[0xffffffdb]V+G[0xffffff89][0xffffff90][0xffffffe1]lS[0xffffffbc][0x1b][0xffffff94]p[0xffffffc3][0xffffffd9][0xffffffc7]u[0xffffff9f][0x14]%[0xffffffe8][0xffffffe1][0xffffffec][0xffffffaf]'[0xffffffa0])A[0xe]g[0x7f][0xfffffffd]:C[0xffffff89][0xffffffa0][0xffffffe1]l[0x17]E[0xffffff86][0x12])[0xffffffc3][0xffffffd9].[0xffffff96][0xfffffff5][0xffffff94]`[0xffffff87][0xffffffb3]5[0xffffffa2]I[0xffffff94][0x8][0x1b][0xffffffce]~[0xffffffd3][0xffffffa5],%[0xffffff82][0xffffff86][0xffffffb3]M[0xffffffd3]R[0xffffff94][0xfffffff8][0xfffffffe]p[0xfffffff6][0xfffffff9]r[0xffffffc3][0xffffffd9][0xffffffc7]xM[0xffffff8a][0x12][0xfffffff4]p[0xfffffff6][0xffffffd7][0x13][0xffffffd0][0xffffff94] [0xffffff87][0xffffffb3][0xffffffbf]~[0xffffff9d][0xffffffa1]D[0xffffffd0]p[0xffffffb6][0xffffff8b]"C[0xffffff89][0xffffff94][0xffffffe1]l[0x17][0xffffffcb]zJ[0xffffffb0][0xffffffc3][0xffffffd9][0x1a][0xffffffd1]$J[0xffffff84][\r]g[0xffffffbf][0xffffffe9]R[0xffffff96][0x12]"
18:17:44.669 [TestNG-tests-2] DEBUG org.apache.hc.client5.http.wire - http-outgoing-2 << "A[0xffffffc3][0xffffffd9][0xffffffa6]i)J|[0x7f]8[0xfffffffb]|][0xffffff96][0x12][0xffffffed]EQ[0xffffffe2][0xffffffc2])q[0x5]P[0xffffffe2][0xffffffd2][0xffffffbc][0x17][0x6][0xfffffffc][0xffffffc2](q%QB[0xffffffa3][0xffffffc8]P[0xffffffc2][0x5][0xffffff92][0xffffffa1][0xffffff84][0xffffffc6][0xffffffb2][0xffffff9e][0x12]k8[0xffffffab])[0xffffffb1]F4[0xffffff89][0x12][0xffffffa6]<YJ[0xffffffd8].e)a[0xffffffaa][0xffffff95][0xffffffa3][0xffffff84]4-E[0x9])[0xffffffde][\r]J[0xffffffb8][0xffffffe1][0xffffffec]cL[0xffffff8c][0x12][0xfffffff4]p[0xfffffff6][0xffffffd7][0x13][0xffffffd0][0xffffff94] [0xffffff87][0xffffffb3][0xffffffbf]~[0xffffff9d][0xffffffa1]D[0xffffffd0]p[0xffffffb6][0xffffff8b]"C[0xffffff89][0xffffff94][0xffffffe1]l[0x17][0xffffffcb]zJ[0xffffffb0][0xffffffc3][0xffffffd9][0x1a][0xffffffd1]$J[0xffffff84][\r]g[0xffffffbf][0xffffffe9]R[0xffffff96][0x12]A[0xffffffc3][0xffffffd9][0xffffffa6]i)J|[0x7f]8[0xfffffffb]|[0xffffffb9][0xffffffb5][0xffffffcb][0xffffffe3]i[0xffffffd0]D[0xffffffd5][0xffffffe7][0xfffffff3][0xffffffc0][0xffffff94][0xffffffe0][0xffffffd7].[0x7f]?[0x3]C[0x9]j[0xffffffed][0xfffffff2][0xffffffd7]/gP"c[0xffffffed][0xffffffd2][0x7][0xffffff92][0xffffffa1][0x4][0xffffffbf]v[0xffffffa9][0xffffffe1][0xffffffac][0xffffffa6]D[0xffffffee][0xffffffda][0xffffffa5]-O[0xffffff96][0x12]qk[0xffffff97][0xffffffb6]Z9J[0xffffff84][0xffffffac]][0xffffff9a][0xffffffe2][0xffffffdd][0xffffffa0][0xffffff84][[0xffffffbb]<[0xffffffdb][0xffffff89][0xffffffbd][0xffffff95][0xffffffa0][0xffffffd7].[0xffffffbf][0xffffff9e][0xffffff80][0xffffffa6][0x4][0xffffffb9]v[0xfffffff9][0xfffffff5][0xffffffeb][0xc]%[0xffffff82][0xffffffd6].][0x14][0x19]J[0xffffffa4][0xffffffac]][0xffffffba]X[0xffffffd6]S[0xffffff82]][0xffffffbb][0xffffffd4][0xffffff88]&Q"l[0xffffffed][0xfffffff2]M[0xffffff97][0xffffffb2][0xffffff94][0x8]Z[0xffffffbb]4MKQ[0xffffffe2][0xfffffffb]k[0xffffff97][0xffffffe7][0xffffffcb][0xffffffad]][0xffffff9e][0xffffffe7][0xb];[0xc]J[0xffffffaf]]~=[0x1]M[0x9]r[0xffffffed][0xfffffff2][0xffffffeb][0xffffffd7][0x19]J[0x4][0xffffffad]][0xffffffba](2[0xffffff94]HY[0xffffffbb]t[0xffffffb1][0xffffffac][0xffffffa7][0x4][0xffffffbb]v[0xffffffa9][0x11]M[0xffffffa2]D[0xffffffd8][0xffffffda][0xffffffe5][0xffffff9b].e)[0x11][0xffffffb4]vi[0xffffff9a][0xffffff96][0xffffffa2][0xffffffc4][0x7f][0xffffffb0]v[0xffffffd9][0xffffffdc][0xffffffda][0xffffffe5]y[0xffffff8f][0x7][0xffffffa2]D[0xffffffc3][0xffffffd7].[[0xffffffc0][0xffffffda]e3[0xffffff93]lu[0x1]o[0xffffffd8][0xffffffda]e[0xffffff93][0xffffffd1]5[0xffffff90][0x12]&[0xffffff8a][0x8]%l [0x11]J[0xffffff98]X[0xffffff96]SB[0xffffffc2]YL[0x9][0xffffff89]h[0x10]%\y[0xffffffa2][0xffffff94][0xfffffff0]][0xffffff8a]R[0xffffffc2]U+F[0x9]mZ[0xffffff88][0x12]Z[0xffffffbc][0x1b][0xffffff94]h[0xffffffe6][0xffffff92][0xfffffff1][0xffffffeb]uQ[0x7f][0xffffffe0][0xfffffff8][0xfffffff1]<0%[0x1a]~[0xffffffc9][0xfffffff8][0xffffffef]g`([0xffffffd1][0xffffffa0]K[0xffffffc6][0x7f][0xfffffffd]r[0x6]%4[0xffffff8a][0xc]%\ [0x19]Jh,[0xffffffeb])[0xffffffb1][0xffffff86][0xffffffb3][0xffffff9a][0x12]kD[0xffffff93](a[0xffffffca][0xffffff93][0xffffffa5][0xffffff84][0xffffffed]R[0xffffff96][0x12][0xffffffa6]Z9JH[0xffffffd3]R[0xffffff94][0xffffff90][0xffffffe2][0xffffffdd][0xffffffa0][0xffffff84][[0xffffffbb][0xffffffbc][0xffffffce]F[\r]g7|[0xffffffed][0xffffffb2][0x5][0xffffffac]]63[0xffffffc9]V[0x18]pl[0xffffffed][0xffffffb2][0xffffffc9][0xffffffe8][0x1a]I[0xffffff89][0xffffff90][0xffffffb5]K[0x1b]H[0xffffff86][0x12][0x1]k[0xffffff97][0x12][0xffffffce]jJ[0x4][0xffffffaf]][0xffffffba][0xfffffff2]d)[0xffffff91][0xffffffb7]v[0xffffffe9][0xffffffaa][0xffffff95][0xffffffa3]D[0xffffffca][0xffffffda][0xffffffa5][0x16][0xffffffef][0x6]%[0xffffffdc][0xffffffda][0xffffffe5]u[0xffffff9f][0xffffff9d][0xffffffa2][0x4][0xffffffbe]v[0xffffffd9][0x2][0xffffffd6].[0xffffff9b][0xffffff99]d+[0xc]8[0xffffffb6]v[0xffffffd9]dt[0xffffff8d][0xffffffa4]D[0xffffffc8][0xffffffda][0xffffffa5][\r]$C[0xffffff89][0xffffff80][0xffffffb5]K[0x9]g5%[0xffffff82][0xffffffd7].]y[0xffffffb2][0xffffff94][0xffffffc8][[0xffffffbb]t[0xffffffd5][0xffffffca]Q"e[0xffffffed]R[0xffffff8b]w[0xffffff83][0x12]n[0xffffffed]r[0xffffffbc].[0xffffff8c][0x12][0xfffffff8][0xffffffda]e[0xb]X[0xffffffbb]lf[0xffffff92][0xffffffad]0[0xffffffe0][0xffffffd8][0xffffffda]e[0xffffff93][0xffffffd1]5[0xffffff92][0x12]!k[0xffffff97]6[0xffffff90][0xc]%[0x2][0xffffffd6].%[0xffffff9c][0xffffffd5][0xffffff94][0x8]^[0xffffffbb]t[0xffffffe5][0xffffffc9]R"o[0xffffffed][0xffffffd2]U+G[0xffffff89][0xffffff94][0xffffffb5]K-[0xffffffde][\r]J\[0xffffff8e][0x12]g[0xffffffc7]>[0xffffffbb][0xffffffbc]pJ\[0x1][0xffffff94][0xffffffb8]4[0xffffffef][0xffffff85][0x1][0xffffffbf]0J\I[0xffffff94][0xffffffd0](2[0xffffff94]p[0xffffff81]d([0xffffffa1][0xffffffb1][0xffffffac][0xffffffa7][0xffffffc4][0x1a][0xffffffce]jJ[0xffffffac][0x11]M[0xffffffa2][0xffffff84])O[0xffffff96][0x12][0xffffffb6]KYJ[0xffffff98]j[0xffffffe5](!MKQB[0xffffff8a]w[0xffffff83][0x12]n[0xffffffed]r[0xffffffdc][0xffffffe7]IQ[0x2]_[0xffffffbb]l[0x1]k[0xffffff97][0xffffffcd]L[0xffffffb2][0x15][0x6][0x1c][[0xffffffbb]l2[0xffffffba]FR"d[0xffffffed][0xffffffd2][0x6][0xffffff92][0xffffffa1]D[0xffffffc0][0xffffffda][0xffffffa5][0xffffff84][0xffffffb3][0xffffff9a][0x12][0xffffffc1]k[0xffffff97][0xffffffae]<YJ[0xffffffe4][0xffffffad]][0xffffffba]j[0xffffffe5]([0xffffff91][0xffffffb2]v[0xffffffa9][0xffffffc5][0xffffffbb]A[0x9][0xffffffb7]v9[0xffffffe6][0xffffff85]}v[0xffffff89][0xffffffaf]][0xffffffb6][0xffffff80][0xffffffb5][0xffffffcb]f&[0xffffffd9][\n]"
18:17:44.669 [TestNG-tests-2] DEBUG org.apache.hc.client5.http.wire - http-outgoing-2 << "[0x3][0xffffff8e][0xffffffad]]6[0x19]]#)[0x11][0xffffffb2]vi[0x3][0xffffffc9]P"`[0xffffffed]R[0xffffffc2]YM[0xffffff89][0xffffffe0][0xffffffb5]KW[0xffffff9e],%[0xfffffff2][0xffffffd6].][0xffffffb5]r[0xffffff94]HY[0xffffffbb][0xffffffd4][0xffffffe2][0xffffffdd][0xffffffa0][0xffffff84][[0xffffffbb][0xffffffbc]_[\r]{+[0xffffff81][0xffffffaf]][0xffffffb6][0xffffff80][0xffffffb5][0xffffffcb]f&[0xffffffd9][\n]"
18:17:44.669 [TestNG-tests-2] DEBUG org.apache.hc.client5.http.wire - http-outgoing-2 << "[0x3][0xffffff8e][0xffffffad]]6[0x19]]#)[0x11][0xffffffb2]vi[0x3][0xffffffc9]P"`[0xffffffed]R[0xffffffc2]YM[0xffffff89][0xffffffe0][0xffffffb5]KW[0xffffff9e],%[0xfffffff2][0xffffffd6].][0xffffffb5]r[0xffffff94]HY[0xffffffbb][0xffffffd4][0xffffffe2][0xffffffdd][0xffffffa0][0xffffff84][[0xffffffbb][0xffffffbc][0xffffffc1]][0x9]|[0xffffffed][0xffffffb2][0x5][0xffffffac]]63[0xffffffc9]V[0x18]pl[0xffffffed][0xffffffb2][0xffffffc9][0xffffffe8][0x1a]I[0xffffff89][0xffffff90][0xffffffb5]K[0x1b]H[0xffffff86][0x12][0x1]k[0xffffff97][0x12][0xffffffce]jJ[0x4][0xffffffaf]][0xffffffba][0xfffffff2]d)[0xffffff91][0xffffffb7]v[0xffffffe9][0xffffffaa][0xffffff95][0xffffffa3]D[0xffffffca][0xffffffda][0xffffffa5][0x16][0xffffffef][0xffffffdf]S[0xffffffa2][0xffffffbb][0xffffffb5][0xffffffcb][0xffffffbb][0xffffffbd](Jt|[0xffffffed][0xffffffb2][0x7][0xffffffac]]v3[0xffffffc9]V[0x17][0xfffffff0][0xffffff8e][0xffffffad]]v[0x19]][0x3])a[0xffffffa2][0xffffff88]P[0xffffffc2][0x6][0x12][0xffffffa1][0xffffff84][0xffffff89]e9%$[0xffffff9c][0xffffffc5][0xffffff94][0xffffff90][0xffffff88][0x6]Q[0xffffffc2][0xffffff95]'J[0x9][0xffffffdf][0xffffffa5](%\[0xffffffb5]b[0xffffff94][0xffffffd0][0xffffffa6][0xffffff85]([0xffffffa1][0xffffffc5][0xffffffbb]E[0x9]][0xffffffbb]d)[0x1][0xffffffaf]]~>[0x1]O[0x9]p[0xffffffed][0xfffffff2][0xfffffff3][0xffffffd7])J[0xffffffe4][0xffffffac]][0xffffff9a](R[0xffffff94][0x8]Y[0xffffffbb]4[0xffffffb1]$([0xffffff81][0xffffffae]]JD[0xffffffb3]([0xffffff91][0xffffffb5]v[0xffffffe9][0xffffffbb][0xffffff94][0xffffffa6]D[0xffffffce][0xffffffda][0xffffffa5]6-G[0xffffff89]o[0xffffffaf]][0xfffffff6][0xffffffe6][0xffffffde]J[0xfffffff4]~Q[0xffffff94]h[0xfffffff8][[0xffffff89][0x16][0xfffffff0]V[0xffffffa2])[0xffffff9d][0xb][0x3][0xffffffde][0xffffffb0][0xffffffb7][0x12]-[0xffffffe9][0xffffffad][0xffffff84]F[0xffffff91][0xffffffa1][0xffffff84][0xb]$C[0x9][0xffffff8d]e=%[0xffffffd6]pVSb[0xffffff8d]h[0x12]%Ly[0xffffffb2][0xffffff94][0xffffffb0]][0xffffffca]R[0xffffffc2]T+G[0x9]iZ[0xffffff8a][0x12]R[0xffffffbc][0x1b][0xffffff94]p[0xffffffc3][0xffffffd9][0xfffffff7]}Q7[0xffffff83]v|8[0xffffffbb][0x7][0xc]gw[0xffffffb3][0xffffffee]Z[0x18]pl8[0xffffffbb][0xffffffcb]~+I[0xffffff89][0xffffff90][0xffffffe1]l[0x1b]H[0xffffff86][0x12][0x1][0xffffffc3][0xffffffd9][0x12][0xffffffce]jJ[0x4][0xf]g[0xffffffbb][0xfffffff2]d)[0xffffff91]7[0xffffff9c][0xffffffed][0xffffffaa][0xffffff95][0xffffffa3]D[0xffffffca]p[0xffffffb6][0x16][0xffffffef][0x16]%[0xffffffcc][0x1f]8PJ[0xffffffd0][0x7f][0xffffffe0][0xffffffe8][0x1][0x7f][0xffffffe0][0xffffffe8][0xfffffffa][0x16][0xffffffae]4[0xffffffe0][0xffffffd4][0x1f]8z[0xffffffd2][0x1f]84[0xffffff8a][0x14]%R[0xfffffffe][0xffffffc0][0xffffffa1][0xffffffb1]$([0xffffffc1][0xfffffffe][0xffffff81]c[0xffffff8d]h[0x16]%[0xffffffc2][0xfffffffe][0xffffffc0]a[0xffffffbb][0xffffff94][0xffffffa6]D[0xffffffd0][0x1f]8[0xffffffa4]i9J|[0xffffffff][0xf][0x1c][0xfffffffd][0xffffffff][0xffffffce]0J[0xffffff9c]8%[0xffffffce][0x0]J[0xffffff9c](%N[0xffffff8c][0x12]g[0x12]%[0xffffffd6](R[0xffffff94][0xffffffd0]@R[0xffffff94]XcIP[0xffffffe2][0xffffff84])q[0x6]SB[0xffffffca][0xffffff93][0xffffffa6][0xffffff84][0xffffffe9]R[0xffffff9a][0x12]R[0xffffffad]$%[0xffffffce][0x14]J[0xffffff9c][0xffffffff][0x1]%Z[0xffffff9a]%"
18:17:44.669 [TestNG-tests-2] DEBUG org.apache.hc.client5.http.wire - http-outgoing-2 << "[0x1a][0xffffff8f][0xffffff89][0xffffff96][0xffffffa0][0xffffff89][0xffffffc6]r[0xffffffa2]q[0xffffff9e]hQ[0xffffffa0][0xffffff90]<R[0xffffffa2]0[0xffffffa9][0xffffffa4]H![0xffffffd9]$L[0xffffffd1]hT[0xffffffb4]dUh[0xffffff8d][0xffffffd2][0xffffffac]p[0xffffffad]J[0xffffffbb]BK[0xffffff96][0xffffff84][0xffffffc5][0xffffffda][0xffffffb9][0xffffff9c],[0xffffffd6][\n]"
18:17:44.669 [TestNG-tests-2] DEBUG org.apache.hc.client5.http.wire - http-outgoing-2 << "[0xffffffde][0xffffffa2]E[0x1f]a[0xffffffb4][0xffffffe8][0x3][0xffffffa7][0xffffffc5][0xffffffc7]#[0xfffffff0][0xffffffb4][0xfffffff8][0xfffffff9][0x10][0x14]->~[0xffffff9e][0xffffffa2][0xffffffc5][0xffffffd7]O[0xffffffa7][0xffffffd0]B[0xfffffff2]H[0xffffffd1][0xffffffc2][0xffffffa4][0xffffff92][0xffffffa2][0xffffff85]d[0xffffff93][0xffffffa0][0xffffffc5][0xffffff92][0xffffffd0]zZ,9[0xffffffcd][0xffffffa2][0xffffff85][0xffffffd6](M[0xb][0xffffffd7][0xffffffaa]4-[0xffffffb4]dIZ[0xffffffac][0xffffff9d][0xffffffcb][0xffffffd1]b[0xffffffad][0xffffffe0]-Z[0xffffff9c]-[0xffffff8c][0x16]g[0xffffffc3]i[0xfffffff1][0xfffffff1][0x8]<-~>[0x4]E[0xffffff8b][0xffffff8f][0xffffff9f][0xffffffa7]h[0xfffffff1][0xfffffff5][0xffffffd3])[0xffffffb4][0xffffff90]<R[0xffffffb4]0[0xffffffa9][0xffffffa4]h![0xffffffd9]$h[0xffffffb1]$[0xffffffb4][0xffffff9e][0x16]KN[0xffffffb3]h[0xffffffa1]5J[0xffffffd3][0xffffffc2][0xffffffb5]*M[0xb]-Y[0xffffff92][0x16]k[0xffffffe7]r[0xffffffb4]X+x[0xffffff8b][0x16]#[0xffffffed][0xffffffc8][0xffffffc7][0xffffffe0][0xffffffcf]||<[0x2]O[0xffffff8b][0xffffff9f][0xf]A[0xffffffd1]bp[0xffffffc7]>F[0xffffffd4][0xffffffb9][0xf][0xffffffc9]#E[0xb][0xffffff93]J[0xffffff8a][0x16][0xffffff92]M[0xffffff82][0x16][0xffffff83]>[0xfffffffb]1[0xffffff92][0xf][0x7f]h[0xffffff8d][0xffffffd2][0xffffffb4]p[0xffffffad]J[0xffffffd3]BK[0xffffff96][0xffffffa4][0xffffffc5][0xffffffda][0xffffffb9][0x1c]-[0xffffffd6][\n]"
18:17:44.669 [TestNG-tests-2] DEBUG org.apache.hc.client5.http.wire - http-outgoing-2 << "[0xffffffde][0xffffffa2][0xffffffc5][0xffffff9d][0xfffffff6][0x7][0xffffff91][0xffffff9b][0xffffffff][0xffffff83][0xffffffc8][0xffffff9d][0xfffffff0][0x7][0xffffff91][0xffffff9b][0xfffffffd][0xffffff83][0xffffffc8][0xffffffcd][0xfffffffd]A[0xffffffe4][0xffffff8e][0xfffffffa][0xffffff83][0xffffff88][0xffffffe4][0xffffff91][0xffffffa2][0xffffff85]I%E[0xb][0xffffffc9]&A[0xffffff8b][0xffffff9b][0xfffffffe][0xffffff83][0xffffffc8][0xffffff9d][0xfffffffc][0x7][0x11][0xffffffad]Q[0xffffff9a][0x16][0xffffffae]UiZh[0xffffffc9][0xffffff92][0xffffffb4]X;[0xffffff97][0xffffffa3][0xffffffc5]Z[0xffffffc1]{[0xffffffb4]x[0xffffffd2]h[0xfffffff1][0xfffffff0][0xffffffb4]x[0x12]h[0xfffffff1][0xffffffb0][0xffffffb4]x8Z<Q[0xffffffb4]X[0xfffffff3][0xffffff88][0xffffffd1]BS[0xffffff89][0xffffffd1]b[0xffffffcd]&B[0xffffff8b][0xffffff87][0xffffffa6][0xffffffc5][0xffffff93]L[0xb][0xffffffa9]Q[0xffffff9c][0x16][0xffffffa6]UqZH[0xffffffc9][0xffffffa2][0xffffffb4]xbh[0xfffffff1][0xfffffffc][0x7][0xffffffb4]hq[0x1f][[0xffffffb4][0xffffff80][0xffffffaf]-Z[0xffffffc4][0xffffffe7][0x16]M[0xffffffff][0x14]X[0x1a][0xfffffff5][0x6]~p[0xffffffd1][0xffffffb2][0xffffffbe][0xffffffb8][0xffffffd0]PR[0xffffffc2]p[0xffffffd1][0xffffffa4][0xffffff88][0xffffffa1][0x1]%[0xffffff8c][0xffffffb1][0xffffffc6][0xffffffb4][0x1e][0x19]kX[0xffffffb3][0xffffff94]a[\n]"
18:17:44.669 [TestNG-tests-2] DEBUG org.apache.hc.client5.http.wire - http-outgoing-2 << "[0xffffff95]f[0xffffff86][0xffffffed]W[0xffffffda][0x19][0xffffffa6]nIhH[0xfffffffb]r[0xffffffd2][0xffffff90]2[0xfffffffe][0x1b]j[0xffffff8c][0xffffffaf][0x7f][0xffffffe5]0k[0xffffff9b][0xffffffcf][0xffffffd9]f94~?[0xf][0xffffffc5][0xffffff8c]?[0xffffff9e][0x0]C[0xffffffc6][0xfffffff2][0xc][0xffffffc5][0xffffffc4][0xfffffff8][0xffffffe3][0xffffffd7][0xffffff8b][0xffffff81][0xfffffff1][0xffffffbf][0xffffffbf][0xc][0xfffffff3][0xffffffe2]m[0x14][0xffffff8b]q[0xfffffff1]/[0xffffff81],[0xffffffa6][0xffffffc5][0xffffffdb]X[0x16][0xffffffc2][0xffffffe2]M8[0xffffffcb]X[0xfffffff1]&[0xffffffa2][0x11][0xffffffa8]x_[0xffffff9e][0x10])[0xfffffffe][0xffffffad]K!P[0xffffffbc][0xffffffaf]V[0xffffff80][0x13][0xffffffef][0xffffff9a][0xffffffb6][0x1c][0x13][0xffffffef][0xffffff8a]w[0xffffff8b][0x12]=[0xffffff8c][0x12][0x1d][0xffffffa7]D[0xf][0xffffffa0]DG)[0xffffffd1]1J[0xfffffff4]$J[0xffffffac]Q[0xffffffa4]([0xffffffa1][0xffffff81][0xffffffa4]([0xffffffb1][0xffffffc6][0xffffff92][0xffffffa0]D[0xffffff87])[0xffffffd1][0xffffff83])![0xffffffe5]IS[0xffffffc2]t)M[0x9][0xffffffa9]V[0xffffff92][0x12]=[0xffffff85][0x12][0xfffffffd][0xffffffdb][0xffffff94]8[0xffffffdd][[0xffffff89]1:E[0xffffff89][0x13][0x7f]+q[0x6][0xffffffbc][0xffffff95]8[0xffffff95][0xffffffce][0xffffff85][0x1]?[0xffffffb1][0xffffffb7][0x12]g[0xffffffd2][[0x9][0xffffff8d]"C[0x9][0x17]H[0xffffff86][0x12][0x1a][0xffffffcb]zJ[0xffffffac][0xffffffe1][0xffffffac][0xffffffa6][0xffffffc4][0x1a][0xffffffd1]$J[0xffffff98][0xfffffff2]d)a[0xffffffbb][0xffffff94][0xffffffa5][0xffffff84][0xffffffa9]V[0xffffff8e][0x12][0xffffffd2][0xffffffb4][0x14]%[0xffffffa4]x[0xffffffff][0xffffff9e][0x12][0xffffffc7]PJ[0xffffffcc][0xffffffd6]_[0x14]%~<[0xf]K[0xffffff89][0xffffffcf]'[0xffffff80])[0xfffffff1][0xffffffeb][0x19][0x10]J|[0xfffffffe]:B[0xffffff89][0x7f]~9[0xffffff82][0x12]&[0xffffff8a][0x8]%l [0x11]J[0xffffff98]X[0xffffff96]SB[0xffffffc2]YL[0x9][0xffffff89]h[0x10]%\y[0xffffffa2][0xffffff94][0xfffffff0]][0xffffff8a]R[0xffffffc2]U+F[0x9]mZ[0xffffff88][0x12]Z[0xffffffbc][0x1b][0xffffff94][0xffffffb8][0x1d]%[0xffffffce][0xffffffeb][0xffffffa1](q[0xffffffe3][0xffffff94][0xffffffb8][0x3](qk[0xffffffde][0xb][0x3]~c[0xffffff94][0xffffffb8][0xffffff93]([0xffffffa1]Qd([0xffffffe1][0x2][0xffffffc9]PBcYO[0xffffff89]5[0xffffff9c][0xffffffd5][0xffffff94]X#[0xffffff9a]D[0x9]S[0xffffff9e],%l[0xffffff97][0xffffffb2][0xffffff94]0[0xffffffd5][0xffffffca]QB[0xffffff9a][0xffffff96][0xffffffa2][0xffffff84][0x14][0xffffffef][0x16]%[0xffffffe4][[0x9][0xffffff98][0x12][0xfffffff0][0xffffffb7][0x12][0xffffff9f]O[0xffffffc0]S[0x2][0xfffffffc]V[0xffffffe2][0xfffffff3][0xffffffd7])J[0xffffffe4]|+a[0xffffffa2]HQ"[0xffffffe4][[0x9][0x13]K[0xffffff82][0x12][0xffffffe8][0xffffffb7][0x12][0x12][0xffffffd1],Jd}+[0xffffffe1][0xffffffbb][0xffffff94][0xffffffa6]D[0xffffffce][0xffffffb7][0x12][0xffffffda][0xffffffb4][0x1c]%[0xffffffbe][0xfffffffd][0xffffffad][0xffffffc4][0xfffffff1][0xffffffb8][0xffffffb7][0x12]O[0xffffffbb])J<[0xfffffff8][[0xffffff89]'[0xffffffe0][0xffffffad][0xffffffc4][0xffffffa3]t.[0xc][0xfffffff8][0xffffff83][0xffffffbd][0xffffff95]x[0xffffff92][0xffffffde]Jh[0x14][0x19]J[0xffffffb8]@2[0xffffff94][0xffffffd0]X[0xffffffd6]Sb[\r]g5%[0xffffffd6][0xffffff88]&Q[0xffffffc2][0xffffff94]'K[0x9][0xffffffdb][0xffffffa5],%L[0xffffffb5]r[0xffffff94][0xffffff90][0xffffffa6][0xffffffa5](![0xffffffc5][0xffffffbb]E[0x9][0xfffffff3]V[0x2][0xffffffa5][0x4][0xfffffffd]V[0xffffffe2][0x9]x+[0xfffffff1]([0xffffff9d]K[0x3]N[0xffffffbd][0xffffff95]x[0xffffff92][0xffffffde]Jh[0x14])J[0xffffffa4][0xffffffbc][0xffffff95][0xffffffd0]X[0x12][0xffffff94]`[0xffffffdf]J[0xffffffac][0x11][0xffffffcd][0xffffffa2]D[0xffffffd8][[0x9][0xffffffdb][0xffffffa5]4%[0xffffff82][0xffffffde]JH[0xffffffd3]r[0xffffff94][0xfffffff8][0xfffffffe][[0xffffff89]i[0xffffffde]J[0xfffffff4][0xfffffff6]y[0xffffffcf][0x7]B[0xffffff89][0xffffff89][0xffffffbf][0xffffff95][0xffffff98][0x1]o%[0xffffffa6][0xffffffd2][0xffffffb9]0[0xffffffe0][0x13]{+1[0xffffff93][0xffffffde]Jh[0x14][0x19]J[0xffffffb8]@2[0xffffff94][0xffffffd0]X[0xffffffd6]Sb[\r]g5%[0xffffffd6][0xffffff88]&Q[0xffffffc2][0xffffff94]'K[0x9][0xffffffdb][0xffffffa5],%L[0xffffffb5]r[0xffffff94][0xffffff90][0xffffffa6][0xffffffa5](![0xffffffc5][0xfffffffb][0xfffffff7][0xffffff94]8_[0xffffff8e][0x12][0xffffffc7]C[0xffffff9d][0xffffffe0][0xfffffff8][0xfffffff1]<,%>[0xffffff9f][0x0][0xffffffa6][0xffffffc4][0xffffffaf]g@([0xfffffff1][0xfffffff9][0xffffffeb][0x8]%[0xfffffffe][0xfffffff9][0xffffffe5][0x8]J[0xffffff98]("[0xffffff94][0xffffffb0][0xffffff81]D(abYN[0x9][0x9]g1%$[0xffffffa2]A[0xffffff94]p[0xffffffe5][0xffffff89]R[0xffffffc2]w)J[0x9]W[0xffffffad][0x18]%[0xffffffb4]i!Jh[0xfffffff1]nP[0xffffffa2]9J[0xffffffdc][0x17][0xfffffff5][0x7][0xffffff8e][0x1f][0xffffffcf][0x3]S[0xffffffa2][0x5]P[0xffffffa2]i[0xffffffde][0xb][0x3][0xffffffde]0J[0xffffffb4]$Jh[0x14][0x19]J[0xffffffb8]@2[0xffffff94][0xffffffd0]X[0xffffffd6]Sb[\r]g5%[0xffffffd6][0xffffff88]&Q[0xffffffc2][0xffffff94]'K[0x9][0xffffffdb][0xffffffa5],%L[0xffffffb5]r[0xffffff94][0xffffff90][0xffffffa6][0xffffffa5](![0xffffffc5][0xffffffbb]A[0xffffff89][0xffffffee](1[0xffffffaf][0xffffff8b][0xffffffa2]D[0xffffffc7])[0xffffffd1][0x3]([0xffffffd1]5[0xffffffef][0xffffff85][0x1][0xffffffef][0x18]%z[0x12]%4[0xffffff8a][0xc]%\ [0x19]Jh,[0xffffffeb])[0xffffffb1][0xffffff86][0xffffffb3][0xffffff9a][0x12]kD[0xffffff93](a[0xffffffca][0xffffff93][0xffffffa5][0xffffff84][0xffffffed]R[0xffffff96][0x12][0xffffffa6]Z9JH[0xffffffd3]R[0xffffff94][0xffffff90][0xffffffe2][0xffffffdd][0xffffffa0][0xffffff84][0xffffffb9][0xffffff83]c[0x1e]G?)J[0xffffffe0]wp[0xffffff9c][0x1]wp[0xffffff9c]f([0xffffffbe]0[0xffffffe0][0xffffffd8][0x1d][0x1c][0xffffffa7]L[0xffffffc1][0xffffff93][0xffffff94][0x8][0xffffffb9][0xffffff83][0xffffffc3][0x6][0xffffff92][0xffffffa1]D[0xffffffc0][0x1d][0x1c][0x12][0xffffffce]jJ[0x4][0xffffffdf][0xffffffc1][0xffffffe1][0xffffffca][0xffffff93][0xffffffa5]D[0xffffffde][0x1d][0x1c][0xffffffae]Z9J[0xffffffa4][0xffffffdc][0xffffffc1][0xffffffa1][0xffffffc5][0xffffffbb]A[0x9]3[0xffffff9c][0xfffffffd]A[0xffffff89]9(J[0xffffffe0][0xffffffc3][0xffffffd9]g[0xffffffc0]p[0xfffffff6]i[0xffffffd6]][0xb][0x3][0xffffff8e][\r]g[0xffffff9f][0xffffffb2][0xffffffdf]JR"d8[0xffffffdb][0x6][0xffffff92][0xffffffa1]D[0xffffffc0]p[0xffffffb6][0xffffff84][0xffffffb3]"
18:17:44.686 [TestNG-tests-2] DEBUG org.apache.hc.client5.http.wire - http-outgoing-2 << "[0xffffff9a][0x12][0xffffffc1][0xffffffc3][0xffffffd9][0xffffffae]<YJ[0xffffffe4][\r]g[0xffffffbb]j[0xffffffe5]([0xffffff91]2[0xffffff9c][0xffffffad][0xffffffc5][0xffffffbb]A[0xffffff89][0xffffffcb]Q[0xffffffe2]<[0xffffffea][0xffffffaf] [0xffffffff][0xfffffffd]<0%[0xffffffae][0x0]J\[0xffffff9a][0xfffffff7][0xffffffc2][0xffffff80]_[0x18]%[0xffffffae]$Jh[0x14][0x19]J[0xffffffb8]@2[0xffffff94][0xffffffd0]X[0xffffffd6]Sb[\r]g5%[0xffffffd6][0xffffff88]&Q[0xffffffc2][0xffffff94]'K[0x9][0xffffffdb][0xffffffa5],%L[0xffffffb5]r[0xffffff94][0xffffff90][0xffffffa6][0xffffffa5](![0xffffffc5][0xffffffbb]A[0xffffff89]a)qS[0xffffff87]A[0x7f]<[0xf]L[0xffffff89][0x11]@[0xffffff89][0xffffffa1]y/[0xc][0xfffffff8][0xffffffc0](1[0xffffff92]([0xffffffa1]Qd([0xffffffe1][0x2][0xffffffc9]PBcYO[0xffffff89]5[0xffffff9c][0xffffffd5][0xffffff94]X#[0xffffff9a]D[0x9]S[0xffffff9e],%l[0xffffff97][0xffffffb2][0xffffff94]0[0xffffffd5][0xffffffca]QB[0xffffff9a][0xffffff96][0xffffffa2][0xffffff84][0x14][0xffffffef][0x6]%[0xffffffdc][0x1d][0x1c][0xffffffc7]91J[0xffffffe0]wp[0xffffff9c][0x1]wp[0xffffff9c]f([0xffffffbe]0[0xffffffe0][0xffffffd8][0x1d][0x1c][0xffffffa7]L[0xffffffc1][0xffffff93][0xffffff94][0x8][0xffffffb9][0xffffff83][0xffffffc3][0x6][0xffffff92][0xffffffa1]D[0xffffffc0][0x1d][0x1c][0x12][0xffffffce]jJ[0x4][0xffffffdf][0xffffffc1][0xffffffe1][0xffffffca][0xffffff93][0xffffffa5]D[0xffffffde][0x1d][0x1c][0xffffffae]Z9J[0xffffffa4][0xffffffdc][0xffffffc1][0xffffffa1][0xffffffc5][0xffffffbb]A[0x9]7[0xffffff9c]}[0xffffff8c]6)J[0xffffffe0][0xffffffc3][0xffffffd9]g[0xffffffc0]p[0xfffffff6]i[0xffffffd6]][0xb][0x3][0xffffff8e][\r]g[0xffffff9f][0xffffffb2][0xffffffdf]JR"d8[0xffffffdb][0x6][0xffffff92][0xffffffa1]D[0xffffffc0]p[0xffffffb6][0xffffff84][0xffffffb3][0xffffff9a][0x12][0xffffffc1][0xffffffc3][0xffffffd9][0xffffffae]<YJ[0xffffffe4][\r]g[0xffffffbb]j[0xffffffe5]([0xffffff91]2[0xffffff9c][0xffffffad][0xffffffc5][0xffffffbb]A[0x9][0xffffffb7]vy<[0xf][0xfffffff6][0xffffffd9]%[0xffffffbe]vy[0x6][0xffffffac]][0xffffff9e]f[0xffffff92][0xffffffad]0[0xffffffe0][0xffffffd8][0xffffffda][0xffffffe5])[0xffffffa3]k$%B[0xffffffd6].m [0x19]J[0x4][0xffffffac]]J8[0xffffffab])[0x11][0xffffffbc]v[0xffffffe9][0xffffffca][0xffffff93][0xffffffa5]D[0xffffffde][0xffffffda][0xffffffa5][0xffffffab]V[0xffffff8e][0x12])k[0xffffff97]Z[0xffffffbc][0x7f]O[0xffffff89]k[0x18]J\[0xffffffcf]CMT[0xfffffffd]x[0x1e][0xffffff96][0x12][0xffffff9f]O[0x0]S[0xffffffe2][0xffffffd7]3 [0xffffff94][0xfffffff8][0xfffffffc]u[0xffffff84][0x12][0xffffffff][0xfffffffc]r[0x4]%L[0x14][0x11]J[0xffffffd8]@"[0xffffff94]0[0xffffffb1],[0xffffffa7][0xffffff84][0xffffff84][0xffffffb3][0xffffff98][0x12][0x12][0xffffffd1] J[0xffffffb8][0xfffffff2]D)[0xffffffe1][0xffffffbb][0x14][0xffffffa5][0xffffff84][0xffffffab]V[0xffffff8c][0x12][0xffffffda][0xffffffb4][0x10]%[0xffffffb4]x7([0xffffffe1][0xffffffbe][0xffffff95][0x18][0xffffffaf][0xffffff83][0xfffffffa]V[0xffffffe2][0xffffffc2][0xffffffbf][0xffffff95][0xffffffb8][0x2][0xffffffbe][0xffffff95][0xffffffb8][0xffffffcc][0x1f][0xfffffff4][\n]"
18:17:44.686 [TestNG-tests-2] DEBUG org.apache.hc.client5.http.wire - http-outgoing-2 << "[0x3][0xffffff8e]}+q[0xffffffc9][0xffffff9f][0xffffffec]HJ[0xffffff84]|+a[0x3][0xffffffc9]P"[0xffffffe0][[0x9][0x9]g5%[0xffffff82][0xffffffbf][0xffffff95]p[0xffffffe5][0xffffffc9]R"[0xffffffef][[0x9]W[0xffffffad][0x1c]%R[0xffffffbe][0xffffff95][0xffffffd0][0xffffffe2][0xffffffdd][0xffffffa0][0xffffff84][0xfffffffb]V[0xffffffe2][0xffffffe3][0xffffffbf][0xffffffa6][0xffffffbe][0xffffff95][0xffffffb8][0xfffffff0]o%[0xffffffae][0xffffff80]o%.[0xfffffff3][0x7][0xffffffbd][0xffffffc2][0xffffff80]c[0xffffffdf]J\[0xfffffff2]';[0xffffff92][0x12]![0xffffffdf]J[0xffffffd8]@2[0xffffff94][0x8][0xfffffff8]VB[0xffffffc2]YM[0xffffff89][0xffffffe0]o%\y[0xffffffb2][0xffffff94][0xffffffc8][0xfffffffb]V[0xffffffc2]U+G[0xffffff89][0xffffff94]o%[0xffffffb4]x[0xffffffff][0xffffff9e][0x12][0xffffffc3]][0xffffffe7]5[0xffffffae][0xffffff87][0x1a][0xffffffce][0x1e][0xfffffff8]u^#[0xffffffe0]:[0xffffffaf]a[0xffffffee][0xffffff9c][0xffffffa9][0xb][0xfffffff8][0xffffffc0][0xffffffae][0xfffffff3][0x1a]r[0xffffffab][0xc]H[0x9][0x13]E[0xffffff84][0x12]6[0xffffff90][0x8]%L,[0xffffffcb])![0xffffffe1],[0xffffffa6][0xffffff84]D4[0xffffff88][0x12][0xffffffae]<QJ[0xfffffff8].E)[0xffffffe1][0xffffffaa][0x15][0xffffffa3][0xffffff84]6-D[0x9]-[0xffffffde][\r]J[0xffffffb8][0xffffffeb][0xffffffbc][0xffffffc6][0xffffffc0][0xffffff86][0xffffffb3][0x7]~[0xffffff9d][0xffffffd7][0x8][0xffffffb8][0xffffffce]k[0xffffff98];g[\n]"
18:17:44.686 [TestNG-tests-2] DEBUG org.apache.hc.client5.http.wire - http-outgoing-2 << "[0x3][0xffffff8e]][0xffffffe7]5[0xffffffe4]V[0x19][0xffffff92][0x12]![0xffffffd7]y[0xffffffd9]@2[0xffffff94][0x8][0xffffffb8][0xffffffce]K[0xffffffc2]YM[0xffffff89][0xffffffe0][0xffffffeb][0xffffffbc]\y[0xffffffb2][0xffffff94][0xffffffc8][0xffffffbb][0xffffffce][0xffffffcb]U+G[0xffffff89][0xffffff94][0xffffffeb][0xffffffbc][0xffffffb4]x7([0xffffffe1][0xffffffae][0xfffffff3][0x1a][0xffffffe3][0xffffffee][0x14]%[0xfffffff0][0xffffffeb][0xffffffbc]F[0xffffffc0]u^[0xffffffc3][0xffffffdc]9S[0x18]p[0xffffffec]:[0xffffffaf]![0xffffffb7][0xffffffca][0xffffff90][0xffffff94][0x8][0xffffffb9][0xffffffce][0xffffffcb][0x6][0xffffff92][0xffffffa1]D[0xffffffc0]u^[0x12][0xffffffce]jJ[0x4]_[0xffffffe7][0xffffffe5][0xffffffca][0xffffff93][0xffffffa5]D[0xffffffde]u^[0xffffffae]Z9J[0xffffffa4]\[0xffffffe7][0xffffffa5][0xffffffc5][0xffffffbb]A[0x9]w[0xffffff9d][0xffffffd7][0xffffffb8]o[0xffffffec][0xf][0x1c][0xfffffff8]u^#[0xffffffe0]:[0xffffffaf]a[0xffffffee][0xffffff9c])[0xc]8v[0xffffff9d][0xffffffd7][0xffffff90][eHJ[0xffffff84]\[0xffffffe7]e[0x3][0xffffffc9]P"[0xffffffe0]:/[0x9]g5%[0xffffff82][0xffffffaf][0xfffffff3]r[0xffffffe5][0xffffffc9]R"[0xffffffef]:/W[0xffffffad][0x1c]%R[0xffffffae][0xfffffff3][0xffffffd2][0xffffffe2][0xffffffdd][0xffffffa0][0xffffff84][0xffffffbb][0xffffffce][0xffffffeb][0xffffffee][0x7]F[0x9][0xfffffffc]:[0xffffffaf][0x11]p[0xffffff9d][0xffffffd7]0w[0xffffffce][0x14][0x6][0x1c][0xffffffbb][0xffffffce]k[0xffffffc8][0xffffffad]2$%B[0xffffffae][0xfffffff3][0xffffffb2][0xffffff81]d([0x11]p[0xffffff9d][0xffffff97][0xffffff84][0xffffffb3][0xffffff9a][0x12][0xffffffc1][0xffffffd7]y[0xffffffb9][0xfffffff2]d)[0xffffff91]w[0xffffff9d][0xffffff97][0xffffffab]V[0xffffff8e][0x12])[0xffffffd7]yi[0xfffffff1]nP[0xffffffc2]][0xffffffe7]u[0xffffff9f][0x1c]%[0xfffffff0][0xffffffeb][0xffffffbc]F[0xffffffc0]u^[0xffffffc3][0xffffffdc]9S[0x18]p[0xffffffec]:[0xffffffaf]![0xffffffb7][0xffffffca][0xffffff90][0xffffff94][0x8][0xffffffb9][0xffffffce][0xffffffcb][0x6][0xffffff92][0xffffffa1]D[0xffffffc0]u^[0x12][0xffffffce]jJ[0x4]_[0xffffffe7][0xffffffe5][0xffffffca][0xffffff93][0xffffffa5]D[0xffffffde]u^[0xffffffae]Z9J[0xffffffa4]\[0xffffffe7][0xffffffa5][0xffffffc5][0xffffffbb]E[0xffffff89][0x1e]F[0xffffff89][0xffffff8e]S[0xffffffa2][0x7]P[0xffffffa2][0xffffffa3][0xffffff94][0xffffffe8][0x18]%z[0x12]%[0xffffffd6](R[0xffffff94][0xffffffd0]@R[0xffffff94]XcIP[0xffffffa2][0xffffffc3][0xffffff94][0xffffffe8][0xffffffc1][0xffffff94][0xffffff90][0xfffffff2][0xffffffa4])a[0xffffffba][0xffffff94][0xffffffa6][0xffffff84]T+I[0xffffff89][0xffffff9e]B[0xffffff89][0xfffffffe]mJ[0xc][0xfffffff7]V[0xffffffe2][0xfffffff9]|L[0xffffff84][0x12][0x3][0x7f]+1[0x2][0xffffffde]J[0xc][0xffffffa5]sa[0xffffffc0][0x7][0xfffffff6]Vb$[0xffffffbd][0xffffff95][0xffffffd0](2[0xffffff94]p[0xffffff81]d([0xffffffa1][0xffffffb1][0xffffffac][0xffffffa7][0xffffffc4][0x1a][0xffffffce]jJ[0xffffffac][0x11]M[0xffffffa2][0xffffff84])O[0xffffff96][0x12][0xffffffb6]KYJ[0xffffff98]j[0xffffffe5](!MKQB[0xffffff8a]w[0xffffff83][0x12]n[0xffffffed][0xfffffff2]y[0xffffff9d][0xffffffd8][0x9][0xe]|[0xffffffed]r[0x4][0xffffffac]][0xe]3[0xffffffc9]V[0x18]pl[0xffffffed]r[0xffffffc8][0xffffffe8][0x1a]I[0xffffff89][0xffffff90][0xffffffb5]K[0x1b]H[0xffffff86][0x12][0x1]k[0xffffff97][0x12][0xffffffce]jJ[0x4][0xffffffaf]][0xffffffba][0xfffffff2]d)[0xffffff91][0xffffffb7]v[0xffffffe9][0xffffffaa][0xffffff95][0xffffffa3]D[0xffffffca][0xffffffda][0xffffffa5][0x16][0xffffffef][0x16]%[0xfffffff4][0xf][0x1c],%[0xffffffe8]?p[0xffffffdc][0x1][0x7f][0xffffffe0][0xffffffb8][0xfffffff5]-\i[0xffffffc0][0xffffffa9]?p[0xffffffdc]I[0x7f][0xffffffe0][0xffffffd0](R[0xffffff94]H[0xfffffff9][0x3][0xffffff87][0xffffffc6][0xffffff92][0xffffffa0][0x4][0xfffffffb][0x7][0xffffff8e]5[0xffffffa2]Y[0xffffff94][0x8][0xfffffffb][0x3][0xffffff87][0xffffffed]R[0xffffff9a][0x12]A[0x7f][0xffffffe0][0xffffff90][0xffffffa6][0xffffffe5]([0xfffffff1][0xfffffffd]?p[0xffffffb8][0xffffffe1][0xffffffec][0xffffffe7]<[0xffffffa8][0xffffff9b]A[0x7]>[0xffffff9c]=[0x2][0xffffff86][0xffffffb3][0xffffff87]Yw-[0xc]86[0xffffff9c]=d[0xffffffbf][0xffffff95][0xffffffa4]D[0xffffffc8]p[0xffffffb6][\r]$C[0xffffff89][0xffffff80][0xffffffe1]l[0x9]g5%[0xffffff82][0xffffff87][0xffffffb3]]y[0xffffffb2][0xffffff94][0xffffffc8][0x1b][0xffffffce]v[0xffffffd5][0xffffffca]Q"e8[[0xffffff8b]w[0xffffff8b][0x12][0xffffffe6][0xffffffad][0x4]J[0x9][0xfffffffa][0xffffffad][0xffffffc4][0x13][0xfffffff0]V[0xffffffe2]Q:[0xffffff97][0x6][0xffffff9c]z+[0xfffffff1]$[0xffffffbd][0xffffff95][0xffffffd0](R[0xffffff94]Hy+[0xffffffa1][0xffffffb1]$([0xffffffc1][0xffffffbe][0xffffff95]X#[0xffffff9a]E[0xffffff89][0xffffffb0][0xffffffb7][0x12][0xffffffb6]KiJ[0x4][0xffffffbd][0xffffff95][0xffffff90][0xffffffa6][0xffffffe5]([0xfffffff1][0xfffffffd][0xffffffb7][0x12][0xffffffd3][0xffffffbd][0xffffff95][0xffffffb8][0xffffffc6]CQb[0xffffffe2]o%[0xffffffa6][0xffffff93]tq[0xffffffde][0xffffffa7][0xffffffd2][0xffffffb9]0[0xffffffe0][0x13]{+1[0xffffff93][0xffffffde]Jh[0x14]"
18:17:44.686 [TestNG-tests-2] DEBUG org.apache.hc.client5.http.wire - http-outgoing-2 << "[0x19]J[0xffffffb8]@2[0xffffff94][0xffffffd0]X[0xffffffd6]Sb[\r]g5%[0xffffffd6][0xffffff88]&Q[0xffffffc2][0xffffff94]'K[0x9][0xffffffdb][0xffffffa5],%L[0xffffffb5]r[0xffffff94][0xffffff90][0xffffffa6][0xffffffa5](![0xffffffc5][0xffffffbb]E[0x9][0xfffffff3]V[0x2][0xffffffa5][0x4][0xfffffffd]Vb[0x6][0xffffffbc][0xffffff95][0xffffff98]J[0xffffffe7][0xffffffd2][0xffffff80]So%f[0xffffffd2][[0x9][0xffffff8d]"E[0xffffff89][0xffffff94][0xffffffb7][0x12][0x1a]K[0xffffff82][0x12][0xffffffec][[0xffffff89]5[0xffffffa2]Y[0xffffff94][0x8]{+a[0xffffffbb][0xffffff94][0xffffffa6]D[0xffffffd0][[0x9]iZ[0xffffff8e][0x12][0xffffffdf]~+q[0xffffffbb][0xffffff9b]A[0xffffffe7][0xffffffab][0xffffffbf] J[0xffffffdc][0xfffffff8][0xffffffcd][0xffffffa0]w[0xffffffc0][0xffffffcd][0xffffffa0][0xffffffb7][0xffffffb9][0xffffffbe][0xffffffae].[0xffffffe0]7v3[0xffffffe8]-[0x17][0xffffffd4][0xffffff81][0xffffff94]0QD(a[0x3][0xffffff89]P[0xffffffc2][0xffffffc4][0xffffffb2][0xffffff9c][0x12][0x12][0xffffffce]bJHD[0xffffff83]([0xffffffe1][0xffffffca][0x13][0xffffffa5][0xffffff84][0xffffffef]R[0xffffff94][0x12][0xffffffae]Z1Jh[0xffffffd3]B[0xffffff94][0xffffffd0][0xffffffe2][0xffffffdd][0xffffffa0][0xffffff84][0xffffffbb][0x19]t[0xffffffb6]6)J[0xffffffe0]7[0xffffff83][0xffffffde][0x1]7[0xffffff83][0xffffffde][0xffffffe6][0xfffffffa][0xffffffba][0xffffffc2][0xffffff80]c7[0xffffff83][0xffffffde]rA[0x1d]I[0xffffff89][0xffffff90][0xffffff9b]Am [0x19]J[0x4][0xffffffdc][0xc]*[0xffffffe1][0xffffffac][0xffffffa6]D[0xfffffff0][0xffffffcd][0xffffffa0][0xffffffae]<YJ[0xffffffe4][0xffffffdd][0xc][0xffffffea][0xffffffaa][0xffffff95][0xffffffa3]D[0xffffffca][0xffffffcd][0xffffffa0]Z[0xffffffbc][0x1b][0xffffff94]p7[0xffffff83][0xffffffce][0xffffff8f][0xffffffff][0xffffff9e][0xffffffa2][0x4]~3[0xffffffe8][0x1d]p3[0xffffffe8]m[0xffffffae][0xffffffaf]+[0xc]8v3[0xffffffe8]-[0x17][0xffffffd4][0xffffff91][0xffffff94][0x8][0xffffffb9][0x19][0xffffffd4][0x6][0xffffff92][0xffffffa1]D[0xffffffc0][0xffffffcd][0xffffffa0][0x12][0xffffffce]jJ[0x4][0xffffffdf][0xc][0xffffffea][0xffffffca][0xffffff93][0xffffffa5]D[0xffffffde][0xffffffcd][0xffffffa0][0xffffffae]Z9J[0xffffffa4][0xffffffdc][0xc][0xffffffaa][0xffffffc5][0xffffffbb]A[0x9]w3[0xffffffe8][0xffffffbc][0xffffffb9][0xffffffb7][0x12][0xfffffff8][0xffffffcd][0xffffffa0]w[0xffffffc0][0xffffffcd][0xffffffa0][0xffffffb7][0xffffffb9][0xffffffbe][0xffffffae]0[0xffffffe0][0xffffffd8][0xffffffcd][0xffffffa0][0xffffffb7]\PGR"[0xffffffe4]fP[0x1b]H[0xffffff86][0x12][0x1]7[0xffffff83]J8[0xffffffab])[0x11]|3[0xffffffa8]+O[0xffffff96][0x12]y7[0xffffff83][0xffffffba]j[0xffffffe5]([0xffffff91]r3[0xffffffa8][0x16][0xffffffef][0x6]%[0xffffffdc][0xffffffcd][0xffffffa0][0xfffffff3][0xffffffbe]1J[0xffffffe0]7[0xffffff83][0xffffffde][0x1]7[0xffffff83][0xffffffde][0xffffffe6][0xfffffffa][0xffffffba][0xffffffc2][0xffffff80]c7[0xffffff83][0xffffffde]rA[0x1d]I[0xffffff89][0xffffff90][0xffffff9b]Am [0x19]J[0x4][0xffffffdc][0xc]*[0xffffffe1][0xffffffac][0xffffffa6]D[0xfffffff0][0xffffffcd][0xffffffa0][0xffffffae]<YJ[0xffffffe4][0xffffffdd][0xc][0xffffffea][0xffffffaa][0xffffff95][0xffffffa3]D[0xffffffca][0xffffffcd][0xffffffa0]Z[0xffffffbc][0x1b][0xffffff94]p7[0xffffff83][0xffffffce][0xffffffe7]uP[0xffffff94][0xffffffc0]o[0x6][0xffffffbd][0x3]n[0x6][0xffffffbd][0xffffffcd][0xfffffff5]u[0xffffff85][0x1][0xffffffc7]n[0x6][0xffffffbd][0xffffffe5][0xffffff82]:[0xffffff92][0x12]!7[0xffffff83][0xffffffda]@2[0xffffff94][0x8][0xffffffb8][0x19]T[0xffffffc2]YM[0xffffff89][0xffffffe0][0xffffff9b]A]y[0xffffffb2][0xffffff94][0xffffffc8][0xffffffbb][0x19][0xffffffd4]U+G[0xffffff89][0xffffff94][0xffffff9b]A[0xffffffb5]x7([0xffffffe1][0xffffffee][0xffffffe0][0xfffffff8][0xffffffb0][0x4][0xfffffff6]V[0x2][0xffffffbf][0xffffff83][0xffffffe3][0xe][0xffffffb8][0xffffff83][0xffffffe3]6C[0xfffffff1][0xffffff85][0x1][0xffffffc7][0xffffffee][0xffffffe0][0xffffffb8]e[\n]"
18:17:44.686 [TestNG-tests-2] DEBUG org.apache.hc.client5.http.wire - http-outgoing-2 << "[0xffffff9e][0xffffffa4]D[0xffffffc8][0x1d][0x1c]6[0xffffff90][0xc]%[0x2][0xffffffee][0xffffffe0][0xffffff90]pVS"[0xfffffff8][0xe][0xe]W[0xffffff9e],%[0xfffffff2][0xffffffee][0xffffffe0]p[0xffffffd5][0xffffffca]Q"[0xffffffe5][0xe][0xe]-[0xffffffde]-J[0x1c]a[0xffffff94]8pJ[0x1c][0x1][0xffffff94]8PJ[0x1c][0x18]%[0xffffff8e]$J[0xffffffac]Q[0xffffffa4]([0xffffffa1][0xffffff81][0xffffffa4]([0xffffffb1][0xffffffc6][0xffffff92][0xffffffa0][0xffffffc4][0x1]S[0xffffffe2][0x8][0xffffffa6][0xffffff84][0xffffff94]'M[0x9][0xffffffd3][0xffffffa5]4%[0xffffffa4]ZIJ[0x1c])[0xffffff94]8[0xffffffbe]M[0x9][0xffffffbd][0xffffff83][0xffffffe3]x[0xffffffbd][0xffffff8e][0xffffff86][0xfffffffd][0xffffff81][0x3][0xffffffbf][0xffffff83][0xffffffe3][0xe][0xffffffb8][0xffffff83][0xffffffe3]6C[0xfffffff1][0xffffff85][0x1][0xffffffc7][0xffffffee][0xffffffe0][0xffffffb8]e[\n]"
18:17:44.686 [TestNG-tests-2] DEBUG org.apache.hc.client5.http.wire - http-outgoing-2 << "[0xffffff9e][0xffffffa4]D[0xffffffc8][0x1d][0x1c]6[0xffffff90][0xc]%[0x2][0xffffffee][0xffffffe0][0xffffff90]pVS"[0xfffffff8][0xe][0xe]W[0xffffff9e],%[0xfffffff2][0xffffffee][0xffffffe0]p[0xffffffd5][0xffffffca]Q"[0xffffffe5][0xe][0xe]-[0xffffffde]-J[0xffffffac]k[0xffffff97]4%[0xffffffe0][0xffffffb5][0xffffffcb];[0xffffffe0][0xe][0xffffff8e][0xffffffdb][0xc][0xffffffc5][0xffffff97][0x6][0x1c]Z[0xffffffbb][0xffffffbc]e[\n]"
18:17:44.686 [TestNG-tests-2] DEBUG org.apache.hc.client5.http.wire - http-outgoing-2 << "[0xffffff9e][0xffffffa5]D[0xffffffc4][0xffffffda][0xffffffa5][\r]$E[0x9]|[0xffffffed]R[0xffffffc2]YO[0xffffff89][0xffffffd8][0xffffffb5]KW[0xffffff9e]4%[0xffffffd2][0xffffffd6].][0xffffffb5][0xffffff92][0xffffff94][0xffffffc8]X[0xffffffbb][0xffffffd4][0xffffffe2][0xffffffdd][0xffffffa2][0xffffffc4][0x1d]F[0xffffff89][0x1b][0xffffffa7][0xffffffc4][0x1d]@[0xffffff89][0x1b][0xffffffa5][0xffffffc4][0xffffff8d]Q[0xffffffe2]N[0xffffffa2][0xffffffc4][0x1a]E[0xffffff8a][0x12][0x1a]H[0xffffff8a][0x12]k,[0x9]J[0xffffffdc]0%[0xffffffee]`JHy[0xffffffd2][0xffffff94]0]JSB[0xffffffaa][0xffffff95][0xffffffa4][0xffffffc4][0xffffff9d]B[0xffffff89][0xfffffffb]?[0xffffffa0]DK[0xffffffb3]D[0xffffffe3]1[0xffffffd1][0x12]4[0xffffffd1]XN4[0xffffffce][0x13]-[\n]"
18:17:44.686 [TestNG-tests-2] DEBUG org.apache.hc.client5.http.wire - http-outgoing-2 << "[0x14][0xffffff92]GJ[0x14]&[0xffffff95][0x14])$[0xffffff9b][0xffffff84])[0x1a][0xffffff8d][0xffffff8a][0xffffff96][0xffffffac][\n]"
18:17:44.686 [TestNG-tests-2] DEBUG org.apache.hc.client5.http.wire - http-outgoing-2 << "[0xffffffad]Q[0xffffff9a][0x15][0xffffffae]UiWh[0xffffffc9][0xffffff92][0xffffffb0]X;[0xffffff97][0xffffff93][0xffffffc5]Z[0xffffffc1][[0xffffffb4][0xffffffe8]#[0xffffff8c][0x16]}[0xffffffe0][0xffffffb4][0xfffffff8]x[0x4][0xffffff9e][0x16]?[0x1f][0xffffff82][0xffffffa2][0xffffffc5][0xffffffc7][0xffffffcf]S[0xffffffb4][0xfffffff8][0xfffffffa][0xffffffe9][0x14]ZH[0x1e])Z[0xffffff98]TR[0xffffffb4][0xffffff90]l[0x12][0xffffffb4]X[0x12]ZO[0xffffff8b]%[0xffffffa7]Y[0xffffffb4][0xffffffd0][0x1a][0xffffffa5]i[0xffffffe1]Z[0xffffff95][0xffffffa6][0xffffff85][0xffffff96],I[0xffffff8b][0xffffffb5]s9Z[0xffffffac][0x15][0xffffffbc]E[0xffffff8b]#[0xffffff8d][0x16][0x7]O[0xffffff8b]#[0xffffff81][0x16][0x7]K[0xffffff8b][0xffffff83][0xffffffa3][0xffffffc5][0x11]E[0xb][0xffffffc9]#E[0xb][0xffffff93]J[0xffffff8a][0x16][0xffffff92]M[0xffffff82][0x16][0x7]M[0xffffff8b]#[0xffffff99][0x16]Z[0xffffffa3]4-\[0xffffffab][0xffffffd2][0xffffffb4][0xffffffd0][0xffffff92]%i[0xffffffb1]v.G[0xffffff8b][0xffffffb5][0xffffff82][0xffffffb7]hq]a[0xffffffb4][0xffffffb8].[0xffffff9c][0x16][0x1f][0xffffff8f][0xffffffc0][0xffffffd3][0xffffffe2][0xffffffe7]CP[0xffffffb4][0xfffffff8][0xfffffff8]y[0xffffff8a][0x16]_?[0xffffff9d]B[0xb][0xffffffc9]#E[0xb][0xffffff93]J[0xffffff8a][0x16][0xffffff92]M[0xffffff82][0x16]KB[0xffffffeb]i[0xffffffb1][0xffffffe4]4[0xffffff8b][0x16]Z[0xffffffa3]4-\[0xffffffab][0xffffffd2][0xffffffb4][0xffffffd0][0xffffff92]%i[0xffffffb1]v.G[0xffffff8b][0xffffffb5][0xffffff82][0xffffffb7]h1Z[0x18]-F[0xffffffc3]i[0xfffffff1][0xfffffff1][0x8]<-~>[0x4]E[0xffffff8b][0xffffff8f][0xffffff9f][0xffffffa7]h[0xfffffff1][0xfffffff5][0xffffffd3])[0xffffffb4][0xffffff90]<R[0xffffffb4]0[0xffffffa9][0xffffffa4]h![0xffffffd9]$h[0xffffffb1]$[0xffffffb4][0xffffff9e][0x16]KN[0xffffffb3]h[0xffffffa1]5J[0xffffffd3][0xffffffc2][0xffffffb5]*M[0xb]-Y[0xffffff92][0x16]k[0xffffffe7]r[0xffffffb4]X+x[0xffffff8f][0x16]i[0xffffffa7]K[0x7][0x7f][0xffffffbc]t$[0xffffff9c]/[0x1d][0xffffffec][0x1][0xffffffd3][0xffffffc1][0xffffff9d]0[0x1d]QGL%[0xffffff8f][0x18]-r[0xe][0xffffff99]J6[0x11]Z[0xffffffd0][0xffffffc7]LG[0xfffffff2]9S[0xffffffad]Q[0xffffff9c][0x16][0xffffff81]'M[0xffffffb5]dQZ[0xffffffc4][0xffffff9c]5]+x[0xffffff8f][0x16][0xffffffeb][0xffffff9c]&N[0xb]zO[0xfffffff3][0xfffffff3][0x11][0x2]hA.j~[0xfffffffe]<F[0xffffff8b][0xffffffa0]MM[0xffffff93]G[0xffffff8c][0x16])[0xffffffab][0xffffff9a]&[0xffffff9b][0x8]-[0xffffffd8]]M[0xffffffc9]i[0x18]-[0xffffffc2][0xffffff96]5}[0xffffffab][0xffffffe2][0xffffffb4][0x8][0xffffffda][0xffffffd6][0xffffffd4][0xffffffce][0x5]i[0xfffffff1]_[0xffffffac]k[0xffffffb6][0xffffffb8]#"-[0xffffffe0][0xffffff8c]H[0xffffff8b]8$[0xffffffd2][0xfffffff4][0x3][0xffffffe6][0xffffffd2][0xffffffa8]7[0xfffffff0][0xffffff98]H[0xffffffcb]:'[0xffffffa2][0xffffffa1][0xffffffa4][0xffffff84][0xffffffe1][0xffffffa2]I[0x11]C[0x3]J[0x18]c[0xffffff8d]i=2[0xffffffd6][0xffffffb0]f)[0xffffffc3][0x14]*[0xffffffcd][0xc][0xffffffdb][0xffffffaf][0xffffffb4]3L[0xffffffdd][0xffffff92][0xffffffd0][0xffffff90][0xfffffff6][0xffffffe5][0xffffffa4]!e[0xffffffbc]I[0xffffff8d][0xffffffb8][0xffffffa1][0xffffff8b][0x1e][0xffffffb0]t[0xffffffd1]#[0xffffffa6].:[0xffffffbc]u[0xffffffd1][0xffffffc1][0xffffffb1][0xffffff8b][0xffffff9e][0xffffffb5]v![0xffffffa1][0xffffffe4][0xffffffa8][0x11][0xffffffb4]w![0x1]e[0xffffffa8][0xffffff81]/^[0xfffffff4][0xffffffe8][0xffffffc9][0xb]-T[0xffffff9e][0x1a][0xffffff89][0xffffffa3][0x17]Z[0xffffffb7],5rf/[0xffffffd6]2[0xffffffde][0xffffffa3][0xffffffc6]"
18:17:44.687 [TestNG-tests-2] DEBUG org.apache.hc.client5.http.wire - http-outgoing-2 << "[0xffffff93][0xfffffff6]1[0xffffffc6][0xffffffc7][0x13][0xfffffff1][0xffffffd4]x[0x12]>[0xffffffc7][0xfffffff8][0xffffffe7])0j<[0xffffffdc][0x7][0x19]?[0x7f];[0xffffff86][0x1a][0x12]J[0xffffff8c][0x1a]&[0xffffff9a][0x18]5$[0xffffffa0][0x8]5[0x1e][0xfffffffa][0xffffffab][0xffffff8c]5[0xffffffac]a[0xffffffd4][0xffffffd0]B[0xffffffc5][0xffffffa9][0xffffffe1][0xfffffffa][0x15][0xffffffa7][0xffffff86][0xffffffd6]-J[0xffffff8d][0xffffffb5]}Aj[0xffffffac]e[0xfffffffc]7[0xffffffd4][0xffffffb8]?[0xffffffff][0xffffff95][0xffffffe7]0[0xffffffd7][0xffffff93][0xfffffff5][0xffffffd7][0xfffffffd][0xffffff94]C[0xffffffe3][0xfffffff7][0xfffffff3]P[0xffffffcc][0xfffffff8][0xffffffe3][0x9]0d,[0xffffffcf]PL[0xffffff8c]?~[0xffffffbd][0x18][0x18][0xffffffff][0xfffffffb][0xffffffcb]0/[0xffffffde]F[0xffffffb1][0x18][0x17][0xffffffff][0x12][0xffffffc8]bZ[0xffffffbc][0xffffff8d]e!,[0xffffffde][0xffffff84][0xffffffb3][0xffffff8c][0x15]o"[0x1a][0xffffff81][0xffffff8a][0xfffffff7][0xffffffe5][0x9][0xffffff91][0xffffffe2][0xffffffdf][0xffffffba][0x14][0x2][0xffffffc5][0xfffffffb]j[0x5]8[0xfffffff1][0xffffffae]i[0xffffffcb]1[0xfffffff1][0xffffffae]x7(q:J[0x1c][0xffffffd7]IQ[0xffffffe2][0xffffffc4])q[0x6]P[0xffffffe2][0xffffffd4][0xffffffbc][0x17][0x6][0xfffffffc][0xffffffc4](q&QB[0xffffffa3][0xffffffc8]P[0xffffffc2][0x5][0xffffff92][0xffffffa1][0xffffff84][0xffffffc6][0xffffffb2][0xffffff9e][0x12]k8[0xffffffab])[0xffffffb1]F4[0xffffff89][0x12][0xffffffa6]<YJ[0xffffffd8].e)a[0xffffffaa][0xffffff95][0xffffffa3][0xffffff84]4-E[0x9])[0xffffffde][\r]J\[0xffffff8e][0x12]Wo[0x14]%.[0xffffff9c][0x12]W[0x0]%.[0xffffffcd]{a[0xffffffc0]/[0xffffff8c][0x12]W[0x12]%4[0xffffff8a][0xc]%\ [0x19]Jh,[0xffffffeb])[0xffffffb1][0xffffff86][0xffffffb3][0xffffff9a][0x12]kD[0xffffff93](a[0xffffffca][0xffffff93][0xffffffa5][0xffffff84][0xffffffed]R[0xffffff96][0x12][0xffffffa6]Z9JH[0xffffffd3]R[0xffffff94][0xffffff90][0xffffffe2][0xffffffdd][0xffffffa0][0xffffffc4]p[0xffffff94][0xffffff98][0xffffff9f][0xb][0xffffff9d][0x8]%[0x6]N[0xffffff89][0x11]@[0xffffff89][0xffffffa1]y/[0xc][0xfffffff8][0xffffffc0](1[0xffffff92]([0xffffffa1]Qd([0xffffffe1][0x2][0xffffffc9]PBcYO[0xffffff89]5[0xffffff9c][0xffffffd5][0xffffff94]X#[0xffffff9a]D[0x9]S[0xffffff9e],%l[0xffffff97][0xffffffb2][0xffffff94]0[0xffffffd5][0xffffffca]QB[0xffffff9a][0xffffff96][0xffffffa2][0xffffff84][0x14][0xffffffef][0x6]%nC[0xffffff89][0x1f][0xffffffff][0xffffffa1](q[0xffffffe3][0xffffff94][0xffffffb8][0x3](qk[0xffffffde][0xb][0x3]~c[0xffffff94][0xffffffb8][0xffffff93]([0xffffffa1]Qd([0xffffffe1][0x2][0xffffffc9]PBcYO[0xffffff89]5[0xffffff9c][0xffffffd5][0xffffff94]X#[0xffffff9a]D[0x9]S[0xffffff9e],%l[0xffffff97][0xffffffb2][0xffffff94]0[0xffffffd5][0xffffffca]QB[0xffffff9a][0xffffff96][0xffffffa2][0xffffff84][0x14][0xffffffef][0x6]%[0x1e]K[0xffffff89][0xffffffe7][0xffffffa4]([0xfffffff1][0xffffffe0][0xffffff94]x[0x2]([0xfffffff1]h[0xffffffde][0xb][0x3][0xfffffffe]`[0xffffff94]x[0xffffff92]([0xffffffa1]Qd([0xffffffe1][0x2][0xffffffc9]PBcYO[0xffffff89]5[0xffffff9c][0xffffffd5][0xffffff94]X#[0xffffff9a]D[0x9]S[0xffffff9e],%l[0xffffff97][0xffffffb2][0xffffff94]0[0xffffffd5][0xffffffca]QB[0xffffff9a][0xffffff96][0xffffffa2][0xffffff84][0x14][0xffffffef][0x6]%[0xffffffa6][0xffffffa3]D[0xffffffe3][0xffffffde]JL[0xffffff9c][0x12]3[0xffffff80][0x12]S[0xfffffff3]^[0x18][0xfffffff0][0xffffff89]Qb&QB[0xffffffa3][0xffffffc8]P[0xffffffc2][0x5][0xffffff92][0xffffffa1][0xffffff84][0xffffffc6][0xffffffb2][0xffffff9e][0x12]k8[0xffffffab])[0xffffffb1]F4[0xffffff89][0x12][0xffffffa6]<YJ[0xffffffd8].e)a[0xffffffaa][0xffffff95][0xffffffa3][0xffffff84]4-E[0x9])[0xffffffde][0xffffffbf][0xffffffa7][0xffffffc4]|YJ[0xffffffdc][0x13][0xffffffa2][0xffffffc4][0xffffff8f][0xffffffe7]a)[0xfffffff1][0xfffffff9][0x4]0%~=[0x3]B[0xffffff89][0xffffffcf]_G([0xfffffff1][0xffffffcf]/GP[0xffffffc2]D[0x11][0xffffffa1][0xffffff84][\r]$B[0x9][0x13][0xffffffcb]rJH8[0xffffff8b])![0x11][\r][0xffffffa2][0xffffff84]+O[0xffffff94][0x12][0xffffffbe]KQJ[0xffffffb8]j[0xffffffc5]([0xffffffa1]M[0xb]QB[0xffffff8b]w[0xffffff83][0x12][0xffffffcd]Q[0xffffffa2]?[0xffffffd4][[0xffffff89][0x1f][0xffffffcf][0x3]S[0xffffffa2][0x5]P[0xffffffa2]i[0xffffffde][0xb][0x3][0xffffffde]0J[0xffffffb4]$Jh[0x14][0x19]J[0xffffffb8]@2[0xffffff94][0xffffffd0]X[0xffffffd6]Sb[\r]g5%[0xffffffd6][0xffffff88]&Q[0xffffffc2][0xffffff94]'K[0x9][0xffffffdb][0xffffffa5],%L[0xffffffb5]r[0xffffff94][0xffffff90][0xffffffa6][0xffffffa5](![0xffffffc5][0xffffffbb]A[0xffffff89][0xffffffee](q[0xffffff9d][0xffffffd8][[0xffffff89][0xffffff8e]S[0xffffffa2][0x7]P[0xffffffa2]k[0xffffffde][0xb][0x3][0xffffffde]1J[0xfffffff4]$Jh[0x14][0x19]J[0xffffffb8]@2[0xffffff94][0xffffffd0]X[0xffffffd6]Sb[\r]g5%[0xffffffd6][0xffffff88]&Q[0xffffffc2][0xffffff94]'K[0x9][0xffffffdb][0xffffffa5],%L[0xffffffb5]r[0xffffff94][0xffffff90][0xffffffa6][0xffffffa5](![0xffffffc5][0xffffffbb]A[0x9][0xffffffb7]vy[0xffffffdc][\r][0xffffffa3][0x4][0xffffffbe]v9[0x3][0xffffffd6].[0xffffffa7][0xffffff99]d+[0xc]8[0xffffffb6]v9et[0xffffff8d][0xffffffa4]D[0xffffffc8][0xffffffda][0xffffffa5][\r]$C[0xffffff89][0xffffff80][0xffffffb5]K[0x9]g5%[0xffffff82][0xffffffd7].]y[0xffffffb2][0xffffff94][0xffffffc8][[0xffffffbb]t[0xffffffd5][0xffffffca]Q"e[0xffffffed]R[0xffffff8b]w[0xffffff8b][0x12]=[0xffffff8c][0x12][0xffffffd8][0xfffffffd][0x1c][0x7f]<[0x1]O[0x9][0xffffffe4]n[0xffffff8e]?~[0xffffff9d][0xffffffa2]D[0xffffffc2][0xffffffbd][0x1c]o[0xffffffa3]HQ[0x2][0xffffffbf][0xffffff93][0xffffffe3]m,[0x9]J@[0xfffffff7]q[0xffffffbc][0xffffff89]h[0x16]%R[0xffffffee][0xffffffe2][0xfffffff8][0xffffffb7].[0xffffffa5])[0xffffff91]p[0xf][0xffffffc7][0xffffffbb][0xffffffa6][0xffffffe5]([0xfffffff1][0xffffffed];8[0xffffffa6][0x1b][0xffffffce]>[0xfffffffb][0xffffff8b]Z[0xffffffbb][0xffffff9c][0xfffffff8]p[0xfffffff6][0xc][0x18][0xffffffce][0xffffff9e]f[0xffffffdd][0xffffffb5]0[0xffffffe0][0xffffffd8]p[0xfffffff6][0xffffff94][0xfffffffd]V[0xffffff92][0x12]![0xffffffc3][0xffffffd9]6[0xffffff90][0xc]%[0x2][0xffffff86][0xffffffb3]%[0xffffff9c][0xffffffd5][0xffffff94][0x8][0x1e][0xffffffce]v[0xffffffe5][0xffffffc9]R"o8[0xffffffdb]U+G[0xffffff89][0xffffff94][0xffffffe1]l-[0xffffffde][\r]J[0xffffffb8][0xffffffe1][0xffffffec][0xfffffff3][0x18]7E[0x9]|8{[0x6][0xc]gO[0xffffffb3][0xffffffee]Z[0x18]pl8{[0xffffffca]~+I[0xffffff89][0xffffff90][0xffffffe1]l[0x1b]H[0xffffff86][0x12][0x1][0xffffffc3][0xffffffd9][0x12][0xffffffce]jJ[0x4][0xf]g[0xffffffbb][0xfffffff2]d)[0xffffff91]7[0xffffff9c][0xffffffed][0xffffffaa][0xffffff95][0xffffffa3]D[0xffffffca]p[0xffffffb6][0x16][0xffffffef][0x6]%[0xffffffdc]p[0xfffffff6]ywj8{[0xffffffe2][0xffffffc3][0xffffffd9]3`8{[0xffffff9a]u[0xffffffd7][0xffffffc2][0xffffff80]c[0xffffffc3][0xffffffd9]S[0xfffffff6][IJ[0xffffff84][0xc]g[0xffffffdb]@2[0xffffff94][0x8][0x18][0xffffffce][0xffffff96]pVS"x8[0xffffffdb][0xffffff95]'K[0xffffff89][0xffffffbc][0xffffffe1]lW[0xffffffad][0x1c]%R[0xffffff86][0xffffffb3][0xffffffb5]x7(q[0x1b]J\[0xffffffaf][0x7][0xfffffffb][0x3][0xffffffc7][0xffffff8d]S[0xffffffe2][0xe][0xffffffa0][0xffffffc4][0xffffffad]y/[0xc][0xfffffff8][0xffffff8d]Q[0xffffffe2]N[0xffffffa2][0xffffff84]F[0xffffff91][0xffffffa1][0xffffff84][0xb]$C[0x9][0xffffff8d]e=%[0xffffffd6]pVSb[0xffffff8d]h[0x12]%Ly[0xffffffb2][0xffffff94][0xffffffb0]][0xffffffca]R[0xffffffc2]T+G[0x9]iZ[0xffffff8a][0x12]R[0xffffffbc][0x1b][0xffffff94]x[0xfffffffe][0xffffffef]PJ[0x1c][0xffffffed][0xffffffa1]([0xfffffff1][0xfffffff1]<0%~<[0x1]M[0xffffff89][0x7f][0xffffff9e][0xffffff81][0xffffffa1][0xffffffc4][0xffffff8f]_g([0xfffffff1][0xfffffff3][0xffffff97]3([0xffffffa1]Qd([0xffffffe1][0x2][0xffffffc9]PBcYO[0xffffff89]5[0xffffff9c][0xffffffd5][0xffffff94]X#[0xffffff9a]D[0x9]S[0xffffff9e],%l[0xffffff97][0xffffffb2][0xffffff94]0[0xffffffd5][0xffffffca]QB[0xffffff9a][0xffffff96][0xffffffa2][0xffffff84][0x14][0xffffffef][0x6]%[0xffffffa6]9[0xffffffc1]q[0xffffff8d][0xffffffbb]S[0xffffff94][0xffffff98][0xfffffff8][0x9][0xffffff8e][0x19]p[0xffffff82]c[0xffffffea]g[0xffffffc6][0xffffff85][0x1][0xffffff9f][0xffffffd8][0x9][0xffffff8e][0xffffff99]t[0xffffff82]C[0xffffffa3][0xffffffc8]P[0xffffffc2][0x5][0xffffff92][0xffffffa1][0xffffff84][0xffffffc6][0xffffffb2][0xffffff9e][0x12]k8[0xffffffab])[0xffffffb1]F4[0xffffff89][0x12][0xffffffa6]<YJ[0xffffffd8].e)a[0xffffffaa][0xffffff95][0xffffffa3][0xffffff84]4-E[0x9])[0xffffffde]-J[0xffffff9c]a[0xffffff94]8qJ[0xffffff9c][0x1][0xffffff94]8QJ[0xffffff9c][0x18]%[0xffffffce]$J[0xffffffac]Q[0xffffffa4]([0xffffffa1][0xffffff81][0xffffffa4]([0xffffffb1][0xffffffc6][0xffffff92][0xffffffa0][0xffffffc4][0x9]S[0xffffffe2][0xc][0xffffffa6][0xffffff84][0xffffff94]'M[0x9][0xffffffd3][0xffffffa5]4%[0xffffffa4]ZIJ[0xffffff9c])[0xffffff94]8[0xffffffbf]I[0xffffff89][0xffffffeb][0xffffffe5][0xffffffee][0xffffffe0][0x18][0xffffffaf][0x3][0xffffffda][0xffffff95][0xfffffff8]|[0x1e][0xffffff94][0x12]_O[0xffffffc0]R[0xffffffe2][0xfffffff7]3[0x10][0xffffff94][0xfffffff8][0xfffffffa]u[0xffffff82]"
18:17:44.688 [TestNG-tests-2] DEBUG org.apache.hc.client5.http.wire - http-outgoing-2 << "[0x12][0xffffffbf]~9[0xffffff81][0x12].[0xffffff8a][0x4]%| [0x9]J[0xffffffb8]XVSB[0xffffffc3]YK[0x9][0xffffff8d]h[0xe]%ly[0xffffff92][0xffffff94]x[0xffffffd3][0xffffffa5]$%l[0xffffffb5]R[0xffffff94]0M[0xffffffcb]P[0xffffffc2][0x14][0xffffffef][0x6]%[0xffffffdc][0x1d][0x1c][0xffffffe3]5[0xffffffa1];8>[0xffffff9f][0x7][0xffffffa6][0x4][0x7f][0x7][0xffffffc7][0xffffffef]g`(A[0xffffffdd][0xffffffc1][0xfffffff1][0xffffffeb][0xffffff97]3([0xffffff91]q[0x7][0xffffff87][0xf]$C[0x9][0xfffffffe][0xe][0xe][\r]g5%r[0xffffffef][0xffffffe0][0xffffffb0][0xffffffe5][0xffffffc9]R"[0xffffffee][0xe][0xe][[0xffffffad][0x1c]%B[0xffffffee][0xffffffe0]0[0xffffffc5][0xffffffbb]A[0xffffff89][0xffffffdb]Q[0xffffffe2][0xffffffa6]>[0xffffffbb][0xfffffffc]|[0x1e][0xffffff98][0x12]w[0x0]%n[0xffffffcd]{a[0xffffffc0]o[0xffffff8c][0x12]w[0x12]%4[0xffffff8a][0xc]%\ [0x19]Jh,[0xffffffeb])[0xffffffb1][0xffffff86][0xffffffb3][0xffffff9a][0x12]kD[0xffffff93](a[0xffffffca][0xffffff93][0xffffffa5][0xffffff84][0xffffffed]R[0xffffff96][0x12][0xffffffa6]Z9JH[0xffffffd3]R[0xffffff94][0xffffff90][0xffffffe2][0xffffffdd][0xffffffa0][0xffffffc4]c(q[0xffffffb7][0xffffff81][0xffffffbd][0xffffff95]xpJ<[0x1][0xffffff94]x4[0xffffffef][0xffffff85][0x1][0x7f]0J<I[0xffffff94][0xffffffd0](2[0xffffff94]p[0xffffff81]d([0xffffffa1][0xffffffb1][0xffffffac][0xffffffa7][0xffffffc4][0x1a][0xffffffce]jJ[0xffffffac][0x11]M[0xffffffa2][0xffffff84])O[0xffffff96][0x12][0xffffffb6]KYJ[0xffffff98]j[0xffffffe5](!MKQB[0xffffff8a]w[0xffffff83][0x12][0xffffffd3]Q[0xffffffe2][0x18][0xffffffd0]g[0xffffff97][0xffffff9f][0xffffffcf][0x3]Sb[0x6]Pbj[0xffffffde][0xb][0x3]>1J[0xffffffcc]$Jh[0x14][0x19]J[0xffffffb8]@2[0xffffff94][0xffffffd0]X[0xffffffd6]Sb[\r]g5%[0xffffffd6][0xffffff88]&Q[0xffffffc2][0xffffff94]'K[0x9][0xffffffdb][0xffffffa5],%L[0xffffffb5]r[0xffffff94][0xffffff90][0xffffffa6][0xffffffa5](![0xffffffc5][0xfffffffb][0xfffffff7][0xffffff94]h[0xffffffee][0xffffffb3][0xffffffcb][0xfffffffb]9[0xffffffa8][0xffffffb7][0x12][\r][0xffffffff][0xffffffec][0xffffffb2][0x5]|v[0xffffffd9][0xffffffcc][0xffffffb7]Au[0x1]o[0xffffffd8]g[0xffffff97]M[0xffffffbe][0xfffffffe][0x1])a[0xffffffa2][0xffffff88]P[0xffffffc2][0x6][0x12][0xffffffa1][0xffffff84][0xffffff89]e9%$[0xffffff9c][0xffffffc5][0xffffff94][0xffffff90][0xffffff88][0x6]Q[0xffffffc2][0xffffff95]'J[0x9][0xffffffdf][0xffffffa5](%\[0xffffffb5]b[0xffffff94][0xffffffd0][0xffffffa6][0xffffff85]([0xffffffa1][0xffffffc5][0xffffffbb]E[0xffffff89]3[0xffffff8c][0x12][0xffffffec]a[0xffffffd0][0xffffffaf]'[0xffffffe0])[0xffffffc1][0x1d][0x6][0xfffffffd][0xfffffffa]u[0xffffff8a][0x12]1[0xffffff87]A][0x14])Jd[0x1c][0x6]u[0xffffffb1]$(A[0x1e][0x6][0xffffffd5][0xffffff88]fQ"[0xffffffea]0[0xffffffe8][0xffffff9b].[0xffffffa5])[0x11]s[0x18][0xffffffd4]4-G[0xffffff89]o[0x1f][0x6]m[0xffffffee][0x4][0xffffffc7]=[0xffffffb1]o%[0x1a]~[0xffffff82][0xffffffa3][0x5][0xffffff9c][0xffffffe0]h[0xffffffe6]3[0xffffffe3][0xffffffc2][0xffffff80]c'8[0xffffff9a]|HLR"[0xffffffe4][0x4][0xffffff87][\r]$C[0xffffff89][0xffffff80][0x13][0x1c][0x12][0xffffffce]jJ[0x4][0xffffff9f][0xffffffe0]p[0xffffffe5][0xffffffc9]R"[0xffffffef][0x4][0xffffff87][0xffffffab]V[0xffffff8e][0x12])'8[0xffffffb4]x7([0xffffffd1][\r]%[0xffffff9e][0xffffffb3]Q[0xffffffdf]J[0xfffffffc]x[0x1e][0xffffff98][0x12]=[0xffffff80][0x12]][0xfffffff3]^[0x18][0xfffffff0][0xffffff8e]Q[0xffffffa2]'QB[0xffffffa3][0xffffffc8]P[0xffffffc2][0x5][0xffffff92][0xffffffa1][0xffffff84][0xffffffc6][0xffffffb2][0xffffff9e][0x12]k8[0xffffffab])[0xffffffb1]F4[0xffffff89][0x12][0xffffffa6]<YJ[0xffffffd8].e)a[0xffffffaa][0xffffff95][0xffffffa3][0xffffff84]4-E[0x9])[0xffffffde][\r]J[0xffffffb8]K[0xffffffc6][0xffffffe7][0xffffffeb]E[0x1d][0x6]m[0xfffffff4]%[0xffffffe3]_O@S[0xffffff82][0xffffffbc]d[0xfffffffc][0xffffffeb][0xffffffd7][0x19]J[0x4]]2[0xffffffee][0xffffffa2][0xffffffc8]P"[0xffffffe5][0xffffff92]q[0x17][0xffffffcb]zJ[0xffffffb0][0xffffff97][0xffffff8c]kD[0xffffff93]([0x11]v[0xffffffc9][0xfffffff8][0xffffff9b].e)[0x11]t[0xffffffc9][0xffffffb8]iZ[0xffffff8a][0x12][0xffffffdf][0xffffffbf]d[0xfffffffc]j[0xffffffee][0xffffff92][0xfffffff1][0xfffffff9][0x1a][0x18]%[0xffffffe8]K[0xffffffc6][0xffffffbf][0xffffff9e][0xffffff80][0xffffffa6][0x4]y[0xffffffc9][0xfffffff8][0xffffffd7][0xffffffaf]3[0xffffff94][0x8][0xffffffba]d[0xffffffdc]E[0xffffff91][0xffffffa1]D[0xffffffca]%[0xffffffe3].[0xffffff96][0xfffffff5][0xffffff94]`/[0x19][0xffffffd7][0xffffff88]&Q"[0xffffffec][0xffffff92][0xfffffff1]7][0xffffffca]R"[0xffffffe8][0xffffff92]q[0xffffffd3][0xffffffb4][0x14]%[0xffffffbe][0x7f][0xffffffc9][0xfffffff8][0xffffffd5]nG[0xffffff89]v[0xffffffde][0x14]%n[0xffffff9c][0x12]w[0x0]%n[0xffffffcd]{a[0xffffffc0]o[0xffffff8c][0x12]w[0x12]%4[0xffffff8a][0xc]%\ [0x19]Jh,[0xffffffeb])[0xffffffb1][0xffffff86][0xffffffb3][0xffffff9a][0x12]kD[0xffffff93](a[0xffffffca][0xffffff93][0xffffffa5][0xffffff84][0xffffffed]R[0xffffff96][0x12][0xffffffa6]Z9JH[0xffffffd3]R[0xffffff94][0xffffff90][0xffffffe2][0xffffffdd][0xffffffa0][0xffffffc4]cn[0x6][0xffffff9d]}[0xffffff9e][0x14]%[0x1e][0xfffffff8]f[0xffffffd0][0xffffffaf]'[0xffffffa0])[0xfffffff1][0xffffffe8][0xfffffff5]u[0xffffff85][0x1][0x7f][0xffffffa0][0xffffff9b]A[0x7f][0xfffffffd]r[0x6]%4[0xffffff8a][0xc]%\ [0x19]Jh,[0xffffffeb])[0xffffffb1][0xffffff86][0xffffffb3][0xffffff9a][0x12]kD[0xffffff93](a[0xffffffca][0xffffff93][0xffffffa5][0xffffff84][0xffffffed]R[0xffffff96][0x12][0xffffffa6]Z9JH[0xffffffd3]R[0xffffff94][0xffffff90][0xffffffe2][0xffffffdd][0xffffffa0][0xffffff84][0xffffff9b][0xffffffa8][0xffffff9a][0xfffffff7][0xffffffd9](J[0xffffffe0][0x13]U-`[0xffffffa2][0xffffffaa][0xffffff99][0x1d][0xffffff95][0xffffffc2][0xffffff80]c[0x13]UM[0xffffff96]RHJ[0xffffff84]LT[0xffffffd9]@2[0xffffff94][0x8][0xffffff98][0xffffffa8][0xffffff92]pVS"x[0xffffffa2][0xffffffca][0xffffff95]'K[0xffffff89][0xffffffbc][0xffffff89]*W[0xffffffad][0x1c]%R&[0xffffffaa][0xffffffb4]x[0xffffffff][0xffffff9e][0x12][0xffffffdd]MT[0xffffffcd][0xffffffe7][0xffffffa1][0xe][0xffffff83]v|[0xffffffa2][0xffffffaa][0x7]LTu[0xffffffb3][0xffffffa3]R[0x17][0xfffffff0][0xffffff8e]MTuYJ[0x1])a[0xffffffa2][0xffffff88]P[0xffffffc2][0x6][0x12][0xffffffa1][0xffffff84][0xffffff89]e9%$[0xffffff9c][0xffffffc5][0xffffff94][0xffffff90][0xffffff88][0x6]Q[0xffffffc2][0xffffff95]'J[0x9][0xffffffdf][0xffffffa5](%\[0xffffffb5]b[0xffffff94][0xffffffd0][0xffffffa6][0xffffff85]([0xffffffa1][0xffffffc5][0xffffffbb]A[0x9][0xffffffb3]+[0xffffffd1]^mP[0xffffffdf]Jt|W[0xffffffa2][0x7][0xffffffec]Jts[0xfffffff8][0xffffffb9]0[0xffffffe0][0xffffffd8][0xffffffae]D[0xffffff97][0xffffffe3][0xffffffcd]$%Bv%l [0x19]J[0x4][0xffffffec]JH8[0xffffffab])[0x11][0xffffffbc]+[0xffffffe1][0xffffffca][0xffffff93][0xffffffa5]D[0xffffffde][0xffffffae][0xffffff84][0xffffffab]V[0xffffff8e][0x12])[0xffffffbb][0x12]Z[0xffffffbc][0x1b][0xffffff94]0[0xffffffbb][0x12][0xffffffed]u='E[0x9]|W[0xffffffa2][0x7][0xffffffec]Jts[0xfffffff8][0xffffffb9]0[0xffffffe0][0xffffffd8][0xffffffae]D[0xffffff97][0xffffffe3][0xffffffcd]$%Bv%l [0x19]J[0x4][0xffffffec]JH8[0xffffffab])[0x11][0xffffffbc]+[0xffffffe1][0xffffffca][0xffffff93][0xffffffa5]D[0xffffffde][0xffffffae][0xffffff84][0xffffffab]V[0xffffff8e][0x12])[0xffffffbb][0x12]Z[0xffffffbc][0x1b][0xffffff94]8[0x1c]%[0xffffffe6][0xffffffc4][0xfffffffe][0xffffffc0]q[0xffffffe0][0xffffff94]8[0x2](qh[0xffffffde][0xb][0x3]~`[0xffffff94]8[0xffffff92]([0xffffffa1]Qd([0xffffffe1][0x2][0xffffffc9]PBcYO[0xffffff89]5[0xffffff9c][0xffffffd5][0xffffff94]X#[0xffffff9a]D[0x9]S[0xffffff9e],%l[0xffffff97][0xffffffb2][0xffffff94]0[0xffffffd5][0xffffffca]QB[0xffffff9a][0xffffff96][0xffffffa2][0xffffff84][0x14][0xffffffef][0x16]%[0xffffffce]0J[0xffffffc0]wp|>[0x1]O[0x9][0xfffffff0][0xe][0xffffff8e][0xffffffcf]_[0xffffffa7]([0xffffff91]s[0x7][0xffffff87][0xffffff89]"E[0xffffff89][0xffffff90];8L,[0x9]J[0xffffffa0]wpHD[0xffffffb3]([0xffffff91]u[0x7][0xffffff87][0xffffffef]R[0xffffff9a][0x12]9wph[0xffffffd3]r[0xffffff94][0xfffffff8][0xfffffff6][0x1d][0x1c][0xfffffffd]4o%Z[0xffffffef][0x18]%N[0xfffffffc][0xffffffad][0xffffffc4][0x19][0xfffffff0]V[0xffffffe2]T:[0x17][0x6][0xfffffffc][0xffffffc4][0xffffffde]J[0xffffff9c]Io%4[0xffffff8a][0xc]%\ [0x19]Jh,[0xffffffeb])[0xffffffb1][0xffffff86][0xffffffb3][0xffffff9a][0x12]kD[0xffffff93](a[0xffffffca][0xffffff93][0xffffffa5][0xffffff84][0xffffffed]R[0xffffff96][0x12][0xffffffa6]Z9JH[0xffffffd3]R[0xffffff94][0xffffff90][0xffffffe2][0xffffffdd][0xffffffa0][0xffffff84]Y[0xffffffbb]lm[0x1e]'E[0x9]|[0xffffffed][0xffffffb2][0x7][0xffffffac]]v3[0xffffffc9]V[0x18]pl[0xffffffed][0xffffffb2][0xffffffcb][0xffffffe8][0x1a]I[0xffffff89][0xffffff90][0xffffffb5]K[0x1b]H[0xffffff86][0x12][0x1]k[0xffffff97][0x12][0xffffffce]jJ[0x4][0xffffffaf]][0xffffffba][0xfffffff2]d)[0xffffff91][0xffffffb7]v[0xffffffe9][0xffffffaa][0xffffff95][0xffffffa3]D"
18:17:44.690 [TestNG-tests-2] DEBUG org.apache.hc.client5.http.wire - http-outgoing-2 << "[0xffffffca][0xffffffda][0xffffffa5][0x16][0xffffffef][0xffffffdf]S[0xffffffe2]p'8[0xfffffffa]uS'8[0xe][0xfffffffc][0x4][0xffffffc7][0x11]p[0xffffff82][0xffffffe3]0[0xffffff9f][0x19][0xffffffd7][0x5][0xfffffffc][0xffffffc0]Np[0x1c][0xfffffff2]!1H[0x9][0x13]E[0xffffff84][0x12]6[0xffffff90][0x8]%L,[0xffffffcb])![0xffffffe1],[0xffffffa6][0xffffff84]D4[0xffffff88][0x12][0xffffffae]<QJ[0xfffffff8].E)[0xffffffe1][0xffffffaa][0x15][0xffffffa3][0xffffff84]6-D[0x9]-[0xffffffde][\r]J[0xffffffb8][0x13][0x1c][0xfffffffd]>0J[0xffffffe0]'8[0xffffff8e][0xffffff80][0x13][0x1c][0xffffff87][0xfffffff9][0xffffffcc][0xffffffb8]0[0xffffffe0][0xffffffd8][0x9][0xffffff8e]C>$&)[0x11]r[0xffffff82][0xffffffc3][0x6][0xffffff92][0xffffffa1]D[0xffffffc0][0x9][0xe][0x9]g5%[0xffffff82]Op[0xffffffb8][0xfffffff2]d)[0xffffff91]w[0xffffff82][0xffffffc3]U+G[0xffffff89][0xffffff94][0x13][0x1c]Z[0xffffffbc][0x1b][0xffffff94]p'8[0xffffff8e]6[0xffffffa8][0xffffffb5][0xffffffcb][0x3]?[0xffffffc1]q[0x4][0xffffff9c][0xffffffe0]8[0xffffffcc]g[0xffffffc6][0xffffff85][0x1][0xffffffc7]Np[0x1c][0xfffffff2]!1I[0xffffff89][0xffffff90][0x13][0x1c]6[0xffffff90][0xc]%[0x2]NpH8[0xffffffab])[0x11]|[0xffffff82][0xffffffc3][0xffffff95]'K[0xffffff89][0xffffffbc][0x13][0x1c][0xffffffae]Z9J[0xffffffa4][0xffffff9c][0xffffffe0][0xffffffd0][0xffffffe2][0xffffffdd][0xffffffa2]D[0xf][0xffffffa3][0x4]|[0x7][0xffffffc7][0xffffffe7][0x13][0xfffffff0][0xffffff94][0x0][0xffffffef][0xffffffe0][0xfffffff8][0xfffffffc]u[0xffffff8a][0x12]9wp[0xffffff98](R[0xffffff94][0x8][0xffffffb9][0xffffff83][0xffffffc3][0xffffffc4][0xffffff92][0xffffffa0][0x4]z[0x7][0xffffff87]D4[0xffffff8b][0x12]Ywp[0xfffffff8].[0xffffffa5])[0xffffff91]s[0x7][0xffffff87]6-G[0xffffff89]o[0xffffffdf][0xffffffc1]q[0xffffffb8][0xffffffc3][0xffffffa0],%[0xffffffe0][0xffffffc3][0xffffffa0]G[0xffffffc0]a[0xffffffd0][0xffffffc3][0xffffff9c]X*[\r]8t[0x18][0xfffffff4][0xffffff90]3I,%"[0xe][0xffffff83][0xffffffda]@R[0xffffff94][0xffffffc0][0xf][0xffffff83]J8[0xffffffeb])[0x11]{[0x18][0xffffffd4][0xffffff95]'M[0xffffff89][0xffffffb4][0xffffffc3][0xffffffa0][0xffffffae]ZIJd[0x1c][0x6][0xffffffd5][0xffffffe2][0xffffffdd][0xffffffa2]D[0xffffffbb][0xffffffc3],[0xffffffd1]n[0x1c][0x13][0x1f][0xffffff8f][0xffffffc0]k[0xffffffe2][0xffffffe7]CP[0xffffff9c][0xfffffff8][0xfffffff8]y[0xffffffca][0x13]_?[0xffffff9d][0x2][\n]"
18:17:44.690 [TestNG-tests-2] DEBUG org.apache.hc.client5.http.wire - http-outgoing-2 << "[0xffffffc9]#%[\n]"
18:17:44.690 [TestNG-tests-2] DEBUG org.apache.hc.client5.http.wire - http-outgoing-2 << "[0xffffff93]J[0xffffff8a][0x14][0xffffff92]M[0xffffffc2][0x14]KB[0xffffffeb]Q[0xffffffb1][0xffffffe4]4K[0x15]Z[0xffffffa3]4+\[0xffffffab][0xffffffd2][0xffffffae][0xffffffd0][0xffffff92]%a[0xffffffb1]v.'[0xffffff8b][0xffffffb5][0xffffff82][0xffffffb7]h[0xffffffd1]G[0x18]-[0xfffffffa][0xffffffc0]i[0xfffffff1][0xfffffff1][0x8]<-~>[0x4]E[0xffffff8b][0xffffff8f][0xffffff9f][0xffffffa7]h[0xfffffff1][0xfffffff5][0xffffffd3])[0xffffffb4][0xffffff90]<R[0xffffffb4]0[0xffffffa9][0xffffffa4]h![0xffffffd9]$h[0xffffffb1]$[0xffffffb4][0xffffff9e][0x16]KN[0xffffffb3]h[0xffffffa1]5J[0xffffffd3][0xffffffc2][0xffffffb5]*M[0xb]-Y[0xffffff92][0x16]k[0xffffffe7]r[0xffffffb4]X+x[0xffffff8b][0x16][0xffffffe7][0x11]F[0xffffff8b][0xfffffff3][0xffffffc0]i[0xfffffff1][0xfffffff1][0x8]<-~>[0x4]E[0xffffff8b][0xffffff8f][0xffffff9f][0xffffffa7]h[0xfffffff1][0xfffffff5][0xffffffd3])[0xffffffb4][0xffffff90]<R[0xffffffb4]0[0xffffffa9][0xffffffa4]h![0xffffffd9]$h[0xffffffb1]$[0xffffffb4][0xffffff9e][0x16]KN[0xffffffb3]h[0xffffffa1]5J[0xffffffd3][0xffffffc2][0xffffffb5]*M[0xb]-Y[0xffffff92][0x16]k[0xffffffe7]r[0xffffffb4]X+x[0xffffff8b][0x16]W[0xffffffda][0x1f]D.[0xfffffffe][0xf]"W[0xffffffc2][0x1f]D.[0xfffffff6][0xf]"[0x17][0xfffffff7][0x7][0xffffff91]+[0xffffffea][0xf]"[0xffffff92]G[0xffffff8a][0x16]&[0xffffff95][0x14]-$[0xffffff9b][0x4]-.[0xfffffffa][0xf]"W[0xfffffff2][0x1f]D[0xffffffb4]FiZ[0xffffffb8]V[0xffffffa5]i[0xffffffa1]%K[0xffffffd2]b[0xffffffed]\[0xffffff8e][0x16]k[0x5]o[0xffffffd1][0xffffffe2]N;[0x2]r[0xfffffff3]g@[0xffffffee][0xffffff84]C 7{[\n]"
18:17:44.690 [TestNG-tests-2] DEBUG org.apache.hc.client5.http.wire - http-outgoing-2 << "[0xffffffe4][0xffffffe6][0xffffff8e][0xffffff81][0xffffffdc]Q[0xffffffe7]@$[0xffffff8f][0x14]-L*)ZH6[0x9]Z[0xffffffdc][0xfffffff4]Y[0xffffff90];[0xfffffff9]0[0xffffff88][0xffffffd6](M[0xb][0xffffffd7][0xffffffaa]4-[0xffffffb4]dIZ[0xffffffac][0xffffff9d][0xffffffcb][0xffffffd1]b[0xffffffad][0xffffffe0]-Z<O[0x18]-[0xffffff9e][0x7][0xffffffa7][0xffffffc5][0xffffffc7]#[0xfffffff0][0xffffffb4][0xfffffff8][0xfffffff9][0x10][0x14]->~[0xffffff9e][0xffffffa2][0xffffffc5][0xffffffd7]O[0xffffffa7][0xffffffd0]B[0xfffffff2]H[0xffffffd1][0xffffffc2][0xffffffa4][0xffffff92][0xffffffa2][0xffffff85]d[0xffffff93][0xffffffa0][0xffffffc5][0xffffff92][0xffffffd0]zZ,9[0xffffffcd][0xffffffa2][0xffffff85][0xffffffd6](M[0xb][0xffffffd7][0xffffffaa]4-[0xffffffb4]dIZ[0xffffffac][0xffffff9d][0xffffffcb][0xffffffd1]b[0xffffffad][0xffffffe0]-Z[0xffffffcc][0x19]F[0xffffff8b]9qZ|<[0x2]O[0xffffff8b][0xffffff9f][0xf]A[0xffffffd1][0xffffffe2][0xffffffe3][0xffffffe7])Z|[0xfffffffd]t[\n]"
18:17:44.690 [TestNG-tests-2] DEBUG org.apache.hc.client5.http.wire - http-outgoing-2 << "-$[0xffffff8f][0x14]-L*)ZH6[0x9]Z,[0x9][0xffffffad][0xffffffa7][0xffffffc5][0xffffff92][0xffffffd3],Zh[0xffffff8d][0xffffffd2][0xffffffb4]p[0xffffffad]J[0xffffffd3]BK[0xffffff96][0xffffffa4][0xffffffc5][0xffffffda][0xffffffb9][0x1c]-[0xffffffd6][\n]"
18:17:44.690 [TestNG-tests-2] DEBUG org.apache.hc.client5.http.wire - http-outgoing-2 << "[0xffffffde][0xffffffa2]Eki[0xffffffb6][0xfffffff8]x"[0x1c][0x17]?[0xffffff9e][0xffffff81][0xffffffd7][0xffffffc5]?OA[0xfffffff1][0xffffffe2][0xffffffc7][0xffffffef]S[0xffffffbe][0xfffffff8][0xfffffff9][0xffffffdb])[0xffffffc0][0xffffffd0]PR[0xffffffc2]p[0xffffffd1][0xffffffa4][0xffffff88][0xffffffa1][0x1]%[0xffffff8c][0xffffffb1][0xffffffc6][0xffffffb4][0x1e][0x19]kX[0xffffffb3][0xffffff94]a[\n]"
18:17:44.690 [TestNG-tests-2] DEBUG org.apache.hc.client5.http.wire - http-outgoing-2 << "[0xffffff95]f[0xffffff86][0xffffffed]W[0xffffffda][0x19][0xffffffa6]nIhH[0xfffffffb]r[0xffffffd2][0xffffff90]2[0xfffffffe][0x1b]j<_[0xffffffff][0xffffff8a][0xffffffbb][0xfffffff4][0xfffffffc][0xffffffb8][0xffffffaf]Q[0xe][0xffffff8d][0xffffffdf][0xffffffcf]C1[0xffffffe3][0xffffff8f]'[0xffffffc0][0xffffff90][0xffffffb1]<C11[0xfffffffe][0xfffffff8][0xfffffff5]b`[0xfffffffc][0xffffffef]/[0xffffffc3][0xffffffbc]x[0x1b][0xffffffc5]b\[0xfffffffc]K [0xffffff8b]i[0xfffffff1]6[0xffffff96][0xffffff85][0xffffffb0]x[0x13][0xffffffce]2V[0xffffffbc][0xffffff89]h[0x4]*[0xffffffde][0xffffff97]'D[0xffffff8a][0x7f][0xffffffeb]R[0x8][0x14][0xffffffef][0xffffffab][0x15][0xffffffe0][0xffffffc4][0xffffffbb][0xffffffa6]-[0xffffffc7][0xffffffc4][0xffffffbb][0xffffffe2][0xffffffdd][0xffffffa0][0xffffffc4]c(q[0xffffffbd]^[0x17]E[0xffffff89][0x7][0xffffffa7][0xffffffc4][0x13]@[0xffffff89]G[0xfffffff3]^[0x18][0xfffffff0][0x7][0xffffffa3][0xffffffc4][0xffffff93]D[0x9][0xffffff8d]"C[0x9][0x17]H[0xffffff86][0x12][0x1a][0xffffffcb]zJ[0xffffffac][0xffffffe1][0xffffffac][0xffffffa6][0xffffffc4][0x1a][0xffffffd1]$J[0xffffff98][0xfffffff2]d)a[0xffffffbb][0xffffff94][0xffffffa5][0xffffff84][0xffffffa9]V[0xffffff8e][0x12][0xffffffd2][0xffffffb4][0x14]%[0xffffffa4]x7(1[0x1d]%[0xffffffda]|Q[0xffffff94][0xffffff98]8%f[0x0]%[0xffffffa6][0xffffffe6][0xffffffbd]0[0xffffffe0][0x13][0xffffffa3][0xffffffc4]L[0xffffffa2][0xffffff84]F[0xffffff91][0xffffffa1][0xffffff84][0xb]$C[0x9][0xffffff8d]e=%[0xffffffd6]pVSb[0xffffff8d]h[0x12]%Ly[0xffffffb2][0xffffff94][0xffffffb0]][0xffffffca]R[0xffffffc2]T+G[0x9]iZ[0xffffff8a][0x12]R[0xffffffbc][0x7f]O[0xffffff89][0xfffffff3][0xffffffe5](q}[0xffffffce]d[0x11][0xffffff94][0xfffffff8][0xfffffff1]<,%>[0xffffff9f][0x0][0xffffffa6][0xffffffc4][0xffffffaf]g@([0xfffffff1][0xfffffff9][0xffffffeb][0x8]%[0xfffffffe][0xfffffff9][0xffffffe5][0x8]J[0xffffff98]("[0xffffff94][0xffffffb0][0xffffff81]D(abYN[0x9][0x9]g1%$[0xffffffa2]A[0xffffff94]p[0xffffffe5][0xffffff89]R[0xffffffc2]w)J[0x9]W[0xffffffad][0x18]%[0xffffffb4]i!Jh[0xfffffff1]nP[0xffffffa2]9J[0xffffff8c][0xffffffd6])J4[0xffffff9c][0x12]-[0xffffff80][0x12]M[0xfffffff3]^[0x18][0xfffffff0][0xffffff86]Q[0xffffffa2]%QB[0xffffffa3][0xffffffc8]P[0xffffffc2][0x5][0xffffff92][0xffffffa1][0xffffff84][0xffffffc6][0xffffffb2][0xffffff9e][0x12]k8[0xffffffab])[0xffffffb1]F4[0xffffff89][0x12][0xffffffa6]<YJ[0xffffffd8].e)a[0xffffffaa][0xffffff95][0xffffffa3][0xffffff84]4-E[0x9])[0xffffffde][\r]JtG[0xffffff89]{bo%:N[0xffffff89][0x1e]@[0xffffff89][0xffffffae]y/[0xc]x[0xffffffc7]([0xffffffd1][0xffffff93]([0xffffffa1]Qd([0xffffffe1][0x2][0xffffffc9]PBcYO[0xffffff89]5[0xffffff9c][0xffffffd5][0xffffff94]X#[0xffffff9a]D[0x9]S[0xffffff9e],%l[0xffffff97][0xffffffb2][0xffffff94]0[0xffffffd5][0xffffffca]QB[0xffffff9a][0xffffff96][0xffffffa2][0xffffff84][0x14][0xffffffef][0x6]%[0xe]C[0xffffff89][0xffffffd1]_[0xffffffd4][0x9][0xffffff8e][0x1f][0xffffffcf][0x3]S[0xffffffe2][0x8][0xffffffa0][0xffffffc4][0xffffffa1]y/[0xc][0xfffffff8][0xffffff81]Q[0xffffffe2]H[0xffffffa2][0xffffff84]F[0xffffff91][0xffffffa1][0xffffff84][0xb]$C[0x9][0xffffff8d]e=%[0xffffffd6]pVSb[0xffffff8d]h[0x12]%Ly[0xffffffb2][0xffffff94][0xffffffb0]][0xffffffca]R[0xffffffc2]T+G[0x9]iZ[0xffffff8a][0x12]R[0xffffffbc][0x1b][0xffffff94]p[0xffffff87]A[0xffffffc7]"
18:17:44.690 [TestNG-tests-2] DEBUG org.apache.hc.client5.http.wire - http-outgoing-2 << "[0xffffffd9][0xffffffa8][0xffffffcf].O[0xfffffffc]0[0xffffffe8][0x19]p[0x18][0xfffffff4]4'[0xffffff96][\n]"
18:17:44.690 [TestNG-tests-2] DEBUG org.apache.hc.client5.http.wire - http-outgoing-2 << "[0x3][0xffffff8e][0x1d][0x6]=[0xffffffe5]L[0x12]I[0xffffff89][0xffffff90][0xffffffc3][0xffffffa0]6[0xffffff90][0xc]%[0x2][0xe][0xffffff83]J8[0xffffffab])[0x11]|[0x18][0xffffffd4][0xffffff95]'K[0xffffff89][0xffffffbc][0xffffffc3][0xffffffa0][0xffffffae]Z9J[0xffffffa4][0x1c][0x6][0xffffffd5][0xffffffe2][0xffffffdd][0xffffffa0][0xffffffc4]c(q[0x1f][0x7]F[0xffffff89][0x7][0xffffffa7][0xffffffc4][0x13]@[0xffffff89]G[0xfffffff3]^[0x18][0xfffffff0][0x7][0xffffffa3][0xffffffc4][0xffffff93]D[0x9][0xffffff8d]"C[0x9][0x17]H[0xffffff86][0x12][0x1a][0xffffffcb]zJ[0xffffffac][0xffffffe1][0xffffffac][0xffffffa6][0xffffffc4][0x1a][0xffffffd1]$J[0xffffff98][0xfffffff2]d)a[0xffffffbb][0xffffff94][0xffffffa5][0xffffff84][0xffffffa9]V[0xffffff8e][0x12][0xffffffd2][0xffffffb4][0x14]%[0xffffffa4]x[0xffffffff][0xffffff9e][0x12][0xffffff97];[0xffffffc1]q?[0xffffff93][0xfffffffa][0xffffffec][0xfffffff2][0xffffffc2]Op\[0x1]'8.[0xfffffff3][0xffffff99]q][0xffffffc0]/[0xffffffec][0x4][0xffffffc7]%[0x1f][0x12][0xffffff83][0xffffff94]0QD(a[0x3][0xffffff89]P[0xffffffc2][0xffffffc4][0xffffffb2][0xffffff9c][0x12][0x12][0xffffffce]bJHD[0xffffff83]([0xffffffe1][0xffffffca][0x13][0xffffffa5][0xffffff84][0xffffffef]R[0xffffff94][0x12][0xffffffae]Z1Jh[0xffffffd3]B[0xffffff94][0xffffffd0][0xffffffe2][0xffffffdd][0xffffffa0][0xffffff84];[0xffffffc1][0xfffffff1][0xfffffff4][0xffffffe3][0xffffffa6]([0xffffff81][0xffffff9f][0xffffffe0][0xffffffb8][0x2]Np\[0xffffffe6]3[0xffffffe3][0xffffffc2][0xffffff80]c'8.[0xfffffff9][0xffffff90][0xffffff98][0xffffffa4]D[0xffffffc8][0x9][0xe][0x1b]H[0xffffff86][0x12][0x1]'8$[0xffffff9c][0xffffffd5][0xffffff94][0x8]>[0xffffffc1][0xffffffe1][0xffffffca][0xffffff93][0xffffffa5]D[0xffffffde][0x9][0xe]W[0xffffffad][0x1c]%RNph[0xfffffff1]nP[0xffffffc2][0xffffff9d][0xffffffe0]x[0xfffffffa][0xffffffe7][0xffffff95]`[0x8]%[0xfffffff0][0x13][0x1c]W[0xffffffc0][0x9][0xffffff8e][0xffffffcb]|f\[0x18]p[0xffffffec][0x4][0xffffffc7]%[0x1f][0x12][0xffffff93][0xffffff94][0x8]9[0xffffffc1]a[0x3][0xffffffc9]P"[0xffffffe0][0x4][0xffffff87][0xffffff84][0xffffffb3][0xffffff9a][0x12][0xffffffc1]'8\y[0xffffffb2][0xffffff94][0xffffffc8];[0xffffffc1][0xffffffe1][0xffffffaa][0xffffff95][0xffffffa3]D[0xffffffca][0x9][0xe]-[0xffffffde][\r]J[0xffffffb8][0x13][0x1c][0xffffffcf][0xfffffff1][0xffffffc2][0xfffffffe][0xffffffc0][0xffffff81][0xffffff9f][0xffffffe0][0xffffffb8][0x2]Np\[0xffffffe6]3[0xffffffe3][0xffffffc2][0xffffff80]c'8.[0xfffffff9][0xffffff90][0xffffff98][0xffffffa4]D[0xffffffc8][0x9][0xe][0x1b]H[0xffffff86][0x12][0x1]'8$[0xffffff9c][0xffffffd5][0xffffff94][0x8]>[0xffffffc1][0xffffffe1][0xffffffca][0xffffff93][0xffffffa5]D[0xffffffde][0x9][0xe]W[0xffffffad][0x1c]%RNph[0xfffffff1]nP[0xffffffc2][0xffffff9d][0xffffffe0]x[0xffffff8e][0x3][0xffffffa3][0x4]~[0xffffff82][0xffffffe3][\n]"
18:17:44.690 [TestNG-tests-2] DEBUG org.apache.hc.client5.http.wire - http-outgoing-2 << "8[0xffffffc1]q[0xffffff99][0xffffffcf][0xffffff8c][0xb][0x3][0xffffff8e][0xffffff9d][0xffffffe0][0xffffffb8][0xffffffe4]Cb[0xffffff92][0x12]!'8l [0x19]J[0x4][0xffffff9c][0xffffffe0][0xffffff90]pVS"[0xfffffff8][0x4][0xffffff87]+O[0xffffff96][0x12]y'8\[0xffffffb5]r[0xffffff94]H9[0xffffffc1][0xffffffa1][0xffffffc5][0xffffffbb]A[0xffffff89][0xffffffcb]R[0xffffff82][0xfffffffb][0x3][0xffffffc7][0xffffff85]S[0xffffffe2][\n]"
18:17:44.690 [TestNG-tests-2] DEBUG org.apache.hc.client5.http.wire - http-outgoing-2 << "[0xffffffa0][0xffffffc4][0xffffffa5]y/[0xc][0xfffffff8][0xffffff85]Q[0xffffffe2]J[0xffffffa2][0xffffff84]F[0xffffff91][0xffffffa1][0xffffff84][0xb]$C[0x9][0xffffff8d]e=%[0xffffffd6]pVSb[0xffffff8d]h[0x12]%Ly[0xffffffb2][0xffffff94][0xffffffb0]][0xffffffca]R[0xffffffc2]T+G[0x9]iZ[0xffffff8a][0x12]R[0xffffffbc][[0xffffff94][0xffffffe8]a[0xffffff94][0xffffffe8]8%z[0x0]%:J[0xffffff89][0xffffff8e]Q[0xffffffa2]'Qb[0xffffff8d]"E[0x9][\r]$E[0xffffff89]5[0xffffff96][0x4]%:L[0xffffff89][0x1e]L[0x9])O[0xffffff9a][0x12][0xffffffa6]KiJH[0xffffffb5][0xffffff92][0xffffff94][0xffffffe8])[0xffffff94][0xffffffe8][0xffffffdf][0xffffffa6][0xffffffc4]p[0xffffff94][0xffffffb8][0xffffffce][0xffffff87][0xffffffa2][0xffffffc4][0xffffffc0])1[0x2](14[0xffffffef][0xffffff85][0x1][0x1f][0x18]%F[0x12]%4[0xffffff8a][0xc]%\ [0x19]Jh,[0xffffffeb])[0xffffffb1][0xffffff86][0xffffffb3][0xffffff9a][0x12]kD[0xffffff93](a[0xffffffca][0xffffff93][0xffffffa5][0xffffff84][0xffffffed]R[0xffffff96][0x12][0xffffffa6]Z9JH[0xffffffd3]R[0xffffff94][0xffffff90][0xffffffe2][0xffffffdd][0xffffffa0][0xffffff84][0xffffffbb]d|[0xffffff8e][0x3][0xffffffa3][0x4]~[0xffffffc9][0xfffffff8][0x15]p[0xffffffc9][0xfffffff8]en[0xffffffc2]-[0xc]8v[0xffffffc9][0xfffffff8]%w[0xffffffdd][0xffffff92][0xffffff94][0x8][0xffffffb9]d[0xffffffdc][0x6][0xffffff92][0xffffffa1]D[0xffffffc0]%[0xffffffe3][0x12][0xffffffce]jJ[0x4]_2[0xffffffee][0xffffffca][0xffffff93][0xffffffa5]D[0xffffffde]%[0xffffffe3][0xffffffae]Z9J[0xffffffa4]\2[0xffffffae][0xffffffc5][0xfffffffb][0xfffffff7][0xffffff94][0x18]n[0xffffffa2]j[0xffffffde][0xffffff9d]Z[0xffffffbb][0x1c][0xfffffff8]D[0xffffffd5][0x8][0xffffff98][0xffffffa8][0x1a]fG[0xffffffa5].[0xffffffe0][0x3][0xffffff9b][0xffffffa8][0x1a][0xffffffb2][0xffffff94][0x2]R[0xffffffc2]D[0x11][0xffffffa1][0xffffff84][\r]$B[0x9][0x13][0xffffffcb]rJH8[0xffffff8b])![0x11][\r][0xffffffa2][0xffffff84]+O[0xffffff94][0x12][0xffffffbe]KQJ[0xffffffb8]j[0xffffffc5]([0xffffffa1]M[0xb]QB[0xffffff8b]w[0xffffff83][0x12]fW[0xffffffa2][0xffffffbf][0xffffffb8][0xffffffe1][0xffffffec][0xffffff81][0xffffffef]J[0xffffff8c][0xffffff80]][0xffffff89]a[0xe]?[0x17][0x6][0x1c][0xffffffdb][0xffffff95][0x18]r[0xffffffbc][0xffffff99][0xffffffa4]D[0xffffffc8][0xffffffae][0xffffff84][\r]$C[0xffffff89][0xffffff80]][0x9][0x9]g5%[0xffffff82]w%\y[0xffffffb2][0xffffff94][0xffffffc8][0xffffffdb][0xffffff95]p[0xffffffd5][0xffffffca]Q"eWB[0xffffff8b]w[0xffffff83][0x12][0xffffffe6]0h[0x7f][0xffffffcd][0xffffffa3]Q[0xffffff94][0xffffffc0][0xf][0xffffff83][0xffffff8e][0xffffff80][0xffffffc3][0xffffffa0][0xffffffc3][0xffffff9c]X*[0xc]8v[0x18]t[0xffffffc8][0xffffff99]$[0xffffff92][0x12]![0xffffff87]Am [0x19]J[0x4][0x1c][0x6][0xffffff95]pVS"[0xfffffff8]0[0xffffffa8]+O[0xffffff96][0x12]y[0xffffff87]A][0xffffffb5]r[0xffffff94]H9[0xc][0xffffffaa][0xffffffc5][0xffffffbb]A[0x9]s[0x18][0xffffffb4][0xffffffb7]>1J[0xffffffe0][0xffffff87]AG[0xffffffc0]a[0xffffffd0]aN,[0x15][0x6][0x1c];[0xc]:[0xffffffe4]L[0x12]I[0xffffff89][0xffffff90][0xffffffc3][0xffffffa0]6[0xffffff90][0xc]%[0x2][0xe][0xffffff83]J8[0xffffffab])[0x11]|[0x18][0xffffffd4][0xffffff95]'K[0xffffff89][0xffffffbc][0xffffffc3][0xffffffa0][0xffffffae]Z9J[0xffffffa4][0x1c][0x6][0xffffffd5][0xffffffe2][0xffffffdd][0xffffffa0][0xffffffc4][0xffffffed](qL[0xffffffea][0xffffffb3][0xffffffcb][0x1f][0xffffffcf][0x3]S[0xffffffe2][0xe][0xffffffa0][0xffffffc4][0xffffffad]y/[0xc][0xfffffff8][0xffffff8d]Q[0xffffffe2]N[0xffffffa2][0xffffff84]F[0xffffff91][0xffffffa1][0xffffff84][0xb]$C[0x9][0xffffff8d]e=%[0xffffffd6]pVSb[0xffffff8d]h[0x12]%Ly[0xffffffb2][0xffffff94][0xffffffb0]][0xffffffca]R[0xffffffc2]T+G[0x9]iZ[0xffffff8a][0x12]R[0xffffffbc][0x1b][0xffffff94]x[0x1c]%N[0xffffffec]:[0xffffffaf][0x1f][0xffffffcf][0x3]S[0xffffffe2][0x9][0xffffffa0][0xffffffc4][0xffffffa3]y/[0xc][0xfffffff8][0xffffff83]Q[0xffffffe2]I[0xffffffa2][0xffffff84]F[0xffffff91][0xffffffa1][0xffffff84][0xb]$C[0x9][0xffffff8d]e=%[0xffffffd6]pVSb[0xffffff8d]h[0x12]%Ly[0xffffffb2][0xffffff94][0xffffffb0]][0xffffffca]R[0xffffffc2]T+G[0x9]iZ[0xffffff8a][0x12]R[0xffffffbc][0x7f]O[0xffffff89][0xffffffdb][0xffffff9c][0xffffffe0][0xffffffe8]m\'D[0xffffff89][0x1b]?[0xffffffc1]q[0x7][0xffffff9c][0xffffffe0][0xffffffb8][0xffffffcd]g[0xffffffc6]u[0x1][0xffffffbf][0xffffffb1][0x13][0x1c][0xffffffb7]|H[0xc]R[0xffffffc2]D[0x11][0xffffffa1][0xffffff84][\r]$B[0x9][0x13][0xffffffcb]rJH8[0xffffff8b])![0x11][\r][0xffffffa2][0xffffff84]+O[0xffffff94][0x12][0xffffffbe]KQJ[0xffffffb8]j[0xffffffc5]([0xffffffa1]M[0xb]QB[0xffffff8b]w[0xffffff83][0x12][0xffffffe6][0xffffff92][0xfffffff1][0xffffffde][0xffffffe6]E[0xffffffbd][0xffffff95][0xffffffb8][0xfffffff1]K[0xffffffc6][0xffffffef][0xffffff80]K[0xffffffc6]os[0x13]na[0xffffffc0][0xffffffb1]K[0xffffffc6]o[0xffffffb9][0xffffffeb][0xffffff96][0xffffffa4]D[0xffffffc8]%[0xffffffe3]6[0xffffff90][0xc]%[0x2].[0x19][0xffffff97]pVS"[0xfffffff8][0xffffff92]qW[0xffffff9e],%[0xfffffff2].[0x19]w[0xffffffd5][0xffffffca]Q"[0xffffffe5][0xffffff92]q-[0xffffffde][\r]J[0xffffffb8][0xffffffc3][0xffffffa0][0xffffffbd]][0xffffffd4]g[0xffffff97]7~[0x18][0xfffffff4][0xe]8[0xc]z[0xffffff9b][0x13]K[0xffffff85][0x1][0xffffffc7][0xe][0xffffff83][0xffffffde]r&[0xffffff89][0xffffffa4]D[0xffffffc8]aP[0x1b]H[0xffffff86][0x12][0x1][0xffffff87]A%[0xffffff9c][0xffffffd5][0xffffff94][0x8]>[0xc][0xffffffea][0xffffffca][0xffffff93][0xffffffa5]D[0xffffffde]aPW[0xffffffad][0x1c]%R[0xe][0xffffff83]j[0xfffffff1]nP[0xffffffc2]\2[0xffffffde][0xfffffffb][0xffffff85]MT[0xffffffdd][0xfffffff8]%[0xffffffe3]w[0xffffffc0]%[0xffffffe3][0xffffffb7][0xffffffb9][0x9][0xffffffb7]0[0xffffffe0][0xffffffd8]%[0xffffffe3][0xffffffb7][0xffffffdc]uKR"[0xffffffe4][0xffffff92]q[0x1b]H[0xffffff86][0x12][0x1][0xffffff97][0xffffff8c]K8[0xffffffab])"
18:17:44.692 [TestNG-tests-2] DEBUG org.apache.hc.client5.http.wire - http-outgoing-2 << "[0x11]|[0xffffffc9][0xffffffb8]+O[0xffffff96][0x12]y[0xffffff97][0xffffff8c][0xffffffbb]j[0xffffffe5]([0xffffff91]r[0xffffffc9][0xffffffb8][0x16][0xffffffef][0x6]%[0xffffffdc][0xffffffae]D[0xffffffbf][0xffffffb1];8n|W[0xffffffe2][0xe][0xffffffd8][0xffffff95][0xffffffb8][0xffffffcd][0xffffffe1][0xffffffe7][0xffffffc2][0xffffff80]c[0xffffffbb][0x12][0xffffffb7][0x1c]o&)[0x11][0xffffffb2]+a[0x3][0xffffffc9]P"`WB[0xffffffc2]YM[0xffffff89][0xffffffe0]][0x9]W[0xffffff9e],%[0xfffffff2]v%\[0xffffffb5]r[0xffffff94]H[0xffffffd9][0xffffff95][0xffffffd0][0xffffffe2][0xffffffdd][0xffffffa0][0xffffff84][0xffffffdb][0xffffff95]8[0xffffffda][0xffffff89][0xffffffbd][0xffffff95][0xffffffc0]w%[0xffffffee][0xffffff80]][0xffffff89][0xffffffdb][0x1c]~.[0xc]8[0xffffffb6]+q[0xffffffcb][0xfffffff1]f[0xffffff92][0x12]![0xffffffbb][0x12]6[0xffffff90][0xc]%[0x2]v%$[0xffffff9c][0xffffffd5][0xffffff94][0x8][0xffffffde][0xffffff95]p[0xffffffe5][0xffffffc9]R"oW[0xffffffc2]U+G[0xffffff89][0xffffff94]][0x9]-[0xffffffde][\r]J[0xc]G[0xffffff89][0xffffffa3]a[0xffffff9f]][0xe][0xffffff9c][0x12]#[0xffffff80][0x12]C[0xfffffff3]^[0x18][0xfffffff0][0xffffff81]Qb$QB[0xffffffa3][0xffffffc8]P[0xffffffc2][0x5][0xffffff92][0xffffffa1][0xffffff84][0xffffffc6][0xffffffb2][0xffffff9e][0x12]k8[0xffffffab])[0xffffffb1]F4[0xffffff89][0x12][0xffffffa6]<YJ[0xffffffd8].e)a[0xffffffaa][0xffffff95][0xffffffa3][0xffffff84]4-E[0x9])[0xffffffde][\r]J[0xffffffb8][0xffffff89][0xffffffaa][0xffffffe3]j[0xffffffd8]g[0xffffff97][0xfffffff8]D[0xffffffd5][0x1d]0Qu[0xffffff9b][0x1d][0xffffff95][0xffffffc2][0xffffff80]c[0x13]U[0xffffffb7],[0xffffffa5][0xffffff90][0xffffff94][0x8][0xffffff99][0xffffffa8][0xffffffb2][0xffffff81]d([0x11]0Q%[0xffffffe1][0xffffffac][0xffffffa6]D[0xfffffff0]D[0xffffff95]+O[0xffffff96][0x12]y[0x13]U[0xffffffae]Z9J[0xffffffa4]LTi[0xfffffff1]nP[0xffffffe2]q[0xffffff94][0x18][0xf][0xfffffff6][0x7][0xffffff8e][0x7][0xffffffa7][0xffffffc4][0x13]@[0xffffff89]G[0xfffffff3]^[0x18][0xfffffff0][0x7][0xffffffa3][0xffffffc4][0xffffff93]D[0x9][0xffffff8d]"C[0x9][0x17]H[0xffffff86][0x12][0x1a][0xffffffcb]zJ[0xffffffac][0xffffffe1][0xffffffac][0xffffffa6][0xffffffc4][0x1a][0xffffffd1]$J[0xffffff98][0xfffffff2]d)a[0xffffffbb][0xffffff94][0xffffffa5][0xffffff84][0xffffffa9]V[0xffffff8e][0x12][0xffffffd2][0xffffffb4][0x14]%[0xffffffa4]x7(1[0x1d]%[0xffffff9e]6)JL[0xffffff9c][0x12][0xffffffd3][0xffffffc5][0xffffffbf]8[0xffffffef]S[0xfffffff3]^[0x18][0xfffffff0][0xffffff89]Qb&QB[0xffffffa3][0xffffffc8]P[0xffffffc2][0x5][0xffffff92][0xffffffa1][0xffffff84][0xffffffc6][0xffffffb2][0xffffff9e][0x12]k8[0xffffffab])[0xffffffb1]F4[0xffffff89][0x12][0xffffffa6]<YJ[0xffffffd8].e)a[0xffffffaa][0xffffff95][0xffffffa3][0xffffff84]4-E[0x9])[0xffffffde][0xffffffbf][0xffffffa7][0xffffffc4][0xffffffe3][0xffffffd6].[0xffffff8f][0xffffffe7][0x1e][0x10]%[0x1e]|[0xffffffed][0xfffffff2][0x9]X[0xffffffbb]|[0xffffffcc]$[][0xffffffc0][0x1f]l[0xffffffed][0xfffffff2][0xffffff91][0xffffffd1]5[0xffffff90][0x12]&[0xffffff8a][0x8]%l [0x11]J[0xffffff98]X[0xffffff96]SB[0xffffffc2]YL[0x9][0xffffff89]h[0x10]%\y[0xffffffa2][0xffffff94][0xfffffff0]][0xffffff8a]R[0xffffffc2]U+F[0x9]mZ[0xffffff88][0x12]Z[0xffffffbc][0x1b][0xffffff94]pk[0xffffff97][0xffffffc7][0xffffffec][0xffffffd4][0xffffffb7][0x12][0xf][0xffffffbe]v[0xfffffff9][0x4][0xffffffac]]]]><![CDATA[>f[0xffffff92][0xffffffad]0[0xffffffe0][0xffffffd8][0xffffffda][0xffffffe5]#[0xffffffa3]k$%B[0xffffffd6].m [0x19]J[0x4][0xffffffac]]J8[0xffffffab])[0x11][0xffffffbc]v[0xffffffe9][0xffffffca][0xffffff93][0xffffffa5]D[0xffffffde][0xffffffda][0xffffffa5][0xffffffab]V[0xffffff8e][0x12])k[0xffffff97]Z[0xffffffbc][0x1b][0xffffff94]pk[0xffffff97][0xffffffc7][0xffffffc4][0xffffffee][0xffffffe0]x[0xfffffff0][0xffffffb5][0xffffffcb]'`[0xffffffed][0xfffffff2]1[0xffffff93]l[0xffffff85][0x1][0xffffffc7][0xffffffd6].[0x1f][0x19]]#)[0x11][0xffffffb2]vi[0x3][0xffffffc9]P"`[0xffffffed]R[0xffffffc2]YM[0xffffff89][0xffffffe0][0xffffffb5]KW[0xffffff9e],%[0xfffffff2][0xffffffd6].][0xffffffb5]r[0xffffff94]HY[0xffffffbb][0xffffffd4][0xffffffe2][0xffffffdd][0xffffffa0][0xffffff84][[0xffffffbb]<[0xffffffe6][0xffffffc4][0xfffffffe][0xffffffc0][0xffffff81][0xffffffaf]]]]><![CDATA[>[0x1]k[0xffffff97][0xffffff8f][0xffffff99]d+[0xc]8[0xffffffb6]v[0xfffffff9][0xffffffc8][0xffffffe8][0x1a]I[0xffffff89][0xffffff90][0xffffffb5]K[0x1b]H[0xffffff86][0x12][0x1]k[0xffffff97][0x12][0xffffffce]jJ[0x4][0xffffffaf]][0xffffffba][0xfffffff2]d)[0xffffff91][0xffffffb7]v[0xffffffe9][0xffffffaa][0xffffff95][0xffffffa3]D[0xffffffca][0xffffffda][0xffffffa5][0x16][0xffffffef][0x6]%[0xffffffdc]D[0xffffffd5]yro%[0xfffffff0][0xffffff89][0xffffffaa]'`[0xffffffa2][0xffffffea]1;*[0xffffff85][0x1][0xffffffc7]&[0xffffffaa][0x1e]YJ!)[0x11]2Qe[0x3][0xffffffc9]P"`[0xffffffa2]J[0xffffffc2]YM[0xffffff89][0xffffffe0][0xffffff89]*W[0xffffff9e],%[0xfffffff2]&[0xffffffaa]\[0xffffffb5]r[0xffffff94]H[0xffffff99][0xffffffa8][0xffffffd2][0xffffffe2][0xffffffdd][0xffffffa0][0xffffff84][0xffffffdb][0xffffff95][0xffffffb8]>[0xfffffffe]CQ[0x2][0xffffffdf][0xffffff95]x[0x2]v%[0x1e]s[0xfffffff8][0xffffffb9]0[0xffffffe0][0xffffffd8][0xffffffae][0xffffffc4]#[0xffffffc7][0xffffff9b]IJ[0xffffff84][0xffffffec]J[0xffffffd8]@2[0xffffff94][0x8][0xffffffd8][0xffffff95][0xffffff90]pVS"xW[0xffffffc2][0xffffff95]'K[0xffffff89][0xffffffbc]][0x9]W[0xffffffad][0x1c]%Rv%[0xffffffb4]x7([0xfffffff1]8J[0xffffff9c]'[0xfffffff6]V[0xffffffe2][0xffffffc1])[0xfffffff1][0x4]P[0xffffffe2][0xffffffd1][0xffffffbc][0x17][0x6][0xfffffffc][0xffffffc1]([0xfffffff1]$QB[0xffffffa3][0xffffffc8]P[0xffffffc2][0x5][0xffffff92][0xffffffa1][0xffffff84][0xffffffc6][0xffffffb2][0xffffff9e][0x12]k8[0xffffffab])[0xffffffb1]F4[0xffffff89][0x12][0xffffffa6]<YJ[0xffffffd8].e)a[0xffffffaa][0xffffff95][0xffffffa3][0xffffff84]4-E[0x9])[0xffffffde][\r]J[0xffffffb8]][0xffffff89][0xffffffeb]n[0x7]E[0x9]|W[0xffffffe2][0x9][0xffffffd8][0xffffff95]x[0xffffffcc][0xffffffe1][0xffffffe7][0xffffffc2][0xffffff80]c[0xffffffbb][0x12][0xffffff8f][0x1c]o&)[0x11][0xffffffb2]+a[0x3][0xffffffc9]P"`WB[0xffffffc2]YM[0xffffff89][0xffffffe0]][0x9]W[0xffffff9e],%[0xfffffff2]v%\[0xffffffb5]r[0xffffff94]H[0xffffffd9][0xffffff95][0xffffffd0][0xffffffe2][0xfffffffd]{JLw[0x18]t[0xffffff9c][0xf]E[0xffffff89][0xffffff89][0x1f][0x6][0xffffff9d][0x1][0xffffff87]A[0xffffffa7]9[0xffffffb1]T[0x17][0xfffffff0][0xffffff89][0x1d][0x6][0xffffff9d]r&[0x9][0xffffffa4][0xffffff84][0xffffff89]"B[0x9][0x1b]H[0xffffff84][0x12]&[0xffffff96][0xffffffe5][0xffffff94][0xffffff90]p[0x16]SB"[0x1a]D[0x9]W[0xffffff9e](%|[0xffffff97][0xffffffa2][0xffffff94]p[0xffffffd5][0xffffff8a]QB[0xffffff9b][0x16][0xffffffa2][0xffffff84][0x16][0xffffffef][0x6]%[0xffffffdc]a[0xffffffd0]q[0x1f][0xffffffd4][0xffffffb7][0x12][0x13]?[0xc]:[0x3][0xe][0xffffff83]Nsb[0xffffffa9]0[0xffffffe0][0xffffffd8]a[0xffffffd0])g[0xffffff92]HJ[0xffffff84][0x1c][0x6][0xffffffb5][0xffffff81]d([0x11]p[0x18]T[0xffffffc2]YM[0xffffff89][0xffffffe0][0xffffffc3][0xffffffa0][0xffffffae]<YJ[0xffffffe4][0x1d][0x6]u[0xffffffd5][0xffffffca]Q"[0xffffffe5]0[0xffffffa8][0x16][0xffffffef][0x6]%NC[0xffffff89][0xffffffbb][0xffffff8d][0xffffff8b][0xffffffa2][0xffffffc4][0xffffff89]S[0xffffffe2]t[0xfffffff1]/[0xffffffce][0xfffffffb][0xffffffa9]y/[0xc][0xfffffff8][0xffffff89]Q[0xffffffe2]L[0xffffffa2][0xffffff84]F[0xffffff91][0xffffffa1][0xffffff84][0xb]$C[0x9][0xffffff8d]e=%[0xffffffd6]pVSb[0xffffff8d]h[0x12]%Ly[0xffffffb2][0xffffff94][0xffffffb0]][0xffffffca]R[0xffffffc2]T+G[0x9]iZ[0xffffff8a][0x12]R[0xffffffbc][0x1b][0xffffff94]p[0xffffff87]A[0xffffffef][0xfffffffe][0xffffffc2]([0xffffff81][0x1f][0x6][0xffffff9d][0x1][0xffffff87]A[0xffffffa7]9[0xffffffb1]T[0x18]p[0xffffffec]0[0xffffffe8][0xffffff94]3I$%B[0xe][0xffffff83][0xffffffda]@2[0xffffff94][0x8]8[0xc]*[0xffffffe1][0xffffffac][0xffffffa6]D[0xfffffff0]aPW[0xffffff9e],%[0xfffffff2][0xe][0xffffff83][0xffffffba]j[0xffffffe5]([0xffffff91]r[0x18]T[0xffffff8b]w[0xffffff83][0x12][0xffffffc3]R[0xffffffe2][0xffffffc2](1pJ[0xc][0x17][0xffffffff][0xffffffe2][0xffffffbc][0xf][0xffffffcd]{a[0xffffffc0][0x7]F[0xffffff89][0xffffff91]D[0x9][0xffffff8d]"C[0x9][0x17]H[0xffffff86][0x12][0x1a][0xffffffcb]zJ[0xffffffac][0xffffffe1][0xffffffac][0xffffffa6][0xffffffc4][0x1a][0xffffffd1]$J[0xffffff98][0xfffffff2]d)a[0xffffffbb][0xffffff94][0xffffffa5][0xffffff84][0xffffffa9]V[0xffffff8e][0x12][0xffffffd2][0xffffffb4][0x14]%[0xffffffa4]x7([0xffffffe1]v%[0xffffffee][0xffffffe3]E[0xffffffad]]N|Wb[0x6][0xffffffec]JLs[0xfffffff8][0xffffffb9]0[0xffffffe0][0xffffffd8][0xffffffae][0xffffffc4][0xffffff94][0xffffffe3][0xffffffcd]$%Bv%l [0x19]J[0x4][0xffffffec]JH8[0xffffffab])[0x11][0xffffffbc]+[0xffffffe1][0xffffffca][0xffffff93][0xffffffa5]D[0xffffffde][0xffffffae][0xffffff84][0xffffffab]V[0xffffff8e][0x12])[0xffffffbb][0x12]Z[0xffffffbc][0x1b][0xffffff94]p[0xffffff87]A[0xffffffef][0xffffffd9][0xffffffb1][0xffffffcf].[0xfffffff1][0xffffffc3][0xffffffa0]3[0xffffffe0]0[0xffffffe8]4'[0xffffff96][\n]"
18:17:44.692 [TestNG-tests-2] DEBUG org.apache.hc.client5.http.wire - http-outgoing-2 << "[0x3][0xffffff8e][0x1d][0x6][0xffffff9d]r&[0xffffff89][0xffffffa4]D[0xffffffc8]a"
18:17:44.695 [TestNG-tests-2] DEBUG org.apache.hc.client5.http.wire - http-outgoing-2 << "P[0x1b]H[0xffffff86][0x12][0x1][0xffffff87]A%[0xffffff9c][0xffffffd5][0xffffff94][0x8]>[0xc][0xffffffea][0xffffffca][0xffffff93][0xffffffa5]D[0xffffffde]aPW[0xffffffad][0x1c]%R[0xe][0xffffff83]j[0xfffffff1][0xfffffffe]5%[0xffffffc6][0xffffffcb]]2[0xfffffffe]4[0xffffff8a][0x12][0xffffff9f][0xffffffcf][0xffffff83]R[0xffffffe2][0xffffffeb][0x9]XJ[0xfffffffc]~[0x6][0xffffff82][0x12]_[0xffffffbf]NP[0xffffffe2][0xffffffd7]/'P[0xffffffc2]E[0xffffff91][0xffffffa0][0xffffff84][0xf]$A[0x9][0x17][0xffffffcb]jJh8k)[0xffffffa1][0x11][0xffffffcd][0xffffffa1][0xffffff84]-O[0xffffff92][0x12]o[0xffffffba][0xffffff94][0xffffffa4][0xffffff84][0xffffffad]V[0xffffff8a][0x12][0xffffffa6]i[0x19]J[0xffffff98][0xffffffe2][0xffffffdd][0xffffffa0][0xffffff84][0xffffffdb][0xffffff95]x[0xffffffae][0xfffffff9]P[0xffffff94][0xffffffa0]w%[0xffffffbe][0xffffff9e][0xffffff80][0xffffffa6][0x4][0xffffffb9]+[0xfffffff1][0xfffffff5][0xffffffeb][0xc]%[0xffffff82]v%\[0x14][0x19]J[0xffffffa4][0xffffffec]J[0xffffffb8]X[0xffffffd6]S[0xffffff82][0xffffffdd][0xffffff95][0xffffffd0][0xffffff88]&Q"lW[0xffffffe2]M[0xffffff97][0xffffffb2][0xffffff94][0x8][0xffffffda][0xffffff95]0MKQ[0xffffffe2][0xfffffffb][0xffffffbb][0x12]?[0xfffffffe][0xffffff8d][0x1e]F[0xffffff89][0xffffff8e]S[0xffffffa2][0x7]P[0xffffffa2][0xffffffa3][0xffffff94][0xffffffe8][0x18]%z[0x12]%[0xffffffd6](R[0xffffff94][0xffffffd0]@R[0xffffff94]XcIP[0xffffffa2][0xffffffc3][0xffffff94][0xffffffe8][0xffffffc1][0xffffff94][0xffffff90][0xfffffff2][0xffffffa4])a[0xffffffba][0xffffff94][0xffffffa6][0xffffff84]T+I[0xffffff89][0xffffff9e]B[0xffffff89][0xfffffffe]mJ[0xffffffb8][0xffffff89][0xffffffaa][0xffffffe7][0xffffffe9]'E[0x9]z[0xffffffa2][0xffffffea][0xffffffeb][0x9]hJ[0xffffff90][0x13]U_[0xffffffbf][0xffffffce]P"h[0xffffffa2][0xffffffca]E[0xffffff91][0xffffffa1]D[0xffffffca]D[0xffffff95][0xffffff8b]e=%[0xffffffd8][0xffffff89]*[0xffffff8d]h[0x12]%[0xffffffc2]&[0xffffffaa][0xffffffde]t)K[0xffffff89][0xffffffa0][0xffffff89]*[0xffffffd3][0xffffffb4][0x14]%[0xffffffbe]?Q[0xfffffff5][0xffffffe3][0xffffffdf]0o%PJ[0xffffffd0]o%z[0xffffffc0][[0xffffff89][0xffffffae]t.[\r]8[0xfffffff5]V[0xffffffa2]'[0xffffffbd][0xffffff95][0xffffffd0](R[0xffffff94]Hy+[0xffffffa1][0xffffffb1]$([0xffffffc1][0xffffffbe][0xffffff95]X#[0xffffff9a]E[0xffffff89][0xffffffb0][0xffffffb7][0x12][0xffffffb6]KiJ[0x4][0xffffffbd][0xffffff95][0xffffff90][0xffffffa6][0xffffffe5]([0xfffffff1][0xfffffffd][0xffffffb7][0x12][0xffffff87]y+1[0xfffffffb][0xfffffffd][0xffffffa2](q[0xffffffe0]o%[0xffffff8e][0xffffff80][0xffffffb7][0x12][0xffffff87][0xffffffd2][0xffffffb9]0[0xffffffe0][0x7][0xfffffff6]V[0xffffffe2]Hz+[0xffffffa1]Qd([0xffffffe1][0x2][0xffffffc9]PBcYO[0xffffff89]5[0xffffff9c][0xffffffd5][0xffffff94]X#[0xffffff9a]D[0x9]S[0xffffff9e],%l[0xffffff97][0xffffffb2][0xffffff94]0[0xffffffd5][0xffffffca]QB[0xffffff9a][0xffffff96][0xffffffa2][0xffffff84][0x14][0xffffffef][0x6]%[0xffffffdc]p[0xfffffff6]<G[0xffffffa3](A[0xf]g[0x7f]=[0x1]M[0x9]r8[0xfffffffb][0xffffffeb][0xffffffd7][0x19]J[0x4][\r]g[0xffffffbb](2[0xffffff94]H[0x19][0xffffffce]v[0xffffffb1][0xffffffac][0xffffffa7][0x4];[0xffffff9c][0xffffffad][0x11]M[0xffffffa2]D[0xffffffd8]p[0xfffffff6][0xffffff9b].e)[0x11]4[0xffffff9c]m[0xffffff9a][0xffffff96][0xffffffa2][0xffffffc4][0xfffffff7][0xffffff87][0xffffffb3][0xffffffc7][0xffffffcb][\r]g[0xffffffcf]1[0xffffffa1][0xffffffb5][0xffffffcb][0xffffffcf][0xffffffe7][0xffffff81])[0xffffffc1][0xf]g[0xffffffff]~[0x6][0xffffff86][0x12][0xffffffd4]p[0xfffffff6][0xffffffaf]_[0xffffffce][0xffffffa0]D[0xffffffc6]p[0xffffffb6][0xf]$C[0x9]~8[[0xffffffc3]YM[0xffffff89][0xffffffdc][0xffffffe1]l[[0xffffff9e],%[0xffffffe2][0xffffff86][0xffffffb3]m[0xffffffb5]r[0xffffff94][0x8][0x19][0xffffffce]6[0xffffffc5][0xffffffbb]E[0x9][0xfffffffd]V[0xffffff82][0xffffffa5][0x4][0xfffffffd][0xffffffad][0xffffffc4][0x15][0xfffffff0][0xffffffad][0xffffffc4][0xffffffa5][0x7f][0xffffffd0]+[\r]8[0xfffffff5][0xffffffad][0xffffffc4][0xffffff95][0xfffffff4][0xffffffad][0xffffff84]F[0xffffff91][0xffffffa2]D[0xffffffca][0xffffffb7][0x12][0x1a]K[0xffffff82][0x12][0xffffffec][0xffffffb7][0x12]kD[0xffffffb3]([0x11][0xfffffff6][0xffffffad][0xffffff84][0xffffffed]R[0xffffff9a][0x12]A[0xffffffdf]JH[0xffffffd3]r[0xffffff94][0xfffffff8][0xfffffffe][0xffffffb7][0x12][0xffffffe6][0xe][0xffffff8e][0xffffffe3][0xffffffd5][0xffffffa9][0xffffffe1][0xffffffec][0xffffffcf][0xffffffe7][0xffffff81])[0xffffffc1][0xffffffdf][0xffffffc1][0xfffffff1][0xfffffffb][0x19][0x18]JPwp[0xfffffffc][0xfffffffa][0xffffffe5][0xc]Jd[0xffffffdc][0xffffffc1][0xffffffe1][0x3][0xffffffc9]P[0xffffff82][0xffffffbf][0xffffff83]C[0xffffffc3]YM[0xffffff89][0xffffffdc];8ly[0xffffffb2][0xffffff94][0xffffff88][0xffffffbb][0xffffff83][0xffffffc3]V+G[0xffffff89][0xffffff90];8L[0xfffffff1]nP[0xffffffc2][0xffffffdc][0xffffffc1]q[0xffffffbc][0xffffffae][0xffffffe7][0xffffffa4](A[0xffffffdf][0xffffffc1][0xfffffff1][0xfffffff5][0x4]4%[0xffffffc8];8[0xffffffbe]~[0xffffff9d][0xffffffa1]D[0xffffffd0][0x1d][0x1c].[0xffffff8a][0xc]%R[0xffffffee][0xffffffe0]p[0xffffffb1][0xffffffac][0xffffffa7][0x4]{[0x7][0xffffff87]F4[0xffffff89][0x12]awp[0xffffffbc][0xffffffe9]R[0xffffff96][0x12]Awp[0xffffff98][0xffffffa6][0xffffffa5]([0xfffffff1][0xfffffffd];8[0xffffffc6][0xffffffeb]q[0xffffff94][0xffffffb8]_[0xffffff93][0xffffffa2][0xffffffc4][0xffffff83]S[0xffffffe2][0x9][0xffffffa0][0xffffffc4][0xffffffa3]y/[0xc][0xfffffff8][0xffffff83]Q[0xffffffe2]I[0xffffffa2][0xffffff84]F[0xffffff91][0xffffffa1][0xffffff84][0xb]$C[0x9][0xffffff8d]e=%[0xffffffd6]pVSb[0xffffff8d]h[0x12]%Ly[0xffffffb2][0xffffff94][0xffffffb0]][0xffffffca]R[0xffffffc2]T+G[0x9]iZ[0xffffff8a][0x12]R[0xffffffbc][0x1b][0xffffff94]0[0xffffffd7]y}P[0xffffffe2][0xffffffba])J[0xffffffd0][0xffffffd7]y}=[0x1]M[0x9][0xfffffff2]:[0xffffffaf][0xffffffaf]_g([0x11]t[0xffffff9d][0xffffff97][0xffffff8b]"C[0xffffff89][0xffffff94][0xffffffeb][0xffffffbc]\,[0xffffffeb])[0xffffffc1]^[0xffffffe7][0xffffffa5][0x11]M[0xffffffa2]D[0xffffffd8]u^o[0xffffffba][0xffffff94][0xffffffa5]D[0xffffffd0]u^[0xffffffa6]i)J[0xfffffffc][0x7][0xffffffd7]y5s[0xffffff9d][0xffffffd7][0xfffffff1]z^[0x7]D[0xffffff89][0xffffff86]_[0xffffffe7][0xffffffd5][0x2][0xffffffae][0xfffffff3]j[0xffffffe6][0xffffffce][0xffffff99][0xffffffba][0xffffff80]7[0xffffffec]:[0xffffffaf]&[0xffffffb7][0xffffffca][0xffffff80][0xffffff94]0QD(a[0x3][0xffffff89]P[0xffffffc2][0xffffffc4][0xffffffb2][0xffffff9c][0x12][0x12][0xffffffce]bJHD[0xffffff83]([0xffffffe1][0xffffffca][0x13][0xffffffa5][0xffffff84][0xffffffef]R[0xffffff94][0x12][0xffffffae]Z1Jh[0xffffffd3]B[0xffffff94][0xffffffd0][0xffffffe2][0xffffffdd][0xffffffa0][0xffffff84][0xffffffb9][0xffffffce][0xffffffeb][0xffffff83][0x12][0xffffff83][0xffffff9a][0xffffffa8]j[0xfffffff8]u^-[0xffffffe0]:[0xffffffaf]f[0xffffffee][0xffffff9c])[0xc]8v[0xffffff9d]W[0xffffff93][eHJ[0xffffff84]\[0xffffffe7]e[0x3][0xffffffc9]P"[0xffffffe0]:/[0x9]g5%[0xffffff82][0xffffffaf][0xfffffff3]r[0xffffffe5][0xffffffc9]R"[0xffffffef]:/W[0xffffffad][0x1c]%R[0xffffffae][0xfffffff3][0xffffffd2][0xffffffe2][0xffffffdd][0xffffffa0][0xffffff84][0xffffffb9][0xffffff83][0xffffffe3]h[0xffffffaf][0x17][0xfffffff5][0x7][0xffffff8e][0xffffff86][0xffffffdf][0xffffffc1][0xffffffd1][0x2][0xffffffee][0xffffffe0]hf([0xffffffbe]0[0xffffffe0][0xffffffd8][0x1d][0x1c]M[0xffffffa6][0xffffffe0]IJ[0xffffff84][0xffffffdc][0xffffffc1]a[0x3][0xffffffc9]P"[0xffffffe0][0xe][0xe][0x9]g5%[0xffffff82][0xffffffef][0xffffffe0]p[0xffffffe5][0xffffffc9]R"[0xffffffef][0xe][0xe]W[0xffffffad][0x1c]%R[0xffffffee][0xffffffe0][0xffffffd0][0xffffffe2][0xffffffdd][0xffffffa0][0xffffff84][0x19][0xffffffce]>[0xffffffda][0xfffffff9]P7[0xffffff83]6|8[0xffffffbb][0x5][0xc]g7[0xffffffb3][0xffffffee]Z[0x18]pl8[0xffffffbb][0xffffffc9]~+I[0xffffff89][0xffffff90][0xffffffe1]l[0x1b]H[0xffffff86][0x12][0x1][0xffffffc3][0xffffffd9][0x12][0xffffffce]jJ[0x4][0xf]g[0xffffffbb][0xfffffff2]d)[0xffffff91]7[0xffffff9c][0xffffffed][0xffffffaa][0xffffff95][0xffffffa3]D[0xffffffca]p[0xffffffb6][0x16][0xffffffef][0x16]%[0xffffffae]0J\8%[0xffffffae][0x0]J\(%.[0xffffff8c][0x12]W[0x12]%[0xffffffd6](R[0xffffff94][0xffffffd0]@R[0xffffff94]XcIP[0xffffffe2][0xffffff82])q[0x5]SB[0xffffffca][0xffffff93][0xffffffa6][0xffffff84][0xffffffe9]R[0xffffff9a][0x12]R[0xffffffad]$%[0xffffffae][0x14]J\[0xffffffff][0x1]%[0xffffffda][0x13]f[0xffffff89][0xfffffff6][0xffffffe0][0xffffff98][0xfffffff8]x[0x4]^[0x13]?[0x1f][0xffffff82][0xffffffe2][0xffffffc4][0xffffffc7][0xffffffcf]S[0xffffff9e][0xfffffff8][0xfffffffa][0xffffffe9][0x14]PH[0x1e])Q[0xffffff98]TR[0xffffffa4][0xffffff90]l[0x12][0xffffffa6]X[0x12]Z[0xffffff8f][0xffffff8a]%[0xffffffa7]Y[0xffffffaa][0xffffffd0][0x1a][0xffffffa5]Y[0xffffffe1]Z[0xffffff95]v[0xffffff85][0xffffff96],[0x9][0xffffff8b][0xffffffb5]s9Y[0xffffffac][0x15][0xffffffbc]E[0xffffff8b]c[0xffffff84][0xffffffd1][0xffffffe2][0x18]8->[0x1e][0xffffff81][0xffffffa7][0xffffffc5][0xffffffcf][0xffffff87][0xffffffa0]h[0xfffffff1][0xfffffff1][0xfffffff3][0x14]-[0xffffffbe]~:[0xffffff85][0x16][0xffffff92]G[0xffffff8a][0x16]&[0xffffff95][0x14]-$[0xffffff9b][0x4]-[0xffffff96][0xffffff84][0xffffffd6][0xffffffd3]b[0xffffffc9]i[0x16]-[0xffffffb4]FiZ[0xffffffb8]V[0xffffffa5]i[0xffffffa1]%K[0xffffffd2]b[0xffffffed]\[0xffffff8e][0x16]k[0x5]o[0xffffffd1][0xffffffe2]s[0xfffffff9]2[0xffffff89][0x16][0xffffffcf][0xffffff89][0xffffffd3][0xffffffe2][0xffffffe3][0x11]xZ[0xfffffffc]|[0x8][0xffffff8a][0x16][0x1f]?O[0xffffffd1][0xffffffe2][0xffffffeb][0xffffffa7]Sh!y"
18:17:44.699 [TestNG-tests-2] DEBUG org.apache.hc.client5.http.wire - http-outgoing-2 << "[0xffffffa4]haRI[0xffffffd1]B[0xffffffb2]I[0xffffffd0]bIh=-[0xffffff96][0xffffff9c]f[0xffffffd1]Bk[0xffffff94][0xffffffa6][0xffffff85]kU[0xffffff9a][0x16]Z[0xffffffb2]$-[0xffffffd6][0xffffffce][0xffffffe5]h[0xffffffb1]V[0xfffffff0][0x1e]-[0xffffffd2][0xffffffde]Z<[0xfffffffc][[0xffffff8b]'[0xffffffe1][0xffffffad][0xffffffc5][0xffffffc3][0xffffffbe][0xffffffb5]x[0xffffffb8][0xffffffb7][0x16]O[0xffffffd4][[0xb][0xffffffc9]#F[0xffffff8b][0xffffff9c][0xffffffb7][0x16][0xffffff92]M[0xffffff84][0x16][0xfffffff4][[0xffffff8b]'[0xfffffff9][0xffffffad][0xffffff85][0xffffffd6](N[0xffffff8b][0xffffffc0][0xffffffb7][0x16]Z[0xffffffb2](-b[0xffffffde]Z[0xffffffac][0x15][0xffffffbc]E[0xffffff8b][0xffffffd6]f[0xffffff98]->[0xffffff9e][0x8][0xffffffc7][0xffffffc5][0xffffff8f]g[0xffffffe0]u[0xfffffff1][0xffffffcf]SP[0xffffffbc][0xfffffff8][0xfffffff1][0xfffffffb][0xffffff94]/~[0xfffffffe]v[\n]"
18:17:44.699 [TestNG-tests-2] DEBUG org.apache.hc.client5.http.wire - http-outgoing-2 << "04[0xffffff94][0xffffff94]0\4)bh@[0x9]c[0xffffffac]1[0xffffffad]G[0xffffffc6][0x1a][0xffffffd6],e[0xffffff98]B[0xffffffa5][0xffffff99]a[0xfffffffb][0xffffff95]v[0xffffff86][0xffffffa9][[0x12][0x1a][0xffffffd2][0xffffffbe][0xffffff9c]4[0xffffffa4][0xffffff8c][0xfffffff7][0xffffffa8]q[0xffffffdc]i[0xffffffd4]8n[0xffffff9e][0x1a][0x1f][0xffffffcf][0x10]@[0xffffff8d][0xffffff9f]O[0xffffff81]Q[0xffffffe3][0xffffffe3][0xfffffff7]1j|[0xfffffffd]v[0xc]5$[0xffffff94][0x18]5L41jH@[0x11]j,1[0x5][0xffffffa8][0xffffffb1][0xffffff84]5[0xffffff8c][0x1a]Z[0xffffffa8]85\[0xffffffbf][0xffffffe2][0xffffffd4][0xffffffd0][0xffffffba]E[0xffffffa9][0xffffffb1][0xffffffb6]/H[0xffffff8d][0xffffffb5][0xffffff8c][0xffffffff][0xffffff86][0x1a][0xfffffff3][0xffffffeb]_9[0xffffffcd][0xffffffae]E[0x7f][0x1][0xffffffd7][0xffffff89][0xfffffffd]~[0x1e][0xffffff8a][0x19][0x7f]<[0x1][0xffffff86][0xffffff8c][0xffffffe5][0x19][0xffffff8a][0xffffff89][0xfffffff1][0xffffffc7][0xffffffaf][0x17][0x3][0xffffffe3][0x7f][0x7f][0x19][0xffffffe6][0xffffffc5][0xffffffdb]([0x16][0xffffffe3][0xffffffe2]_[0x2]YL[0xffffff8b][0xffffffb7][0xffffffb1],[0xffffff84][0xffffffc5][0xffffff9b]p[0xffffff96][0xffffffb1][0xffffffe2]MD#P[0xfffffff1][0xffffffbe]<!R[0xfffffffc][[0xffffff97]B[0xffffffa0]x_[0xffffffad][0x0]'[0xffffffde]5m9&[0xffffffde][0x15][0xffffffef][0x16]%[0xffffff8e]0J[0x1c]8%[0xffffff8e][0x0]J[0x1c](%[0xe][0xffffff8c][0x12]G[0x12]%[0xffffffd6](R[0xffffff94][0xffffffd0]@R[0xffffff94]XcIP[0xffffffe2][0xffffff80])q[0x4]SB[0xffffffca][0xffffff93][0xffffffa6][0xffffff84][0xffffffe9]R[0xffffff9a][0x12]R[0xffffffad]$%[0xffffff8e][0x14]J[0x1c][0xffffffdf][0xffffffa6][0xffffffc4][0xffffffe5][0xffffffde]J[0xfffffff4]9(J\[0xfffffff8][[0xffffff89]+[0xffffffe0][0xffffffad][0xffffffc4][0xffffffa5]t.[0xc][0xfffffff8][0xffffff85][0xffffffbd][0xffffff95][0xffffffb8][0xffffff92][0xffffffde]Jh[0x14][0x19]J[0xffffffb8]@2[0xffffff94][0xffffffd0]X[0xffffffd6]Sb[\r]g5%[0xffffffd6][0xffffff88]&Q[0xffffffc2][0xffffff94]'K[0x9][0xffffffdb][0xffffffa5],%L[0xffffffb5]r[0xffffff94][0xffffff90][0xffffffa6][0xffffffa5](![0xffffffc5][0xffffffbb]A[0xffffff89][0xffffffe1](q[0xffffffb7][0xfffffffa][0xffffff9b]I[0x7f]?[0xf]L[0xffffff89][0x11]@[0xffffff89][0xffffffa1]y/[0xc][0xfffffff8][0xffffffc0](1[0xffffff92]([0xffffffa1]Qd([0xffffffe1][0x2][0xffffffc9]PBcYO[0xffffff89]5[0xffffff9c][0xffffffd5][0xffffff94]X#[0xffffff9a]D[0x9]S[0xffffff9e],%l[0xffffff97][0xffffffb2][0xffffff94]0[0xffffffd5][0xffffffca]QB[0xffffff9a][0xffffff96][0xffffffa2][0xffffff84][0x14][0xffffffef][0x6]%nG[0xffffff89][0xffffffc9]Q[0xffffffe2][0xffffffc6])q[0x7]P[0xffffffe2][0xffffffd6][0xffffffbc][0x17][0x6][0xfffffffc][0xffffffc6](q'QB[0xffffffa3][0xffffffc8]P[0xffffffc2][0x5][0xffffff92][0xffffffa1][0xffffff84][0xffffffc6][0xffffffb2][0xffffff9e][0x12]k8[0xffffffab])[0xffffffb1]F4[0xffffff89][0x12][0xffffffa6]<YJ[0xffffffd8].e)a[0xffffffaa][0xffffff95][0xffffffa3][0xffffff84]4-E[0x9])[0xffffffde][\r]J<[0xffffff86][0x12][0x1f][0xffffff98][0xffffffa8]?[0xffffffdf][0xfffffff1][0xfffffffb]y`J<[0x1][0xffffff94]x4[0xffffffef][0xffffff85][0x1][0x7f]0J<I[0xffffff94][0xffffffd0](2[0xffffff94]p[0xffffff81]d([0xffffffa1][0xffffffb1][0xffffffac][0xffffffa7][0xffffffc4][0x1a][0xffffffce]jJ[0xffffffac][0x11]M[0xffffffa2][0xffffff84])O[0xffffff96][0x12][0xffffffb6]KYJ[0xffffff98]j[0xffffffe5](!MKQB[0xffffff8a]w[0xffffff83][0x12][0xffffffd3]Q[0xffffffe2][0xffffffe2](1qJ[0xffffffcc][0x0]JL[0xffffffcd]{a[0xffffffc0]'F[0xffffff89][0xffffff99]D[0x9][0xffffff8d]"C[0x9][0x17]H[0xffffff86][0x12][0x1a][0xffffffcb]zJ[0xffffffac][0xffffffe1][0xffffffac][0xffffffa6][0xffffffc4][0x1a][0xffffffd1]$J[0xffffff98][0xfffffff2]d)a[0xffffffbb][0xffffff94][0xffffffa5][0xffffff84][0xffffffa9]V[0xffffff8e][0x12][0xffffffd2][0xffffffb4][0x14]%[0xffffffa4]x[0xffffffff][0xffffff9e][0x12][0xfffffffd][0xffffffe5]([0xfffffff1][0xffffff8c][0x17]D[0xffffff89][0x1f][0xffffffcf][0xffffffc3]R[0xffffffe2][0xfffffff3][0x9]`J[0xfffffffc]z[0x6][0xffffff84][0x12][0xffffff9f][0xffffffbf][0xffffff8e]P[0xffffffe2][0xffffff9f]_[0xffffff8e][0xffffffa0][0xffffff84][0xffffff89]"B[0x9][0x1b]H[0xffffff84][0x12]&[0xffffff96][0xffffffe5][0xffffff94][0xffffff90]p[0x16]SB"[0x1a]D[0x9]W[0xffffff9e](%|[0xffffff97][0xffffffa2][0xffffff94]p[0xffffffd5][0xffffff8a]QB[0xffffff9b][0x16][0xffffffa2][0xffffff84][0x16][0xffffffef][0x6]%[0xffffffba][0xffffffa3][0xffffffc4][0xffffffbc][0x1b]E[0xffffff89][0xffffff8e]S[0xffffffa2][0x7]P[0xffffffa2]k[0xffffffde][0xb][0x3][0xffffffde]1J[0xfffffff4]$Jh[0x14][0x19]J[0xffffffb8]@2[0xffffff94][0xffffffd0]X[0xffffffd6]Sb[\r]g5%[0xffffffd6][0xffffff88]&Q[0xffffffc2][0xffffff94]'K[0x9][0xffffffdb][0xffffffa5],%L[0xffffffb5]r[0xffffff94][0xffffff90][0xffffffa6][0xffffffa5](![0xffffffc5][0xffffffbb]A[0xffffff89][0xffffffc3]Rb^[0x14]%[0xe][0xffffff9c][0x12]G[0x0]%[0xe][0xffffffcd]{a[0xffffffc0][0xf][0xffffff8c][0x12]G[0x12]%4[0xffffff8a][0xc]%\ [0x19]Jh,[0xffffffeb])[0xffffffb1][0xffffff86][0xffffffb3][0xffffff9a][0x12]kD[0xffffff93](a[0xffffffca][0xffffff93][0xffffffa5][0xffffff84][0xffffffed]R[0xffffff96][0x12][0xffffffa6]Z9JH[0xffffffd3]R[0xffffff94][0xffffff90][0xffffffe2][0xffffffdd][0xffffffa0][0xffffff84][[0xffffffbb]<_[0xffffff83][0xfffffffa]V[0xffffffa2][0xffffffe3]k[0xffffff97]=`[0xffffffed][0xffffffb2][0xffffff9b]I[0xffffffb6][0xffffffc2][0xffffff80]ck[0xffffff97]]F[0xffffffd7]HJ[0xffffff84][0xffffffac]][0xffffffda]@2[0xffffff94][0x8]X[0xffffffbb][0xffffff94]pVS"x[0xffffffed][0xffffffd2][0xffffff95]'K[0xffffff89][0xffffffbc][0xffffffb5]KW[0xffffffad][0x1c]%R[0xffffffd6].[0xffffffb5]x7([0xffffffe1]&[0xffffffaa][0xffffffce][0xfffffffe][0xffffffa2][0xe][0xffffff83]v|[0xffffffa2][0xffffffaa][0x7]LTu[0xffffffb3][0xffffffa3]R[0x18]pl[0xffffffa2][0xffffffaa][0xffffffcb]R[\n]"
18:17:44.699 [TestNG-tests-2] DEBUG org.apache.hc.client5.http.wire - http-outgoing-2 << "I[0xffffff89][0xffffff90][0xffffff89]*[0x1b]H[0xffffff86][0x12][0x1][0x13]U[0x12][0xffffffce]jJ[0x4]OT[0xffffffb9][0xfffffff2]d)[0xffffff91]7Q[0xffffffe5][0xffffffaa][0xffffff95][0xffffffa3]D[0xffffffca]D[0xffffff95][0x16][0xffffffef][0x6]%[0xffffffdc]D[0xffffffd5]y[0xffffff8d]NQ[0x2][0xffffff9f][0xffffffa8][0xffffffea][0x1][0x13]U[0xffffffdd][0xffffffec][0xffffffa8][0x14][0x6][0x1c][0xffffff9b][0xffffffa8][0xffffffea][0xffffffb2][0xffffff94]BR"d[0xffffffa2][0xffffffca][0x6][0xffffff92][0xffffffa1]D[0xffffffc0]D[0xffffff95][0xffffff84][0xffffffb3][0xffffff9a][0x12][0xffffffc1][0x13]U[0xffffffae]<YJ[0xffffffe4]MT[0xffffffb9]j[0xffffffe5]([0xffffff91]2Q[0xffffffa5][0xffffffc5][0xffffffbb]A[0x9][0xffffffb7]+q[0xfffffff5][0x17][0xfffffff6][0xffffffad][0x4][0xffffffbe]+[0xffffffd1][0x3]v%[0xffffffba]9[0xfffffffc]\[0x18]plW[0xffffffa2][0xffffffcb][0xfffffff1]f[0xffffff92][0x12]![0xffffffbb][0x12]6[0xffffff90][0xc]%[0x2]v%$[0xffffff9c][0xffffffd5][0xffffff94][0x8][0xffffffde][0xffffff95]p[0xffffffe5][0xffffffc9]R"oW[0xffffffc2]U+G[0xffffff89][0xffffff94]][0x9]-[0xffffffde]-J[0xffffffe8]u^,%[0xffffffe0][0xffffffeb][0xffffffbc]>[0xffffff9f][0xffffff80][0xffffffa7][0x4]x[0xffffff9d][0xffffffd7][0xffffffe7][0xffffffaf]S[0xffffff94][0xffffffc8][0xffffffb9][0xffffffce][0xffffffcb]D[0xffffff91][0xffffffa2]D[0xffffffc8]u^&[0xffffff96][0x4]%[0xffffffd0][0xffffffeb][0xffffffbc]$[0xffffffa2]Y[0xffffff94][0xffffffc8][0xffffffba][0xffffffce][0xffffffcb]w)M[0xffffff89][0xffffff9c][0xffffffeb][0xffffffbc][0xffffffb4]i9J|[0xfffffffb]:[0xffffffaf][0x1f][0xffffffff]G)q<[0xffffffd8][0x1f]8&[0xfffffffe]Vb[0x6][0xffffffbc][0xffffff95][0xffffff98]J[0xffffffe7][0xffffffc2][0xffffff80]O[0xffffffec][0xffffffad][0xffffffc4]Lz+[0xffffffa1]Qd([0xffffffe1][0x2][0xffffffc9]PBcYO[0xffffff89]5[0xffffff9c][0xffffffd5][0xffffff94]X#[0xffffff9a]D[0x9]S[0xffffff9e],%l[0xffffff97][0xffffffb2][0xffffff94]0[0xffffffd5][0xffffffca]QB[0xffffff9a][0xffffff96][0xffffffa2][0xffffff84][0x14][0xffffffef][0xffffffdf]S[0xffffffe2]p[0x13]U[0xffffffd7][0xfffffffd][0xffffff9c][0x10]%[0xe]|[0xffffffa2][0xffffffea][0x8][0xffffff98][0xffffffa8]:[0xffffffcc][0xffffff8e]J][0xffffffc0][0xf]l[0xffffffa2][0xffffffea][0xffffff90][0xffffffa5][0x14][0xffffff90][0x12]&[0xffffff8a][0x8]%l [0x11]J[0xffffff98]X[0xffffff96]SB[0xffffffc2]YL[0x9][0xffffff89]h[0x10]%\y[0xffffffa2][0xffffff94][0xfffffff0]][0xffffff8a]R[0xffffffc2]U+F"
18:17:44.699 [TestNG-tests-2] DEBUG org.apache.hc.client5.http.wire - http-outgoing-2 << "[0x9]mZ[0xffffff88][0x12]Z[0xffffffbc][0x1b][0xffffff94]p[0x13]U[0xffffffe3]x[0xffffffa8][0xffffffc3][0xffffffa0][0x7]>Qu[0x4]LT[0x1d]fG[0xffffffa5]0[0xffffffe0][0xffffffd8]D[0xffffffd5]!K)$%B&[0xffffffaa]l [0x19]J[0x4]LTI8[0xffffffab])[0x11]<Q[0xffffffe5][0xffffffca][0xffffff93][0xffffffa5]D[0xffffffde]D[0xffffff95][0xffffffab]V[0xffffff8e][0x12])[0x13]UZ[0xffffffbc][0x1b][0xffffff94]p[0x13]U[0xffffffe3]zQ[0xffffffc3][0xffffffd9][0x7]>Qu[0x4]LT[0x1d]fG[0xffffffa5]0[0xffffffe0][0xffffffd8]D[0xffffffd5]!K)$%B&[0xffffffaa]l [0x19]J[0x4]LTI8[0xffffffab])[0x11]<Q[0xffffffe5][0xffffffca][0xffffff93][0xffffffa5]D[0xffffffde]D[0xffffff95][0xffffffab]V[0xffffff8e][0x12])[0x13]UZ[0xffffffbc][0x1b][0xffffff94]p[0x13]Uc[0xffffffb6][0xffffff93][0xffffffa2][0x4]>Qu[0x4]LT[0x1d]fG[0xffffffa5]0[0xffffffe0][0xffffffd8]D[0xffffffd5]!K)$%B&[0xffffffaa]l [0x19]J[0x4]LTI8[0xffffffab])[0x11]<Q[0xffffffe5][0xffffffca][0xffffff93][0xffffffa5]D[0xffffffde]D[0xffffff95][0xffffffab]V[0xffffff8e][0x12])[0x13]UZ[0xffffffbc][0x1b][0xffffff94]p[0x13]Uc[0xffffffde][0xffffffd4]g[0xffffff97][0x7]>Qu[0x4]LT[0x1d]fG[0xffffffa5]0[0xffffffe0][0xffffffd8]D[0xffffffd5]!K)$%B&[0xffffffaa]l [0x19]J[0x4]LTI8[0xffffffab])[0x11]<Q[0xffffffe5][0xffffffca][0xffffff93][0xffffffa5]D[0xffffffde]D[0xffffff95][0xffffffab]V[0xffffff8e][0x12])[0x13]UZ[0xffffffbc][0x1b][0xffffff94][0xffffffb8][\r]%[0xffffffee][0xffffffd7]E][0xffffffe7][0xfffffff5][0xffffffe3]y`J[0xffffffdc][0x1][0xffffff94][0xffffffb8]5[0xffffffef][0xffffff85][0x1][0xffffffbf]1J[0xffffffdc]I[0xffffff94][0xffffffd0](2[0xffffff94]p[0xffffff81]d([0xffffffa1][0xffffffb1][0xffffffac][0xffffffa7][0xffffffc4][0x1a][0xffffffce]jJ[0xffffffac][0x11]M[0xffffffa2][0xffffff84])O[0xffffff96][0x12][0xffffffb6]KYJ[0xffffff98]j[0xffffffe5](!MKQB[0xffffff8a]w[0xffffff83][0x12]n[0xffffffa2][0xffffffea]n[\r][0xfffffffb]V[0x2][0xffffff9f][0xffffffa8]:[0x2]&[0xffffffaa][0xe][0xffffffb3][0xffffffa3]R[0x18]pl[0xffffffa2][0xffffffea][0xffffff90][0xffffffa5][0x14][0xffffff92][0x12]![0x13]U6[0xffffff90][0xc]%[0x2]&[0xffffffaa]$[0xffffff9c][0xffffffd5][0xffffff94][0x8][0xffffff9e][0xffffffa8]r[0xffffffe5][0xffffffc9]R"o[0xffffffa2][0xffffffca]U+G[0xffffff89][0xffffff94][0xffffff89]*-[0xffffffde][\r]JLG[0xffffff89]~[0xffffff9f][0x14]%&N[0xffffff89][0x19]@[0xffffff89][0xffffffa9]y/[0xc][0xfffffff8][0xffffffc4](1[0xffffff93]([0xffffffa1]Qd([0xffffffe1][0x2][0xffffffc9]PBcYO[0xffffff89]5[0xffffff9c][0xffffffd5][0xffffff94]X#[0xffffff9a]D[0x9]S[0xffffff9e],%l[0xffffff97][0xffffffb2][0xffffff94]0[0xffffffd5][0xffffffca]QB[0xffffff9a][0xffffff96][0xffffffa2][0xffffff84][0x14][0xffffffef][0xffffffdf]S[0xffffffe2]t[0xffffffbb][0x12][0xfffffff7][0xffffff85][0xffffffed]J[0xffffff9c][0xfffffff8][0xffffffae][0xffffffc4][0x19][0xffffffb0]+q[0xffffff9a][0xffffffc3][0xffffffcf]u[0x1]?[0xffffffb1]][0xffffff89]S[0xffffff8e]7[0xffffff83][0xffffff94]0QD(a[0x3][0xffffff89]P[0xffffffc2][0xffffffc4][0xffffffb2][0xffffff9c][0x12][0x12][0xffffffce]bJHD[0xffffff83]([0xffffffe1][0xffffffca][0x13][0xffffffa5][0xffffff84][0xffffffef]R[0xffffff94][0x12][0xffffffae]Z1Jh[0xffffffd3]B[0xffffff94][0xffffffd0][0xffffffe2][0xffffffdd][0xffffffa0][0xffffff84][0xffffffdb][0xffffff95]xz[0xffffff9b][0x14]%[0xfffffff0]][0xffffff89]3`W[0xffffffe2]4[0xffffff87][0xffffff9f][0xb][0x3][0xffffff8e][0xffffffed]J[0xffffff9c]r[0xffffffbc][0xffffff99][0xffffffa4]D[0xffffffc8][0xffffffae][0xffffff84][\r]$C[0xffffff89][0xffffff80]][0x9][0x9]g5%[0xffffff82]w%\y[0xffffffb2][0xffffff94][0xffffffc8][0xffffffdb][0xffffff95]p[0xffffffd5][0xffffffca]Q"eWB[0xffffff8b]w[0xffffff83][0x12]nW[0xffffffe2]9[0xf][0xffffff8c][0x12][0xfffffff8][0xffffffae][0xffffffc4][0x19][0xffffffb0]+q[0xffffff9a][0xffffffc3][0xffffffcf][0xffffff85][0x1][0xffffffc7]v%N9[0xffffffde]LR"dW[0xffffffc2][0x6][0xffffff92][0xffffffa1]D[0xffffffc0][0xffffffae][0xffffff84][0xffffff84][0xffffffb3][0xffffff9a][0x12][0xffffffc1][0xffffffbb][0x12][0xffffffae]<YJ[0xffffffe4][0xffffffed]J[0xffffffb8]j[0xffffffe5]([0xffffff91][0xffffffb2]+[0xffffffa1][0xffffffc5][0xffffffbb]E[0xffffff89][0x1e]F[0xffffff89][0xffffff8e]S[0xffffffa2][0x7]P[0xffffffa2][0xffffffa3][0xffffff94][0xffffffe8][0x18]%z[0x12]%[0xffffffd6](R[0xffffff94][0xffffffd0]@R[0xffffff94]XcIP[0xffffffa2][0xffffffc3][0xffffff94][0xffffffe8][0xffffffc1][0xffffff94][0xffffff90][0xfffffff2][0xffffffa4])a[0xffffffba][0xffffff94][0xffffffa6][0xffffff84]T+I[0xffffff89][0xffffff9e]B[0xffffff89][0xfffffffe]mJ[0xffffffb8][0xffffff89][0xffffffaa][0xffffffe7][0xffffffe9]7E[0x9]|[0xffffffa2][0xffffffea][0xc][0xffffff98][0xffffffa8]:[0xffffffcd][0xffffff8e]Ja[0xffffffc0][0xffffffb1][0xffffff89][0xffffffaa]S[0xffffff96]RHJ[0xffffff84]LT[0xffffffd9]@2[0xffffff94][0x8][0xffffff98][0xffffffa8][0xffffff92]pVS"x[0xffffffa2][0xffffffca][0xffffff95]'K[0xffffff89][0xffffffbc][0xffffff89]*W[0xffffffad][0x1c]%R&[0xffffffaa][0xffffffb4]x7([0xffffffe1]&[0xffffffaa][0xffffffe6][0xffffffab][0xffffff9f][0x14]%[0xfffffff0][0xffffff89][0xffffffaa]3`[0xffffffa2][0xffffffea]4;*[0xffffff85][0x1][0xffffffc7]&[0xffffffaa]NYJ!)[0x11]2Qe[0x3][0xffffffc9]P"`[0xffffffa2]J[0xffffffc2]YM[0xffffff89][0xffffffe0][0xffffff89]*W[0xffffff9e],%[0xfffffff2]&[0xffffffaa]\[0xffffffb5]r[0xffffff94]H[0xffffff99][0xffffffa8][0xffffffd2][0xffffffe2][0xffffffdd][0xffffffa0][0xffffffc4]p[0xffffff94]8[0xfffffffb][0xffffffa0](1pJ[0xffffff8c][0x0]J[0xc][0xffffffcd]{a[0xffffffc0][0x7]F[0xffffff89][0xffffff91]D[0x9][0xffffff8d]"C[0x9][0x17]H[0xffffff86][0x12][0x1a][0xffffffcb]zJ[0xffffffac][0xffffffe1][0xffffffac][0xffffffa6][0xffffffc4][0x1a][0xffffffd1]$J[0xffffff98][0xfffffff2]d)a[0xffffffbb][0xffffff94][0xffffffa5][0xffffff84][0xffffffa9]V[0xffffff8e][0x12][0xffffffd2][0xffffffb4][0x14]%[0xffffffa4]x7([0xffffffe1][0xffffffd6].[0xffffffe7]h[0xffffffd8][0x1f]8[0xfffffff0][0xffffffb5][0xffffffcb]3`[0xffffffed][0xfffffff2]4[0xffffff93]l[0xffffff85][0x1][0xffffffc7][0xffffffd6].O[0x19]]#)[0x11][0xffffffb2]vi[0x3][0xffffffc9]P"`[0xffffffed]R[0xffffffc2]YM[0xffffff89][0xffffffe0][0xffffffb5]KW[0xffffff9e],%[0xfffffff2][0xffffffd6].][0xffffffb5]r[0xffffff94]HY[0xffffffbb][0xffffffd4][0xffffffe2][0xffffffdd][0xffffffa0][0xffffff84][[0xffffffbb][0xffffff9c]sb[0xffffff94][0xffffffc0][0xffffffd7].[0xffffffcf][0xffffff80][0xffffffb5][0xffffffcb][0xffffffd3]L[0xffffffb2][0x15][0x6][0x1c][[0xffffffbb]<et[0xffffff8d][0xffffffa4]D[0xffffffc8][0xffffffda][0xffffffa5][\r]$C[0xffffff89][0xffffff80][0xffffffb5]K[0x9]g5%[0xffffff82][0xffffffd7].]y[0xffffffb2][0xffffff94][0xffffffc8][[0xffffffbb]t[0xffffffd5][0xffffffca]Q"e[0xffffffed]R[0xffffff8b]w[0xffffff83][0x12]S)q[0xffffffbe]^[0xffffffe3][0xffffffa0](1qJ[0xffffffcc][0x0]JL[0xffffffcd]{a[0xffffffc0]'F[0xffffff89][0xffffff99]D[0x9][0xffffff8d]"C[0x9][0x17]H[0xffffff86][0x12][0x1a][0xffffffcb]zJ[0xffffffac][0xffffffe1][0xffffffac][0xffffffa6][0xffffffc4][0x1a][0xffffffd1]$J[0xffffff98][0xfffffff2]d)a[0xffffffbb][0xffffff94][0xffffffa5][0xffffff84][0xffffffa9]V[0xffffff8e][0x12][0xffffffd2][0xffffffb4][0x14]%[0xffffffa4]x[0xffffffff][0xffffff9e][0x12][0xffffff97]Y[0xffffffbb]<_[0xffffffed]E[0x1d][0x6][0xffffffbd][0xfffffff0][0xffffffb5][0xffffffcb]+`[0xffffffed][0xfffffff2]2[0xffffff93]lu[0x1][0xffffffbf][0xffffffb0][0xffffffb5][0xffffffcb]KF[0xffffffd7]@J[0xffffff98]("[0xffffff94][0xffffffb0][0xffffff81]D(abYN[0x9][0x9]g1%$[0xffffffa2]A[0xffffff94]p[0xffffffe5][0xffffff89]R[0xffffffc2]w)J[0x9]W[0xffffffad][0x18]%[0xffffffb4]i!Jh[0xfffffff1]nP[0xffffffa2]YJ[0xffffff8c]NQ[0xffffffa2][0xffffffe1][0xffffff94]h[0x1][0xffffff94]h[0xffffff9a][0xfffffff7][0xffffffc2][0xffffff80]7[0xffffff8c][0x12]-[0xffffff89][0x12][0x1a]E[0xffffff86][0x12].[0xffffff90][0xc]%4[0xffffff96][0xfffffff5][0xffffff94]X[0xffffffc3]YM[0xffffff89]5[0xffffffa2]I[0xffffff94]0[0xffffffe5][0xffffffc9]R[0xffffffc2]v)K[0x9]S[0xffffffad][0x1c]%[0xffffffa4]i)JH[0xfffffff1]nP[0xffffffc2][0xc]g[0xffffff9f]/n8[0xfffffffb][0xffffffc2][0xffffff87][0xffffffb3][0xffffffaf][0xffffff80][0xffffffe1][0xffffffec][0xffffffcb][0xffffffac][0xffffffbb][0x16][0x6][0x1c][0x1b][0xffffffce][0xffffffbe]d[0xffffffbf][0xffffff95][0xffffffa4]D[0xffffffc8]p[0xffffffb6][\r]$C[0xffffff89][0xffffff80][0xffffffe1]l[0x9]g5%[0xffffff82][0xffffff87][0xffffffb3]]y[0xffffffb2][0xffffff94][0xffffffc8][0x1b][0xffffffce]v[0xffffffd5][0xffffffca]Q"e8[[0xffffff8b]w[0xffffff83][0x12]f8[0xfffffffb]|[0x1d][0xffffff83]:[0xc]z[0xffffffe1][0xffffffc3][0xffffffd9]W[0xffffffc0]p[0xfffffff6]e[0xffffffd6]][0xb][0x3][0xffffff8e][\r]g_[0xffffffb2][0xffffffdf]JR"d8[0xffffffdb][0x6][0xffffff92][0xffffffa1]D[0xffffffc0]p[0xffffffb6][0xffffff84][0xffffffb3][0xffffff9a][0x12][0xffffffc1][0xffffffc3][0xffffffd9][0xffffffae]<YJ[0xffffffe4][\r]g[0xffffffbb]j[0xffffffe5]([0xffffff91]2[0xffffff9c][0xffffffad]"
18:17:44.699 [TestNG-tests-2] DEBUG org.apache.hc.client5.http.wire - http-outgoing-2 << "[0xffffffc5][0xffffffbb]A[0x9][0xffffffb3]vy[0xffffffbe][0xffffffee][0xffffff8b]:[0xffffffc1]q[0xffffffe1]k[0xffffff97]W[0xffffffc0][0xffffffda][0xffffffe5]e&[0xffffffd9][\n]"
18:17:44.699 [TestNG-tests-2] DEBUG org.apache.hc.client5.http.wire - http-outgoing-2 << "[0x3][0xffffff8e][0xffffffad]]^2[0xffffffba]FR"d[0xffffffed][0xffffffd2][0x6][0xffffff92][0xffffffa1]D[0xffffffc0][0xffffffda][0xffffffa5][0xffffff84][0xffffffb3][0xffffff9a][0x12][0xffffffc1]k[0xffffff97][0xffffffae]<YJ[0xffffffe4][0xffffffad]][0xffffffba]j[0xffffffe5]([0xffffff91][0xffffffb2]v[0xffffffa9][0xffffffc5][0xffffffbb]A[0x9]3Qu[0xffffffb6][0xfffffff3]E[0xffffff9d][0xffffffe0][0xffffffb8][0xfffffff0][0xffffff89][0xffffffaa]+`[0xffffffa2][0xffffffea]2;*[0xffffff85][0x1][0xffffffc7]&[0xffffffaa].YJ!)[0x11]2Qe[0x3][0xffffffc9]P"`[0xffffffa2]J[0xffffffc2]YM[0xffffff89][0xffffffe0][0xffffff89]*W[0xffffff9e],%[0xfffffff2]&[0xffffffaa]\[0xffffffb5]r[0xffffff94]H[0xffffff99][0xffffffa8][0xffffffd2][0xffffffe2][0xffffffdd][0xffffffa0][0xffffff84][0xffffff99][0xffffffa8]:[0xffffffdb]u[0xffffff9f][0x14]%[0xfffffff0][0xffffff89][0xffffffaa]+`[0xffffffa2][0xffffffea]2;*[0xffffff85][0x1][0xffffffc7]&[0xffffffaa].YJ!)[0x11]2Qe[0x3][0xffffffc9]P"`[0xffffffa2]J[0xffffffc2]YM[0xffffff89][0xffffffe0][0xffffff89]*W[0xffffff9e],%[0xfffffff2]&[0xffffffaa]\[0xffffffb5]r[0xffffff94]H[0xffffff99][0xffffffa8][0xffffffd2][0xffffffe2][0xffffffdd][0xffffffa0][0xffffff84][0xffffff99][0xffffffa8]:[0xfffffffb][0xffffffeb]y(J[0xffffffe0][0x13]UW[0xffffffc0]D[0xffffffd5]evT[\n]"
18:17:44.699 [TestNG-tests-2] DEBUG org.apache.hc.client5.http.wire - http-outgoing-2 << "[0x3][0xffffff8e]MT][0xffffffb2][0xffffff94]BR"d[0xffffffa2][0xffffffca][0x6][0xffffff92][0xffffffa1]D[0xffffffc0]D[0xffffff95][0xffffff84][0xffffffb3][0xffffff9a][0x12][0xffffffc1][0x13]U[0xffffffae]<YJ[0xffffffe4]MT[0xffffffb9]j[0xffffffe5]([0xffffff91]2Q[0xffffffa5][0xffffffc5][0xffffffbb]A[0xffffff89][0xffffffe9]([0xffffffd1][0xffffffcf][0x17]E[0xffffff89][0xffffff89]Sb[0x6]Pbj[0xffffffde][0xb][0x3]>1J[0xffffffcc]$Jh[0x14][0x19]J[0xffffffb8]@2[0xffffff94][0xffffffd0]X[0xffffffd6]Sb[\r]g5%[0xffffffd6][0xffffff88]&Q[0xffffffc2][0xffffff94]'K[0x9][0xffffffdb][0xffffffa5],%L[0xffffffb5]r[0xffffff94][0xffffff90][0xffffffa6][0xffffffa5](![0xffffffc5][0xfffffffb][0xfffffff7][0xffffff94][0x18]n[0xffffffa2][0xffffffaa][0xffffff8f]NQb[0xffffffe0][0x13]U#`[0xffffffa2]j[0xffffff98][0x1d][0xffffff95][0xffffffba][0xffffff80][0xf]l[0xffffffa2]j[0xffffffc8]R[\n]"
18:17:44.699 [TestNG-tests-2] DEBUG org.apache.hc.client5.http.wire - http-outgoing-2 << "H[0x9][0x13]E[0xffffff84][0x12]6[0xffffff90][0x8]%L,[0xffffffcb])![0xffffffe1],[0xffffffa6][0xffffff84]D4[0xffffff88][0x12][0xffffffae]<QJ[0xfffffff8].E)[0xffffffe1][0xffffffaa][0x15][0xffffffa3][0xffffff84]6-D[0x9]-[0xffffffde][\r]J[0xffffffb8][0xffffff89][0xffffffaa]~[0xffffff9f][0xffffffd4]g[0xffffff97][0x3][0xffffff9f][0xffffffa8][0x1a][0x1][0x13]U[0xffffffc3][0xffffffec][0xffffffa8][0x14][0x6][0x1c][0xffffff9b][0xffffffa8][0x1a][0xffffffb2][0xffffff94]BR"d[0xffffffa2][0xffffffca][0x6][0xffffff92][0xffffffa1]D[0xffffffc0]D[0xffffff95][0xffffff84][0xffffffb3][0xffffff9a][0x12][0xffffffc1][0x13]U[0xffffffae]<YJ[0xffffffe4]MT[0xffffffb9]j[0xffffffe5]([0xffffff91]2Q[0xffffffa5][0xffffffc5][0xffffffbb]A[0x9]7Qu[0xffffffb4][0xffffff83][0xfffffffa]Vb[0xffffffe0][0x13]U#`[0xffffffa2]j[0xffffff98][0x1d][0xffffff95][0xffffffc2][0xffffff80]c[0x13]UC[0xffffff96]RHJ[0xffffff84]LT[0xffffffd9]@2[0xffffff94][0x8][0xffffff98][0xffffffa8][0xffffff92]pVS"x[0xffffffa2][0xffffffca][0xffffff95]'K[0xffffff89][0xffffffbc][0xffffff89]*W[0xffffffad][0x1c]%R&[0xffffffaa][0xffffffb4]x7([0xffffffe1]&[0xffffffaa][0xe]n[0xffffffed]r[0xffffffe0][0x13]U#`[0xffffffa2]j[0xffffff98][0x1d][0xffffff95][0xffffffc2][0xffffff80]c[0x13]UC[0xffffff96]RHJ[0xffffff84]LT[0xffffffd9]@2[0xffffff94][0x8][0xffffff98][0xffffffa8][0xffffff92]pVS"x[0xffffffa2][0xffffffca][0xffffff95]'K[0xffffff89][0xffffffbc][0xffffff89]*W[0xffffffad][0x1c]%R&[0xffffffaa][0xffffffb4]x7([0xffffffe1]&[0xffffffaa][0xffffff8e]~[0xffffff9e][0x14]%[0xfffffff0][0xffffff89][0xffffffaa][0x11]0Q5[0xffffffcc][0xffffff8e]Ja[0xffffffc0][0xffffffb1][0xffffff89][0xffffffaa]!K)$%B&[0xffffffaa]l [0x19]J[0x4]LTI8[0xffffffab])[0x11]<Q[0xffffffe5][0xffffffca][0xffffff93][0xffffffa5]D[0xffffffde]D[0xffffff95][0xffffffab]V[0xffffff8e][0x12])[0x13]UZ[0xffffffbc][0x1b][0xffffff94][0xffffffb8],%n[0xffffffec][[0xffffff89][0xb][0xffffffa7][0xffffffc4][0x15]@[0xffffff89]K[0xfffffff3]^[0x18][0xfffffff0][0xb][0xffffffa3][0xffffffc4][0xffffff95]D[0x9][0xffffff8d]"C[0x9][0x17]H[0xffffff86][0x12][0x1a][0xffffffcb]zJ[0xffffffac][0xffffffe1][0xffffffac][0xffffffa6][0xffffffc4][0x1a][0xffffffd1]$J[0xffffff98][0xfffffff2]d)a[0xffffffbb][0xffffff94][0xffffffa5][0xffffff84][0xffffffa9]V[0xffffff8e][0x12][0xffffffd2][0xffffffb4][0x14]%[0xffffffa4]x7([0xffffffe1][0xffffffd6].[0xffffff8f][0xffffffa3]u[0xffffff8a][0x12][0xfffffff8][0xffffffda][0xffffffe5][0x8]X[0xffffffbb][0x1c]f[0xffffff92][0xffffffad]0[0xffffffe0][0xffffffd8][0xffffffda][0xffffffe5][0xffffff90][0xffffffd1]5[0xffffff92][0x12]!k[0xffffff97]6[0xffffff90][0xc]%[0x2][0xffffffd6].%[0xffffff9c][0xffffffd5][0xffffff94][0x8]^[0xffffffbb]t[0xffffffe5][0xffffffc9]R"o[0xffffffed][0xffffffd2]U+G[0xffffff89][0xffffff94][0xffffffb5]K-[0xffffffde][\r]J[0xffffffb8][0xffffffb5][0xffffffcb][0xffffffe3][0xffffffc4][0xffffffae][0xfffffff3][0x1a][0xfffffff8][0xffffffda][0xffffffe5][0x8]X[0xffffffbb][0x1c]f[0xffffff92][0xffffffad]0[0xffffffe0][0xffffffd8][0xffffffda][0xffffffe5][0xffffff90][0xffffffd1]5[0xffffff92][0x12]!k[0xffffff97]6[0xffffff90][0xc]%[0x2][0xffffffd6].%[0xffffff9c][0xffffffd5][0xffffff94][0x8]^[0xffffffbb]t[0xffffffe5][0xffffffc9]R"o[0xffffffed][0xffffffd2]U+G[0xffffff89][0xffffff94][0xffffffb5]K-[0xffffffde][\r]J[0xffffffb8][0xffffffb5][0xffffffcb][0xffffffe3][0x19][0xffffffd8]g[0xffffff97][0xfffffff8][0xffffffda][0xffffffe5][0x8]X[0xffffffbb][0x1c]f[0xffffff92][0xffffffad]0[0xffffffe0][0xffffffd8][0xffffffda][0xffffffe5][0xffffff90][0xffffffd1]5[0xffffff92][0x12]!k[0xffffff97]6[0xffffff90][0xc]%[0x2][0xffffffd6].%[0xffffff9c][0xffffffd5][0xffffff94][0x8]^[0xffffffbb]t[0xffffffe5][0xffffffc9]R"o[0xffffffed][0xffffffd2]U+G[0xffffff89][0xffffff94][0xffffffb5]K-[0xffffffde]-J[0xffffff8c]0J[0xc][0xffffff9c][0x12]#[0xffffff80][0x12][0x3][0xffffffa5][0xffffffc4][0xffffffc0](1[0xffffff92]([0xffffffb1]F[0xffffff91][0xffffffa2][0xffffff84][0x6][0xffffff92][0xffffffa2][0xffffffc4][0x1a]K[0xffffff82][0x12][0x3][0xffffffa6][0xffffffc4][0x8][0xffffffa6][0xffffff84][0xffffff94]'M[0x9][0xffffffd3][0xffffffa5]4%[0xffffffa4]ZIJ[0xffffff8c][0x14]J[0xffffff8c][0xffffffff][0xffffff80][0x12]3[0xffffff8c][0x12][0x13][0xffffffa7][0xffffffc4][0xc][0xffffffa0][0xffffffc4]D)11J[0xffffffcc]$J[0xffffffac]Q[0xffffffa4]([0xffffffa1][0xffffff81][0xffffffa4]([0xffffffb1][0xffffffc6][0xffffff92][0xffffffa0][0xffffffc4][0xffffff84])1[0xffffff83])![0xffffffe5]IS[0xffffffc2]t)M[0x9][0xffffffa9]V[0xffffff92][0x12]3[0xffffff85][0x12][0xfffffff3]?[0xffffffa0][0xffffffc4][0xffffffe7]'[0xffffff96]I[0xffffff96]h[0x1d][0xffffffc7][0xffffffc4][0xffffffc7]#[0xfffffff0][0xffffff9a][0xfffffff8][0xfffffff9][0x10][0x14]'>~[0xffffff9e][0xfffffff2][0xffffffc4][0xffffffd7]O[0xffffffa7][0xffffff80]B[0xfffffff2]H[0xffffff89][0xffffffc2][0xffffffa4][0xffffff92]"[0xffffff85]d[0xffffff93]0[0xffffffc5][0xffffff92][0xffffffd0]zT,9[0xffffffcd]R[0xffffff85][0xffffffd6]([0xffffffcd][\n]"
18:17:44.699 [TestNG-tests-2] DEBUG org.apache.hc.client5.http.wire - http-outgoing-2 << "[0xffffffd7][0xffffffaa][0xffffffb4]+[0xffffffb4]dIX[0xffffffac][0xffffff9d][0xffffffcb][0xffffffc9]b[0xffffffad][0xffffffe0]-Z[0xfffffff4]4Zt[0xffffff9e][0x16]=[0xffffff81][0x16][0xffffff9d][0xffffffa5]E[0xffffffe7]h[0xffffffd1][0xffffffa3]h!y[0xffffffa4]haRI[0xffffffd1]B[0xffffffb2]I[0xffffffd0][0xffffffa2][0xffffffd3][0xffffffb4][0xffffffe8][0xffffffc9][0xffffffb4][0xffffffd0][0x1a][0xffffffa5]i[0xffffffe1]Z[0xffffff95][0xffffffa6][0xffffff85][0xffffff96],I[0xffffff8b][0xffffffb5]s9Z[0xffffffac][0x15][0xffffffbc]G[0xffffff8b][0xffffffb4][0xffffffbf][0xffffff80]t[0xfffffffe]O =[0xffffffe1]o [0xffffff9d][0xfffffffd]#H[0xffffffe7][0xfffffffe][\n]"
18:17:44.699 [TestNG-tests-2] DEBUG org.apache.hc.client5.http.wire - http-outgoing-2 << "[0xffffffd2][0xffffffa3][0xfffffffe][0xc]"y[0xffffffc4]h[0xffffff91][0xfffffff3][0xffffff87][0x10][0xffffffc9]&B[0xb][0xfffffffa]O!=[0xfffffff9]o!Z[0xffffffa3]8-[0x2][0xffffffff][0x1a][0xffffffa2]%[0xffffff8b][0xffffffd2]"[0xffffffe6][0xffffffef]!k[0x5]o[0xffffffd1][0xffffffe2]L{kq[0xfffffff2]o-[0xffffffce][0xffffff84][0xffffffb7][0x16]'[0xfffffffb][0xffffffd6][0xffffffe2][0xffffffe4][0xffffffde]Z[0xffffff9c]Qo-$[0xffffff8f][0x14]-L*)ZH6[0x9]Z[0xffffff9c][0xfffffff4][[0xffffff8b]3[0xfffffff9][0xffffffad][0xffffff85][0xffffffd6](M[0xb][0xffffffd7][0xffffffaa]4-[0xffffffb4]dIZ[0xffffffac][0xffffff9d][0xffffffcb][0xffffffd1]b[0xffffffad][0xffffffe0]-Z\O[0x18]-[0xffffffae][0x7][0xffffffa7][0xffffffc5][0xffffffc7]#[0xfffffff0][0xffffffb4][0xfffffff8][0xfffffff9][0x10][0x14]->~[0xffffff9e][0xffffffa2][0xffffffc5][0xffffffd7]O[0xffffffa7][0xffffffd0]B[0xfffffff2]H[0xffffffd1][0xffffffc2][0xffffffa4][0xffffff92][0xffffffa2][0xffffff85]d[0xffffff93][0xffffffa0][0xffffffc5][0xffffff92][0xffffffd0]zZ,9[0xffffffcd][0xffffffa2][0xffffff85][0xffffffd6](M[0xb][0xffffffd7][0xffffffaa]4-[0xffffffb4]dIZ[0xffffffac][0xffffff9d][0xffffffcb][0xffffffd1]b[0xffffffad][0xffffffe0]-Z[0xffffffdc]iC[0x15]7[0xffffffbf]T[0xfffffff1][0xfffffff1][0x8]<-~>[0x4]E[0xffffff8b][0xffffff9b][0x1b][0xffffffab][0xffffffb8][0xffffffa3][0xffffffd6]*$[0xffffff8f][0x14]-L*)"
18:17:44.700 [TestNG-tests-2] DEBUG org.apache.hc.client5.http.wire - http-outgoing-2 << "ZH6[0x9]Z[0xffffffdc][0xfffffff4]b[0xffffffc5][0xffffff9d]<Y[0xffffffa1]5J[0xffffffd3][0xffffffc2][0xffffffb5]*M[0xb]-Y[0xffffff92][0x16]k[0xffffffe7]r[0xffffffb4]X+x[0xffffff8f][0x16]-[0xffffff8d][0x16][0xffffff8d][0xffffffa7]EK[0xffffffa0]Eci[0xffffffd1]8Z[0xffffffb4](Z[0xffffffac]y[0xffffffc4]h[0xffffffa1][0xffffffa9][0xffffffc4]h[0xffffffb1]f[0x13][0xffffffa1]E[0xffffffa3]i[0xffffffd1][0xffffff92]i!5[0xffffff8a][0xffffffd3][0xffffffc2][0xffffffb4]*N[0xb])Y[0xffffff94][0x16]-[0xffffff86][0x16][0xffffffed]?[0xffffffa0][0xffffffc5][0xffffff93][0xfffffff6][0x19][0xffffffe7][0xffffffc3][0x7f][0xffffffc6][0xfffffff9]$|[0xffffffc6][0xfffffff9][0xffffffb0][0xffffff9f]q>[0xffffffdc]g[0xffffff9c]O[0xffffffd4]g[0xffffff9c][0xffffff92]G[0xffffff8a][0x16]&[0xffffff95][0x14]-$[0xffffff9b][0x4]-[0x1e][0xfffffffa]3[0xffffffce]'[0xfffffff9]3N[0xffffffad]Q[0xffffff9a][0x16][0xffffffae]UiZh[0xffffffc9][0xffffff92][0xffffffb4]X;[0xffffff97][0xffffffa3][0xffffffc5]Z[0xffffffc1][[0xffffffb4][0xffffff98]io-&[0xffffffff][0xffffffd6]b&[0xffffffbc][0xffffffb5][0xffffff98][0xffffffec][[0xffffff8b][0xffffffc9][0xffffffbd][0xffffffb5][0xffffff98]Qo-$[0xffffff8f][0x14]-L*)ZH6[0x9]ZL[0xfffffffa][0xffffffad][0xffffffc5]L~k[0xffffffa1]5J[0xffffffd3][0xffffffc2][0xffffffb5]*M[0xb]-Y[0xffffff92][0x16]k[0xffffffe7]r[0xffffffb4]X+x[0xffffff8b][0x16][0xffffffed][0xffffff95][0xfffffff6][0xffffffb1][0xffffffc5][0xffffffc7][0x13][0xffffffe1][0xffffffb8][0xfffffff8][0xfffffff1][0xc][0xffffffbc].[0xfffffffe]y[\n]"
18:17:44.700 [TestNG-tests-2] DEBUG org.apache.hc.client5.http.wire - http-outgoing-2 << "[0xffffff8a][0x17]?~[0xffffff9f][0xfffffff2][0xffffffc5][0xffffffcf][0xffffffdf]N[0x1][0xffffff86][0xffffff86][0xffffff92][0x12][0xffffff86][0xffffff8b]&E[0xc][\r](a[0xffffff8c]5[0xffffffa6][0xfffffff5][0xffffffc8]X[0xffffffc3][0xffffff9a][0xffffffa5][0xc]S[0xffffffa8]43l[0xffffffbf][0xffffffd2][0xffffffce]0uKBC[0xffffffda][0xffffff97][0xffffff93][0xffffff86][0xffffff94][0xfffffff1]_P[0xffffffe3]x}[0xfffffffd]+[0xffffffd3]\?v^g[0xffffffab][0xffffff86][0xffffffc6][0x1f][0xffffffcf][0x3]1[0xffffffe3][0xffffffcf]'[0xffffffa0][0xffffff90][0xffffffb1]>C-1[0xfffffffe][0xfffffffc][0xfffffff5]Z`,[0xffffffbf][0xffffffcc][0xfffffff2][0xffffffe2]}[0x14]kq[0xfffffff1]o[0xffffff81][0xffffffac][0xffffffa5][0xffffffc5][0xfffffffb]X[0xffffffd6][0xffffffc1][0xffffffe2]]8[0xffffffab]X[0xfffffff1].[0xffffffa2][0x9][0xffffffa8][0xfffffff8][0xffffff97][0xfffffff2]dH[0xfffffff1][0xffffffaf]][0xffffffca][0xffffff80][0xffffffe2]_[0xffffffaa][0xffffffb5][0xffffff9e][0x13]o[0xffffff9b][0xffffffb6][0x1a][0x13]o[0xffffff8b]w[0xffffff8b][0x12]:k[0xffffffc1]R[0xffffff82]Z[0xffffffb5][0xfffffff8][0xfffffff3][0x9]xJ[0x10][0xffffff9b][0x16][0x7f][0xfffffffe]:E[0xffffff89][0xffffff80]E[0xffffff8b][0xfffffff7]Q[0xffffffa4](A[0xffffffef]Y[0xffffffbc][0xffffff8f]%A[0x9]f[0xffffffcd][0xffffffe2]]D[0xffffffb3]([0x11][0xffffffb2]e[0xfffffff1][0xffffffaf]]JS"`[0xffffffc9][0xffffffe2]m[0xffffffd3]r[0xffffff94][0xffffffd8][0xffffffdf][0xffffffb1][0xfffffff8][0xfffffff9]o[0xffffffdc]/[0xfffffff7]V[0xffffffe2]>[0xe][0xffffff88][0x12]?[0xffffff9e][0xffffff87][0xffffffa5][0xffffffc4][0xffffffe7][0x13][0xffffffc0][0xffffff94][0xfffffff8][0xfffffff5][0xc][0x8]%>[0x7f][0x1d][0xffffffa1][0xffffffc4]?[0xffffffbf][0x1c]A[0x9][0x13]E[0xffffff84][0x12]6[0xffffff90][0x8]%L,[0xffffffcb])![0xffffffe1],[0xffffffa6][0xffffff84]D4[0xffffff88][0x12][0xffffffae]<QJ[0xfffffff8].E)[0xffffffe1][0xffffffaa][0x15][0xffffffa3][0xffffff84]6-D[0x9]-[0xffffffde][\r]J[0xffffffdc][0xffffff86][0x12][0xffffffe3][0xfffffff8][0xffffffdc][0xffffffb2]@(q[0xffffffe3][0xffffff94][0xffffffb8][0x3](qk[0xffffffde][0xb][0x3]~c[0xffffff94][0xffffffb8][0xffffff93]([0xffffffa1]Qd([0xffffffe1][0x2][0xffffffc9]PBcYO[0xffffff89]5[0xffffff9c][0xffffffd5][0xffffff94]X#[0xffffff9a]D[0x9]S[0xffffff9e],%l[0xffffff97][0xffffffb2][0xffffff94]0[0xffffffd5][0xffffffca]QB[0xffffff9a][0xffffff96][0xffffffa2][0xffffff84][0x14][0xffffffef][0x6]%[0x1e]G[0xffffff89][0xffffffb3][0xffffff9d][0x14]%[0x1e][0xffffff9c][0x12]O[0x0]%[0x1e][0xffffffcd]{a[0xffffffc0][0x1f][0xffffff8c][0x12]O[0x12]%4[0xffffff8a][0xc]%\ [0x19]Jh,[0xffffffeb])[0xffffffb1][0xffffff86][0xffffffb3][0xffffff9a][0x12]kD[0xffffff93](a[0xffffffca][0xffffff93][0xffffffa5][0xffffff84][0xffffffed]R[0xffffff96][0x12][0xffffffa6]Z9JH[0xffffffd3]R[0xffffff94][0xffffff90][0xffffffe2][0xfffffffd]{J</G[0xffffff89]1:D[0xffffff89][0x1f][0xffffffcf][0xffffffc3]R[0xffffffe2][0xfffffff3][0x9]`J[0xfffffffc]z[0x6][0xffffff84][0x12][0xffffff9f][0xffffffbf][0xffffff8e]P[0xffffffe2][0xffffff9f]_[0xffffff8e][0xffffffa0][0xffffff84][0xffffff89]"B[0x9][0x1b]H[0xffffff84][0x12]&[0xffffff96][0xffffffe5][0xffffff94][0xffffff90]p[0x16]SB"[0x1a]D[0x9]W[0xffffff9e](%|[0xffffff97][0xffffffa2][0xffffff94]p[0xffffffd5][0xffffff8a]QB[0xffffff9b][0x16][0xffffffa2][0xffffff84][0x16][0xffffffef][0x6]%[0xffffff9a][0xffffffa1][0xffffffc4][0xfffffffd][0xffffff9a][0xffffff83][0xffffffa2]D[0xffffffc3])[0xffffffd1][0x2]([0xffffffd1]4[0xffffffef][0xffffff85][0x1]o[0x18]%Z[0x12]%4[0xffffff8a][0xc]%\ [0x19]Jh,[0xffffffeb])[0xffffffb1][0xffffff86][0xffffffb3][0xffffff9a][0x12]kD[0xffffff93](a[0xffffffca][0xffffff93][0xffffffa5][0xffffff84][0xffffffed]R[0xffffff96][0x12][0xffffffa6]Z9JH[0xffffffd3]R[0xffffff94][0xffffff90][0xffffffe2][0xffffffdd][0xffffffa0]Dw[0xffffff94]8[0x1a][0xfffffff5][0xffffffad][0xffffffc4][0xffffff8f][0xffffffe7][0xffffff81])[0xffffffd1][0x3]([0xffffffd1]5[0xffffffef][0xffffff85][0x1][0xffffffef][0x18]%z[0x12]%4[0xffffff8a][0xc]%\ [0x19]Jh,[0xffffffeb])[0xffffffb1][0xffffff86][0xffffffb3][0xffffff9a][0x12]kD[0xffffff93](a[0xffffffca][0xffffff93][0xffffffa5][0xffffff84][0xffffffed]R[0xffffff96][0x12][0xffffffa6]Z9JH[0xffffffd3]R[0xffffff94][0xffffff90][0xffffffe2][0xffffffdd][0xffffffa2][0xffffff84][0x1e][0x6]e)[0x1][0x1f][0x6][0xfffffffd]|[0x2][0xffffff9e][0x12][0xffffffe0]a[0xffffffd0][0xffffffcf]_[0xffffffa7]([0xffffff91]s[0x18][0xffffffd4]D[0xffffff91][0xffffffa2]D[0xffffffc8]aP[0x13]K[0xffffff82][0x12][0xffffffe8]aP[0xffffff89]h[0x16]%[0xffffffb2][0xe][0xffffff83][0xfffffffa].[0xffffffa5])[0xffffff91]s[0x18]T[0xffffff9b][0xffffff96][0xffffffa3][0xffffffc4][0xffffffb7][0xf][0xffffff83]>[0xffffff87][0xffffffa3][0xffffffc4][0xffffffd5][0xffffffb1]o%[0xe][0xffffff9c][0x12]G[0x0]%[0xe][0xffffffcd]{a[0xffffffc0][0xf][0xffffff8c][0x12]G[0x12]%4[0xffffff8a][0xc]%\ [0x19]Jh,[0xffffffeb])[0xffffffb1][0xffffff86][0xffffffb3][0xffffff9a][0x12]kD[0xffffff93](a[0xffffffca][0xffffff93][0xffffffa5][0xffffff84][0xffffffed]R[0xffffff96][0x12][0xffffffa6]Z9JH[0xffffffd3]R[0xffffff94][0xffffff90][0xffffffe2][0xffffffdd][0xffffffa0][0xffffffc4][0xffffffe9][0xfffffffe][0xffffffc0]1[0x7][0xffffffb5]+[0xfffffff1][0xffffffe3]y`J[0xffffff9c][0x1][0x7f][0xffffffe0]8[0xfffffff5]-\a[0xffffffc0]O[0xffffffec][0xf][0x1c]g[0xffffffd2][0x1f]84[0xffffff8a][0xc]%\ [0x19]Jh,[0xffffffeb])[0xffffffb1][0xffffff86][0xffffffb3][0xffffff9a][0x12]kD[0xffffff93](a[0xffffffca][0xffffff93][0xffffffa5][0xffffff84][0xffffffed]R[0xffffff96][0x12][0xffffffa6]Z9JH[0xffffffd3]R[0xffffff94][0xffffff90][0xffffffe2][0xffffffdd][0xffffffa0][0xffffffc4]e([0xfffffff1][0x1c][0x13][0xffffffa3][0xffffffc4][0xffffff85]S[0xffffffe2][\n]"
18:17:44.700 [TestNG-tests-2] DEBUG org.apache.hc.client5.http.wire - http-outgoing-2 << "[0xffffffa0][0xffffffc4][0xffffffa5]y/[0xc][0xfffffff8][0xffffff85]Q[0xffffffe2]J[0xffffffa2][0xffffff84]F[0xffffff91][0xffffffa1][0xffffff84][0xb]$C[0x9][0xffffff8d]e=%[0xffffffd6]pVSb[0xffffff8d]h[0x12]%Ly[0xffffffb2][0xffffff94][0xffffffb0]][0xffffffca]R[0xffffffc2]T+G[0x9]iZ[0xffffff8a][0x12]R[0xffffffbc][0x1b][0xffffff94][0x18][0xffffffff]w*%[0xffffffae][0xffffff89][0xfffffffd][0xffffff81][0xffffffe3][0xffffffe3]y`J[0xfffffffc]x[0x2][0xffffff9a][0x12][0xffffffff]<[0x3]C[0xffffff89][0x1f][0xffffffbf][0xffffffce]P[0xffffffe2][0xffffffe7]/gPB[0xffffffa3][0xffffffc8]P[0xffffffc2][0x5][0xffffff92][0xffffffa1][0xffffff84][0xffffffc6][0xffffffb2][0xffffff9e][0x12]k8[0xffffffab])[0xffffffb1]F4[0xffffff89][0x12][0xffffffa6]<YJ[0xffffffd8].e)a[0xffffffaa][0xffffff95][0xffffffa3][0xffffff84]4-E[0x9])[0xffffffde][\r]J[0xffffffb8][0xffffffb5][0xffffffcb][0xfffffff9][0xffffffc2]&[0xffffffaa][0x1e]|[0xffffffed][0xfffffff2][0x9]X[0xffffffbb]|[0xffffffcc]$[a[0xffffffc0][0xffffffb1][0xffffffb5][0xffffffcb]GF[0xffffffd7]HJ[0xffffff84][0xffffffac]][0xffffffda]@2[0xffffff94][0x8]X[0xffffffbb][0xffffff94]pVS"x[0xffffffed][0xffffffd2][0xffffff95]'K[0xffffff89][0xffffffbc][0xffffffb5]KW[0xffffffad][0x1c]%R[0xffffffd6].[0xffffffb5]x7([0xffffffe1][0xffffffd6].g[0xffffffbb][0xffffffa8][0xffffffeb][0xffffffbc][0x1e]|[0xffffffed][0xfffffff2][0x9]X[0xffffffbb]|[0xffffffcc]$[a[0xffffffc0][0xffffffb1][0xffffffb5][0xffffffcb]GF[0xffffffd7]HJ[0xffffff84][0xffffffac]][0xffffffda]@2[0xffffff94][0x8]X[0xffffffbb][0xffffff94]pVS"x[0xffffffed][0xffffffd2][0xffffff95]'K[0xffffff89][0xffffffbc][0xffffffb5]KW[0xffffffad][0x1c]%R[0xffffffd6].[0xffffffb5]x7([0xffffffe1].[0x19][0xffffff9f][0xffffffd7][0xb]{+[0xffffff81]_2[0xfffffffe][0x4]\2[0xfffffffe][0xffffff98][0xffffff9b]p[0xb][0x3][0xffffff8e]]2[0xfffffffe][0xffffffc8]][0xffffffb7]$%B.[0x19][0xffffffb7][0xffffff81]d([0x11]p[0xffffffc9][0xffffffb8][0xffffff84][0xffffffb3][0xffffff9a][0x12][0xffffffc1][0xffffff97][0xffffff8c]"
18:17:44.933 [TestNG-tests-2] DEBUG org.apache.hc.client5.http.wire - http-outgoing-2 << "[0xffffffbb][0xfffffff2]d)[0xffffff91]w[0xffffffc9][0xffffffb8][0xffffffab]V[0xffffff8e][0x12])[0xffffff97][0xffffff8c]k[0xfffffff1][0xfffffffe]=%[0xffffffe6][0xffffffcb]RbPk[0xffffff97]?[0xffffff9e][0xffffff87][0xffffffa5][0xffffffc4][0xffffffe7][0x13][0xffffffc0][0xffffff94][0xfffffff8][0xfffffff5][0xc][0x8]%>[0x7f][0x1d][0xffffffa1][0xffffffc4]?[0xffffffbf][0x1c]A[0x9][0x13]E[0xffffff84][0x12]6[0xffffff90][0x8]%L,[0xffffffcb])![0xffffffe1],[0xffffffa6][0xffffff84]D4[0xffffff88][0x12][0xffffffae]<QJ[0xfffffff8].E)[0xffffffe1][0xffffffaa][0x15][0xffffffa3][0xffffff84]6-D[0x9]-[0xffffffde][\r]J[0xffffffb8][0xffffffb5][0xffffffcb]9[0xffffff8e][0xffffff8b][0xffffffa2][0x4][0xffffffbe]v9[0x3][0xffffffd6].[0xffffffa7][0xffffff99]d+[0xc]8[0xffffffb6]v9et[0xffffff8d][0xffffffa4]D[0xffffffc8][0xffffffda][0xffffffa5][\r]$C[0xffffff89][0xffffff80][0xffffffb5]K[0x9]g5%[0xffffff82][0xffffffd7].]y[0xffffffb2][0xffffff94][0xffffffc8][[0xffffffbb]t[0xffffffd5][0xffffffca]Q"e[0xffffffed]R[0xffffff8b]w[0xffffff83][0x12][0xffffff87][0xffffffa5][0xffffffc4][0xffffff83][0xffffffbd][0xffffff95]8pJ[0x1c][0x1][0xffffff94]84[0xffffffef][0xffffff85][0x1]?0J[0x1c]I[0xffffff94][0xffffffd0](2[0xffffff94]p[0xffffff81]d([0xffffffa1][0xffffffb1][0xffffffac][0xffffffa7][0xffffffc4][0x1a][0xffffffce]jJ[0xffffffac][0x11]M[0xffffffa2][0xffffff84])O[0xffffff96][0x12][0xffffffb6]KYJ[0xffffff98]j[0xffffffe5](!MKQB[0xffffff8a]w[0xffffff83][0x12]n[0xffffffa2]j>[0xfffffffd][0xffffffa1]([0xffffff81]OT[0xffffffcd][0xffffff80][0xffffff89][0xffffffaa]ivT[\n]"
18:17:44.934 [TestNG-tests-2] DEBUG org.apache.hc.client5.http.wire - http-outgoing-2 << "[0x3][0xffffff8e]MTMYJ!)[0x11]2Qe[0x3][0xffffffc9]P"`[0xffffffa2]J[0xffffffc2]YM[0xffffff89][0xffffffe0][0xffffff89]*W[0xffffff9e],%[0xfffffff2]&[0xffffffaa]\[0xffffffb5]r[0xffffff94]H[0xffffff99][0xffffffa8][0xffffffd2][0xffffffe2][0xffffffdd][0xffffffa0][0xffffff84][0xffffff9b][0xffffffa8][0xffffff9a][0xffffffdc][0xffffffda][0xffffffe5][0xffffffc4]'[0xffffffaa]f[0xffffffc0]D[0xffffffd5]4;*[0xffffff85][0x1][0xffffffc7]&[0xffffffaa][0xffffffa6],[0xffffffa5][0xffffff90][0xffffff94][0x8][0xffffff99][0xffffffa8][0xffffffb2][0xffffff81]d([0x11]0Q%[0xffffffe1][0xffffffac][0xffffffa6]D[0xfffffff0]D[0xffffff95]+O[0xffffff96][0x12]y[0x13]U[0xffffffae]Z9J[0xffffffa4]LTi[0xfffffff1]nPb(%[0xffffffae]W[0xffffffeb][0xffffffd4]a[0xffffffd0][0x1f][0xffffffcf][0x3]Sb[0x4]Pbh[0xffffffde][0xb][0x3]>0J[0xffffff8c]$Jh[0x14][0x19]J[0xffffffb8]@2[0xffffff94][0xffffffd0]X[0xffffffd6]Sb[\r]g5%[0xffffffd6][0xffffff88]&Q[0xffffffc2][0xffffff94]'K[0x9][0xffffffdb][0xffffffa5],%L[0xffffffb5]r[0xffffff94][0xffffff90][0xffffffa6][0xffffffa5](![0xffffffc5][0xffffffbb]A[0x9]3Qu[0xffffffbd][0xffffffae]sR[0xffffff94][0xffffffc0]'[0xffffffaa]f[0xffffffc0]D[0xffffffd5]4;*[0xffffff85][0x1][0xffffffc7]&[0xffffffaa][0xffffffa6],[0xffffffa5][0xffffff90][0xffffff94][0x8][0xffffff99][0xffffffa8][0xffffffb2][0xffffff81]d([0x11]0Q%[0xffffffe1][0xffffffac][0xffffffa6]D[0xfffffff0]D[0xffffff95]+O[0xffffff96][0x12]y[0x13]U[0xffffffae]Z9J[0xffffffa4]LTi[0xfffffff1]nP[0xffffffc2]LT][0xffffffaf][0xffffffbb]c'8[0xfffffff0][0xffffff89][0xffffffaa][0x19]0Q5[0xffffffcd][0xffffff8e]Ja[0xffffffc0][0xffffffb1][0xffffff89][0xffffffaa])K)$%B&[0xffffffaa]l [0x19]J[0x4]LTI8[0xffffffab])[0x11]<Q[0xffffffe5][0xffffffca][0xffffff93][0xffffffa5]D[0xffffffde]D[0xffffff95][0xffffffab]V[0xffffff8e][0x12])[0x13]UZ[0xffffffbc][0x1b][0xffffff94]0[0x13]UWk[0xfffffffd][0xffffffa6]([0xffffff81]OT[0xffffffcd][0xffffff80][0xffffff89][0xffffffaa]ivT[\n]"
18:17:44.934 [TestNG-tests-2] DEBUG org.apache.hc.client5.http.wire - http-outgoing-2 << "[0x3][0xffffff8e]MTMYJ!)[0x11]2Qe[0x3][0xffffffc9]P"`[0xffffffa2]J[0xffffffc2]YM[0xffffff89][0xffffffe0][0xffffff89]*W[0xffffff9e],%[0xfffffff2]&[0xffffffaa]\[0xffffffb5]r[0xffffff94]H[0xffffff99][0xffffffa8][0xffffffd2][0xffffffe2][0xffffffdd][0xffffffa2]D[0xf][0xffffffa3]D[0xffffffc7])[0xffffffd1][0x3]([0xffffffd1]QJt[0xffffff8c][0x12]=[0xffffff89][0x12]k[0x14])Jh )J[0xffffffac][0xffffffb1]$([0xffffffd1]aJ[0xfffffff4]`JHy[0xffffffd2][0xffffff94]0]JSB[0xffffffaa][0xffffff95][0xffffffa4]DO[0xffffffa1]D[0xffffffff][0xf](q[0xffffff84]Q[0xffffffe2][0xffffffc0])q[0x4]P[0xffffffe2]@)q`[0xffffff94]8[0xffffff92]([0xffffffb1]F[0xffffff91][0xffffffa2][0xffffff84][0x6][0xffffff92][0xffffffa2][0xffffffc4][0x1a]K[0xffffff82][0x12][0x7]L[0xffffff89]#[0xffffff98][0x12]R[0xffffff9e]4%L[0xffffff97][0xffffffd2][0xffffff94][0xffffff90]j%)q[0xffffffa4]P[0xffffffe2][0xfffffff8]&%[0xffffffee][0xffffffd7][0xffffffcb][0xfffffffd][0xffffff81][0xffffffe3]x[0xffffffa0][0x13][0x1c][0xffffff9f][0xffffffcf][0xffffff83]R[0xffffffe2][0xffffffeb][0x9]XJ[0xfffffffc]~[0x6][0xffffff82][0x12]_[0xffffffbf]NP[0xffffffe2][0xffffffd7]/'P[0xffffffc2]E[0xffffff91][0xffffffa0][0xffffff84][0xf]$A[0x9][0x17][0xffffffcb]jJh8k)[0xffffffa1][0x11][0xffffffcd][0xffffffa1][0xffffff84]-O[0xffffff92][0x12]o[0xffffffba][0xffffff94][0xffffffa4][0xffffff84][0xffffffad]V[0xffffff8a][0x12][0xffffffa6]i[0x19]J[0xffffff98][0xffffffe2][0xffffffdd][0xffffffa0]Ds[0xffffff94]x[0xffffffa8][0xffffffcf].?[0xffffff9f][0x7][0xffffffa6]D[0xb][0xffffffa0]D[0xffffffd3][0xffffffbc][0x17][0x6][0xffffffbc]a[0xffffff94]hI[0xffffff94][0xffffffd0](2[0xffffff94]p[0xffffff81]d([0xffffffa1][0xffffffb1][0xffffffac][0xffffffa7][0xffffffc4][0x1a][0xffffffce]jJ[0xffffffac][0x11]M[0xffffffa2][0xffffff84])O[0xffffff96][0x12][0xffffffb6]KYJ[0xffffff98]j[0xffffffe5](!MKQB[0xffffff8a]w[0xffffff83][0x12][0xffffffe6][0xe][0xffffff8e][0xffffffab]Mj[0xffffffed][0xfffffff2][0xfffffff3]y`J[0xfffffff0]wp[0xfffffffc]~[0x6][0xffffff86][0x12][0xffffffd4][0x1d][0x1c][0xffffffbf]~9[0xffffff83][0x12][0x19]wp[0xfffffff8]@2[0xffffff94][0xffffffe0][0xffffffef][0xffffffe0][0xffffffd0]pVS"[0xfffffff7][0xe][0xe][[0xffffff9e],%[0xffffffe2][0xffffffee][0xffffffe0][0xffffffb0][0xffffffd5][0xffffffca]Q"[0xffffffe4][0xe][0xe]S[0xffffffbc][0x1b][0xffffff94]0wp\[0xfffffffd][0xffffff98]'E[0x9][0xfffffffa][0xe][0xffffff8e][0xffffffaf]'[0xffffffa0])A[0xffffffde][0xffffffc1][0xfffffff1][0xfffffff5][0xffffffeb][0xc]%[0xffffff82][0xffffffee][0xffffffe0]pQd([0xffffff91]r[0x7][0xffffff87][0xffffff8b]e=%[0xffffffd8];84[0xffffffa2]I[0xffffff94][0x8][0xffffffbb][0xffffff83][0xffffffe3]M[0xffffff97][0xffffffb2][0xffffff94][0x8][0xffffffba][0xffffff83][0xffffffc3]4-E[0xffffff89][0xffffffef][0xffffffdf][0xffffffc1]q[0xffffffbf][0xffffffcc][0x1d][0x1c]W?[0xf][0xffffffe8][0xffffffb3][0xffffffcb][0xffffffcf][0xffffffe7][0xffffff81])[0xffffffc1][0xffffffdf][0xffffffc1][0xfffffff1][0xfffffffb][0x19][0x18]JPwp[0xfffffffc][0xfffffffa][0xffffffe5][0xc]Jd[0xffffffdc][0xffffffc1][0xffffffe1][0x3][0xffffffc9]P[0xffffff82][0xffffffbf][0xffffff83]C[0xffffffc3]YM[0xffffff89][0xffffffdc];8ly[0xffffffb2][0xffffff94][0xffffff88][0xffffffbb][0xffffff83][0xffffffc3]V+G[0xffffff89][0xffffff90];8L[0xfffffff1]nP[0xffffffc2][0xffffffdc][0xffffffc1][0xfffffff1]A[0xffffff89][0x1b][0xfffffffb]V[0xffffff82][0xffffffbe][0xffffff83][0xffffffe3][0xffffffeb][0x9]hJ[0xffffff90]wp|[0xfffffffd]:C[0xffffff89][0xffffffa0];8\[0x14][0x19]J[0xffffffa4][0xffffffdc][0xffffffc1][0xffffffe1]bYO[0x9][0xfffffff6][0xe][0xe][0xffffff8d]h[0x12]%[0xffffffc2][0xffffffee][0xffffffe0]x[0xffffffd3][0xffffffa5],%[0xffffff82][0xffffffee][0xffffffe0]0MKQ[0xffffffe2][0xfffffffb]wp[0xffffffdc]/w[0x7]G?'[0xfffffff6][0xffffffad][0x4]}[0x7][0xffffffc7][0xffffffd7][0x13][0xffffffd0][0xffffff94] [0xffffffef][0xffffffe0][0xfffffff8][0xfffffffa]u[0xffffff86][0x12]Awp[0xffffffb8](2[0xffffff94]H[0xffffffb9][0xffffff83][0xffffffc3][0xffffffc5][0xffffffb2][0xffffff9e][0x12][0xffffffec][0x1d][0x1c][0x1a][0xffffffd1]$J[0xffffff84][0xffffffdd][0xffffffc1][0xfffffff1][0xffffffa6]KYJ[0x4][0xffffffdd][0xffffffc1]a[0xffffff9a][0xffffff96][0xffffffa2][0xffffffc4][0xfffffff7][0xffffffef][0xffffffe0][0xffffffb8]_[0xffffffee][0xe][0xffffff8e]~[0xffffff9d][0xffffffd0][0xffffffcd][0xffffffa0][0xffffff9f][0xffffffcf][0x3]S[0xffffff82][0xffffffbf][0xffffff83][0xffffffe3][0xfffffff7]30[0xffffff94][0xffffffa0][0xffffffee][0xffffffe0][0xfffffff8][0xfffffff5][0xffffffcb][0x19][0xffffff94][0xffffffc8][0xffffffb8][0xffffff83][0xffffffc3][0x7][0xffffff92][0xffffffa1][0x4][0x7f][0x7][0xffffff87][0xffffff86][0xffffffb3][0xffffff9a][0x12][0xffffffb9]wp[0xffffffd8][0xfffffff2]d)[0x11]w[0x7][0xffffff87][0xffffffad]V[0xffffff8e][0x12]!wp[0xffffff98][0xffffffe2][0xffffffdd][0xffffffa0][0xffffff84][0xffffffbb][0xffffff83][0xffffffa3][0xffffff8f][0xffffffd9])J[0xffffffd0]wp|=[0x1]M[0x9][0xfffffff2][0xe][0xffffff8e][0xffffffaf]_g([0x11]t[0x7][0xffffff87][0xffffff8b]"C[0xffffff89][0xffffff94];8\,[0xffffffeb])[0xffffffc1][0xffffffde][0xffffffc1][0xffffffa1][0x11]M[0xffffffa2]D[0xffffffd8][0x1d][0x1c]o[0xffffffba][0xffffff94][0xffffffa5]D[0xffffffd0][0x1d][0x1c][0xffffffa6]i)J|[0xffffffff][0xe][0xffffff8e][0xfffffffb][0xffffffe5][0xffffffee][0xffffffe0]8^[0x3][0xfffffffb][0xffffffec][0xffffff92][0xffffffbe][0xffffff83][0xffffffe3][0xffffffeb][0x9]hJ[0xffffff90]wp|[0xfffffffd]:C[0xffffff89][0xffffffa0];8\[0x14][0x19]J[0xffffffa4][0xffffffdc][0xffffffc1][0xffffffe1]bYO[0x9][0xfffffff6][0xe][0xe][0xffffff8d]h[0x12]%[0xffffffc2][0xffffffee]"
18:17:44.987 [TestNG-tests-2] DEBUG org.apache.hc.client5.http.wire - http-outgoing-2 << "[0xffffffe0]x[0xffffffd3][0xffffffa5],%[0xffffff82][0xffffffee][0xffffffe0]0MKQ[0xffffffe2][0xfffffffb]wp[0xffffffdc][0xffffffed][0xffffffe5]([0xffffffd1][0xffffffef][0x13][0xffffffa2][0xffffffc4][0xffffff8f][0xffffffe7]a)[0xfffffff1][0xfffffff9][0x4]0%~=[0x3]B[0xffffff89][0xffffffcf]_G([0xfffffff1][0xffffffcf]/GP[0xffffffc2]D[0x11][0xffffffa1][0xffffff84][\r]$B[0x9][0x13][0xffffffcb]rJH8[0xffffff8b])![0x11][\r][0xffffffa2][0xffffff84]+O[0xffffff94][0x12][0xffffffbe]KQJ[0xffffffb8]j[0xffffffc5]([0xffffffa1]M[0xb]QB[0xffffff8b]w[0xffffff83][0x12]nW[0xffffffe2]l[0xffffff83][0x1a][0xffffffce]n[0xfffffff8][0xffffffae]D[0xb][0xffffffd8][0xffffff95]h[0xffffffe6][0xfffffff0]sa[0xffffffc0][0xffffffb1]][0xffffff89]&[0xffffffc7][0xffffff9b]IJ[0xffffff84][0xffffffec]J[0xffffffd8]@2[0xffffff94][0x8][0xffffffd8][0xffffff95][0xffffff90]pVS"xW[0xffffffc2][0xffffff95]'K[0xffffff89][0xffffffbc]][0x9]W[0xffffffad][0x1c]%Rv%[0xffffffb4]x7([0xffffffe1]v%[0xffffffce][0xffffffe3][0xffffffa1][0xfffffffe][0xffffffc0][0xffffffd1][0xfffffff0]][0xffffff89][0x16][0xffffffb0]+[0xffffffd1][0xffffffcc][0xffffffe1][0xffffffe7][0xffffffc2][0xffffff80]c[0xffffffbb][0x12]M[0xffffff8e]7[0xffffff93][0xffffff94][0x8][0xffffffd9][0xffffff95][0xffffffb0][0xffffff81]d([0x11][0xffffffb0]+![0xffffffe1][0xffffffac][0xffffffa6]D[0xfffffff0][0xffffffae][0xffffff84]+O[0xffffff96][0x12]y[0xffffffbb][0x12][0xffffffae]Z9J[0xffffffa4][0xffffffec]Jh[0xfffffff1]nP[0xffffffc2][0xffffffed]J[0xffffff9c][0xffffff83][0xffffffa3][0x4][0xffffffbe]+[0xffffffd1][0x2]v%[0xffffff9a]9[0xfffffffc]\[0x18]plW[0xffffffa2][0xffffffc9][0xfffffff1]f[0xffffff92][0x12]![0xffffffbb][0x12]6[0xffffff90][0xc]%[0x2]v%$[0xffffff9c][0xffffffd5][0xffffff94][0x8][0xffffffde][0xffffff95]p[0xffffffe5][0xffffffc9]R"oW[0xffffffc2]U+G[0xffffff89][0xffffff94]][0x9]-[0xffffffde][\r]J[0xffffffb8][0xffffffcf].[0xffffffaf][0xffffffd1][0xffffffa9][0xffffffc3][0xffffffa0][\r][0xffffffff][0xffffffec][0xffffffb2][0x5]|v[0xffffffd9][0xffffffcc][0xffffffb7]A[0xffffff85][0x1][0xffffffc7]>[0xffffffbb]l[0xfffffff2][0xfffffff5][0xf]I[0xffffff89][0xffffff90][0xffffffcf].m [0x19]J[0x4]|v)[0xffffffe1][0xffffffac][0xffffffa6]D[0xfffffff0]g[0xffffff97][0xffffffae]<YJ[0xffffffe4]}v[0xffffffe9][0xffffffaa][0xffffff95][0xffffffa3]D[0xffffffca]g[0xffffff97]Z[0xffffffbc][0x7f]O[0xffffff89][0xfffffffe][0xffffffb2][0xffffff94][0xffffffc0]v%~<[0xf]K[0xffffff89][0xffffffcf]'[0xffffff80])[0xfffffff1][0xffffffeb][0x19][0x10]J|[0xfffffffe]:B[0xffffff89][0x7f]~9[0xffffff82][0x12]&[0xffffff8a][0x8]%l [0x11]J[0xffffff98]X[0xffffff96]SB[0xffffffc2]YL[0x9][0xffffff89]h[0x10]%\y[0xffffffa2][0xffffff94][0xfffffff0]][0xffffff8a]R[0xffffffc2]U+F[0x9]mZ[0xffffff88][0x12]Z[0xffffffbc][0x1b][0xffffff94]p7[0xffffff83]^O?)J[0xffffffe0]7[0xffffff83][0xfffffff6][0xffffff80][0xffffff9b]A[0xffffffbb][0xffffffb9][0xffffffbe][0xffffffae]0[0xffffffe0][0xffffffd8][0xffffffcd][0xffffffa0]].[0xffffffa8]#)[0x11]r3[0xffffffa8][\r]$C[0xffffff89][0xffffff80][0xffffff9b]A%[0xffffff9c][0xffffffd5][0xffffff94][0x8][0xffffffbe][0x19][0xffffffd4][0xffffff95]'K[0xffffff89][0xffffffbc][0xffffff9b]A][0xffffffb5]r[0xffffff94]H[0xffffffb9][0x19]T[0xffffff8b]w[0xffffff83][0x12][0xffffffc7][0xffffffff][0xffffff9d]B[0xffffff89][0xfffffff1]j[0xffffffd8][[0xffffff89][0xffffff8f][0xffffffe7][0xffffff81])[0xfffffff1][0xffffffe3][0x9]hJ[0xfffffffc][0xfffffff3][0xc][0xc]%~[0xfffffffc]:C[0xffffff89][0xffffff9f][0xffffffbf][0xffffff9c]A[0x9][0xffffff8d]"C[0x9][0x17]H[0xffffff86][0x12][0x1a][0xffffffcb]zJ[0xffffffac][0xffffffe1][0xffffffac][0xffffffa6][0xffffffc4][0x1a][0xffffffd1]$J[0xffffff98][0xfffffff2]d)a[0xffffffbb][0xffffff94][0xffffffa5][0xffffff84][0xffffffa9]V[0xffffff8e][0x12][0xffffffd2][0xffffffb4][0x14]%[0xffffffa4]x[0xffffffb7](1[0xffffffc2](1pJ[0xffffff8c][0x0]J[0xc][0xffffff94][0x12][0x3][0xffffffa3][0xffffffc4]H[0xffffffa2][0xffffffc4][0x1a]E[0xffffff8a][0x12][0x1a]H[0xffffff8a][0x12]k,[0x9]J[0xc][0xffffff98][0x12]#[0xffffff98][0x12]R[0xffffff9e]4%L[0xffffff97][0xffffffd2][0xffffff94][0xffffff90]j%)1R(1[0xfffffffe][0x3]J[0xffffffb4][0x19]f[0xffffff89]6qL|<[0x2][0xffffffaf][0xffffff89][0xffffff9f][0xf]Aq[0xffffffe2][0xffffffe3][0xffffffe7])O|[0xfffffffd]t[\n]"
18:17:44.988 [TestNG-tests-2] DEBUG org.apache.hc.client5.http.wire - http-outgoing-2 << "($[0xffffff8f][0xffffff94](L*)RH6[0x9]S,[0x9][0xffffffad]G[0xffffffc5][0xffffff92][0xffffffd3],Uh[0xffffff8d][0xffffffd2][0xffffffac]p[0xffffffad]J[0xffffffbb]BK[0xffffff96][0xffffff84][0xffffffc5][0xffffffda][0xffffffb9][0xffffff9c],[0xffffffd6][\n]"
18:17:44.988 [TestNG-tests-2] DEBUG org.apache.hc.client5.http.wire - http-outgoing-2 << "[0xffffffde][0xffffffa2][0xffffffc5][0xffffffd1][0xffffffc2]hq4[0xffffff9c][0x16][0x1f][0xffffff8f][0xffffffc0][0xffffffd3][0xffffffe2][0xffffffe7]CP[0xffffffb4][0xfffffff8][0xfffffff8]y[0xffffff8a][0x16]_?[0xffffff9d]B[0xb][0xffffffc9]#E[0xb][0xffffff93]J[0xffffff8a][0x16][0xffffff92]M[0xffffff82][0x16]KB[0xffffffeb]i[0xffffffb1][0xffffffe4]4[0xffffff8b][0x16]Z[0xffffffa3]4-\[0xffffffab][0xffffffd2][0xffffffb4][0xffffffd0][0xffffff92]%i[0xffffffb1]v.G[0xffffff8b][0xffffffb5][0xffffff82][0xffffffb7]hq[0xffffff9e]a[0xffffffb4]8[0x3][0xffffffbe][0xffffffa6][0xffffff88][0xfffffff8][0xffffff9c][0x2][0xfffffffe][0xffffff9e][0x2][0xfffffffc][0xffffffa0]"[0xffffffeb][0xffffff8b][0xffffff8a][0xffffff98]O*[0xffffff82][0xffffffbe][0xffffffa9][0xffffff88][0xfffffff8][0xffffffa8][0x2][0xffffffff][0xffffffaa]"[0xfffffffa][0xffffffb3][0xffffff8a][0xffffffbc][0xffffffef]*[0x12]?[0xffffffac][0xffffffc8][0xfffffffa][0xffffffb2]"[0xffffffe7][0xffffffd3][0xffffff8a][0xffffffff][0xffffffe2][0xffffffdb][0xffffff8a][0xffffffeb][0x9][0xffffffa3][0xffffffc5][0xfffffff5][0xffffffe0][0xffffffb4][0xfffffff8]x[0x4][0xffffff9e][0x16]?[0x1f][0xffffff82][0xffffffa2][0xffffffc5][0xffffffc7][0xffffffcf]S[0xffffffb4][0xfffffff8][0xfffffffa][0xffffffe9][0x14]ZH[0x1e])Z[0xffffff98]TR[0xffffffb4][0xffffff90]l[0x12][0xffffffb4]X[0x12]ZO[0xffffff8b]%[0xffffffa7]Y[0xffffffb4][0xffffffd0][0x1a][0xffffffa5]i[0xffffffe1]Z[0xffffff95][0xffffffa6][0xffffff85][0xffffff96],I[0xffffff8b][0xffffffb5]s9Z[0xffffffac][0x15][0xffffffbc]E[0xffffff8b][0xffffff91][0xfffffff6][0xffffffad][0xffffffc5][0xffffffe0][0xffffffbf][0xffffffb5][0x18][0x9][0xffffffdf]Z[0xc][0xfffffff6][[0xffffff8b][0xffffffc1]}k1[0xffffffa2][0xffffffbe][0xffffffb5][0xffffff90]<R[0xffffffb4]0[0xffffffa9][0xffffffa4]h![0xffffffd9]$h1[0xffffffe8]o-F[0xfffffff2][0xffffffb7][0x16]Z[0xffffffa3]4-\[0xffffffab][0xffffffd2][0xffffffb4][0xffffffd0][0xffffff92]%i[0xffffffb1]v.G[0xffffff8b][0xffffffb5][0xffffff82][0xffffffb7]h1[0xffffffd3][0xffffffbe][0xffffffb5][0xffffff98][0xfffffffc][0xffffffb7][0x16]3[0xffffffe1][[0xffffff8b][0xffffffc9]~k1[0xffffffb9]o-f[0xffffffd4][0xffffffb7][0x16][0xffffff92]G[0xffffff8a][0x16]&[0xffffff95][0x14]-$[0xffffff9b][0x4]-&[0xfffffffd][0xffffffad][0xffffffc5]L[0xfffffffe][0xffffffd6]Bk[0xffffff94][0xffffffa6][0xffffff85]kU[0xffffff9a][0x16]Z[0xffffffb2]$-[0xffffffd6][0xffffffce][0xffffffe5]h[0xffffffb1]V[0xfffffff0][0xffffffdf][0xffffffd0][0xffffffa2]}[0xfffffffd]#[0xffffffee][0xffffffba][0xffffffb0]q[0xffffffbf]z[0xffffffb9],~?[0xf][0x5][0xffffff8b]?[0xffffff9e][0x0]s[0xffffffc5][0xfffffff2][0xc][0xffffffc5][0xffffffac][0xfffffff8][0xffffffe3][0xffffffd7][0xffffff8b]U[0xfffffff1][0xffffffbf][0xffffffbf][0xc][0xffffffa3][0xffffffe2]m[0x14][0xffffff8b]M[0xfffffff1]/[0xffffff81],&[0xffffffc5][0xffffffdb]X[0x16][0xffffff8a][0xffffffe2]M8[0xffffffcb]@[0xfffffff1]&[0xffffffa2][0x11][0xffffff9e]x_[0xffffff9e][0x10]'[0xfffffffe][0xffffffad]K!M[0xffffffbc][0xffffffaf]V[0x0][0x13][0xffffffef][0xffffff9a][0xffffffb6][0xffffffdc][0x12][0xffffffef][0xffffff8a]w[0xffffff83][0x12][0xffffffee][0xffffffba][0xffffffb0]1[0xffffffe7]CQ[0x2][0xffffffbc].[0xffffffec][0xffffff8f]'[0xffffffa0])[0x1]][0x17][0xfffffff6][0xffffffc7][0xffffffaf]3[0xffffff94][0xffffffc8][0xffffffb8].[0xffffffec]m[0x14][0x19]J[0x4]\[0x17][0xfffffff6]6[0xffffff96][0xfffffff5][0xffffff94][0xffffffc0][0xffffffae][0xb]{[0x13][0xffffffd1]$J[0xffffffe4]\[0x17][0xfffffff6]o][0xffffffca]R"[0xffffffe3][0xffffffba][0xffffffb0]wMKQ[0xffffffe2][[0xffffffd7][0xffffff85][0xfffffffd][0xfffffffc]7[0xffffff86][0xffffffa1][0xffffffc4]}\[0xffffff8d][0xffffffa2][0xffffffc4][0xffffffc0])1[0x2](14[0xffffffef][0xffffff85][0x1][0x1f][0x18]%F[0x12]%4[0xffffff8a][0xc]%\ [0x19]Jh,[0xffffffeb])[0xffffffb1][0xffffff86][0xffffffb3][0xffffff9a][0x12]kD[0xffffff93](a[0xffffffca][0xffffff93][0xffffffa5][0xffffff84][0xffffffed]R[0xffffff96][0x12][0xffffffa6]Z9JH[0xffffffd3]R[0xffffff94][0xffffff90][0xffffffe2][0xffffffdd][0xffffffa0][0xffffffc4][0xffffffed](q[0xfffffff5][0x17]E[0xffffff89][0x1b][0xffffffa7][0xffffffc4][0x1d]@[0xffffff89][[0xfffffff3]^[0x18][0xfffffff0][0x1b][0xffffffa3][0xffffffc4][0xffffff9d]D[0x9][0xffffff8d]"C[0x9][0x17]H[0xffffff86][0x12][0x1a][0xffffffcb]zJ[0xffffffac][0xffffffe1][0xffffffac][0xffffffa6][0xffffffc4][0x1a][0xffffffd1]$J[0xffffff98][0xfffffff2]d)a[0xffffffbb][0xffffff94][0xffffffa5][0xffffff84][0xffffffa9]V[0xffffff8e][0x12][0xffffffd2][0xffffffb4][0x14]%[0xffffffa4]x7([0xfffffff1]8J[0xffffffcc]>)J<8%[0xffffff9e][0x0]J<[0xffffff9a][0xfffffff7][0xffffffc2][0xffffff80]?[0x18]%[0xffffff9e]$Jh[0x14][0x19]J[0xffffffb8]@2[0xffffff94][0xffffffd0]X[0xffffffd6]Sb[\r]g5%[0xffffffd6][0xffffff88]&Q[0xffffffc2][0xffffff94]'K[0x9][0xffffffdb][0xffffffa5],%L[0xffffffb5]r[0xffffff94][0xffffff90][0xffffffa6][0xffffffa5](![0xffffffc5][0xffffffbb]A[0xffffff89]i([0xfffffff1][0xffffffb4][0x3][0xfffffffb][0x3][0xffffffc7][0xffffffc4])1[0x3]("
18:17:44.990 [TestNG-tests-2] DEBUG org.apache.hc.client5.http.wire - http-outgoing-2 << "15[0xffffffef][0xffffff85][0x1][0xffffff9f][0x18]%f[0x12]%4[0xffffff8a][0xc]%\ [0x19]Jh,[0xffffffeb])[0xffffffb1][0xffffff86][0xffffffb3][0xffffff9a][0x12]kD[0xffffff93](a[0xffffffca][0xffffff93][0xffffffa5][0xffffff84][0xffffffed]R[0xffffff96][0x12][0xffffffa6]Z9JH[0xffffffd3]R[0xffffff94][0xffffff90][0xffffffe2][0xfffffffd]{J[0xfffffffc]8[\r][0xffffffa2][0xffffff94]8'[0xfffffff5][0x7][0xffffff8e][0x1f][0xffffffcf][0xffffffc3]R[0xffffffe2][0xfffffff3][0x9]`J[0xfffffffc]z[0x6][0xffffff84][0x12][0xffffff9f][0xffffffbf][0xffffff8e]P[0xffffffe2][0xffffff9f]_[0xffffff8e][0xffffffa0][0xffffff84][0xffffff89]"B[0x9][0x1b]H[0xffffff84][0x12]&[0xffffff96][0xffffffe5][0xffffff94][0xffffff90]p[0x16]SB"[0x1a]D[0x9]W[0xffffff9e](%|[0xffffff97][0xffffffa2][0xffffff94]p[0xffffffd5][0xffffff8a]QB[0xffffff9b][0x16][0xffffffa2][0xffffff84][0x16][0xffffffef][0x6]%[0xffffff9a][0xffffffa3][0xffffffc4][0xffffffd5][0x6]E[0xffffff89][0xffffff86]S[0xffffffa2][0x5]P[0xffffffa2]i[0xffffffde][0xb][0x3][0xffffffde]0J[0xffffffb4]$Jh[0x14][0x19]J[0xffffffb8]@2[0xffffff94][0xffffffd0]X[0xffffffd6]Sb[\r]g5%[0xffffffd6][0xffffff88]&Q[0xffffffc2][0xffffff94]'K[0x9][0xffffffdb][0xffffffa5],%L[0xffffffb5]r[0xffffff94][0xffffff90][0xffffffa6][0xffffffa5](![0xffffffc5][0xffffffbb]A[0xffffff89]n)[0xfffffff1]`[0xffffff94][0xffffffe8]8%z[0x0]%[0xffffffba][0xffffffe6][0xffffffbd]0[0xffffffe0][0x1d][0xffffffa3]DO[0xffffffa2][0xffffff84]F[0xffffff91][0xffffffa1][0xffffff84][0xb]$C[0x9][0xffffff8d]e=%[0xffffffd6]pVSb[0xffffff8d]h[0x12]%Ly[0xffffffb2][0xffffff94][0xffffffb0]][0xffffffca]R[0xffffffc2]T+G[0x9]iZ[0xffffff8a][0x12]R[0xffffffbc][0x1b][0xffffff94]8[0x1c]%F[0xffffffaf][0x1f][0xffffffbf][0xfffffffc][0xfffffffd]<0%[0xffffff8e][0x0]J[0x1c][0xffffff9a][0xfffffff7][0xffffffc2][0xffffff80][0x1f][0x18]%[0xffffff8e]$Jh[0x14][0x19]J[0xffffffb8]@2[0xffffff94][0xffffffd0]X[0xffffffd6]Sb[\r]g5%[0xffffffd6][0xffffff88]&Q[0xffffffc2][0xffffff94]'K[0x9][0xffffffdb][0xffffffa5],%L[0xffffffb5]r[0xffffff94][0xffffff90][0xffffffa6][0xffffffa5](![0xffffffc5][0xffffffbb]A[0x9][0xffffffb7]v[0xfffffff9][0xffffff8c]A[0xffffffad]][0x1e][0xfffffff8][0xffffffda][0xffffffe5][0x11][0xffffffb0]vy[0xffffff98]I[0xffffffb6][0xffffffc2][0xffffff80]ck[0xffffff97][0xffffff87][0xffffff8c][0xffffffae][0xffffff91][0xffffff94][0x8]Y[0xffffffbb][0xffffffb4][0xffffff81]d([0x11][0xffffffb0]v)[0xffffffe1][0xffffffac][0xffffffa6]D[0xfffffff0][0xffffffda][0xffffffa5]+O[0xffffff96][0x12]yk[0xffffff97][0xffffffae]Z9J[0xffffffa4][0xffffffac]]j[0xfffffff1]nP[0xffffffc2][0xffffffad]]]]><![CDATA[>w[0xffffffc7][0xfffffffe][0xffffffc0][0xffffff81][0xffffffaf]][0x1e][0x1]k[0xffffff97][0xffffff87][0xffffff99]d+[0xc]8[0xffffffb6]vy[0xffffffc8][0xffffffe8][0x1a]I[0xffffff89][0xffffff90][0xffffffb5]K[0x1b]H[0xffffff86][0x12][0x1]k[0xffffff97][0x12][0xffffffce]jJ[0x4][0xffffffaf]][0xffffffba][0xfffffff2]d)[0xffffff91][0xffffffb7]v[0xffffffe9][0xffffffaa][0xffffff95][0xffffffa3]D[0xffffffca][0xffffffda][0xffffffa5][0x16][0xffffffef][0x6]%[0xffffffdc][0xffffffda][0xffffffe5][0xfffffff3]<[0xffffffd8][[0x9]|[0xffffffed][0xfffffff2][0x8]X[0xffffffbb]<[0xffffffcc]$[a[0xffffffc0][0xffffffb1][0xffffffb5][0xffffffcb]CF[0xffffffd7]HJ[0xffffff84][0xffffffac]][0xffffffda]@2[0xffffff94][0x8]X[0xffffffbb][0xffffff94]pVS"x[0xffffffed][0xffffffd2][0xffffff95]'K[0xffffff89][0xffffffbc][0xffffffb5]KW[0xffffffad][0x1c]%R[0xffffffd6].[0xffffffb5]x7([0xffffffe1]&[0xffffffaa][0xffffffe6][0xffffff98][0xffffffd8][[0x9]|[0xffffffa2][0xffffffea][0x8][0xffffff98][0xffffffa8]:[0xffffffcc][0xffffff8e]Ja[0xffffffc0][0xffffffb1][0xffffff89][0xffffffaa]C[0xffffff96]RHJ[0xffffff84]LT[0xffffffd9]@2[0xffffff94][0x8][0xffffff98][0xffffffa8][0xffffff92]pVS"x[0xffffffa2][0xffffffca][0xffffff95]'K[0xffffff89][0xffffffbc][0xffffff89]*W[0xffffffad][0x1c]%R&[0xffffffaa][0xffffffb4]x7([0xffffffe1]&[0xffffffaa][0xffffffe6]|Q[0xffffffd7]y[0x1d][0xfffffff8]D[0xffffffd5][0x11]0Qu[0xffffff98][0x1d][0xffffff95][0xffffffc2][0xffffff80]c[0x13]U[0xffffff87],[0xffffffa5][0xffffff90][0xffffff94][0x8][0xffffff99][0xffffffa8][0xffffffb2][0xffffff81]d([0x11]0Q%[0xffffffe1][0xffffffac][0xffffffa6]D[0xfffffff0]D[0xffffff95]+O[0xffffff96][0x12]y[0x13]U[0xffffffae]Z9J[0xffffffa4]LTi[0xfffffff1][0xfffffffe]=%N3Q5^[0xfffffffd][0xffffffa2]Np[0xffffff9c][0xfffffff8]D[0xffffffd5][0x19]0Qu[0xffffff9a][0x1d][0xffffff95][0xffffffba][0xffffff80][0xffffff9f][0xffffffd8]D[0xffffffd5])K) %L[0x14][0x11]J[0xffffffd8]@"[0xffffff94]0[0xffffffb1],[0xffffffa7][0xffffff84][0xffffff84][0xffffffb3][0xffffff98][0x12][0x12][0xffffffd1] J[0xffffffb8][0xfffffff2]D)[0xffffffe1][0xffffffbb][0x14][0xffffffa5][0xffffff84][0xffffffab]V[0xffffff8c][0x12][0xffffffda][0xffffffb4][0x10]%[0xffffffb4]x7([0xffffffd1][0x1c]%[0xffffffce]yQ[0xffffff94]h8%Z[0x0]%[0xffffff9a][0xffffffe6][0xffffffbd]0[0xffffffe0][\r][0xffffffa3]DK[0xffffffa2][0xffffff84]F[0xffffff91][0xffffffa1][0xffffff84][0xb]$C[0x9][0xffffff8d]e=%[0xffffffd6]pVSb[0xffffff8d]h[0x12]%Ly[0xffffffb2][0xffffff94][0xffffffb0]][0xffffffca]R[0xffffffc2]T+G[0x9]iZ[0xffffff8a][0x12]R[0xffffffbc][0x1b][0xffffff94]0[0x13]U[0xffffffe3]5_[0xffffffd4]g[0xffffff97]'>Qu[0x6]LT[0xffffff9d]fG[0xffffffa5]0[0xffffffe0][0xffffffd8]D[0xffffffd5])K)$%B&[0xffffffaa]l [0x19]J[0x4]LTI8[0xffffffab])[0x11]<Q[0xffffffe5][0xffffffca][0xffffff93][0xffffffa5]D[0xffffffde]D[0xffffff95][0xffffffab]V[0xffffff8e][0x12])[0x13]UZ[0xffffffbc][0x1b][0xffffff94]0[0x13]U[0xffffffa3][0xffffffbd][0xffffffb0];8N|[0xffffffa2][0xffffffea][0xc][0xffffff98][0xffffffa8]:[0xffffffcd][0xffffff8e]Ja[0xffffffc0][0xffffffb1][0xffffff89][0xffffffaa]S[0xffffff96]RHJ[0xffffff84]LT[0xffffffd9]@2[0xffffff94][0x8][0xffffff98][0xffffffa8][0xffffff92]pVS"x[0xffffffa2][0xffffffca][0xffffff95]'K[0xffffff89][0xffffffbc][0xffffff89]*W[0xffffffad][0x1c]%R&[0xffffffaa][0xffffffb4]x[0xffffffb7]([0xffffffd1][0xffffffc3]([0xffffffd1]qJ[0xfffffff4][0x0]Jt[0xffffff94][0x12][0x1d][0xffffffa3]DO[0xffffffa2][0xffffffc4][0x1a]E[0xffffff8a][0x12][0x1a]H[0xffffff8a][0x12]k,[0x9]Jt[0xffffff98][0x12]=[0xffffff98][0x12]R[0xffffff9e]4%L[0xffffff97][0xffffffd2][0xffffff94][0xffffff90]j%)[0xffffffd1]S([0xffffffd1][0xffffffbf]M[0x9][0xffffffb3]v9[0xffffffda]y[0xffffffdd][0x14]%[0xfffffff0][0xffffffb5][0xffffffcb]3`[0xffffffed][0xfffffff2]4[0xffffff93]l[0xffffff85][0x1][0xffffffc7][0xffffffd6].O[0x19]]#)[0x11][0xffffffb2]vi[0x3][0xffffffc9]P"`[0xffffffed]R[0xffffffc2]YM[0xffffff89][0xffffffe0][0xffffffb5]KW[0xffffff9e],%[0xfffffff2][0xffffffd6].][0xffffffb5]r[0xffffff94]HY[0xffffffbb][0xffffffd4][0xffffffe2][0xffffffdd][0xffffffa0][0xffffff84]Y[0xffffffbb][0x1c][0xffffffed]j[0xffffffd8][[0x9]|[0xffffffed][0xfffffff2][0xc]X[0xffffffbb]<[0xffffffcd]$[a[0xffffffc0][0xffffffb1][0xffffffb5][0xffffffcb]SF[0xffffffd7]HJ[0xffffff84][0xffffffac]][0xffffffda]@2[0xffffff94][0x8]X[0xffffffbb][0xffffff94]pVS"x[0xffffffed][0xffffffd2][0xffffff95]'K[0xffffff89][0xffffffbc][0xffffffb5]KW[0xffffffad][0x1c]%R[0xffffffd6].[0xffffffb5]x7(a[0xffffffd6].?(qQ[0xffffffbb][0x12]'[0xffffffbe]vy[0x6][0xffffffac]][0xffffff9e]f[0xffffff92][0xffffffad]0[0xffffffe0][0xffffffd8][0xffffffda][0xffffffe5])[0xffffffa3]k$%B[0xffffffd6].m [0x19]J[0x4][0xffffffac]]J8[0xffffffab])[0x11][0xffffffbc]v[0xffffffe9][0xffffffca][0xffffff93][0xffffffa5]D[0xffffffde][0xffffffda][0xffffffa5][0xffffffab]V[0xffffff8e][0x12])k[0xffffff97]Z[0xffffffbc][0x1b][0xffffff94][0xffffffb8]-%[0x1e][0xffffff8c][0x12]7N[0xffffff89];[0xffffff80][0x12][0xffffffb7][0xffffffe6][0xffffffbd]0[0xffffffe0]7F[0xffffff89];[0xffffff89][0x12][0x1a]E[0xffffff86][0x12].[0xffffff90][0xc]%4[0xffffff96][0xfffffff5][0xffffff94]X[0xffffffc3]YM[0xffffff89]5[0xffffffa2]I[0xffffff94]0[0xffffffe5][0xffffffc9]R[0xffffffc2]v)K[0x9]S[0xffffffad][0x1c]%[0xffffffa4]i)JH[0xfffffff1]nP[0xffffffc2][0xc]g[0xffffff8f]6[0xfffffffa][0xffffffa4]([0xffffff81][0xf]g[0xffffff9f][0x1][0xffffffc3][0xffffffd9][0xffffffa7]Yw-[0xc]86[0xffffff9c]}[0xffffffca]~+I[0xffffff89][0xffffff90][0xffffffe1]l[0x1b]H[0xffffff86][0x12][0x1][0xffffffc3][0xffffffd9][0x12][0xffffffce]jJ[0x4][0xf]g[0xffffffbb][0xfffffff2]d)[0xffffff91]7[0xffffff9c][0xffffffed][0xffffffaa][0xffffff95][0xffffffa3]D[0xffffffca]p[0xffffffb6][0x16][0xffffffef][0x6]%[0xffffffcc]p[0xfffffff6]h[0xfffffff7][0xffffff81][0xffffffad]][0xffffffe2][0xffffffc3][0xffffffd9]g[0xffffffc0]p[0xfffffff6]i[0xffffffd6]][0xb][0x3][0xffffff8e][\r]g[0xffffff9f][0xffffffb2][0xffffffdf]JR"d8[0xffffffdb][0x6][0xffffff92][0xffffffa1]D[0xffffffc0]p[0xffffffb6][0xffffff84][0xffffffb3][0xffffff9a][0x12][0xffffffc1][0xffffffc3][0xffffffd9][0xffffffae]<YJ[0xffffffe4][\r]g[0xffffffbb]j[0xffffffe5]([0xffffff91]2[0xffffff9c][0xffffffad][0xffffffc5][0xfffffffb][0xfffffff7][0xffffff94][0xffffffb8][0xffffffdc]pvo[0xffffffed][0xffffff84](q[0xffffffe1][0xffffffc3]"
18:17:45.043 [TestNG-tests-2] DEBUG org.apache.hc.client5.http.wire - http-outgoing-2 << "[0xffffffd9]W[0xffffffc0]p[0xfffffff6]e[0xffffffd6]][0xffffffeb][0x2]~a[0xffffffc3][0xffffffd9][0xffffff97][0xffffffec][0xffffffb7][0xffffff82][0xffffff94]0QD(a[0x3][0xffffff89]P[0xffffffc2][0xffffffc4][0xffffffb2][0xffffff9c][0x12][0x12][0xffffffce]bJHD[0xffffff83]([0xffffffe1][0xffffffca][0x13][0xffffffa5][0xffffff84][0xffffffef]R[0xffffff94][0x12][0xffffffae]Z1Jh[0xffffffd3]B[0xffffff94][0xffffffd0][0xffffffe2][0xffffffdd][0xffffffa0]Ds[0xffffff94][0xffffffe8][0xffffff83]:[0xc][0xfffffffa][0xffffffe3]y`J[0xffffffb4][0x0]J4[0xffffffcd]{a[0xffffffc0][0x1b]F[0xffffff89][0xffffff96]D[0x9][0xffffff8d]"C[0x9][0x17]H[0xffffff86][0x12][0x1a][0xffffffcb]zJ[0xffffffac][0xffffffe1][0xffffffac][0xffffffa6][0xffffffc4][0x1a][0xffffffd1]$J[0xffffff98][0xfffffff2]d)a[0xffffffbb][0xffffff94][0xffffffa5][0xffffff84][0xffffffa9]V[0xffffff8e][0x12][0xffffffd2][0xffffffb4][0x14]%[0xffffffa4]x7([0xffffffe1][0xffffff86][0xffffffb3][0xfffffffb]}Swp\[0xfffffff8]p[0xfffffff6][0x15]0[0xffffff9c]}[0xffffff99]u[0xffffffd7][0xffffffc2][0xffffff80]c[0xffffffc3][0xffffffd9][0xffffff97][0xffffffec][0xffffffb7][0xffffff92][0xffffff94][0x8][0x19][0xffffffce][0xffffffb6][0xffffff81]d([0x11]0[0xffffff9c]-[0xffffffe1][0xffffffac][0xffffffa6]D[0xfffffff0]p[0xffffffb6]+O[0xffffff96][0x12]y[0xffffffc3][0xffffffd9][0xffffffae]Z9J[0xffffffa4][0xc]gk[0xfffffff1]nP[0xffffffc2][\r]g[0x1f][0xffffffaf][0x17][0xfffffff5][0xffffffd9][0xffffffe5][0xffffff85][0xf]g_[0x1][0xffffffc3][0xffffffd9][0xffffff97]Yw-[0xc]86[0xffffff9c]}[0xffffffc9]~+I[0xffffff89][0xffffff90][0xffffffe1]l[0x1b]H[0xffffff86][0x12][0x1][0xffffffc3][0xffffffd9][0x12][0xffffffce]jJ[0x4][0xf]g[0xffffffbb][0xfffffff2]d)[0xffffff91]7[0xffffff9c][0xffffffed][0xffffffaa][0xffffff95][0xffffffa3]D[0xffffffca]p[0xffffffb6][0x16][0xffffffef][0x6]%[0xffffffdc][0xffffffda][0xffffffe5]q[0xffffffbe][0xffffffa8][0xffffffc3][0xffffffa0][0x17][0xffffffbe]vy[0x5][0xffffffac]]^f[0xffffff92][0xffffffad]0[0xffffffe0][0xffffffd8][0xffffffda][0xffffffe5]%[0xffffffa3]k$%B[0xffffffd6].m [0x19]J[0x4][0xffffffac]]J8[0xffffffab])[0x11][0xffffffbc]v[0xffffffe9][0xffffffca][0xffffff93][0xffffffa5]D[0xffffffde][0xffffffda][0xffffffa5][0xffffffab]V[0xffffff8e][0x12])k[0xffffff97]Z[0xffffffbc][0x1b][0xffffff94]pk[0xffffff97][0xffffffc7][0xffffffe0]([0xffffff81][0xffffffaf]]^[0x1]k[0xffffff97][0xffffff97][0xffffff99]d+[0xc]8[0xffffffb6]vy[0xffffffc9][0xffffffe8][0x1a]I[0xffffff89][0xffffff90][0xffffffb5]K[0x1b]H[0xffffff86][0x12][0x1]k[0xffffff97][0x12][0xffffffce]jJ[0x4][0xffffffaf]][0xffffffba][0xfffffff2]d)[0xffffff91][0xffffffb7]v[0xffffffe9][0xffffffaa][0xffffff95][0xffffffa3]D[0xffffffca][0xffffffda][0xffffffa5][0x16][0xffffffef][0x6]%[0xffffffdc][0xffffffda][0xffffffe5]1o[0xffffffec][0xf][0x1c][0xfffffff8][0xffffffda][0xffffffe5][0x15][0xffffffb0]vy[0xffffff99]I[0xffffffb6][0xffffffc2][0xffffff80]ck[0xffffff97][0xffffff97][0xffffff8c][0xffffffae][0xffffff91][0xffffff94][0x8]Y[0xffffffbb][0xffffffb4][0xffffff81]d([0x11][0xffffffb0]v)[0xffffffe1][0xffffffac][0xffffffa6]D[0xfffffff0][0xffffffda][0xffffffa5]+O[0xffffff96][0x12]yk[0xffffff97][0xffffffae]Z9J[0xffffffa4][0xffffffac]]j[0xfffffff1]nP[0xffffffc2][0xffffffad]][0xffffff9e]mv[0xffffff8a][0x12][0xfffffff8][0xffffffda][0xffffffe5][0x15][0xffffffb0]vy[0xffffff99]I[0xffffffb6][0xffffffc2][0xffffff80]ck[0xffffff97][0xffffff97][0xffffff8c][0xffffffae][0xffffff91][0xffffff94][0x8]Y[0xffffffbb][0xffffffb4][0xffffff81]d([0x11][0xffffffb0]v)[0xffffffe1][0xffffffac][0xffffffa6]D[0xfffffff0][0xffffffda][0xffffffa5]+O[0xffffff96][0x12]yk[0xffffff97][0xffffffae]Z9J[0xffffffa4][0xffffffac]]j[0xfffffff1]nP[0xffffffc2][0xffffffad]][0xffffff9e][0xffffffe7][0xffffffab]Q[0xffffff94][0xffffffc0][0xffffffd7].[0xffffffaf][0xffffff80][0xffffffb5][0xffffffcb][0xffffffcb]L[0xffffffb2][0x15][0x6][0x1c][[0xffffffbb][0xffffffbc]dt[0xffffff8d][0xffffffa4]D[0xffffffc8][0xffffffda][0xffffffa5][\r]$C[0xffffff89][0xffffff80][0xffffffb5]K[0x9]g5%[0xffffff82][0xffffffd7].]y[0xffffffb2][0xffffff94][0xffffffc8][[0xffffffbb]t[0xffffffd5][0xffffffca]Q"e[0xffffffed]R[0xffffff8b]w[0xffffff83][0x12]n[0xffffffed][0xfffffff2][0xffffffbc]&F[0x9]|[0xffffffed][0xfffffff2][\n]"
18:17:45.043 [TestNG-tests-2] DEBUG org.apache.hc.client5.http.wire - http-outgoing-2 << "X[0xffffffbb][0xffffffbc][0xffffffcc]$[a[0xffffffc0][0xffffffb1][0xffffffb5][0xffffffcb]KF[0xffffffd7]HJ[0xffffff84][0xffffffac]][0xffffffda]@2[0xffffff94][0x8]X[0xffffffbb][0xffffff94]pVS"x[0xffffffed][0xffffffd2][0xffffff95]'K[0xffffff89][0xffffffbc][0xffffffb5]KW[0xffffffad][0x1c]%R[0xffffffd6].[0xffffffb5]x[0xffffffff][0xffffff9e][0x12][0xffffffc3][0xffffffad]][0xffffff9e][0xffffffe3][0xffffffa4][0xffffffbe][0xffffff95][0x18][0xfffffff8][0xffffffda][0xffffffe5][0x8]X[0xffffffbb][0x1c]f[0xffffff92][0xffffffad].[0xffffffe0][0x3][[0xffffffbb][0x1c]2[0xffffffba][0x6]R[0xffffffc2]D[0x11][0xffffffa1][0xffffff84][\r]$B[0x9][0x13][0xffffffcb]rJH8[0xffffff8b])![0x11][\r][0xffffffa2][0xffffff84]+O[0xffffff94][0x12][0xffffffbe]KQJ[0xffffffb8]j[0xffffffc5]([0xffffffa1]M[0xb]QB[0xffffff8b]w[0xffffff83][0x12][0xffffffcd]R[0xffffffe2][0xffffffc1]([0xffffffd1]pJ[0xffffffb4][0x0]J4[0xffffffcd]{a[0xffffffc0][0x1b]F[0xffffff89][0xffffff96]D[0x9][0xffffff8d]"C[0x9][0x17]H[0xffffff86][0x12][0x1a][0xffffffcb]zJ[0xffffffac][0xffffffe1][0xffffffac][0xffffffa6][0xffffffc4][0x1a][0xffffffd1]$J[0xffffff98][0xfffffff2]d)a[0xffffffbb][0xffffff94][0xffffffa5][0xffffff84][0xffffffa9]V[0xffffff8e][0x12][0xffffffd2][0xffffffb4][0x14]%[0xffffffa4]x7([0xffffffe1][0xffffffd6].[0xffffffcf][0xfffffffb][0xffffffa0][0xffffff86][0xffffffb3][0x7][0xffffffbe]v9[0x2][0xffffffd6].[0xffffff87][0xffffff99]d+[0xc]8[0xffffffb6]v9dt[0xffffff8d][0xffffffa4]D[0xffffffc8][0xffffffda][0xffffffa5][\r]$C[0xffffff89][0xffffff80][0xffffffb5]K[0x9]g5%[0xffffff82][0xffffffd7].]y[0xffffffb2][0xffffff94][0xffffffc8][[0xffffffbb]t[0xffffffd5][0xffffffca]Q"e[0xffffffed]R[0xffffff8b]w[0xffffff83][0x12]n[0xffffffed][0xfffffff2][0xffffff9c][0xffffffaf][0xffffff93][0xffffffa2][0x4][0xffffffbe]v9[0x2][0xffffffd6].[0xffffff87][0xffffff99]d+[0xc]8[0xffffffb6]v9dt[0xffffff8d][0xffffffa4]D[0xffffffc8][0xffffffda][0xffffffa5][\r]$C[0xffffff89][0xffffff80][0xffffffb5]K[0x9]g5%[0xffffff82][0xffffffd7].]y[0xffffffb2][0xffffff94][0xffffffc8][[0xffffffbb]t[0xffffffd5][0xffffffca]Q"e[0xffffffed]R[0xffffff8b]w[0xffffff83][0x12]n[0xffffffed][0xfffffff2][0xffffffea][0xf][0xfffffff5][0xffffffd9][0xffffffe5][0xffffffc0][0xffffffd7].G[0xffffffc0][0xffffffda][0xffffffe5]0[0xffffff93]l[0xffffff85][0x1][0xffffffc7][0xffffffd6].[0xffffff87][0xffffff8c][0xffffffae][0xffffff91][0xffffff94][0x8]Y[0xffffffbb][0xffffffb4][0xffffff81]d([0x11][0xffffffb0]v)[0xffffffe1][0xffffffac][0xffffffa6]D[0xfffffff0][0xffffffda][0xffffffa5]+O[0xffffff96][0x12]yk[0xffffff97][0xffffffae]Z9J[0xffffffa4][0xffffffac]]j[0xfffffff1]nP[0xffffffc2][0xffffffad]]^W[0x7f]Q[0xffffff94][0xffffffc0][0xffffffd7].G[0xffffffc0][0xffffffda][0xffffffe5]0[0xffffff93]l[0xffffff85][0x1][0xffffffc7][0xffffffd6].[0xffffff87][0xffffff8c][0xffffffae][0xffffff91][0xffffff94][0x8]Y[0xffffffbb][0xffffffb4][0xffffff81]d([0x11][0xffffffb0]v)[0xffffffe1][0xffffffac][0xffffffa6]D[0xfffffff0][0xffffffda][0xffffffa5]+O[0xffffff96][0x12]yk[0xffffff97][0xffffffae]Z9J[0xffffffa4][0xffffffac]]j[0xfffffff1]nP[0xffffffc2][0xffffffad]]^[0xffffff93][0xffffffa3][0x4][0xffffffbe]v9[0x2][0xffffffd6].[0xffffff87][0xffffff99]d+[0xc]8[0xffffffb6]v9dt[0xffffff8d][0xffffffa4]D[0xffffffc8][0xffffffda][0xffffffa5][\r]$C[0xffffff89][0xffffff80][0xffffffb5]K[0x9]g5%[0xffffff82][0xffffffd7].]y[0xffffffb2][0xffffff94][0xffffffc8][[0xffffffbb]t[0xffffffd5][0xffffffca]Q"e[0xffffffed]R[0xffffff8b]w[0xffffff83][0x12]n[0xffffffed]r4[0xffffff8e][0x12][0xfffffff8][0xffffffda][0xffffffe5][0x8]X[0xffffffbb][0x1c]f[0xffffff92][0xffffffad]0[0xffffffe0][0xffffffd8][0xffffffda][0xffffffe5][0xffffff90][0xffffffd1]5[0xffffff92][0x12]!k[0xffffff97]6[0xffffff90][0xc]%[0x2][0xffffffd6].%[0xffffff9c][0xffffffd5][0xffffff94][0x8]^[0xffffffbb]t[0xffffffe5][0xffffffc9]R"o[0xffffffed][0xffffffd2]U+G[0xffffff89][0xffffff94][0xffffffb5]K-[0xffffffde][\r]J[0xffffffb8][0xffffffb5][0xffffffcb]q[0xffffffdd][0xffffff83][0xffffffa2][0x4][0xffffffbe]v9[0x2][0xffffffd6].[0xffffff87][0xffffff99]d+[0xc]8[0xffffffb6]v9dt[0xffffff8d][0xffffffa4]D[0xffffffc8][0xffffffda][0xffffffa5][\r]$C[0xffffff89][0xffffff80][0xffffffb5]K[0x9]g5%[0xffffff82][0xffffffd7].]y[0xffffffb2][0xffffff94][0xffffffc8][[0xffffffbb]t[0xffffffd5][0xffffffca]Q"e[0xffffffed]R[0xffffff8b]w[0xffffff8b][0x12]g[0x18]%N[0xffffff9c][0x12]g[0x0]%N[0xffffff94][0x12]'F[0xffffff89]3[0xffffff89][0x12]k[0x14])Jh )J[0xffffffac][0xffffffb1]$(q[0xffffffc2][0xffffff94]8[0xffffff83])![0xffffffe5]IS[0xffffffc2]t)M[0x9][0xffffffa9]V[0xffffff92][0x12]g[\n]"
18:17:45.043 [TestNG-tests-2] DEBUG org.apache.hc.client5.http.wire - http-outgoing-2 << "%[0xffffffce]oS[0xffffffc2][\r]g[0xffffff8f][0x1b][0xffffffbb][0x19]t[0xffffffe0][0xffffffc3][0xffffffd9]#`8{[0xffffff98]u[0xffffffd7][0xffffffc2][0xffffff80]c[0xffffffc3][0xffffffd9]C[0xfffffff6][IJ[0xffffff84][0xc]g[0xffffffdb]@2[0xffffff94][0x8][0x18][0xffffffce][0xffffff96]pVS"x8[0xffffffdb][0xffffff95]'K[0xffffff89][0xffffffbc][0xffffffe1]lW[0xffffffad][0x1c]%R[0xffffff86][0xffffffb3][0xffffffb5]x[0xffffffff][0xffffff9e][0x12][0xffffffb7][0x1b][0xffffffce][0xffffffbe][0xfffffffb]EQ[0xffffffe2][0xffffffc6][0xffffff87][0xffffffb3][0xffffffef][0xffffff80][0xffffffe1][0xffffffec][0xffffffdb][0xffffffac][0xffffffbb][0xffffffd6][0x5][0xfffffffc][0xffffffc6][0xffffff86][0xffffffb3]o[0xffffffd9]o[0x5])a[0xffffffa2]"
18:17:45.046 [TestNG-tests-2] DEBUG org.apache.hc.client5.http.wire - http-outgoing-2 << "[0xffffff88]P[0xffffffc2][0x6][0x12][0xffffffa1][0xffffff84][0xffffff89]e9%$[0xffffff9c][0xffffffc5][0xffffff94][0xffffff90][0xffffff88][0x6]Q[0xffffffc2][0xffffff95]'J[0x9][0xffffffdf][0xffffffa5](%\[0xffffffb5]b[0xffffff94][0xffffffd0][0xffffffa6][0xffffff85]([0xffffffa1][0xffffffc5][0xffffffbb]A[0x9][0xffffffb7]vy?[0xffffffd8][0xffffffae][0xffffffc4][0xffffff8d][0xffffffaf]][0xffffffde][0x1]k[0xffffff97][0xffffffb7][0xffffff99]d+[0xc]8[0xffffffb6]vy[0xffffffcb][0xffffffe8][0x1a]I[0xffffff89][0xffffff90][0xffffffb5]K[0x1b]H[0xffffff86][0x12][0x1]k[0xffffff97][0x12][0xffffffce]jJ[0x4][0xffffffaf]][0xffffffba][0xfffffff2]d)[0xffffff91][0xffffffb7]v[0xffffffe9][0xffffffaa][0xffffff95][0xffffffa3]D[0xffffffca][0xffffffda][0xffffffa5][0x16][0xffffffef][0x6]%[0xffffffdc]D[0xffffffd5]='u[0xffffff82][0xffffffe3][0xffffffc6]'[0xffffffaa][0xffffffee][0xffffff80][0xffffff89][0xffffffaa][0xffffffdb][0xffffffec][0xffffffa8][0x14][0x6][0x1c][0xffffff9b][0xffffffa8][0xffffffba]e)[0xffffff85][0xffffffa4]D[0xffffffc8]D[0xffffff95][\r]$C[0xffffff89][0xffffff80][0xffffff89]*[0x9]g5%[0xffffff82]'[0xffffffaa]\y[0xffffffb2][0xffffff94][0xffffffc8][0xffffff9b][0xffffffa8]r[0xffffffd5][0xffffffca]Q"e[0xffffffa2]J[0xffffff8b]w[0xffffff83][0x12]n[0xffffffa2][0xffffffea]y[0xffffff9d][0x7]E[0x9]|[0xffffffa2][0xffffffea][0xe][0xffffff98][0xffffffa8][0xffffffba][0xffffffcd][0xffffff8e]Ja[0xffffffc0][0xffffffb1][0xffffff89][0xffffffaa][[0xffffff96]RHJ[0xffffff84]LT[0xffffffd9]@2[0xffffff94][0x8][0xffffff98][0xffffffa8][0xffffff92]pVS"x[0xffffffa2][0xffffffca][0xffffff95]'K[0xffffff89][0xffffffbc][0xffffff89]*W[0xffffffad][0x1c]%R&[0xffffffaa][0xffffffb4]x7([0xffffffe1]&[0xffffffaa][0xffffff9e][0xffffffd7][0xffffffc4][0xfffffffe][0xffffffc0][0xffffff81]OT[0xffffffdd][0x1][0x13]U[0xffffffb7][0xffffffd9]Q)[0xc]86Qu[0xffffffcb]R[\n]"
18:17:45.046 [TestNG-tests-2] DEBUG org.apache.hc.client5.http.wire - http-outgoing-2 << "I[0xffffff89][0xffffff90][0xffffff89]*[0x1b]H[0xffffff86][0x12][0x1][0x13]U[0x12][0xffffffce]jJ[0x4]OT[0xffffffb9][0xfffffff2]d)[0xffffff91]7Q[0xffffffe5][0xffffffaa][0xffffff95][0xffffffa3]D[0xffffffca]D[0xffffff95][0x16][0xffffffef][0x6]%[0xffffffdc]D[0xffffffd5][0xffffffd3][0xffffffdb]EQ[0x2][0xffffff9f][0xffffffa8][0xffffffba][0x3]&[0xffffffaa]n[0xffffffb3][0xffffffa3]R[0x18]pl[0xffffffa2][0xffffffea][0xffffff96][0xffffffa5][0x14][0xffffff92][0x12]![0x13]U6[0xffffff90][0xc]%[0x2]&[0xffffffaa]$[0xffffff9c][0xffffffd5][0xffffff94][0x8][0xffffff9e][0xffffffa8]r[0xffffffe5][0xffffffc9]R"o[0xffffffa2][0xffffffca]U+G[0xffffff89][0xffffff94][0xffffff89]*-[0xffffffde]-J[0xfffffff4]0Jt[0xffffff9c][0x12]=[0xffffff80][0x12][0x1d][0xffffffa5]D[0xffffffc7]([0xffffffd1][0xffffff93]([0xffffffb1]F[0xffffff91][0xffffffa2][0xffffff84][0x6][0xffffff92][0xffffffa2][0xffffffc4][0x1a]K[0xffffff82][0x12][0x1d][0xffffffa6]D[0xf][0xffffffa6][0xffffff84][0xffffff94]'M[0x9][0xffffffd3][0xffffffa5]4%[0xffffffa4]ZIJ[0xfffffff4][0x14]J[0xfffffff4]oS[0xffffffc2][0xffffffad]]]]><![CDATA[>W[0xffffffc7][0xe][0xffffff83][0xffffffe2]k[0xffffff97]w[0xffffffc0][0xffffffda][0xffffffe5]m&[0xffffffd9][\n]"
18:17:45.046 [TestNG-tests-2] DEBUG org.apache.hc.client5.http.wire - http-outgoing-2 << "[0x3][0xffffff8e][0xffffffad]][0xffffffde]2[0xffffffba]FR"d[0xffffffed][0xffffffd2][0x6][0xffffff92][0xffffffa1]D[0xffffffc0][0xffffffda][0xffffffa5][0xffffff84][0xffffffb3][0xffffff9a][0x12][0xffffffc1]k[0xffffff97][0xffffffae]<YJ[0xffffffe4][0xffffffad]][0xffffffba]j[0xffffffe5]([0xffffff91][0xffffffb2]v[0xffffffa9][0xffffffc5][0xffffffbb]E[0x9][0xfffffff3]V[0x2][0xffffffa5][0x4][0xfffffffd]V[0xffffffe2][0x9]x+[0xfffffff1]([0xffffff9d]K[0x3]N[0xffffffbd][0xffffff95]x[0xffffff92][0xffffffde]Jh[0x14])J[0xffffffa4][0xffffffbc][0xffffff95][0xffffffd0]X[0x12][0xffffff94]`[0xffffffdf]J[0xffffffac][0x11][0xffffffcd][0xffffffa2]D[0xffffffd8][[0x9][0xffffffdb][0xffffffa5]4%[0xffffff82][0xffffffde]JH[0xffffffd3]r[0xffffff94][0xfffffff8]/[0xffffffde]J[0x1c]a[0xffffff94]8pJ[0x1c][0x1][0xffffff94]8PJ[0x1c][0x18]%[0xffffff8e]$J[0xffffffac]Q[0xffffffa4]([0xffffffa1][0xffffff81][0xffffffa4]([0xffffffb1][0xffffffc6][0xffffff92][0xffffffa0][0xffffffc4][0x1]S[0xffffffe2][0x8][0xffffffa6][0xffffff84][0xffffff94]'M[0x9][0xffffffd3][0xffffffa5]4%[0xffffffa4]ZIJ[0x1c])[0xffffff94]8[0xfffffffe][0x3]J[0xffffffb4]4K4[0x1e][0x13]-A[0x13][0xffffff8d][0xffffffe5]D[0xffffffe3]<[0xffffffd1][0xffffffa2]@!y[0xffffffa4]DaRI[0xffffff91]B[0xffffffb2]I[0xffffff98][0xffffffa2][0xffffffd1][0xffffffa8]h[0xffffffc9][0xffffffaa][0xffffffd0][0x1a][0xffffffa5]Y[0xffffffe1]Z[0xffffff95]v[0xffffff85][0xffffff96],[0x9][0xffffff8b][0xffffffb5]s9Y[0xffffffac][0x15][0xffffffbc]E[0xffffff8b]~[0xffffff86][0xffffffd1][0xffffffa2][0xffffffc3][0x17]|}=[0x2]O[0xffffff8b][0xe]^[0xfffffff1][0xfffffff5][0xfffffff5][0xfffffff3][0x14]-z[0xffffffce]%_.[0xffffff8f][0x14]-L*)ZH6[0x9]Zt[0xfffffff4][0xffffffa2]/[0xffffffcd]i[0x16]-[0xffffffb4]FiZ[0xffffffb8]V[0xffffffa5]i[0xffffffa1]%K[0xffffffd2]b[0xffffffed]\[0xffffff8e][0x16]k[0x5][0xffffffff][\r]-[0xfffffffa][0xffffffd7]?[0xffffffe2][0xffffffae][0xfffffffb][0xffffff9a][\r][0xffffff98][0xffffffb0][0xfffffffa][0xfffffffd]<[0x14],[0xfffffffe]x[0x2][0xffffffcc][0x15][0xffffffcb]3[0x14][0xffffffb3][0xffffffe2][0xffffff8f]_/V[0xffffffc5][0xffffffff][0xfffffffe]2[0xffffff8c][0xffffff8a][0xffffffb7]Q,6[0xffffffc5][0xffffffbf][0x4][0xffffffb2][0xffffff98][0x14]ocY([0xffffff8a]7[0xffffffe1],[0x3][0xffffffc5][0xffffff9b][0xffffff88]Fx[0xffffffe2]}yB[0xffffff9c][0xfffffff8][0xffffffb7].[0xffffff85]4[0xfffffff1][0xffffffbe]Z[0x1]L[0xffffffbc]k[0xffffffda]rK[0xffffffbc]+[0xffffffde][0xffffffbf][0xffffffa7][0xffffffc4][0xffffffe3][0xffffffae][0xfffffffb][0xffffff9a][0xffffffc7]qC[0xffffff94]x[0xffffffc0][0xffffffeb][0xffffffbe][0xfffffffe]x[0x2][0xffffff98][0x12][0xffffff8f][0xffffffb9][0xffffff93][0xffffffa6].[0xffffffe0][0xf]p[0xffffffdd][0xffffffd7][0xffffffff][0xfffffffe]r[0x4]%L[0x14][0x11]J[0xffffffd8]@"[0xffffff94]0[0xffffffb1],[0xffffffa7][0xffffff84][0xffffff84][0xffffffb3][0xffffff98][0x12][0x12][0xffffffd1] J[0xffffffb8][0xfffffff2]D)[0xffffffe1][0xffffffbb][0x14][0xffffffa5][0xffffff84][0xffffffab]V[0xffffff8c][0x12][0xffffffda][0xffffffb4][0x10]%[0xffffffb4]x7([0xffffffd1][0x1c]%[0xffffffee][0x13][0xffffffa3]D[0xffffffc3])[0xffffffd1][0x2]([0xffffffd1]4[0xffffffef][0xffffff85][0x1]o[0x18]%Z[0x12]%4[0xffffff8a][0xc]%\ [0x19]Jh,[0xffffffeb])[0xffffffb1][0xffffff86][0xffffffb3][0xffffff9a][0x12]kD[0xffffff93](a[0xffffffca][0xffffff93][0xffffffa5][0xffffff84][0xffffffed]R[0xffffff96][0x12][0xffffffa6]Z9JH[0xffffffd3]R[0xffffff94][0xffffff90][0xffffffe2][0xffffffdd][0xffffffa0][0xffffffc4][0xffffffa1][0xffffff94][0xffffffb8]_[0xffffffc7]M[0xfffffffd][0xffffff81][0xffffffe3][0xffffffc7][0xfffffff3][0xffffffc0][0xffffff94]8[0x2](qh[0xffffffde][0xb][0x3]~`[0xffffff94]8[0xffffff92]([0xffffffa1]Qd([0xffffffe1][0x2][0xffffffc9]PBcYO[0xffffff89]5[0xffffff9c][0xffffffd5][0xffffff94]X#[0xffffff9a]D[0x9]S[0xffffff9e],%l[0xffffff97][0xffffffb2][0xffffff94]0[0xffffffd5][0xffffffca]QB[0xffffff9a][0xffffff96][0xffffffa2][0xffffff84][0x14][0xffffffef][0x6]%[0xffffffcc][0xffffffcd][0xffffffa1][0xfffffff7][0xffffffeb][0xfffffffa][0xfffffffc][0xffffffdf][0xb][0xffffffa1][0x4]xs[0xffffffe8][0x1f]O@S[0x2][0xffffffba]9[0xfffffff4][0xffffff8f]_g([0xffffff91]qs[0xffffffe8][0xffffffdb](2[0xffffff94][0x8][0xffffffb8]9[0xfffffff4]m,[0xffffffeb])[0xffffff81][0xffffffdd][0x1c][0xfffffffa]&[0xffffffa2]I[0xffffff94][0xffffffc8][0xffffffb9]9[0xfffffff4][0xffffffdf][0xffffffba][0xffffff94][0xffffffa5]D[0xffffffc6][0xffffffcd][0xffffffa1][0xffffffef][0xffffff9a][0xffffff96][0xffffffa2][0xffffffc4][0xffffffb7]n[0xe][0xfffffffd][0xfffffff9]o[0xffffff98][0xffffff9b]C[0xffffffef][0xffffffd7]<N[0xffffff8a][0x12][0xffffffe0][0xffffffcd][0xffffffa1][0x7f]<[0x1]M[0x9][0xffffffe8][0xffffffe6][0xffffffd0]?~[0xffffff9d][0xffffffa1]D[0xffffffc6][0xffffffcd][0xffffffa1]o[0xffffffa3][0xffffffc8]P"[0xffffffe0][0xffffffe6][0xffffffd0][0xffffffb7][0xffffffb1][0xffffffac][0xffffffa7][0x4]vs[0xffffffe8][0xffffff9b][0xffffff88]&Q"[0xffffffe7][0xffffffe6][0xffffffd0][0x7f][0xffffffeb]R[0xffffff96][0x12][0x19]7[0xffffff87][0xffffffbe]kZ[0xffffff8a][0x12][0xffffffdf][0xffffffba]9[0xfffffff4][0xffffffe7][0xffffffbf]an[0xe][0xfffffffd][0xffffffa0][0xffffffc4][0xffffffc4]([0x1][0xffffffde][0x1c][0xfffffffa][0xffffffc7][0x13][0xffffffd0][0xffffff94][0xffffff80]n[0xe][0xfffffffd][0xffffffe3][0xffffffd7][0x19]Jd[0xffffffdc][0x1c][0xfffffffa]6[0xffffff8a][0xc]%[0x2]n[0xe]}[0x1b][0xffffffcb]zJ`7[0xffffff87][0xffffffbe][0xffffff89]h[0x12]%rn[0xe][0xfffffffd][0xffffffb7].e)[0xffffff91]qs[0xffffffe8][0xffffffbb][0xffffffa6][0xffffffa5]([0xfffffff1][0xffffffad][0xffffff9b]C[0x7f][0xfffffffe][0x1b][0xffffffe6][0xffffffe6][0xffffffd0][0xffffffbb][0xffffffbd][0xffffffc6][0xffffffa0]([0x1][0xffffffde][0x1c][0xfffffffa][0xffffffc7][0x13][0xffffffd0][0xffffff94][0xffffff80]n[0xe][0xfffffffd][0xffffffe3][0xffffffd7][0x19]Jd[0xffffffdc][0x1c][0xfffffffa]6[0xffffff8a][0xc]%[0x2]n[0xe]}[0x1b][0xffffffcb]zJ`7[0xffffff87][0xffffffbe][0xffffff89]h[0x12]%rn[0xe][0xfffffffd][0xffffffb7].e)[0xffffff91]qs[0xffffffe8][0xffffffbb][0xffffffa6][0xffffffa5]([0xfffffff1][0xffffffad][0xffffff9b]C[0x7f][0xfffffffe][0x1b][0xffffffe6][0xffffffba][0xffffffaf][0xffffffbb][0xffffffb5][0xffffff86]}+[0x1]^[0xfffffff7][0xfffffff5][0xffffffc7][0x13][0xffffffd0][0xffffff94][0xffffff80][0xffffffae][0xfffffffb][0xfffffffa][0xffffffe3][0xffffffd7][0x19]Jd\[0xfffffff7][0xfffffff5]6[0xffffff8a][0xc]%[0x2][0xffffffae][0xfffffffb]z[0x1b][0xffffffcb]zJ`[0xffffffd7]}[0xffffffbd][0xffffff89]h[0x12]%r[0xffffffae][0xfffffffb][0xfffffffa][0xffffffb7].e)[0xffffff91]q[0xffffffdd][0xffffffd7][0xffffffbb][0xffffffa6][0xffffffa5]([0xfffffff1][0xffffffad][0xffffffeb][0xffffffbe]~[0xfffffffe][0x1b]f[0xffffffa2][0xffffffea][0xffffff83][0x12]"
18:17:45.047 [TestNG-tests-2] DEBUG org.apache.hc.client5.http.wire - http-outgoing-2 << "[0xffffffdc][[0x9]|[0xffffffa2][0xffffffea][0x9][0xffffff98][0xffffffa8]z[0xffffffcc][0xffffff8e]Ja[0xffffffc0][0xffffffb1][0xffffff89][0xffffffaa]G[0xffffff96]RHJ[0xffffff84]LT[0xffffffd9]@2[0xffffff94][0x8][0xffffff98][0xffffffa8][0xffffff92]pVS"x[0xffffffa2][0xffffffca][0xffffff95]'K[0xffffff89][0xffffffbc][0xffffff89]*W[0xffffffad][0x1c]%R&[0xffffffaa][0xffffffb4]x[0xffffffff][0xffffff9e][0x12][0xffffffd3]LT[0xffffffdd][0x1f][0xffffffff][0xffffffcf][0x13][0xffffffa2][0xffffffc4][0xffffffc4]'[0xffffffaa]f[0xffffffc0]D[0xffffffd5]4;*u[0x1][0xffffff9f][0xffffffd8]D[0xffffffd5][0xffffff94][0xffffffa5][0x14][0xffffff90][0x12]&[0xffffff8a][0x8]%l [0x11]J[0xffffff98]X[0xffffff96]SB[0xffffffc2]YL[0x9][0xffffff89]h[0x10]%\y[0xffffffa2][0xffffff94][0xfffffff0]][0xffffff8a]R[0xffffffc2]U+F[0x9]mZ[0xffffff88][0x12]Z[0xffffffbc][0x1b][0xffffff94]0[0x13]Uw[0xffffffbb][0x1f]j[0xffffffa2]j[0xffffffe2][0x13]U3`[0xffffffa2]j[0xffffff9a][0x1d][0xffffff95][0xffffffc2][0xffffff80]c[0x13]US[0xffffff96]RHJ[0xffffff84]LT[0xffffffd9]@2[0xffffff94][0x8][0xffffff98][0xffffffa8][0xffffff92]pVS"x[0xffffffa2][0xffffffca][0xffffff95]'K[0xffffff89][0xffffffbc][0xffffff89]*W[0xffffffad][0x1c]%R&[0xffffffaa][0xffffffb4]x7([0xffffffd1][0x1d]%[0xffffffe6][0xffffffd3](Jt[0xffffff9c][0x12]=[0xffffff80][0x12]][0xfffffff3]^[0x18][0xfffffff0][0xffffff8e]Q[0xffffffa2]'QB[0xffffffa3][0xffffffc8]P[0xffffffc2][0x5][0xffffff92][0xffffffa1][0xffffff84][0xffffffc6][0xffffffb2][0xffffff9e][0x12]k8[0xffffffab])[0xffffffb1]F4[0xffffff89][0x12][0xffffffa6]<YJ[0xffffffd8].e)a[0xffffffaa][0xffffff95][0xffffffa3][0xffffff84]4-E[0x9])[0xffffffde][\r]J[0xffffffb8][0xffffffb5][0xffffffcb]~[0xffffff9e]'E[0x9]|[0xffffffed]r[0x6][0xffffffac]]N3[0xffffffc9]V[0x18]pl[0xffffffed]r[0xffffffca][0xffffffe8][0x1a]I[0xffffff89][0xffffff90][0xffffffb5]K[0x1b]H[0xffffff86][0x12][0x1]k[0xffffff97][0x12][0xffffffce]jJ[0x4][0xffffffaf]][0xffffffba][0xfffffff2]d)[0xffffff91][0xffffffb7]v[0xffffffe9][0xffffffaa][0xffffff95][0xffffffa3]D[0xffffffca][0xffffffda][0xffffffa5][0x16][0xffffffef][0x16]%z[0x18]%:N[0xffffff89][0x1e]@[0xffffff89][0xffffff8e]R[0xffffffa2]c[0xffffff94][0xffffffe8]I[0xffffff94]X[0xffffffa3]HQB[0x3]IQb[0xffffff8d]%A[0xffffff89][0xe]S[0xffffffa2][0x7]SB[0xffffffca][0xffffff93][0xffffffa6][0xffffff84][0xffffffe9]R[0xffffff9a][0x12]R[0xffffffad]$%z[\n]"
18:17:45.047 [TestNG-tests-2] DEBUG org.apache.hc.client5.http.wire - http-outgoing-2 << "%[0xfffffffa][0xffffffb7])[0xffffffe1][0xffffff86][0xffffffb3][0xfffffffb]uQ[0xffffff87]A'>[0xffffff9c]=[0x3][0xffffff86][0xffffffb3][0xffffffa7]Yw-[0xc]86[0xffffff9c]=e[0xffffffbf][0xffffff95][0xffffffa4]D[0xffffffc8]p[0xffffffb6][\r]$C[0xffffff89][0xffffff80][0xffffffe1]l[0x9]g5%[0xffffff82][0xffffff87][0xffffffb3]]y[0xffffffb2][0xffffff94][0xffffffc8][0x1b][0xffffffce]v[0xffffffd5][0xffffffca]Q"e8[[0xffffff8b]w[0xffffff8b][0x12][0xffffffe6][0xffffffad][0x4]J[0x9][0xfffffffa][0xffffffad][0xffffffc4][0x19][0xfffffff0]V[0xffffffe2]T:[0xffffff97][0x6][0xffffff9c]z+q&[0xffffffbd][0xffffff95][0xffffffd0](R[0xffffff94]Hy+[0xffffffa1][0xffffffb1]$([0xffffffc1][0xffffffbe][0xffffff95]X#[0xffffff9a]E[0xffffff89][0xffffffb0][0xffffffb7][0x12][0xffffffb6]KiJ[0x4][0xffffffbd][0xffffff95][0xffffff90][0xffffffa6][0xffffffe5]([0xfffffff1][0xfffffffd][0xffffffb7][0x12]n[0xffffffed][0xfffffff2][0x18][0xffffffcf][0xffffffa4]([0xffffff81][0xffffffaf]][0xffffffce][0xffffff80][0xffffffb5][0xffffffcb]i&[0xffffffd9][\n]"
18:17:45.047 [TestNG-tests-2] DEBUG org.apache.hc.client5.http.wire - http-outgoing-2 << "[0x3][0xffffff8e][0xffffffad]]N[0x19]]#)[0x11][0xffffffb2]vi[0x3][0xffffffc9]P"`[0xffffffed]R[0xffffffc2]YM[0xffffff89][0xffffffe0][0xffffffb5]KW[0xffffff9e],%[0xfffffff2][0xffffffd6].][0xffffffb5]r[0xffffff94]HY[0xffffffbb][0xffffffd4][0xffffffe2][0xffffffdd][0xffffffa0][0xffffff84][[0xffffffbb]<[0xffffff9e][0xffffffeb][0xffffffa2]([0xffffff81][0xffffffaf]][0xffffffce][0xffffff80][0xffffffb5][0xffffffcb]i&[0xffffffd9][\n]"
18:17:45.048 [TestNG-tests-2] DEBUG org.apache.hc.client5.http.wire - http-outgoing-2 << "[0x3][0xffffff8e][0xffffffad]]N[0x19]]#)[0x11][0xffffffb2]vi[0x3][0xffffffc9]P"`[0xffffffed]R[0xffffffc2]YM[0xffffff89][0xffffffe0][0xffffffb5]KW[0xffffff9e],%[0xfffffff2][0xffffffd6].][0xffffffb5]r[0xffffff94]HY[0xffffffbb][0xffffffd4][0xffffffe2][0xffffffdd][0xffffffa0][0xffffff84][[0xffffffbb]<[0xfffffffb]A[0xffffffad]]N|[0xffffffed]r[0x6][0xffffffac]]N3[0xffffffc9]V[0x18]pl[0xffffffed]r[0xffffffca][0xffffffe8][0x1a]I[0xffffff89][0xffffff90][0xffffffb5]K[0x1b]H[0xffffff86][0x12][0x1]k[0xffffff97][0x12][0xffffffce]jJ[0x4][0xffffffaf]][0xffffffba][0xfffffff2]d)[0xffffff91][0xffffffb7]v[0xffffffe9][0xffffffaa][0xffffff95][0xffffffa3]D[0xffffffca][0xffffffda][0xffffffa5][0x16][0xffffffef]_S[0xffffffe2]y[0xffffffb9][0xffffffb5][0xffffffcb][0xffffffb3]S[0x13]U[0xffffff9f][0xffffffcf][0xffffff83]R[0xffffffe2][0xffffffeb][0x9]XJ[0xfffffffc]~[0x6][0xffffff82][0x12]_[0xffffffbf]NP[0xffffffe2][0xffffffd7]/'P[0xffffffc2]E[0xffffff91][0xffffffa0][0xffffff84][0xf]$A[0x9][0x17][0xffffffcb]jJh8k)[0xffffffa1][0x11][0xffffffcd][0xffffffa1][0xffffff84]-O[0xffffff92][0x12]o[0xffffffba][0xffffff94][0xffffffa4][0xffffff84][0xffffffad]V[0xffffff8a][0x12][0xffffffa6]i[0x19]J[0xffffff98][0xffffffe2][0xffffffdd][0xffffffa0][0xffffff84][[0xffffffbb]<[0xffffff8f][0x13][0xfffffffa][0xffffffec][0xfffffff2][0xfffffff3]y`J[0xfffffff0]k[0xffffff97][0xffffffbf][0xffffff9f][0xffffff81][0xffffffa1][0x4][0xffffffb5]v[0xfffffff9][0xffffffeb][0xffffff97]3([0xffffff91][0xffffffb1]v[0xffffffe9][0x3][0xffffffc9]P[0xffffff82]_[0xffffffbb][0xffffffd4]pVS"w[0xffffffed][0xffffffd2][0xffffff96]'K[0xffffff89][0xffffffb8][0xffffffb5]K[[0xffffffad][0x1c]%B[0xffffffd6].M[0xfffffff1]nP[0xffffffa2][Jpo%:N[0xffffff89][0x1e]@[0xffffff89][0xffffffae]y/[0xc]x[0xffffffc7]([0xffffffd1][0xffffff93]([0xffffffa1]Qd([0xffffffe1][0x2][0xffffffc9]PBcYO[0xffffff89]5[0xffffff9c][0xffffffd5][0xffffff94]X#[0xffffff9a]D[0x9]S[0xffffff9e],%l[0xffffff97][0xffffffb2][0xffffff94]0[0xffffffd5][0xffffffca]QB[0xffffff9a][0xffffff96][0xffffffa2][0xffffff84][0x14][0xffffffef][0x6]%[0xffffffdc][0xffffffda][0xffffffe5]y[0x1e][0xffffffd0][0x9][0xffffff8e][0xffffffcf][0xffffffe7][0xffffff81])[0xffffffc1][0xffffffaf]][0xfffffffe]~[0x6][0xffffff86][0x12][0xffffffd4][0xffffffda][0xffffffe5][0xffffffaf]_[0xffffffce][0xffffffa0]D[0xffffffc6][0xffffffda][0xffffffa5][0xf]$C[0x9]~[0xffffffed]R[0xffffffc3]YM[0xffffff89][0xffffffdc][0xffffffb5]K[[0xffffff9e],%[0xffffffe2][0xffffffd6].m[0xffffffb5]r[0xffffff94][0x8]Y[0xffffffbb]4[0xffffffc5][0xffffffbb]E[0xffffff89][0x16]F[0xffffff89][0xffffff86]S[0xffffffa2][0x5]P[0xffffffa2][0xffffffa1][0xffffff94]h[0x18]%Z[0x12]%[0xffffffd6](R[0xffffff94][0xffffffd0]@R[0xffffff94]XcIP[0xffffffa2][0xffffffc1][0xffffff94]h[0xffffffc1][0xffffff94][0xffffff90][0xfffffff2][0xffffffa4])a[0xffffffba][0xffffff94][0xffffffa6][0xffffff84]T+I[0xffffff89][0xffffff96]B[0xffffff89][0xfffffff6]mJ[0xffffffb8][0xffffffb5][0xffffffcb][0xfffffff3]z[0xe][0xffffff8a][0x12][0xfffffff4][0xffffffda][0xffffffe5][0xffffffd7][0x13][0xffffffd0][0xffffff94] [0xffffffd7].[0xffffffbf]~[0xffffff9d][0xffffffa1]D[0xffffffd0][0xffffffda][0xffffffa5][0xffffff8b]"C[0xffffff89][0xffffff94][0xffffffb5]K[0x17][0xffffffcb]zJ[0xffffffb0]k[0xffffff97][0x1a][0xffffffd1]$J[0xffffff84][0xffffffad]][0xffffffbe][0xffffffe9]R[0xffffff96][0x12]Ak[0xffffff97][0xffffffa6]i)J|[0x7f][0xffffffed][0xfffffff2]y][0xffffff86][0x12][0xffffffd7][0xffffffeb][0xfffffff5][0xffffffa2](q[0xffffffe1][0xffffff94][0xffffffb8][0x2](qi[0xffffffde][0xb][0x3]~a[0xffffff94][0xffffffb8][0xffffff92]([0xffffffa1]Qd([0xffffffe1][0x2][0xffffffc9]PBcYO[0xffffff89]5[0xffffff9c][0xffffffd5][0xffffff94]X#[0xffffff9a]D[0x9]S[0xffffff9e],%l[0xffffff97][0xffffffb2][0xffffff94]0[0xffffffd5][0xffffffca]QB[0xffffff9a][0xffffff96][0xffffffa2][0xffffff84][0x14][0xffffffef][0x6]%[0xffffff86][0xffffffa3]D[0xffffffbb][0xffffffb0][0xffffffcf].[0x7]N[0xffffff89][0x11]@[0xffffff89][0xffffffa1]y/[0xc][0xfffffff8][0xffffffc0](1[0xffffff92]([0xffffffa1]Qd([0xffffffe1][0x2][0xffffffc9]PBcYO[0xffffff89]5[0xffffff9c][0xffffffd5][0xffffff94]X#[0xffffff9a]D[0x9]S[0xffffff9e],%l[0xffffff97][0xffffffb2][0xffffff94]0[0xffffffd5][0xffffffca]QB[0xffffff9a][0xffffff96][0xffffffa2][0xffffff84][0x14][0xffffffef][0x6]%[0xffffffdc]p[0xfffffff6]5[0xe][0xffffffec]0(=[0xffffff9c][0xfffffffd][0xfffffff5][0x4]4%[0xffffffc8][0xffffffe1][0xffffffec][0xffffffaf]_g([0x11]4[0xffffff9c][0xffffffed][0xffffffa2][0xffffffc8]P"e8[0xffffffdb][0xffffffc5][0xffffffb2][0xffffff9e][0x12][0xffffffec]p[0xffffffb6]F4[0xffffff89][0x12]a[0xffffffc3][0xffffffd9]o[0xffffffba][0xffffff94][0xffffffa5]D[0xffffffd0]p[0xffffffb6]iZ[0xffffff8a][0x12][0xffffffdf][0x1f][0xffffffce]~^n8[0xfffffffb][0xfffffffa][0xfffffff8][0xffffffa7])J[0xffffffd0][0xffffffc3][0xffffffd9]_O@S[0xffffff82][0x1c][0xffffffce][0xfffffffe][0xfffffffa]u[0xffffff86][0x12]A[0xffffffc3][0xffffffd9].[0xffffff8a][0xc]%R[0xffffff86][0xffffffb3]],[0xffffffeb])[0xffffffc1][0xe]gkD[0xffffff93]([0x11]6[0xffffff9c][0xfffffffd][0xffffffa6]KYJ[0x4][\r]g[0xffffff9b][0xffffffa6][0xffffffa5]([0xfffffff1][0xfffffffd][0xffffffe1][0xffffffec][0xffffffe7][0xffffffe5][0xffffff86][0xffffffb3][0xffffffc7][0xffffffab]?[0x14]%[0xffffffe8][0xffffffe1][0xffffffec][0xffffffaf]'[0xffffffa0])A[0xe]g[0x7f][0xfffffffd]:C[0xffffff89][0xffffffa0][0xffffffe1]l[0x17]E[0xffffff86][0x12])"
18:17:45.048 [TestNG-tests-2] DEBUG org.apache.hc.client5.http.wire - http-outgoing-2 << "[0xffffffc3][0xffffffd9].[0xffffff96][0xfffffff5][0xffffff94]`[0xffffff87][0xffffffb3]5[0xffffffa2]I[0xffffff94][0x8][0x1b][0xffffffce]~[0xffffffd3][0xffffffa5],%[0xffffff82][0xffffff86][0xffffffb3]M[0xffffffd3]R[0xffffff94][0xfffffff8][0xf][0xffffff86][0xffffffb3][0xffffff9b][0x1b][0xffffffce][0x1e]}4[0xffffff88][0x12][\r][0x1f][0xffffffce]n[0x1][0xffffffc3][0xffffffd9][0xffffffcd][0xffffffac][0xffffffbb][0xffffffd6][0x5][0xffffffbc]a[0xffffffc3][0xffffffd9]M[0xfffffff6][AJ[0xffffff98]("[0xffffff94][0xffffffb0][0xffffff81]D(abYN[0x9][0x9]g1%$[0xffffffa2]A[0xffffff94]p[0xffffffe5][0xffffff89]R[0xffffffc2]w)J[0x9]W[0xffffffad][0x18]%[0xffffffb4]i!Jh[0xfffffff1]nP[0xffffffc2][\r]g[0xffffff8f][0xffffffbb]A[0xffffffd7]y}>[0xf]L[0xffffff89][0xffffff80][0xffffffe1][0xffffffec]f[0xffffffd6]][0xb][0x3][0xffffff8e][\r]g7[0xffffffd9]o%)[0x11]2[0xffffff9c]m[0x3][0xffffffc9]P"`8[[0xffffffc2]YM[0xffffff89][0xffffffe0][0xffffffe1]lW[0xffffff9e],%[0xfffffff2][0xffffff86][0xffffffb3]][0xffffffb5]r[0xffffff94]H[0x19][0xffffffce][0xffffffd6][0xffffffe2][0xffffffdd][0xffffffa0]Dw[0xffffff94]xN[0xffffff8c][0x12][0x1d][0xffffffa7]D[0xf][0xffffffa0]D[0xffffffd7][0xffffffbc][0x17][0x6][0xffffffbc]c[0xffffff94][0xffffffe8]I[0xffffff94][0xffffffd0](2[0xffffff94]p[0xffffff81]d([0xffffffa1][0xffffffb1][0xffffffac][0xffffffa7][0xffffffc4][0x1a][0xffffffce]jJ[0xffffffac][0x11]M[0xffffffa2][0xffffff84])O[0xffffff96][0x12][0xffffffb6]KYJ[0xffffff98]j[0xffffffe5](!MKQB[0xffffff8a]w[0xffffff83][0x12]n8[0xfffffffb][0xffffffee][0xffffff8d]:[0xffffffc1][0xffffffd1][0xfffffff0][0xffffffe1][0xffffffec][0x16]0[0xffffff9c][0xffffffdd][0xffffffcc][0xffffffba]ka[0xffffffc0][0xffffffb1][0xffffffe1][0xffffffec]&[0xfffffffb][0xffffffad]$%B[0xffffff86][0xffffffb3]m [0x19]J[0x4][0xc]gK8[0xffffffab])[0x11]<[0xffffff9c][0xffffffed][0xffffffca][0xffffff93][0xffffffa5]D[0xffffffde]p[0xffffffb6][0xffffffab]V[0xffffff8e][0x12])[0xffffffc3][0xffffffd9]Z[0xffffffbc][0x1b][0xffffff94]pk[0xffffff97]w[0x7f][0xffffffb0][0xffffffb7][0x12][0xfffffff8][0xffffffda]e[0xb]X[0xffffffbb]lf[0xffffff92][0xffffffad]0[0xffffffe0][0xffffffd8][0xffffffda]e[0xffffff93][0xffffffd1]5[0xffffff92][0x12]!k[0xffffff97]6[0xffffff90][0xc]%[0x2][0xffffffd6].%[0xffffff9c][0xffffffd5][0xffffff94][0x8]^[0xffffffbb]t[0xffffffe5][0xffffffc9]R"o[0xffffffed][0xffffffd2]U+G[0xffffff89][0xffffff94][0xffffffb5]K-[0xffffffde][\r]J[0xffffffb8][0xffffffb5][0xffffffcb][0xfffffffb][0xffffffe0][0xfffffffe][0xffffffc0][0xffffff81][0xffffffaf]][0xffffffb6][0xffffff80][0xffffffb5][0xffffffcb]f&[0xffffffd9][\n]"
18:17:45.048 [TestNG-tests-2] DEBUG org.apache.hc.client5.http.wire - http-outgoing-2 << "[0x3][0xffffff8e][0xffffffad]]6[0x19]]#)[0x11][0xffffffb2]vi[0x3][0xffffffc9]P"`[0xffffffed]R[0xffffffc2]YM[0xffffff89][0xffffffe0][0xffffffb5]KW[0xffffff9e],%[0xfffffff2][0xffffffd6].][0xffffffb5]r[0xffffff94]HY[0xffffffbb][0xffffffd4][0xffffffe2][0xffffffdd][0xffffffa0][0xffffff84][[0xffffffbb][0xffffffbc][0xffffff8f]I[0xffffffdd][0xffffffc1][0xffffffd1][0xfffffff0][0xffffffb5][0xffffffcb][0x16][0xffffffb0]v[0xffffffd9][0xffffffcc]$[a[0xffffffc0][0xffffffb1][0xffffffb5][0xffffffcb]&[0xffffffa3]k$%B[0xffffffd6].m [0x19]J[0x4][0xffffffac]]J8[0xffffffab])[0x11][0xffffffbc]v[0xffffffe9][0xffffffca][0xffffff93][0xffffffa5]D[0xffffffde][0xffffffda][0xffffffa5][0xffffffab]V[0xffffff8e][0x12])k[0xffffff97]Z[0xffffffbc][0x1b][0xffffff94]pk[0xffffff97][0xfffffff7]yRwp4|[0xffffffed][0xffffffb2][0x5][0xffffffac]]63[0xffffffc9]V[0x18]pl[0xffffffed][0xffffffb2][0xffffffc9][0xffffffe8][0x1a]I[0xffffff89][0xffffff90][0xffffffb5]K[0x1b]H[0xffffff86][0x12][0x1]k[0xffffff97][0x12][0xffffffce]jJ[0x4][0xffffffaf]][0xffffffba][0xfffffff2]d)[0xffffff91][0xffffffb7]v[0xffffffe9][0xffffffaa][0xffffff95][0xffffffa3]D[0xffffffca][0xffffffda][0xffffffa5][0x16][0xffffffef][0xffffffdf]S[0xffffffa2][0xffffffbb]][0xffffff89][0xffffffe7][0xfffffff5]P[0xffffffbb][0x12][0x1d][0xffffffdf][0xffffff95][0xffffffe8][0x1][0xffffffbb][0x12][0xffffffdd][0x1c]~[0xffffffae][0xb]x[0xffffffc7]v%[0xffffffba][0x1c]o[0x6])a[0xffffffa2][0xffffff88]P[0xffffffc2][0x6][0x12][0xffffffa1][0xffffff84][0xffffff89]e9%$[0xffffff9c][0xffffffc5][0xffffff94][0xffffff90][0xffffff88][0x6]Q[0xffffffc2][0xffffff95]'J[0x9][0xffffffdf][0xffffffa5](%\[0xffffffb5]b[0xffffff94][0xffffffd0][0xffffffa6][0xffffff85]([0xffffffa1][0xffffffc5][0xfffffffb][0xffffffaf][0xffffff94][0xfffffff8][0x7f][0xffffffff][0xffffffbf][0xffffffff][0xffffffe7][0xffffffff][0x7][0xffffffea][0xffffffbc][0xffffff83][0xffffff83][0xfffffff3][0xffffffbd][0x1e][0x0]"
18:17:45.139 [TestNG-tests-2] DEBUG org.apache.hc.client5.http.impl.classic.InternalHttpClient - ep-0000000003 releasing valid endpoint
18:17:45.139 [TestNG-tests-2] DEBUG org.apache.hc.client5.http.impl.io.PoolingHttpClientConnectionManager - ep-0000000003 releasing endpoint
18:17:45.139 [TestNG-tests-2] DEBUG org.apache.hc.client5.http.impl.io.PoolingHttpClientConnectionManager - ep-0000000003 connection http-outgoing-2 can be kept alive for 3 MINUTES
18:17:45.139 [TestNG-tests-2] DEBUG org.apache.hc.client5.http.impl.io.PoolingHttpClientConnectionManager - ep-0000000003 connection released [route: {s}->https://googlechromelabs.github.io:443][total available: 2; route allocated: 1 of 5; total allocated: 2 of 25]
18:17:45.139 [TestNG-tests-2] INFO io.github.bonigarcia.wdm.WebDriverManager - Using chromedriver 130.0.6723.91 (resolved driver for Chrome 130)
18:17:45.140 [TestNG-tests-2] DEBUG io.github.bonigarcia.wdm.cache.ResolutionCache - Storing resolution chrome=130 in cache (valid until 19:17:45 05/11/2024 ICT)
18:17:45.141 [TestNG-tests-2] DEBUG io.github.bonigarcia.wdm.cache.ResolutionCache - Storing resolution chrome130=130.0.6723.91 in cache (valid until 18:17:45 06/11/2024 ICT)
18:17:45.147 [TestNG-tests-2] DEBUG io.github.bonigarcia.wdm.WebDriverManager - Driver chromedriver 130.0.6723.91 found in cache
18:17:45.148 [TestNG-tests-2] INFO io.github.bonigarcia.wdm.WebDriverManager - Exporting webdriver.chrome.driver as /Users/anhlan/.cache/selenium/chromedriver/mac-arm64/130.0.6723.91/chromedriver
]]></system-out>
    <system-err><![CDATA[Nov 05, 2024 6:17:46 PM org.openqa.selenium.devtools.CdpVersionFinder findNearestMatch
WARNING: Unable to find an exact match for CDP version 130, returning the closest version; found: 129; Please update to a Selenium version that supports CDP version 130
]]></system-err>
  </testcase>
  <testcase name="launchApplication" classname="anhlan.tests.errorValidations" time="0.0">
    <skipped/>
  </testcase>
  <testcase name="loginErrorValidation" classname="anhlan.tests.errorValidations" time="0.0">
    <skipped message="java.net.http.HttpTimeoutException: request timed out&#10;Build info: version: &apos;4.25.0&apos;, revision: &apos;8a8aea2337&apos;&#10;System info: os.name: &apos;Mac OS X&apos;, os.arch: &apos;aarch64&apos;, os.version: &apos;15.0.1&apos;, java.version: &apos;21.0.4&apos;&#10;Driver info: org.openqa.selenium.chrome.ChromeDriver&#10;Command: [192211bd101e8c6e29e49d8899c2daa8, get {url=https://rahulshettyacademy.com/client}]&#10;Capabilities {acceptInsecureCerts: false, browserName: chrome, browserVersion: 130.0.6723.92, chrome: {chromedriverVersion: 130.0.6723.91 (53ac07678369..., userDataDir: /var/folders/zx/lft7lzk56tl...}, fedcm:accounts: true, goog:chromeOptions: {debuggerAddress: localhost:56115}, networkConnectionEnabled: false, pageLoadStrategy: normal, platformName: mac, proxy: Proxy(), se:cdp: ws://localhost:56115/devtoo..., se:cdpVersion: 130.0.6723.92, setWindowRect: true, strictFileInteractability: false, timeouts: {implicit: 0, pageLoad: 300000, script: 30000}, unhandledPromptBehavior: dismiss and notify, webauthn:extension:credBlob: true, webauthn:extension:largeBlob: true, webauthn:extension:minPinLength: true, webauthn:extension:prf: true, webauthn:virtualAuthenticators: true}&#10;Session ID: 192211bd101e8c6e29e49d8899c2daa8"/>
  </testcase>
  <testcase name="tearDown" classname="anhlan.tests.errorValidations" time="1621.122">
    <failure message="Timed out waiting for driver server to stop.&#10;Build info: version: &apos;4.25.0&apos;, revision: &apos;8a8aea2337&apos;&#10;System info: os.name: &apos;Mac OS X&apos;, os.arch: &apos;aarch64&apos;, os.version: &apos;15.0.1&apos;, java.version: &apos;21.0.4&apos;&#10;Driver info: org.openqa.selenium.chrome.ChromeDriver&#10;Command: [192211bd101e8c6e29e49d8899c2daa8, quit {}]&#10;Capabilities {acceptInsecureCerts: false, browserName: chrome, browserVersion: 130.0.6723.92, chrome: {chromedriverVersion: 130.0.6723.91 (53ac07678369..., userDataDir: /var/folders/zx/lft7lzk56tl...}, fedcm:accounts: true, goog:chromeOptions: {debuggerAddress: localhost:56115}, networkConnectionEnabled: false, pageLoadStrategy: normal, platformName: mac, proxy: Proxy(), se:cdp: ws://localhost:56115/devtoo..., se:cdpVersion: 130.0.6723.92, setWindowRect: true, strictFileInteractability: false, timeouts: {implicit: 0, pageLoad: 300000, script: 30000}, unhandledPromptBehavior: dismiss and notify, webauthn:extension:credBlob: true, webauthn:extension:largeBlob: true, webauthn:extension:minPinLength: true, webauthn:extension:prf: true, webauthn:virtualAuthenticators: true}&#10;Session ID: 192211bd101e8c6e29e49d8899c2daa8" type="org.openqa.selenium.WebDriverException"><![CDATA[org.openqa.selenium.WebDriverException: 
Timed out waiting for driver server to stop.
Build info: version: '4.25.0', revision: '8a8aea2337'
System info: os.name: 'Mac OS X', os.arch: 'aarch64', os.version: '15.0.1', java.version: '21.0.4'
Driver info: org.openqa.selenium.chrome.ChromeDriver
Command: [192211bd101e8c6e29e49d8899c2daa8, quit {}]
Capabilities {acceptInsecureCerts: false, browserName: chrome, browserVersion: 130.0.6723.92, chrome: {chromedriverVersion: 130.0.6723.91 (53ac07678369..., userDataDir: /var/folders/zx/lft7lzk56tl...}, fedcm:accounts: true, goog:chromeOptions: {debuggerAddress: localhost:56115}, networkConnectionEnabled: false, pageLoadStrategy: normal, platformName: mac, proxy: Proxy(), se:cdp: ws://localhost:56115/devtoo..., se:cdpVersion: 130.0.6723.92, setWindowRect: true, strictFileInteractability: false, timeouts: {implicit: 0, pageLoad: 300000, script: 30000}, unhandledPromptBehavior: dismiss and notify, webauthn:extension:credBlob: true, webauthn:extension:largeBlob: true, webauthn:extension:minPinLength: true, webauthn:extension:prf: true, webauthn:virtualAuthenticators: true}
Session ID: 192211bd101e8c6e29e49d8899c2daa8
	at org.openqa.selenium.remote.service.DriverCommandExecutor.execute(DriverCommandExecutor.java:164)
	at org.openqa.selenium.remote.RemoteWebDriver.execute(RemoteWebDriver.java:545)
	at org.openqa.selenium.remote.RemoteWebDriver.execute(RemoteWebDriver.java:618)
	at org.openqa.selenium.remote.RemoteWebDriver.execute(RemoteWebDriver.java:622)
	at org.openqa.selenium.remote.RemoteWebDriver.quit(RemoteWebDriver.java:446)
	at org.openqa.selenium.chromium.ChromiumDriver.quit(ChromiumDriver.java:435)
	at anhlan.testComponents.baseTest.tearDown(baseTest.java:67)
	at java.base/jdk.internal.reflect.DirectMethodHandleAccessor.invoke(DirectMethodHandleAccessor.java:103)
	at java.base/java.lang.reflect.Method.invoke(Method.java:580)
	at org.testng.internal.invokers.MethodInvocationHelper.invokeMethod(MethodInvocationHelper.java:141)
	at org.testng.internal.invokers.MethodInvocationHelper.invokeMethodConsideringTimeout(MethodInvocationHelper.java:71)
	at org.testng.internal.invokers.ConfigInvoker.invokeConfigurationMethod(ConfigInvoker.java:400)
	at org.testng.internal.invokers.ConfigInvoker.invokeConfigurations(ConfigInvoker.java:333)
	at org.testng.internal.invokers.TestInvoker.runConfigMethods(TestInvoker.java:833)
	at org.testng.internal.invokers.TestInvoker.runAfterConfigurations(TestInvoker.java:802)
	at org.testng.internal.invokers.TestInvoker.invokeMethod(TestInvoker.java:622)
	at org.testng.internal.invokers.TestInvoker.invokeTestMethod(TestInvoker.java:230)
	at org.testng.internal.invokers.MethodRunner.runInSequence(MethodRunner.java:63)
	at org.testng.internal.invokers.TestInvoker$MethodInvocationAgent.invoke(TestInvoker.java:992)
	at org.testng.internal.invokers.TestInvoker.invokeTestMethods(TestInvoker.java:203)
	at org.testng.internal.invokers.TestMethodWorker.invokeTestMethods(TestMethodWorker.java:154)
	at org.testng.internal.invokers.TestMethodWorker.run(TestMethodWorker.java:134)
	at java.base/java.util.ArrayList.forEach(ArrayList.java:1596)
	at org.testng.TestRunner.privateRun(TestRunner.java:739)
	at org.testng.TestRunner.run(TestRunner.java:614)
	at org.testng.SuiteRunner.runTest(SuiteRunner.java:421)
	at org.testng.SuiteRunner$SuiteWorker.run(SuiteRunner.java:463)
	at org.testng.internal.thread.ThreadUtil.lambda$execute$0(ThreadUtil.java:64)
	at java.base/java.util.concurrent.FutureTask.run(FutureTask.java:317)
	at java.base/java.util.concurrent.ThreadPoolExecutor.runWorker(ThreadPoolExecutor.java:1144)
	at java.base/java.util.concurrent.ThreadPoolExecutor$Worker.run(ThreadPoolExecutor.java:642)
	at java.base/java.lang.Thread.run(Thread.java:1583)
Caused by: java.util.concurrent.ExecutionException: org.openqa.selenium.TimeoutException: java.net.http.HttpTimeoutException: request timed out
Build info: version: '4.25.0', revision: '8a8aea2337'
System info: os.name: 'Mac OS X', os.arch: 'aarch64', os.version: '15.0.1', java.version: '21.0.4'
Driver info: driver.version: unknown
	at java.base/java.util.concurrent.CompletableFuture.reportGet(CompletableFuture.java:396)
	at java.base/java.util.concurrent.CompletableFuture.get(CompletableFuture.java:2096)
	at org.openqa.selenium.remote.service.DriverCommandExecutor.execute(DriverCommandExecutor.java:160)
	... 31 more
Caused by: org.openqa.selenium.TimeoutException: java.net.http.HttpTimeoutException: request timed out
Build info: version: '4.25.0', revision: '8a8aea2337'
System info: os.name: 'Mac OS X', os.arch: 'aarch64', os.version: '15.0.1', java.version: '21.0.4'
Driver info: driver.version: unknown
	at org.openqa.selenium.remote.http.jdk.JdkHttpClient.execute0(JdkHttpClient.java:408)
	at org.openqa.selenium.remote.http.AddSeleniumUserAgent.lambda$apply$0(AddSeleniumUserAgent.java:42)
	at org.openqa.selenium.remote.http.Filter.lambda$andFinally$1(Filter.java:55)
	at org.openqa.selenium.remote.http.jdk.JdkHttpClient.execute(JdkHttpClient.java:374)
	at org.openqa.selenium.remote.HttpCommandExecutor.execute(HttpCommandExecutor.java:187)
	at org.openqa.selenium.remote.service.DriverCommandExecutor.invokeExecute(DriverCommandExecutor.java:216)
	at org.openqa.selenium.remote.service.DriverCommandExecutor.lambda$execute$1(DriverCommandExecutor.java:126)
	at java.base/java.util.concurrent.CompletableFuture$AsyncSupply.run(CompletableFuture.java:1768)
	... 3 more
Caused by: java.net.http.HttpTimeoutException: request timed out
	at java.net.http/jdk.internal.net.http.ResponseTimerEvent.handle(ResponseTimerEvent.java:63)
	at java.net.http/jdk.internal.net.http.HttpClientImpl.purgeTimeoutsAndReturnNextDeadline(HttpClientImpl.java:1778)
	at java.net.http/jdk.internal.net.http.HttpClientImpl$SelectorManager.run(HttpClientImpl.java:1376)
]]></failure>
    <system-err><![CDATA[Nov 05, 2024 7:01:16 PM org.openqa.selenium.concurrent.ExecutorServices shutdownGracefully
WARNING: Failed to shutdown Driver Command Executor
]]></system-err>
  </testcase>
  <testcase name="productErrorValidation" classname="anhlan.tests.errorValidations" time="0.0">
    <skipped message="java.net.http.HttpTimeoutException: request timed out&#10;Build info: version: &apos;4.25.0&apos;, revision: &apos;8a8aea2337&apos;&#10;System info: os.name: &apos;Mac OS X&apos;, os.arch: &apos;aarch64&apos;, os.version: &apos;15.0.1&apos;, java.version: &apos;21.0.4&apos;&#10;Driver info: org.openqa.selenium.chrome.ChromeDriver&#10;Command: [192211bd101e8c6e29e49d8899c2daa8, get {url=https://rahulshettyacademy.com/client}]&#10;Capabilities {acceptInsecureCerts: false, browserName: chrome, browserVersion: 130.0.6723.92, chrome: {chromedriverVersion: 130.0.6723.91 (53ac07678369..., userDataDir: /var/folders/zx/lft7lzk56tl...}, fedcm:accounts: true, goog:chromeOptions: {debuggerAddress: localhost:56115}, networkConnectionEnabled: false, pageLoadStrategy: normal, platformName: mac, proxy: Proxy(), se:cdp: ws://localhost:56115/devtoo..., se:cdpVersion: 130.0.6723.92, setWindowRect: true, strictFileInteractability: false, timeouts: {implicit: 0, pageLoad: 300000, script: 30000}, unhandledPromptBehavior: dismiss and notify, webauthn:extension:credBlob: true, webauthn:extension:largeBlob: true, webauthn:extension:minPinLength: true, webauthn:extension:prf: true, webauthn:virtualAuthenticators: true}&#10;Session ID: 192211bd101e8c6e29e49d8899c2daa8"/>
  </testcase>
  <testcase name="submitOrder[{password=Anh.lan@123, product=ZARA COAT 3, email=anhlan.selenium@email.com}](1)" classname="anhlan.tests.submitOrderTest" time="3.896">
    <system-out><![CDATA[19:27:55.430 [TestNG-tests-1] DEBUG org.apache.hc.client5.http.wire - http-outgoing-3 << "[read] I/O error: Read timed out"
19:27:55.460 [TestNG-tests-1] DEBUG org.apache.hc.client5.http.impl.io.DefaultManagedHttpClientConnection - http-outgoing-3 close connection GRACEFUL
19:27:55.548 [TestNG-tests-1] DEBUG org.apache.hc.client5.http.impl.classic.InternalHttpClient - ep-0000000004 endpoint closed
19:27:55.549 [TestNG-tests-1] DEBUG org.apache.hc.client5.http.impl.classic.InternalHttpClient - ep-0000000004 endpoint closed
19:27:55.549 [TestNG-tests-1] DEBUG org.apache.hc.client5.http.impl.classic.InternalHttpClient - ep-0000000004 discarding endpoint
19:27:55.549 [TestNG-tests-1] DEBUG org.apache.hc.client5.http.impl.io.PoolingHttpClientConnectionManager - ep-0000000004 releasing endpoint
19:27:55.549 [TestNG-tests-1] DEBUG org.apache.hc.client5.http.impl.io.PoolingHttpClientConnectionManager - ep-0000000004 connection is not kept alive
19:27:55.549 [TestNG-tests-1] DEBUG org.apache.hc.client5.http.impl.io.PoolingHttpClientConnectionManager - ep-0000000004 connection released [route: {s}->https://googlechromelabs.github.io:443][total available: 1; route allocated: 0 of 5; total allocated: 1 of 25]
19:27:55.567 [TestNG-tests-1] WARN io.github.bonigarcia.wdm.versions.VersionDetector - Exception reading CfT URL ('https://googlechromelabs.github.io/chrome-for-testing/known-good-versions-with-downloads.json') to get version of chromedriver (java.net.SocketTimeoutException: Read timed out)
19:27:55.575 [TestNG-tests-1] DEBUG org.apache.hc.client5.http.impl.classic.InternalHttpClient - ex-0000000005 preparing request execution
19:27:55.578 [TestNG-tests-1] DEBUG org.apache.hc.client5.http.impl.classic.ProtocolExec - ex-0000000005 target auth state: UNCHALLENGED
19:27:55.578 [TestNG-tests-1] DEBUG org.apache.hc.client5.http.impl.classic.ProtocolExec - ex-0000000005 proxy auth state: UNCHALLENGED
19:27:55.578 [TestNG-tests-1] DEBUG org.apache.hc.client5.http.impl.classic.ConnectExec - ex-0000000005 acquiring connection with route {s}->https://googlechromelabs.github.io:443
19:27:55.578 [TestNG-tests-1] DEBUG org.apache.hc.client5.http.impl.classic.InternalHttpClient - ex-0000000005 acquiring endpoint (3 MINUTES)
19:27:55.579 [TestNG-tests-1] DEBUG org.apache.hc.client5.http.impl.io.PoolingHttpClientConnectionManager - ex-0000000005 endpoint lease request (3 MINUTES) [route: {s}->https://googlechromelabs.github.io:443][total available: 1; route allocated: 0 of 5; total allocated: 1 of 25]
19:27:55.580 [TestNG-tests-1] DEBUG org.apache.hc.client5.http.impl.io.PoolingHttpClientConnectionManager - ex-0000000005 endpoint leased [route: {s}->https://googlechromelabs.github.io:443][total available: 1; route allocated: 1 of 5; total allocated: 2 of 25]
19:27:55.580 [TestNG-tests-1] DEBUG org.apache.hc.client5.http.impl.io.PoolingHttpClientConnectionManager - ex-0000000005 acquired ep-0000000005
19:27:55.580 [TestNG-tests-1] DEBUG org.apache.hc.client5.http.impl.classic.InternalHttpClient - ex-0000000005 acquired endpoint ep-0000000005
19:27:55.580 [TestNG-tests-1] DEBUG org.apache.hc.client5.http.impl.classic.ConnectExec - ex-0000000005 opening connection {s}->https://googlechromelabs.github.io:443
19:27:55.580 [TestNG-tests-1] DEBUG org.apache.hc.client5.http.impl.classic.InternalHttpClient - ep-0000000005 connecting endpoint (null)
19:27:55.580 [TestNG-tests-1] DEBUG org.apache.hc.client5.http.impl.io.PoolingHttpClientConnectionManager - ep-0000000005 connecting endpoint to https://googlechromelabs.github.io:443 (30 SECONDS)
19:27:55.580 [TestNG-tests-1] DEBUG org.apache.hc.client5.http.impl.io.DefaultHttpClientConnectionOperator - googlechromelabs.github.io resolving remote address
19:27:55.633 [TestNG-tests-1] DEBUG org.apache.hc.client5.http.impl.io.DefaultHttpClientConnectionOperator - googlechromelabs.github.io resolved to [googlechromelabs.github.io/185.199.109.153, googlechromelabs.github.io/185.199.108.153, googlechromelabs.github.io/185.199.110.153, googlechromelabs.github.io/185.199.111.153, googlechromelabs.github.io/2606:50c0:8002:0:0:0:0:153, googlechromelabs.github.io/2606:50c0:8003:0:0:0:0:153, googlechromelabs.github.io/2606:50c0:8000:0:0:0:0:153, googlechromelabs.github.io/2606:50c0:8001:0:0:0:0:153]
19:27:55.634 [TestNG-tests-1] DEBUG org.apache.hc.client5.http.impl.io.DefaultHttpClientConnectionOperator - googlechromelabs.github.io:443 connecting null->googlechromelabs.github.io/185.199.109.153:443 (30 SECONDS)
19:27:55.634 [TestNG-tests-1] DEBUG org.apache.hc.client5.http.ssl.SSLConnectionSocketFactory - Connecting socket to googlechromelabs.github.io/185.199.109.153:443 with timeout 30 SECONDS
19:27:55.700 [TestNG-tests-1] DEBUG org.apache.hc.client5.http.ssl.SSLConnectionSocketFactory - Enabled protocols: [TLSv1.3, TLSv1.2]
19:27:55.700 [TestNG-tests-1] DEBUG org.apache.hc.client5.http.ssl.SSLConnectionSocketFactory - Enabled cipher suites: [TLS_AES_256_GCM_SHA384, TLS_AES_128_GCM_SHA256, TLS_CHACHA20_POLY1305_SHA256, TLS_ECDHE_ECDSA_WITH_AES_256_GCM_SHA384, TLS_ECDHE_ECDSA_WITH_AES_128_GCM_SHA256, TLS_ECDHE_ECDSA_WITH_CHACHA20_POLY1305_SHA256, TLS_ECDHE_RSA_WITH_AES_256_GCM_SHA384, TLS_ECDHE_RSA_WITH_CHACHA20_POLY1305_SHA256, TLS_ECDHE_RSA_WITH_AES_128_GCM_SHA256, TLS_DHE_RSA_WITH_AES_256_GCM_SHA384, TLS_DHE_RSA_WITH_CHACHA20_POLY1305_SHA256, TLS_DHE_DSS_WITH_AES_256_GCM_SHA384, TLS_DHE_RSA_WITH_AES_128_GCM_SHA256, TLS_DHE_DSS_WITH_AES_128_GCM_SHA256, TLS_ECDHE_ECDSA_WITH_AES_256_CBC_SHA384, TLS_ECDHE_RSA_WITH_AES_256_CBC_SHA384, TLS_ECDHE_ECDSA_WITH_AES_128_CBC_SHA256, TLS_ECDHE_RSA_WITH_AES_128_CBC_SHA256, TLS_DHE_RSA_WITH_AES_256_CBC_SHA256, TLS_DHE_DSS_WITH_AES_256_CBC_SHA256, TLS_DHE_RSA_WITH_AES_128_CBC_SHA256, TLS_DHE_DSS_WITH_AES_128_CBC_SHA256, TLS_ECDHE_ECDSA_WITH_AES_256_CBC_SHA, TLS_ECDHE_RSA_WITH_AES_256_CBC_SHA, TLS_ECDHE_ECDSA_WITH_AES_128_CBC_SHA, TLS_ECDHE_RSA_WITH_AES_128_CBC_SHA, TLS_DHE_RSA_WITH_AES_256_CBC_SHA, TLS_DHE_DSS_WITH_AES_256_CBC_SHA, TLS_DHE_RSA_WITH_AES_128_CBC_SHA, TLS_DHE_DSS_WITH_AES_128_CBC_SHA, TLS_RSA_WITH_AES_256_GCM_SHA384, TLS_RSA_WITH_AES_128_GCM_SHA256, TLS_RSA_WITH_AES_256_CBC_SHA256, TLS_RSA_WITH_AES_128_CBC_SHA256, TLS_RSA_WITH_AES_256_CBC_SHA, TLS_RSA_WITH_AES_128_CBC_SHA, TLS_EMPTY_RENEGOTIATION_INFO_SCSV]
19:27:55.701 [TestNG-tests-1] DEBUG org.apache.hc.client5.http.ssl.SSLConnectionSocketFactory - Starting handshake (null)
19:27:55.812 [TestNG-tests-1] DEBUG org.apache.hc.client5.http.ssl.SSLConnectionSocketFactory - Secure session established
19:27:55.812 [TestNG-tests-1] DEBUG org.apache.hc.client5.http.ssl.SSLConnectionSocketFactory -  negotiated protocol: TLSv1.3
19:27:55.812 [TestNG-tests-1] DEBUG org.apache.hc.client5.http.ssl.SSLConnectionSocketFactory -  negotiated cipher suite: TLS_AES_128_GCM_SHA256
19:27:55.812 [TestNG-tests-1] DEBUG org.apache.hc.client5.http.ssl.SSLConnectionSocketFactory -  peer principal: CN=*.github.io, O="GitHub, Inc.", L=San Francisco, ST=California, C=US
19:27:55.812 [TestNG-tests-1] DEBUG org.apache.hc.client5.http.ssl.SSLConnectionSocketFactory -  peer alternative names: [*.github.io, github.io, githubusercontent.com, www.github.com, *.github.com, *.githubusercontent.com, github.com]
19:27:55.812 [TestNG-tests-1] DEBUG org.apache.hc.client5.http.ssl.SSLConnectionSocketFactory -  issuer principal: CN=DigiCert Global G2 TLS RSA SHA256 2020 CA1, O=DigiCert Inc, C=US
19:27:55.812 [TestNG-tests-1] DEBUG org.apache.hc.client5.http.impl.io.DefaultManagedHttpClientConnection - http-outgoing-4 set socket timeout to 3 MINUTES
19:27:55.813 [TestNG-tests-1] DEBUG org.apache.hc.client5.http.impl.io.DefaultHttpClientConnectionOperator - googlechromelabs.github.io:443 connected null->googlechromelabs.github.io/185.199.109.153:443 as http-outgoing-4
19:27:55.813 [TestNG-tests-1] DEBUG org.apache.hc.client5.http.impl.io.PoolingHttpClientConnectionManager - ep-0000000005 connected http-outgoing-4
19:27:55.813 [TestNG-tests-1] DEBUG org.apache.hc.client5.http.impl.classic.InternalHttpClient - ep-0000000005 endpoint connected
19:27:55.813 [TestNG-tests-1] DEBUG org.apache.hc.client5.http.impl.classic.MainClientExec - ex-0000000005 executing GET /chrome-for-testing/LATEST_RELEASE_130 HTTP/1.1
19:27:55.813 [TestNG-tests-1] DEBUG org.apache.hc.client5.http.protocol.RequestAddCookies - ex-0000000005 Cookie spec selected: strict
19:27:55.813 [TestNG-tests-1] DEBUG org.apache.hc.client5.http.impl.classic.InternalHttpClient - ep-0000000005 start execution ex-0000000005
19:27:55.813 [TestNG-tests-1] DEBUG org.apache.hc.client5.http.impl.io.PoolingHttpClientConnectionManager - ep-0000000005 executing exchange ex-0000000005 over http-outgoing-4
19:27:55.814 [TestNG-tests-1] DEBUG org.apache.hc.client5.http.headers - http-outgoing-4 >> GET /chrome-for-testing/LATEST_RELEASE_130 HTTP/1.1
19:27:55.814 [TestNG-tests-1] DEBUG org.apache.hc.client5.http.headers - http-outgoing-4 >> user-agent: Apache-HttpClient/5.0
19:27:55.814 [TestNG-tests-1] DEBUG org.apache.hc.client5.http.headers - http-outgoing-4 >> accept-encoding: gzip, deflate, br
19:27:55.814 [TestNG-tests-1] DEBUG org.apache.hc.client5.http.headers - http-outgoing-4 >> cache-control: max-age=0
19:27:55.814 [TestNG-tests-1] DEBUG org.apache.hc.client5.http.headers - http-outgoing-4 >> connection: keep-alive
19:27:55.814 [TestNG-tests-1] DEBUG org.apache.hc.client5.http.headers - http-outgoing-4 >> Host: googlechromelabs.github.io
19:27:55.814 [TestNG-tests-1] DEBUG org.apache.hc.client5.http.wire - http-outgoing-4 >> "GET /chrome-for-testing/LATEST_RELEASE_130 HTTP/1.1[\r][\n]"
19:27:55.814 [TestNG-tests-1] DEBUG org.apache.hc.client5.http.wire - http-outgoing-4 >> "user-agent: Apache-HttpClient/5.0[\r][\n]"
19:27:55.814 [TestNG-tests-1] DEBUG org.apache.hc.client5.http.wire - http-outgoing-4 >> "accept-encoding: gzip, deflate, br[\r][\n]"
19:27:55.814 [TestNG-tests-1] DEBUG org.apache.hc.client5.http.wire - http-outgoing-4 >> "cache-control: max-age=0[\r][\n]"
19:27:55.814 [TestNG-tests-1] DEBUG org.apache.hc.client5.http.wire - http-outgoing-4 >> "connection: keep-alive[\r][\n]"
19:27:55.814 [TestNG-tests-1] DEBUG org.apache.hc.client5.http.wire - http-outgoing-4 >> "Host: googlechromelabs.github.io[\r][\n]"
19:27:55.814 [TestNG-tests-1] DEBUG org.apache.hc.client5.http.wire - http-outgoing-4 >> "[\r][\n]"
19:27:56.098 [TestNG-tests-1] DEBUG org.apache.hc.client5.http.wire - http-outgoing-4 << "HTTP/1.1 200 OK[\r][\n]"
19:27:56.098 [TestNG-tests-1] DEBUG org.apache.hc.client5.http.wire - http-outgoing-4 << "Connection: keep-alive[\r][\n]"
19:27:56.098 [TestNG-tests-1] DEBUG org.apache.hc.client5.http.wire - http-outgoing-4 << "Content-Length: 13[\r][\n]"
19:27:56.098 [TestNG-tests-1] DEBUG org.apache.hc.client5.http.wire - http-outgoing-4 << "Server: GitHub.com[\r][\n]"
19:27:56.098 [TestNG-tests-1] DEBUG org.apache.hc.client5.http.wire - http-outgoing-4 << "Content-Type: application/octet-stream[\r][\n]"
19:27:56.098 [TestNG-tests-1] DEBUG org.apache.hc.client5.http.wire - http-outgoing-4 << "permissions-policy: interest-cohort=()[\r][\n]"
19:27:56.103 [TestNG-tests-1] DEBUG org.apache.hc.client5.http.wire - http-outgoing-4 << "x-origin-cache: HIT[\r][\n]"
19:27:56.104 [TestNG-tests-1] DEBUG org.apache.hc.client5.http.wire - http-outgoing-4 << "Last-Modified: Tue, 05 Nov 2024 12:12:57 GMT[\r][\n]"
19:27:56.104 [TestNG-tests-1] DEBUG org.apache.hc.client5.http.wire - http-outgoing-4 << "Access-Control-Allow-Origin: *[\r][\n]"
19:27:56.104 [TestNG-tests-1] DEBUG org.apache.hc.client5.http.wire - http-outgoing-4 << "Strict-Transport-Security: max-age=31556952[\r][\n]"
19:27:56.104 [TestNG-tests-1] DEBUG org.apache.hc.client5.http.wire - http-outgoing-4 << "ETag: "672a0bc9-d"[\r][\n]"
19:27:56.104 [TestNG-tests-1] DEBUG org.apache.hc.client5.http.wire - http-outgoing-4 << "expires: Tue, 05 Nov 2024 12:37:56 GMT[\r][\n]"
19:27:56.104 [TestNG-tests-1] DEBUG org.apache.hc.client5.http.wire - http-outgoing-4 << "Cache-Control: max-age=600[\r][\n]"
19:27:56.104 [TestNG-tests-1] DEBUG org.apache.hc.client5.http.wire - http-outgoing-4 << "x-proxy-cache: MISS[\r][\n]"
19:27:56.104 [TestNG-tests-1] DEBUG org.apache.hc.client5.http.wire - http-outgoing-4 << "X-GitHub-Request-Id: FDDE:2A2786:5E6C2:627B2:672A0F4B[\r][\n]"
19:27:56.104 [TestNG-tests-1] DEBUG org.apache.hc.client5.http.wire - http-outgoing-4 << "Accept-Ranges: bytes[\r][\n]"
19:27:56.104 [TestNG-tests-1] DEBUG org.apache.hc.client5.http.wire - http-outgoing-4 << "Age: 0[\r][\n]"
19:27:56.104 [TestNG-tests-1] DEBUG org.apache.hc.client5.http.wire - http-outgoing-4 << "Date: Tue, 05 Nov 2024 12:27:56 GMT[\r][\n]"
19:27:56.104 [TestNG-tests-1] DEBUG org.apache.hc.client5.http.wire - http-outgoing-4 << "Via: 1.1 varnish[\r][\n]"
19:27:56.104 [TestNG-tests-1] DEBUG org.apache.hc.client5.http.wire - http-outgoing-4 << "X-Served-By: cache-qpg1220-QPG[\r][\n]"
19:27:56.104 [TestNG-tests-1] DEBUG org.apache.hc.client5.http.wire - http-outgoing-4 << "X-Cache: MISS[\r][\n]"
19:27:56.104 [TestNG-tests-1] DEBUG org.apache.hc.client5.http.wire - http-outgoing-4 << "X-Cache-Hits: 0[\r][\n]"
19:27:56.104 [TestNG-tests-1] DEBUG org.apache.hc.client5.http.wire - http-outgoing-4 << "X-Timer: S1730809676.022807,VS0,VE228[\r][\n]"
19:27:56.104 [TestNG-tests-1] DEBUG org.apache.hc.client5.http.wire - http-outgoing-4 << "Vary: Accept-Encoding[\r][\n]"
19:27:56.104 [TestNG-tests-1] DEBUG org.apache.hc.client5.http.wire - http-outgoing-4 << "X-Fastly-Request-ID: c834e39f314961b117279af833a8879012345a03[\r][\n]"
19:27:56.104 [TestNG-tests-1] DEBUG org.apache.hc.client5.http.wire - http-outgoing-4 << "[\r][\n]"
19:27:56.105 [TestNG-tests-1] DEBUG org.apache.hc.client5.http.headers - http-outgoing-4 << HTTP/1.1 200 OK
19:27:56.105 [TestNG-tests-1] DEBUG org.apache.hc.client5.http.headers - http-outgoing-4 << Connection: keep-alive
19:27:56.105 [TestNG-tests-1] DEBUG org.apache.hc.client5.http.headers - http-outgoing-4 << Content-Length: 13
19:27:56.105 [TestNG-tests-1] DEBUG org.apache.hc.client5.http.headers - http-outgoing-4 << Server: GitHub.com
19:27:56.105 [TestNG-tests-1] DEBUG org.apache.hc.client5.http.headers - http-outgoing-4 << Content-Type: application/octet-stream
19:27:56.105 [TestNG-tests-1] DEBUG org.apache.hc.client5.http.headers - http-outgoing-4 << permissions-policy: interest-cohort=()
19:27:56.105 [TestNG-tests-1] DEBUG org.apache.hc.client5.http.headers - http-outgoing-4 << x-origin-cache: HIT
19:27:56.105 [TestNG-tests-1] DEBUG org.apache.hc.client5.http.headers - http-outgoing-4 << Last-Modified: Tue, 05 Nov 2024 12:12:57 GMT
19:27:56.105 [TestNG-tests-1] DEBUG org.apache.hc.client5.http.headers - http-outgoing-4 << Access-Control-Allow-Origin: *
19:27:56.105 [TestNG-tests-1] DEBUG org.apache.hc.client5.http.headers - http-outgoing-4 << Strict-Transport-Security: max-age=31556952
19:27:56.105 [TestNG-tests-1] DEBUG org.apache.hc.client5.http.headers - http-outgoing-4 << ETag: "672a0bc9-d"
19:27:56.105 [TestNG-tests-1] DEBUG org.apache.hc.client5.http.headers - http-outgoing-4 << expires: Tue, 05 Nov 2024 12:37:56 GMT
19:27:56.105 [TestNG-tests-1] DEBUG org.apache.hc.client5.http.headers - http-outgoing-4 << Cache-Control: max-age=600
19:27:56.105 [TestNG-tests-1] DEBUG org.apache.hc.client5.http.headers - http-outgoing-4 << x-proxy-cache: MISS
19:27:56.105 [TestNG-tests-1] DEBUG org.apache.hc.client5.http.headers - http-outgoing-4 << X-GitHub-Request-Id: FDDE:2A2786:5E6C2:627B2:672A0F4B
19:27:56.105 [TestNG-tests-1] DEBUG org.apache.hc.client5.http.headers - http-outgoing-4 << Accept-Ranges: bytes
19:27:56.105 [TestNG-tests-1] DEBUG org.apache.hc.client5.http.headers - http-outgoing-4 << Age: 0
19:27:56.105 [TestNG-tests-1] DEBUG org.apache.hc.client5.http.headers - http-outgoing-4 << Date: Tue, 05 Nov 2024 12:27:56 GMT
19:27:56.105 [TestNG-tests-1] DEBUG org.apache.hc.client5.http.headers - http-outgoing-4 << Via: 1.1 varnish
19:27:56.105 [TestNG-tests-1] DEBUG org.apache.hc.client5.http.headers - http-outgoing-4 << X-Served-By: cache-qpg1220-QPG
19:27:56.105 [TestNG-tests-1] DEBUG org.apache.hc.client5.http.headers - http-outgoing-4 << X-Cache: MISS
19:27:56.105 [TestNG-tests-1] DEBUG org.apache.hc.client5.http.headers - http-outgoing-4 << X-Cache-Hits: 0
19:27:56.105 [TestNG-tests-1] DEBUG org.apache.hc.client5.http.headers - http-outgoing-4 << X-Timer: S1730809676.022807,VS0,VE228
19:27:56.105 [TestNG-tests-1] DEBUG org.apache.hc.client5.http.headers - http-outgoing-4 << Vary: Accept-Encoding
19:27:56.105 [TestNG-tests-1] DEBUG org.apache.hc.client5.http.headers - http-outgoing-4 << X-Fastly-Request-ID: c834e39f314961b117279af833a8879012345a03
19:27:56.107 [TestNG-tests-1] DEBUG org.apache.hc.client5.http.impl.classic.MainClientExec - ex-0000000005 connection can be kept alive for 3 MINUTES
19:27:56.108 [TestNG-tests-1] DEBUG org.apache.hc.client5.http.wire - http-outgoing-4 << "130.0.6723.91"
19:27:56.108 [TestNG-tests-1] DEBUG org.apache.hc.client5.http.impl.classic.InternalHttpClient - ep-0000000005 releasing valid endpoint
19:27:56.108 [TestNG-tests-1] DEBUG org.apache.hc.client5.http.impl.io.PoolingHttpClientConnectionManager - ep-0000000005 releasing endpoint
19:27:56.108 [TestNG-tests-1] DEBUG org.apache.hc.client5.http.impl.io.PoolingHttpClientConnectionManager - ep-0000000005 connection http-outgoing-4 can be kept alive for 3 MINUTES
19:27:56.108 [TestNG-tests-1] DEBUG org.apache.hc.client5.http.impl.io.PoolingHttpClientConnectionManager - ep-0000000005 connection released [route: {s}->https://googlechromelabs.github.io:443][total available: 2; route allocated: 1 of 5; total allocated: 2 of 25]
19:27:56.108 [TestNG-tests-1] DEBUG io.github.bonigarcia.wdm.versions.VersionDetector - Latest version of chromedriver according to https://googlechromelabs.github.io/chrome-for-testing/LATEST_RELEASE_130 is 130.0.6723.91
19:27:56.108 [TestNG-tests-1] INFO io.github.bonigarcia.wdm.WebDriverManager - Using chromedriver 130.0.6723.91 (resolved driver for Chrome 130)
19:27:56.110 [TestNG-tests-1] DEBUG io.github.bonigarcia.wdm.cache.ResolutionCache - Storing resolution chrome=130 in cache (valid until 20:27:56 05/11/2024 ICT)
19:27:56.112 [TestNG-tests-1] DEBUG io.github.bonigarcia.wdm.cache.ResolutionCache - Storing resolution chrome130=130.0.6723.91 in cache (valid until 19:27:56 06/11/2024 ICT)
19:27:56.118 [TestNG-tests-1] DEBUG io.github.bonigarcia.wdm.WebDriverManager - Driver chromedriver 130.0.6723.91 found in cache
19:27:56.119 [TestNG-tests-1] INFO io.github.bonigarcia.wdm.WebDriverManager - Exporting webdriver.chrome.driver as /Users/anhlan/.cache/selenium/chromedriver/mac-arm64/130.0.6723.91/chromedriver
]]></system-out>
    <system-err><![CDATA[Nov 05, 2024 7:27:58 PM org.openqa.selenium.devtools.CdpVersionFinder findNearestMatch
WARNING: Unable to find an exact match for CDP version 130, returning the closest version; found: 129; Please update to a Selenium version that supports CDP version 130
]]></system-err>
  </testcase>
  <testcase name="submitOrder[{password=Iamking@000, product=ADIDAS ORIGINAL, email=shetty@gmail.com}](2)" classname="anhlan.tests.submitOrderTest" time="3.9">
    <system-out><![CDATA[19:28:09.437 [TestNG-tests-1] DEBUG io.github.bonigarcia.wdm.WebDriverManager - Using WebDriverManager 5.9.2
19:28:09.448 [TestNG-tests-1] DEBUG io.github.bonigarcia.wdm.cache.ResolutionCache - Resolution chrome=130 in cache (valid until 20:27:56 05/11/2024 ICT)
19:28:09.448 [TestNG-tests-1] DEBUG io.github.bonigarcia.wdm.cache.ResolutionCache - Resolution chrome130=130.0.6723.91 in cache (valid until 19:27:56 06/11/2024 ICT)
19:28:09.448 [TestNG-tests-1] INFO io.github.bonigarcia.wdm.WebDriverManager - Using chromedriver 130.0.6723.91 (resolved driver for Chrome 130)
19:28:09.452 [TestNG-tests-1] DEBUG io.github.bonigarcia.wdm.WebDriverManager - Driver chromedriver 130.0.6723.91 found in cache
19:28:09.453 [TestNG-tests-1] INFO io.github.bonigarcia.wdm.WebDriverManager - Exporting webdriver.chrome.driver as /Users/anhlan/.cache/selenium/chromedriver/mac-arm64/130.0.6723.91/chromedriver
]]></system-out>
    <system-err><![CDATA[Nov 05, 2024 7:28:10 PM org.openqa.selenium.devtools.CdpVersionFinder findNearestMatch
WARNING: Unable to find an exact match for CDP version 130, returning the closest version; found: 129; Please update to a Selenium version that supports CDP version 130
]]></system-err>
  </testcase>
  <testcase name="orderHistoryTest" classname="anhlan.tests.submitOrderTest" time="0.826">
    <system-out><![CDATA[19:28:18.347 [TestNG-tests-1] DEBUG io.github.bonigarcia.wdm.WebDriverManager - Using WebDriverManager 5.9.2
19:28:18.352 [TestNG-tests-1] DEBUG io.github.bonigarcia.wdm.cache.ResolutionCache - Resolution chrome=130 in cache (valid until 20:27:56 05/11/2024 ICT)
19:28:18.352 [TestNG-tests-1] DEBUG io.github.bonigarcia.wdm.cache.ResolutionCache - Resolution chrome130=130.0.6723.91 in cache (valid until 19:27:56 06/11/2024 ICT)
19:28:18.352 [TestNG-tests-1] INFO io.github.bonigarcia.wdm.WebDriverManager - Using chromedriver 130.0.6723.91 (resolved driver for Chrome 130)
19:28:18.354 [TestNG-tests-1] DEBUG io.github.bonigarcia.wdm.WebDriverManager - Driver chromedriver 130.0.6723.91 found in cache
19:28:18.355 [TestNG-tests-1] INFO io.github.bonigarcia.wdm.WebDriverManager - Exporting webdriver.chrome.driver as /Users/anhlan/.cache/selenium/chromedriver/mac-arm64/130.0.6723.91/chromedriver
]]></system-out>
    <system-err><![CDATA[Nov 05, 2024 7:28:19 PM org.openqa.selenium.devtools.CdpVersionFinder findNearestMatch
WARNING: Unable to find an exact match for CDP version 130, returning the closest version; found: 129; Please update to a Selenium version that supports CDP version 130
]]></system-err>
  </testcase>
</testsuite>