<?xml version="1.0" encoding="UTF-8"?>
<!-- Generated by org.testng.reporters.JUnitReportReporter -->
<testsuite hostname="Lan-Anhs-MacBook-Air.local" failures="0" tests="2" name="anhlan.cucumber.testNGTestRunner" time="10.879" errors="0" timestamp="2024-11-09T18:50:34 ICT" skipped="0">
  <testcase classname="anhlan.cucumber.testNGTestRunner" name="runScenario" time="6.374"/>
  <testcase classname="anhlan.cucumber.testNGTestRunner" name="runScenario" time="4.505"/>
</testsuite> <!-- anhlan.cucumber.testNGTestRunner -->
