<?xml version="1.0" encoding="UTF-8"?>
<!-- Generated by org.testng.reporters.JUnitReportReporter -->
<testsuite hostname="192.168.1.34.non-exists.ptr.local" failures="0" tests="3" name="anhlan.tests.submitOrderTest" time="5290.742" errors="0" timestamp="2024-11-05T19:28:35 ICT" skipped="0">
  <testcase classname="anhlan.tests.submitOrderTest" name="submitOrder" time="8.914"/>
  <testcase classname="anhlan.tests.submitOrderTest" name="submitOrder" time="20.297"/>
  <testcase classname="anhlan.tests.submitOrderTest" name="orderHistoryTest" time="5261.531"/>
</testsuite> <!-- anhlan.tests.submitOrderTest -->
